2024-06-03 00:56:36,171 - test_dir : ./Face_Dataset/Test
2024-06-03 00:56:36,171 - pretrained : work_dir/FaceNet_finetuning_Random_Batch_L2SP_5_32/FaceNet_finetuning_Random_Batch_L2SP_5_32_deepfake.pth
2024-06-03 00:56:36,171 - model_name : FaceNet_finetuning_Random_Batch_L2SP
2024-06-03 00:57:26,637 - 0 result:
2024-06-03 00:57:26,637 - Name: 56, Distance: 0.7798995971679688
2024-06-03 00:57:26,637 - Name: 58, Distance: 0.8659628629684448
2024-06-03 00:57:26,637 - Name: 3, Distance: 0.9045669436454773
2024-06-03 00:57:26,637 - Name: 23, Distance: 0.9453522562980652
2024-06-03 00:57:26,637 - Name: 11, Distance: 1.0301055908203125
2024-06-03 00:57:26,693 - 1 result:
2024-06-03 00:57:26,693 - Name: 55, Distance: 0.6259183287620544
2024-06-03 00:57:26,693 - Name: 2, Distance: 0.6561914682388306
2024-06-03 00:57:26,693 - Name: 53, Distance: 0.6565718054771423
2024-06-03 00:57:26,693 - Name: 2, Distance: 0.7250261306762695
2024-06-03 00:57:26,693 - Name: 53, Distance: 0.7437313199043274
2024-06-03 00:57:26,927 - 10 result:
2024-06-03 00:57:26,927 - Name: 43, Distance: 0.7393454313278198
2024-06-03 00:57:26,927 - Name: 43, Distance: 0.8113415837287903
2024-06-03 00:57:26,927 - Name: 57, Distance: 0.8149757385253906
2024-06-03 00:57:26,927 - Name: 10, Distance: 0.8328246474266052
2024-06-03 00:57:26,927 - Name: 5, Distance: 0.851993978023529
2024-06-03 00:57:27,510 - 11 result:
2024-06-03 00:57:27,510 - Name: 41, Distance: 0.6685869097709656
2024-06-03 00:57:27,510 - Name: 52, Distance: 0.697490930557251
2024-06-03 00:57:27,510 - Name: 53, Distance: 0.7311803698539734
2024-06-03 00:57:27,510 - Name: 4, Distance: 0.7362910509109497
2024-06-03 00:57:27,511 - Name: 30, Distance: 0.7812368273735046
2024-06-03 00:57:27,595 - 12 result:
2024-06-03 00:57:27,596 - Name: 29, Distance: 0.7006287574768066
2024-06-03 00:57:27,596 - Name: 15, Distance: 0.8232738375663757
2024-06-03 00:57:27,596 - Name: 15, Distance: 0.8468908667564392
2024-06-03 00:57:27,596 - Name: 43, Distance: 0.9405196309089661
2024-06-03 00:57:27,596 - Name: 5, Distance: 0.9469759464263916
2024-06-03 00:57:27,651 - 13 result:
2024-06-03 00:57:27,651 - Name: 13, Distance: 0.0
2024-06-03 00:57:27,651 - Name: 13, Distance: 0.5573704838752747
2024-06-03 00:57:27,651 - Name: 13, Distance: 0.7486324310302734
2024-06-03 00:57:27,651 - Name: 19, Distance: 0.7693929672241211
2024-06-03 00:57:27,651 - Name: 17, Distance: 0.8997460007667542
2024-06-03 00:57:27,886 - 14 result:
2024-06-03 00:57:27,886 - Name: 48, Distance: 0.8252542614936829
2024-06-03 00:57:27,886 - Name: 32, Distance: 0.8431344628334045
2024-06-03 00:57:27,886 - Name: 43, Distance: 0.8709623217582703
2024-06-03 00:57:27,886 - Name: 57, Distance: 0.8808214068412781
2024-06-03 00:57:27,886 - Name: 43, Distance: 0.8848434686660767
2024-06-03 00:57:28,487 - 15 result:
2024-06-03 00:57:28,487 - Name: 28, Distance: 0.3807143568992615
2024-06-03 00:57:28,487 - Name: 24, Distance: 0.45826566219329834
2024-06-03 00:57:28,487 - Name: 28, Distance: 0.5059512257575989
2024-06-03 00:57:28,488 - Name: 26, Distance: 0.5186832547187805
2024-06-03 00:57:28,488 - Name: 24, Distance: 0.5476115942001343
2024-06-03 00:57:28,542 - 16 result:
2024-06-03 00:57:28,542 - Name: 16, Distance: 0.6420884728431702
2024-06-03 00:57:28,542 - Name: 26, Distance: 0.7878183126449585
2024-06-03 00:57:28,542 - Name: 25, Distance: 0.7905373573303223
2024-06-03 00:57:28,542 - Name: 8, Distance: 0.8267983794212341
2024-06-03 00:57:28,542 - Name: 26, Distance: 0.8397318720817566
2024-06-03 00:57:28,594 - 17 result:
2024-06-03 00:57:28,594 - Name: 17, Distance: 0.6406586766242981
2024-06-03 00:57:28,594 - Name: 13, Distance: 0.6412702798843384
2024-06-03 00:57:28,594 - Name: 10, Distance: 0.6573852896690369
2024-06-03 00:57:28,594 - Name: 39, Distance: 0.7747300267219543
2024-06-03 00:57:28,594 - Name: 13, Distance: 0.8023626804351807
2024-06-03 00:57:28,838 - 18 result:
2024-06-03 00:57:28,838 - Name: 21, Distance: 0.767967939376831
2024-06-03 00:57:28,838 - Name: 25, Distance: 0.9104583859443665
2024-06-03 00:57:28,838 - Name: 21, Distance: 0.918622612953186
2024-06-03 00:57:28,838 - Name: 28, Distance: 0.921428382396698
2024-06-03 00:57:28,838 - Name: 14, Distance: 0.9277622699737549
2024-06-03 00:57:29,441 - 19 result:
2024-06-03 00:57:29,441 - Name: 16, Distance: 0.6386641263961792
2024-06-03 00:57:29,441 - Name: 2, Distance: 0.7446628212928772
2024-06-03 00:57:29,441 - Name: 25, Distance: 0.774681031703949
2024-06-03 00:57:29,441 - Name: 53, Distance: 0.7977683544158936
2024-06-03 00:57:29,441 - Name: 19, Distance: 0.8122774958610535
2024-06-03 00:57:29,493 - 2 result:
2024-06-03 00:57:29,493 - Name: 15, Distance: 0.7012680768966675
2024-06-03 00:57:29,493 - Name: 15, Distance: 0.7060452103614807
2024-06-03 00:57:29,493 - Name: 37, Distance: 0.7837515473365784
2024-06-03 00:57:29,493 - Name: 58, Distance: 0.8079630136489868
2024-06-03 00:57:29,493 - Name: 38, Distance: 0.8549330234527588
2024-06-03 00:57:29,544 - 20 result:
2024-06-03 00:57:29,544 - Name: 2, Distance: 0.7444189190864563
2024-06-03 00:57:29,544 - Name: 54, Distance: 0.8078761100769043
2024-06-03 00:57:29,544 - Name: 40, Distance: 0.8260436058044434
2024-06-03 00:57:29,544 - Name: 59, Distance: 0.8394023776054382
2024-06-03 00:57:29,544 - Name: 2, Distance: 0.8478838205337524
2024-06-03 00:57:29,773 - 21 result:
2024-06-03 00:57:29,773 - Name: 10, Distance: 0.6608365178108215
2024-06-03 00:57:29,773 - Name: 7, Distance: 0.8618119955062866
2024-06-03 00:57:29,773 - Name: 11, Distance: 0.9233165979385376
2024-06-03 00:57:29,773 - Name: 58, Distance: 0.9674509167671204
2024-06-03 00:57:29,773 - Name: 23, Distance: 0.9777300357818604
2024-06-03 00:57:30,379 - 22 result:
2024-06-03 00:57:30,379 - Name: 5, Distance: 0.5314761400222778
2024-06-03 00:57:30,379 - Name: 32, Distance: 0.6368348598480225
2024-06-03 00:57:30,379 - Name: 15, Distance: 0.7010356783866882
2024-06-03 00:57:30,379 - Name: 58, Distance: 0.7048941850662231
2024-06-03 00:57:30,379 - Name: 32, Distance: 0.7497935891151428
2024-06-03 00:57:30,434 - 23 result:
2024-06-03 00:57:30,434 - Name: 25, Distance: 0.7558716535568237
2024-06-03 00:57:30,435 - Name: 27, Distance: 0.8754928112030029
2024-06-03 00:57:30,435 - Name: 28, Distance: 0.8926897644996643
2024-06-03 00:57:30,435 - Name: 34, Distance: 0.9129297137260437
2024-06-03 00:57:30,435 - Name: 25, Distance: 0.9172634482383728
2024-06-03 00:57:30,672 - 24 result:
2024-06-03 00:57:30,672 - Name: 24, Distance: 0.3852962851524353
2024-06-03 00:57:30,672 - Name: 26, Distance: 0.431071400642395
2024-06-03 00:57:30,672 - Name: 24, Distance: 0.49160507321357727
2024-06-03 00:57:30,672 - Name: 28, Distance: 0.5287074446678162
2024-06-03 00:57:30,673 - Name: 20, Distance: 0.6645002365112305
2024-06-03 00:57:31,280 - 25 result:
2024-06-03 00:57:31,281 - Name: 44, Distance: 0.6963052153587341
2024-06-03 00:57:31,281 - Name: 25, Distance: 0.7654877305030823
2024-06-03 00:57:31,281 - Name: 28, Distance: 0.8001317381858826
2024-06-03 00:57:31,281 - Name: 25, Distance: 0.8558732271194458
2024-06-03 00:57:31,281 - Name: 20, Distance: 0.8655191659927368
2024-06-03 00:57:31,332 - 26 result:
2024-06-03 00:57:31,333 - Name: 28, Distance: 0.30530640482902527
2024-06-03 00:57:31,333 - Name: 26, Distance: 0.3620298206806183
2024-06-03 00:57:31,333 - Name: 28, Distance: 0.4295896887779236
2024-06-03 00:57:31,333 - Name: 24, Distance: 0.430022656917572
2024-06-03 00:57:31,333 - Name: 24, Distance: 0.5156931281089783
2024-06-03 00:57:31,568 - 27 result:
2024-06-03 00:57:31,568 - Name: 28, Distance: 0.5851783156394958
2024-06-03 00:57:31,568 - Name: 28, Distance: 0.5997580289840698
2024-06-03 00:57:31,568 - Name: 20, Distance: 0.6010771989822388
2024-06-03 00:57:31,569 - Name: 20, Distance: 0.6193647980690002
2024-06-03 00:57:31,569 - Name: 27, Distance: 0.6634330749511719
2024-06-03 00:57:32,159 - 28 result:
2024-06-03 00:57:32,159 - Name: 27, Distance: 0.5401718020439148
2024-06-03 00:57:32,159 - Name: 28, Distance: 0.5447683930397034
2024-06-03 00:57:32,160 - Name: 20, Distance: 0.6024384498596191
2024-06-03 00:57:32,160 - Name: 26, Distance: 0.6145806312561035
2024-06-03 00:57:32,160 - Name: 27, Distance: 0.6423214673995972
2024-06-03 00:57:32,231 - 29 result:
2024-06-03 00:57:32,231 - Name: 21, Distance: 0.7403707504272461
2024-06-03 00:57:32,231 - Name: 50, Distance: 0.768494725227356
2024-06-03 00:57:32,231 - Name: 24, Distance: 0.7967900037765503
2024-06-03 00:57:32,231 - Name: 16, Distance: 0.7975835204124451
2024-06-03 00:57:32,231 - Name: 16, Distance: 0.8172091841697693
2024-06-03 00:57:32,283 - 3 result:
2024-06-03 00:57:32,283 - Name: 4, Distance: 0.6068549752235413
2024-06-03 00:57:32,283 - Name: 3, Distance: 0.724312424659729
2024-06-03 00:57:32,283 - Name: 2, Distance: 0.7961627244949341
2024-06-03 00:57:32,284 - Name: 20, Distance: 0.8018596768379211
2024-06-03 00:57:32,284 - Name: 40, Distance: 0.8090771436691284
2024-06-03 00:57:32,526 - 30 result:
2024-06-03 00:57:32,526 - Name: 28, Distance: 0.42117390036582947
2024-06-03 00:57:32,526 - Name: 26, Distance: 0.5168449282646179
2024-06-03 00:57:32,526 - Name: 24, Distance: 0.6042677164077759
2024-06-03 00:57:32,526 - Name: 24, Distance: 0.6254286766052246
2024-06-03 00:57:32,526 - Name: 28, Distance: 0.6465333700180054
2024-06-03 00:57:33,127 - 31 result:
2024-06-03 00:57:33,127 - Name: 23, Distance: 0.7791855335235596
2024-06-03 00:57:33,127 - Name: 33, Distance: 0.8596965670585632
2024-06-03 00:57:33,127 - Name: 5, Distance: 0.9276591539382935
2024-06-03 00:57:33,127 - Name: 5, Distance: 1.0010091066360474
2024-06-03 00:57:33,127 - Name: 31, Distance: 1.0103096961975098
2024-06-03 00:57:33,179 - 32 result:
2024-06-03 00:57:33,180 - Name: 58, Distance: 0.7352312803268433
2024-06-03 00:57:33,180 - Name: 32, Distance: 0.7696163058280945
2024-06-03 00:57:33,180 - Name: 34, Distance: 0.7871031165122986
2024-06-03 00:57:33,180 - Name: 32, Distance: 0.8130070567131042
2024-06-03 00:57:33,180 - Name: 24, Distance: 0.8415077924728394
2024-06-03 00:57:33,234 - 33 result:
2024-06-03 00:57:33,235 - Name: 17, Distance: 0.8882362842559814
2024-06-03 00:57:33,235 - Name: 34, Distance: 0.9280956387519836
2024-06-03 00:57:33,235 - Name: 10, Distance: 0.9549925327301025
2024-06-03 00:57:33,235 - Name: 10, Distance: 0.9561963081359863
2024-06-03 00:57:33,235 - Name: 34, Distance: 0.9685794711112976
2024-06-03 00:57:33,470 - 34 result:
2024-06-03 00:57:33,470 - Name: 24, Distance: 0.4356492757797241
2024-06-03 00:57:33,470 - Name: 15, Distance: 0.46651583909988403
2024-06-03 00:57:33,470 - Name: 15, Distance: 0.5064857602119446
2024-06-03 00:57:33,470 - Name: 51, Distance: 0.6518178582191467
2024-06-03 00:57:33,471 - Name: 29, Distance: 0.7553710341453552
2024-06-03 00:57:34,087 - 35 result:
2024-06-03 00:57:34,088 - Name: 16, Distance: 0.7489179372787476
2024-06-03 00:57:34,088 - Name: 42, Distance: 0.7912730574607849
2024-06-03 00:57:34,088 - Name: 53, Distance: 0.8024600148200989
2024-06-03 00:57:34,088 - Name: 56, Distance: 0.8083330392837524
2024-06-03 00:57:34,088 - Name: 53, Distance: 0.8198296427726746
2024-06-03 00:57:34,153 - 36 result:
2024-06-03 00:57:34,153 - Name: 2, Distance: 0.7221984267234802
2024-06-03 00:57:34,153 - Name: 4, Distance: 0.7875815629959106
2024-06-03 00:57:34,154 - Name: 3, Distance: 0.7996805310249329
2024-06-03 00:57:34,154 - Name: 2, Distance: 0.803615152835846
2024-06-03 00:57:34,154 - Name: 56, Distance: 0.8085300326347351
2024-06-03 00:57:34,399 - 37 result:
2024-06-03 00:57:34,399 - Name: 28, Distance: 0.44248253107070923
2024-06-03 00:57:34,399 - Name: 28, Distance: 0.5160326361656189
2024-06-03 00:57:34,399 - Name: 26, Distance: 0.5338362455368042
2024-06-03 00:57:34,399 - Name: 24, Distance: 0.5850738286972046
2024-06-03 00:57:34,399 - Name: 15, Distance: 0.6545742750167847
2024-06-03 00:57:35,007 - 38 result:
2024-06-03 00:57:35,008 - Name: 9, Distance: 0.7147846221923828
2024-06-03 00:57:35,008 - Name: 55, Distance: 0.7541072964668274
2024-06-03 00:57:35,008 - Name: 59, Distance: 0.8565778136253357
2024-06-03 00:57:35,008 - Name: 50, Distance: 0.8714847564697266
2024-06-03 00:57:35,008 - Name: 21, Distance: 0.9322240352630615
2024-06-03 00:57:35,111 - 39 result:
2024-06-03 00:57:35,111 - Name: 36, Distance: 0.7561547160148621
2024-06-03 00:57:35,112 - Name: 36, Distance: 0.7856062650680542
2024-06-03 00:57:35,112 - Name: 36, Distance: 0.8242911696434021
2024-06-03 00:57:35,112 - Name: 42, Distance: 0.8317341804504395
2024-06-03 00:57:35,112 - Name: 53, Distance: 0.8515298366546631
2024-06-03 00:57:35,177 - 4 result:
2024-06-03 00:57:35,177 - Name: 52, Distance: 0.9023598432540894
2024-06-03 00:57:35,177 - Name: 46, Distance: 0.9468315243721008
2024-06-03 00:57:35,178 - Name: 3, Distance: 0.9583896994590759
2024-06-03 00:57:35,178 - Name: 52, Distance: 0.9748871326446533
2024-06-03 00:57:35,178 - Name: 3, Distance: 0.9839773774147034
2024-06-03 00:57:35,430 - 40 result:
2024-06-03 00:57:35,431 - Name: 15, Distance: 0.5675143599510193
2024-06-03 00:57:35,431 - Name: 15, Distance: 0.5690040588378906
2024-06-03 00:57:35,431 - Name: 24, Distance: 0.6701081395149231
2024-06-03 00:57:35,431 - Name: 37, Distance: 0.692169189453125
2024-06-03 00:57:35,431 - Name: 43, Distance: 0.7213361859321594
2024-06-03 00:57:36,052 - 41 result:
2024-06-03 00:57:36,052 - Name: 20, Distance: 0.6090980172157288
2024-06-03 00:57:36,052 - Name: 24, Distance: 0.6157830953598022
2024-06-03 00:57:36,052 - Name: 24, Distance: 0.6196997761726379
2024-06-03 00:57:36,052 - Name: 0, Distance: 0.6605045199394226
2024-06-03 00:57:36,052 - Name: 28, Distance: 0.7243833541870117
2024-06-03 00:57:36,122 - 42 result:
2024-06-03 00:57:36,122 - Name: 28, Distance: 0.7120283246040344
2024-06-03 00:57:36,122 - Name: 0, Distance: 0.7214271426200867
2024-06-03 00:57:36,122 - Name: 20, Distance: 0.7492005825042725
2024-06-03 00:57:36,122 - Name: 24, Distance: 0.7603081464767456
2024-06-03 00:57:36,123 - Name: 28, Distance: 0.7800420522689819
2024-06-03 00:57:36,376 - 44 result:
2024-06-03 00:57:36,377 - Name: 53, Distance: 0.7013610601425171
2024-06-03 00:57:36,377 - Name: 53, Distance: 0.7126802206039429
2024-06-03 00:57:36,377 - Name: 2, Distance: 0.7189270853996277
2024-06-03 00:57:36,377 - Name: 42, Distance: 0.7199640274047852
2024-06-03 00:57:36,377 - Name: 45, Distance: 0.7240357995033264
2024-06-03 00:57:36,998 - 45 result:
2024-06-03 00:57:36,999 - Name: 42, Distance: 0.7458298802375793
2024-06-03 00:57:36,999 - Name: 28, Distance: 0.7625346183776855
2024-06-03 00:57:36,999 - Name: 26, Distance: 0.773872971534729
2024-06-03 00:57:36,999 - Name: 25, Distance: 0.7971301674842834
2024-06-03 00:57:36,999 - Name: 42, Distance: 0.8642748594284058
2024-06-03 00:57:37,068 - 46 result:
2024-06-03 00:57:37,068 - Name: 41, Distance: 0.5811977982521057
2024-06-03 00:57:37,068 - Name: 4, Distance: 0.7100703120231628
2024-06-03 00:57:37,068 - Name: 43, Distance: 0.7541560530662537
2024-06-03 00:57:37,068 - Name: 58, Distance: 0.7724071741104126
2024-06-03 00:57:37,068 - Name: 46, Distance: 0.7751264572143555
2024-06-03 00:57:37,317 - 47 result:
2024-06-03 00:57:37,317 - Name: 36, Distance: 0.44540438055992126
2024-06-03 00:57:37,317 - Name: 53, Distance: 0.4510321021080017
2024-06-03 00:57:37,317 - Name: 47, Distance: 0.4852565824985504
2024-06-03 00:57:37,317 - Name: 45, Distance: 0.487509161233902
2024-06-03 00:57:37,317 - Name: 40, Distance: 0.4931912422180176
2024-06-03 00:57:37,950 - 48 result:
2024-06-03 00:57:37,950 - Name: 42, Distance: 0.8746677041053772
2024-06-03 00:57:37,950 - Name: 3, Distance: 0.922413170337677
2024-06-03 00:57:37,950 - Name: 36, Distance: 0.9246189594268799
2024-06-03 00:57:37,950 - Name: 42, Distance: 0.9323859214782715
2024-06-03 00:57:37,950 - Name: 53, Distance: 0.9608519077301025
2024-06-03 00:57:38,017 - 5 result:
2024-06-03 00:57:38,017 - Name: 21, Distance: 0.6661027669906616
2024-06-03 00:57:38,017 - Name: 21, Distance: 0.7273030281066895
2024-06-03 00:57:38,017 - Name: 50, Distance: 0.7980301380157471
2024-06-03 00:57:38,017 - Name: 28, Distance: 0.8234951496124268
2024-06-03 00:57:38,018 - Name: 21, Distance: 0.8503262996673584
2024-06-03 00:57:38,263 - 50 result:
2024-06-03 00:57:38,263 - Name: 9, Distance: 0.7317739725112915
2024-06-03 00:57:38,263 - Name: 11, Distance: 0.7826433181762695
2024-06-03 00:57:38,263 - Name: 50, Distance: 0.832257091999054
2024-06-03 00:57:38,263 - Name: 23, Distance: 0.90345299243927
2024-06-03 00:57:38,263 - Name: 23, Distance: 0.9321402311325073
2024-06-03 00:57:38,889 - 51 result:
2024-06-03 00:57:38,890 - Name: 15, Distance: 0.8064404726028442
2024-06-03 00:57:38,890 - Name: 15, Distance: 0.8352532386779785
2024-06-03 00:57:38,890 - Name: 10, Distance: 0.8856135010719299
2024-06-03 00:57:38,890 - Name: 58, Distance: 0.890253484249115
2024-06-03 00:57:38,890 - Name: 29, Distance: 0.9030856490135193
2024-06-03 00:57:38,955 - 52 result:
2024-06-03 00:57:38,955 - Name: 24, Distance: 0.519519031047821
2024-06-03 00:57:38,955 - Name: 28, Distance: 0.5377069711685181
2024-06-03 00:57:38,955 - Name: 24, Distance: 0.5736563205718994
2024-06-03 00:57:38,956 - Name: 26, Distance: 0.6068201661109924
2024-06-03 00:57:38,956 - Name: 28, Distance: 0.6106642484664917
2024-06-03 00:57:39,199 - 53 result:
2024-06-03 00:57:39,199 - Name: 39, Distance: 0.6476200819015503
2024-06-03 00:57:39,199 - Name: 39, Distance: 0.651802659034729
2024-06-03 00:57:39,199 - Name: 10, Distance: 0.672932505607605
2024-06-03 00:57:39,199 - Name: 55, Distance: 0.7114313244819641
2024-06-03 00:57:39,199 - Name: 41, Distance: 0.7204633355140686
2024-06-03 00:57:39,802 - 54 result:
2024-06-03 00:57:39,802 - Name: 2, Distance: 0.8367186784744263
2024-06-03 00:57:39,802 - Name: 28, Distance: 0.8543009161949158
2024-06-03 00:57:39,802 - Name: 59, Distance: 0.8733581304550171
2024-06-03 00:57:39,802 - Name: 2, Distance: 0.8850407600402832
2024-06-03 00:57:39,802 - Name: 26, Distance: 0.8921244740486145
2024-06-03 00:57:39,884 - 55 result:
2024-06-03 00:57:39,884 - Name: 42, Distance: 0.8592387437820435
2024-06-03 00:57:39,884 - Name: 35, Distance: 0.8982150554656982
2024-06-03 00:57:39,884 - Name: 45, Distance: 0.9374924898147583
2024-06-03 00:57:39,884 - Name: 55, Distance: 0.9856624603271484
2024-06-03 00:57:39,884 - Name: 56, Distance: 1.0111380815505981
2024-06-03 00:57:39,952 - 56 result:
2024-06-03 00:57:39,953 - Name: 58, Distance: 0.723591685295105
2024-06-03 00:57:39,953 - Name: 24, Distance: 0.7746773362159729
2024-06-03 00:57:39,953 - Name: 15, Distance: 0.7751428484916687
2024-06-03 00:57:39,953 - Name: 15, Distance: 0.7845028638839722
2024-06-03 00:57:39,953 - Name: 4, Distance: 0.9433799982070923
2024-06-03 00:57:40,193 - 57 result:
2024-06-03 00:57:40,193 - Name: 0, Distance: 0.7706402540206909
2024-06-03 00:57:40,193 - Name: 20, Distance: 0.7975628972053528
2024-06-03 00:57:40,193 - Name: 3, Distance: 0.8162050843238831
2024-06-03 00:57:40,193 - Name: 3, Distance: 0.8513999581336975
2024-06-03 00:57:40,194 - Name: 37, Distance: 0.9049378633499146
2024-06-03 00:57:40,809 - 58 result:
2024-06-03 00:57:40,809 - Name: 2, Distance: 0.381146103143692
2024-06-03 00:57:40,809 - Name: 2, Distance: 0.42222675681114197
2024-06-03 00:57:40,810 - Name: 4, Distance: 0.5485524535179138
2024-06-03 00:57:40,810 - Name: 56, Distance: 0.616684079170227
2024-06-03 00:57:40,810 - Name: 2, Distance: 0.6186510324478149
2024-06-03 00:57:40,875 - 59 result:
2024-06-03 00:57:40,876 - Name: 38, Distance: 0.8188362717628479
2024-06-03 00:57:40,876 - Name: 57, Distance: 0.8455610871315002
2024-06-03 00:57:40,876 - Name: 57, Distance: 0.8475870490074158
2024-06-03 00:57:40,876 - Name: 37, Distance: 0.8573386669158936
2024-06-03 00:57:40,876 - Name: 37, Distance: 0.8743377923965454
2024-06-03 00:57:41,123 - 6 result:
2024-06-03 00:57:41,123 - Name: 28, Distance: 0.6863455772399902
2024-06-03 00:57:41,123 - Name: 24, Distance: 0.7220124006271362
2024-06-03 00:57:41,123 - Name: 16, Distance: 0.7376340627670288
2024-06-03 00:57:41,123 - Name: 28, Distance: 0.755033552646637
2024-06-03 00:57:41,123 - Name: 27, Distance: 0.7555910348892212
2024-06-03 00:57:41,739 - 7 result:
2024-06-03 00:57:41,739 - Name: 25, Distance: 0.7260411977767944
2024-06-03 00:57:41,739 - Name: 28, Distance: 0.7275385856628418
2024-06-03 00:57:41,739 - Name: 25, Distance: 0.7653523683547974
2024-06-03 00:57:41,739 - Name: 16, Distance: 0.7949568033218384
2024-06-03 00:57:41,739 - Name: 25, Distance: 0.8003696203231812
2024-06-03 00:57:41,828 - 8 result:
2024-06-03 00:57:41,828 - Name: 27, Distance: 0.35562804341316223
2024-06-03 00:57:41,828 - Name: 20, Distance: 0.4804012179374695
2024-06-03 00:57:41,828 - Name: 24, Distance: 0.5761932730674744
2024-06-03 00:57:41,828 - Name: 28, Distance: 0.5764489769935608
2024-06-03 00:57:41,828 - Name: 20, Distance: 0.600768506526947
2024-06-03 00:57:41,893 - 9 result:
2024-06-03 00:57:41,893 - Name: 12, Distance: 0.7824543714523315
2024-06-03 00:57:41,893 - Name: 54, Distance: 0.8667344450950623
2024-06-03 00:57:41,893 - Name: 26, Distance: 0.8694654107093811
2024-06-03 00:57:41,893 - Name: 8, Distance: 0.8760458827018738
2024-06-03 00:57:41,893 - Name: 46, Distance: 0.9012093544006348
2024-06-03 00:57:41,985 - Total samples: 58
2024-06-03 00:57:41,986 - Correct predictions: 17
2024-06-03 00:57:41,986 - Incorrect predictions: 41
2024-06-03 00:57:41,986 - Accuracy: 29.31%
2024-06-03 00:57:41,986 - Correctly predicted classes:
2024-06-03 00:57:41,986 - 16: 1
2024-06-03 00:57:41,986 - 3: 1
2024-06-03 00:57:41,986 - 32: 1
2024-06-03 00:57:41,987 - 47: 1
2024-06-03 00:57:41,987 - 50: 1
2024-06-03 00:57:41,987 - 55: 1
2024-06-03 00:57:41,987 - 25: 1
2024-06-03 00:57:41,987 - 46: 1
2024-06-03 00:57:41,987 - 31: 1
2024-06-03 00:57:41,987 - 10: 1
2024-06-03 00:57:41,987 - 27: 1
2024-06-03 00:57:41,988 - 28: 1
2024-06-03 00:57:41,988 - 13: 1
2024-06-03 00:57:41,988 - 19: 1
2024-06-03 00:57:41,988 - 24: 1
2024-06-03 00:57:41,988 - 26: 1
2024-06-03 00:57:41,988 - 17: 1
2024-06-03 00:57:41,988 - Incorrectly predicted classes:
2024-06-03 00:57:41,988 - 14: 1
2024-06-03 00:57:41,989 - 18: 1
2024-06-03 00:57:41,989 - 2: 1
2024-06-03 00:57:41,989 - 59: 1
2024-06-03 00:57:41,989 - 23: 1
2024-06-03 00:57:41,989 - 33: 1
2024-06-03 00:57:41,989 - 42: 1
2024-06-03 00:57:41,989 - 51: 1
2024-06-03 00:57:41,989 - 35: 1
2024-06-03 00:57:41,990 - 39: 1
2024-06-03 00:57:41,990 - 44: 1
2024-06-03 00:57:41,990 - 20: 1
2024-06-03 00:57:41,990 - 48: 1
2024-06-03 00:57:41,990 - 56: 1
2024-06-03 00:57:41,990 - 38: 1
2024-06-03 00:57:41,990 - 40: 1
2024-06-03 00:57:41,990 - 54: 1
2024-06-03 00:57:41,991 - 8: 1
2024-06-03 00:57:41,991 - 1: 1
2024-06-03 00:57:41,991 - 57: 1
2024-06-03 00:57:41,991 - 30: 1
2024-06-03 00:57:41,991 - 22: 1
2024-06-03 00:57:41,991 - 21: 1
2024-06-03 00:57:41,991 - 37: 1
2024-06-03 00:57:41,991 - 5: 1
2024-06-03 00:57:41,991 - 52: 1
2024-06-03 00:57:41,992 - 29: 1
2024-06-03 00:57:41,992 - 58: 1
2024-06-03 00:57:41,992 - 15: 1
2024-06-03 00:57:41,992 - 9: 1
2024-06-03 00:57:41,992 - 7: 1
2024-06-03 00:57:41,992 - 41: 1
2024-06-03 00:57:41,992 - 12: 1
2024-06-03 00:57:41,992 - 36: 1
2024-06-03 00:57:41,993 - 34: 1
2024-06-03 00:57:41,993 - 0: 1
2024-06-03 00:57:41,993 - 11: 1
2024-06-03 00:57:41,993 - 45: 1
2024-06-03 00:57:41,993 - 53: 1
2024-06-03 00:57:41,993 - 4: 1
2024-06-03 00:57:41,993 - 6: 1
