2024-06-03 07:45:54,933 - test_dir : ./Face_Dataset/Test
2024-06-03 07:45:54,933 - pretrained : work_dir/FaceNet_finetuning_Random_Batch_L2SP_CE_Frozen_deepfake_total_60_32/FaceNet_finetuning_Random_Batch_L2SP_CE_Frozen_deepfake_total_60_32_deepfake.pth
2024-06-03 07:45:54,933 - model_name : FaceNet_finetuning_Random_Batch_L2SP_CE_Frozen_deepfake_total
2024-06-03 07:47:03,714 - 0 result:
2024-06-03 07:47:03,715 - Name: 37, Distance: 0.9636407494544983
2024-06-03 07:47:03,715 - Name: 23, Distance: 1.0406266450881958
2024-06-03 07:47:03,715 - Name: 19, Distance: 1.0968974828720093
2024-06-03 07:47:03,715 - Name: 15, Distance: 1.1086053848266602
2024-06-03 07:47:03,715 - Name: 27, Distance: 1.1274951696395874
2024-06-03 07:47:03,767 - 1 result:
2024-06-03 07:47:03,767 - Name: 25, Distance: 0.9088005423545837
2024-06-03 07:47:03,767 - Name: 1, Distance: 0.913017749786377
2024-06-03 07:47:03,767 - Name: 1, Distance: 0.9407488107681274
2024-06-03 07:47:03,767 - Name: 25, Distance: 1.0081651210784912
2024-06-03 07:47:03,767 - Name: 25, Distance: 1.0320868492126465
2024-06-03 07:47:03,828 - 10 result:
2024-06-03 07:47:03,829 - Name: 3, Distance: 0.8604646325111389
2024-06-03 07:47:03,829 - Name: 10, Distance: 0.8808997273445129
2024-06-03 07:47:03,829 - Name: 5, Distance: 0.9124157428741455
2024-06-03 07:47:03,830 - Name: 20, Distance: 0.9627185463905334
2024-06-03 07:47:03,830 - Name: 18, Distance: 0.9887568354606628
2024-06-03 07:47:04,078 - 11 result:
2024-06-03 07:47:04,078 - Name: 10, Distance: 0.9189054369926453
2024-06-03 07:47:04,078 - Name: 33, Distance: 0.9433488249778748
2024-06-03 07:47:04,078 - Name: 11, Distance: 1.0195060968399048
2024-06-03 07:47:04,078 - Name: 11, Distance: 1.0222198963165283
2024-06-03 07:47:04,078 - Name: 11, Distance: 1.024668574333191
2024-06-03 07:47:04,694 - 12 result:
2024-06-03 07:47:04,694 - Name: 12, Distance: 0.9450554847717285
2024-06-03 07:47:04,694 - Name: 12, Distance: 0.9864229559898376
2024-06-03 07:47:04,694 - Name: 18, Distance: 1.1411854028701782
2024-06-03 07:47:04,694 - Name: 18, Distance: 1.1715561151504517
2024-06-03 07:47:04,695 - Name: 16, Distance: 1.1742981672286987
2024-06-03 07:47:04,753 - 13 result:
2024-06-03 07:47:04,753 - Name: 13, Distance: 0.0
2024-06-03 07:47:04,753 - Name: 26, Distance: 1.0243282318115234
2024-06-03 07:47:04,753 - Name: 26, Distance: 1.0528353452682495
2024-06-03 07:47:04,753 - Name: 46, Distance: 1.0975298881530762
2024-06-03 07:47:04,753 - Name: 52, Distance: 1.1020698547363281
2024-06-03 07:47:04,811 - 14 result:
2024-06-03 07:47:04,811 - Name: 29, Distance: 0.9172743558883667
2024-06-03 07:47:04,811 - Name: 54, Distance: 1.0426969528198242
2024-06-03 07:47:04,811 - Name: 11, Distance: 1.0580108165740967
2024-06-03 07:47:04,811 - Name: 11, Distance: 1.0821704864501953
2024-06-03 07:47:04,811 - Name: 27, Distance: 1.0989423990249634
2024-06-03 07:47:05,052 - 15 result:
2024-06-03 07:47:05,052 - Name: 26, Distance: 0.9193106889724731
2024-06-03 07:47:05,052 - Name: 26, Distance: 0.9563685059547424
2024-06-03 07:47:05,052 - Name: 27, Distance: 0.980043888092041
2024-06-03 07:47:05,053 - Name: 30, Distance: 0.9864367246627808
2024-06-03 07:47:05,053 - Name: 24, Distance: 0.9918882250785828
2024-06-03 07:47:05,669 - 16 result:
2024-06-03 07:47:05,669 - Name: 16, Distance: 0.7280325889587402
2024-06-03 07:47:05,669 - Name: 16, Distance: 1.0091785192489624
2024-06-03 07:47:05,669 - Name: 16, Distance: 1.0115047693252563
2024-06-03 07:47:05,669 - Name: 20, Distance: 1.094011902809143
2024-06-03 07:47:05,669 - Name: 15, Distance: 1.096450686454773
2024-06-03 07:47:05,732 - 17 result:
2024-06-03 07:47:05,733 - Name: 17, Distance: 0.8631433844566345
2024-06-03 07:47:05,733 - Name: 13, Distance: 0.9655976295471191
2024-06-03 07:47:05,733 - Name: 17, Distance: 1.0385297536849976
2024-06-03 07:47:05,733 - Name: 13, Distance: 1.0571320056915283
2024-06-03 07:47:05,733 - Name: 7, Distance: 1.1144682168960571
2024-06-03 07:47:05,973 - 18 result:
2024-06-03 07:47:05,973 - Name: 18, Distance: 0.883491039276123
2024-06-03 07:47:05,973 - Name: 27, Distance: 1.0753194093704224
2024-06-03 07:47:05,973 - Name: 17, Distance: 1.0771019458770752
2024-06-03 07:47:05,973 - Name: 28, Distance: 1.0886404514312744
2024-06-03 07:47:05,973 - Name: 26, Distance: 1.1232444047927856
2024-06-03 07:47:06,035 - 19 result:
2024-06-03 07:47:06,036 - Name: 19, Distance: 0.7587844133377075
2024-06-03 07:47:06,036 - Name: 19, Distance: 0.779410719871521
2024-06-03 07:47:06,036 - Name: 6, Distance: 1.0810320377349854
2024-06-03 07:47:06,036 - Name: 11, Distance: 1.0965667963027954
2024-06-03 07:47:06,036 - Name: 20, Distance: 1.1179546117782593
2024-06-03 07:47:06,664 - 2 result:
2024-06-03 07:47:06,665 - Name: 2, Distance: 0.8991265296936035
2024-06-03 07:47:06,665 - Name: 2, Distance: 0.9460144639015198
2024-06-03 07:47:06,665 - Name: 2, Distance: 0.9744551181793213
2024-06-03 07:47:06,665 - Name: 43, Distance: 1.0939536094665527
2024-06-03 07:47:06,665 - Name: 59, Distance: 1.1035668849945068
2024-06-03 07:47:06,723 - 20 result:
2024-06-03 07:47:06,723 - Name: 40, Distance: 0.9993817806243896
2024-06-03 07:47:06,723 - Name: 34, Distance: 1.0333542823791504
2024-06-03 07:47:06,723 - Name: 20, Distance: 1.0470184087753296
2024-06-03 07:47:06,723 - Name: 3, Distance: 1.06072199344635
2024-06-03 07:47:06,723 - Name: 59, Distance: 1.0761842727661133
2024-06-03 07:47:06,847 - 21 result:
2024-06-03 07:47:06,847 - Name: 11, Distance: 0.8778291940689087
2024-06-03 07:47:06,847 - Name: 20, Distance: 0.9206870198249817
2024-06-03 07:47:06,847 - Name: 51, Distance: 0.9453480243682861
2024-06-03 07:47:06,847 - Name: 11, Distance: 0.9865764379501343
2024-06-03 07:47:06,847 - Name: 11, Distance: 0.9914038777351379
2024-06-03 07:47:07,017 - 22 result:
2024-06-03 07:47:07,017 - Name: 55, Distance: 1.0954289436340332
2024-06-03 07:47:07,017 - Name: 22, Distance: 1.109460711479187
2024-06-03 07:47:07,017 - Name: 2, Distance: 1.1242955923080444
2024-06-03 07:47:07,017 - Name: 23, Distance: 1.1278729438781738
2024-06-03 07:47:07,017 - Name: 5, Distance: 1.1309095621109009
2024-06-03 07:47:07,647 - 23 result:
2024-06-03 07:47:07,647 - Name: 14, Distance: 1.0142954587936401
2024-06-03 07:47:07,648 - Name: 23, Distance: 1.0498297214508057
2024-06-03 07:47:07,648 - Name: 23, Distance: 1.0612680912017822
2024-06-03 07:47:07,648 - Name: 3, Distance: 1.0667976140975952
2024-06-03 07:47:07,648 - Name: 34, Distance: 1.0727163553237915
2024-06-03 07:47:07,703 - 24 result:
2024-06-03 07:47:07,704 - Name: 24, Distance: 0.7017679214477539
2024-06-03 07:47:07,704 - Name: 25, Distance: 0.9279894828796387
2024-06-03 07:47:07,704 - Name: 29, Distance: 0.9551276564598083
2024-06-03 07:47:07,704 - Name: 30, Distance: 0.9834452867507935
2024-06-03 07:47:07,704 - Name: 28, Distance: 0.9867626428604126
2024-06-03 07:47:07,762 - 25 result:
2024-06-03 07:47:07,763 - Name: 24, Distance: 0.7837123870849609
2024-06-03 07:47:07,763 - Name: 26, Distance: 0.8135353922843933
2024-06-03 07:47:07,763 - Name: 27, Distance: 0.845196008682251
2024-06-03 07:47:07,763 - Name: 25, Distance: 0.9303311705589294
2024-06-03 07:47:07,763 - Name: 51, Distance: 0.9673284292221069
2024-06-03 07:47:08,001 - 26 result:
2024-06-03 07:47:08,001 - Name: 26, Distance: 0.8543119430541992
2024-06-03 07:47:08,001 - Name: 26, Distance: 1.0162826776504517
2024-06-03 07:47:08,001 - Name: 30, Distance: 1.0258443355560303
2024-06-03 07:47:08,001 - Name: 26, Distance: 1.0628551244735718
2024-06-03 07:47:08,001 - Name: 50, Distance: 1.0816775560379028
2024-06-03 07:47:08,627 - 27 result:
2024-06-03 07:47:08,628 - Name: 36, Distance: 0.8595585823059082
2024-06-03 07:47:08,628 - Name: 27, Distance: 0.8785617351531982
2024-06-03 07:47:08,628 - Name: 24, Distance: 0.8923737406730652
2024-06-03 07:47:08,628 - Name: 27, Distance: 0.9286990165710449
2024-06-03 07:47:08,628 - Name: 26, Distance: 0.9482710361480713
2024-06-03 07:47:08,682 - 28 result:
2024-06-03 07:47:08,683 - Name: 9, Distance: 0.745290994644165
2024-06-03 07:47:08,683 - Name: 15, Distance: 0.8837816715240479
2024-06-03 07:47:08,683 - Name: 28, Distance: 0.9124623537063599
2024-06-03 07:47:08,683 - Name: 27, Distance: 0.9543665051460266
2024-06-03 07:47:08,683 - Name: 16, Distance: 0.9572691917419434
2024-06-03 07:47:08,740 - 29 result:
2024-06-03 07:47:08,740 - Name: 29, Distance: 0.7862908840179443
2024-06-03 07:47:08,741 - Name: 34, Distance: 1.13135826587677
2024-06-03 07:47:08,741 - Name: 23, Distance: 1.1647605895996094
2024-06-03 07:47:08,741 - Name: 34, Distance: 1.1737060546875
2024-06-03 07:47:08,741 - Name: 29, Distance: 1.174666166305542
2024-06-03 07:47:08,988 - 3 result:
2024-06-03 07:47:08,988 - Name: 3, Distance: 0.7982097864151001
2024-06-03 07:47:08,988 - Name: 3, Distance: 0.8446307182312012
2024-06-03 07:47:08,988 - Name: 3, Distance: 1.0215344429016113
2024-06-03 07:47:08,988 - Name: 48, Distance: 1.0418260097503662
2024-06-03 07:47:08,988 - Name: 15, Distance: 1.0466340780258179
2024-06-03 07:47:09,288 - 30 result:
2024-06-03 07:47:09,288 - Name: 15, Distance: 0.9521562457084656
2024-06-03 07:47:09,288 - Name: 9, Distance: 0.9807614684104919
2024-06-03 07:47:09,288 - Name: 30, Distance: 1.0330690145492554
2024-06-03 07:47:09,288 - Name: 7, Distance: 1.0549125671386719
2024-06-03 07:47:09,288 - Name: 6, Distance: 1.0687892436981201
2024-06-03 07:47:09,691 - 31 result:
2024-06-03 07:47:09,691 - Name: 31, Distance: 0.9229909777641296
2024-06-03 07:47:09,691 - Name: 31, Distance: 0.9754003286361694
2024-06-03 07:47:09,691 - Name: 10, Distance: 1.0367573499679565
2024-06-03 07:47:09,691 - Name: 6, Distance: 1.062252402305603
2024-06-03 07:47:09,691 - Name: 31, Distance: 1.0710705518722534
2024-06-03 07:47:09,748 - 32 result:
2024-06-03 07:47:09,749 - Name: 32, Distance: 0.97282475233078
2024-06-03 07:47:09,749 - Name: 56, Distance: 0.9880354404449463
2024-06-03 07:47:09,749 - Name: 22, Distance: 1.0356322526931763
2024-06-03 07:47:09,749 - Name: 16, Distance: 1.0361512899398804
2024-06-03 07:47:09,749 - Name: 40, Distance: 1.0605010986328125
2024-06-03 07:47:09,807 - 33 result:
2024-06-03 07:47:09,807 - Name: 7, Distance: 0.9718207716941833
2024-06-03 07:47:09,807 - Name: 11, Distance: 1.013769507408142
2024-06-03 07:47:09,807 - Name: 6, Distance: 1.032103419303894
2024-06-03 07:47:09,807 - Name: 6, Distance: 1.0360316038131714
2024-06-03 07:47:09,807 - Name: 11, Distance: 1.0603209733963013
2024-06-03 07:47:10,037 - 34 result:
2024-06-03 07:47:10,037 - Name: 24, Distance: 1.0317717790603638
2024-06-03 07:47:10,037 - Name: 34, Distance: 1.1030851602554321
2024-06-03 07:47:10,037 - Name: 29, Distance: 1.1443923711776733
2024-06-03 07:47:10,037 - Name: 11, Distance: 1.1559604406356812
2024-06-03 07:47:10,038 - Name: 29, Distance: 1.156165599822998
2024-06-03 07:47:10,646 - 35 result:
2024-06-03 07:47:10,646 - Name: 35, Distance: 0.8393715023994446
2024-06-03 07:47:10,646 - Name: 35, Distance: 0.9970719218254089
2024-06-03 07:47:10,646 - Name: 10, Distance: 1.0243123769760132
2024-06-03 07:47:10,646 - Name: 20, Distance: 1.0518910884857178
2024-06-03 07:47:10,647 - Name: 19, Distance: 1.0653401613235474
2024-06-03 07:47:10,728 - 36 result:
2024-06-03 07:47:10,728 - Name: 53, Distance: 1.0654009580612183
2024-06-03 07:47:10,728 - Name: 52, Distance: 1.1282986402511597
2024-06-03 07:47:10,728 - Name: 36, Distance: 1.138505458831787
2024-06-03 07:47:10,728 - Name: 58, Distance: 1.1503018140792847
2024-06-03 07:47:10,729 - Name: 23, Distance: 1.1649868488311768
2024-06-03 07:47:10,968 - 37 result:
2024-06-03 07:47:10,969 - Name: 37, Distance: 0.8756600022315979
2024-06-03 07:47:10,969 - Name: 35, Distance: 1.0038506984710693
2024-06-03 07:47:10,969 - Name: 45, Distance: 1.0881625413894653
2024-06-03 07:47:10,969 - Name: 35, Distance: 1.088719129562378
2024-06-03 07:47:10,969 - Name: 37, Distance: 1.0909160375595093
2024-06-03 07:47:11,029 - 38 result:
2024-06-03 07:47:11,029 - Name: 38, Distance: 1.0672537088394165
2024-06-03 07:47:11,029 - Name: 55, Distance: 1.0675665140151978
2024-06-03 07:47:11,030 - Name: 43, Distance: 1.0688797235488892
2024-06-03 07:47:11,030 - Name: 47, Distance: 1.1236234903335571
2024-06-03 07:47:11,030 - Name: 59, Distance: 1.146718144416809
2024-06-03 07:47:11,631 - 39 result:
2024-06-03 07:47:11,632 - Name: 39, Distance: 1.1166037321090698
2024-06-03 07:47:11,632 - Name: 39, Distance: 1.1469720602035522
2024-06-03 07:47:11,632 - Name: 50, Distance: 1.1573686599731445
2024-06-03 07:47:11,632 - Name: 27, Distance: 1.1588448286056519
2024-06-03 07:47:11,632 - Name: 42, Distance: 1.1596996784210205
2024-06-03 07:47:11,690 - 4 result:
2024-06-03 07:47:11,690 - Name: 39, Distance: 0.9605629444122314
2024-06-03 07:47:11,690 - Name: 59, Distance: 1.0075099468231201
2024-06-03 07:47:11,690 - Name: 15, Distance: 1.0415027141571045
2024-06-03 07:47:11,690 - Name: 36, Distance: 1.053279995918274
2024-06-03 07:47:11,690 - Name: 58, Distance: 1.061458706855774
2024-06-03 07:47:11,943 - 40 result:
2024-06-03 07:47:11,943 - Name: 58, Distance: 0.9560060501098633
2024-06-03 07:47:11,944 - Name: 40, Distance: 1.02090322971344
2024-06-03 07:47:11,944 - Name: 40, Distance: 1.0239390134811401
2024-06-03 07:47:11,944 - Name: 51, Distance: 1.0421054363250732
2024-06-03 07:47:11,944 - Name: 39, Distance: 1.0852375030517578
2024-06-03 07:47:12,570 - 41 result:
2024-06-03 07:47:12,570 - Name: 52, Distance: 1.0338702201843262
2024-06-03 07:47:12,571 - Name: 57, Distance: 1.0726864337921143
2024-06-03 07:47:12,571 - Name: 26, Distance: 1.0960404872894287
2024-06-03 07:47:12,571 - Name: 45, Distance: 1.1038105487823486
2024-06-03 07:47:12,571 - Name: 48, Distance: 1.1327093839645386
2024-06-03 07:47:12,629 - 42 result:
2024-06-03 07:47:12,630 - Name: 26, Distance: 1.0167250633239746
2024-06-03 07:47:12,630 - Name: 35, Distance: 1.05637526512146
2024-06-03 07:47:12,630 - Name: 56, Distance: 1.1039690971374512
2024-06-03 07:47:12,630 - Name: 56, Distance: 1.1214724779129028
2024-06-03 07:47:12,630 - Name: 26, Distance: 1.1288143396377563
2024-06-03 07:47:12,683 - 44 result:
2024-06-03 07:47:12,683 - Name: 44, Distance: 0.9424903392791748
2024-06-03 07:47:12,683 - Name: 45, Distance: 0.9975273609161377
2024-06-03 07:47:12,683 - Name: 43, Distance: 1.0049753189086914
2024-06-03 07:47:12,683 - Name: 47, Distance: 1.0177727937698364
2024-06-03 07:47:12,683 - Name: 0, Distance: 1.1678216457366943
2024-06-03 07:47:12,730 - 45 result:
2024-06-03 07:47:12,730 - Name: 32, Distance: 0.9379027485847473
2024-06-03 07:47:12,731 - Name: 40, Distance: 1.0235899686813354
2024-06-03 07:47:12,731 - Name: 23, Distance: 1.034424901008606
2024-06-03 07:47:12,731 - Name: 55, Distance: 1.066544771194458
2024-06-03 07:47:12,731 - Name: 40, Distance: 1.0792821645736694
2024-06-03 07:47:12,963 - 46 result:
2024-06-03 07:47:12,964 - Name: 46, Distance: 0.8424383401870728
2024-06-03 07:47:12,964 - Name: 10, Distance: 0.936093270778656
2024-06-03 07:47:12,964 - Name: 46, Distance: 0.9578858017921448
2024-06-03 07:47:12,964 - Name: 46, Distance: 0.9601601958274841
2024-06-03 07:47:12,964 - Name: 58, Distance: 1.0361312627792358
2024-06-03 07:47:13,010 - 47 result:
2024-06-03 07:47:13,010 - Name: 58, Distance: 0.9490422010421753
2024-06-03 07:47:13,010 - Name: 36, Distance: 0.9906050562858582
2024-06-03 07:47:13,010 - Name: 53, Distance: 1.0082542896270752
2024-06-03 07:47:13,011 - Name: 47, Distance: 1.0237250328063965
2024-06-03 07:47:13,011 - Name: 47, Distance: 1.0600244998931885
2024-06-03 07:47:13,646 - 48 result:
2024-06-03 07:47:13,646 - Name: 48, Distance: 0.8970909118652344
2024-06-03 07:47:13,647 - Name: 46, Distance: 1.0105338096618652
2024-06-03 07:47:13,647 - Name: 46, Distance: 1.0560632944107056
2024-06-03 07:47:13,647 - Name: 6, Distance: 1.069367527961731
2024-06-03 07:47:13,647 - Name: 3, Distance: 1.081149697303772
2024-06-03 07:47:13,700 - 5 result:
2024-06-03 07:47:13,700 - Name: 5, Distance: 1.0861376523971558
2024-06-03 07:47:13,700 - Name: 5, Distance: 1.1183123588562012
2024-06-03 07:47:13,700 - Name: 44, Distance: 1.1220943927764893
2024-06-03 07:47:13,700 - Name: 50, Distance: 1.1717579364776611
2024-06-03 07:47:13,700 - Name: 34, Distance: 1.186038851737976
2024-06-03 07:47:13,754 - 50 result:
2024-06-03 07:47:13,754 - Name: 43, Distance: 0.9137774109840393
2024-06-03 07:47:13,754 - Name: 56, Distance: 1.0026649236679077
2024-06-03 07:47:13,754 - Name: 59, Distance: 1.0173068046569824
2024-06-03 07:47:13,754 - Name: 7, Distance: 1.0532811880111694
2024-06-03 07:47:13,754 - Name: 15, Distance: 1.1246089935302734
2024-06-03 07:47:13,991 - 51 result:
2024-06-03 07:47:13,992 - Name: 59, Distance: 0.894186794757843
2024-06-03 07:47:13,992 - Name: 43, Distance: 0.8970456123352051
2024-06-03 07:47:13,992 - Name: 57, Distance: 1.03825044631958
2024-06-03 07:47:13,992 - Name: 50, Distance: 1.078244924545288
2024-06-03 07:47:13,992 - Name: 34, Distance: 1.091165542602539
2024-06-03 07:47:14,038 - 52 result:
2024-06-03 07:47:14,038 - Name: 52, Distance: 0.8684664964675903
2024-06-03 07:47:14,039 - Name: 36, Distance: 1.0544410943984985
2024-06-03 07:47:14,039 - Name: 51, Distance: 1.0646034479141235
2024-06-03 07:47:14,039 - Name: 26, Distance: 1.1102478504180908
2024-06-03 07:47:14,039 - Name: 52, Distance: 1.1174341440200806
2024-06-03 07:47:14,086 - 53 result:
2024-06-03 07:47:14,087 - Name: 53, Distance: 1.0332976579666138
2024-06-03 07:47:14,087 - Name: 55, Distance: 1.0535693168640137
2024-06-03 07:47:14,087 - Name: 53, Distance: 1.0924968719482422
2024-06-03 07:47:14,087 - Name: 36, Distance: 1.1205530166625977
2024-06-03 07:47:14,087 - Name: 44, Distance: 1.1217073202133179
2024-06-03 07:47:14,689 - 54 result:
2024-06-03 07:47:14,689 - Name: 44, Distance: 1.013867974281311
2024-06-03 07:47:14,690 - Name: 28, Distance: 1.074554204940796
2024-06-03 07:47:14,690 - Name: 54, Distance: 1.0989054441452026
2024-06-03 07:47:14,690 - Name: 25, Distance: 1.1028251647949219
2024-06-03 07:47:14,690 - Name: 54, Distance: 1.1173436641693115
2024-06-03 07:47:14,747 - 55 result:
2024-06-03 07:47:14,747 - Name: 36, Distance: 0.8123554587364197
2024-06-03 07:47:14,747 - Name: 28, Distance: 0.9189965724945068
2024-06-03 07:47:14,747 - Name: 25, Distance: 0.9491321444511414
2024-06-03 07:47:14,747 - Name: 26, Distance: 0.9988304972648621
2024-06-03 07:47:14,747 - Name: 27, Distance: 1.009286880493164
2024-06-03 07:47:14,803 - 56 result:
2024-06-03 07:47:14,803 - Name: 4, Distance: 0.9053395986557007
2024-06-03 07:47:14,803 - Name: 56, Distance: 0.9131031036376953
2024-06-03 07:47:14,803 - Name: 56, Distance: 0.9290245175361633
2024-06-03 07:47:14,803 - Name: 56, Distance: 0.9476110935211182
2024-06-03 07:47:14,804 - Name: 30, Distance: 0.9483716487884521
2024-06-03 07:47:15,042 - 57 result:
2024-06-03 07:47:15,043 - Name: 59, Distance: 0.9990949034690857
2024-06-03 07:47:15,043 - Name: 57, Distance: 1.0546711683273315
2024-06-03 07:47:15,043 - Name: 0, Distance: 1.0660661458969116
2024-06-03 07:47:15,043 - Name: 57, Distance: 1.0736862421035767
2024-06-03 07:47:15,043 - Name: 36, Distance: 1.0902801752090454
2024-06-03 07:47:15,673 - 58 result:
2024-06-03 07:47:15,673 - Name: 41, Distance: 1.0559571981430054
2024-06-03 07:47:15,674 - Name: 30, Distance: 1.1179291009902954
2024-06-03 07:47:15,674 - Name: 39, Distance: 1.1276313066482544
2024-06-03 07:47:15,674 - Name: 44, Distance: 1.1467928886413574
2024-06-03 07:47:15,674 - Name: 41, Distance: 1.1524661779403687
2024-06-03 07:47:15,727 - 59 result:
2024-06-03 07:47:15,727 - Name: 36, Distance: 1.0345187187194824
2024-06-03 07:47:15,727 - Name: 59, Distance: 1.0758275985717773
2024-06-03 07:47:15,727 - Name: 2, Distance: 1.0970704555511475
2024-06-03 07:47:15,727 - Name: 57, Distance: 1.1261755228042603
2024-06-03 07:47:15,727 - Name: 55, Distance: 1.1342123746871948
2024-06-03 07:47:15,779 - 6 result:
2024-06-03 07:47:15,780 - Name: 14, Distance: 1.0146650075912476
2024-06-03 07:47:15,780 - Name: 33, Distance: 1.0364354848861694
2024-06-03 07:47:15,780 - Name: 36, Distance: 1.0817378759384155
2024-06-03 07:47:15,780 - Name: 20, Distance: 1.0920802354812622
2024-06-03 07:47:15,780 - Name: 6, Distance: 1.1148916482925415
2024-06-03 07:47:16,032 - 7 result:
2024-06-03 07:47:16,033 - Name: 7, Distance: 0.9725038409233093
2024-06-03 07:47:16,033 - Name: 10, Distance: 0.9816058874130249
2024-06-03 07:47:16,033 - Name: 21, Distance: 1.0112916231155396
2024-06-03 07:47:16,033 - Name: 14, Distance: 1.0170252323150635
2024-06-03 07:47:16,033 - Name: 50, Distance: 1.0370593070983887
2024-06-03 07:47:16,659 - 8 result:
2024-06-03 07:47:16,659 - Name: 8, Distance: 0.8639411926269531
2024-06-03 07:47:16,659 - Name: 8, Distance: 0.939354419708252
2024-06-03 07:47:16,659 - Name: 8, Distance: 0.9795794486999512
2024-06-03 07:47:16,659 - Name: 27, Distance: 1.050403356552124
2024-06-03 07:47:16,659 - Name: 24, Distance: 1.1112076044082642
2024-06-03 07:47:16,715 - 9 result:
2024-06-03 07:47:16,715 - Name: 54, Distance: 0.9685603976249695
2024-06-03 07:47:16,716 - Name: 46, Distance: 1.1031309366226196
2024-06-03 07:47:16,716 - Name: 11, Distance: 1.1202466487884521
2024-06-03 07:47:16,716 - Name: 8, Distance: 1.1407198905944824
2024-06-03 07:47:16,716 - Name: 8, Distance: 1.1490051746368408
2024-06-03 07:47:16,822 - Total samples: 58
2024-06-03 07:47:16,822 - Correct predictions: 44
2024-06-03 07:47:16,822 - Incorrect predictions: 14
2024-06-03 07:47:16,822 - Accuracy: 75.86%
2024-06-03 07:47:16,823 - Correctly predicted classes:
2024-06-03 07:47:16,823 - 16: 1
2024-06-03 07:47:16,823 - 47: 1
2024-06-03 07:47:16,823 - 34: 1
2024-06-03 07:47:16,823 - 44: 1
2024-06-03 07:47:16,823 - 32: 1
2024-06-03 07:47:16,823 - 25: 1
2024-06-03 07:47:16,823 - 22: 1
2024-06-03 07:47:16,824 - 17: 1
2024-06-03 07:47:16,824 - 38: 1
2024-06-03 07:47:16,824 - 12: 1
2024-06-03 07:47:16,824 - 5: 1
2024-06-03 07:47:16,824 - 30: 1
2024-06-03 07:47:16,824 - 39: 1
2024-06-03 07:47:16,824 - 11: 1
2024-06-03 07:47:16,824 - 26: 1
2024-06-03 07:47:16,825 - 28: 1
2024-06-03 07:47:16,825 - 20: 1
2024-06-03 07:47:16,825 - 35: 1
2024-06-03 07:47:16,825 - 37: 1
2024-06-03 07:47:16,825 - 54: 1
2024-06-03 07:47:16,825 - 56: 1
2024-06-03 07:47:16,825 - 19: 1
2024-06-03 07:47:16,825 - 13: 1
2024-06-03 07:47:16,825 - 40: 1
2024-06-03 07:47:16,826 - 7: 1
2024-06-03 07:47:16,826 - 10: 1
2024-06-03 07:47:16,826 - 3: 1
2024-06-03 07:47:16,826 - 29: 1
2024-06-03 07:47:16,826 - 1: 1
2024-06-03 07:47:16,826 - 24: 1
2024-06-03 07:47:16,826 - 31: 1
2024-06-03 07:47:16,826 - 8: 1
2024-06-03 07:47:16,826 - 57: 1
2024-06-03 07:47:16,827 - 27: 1
2024-06-03 07:47:16,827 - 46: 1
2024-06-03 07:47:16,827 - 48: 1
2024-06-03 07:47:16,827 - 59: 1
2024-06-03 07:47:16,827 - 53: 1
2024-06-03 07:47:16,827 - 2: 1
2024-06-03 07:47:16,827 - 6: 1
2024-06-03 07:47:16,827 - 52: 1
2024-06-03 07:47:16,827 - 18: 1
2024-06-03 07:47:16,828 - 23: 1
2024-06-03 07:47:16,828 - 36: 1
2024-06-03 07:47:16,828 - Incorrectly predicted classes:
2024-06-03 07:47:16,828 - 21: 1
2024-06-03 07:47:16,828 - 0: 1
2024-06-03 07:47:16,828 - 9: 1
2024-06-03 07:47:16,828 - 50: 1
2024-06-03 07:47:16,828 - 4: 1
2024-06-03 07:47:16,828 - 41: 1
2024-06-03 07:47:16,829 - 42: 1
2024-06-03 07:47:16,829 - 45: 1
2024-06-03 07:47:16,829 - 51: 1
2024-06-03 07:47:16,829 - 55: 1
2024-06-03 07:47:16,829 - 33: 1
2024-06-03 07:47:16,829 - 58: 1
2024-06-03 07:47:16,829 - 14: 1
2024-06-03 07:47:16,830 - 15: 1
