2024-06-02 23:07:00,726 - test_dir : ./Face_Dataset/Test
2024-06-02 23:07:00,726 - pretrained : work_dir/FaceNet_finetuning_Random_Batch_FNP_CE_60_32/FaceNet_finetuning_Random_Batch_FNP_CE_60_32_deepfake.pth
2024-06-02 23:07:00,727 - model_name : FaceNet_finetuning_Random_Batch_FNP_CE
2024-06-02 23:07:54,293 - 0 result:
2024-06-02 23:07:54,293 - Name: 2, Distance: 1.0769156217575073
2024-06-02 23:07:54,293 - Name: 0, Distance: 1.1049648523330688
2024-06-02 23:07:54,293 - Name: 2, Distance: 1.1264086961746216
2024-06-02 23:07:54,294 - Name: 0, Distance: 1.131288766860962
2024-06-02 23:07:54,294 - Name: 2, Distance: 1.133208990097046
2024-06-02 23:07:54,352 - 1 result:
2024-06-02 23:07:54,352 - Name: 0, Distance: 0.9957075119018555
2024-06-02 23:07:54,352 - Name: 0, Distance: 0.9990671873092651
2024-06-02 23:07:54,352 - Name: 0, Distance: 1.0392987728118896
2024-06-02 23:07:54,352 - Name: 52, Distance: 1.0764093399047852
2024-06-02 23:07:54,352 - Name: 52, Distance: 1.0879335403442383
2024-06-02 23:07:54,589 - 10 result:
2024-06-02 23:07:54,589 - Name: 43, Distance: 0.9164920449256897
2024-06-02 23:07:54,589 - Name: 43, Distance: 0.9249417781829834
2024-06-02 23:07:54,589 - Name: 43, Distance: 0.9344687461853027
2024-06-02 23:07:54,589 - Name: 5, Distance: 1.0588712692260742
2024-06-02 23:07:54,589 - Name: 14, Distance: 1.084067940711975
2024-06-02 23:07:55,194 - 11 result:
2024-06-02 23:07:55,194 - Name: 45, Distance: 0.8435705900192261
2024-06-02 23:07:55,194 - Name: 45, Distance: 0.8957907557487488
2024-06-02 23:07:55,194 - Name: 45, Distance: 0.9441691637039185
2024-06-02 23:07:55,194 - Name: 36, Distance: 1.1904113292694092
2024-06-02 23:07:55,194 - Name: 36, Distance: 1.1994911432266235
2024-06-02 23:07:55,265 - 12 result:
2024-06-02 23:07:55,265 - Name: 12, Distance: 0.982944130897522
2024-06-02 23:07:55,265 - Name: 12, Distance: 1.0231354236602783
2024-06-02 23:07:55,265 - Name: 12, Distance: 1.03794527053833
2024-06-02 23:07:55,265 - Name: 15, Distance: 1.0434114933013916
2024-06-02 23:07:55,265 - Name: 15, Distance: 1.0855412483215332
2024-06-02 23:07:55,316 - 13 result:
2024-06-02 23:07:55,316 - Name: 13, Distance: 0.0
2024-06-02 23:07:55,316 - Name: 13, Distance: 0.2047167718410492
2024-06-02 23:07:55,316 - Name: 13, Distance: 0.2309839129447937
2024-06-02 23:07:55,316 - Name: 17, Distance: 1.2388172149658203
2024-06-02 23:07:55,316 - Name: 39, Distance: 1.2554614543914795
2024-06-02 23:07:55,549 - 14 result:
2024-06-02 23:07:55,550 - Name: 32, Distance: 1.0592942237854004
2024-06-02 23:07:55,550 - Name: 50, Distance: 1.068733811378479
2024-06-02 23:07:55,550 - Name: 52, Distance: 1.0696156024932861
2024-06-02 23:07:55,550 - Name: 52, Distance: 1.0800535678863525
2024-06-02 23:07:55,550 - Name: 32, Distance: 1.084978699684143
2024-06-02 23:07:56,143 - 15 result:
2024-06-02 23:07:56,144 - Name: 28, Distance: 0.9273712635040283
2024-06-02 23:07:56,144 - Name: 28, Distance: 0.9473974108695984
2024-06-02 23:07:56,144 - Name: 28, Distance: 0.9518136382102966
2024-06-02 23:07:56,144 - Name: 30, Distance: 0.997164249420166
2024-06-02 23:07:56,144 - Name: 30, Distance: 1.0368393659591675
2024-06-02 23:07:56,269 - 16 result:
2024-06-02 23:07:56,269 - Name: 16, Distance: 0.7198057174682617
2024-06-02 23:07:56,269 - Name: 16, Distance: 0.756215512752533
2024-06-02 23:07:56,269 - Name: 16, Distance: 0.7961331605911255
2024-06-02 23:07:56,269 - Name: 26, Distance: 1.0224133729934692
2024-06-02 23:07:56,269 - Name: 8, Distance: 1.0244615077972412
2024-06-02 23:07:56,517 - 17 result:
2024-06-02 23:07:56,517 - Name: 13, Distance: 1.0863354206085205
2024-06-02 23:07:56,517 - Name: 17, Distance: 1.0981782674789429
2024-06-02 23:07:56,517 - Name: 17, Distance: 1.1062382459640503
2024-06-02 23:07:56,517 - Name: 17, Distance: 1.1140074729919434
2024-06-02 23:07:56,517 - Name: 13, Distance: 1.1181869506835938
2024-06-02 23:07:57,131 - 18 result:
2024-06-02 23:07:57,131 - Name: 14, Distance: 1.0025370121002197
2024-06-02 23:07:57,131 - Name: 14, Distance: 1.0178239345550537
2024-06-02 23:07:57,132 - Name: 14, Distance: 1.0497031211853027
2024-06-02 23:07:57,132 - Name: 33, Distance: 1.073800802230835
2024-06-02 23:07:57,132 - Name: 33, Distance: 1.079781174659729
2024-06-02 23:07:57,187 - 19 result:
2024-06-02 23:07:57,187 - Name: 1, Distance: 0.9481000900268555
2024-06-02 23:07:57,187 - Name: 1, Distance: 0.9485806822776794
2024-06-02 23:07:57,188 - Name: 1, Distance: 0.9582331776618958
2024-06-02 23:07:57,188 - Name: 28, Distance: 1.1184213161468506
2024-06-02 23:07:57,188 - Name: 28, Distance: 1.1190540790557861
2024-06-02 23:07:57,243 - 2 result:
2024-06-02 23:07:57,243 - Name: 52, Distance: 1.0048925876617432
2024-06-02 23:07:57,243 - Name: 52, Distance: 1.020705223083496
2024-06-02 23:07:57,243 - Name: 52, Distance: 1.0389974117279053
2024-06-02 23:07:57,243 - Name: 2, Distance: 1.0555126667022705
2024-06-02 23:07:57,243 - Name: 2, Distance: 1.088873028755188
2024-06-02 23:07:57,488 - 20 result:
2024-06-02 23:07:57,489 - Name: 20, Distance: 1.021972417831421
2024-06-02 23:07:57,489 - Name: 20, Distance: 1.0532466173171997
2024-06-02 23:07:57,489 - Name: 20, Distance: 1.0543562173843384
2024-06-02 23:07:57,489 - Name: 43, Distance: 1.0913589000701904
2024-06-02 23:07:57,489 - Name: 43, Distance: 1.093798279762268
2024-06-02 23:07:58,097 - 21 result:
2024-06-02 23:07:58,097 - Name: 10, Distance: 1.0312309265136719
2024-06-02 23:07:58,097 - Name: 43, Distance: 1.0333060026168823
2024-06-02 23:07:58,097 - Name: 14, Distance: 1.0647048950195312
2024-06-02 23:07:58,097 - Name: 10, Distance: 1.0672733783721924
2024-06-02 23:07:58,097 - Name: 43, Distance: 1.07027006149292
2024-06-02 23:07:58,195 - 22 result:
2024-06-02 23:07:58,196 - Name: 32, Distance: 0.929311215877533
2024-06-02 23:07:58,196 - Name: 32, Distance: 0.955639660358429
2024-06-02 23:07:58,196 - Name: 58, Distance: 0.9668958783149719
2024-06-02 23:07:58,196 - Name: 58, Distance: 0.968673586845398
2024-06-02 23:07:58,196 - Name: 32, Distance: 0.9793634414672852
2024-06-02 23:07:58,257 - 23 result:
2024-06-02 23:07:58,257 - Name: 29, Distance: 0.9417319297790527
2024-06-02 23:07:58,257 - Name: 29, Distance: 0.990315318107605
2024-06-02 23:07:58,257 - Name: 29, Distance: 1.0092195272445679
2024-06-02 23:07:58,258 - Name: 12, Distance: 1.0474777221679688
2024-06-02 23:07:58,258 - Name: 12, Distance: 1.0527476072311401
2024-06-02 23:07:58,523 - 24 result:
2024-06-02 23:07:58,523 - Name: 24, Distance: 0.6973611116409302
2024-06-02 23:07:58,523 - Name: 24, Distance: 0.7056472897529602
2024-06-02 23:07:58,523 - Name: 24, Distance: 0.7072859406471252
2024-06-02 23:07:58,524 - Name: 26, Distance: 0.9653120040893555
2024-06-02 23:07:58,524 - Name: 26, Distance: 0.9803009629249573
2024-06-02 23:07:59,090 - 25 result:
2024-06-02 23:07:59,090 - Name: 44, Distance: 1.0093070268630981
2024-06-02 23:07:59,091 - Name: 44, Distance: 1.0260785818099976
2024-06-02 23:07:59,091 - Name: 50, Distance: 1.030252456665039
2024-06-02 23:07:59,091 - Name: 44, Distance: 1.0318548679351807
2024-06-02 23:07:59,091 - Name: 50, Distance: 1.0337425470352173
2024-06-02 23:07:59,191 - 26 result:
2024-06-02 23:07:59,191 - Name: 28, Distance: 0.8154668807983398
2024-06-02 23:07:59,191 - Name: 28, Distance: 0.8246995210647583
2024-06-02 23:07:59,191 - Name: 28, Distance: 0.8417088389396667
2024-06-02 23:07:59,192 - Name: 16, Distance: 0.9779437184333801
2024-06-02 23:07:59,192 - Name: 16, Distance: 1.007757306098938
2024-06-02 23:07:59,246 - 27 result:
2024-06-02 23:07:59,246 - Name: 28, Distance: 0.8827976584434509
2024-06-02 23:07:59,246 - Name: 28, Distance: 0.8874202370643616
2024-06-02 23:07:59,246 - Name: 28, Distance: 0.896368145942688
2024-06-02 23:07:59,247 - Name: 25, Distance: 1.149227499961853
2024-06-02 23:07:59,247 - Name: 55, Distance: 1.165079116821289
2024-06-02 23:07:59,487 - 28 result:
2024-06-02 23:07:59,487 - Name: 30, Distance: 0.9487598538398743
2024-06-02 23:07:59,487 - Name: 30, Distance: 0.9759870767593384
2024-06-02 23:07:59,487 - Name: 30, Distance: 0.9884039163589478
2024-06-02 23:07:59,487 - Name: 27, Distance: 1.0543159246444702
2024-06-02 23:07:59,487 - Name: 27, Distance: 1.0749123096466064
2024-06-02 23:08:00,092 - 29 result:
2024-06-02 23:08:00,092 - Name: 21, Distance: 0.6336619853973389
2024-06-02 23:08:00,092 - Name: 21, Distance: 0.652108907699585
2024-06-02 23:08:00,092 - Name: 21, Distance: 0.6756999492645264
2024-06-02 23:08:00,092 - Name: 50, Distance: 1.1452163457870483
2024-06-02 23:08:00,092 - Name: 50, Distance: 1.1505895853042603
2024-06-02 23:08:00,174 - 3 result:
2024-06-02 23:08:00,174 - Name: 3, Distance: 0.7828490138053894
2024-06-02 23:08:00,174 - Name: 3, Distance: 0.8138557076454163
2024-06-02 23:08:00,174 - Name: 3, Distance: 0.8650420308113098
2024-06-02 23:08:00,174 - Name: 37, Distance: 1.0191606283187866
2024-06-02 23:08:00,174 - Name: 37, Distance: 1.0315871238708496
2024-06-02 23:08:00,228 - 30 result:
2024-06-02 23:08:00,228 - Name: 28, Distance: 0.844189465045929
2024-06-02 23:08:00,228 - Name: 28, Distance: 0.8610219359397888
2024-06-02 23:08:00,228 - Name: 28, Distance: 0.8697162866592407
2024-06-02 23:08:00,228 - Name: 15, Distance: 1.0428879261016846
2024-06-02 23:08:00,228 - Name: 15, Distance: 1.0659160614013672
2024-06-02 23:08:00,469 - 31 result:
2024-06-02 23:08:00,469 - Name: 14, Distance: 1.074467420578003
2024-06-02 23:08:00,469 - Name: 14, Distance: 1.0856189727783203
2024-06-02 23:08:00,469 - Name: 14, Distance: 1.0999380350112915
2024-06-02 23:08:00,469 - Name: 53, Distance: 1.1054329872131348
2024-06-02 23:08:00,469 - Name: 57, Distance: 1.1289252042770386
2024-06-02 23:08:01,271 - 32 result:
2024-06-02 23:08:01,272 - Name: 1, Distance: 1.0038557052612305
2024-06-02 23:08:01,272 - Name: 1, Distance: 1.0270901918411255
2024-06-02 23:08:01,272 - Name: 1, Distance: 1.0412873029708862
2024-06-02 23:08:01,272 - Name: 22, Distance: 1.0474631786346436
2024-06-02 23:08:01,272 - Name: 32, Distance: 1.0707294940948486
2024-06-02 23:08:01,326 - 33 result:
2024-06-02 23:08:01,326 - Name: 14, Distance: 1.0105069875717163
2024-06-02 23:08:01,326 - Name: 9, Distance: 1.0433144569396973
2024-06-02 23:08:01,326 - Name: 18, Distance: 1.051998496055603
2024-06-02 23:08:01,326 - Name: 18, Distance: 1.057755947113037
2024-06-02 23:08:01,326 - Name: 14, Distance: 1.0676891803741455
2024-06-02 23:08:01,557 - 34 result:
2024-06-02 23:08:01,557 - Name: 29, Distance: 0.6737923622131348
2024-06-02 23:08:01,557 - Name: 29, Distance: 0.6999684572219849
2024-06-02 23:08:01,557 - Name: 29, Distance: 0.7353518605232239
2024-06-02 23:08:01,557 - Name: 8, Distance: 0.9222419261932373
2024-06-02 23:08:01,557 - Name: 8, Distance: 0.9433923959732056
2024-06-02 23:08:02,155 - 35 result:
2024-06-02 23:08:02,155 - Name: 35, Distance: 0.9189050793647766
2024-06-02 23:08:02,155 - Name: 35, Distance: 0.9191771149635315
2024-06-02 23:08:02,155 - Name: 35, Distance: 0.9460480213165283
2024-06-02 23:08:02,155 - Name: 30, Distance: 1.0029679536819458
2024-06-02 23:08:02,155 - Name: 30, Distance: 1.0227336883544922
2024-06-02 23:08:02,247 - 36 result:
2024-06-02 23:08:02,247 - Name: 20, Distance: 1.0795618295669556
2024-06-02 23:08:02,247 - Name: 8, Distance: 1.0797348022460938
2024-06-02 23:08:02,247 - Name: 8, Distance: 1.0923577547073364
2024-06-02 23:08:02,247 - Name: 8, Distance: 1.1145871877670288
2024-06-02 23:08:02,247 - Name: 20, Distance: 1.1215544939041138
2024-06-02 23:08:02,302 - 37 result:
2024-06-02 23:08:02,303 - Name: 28, Distance: 1.061490774154663
2024-06-02 23:08:02,303 - Name: 28, Distance: 1.0707226991653442
2024-06-02 23:08:02,303 - Name: 28, Distance: 1.0822815895080566
2024-06-02 23:08:02,303 - Name: 30, Distance: 1.0868240594863892
2024-06-02 23:08:02,303 - Name: 30, Distance: 1.153349757194519
2024-06-02 23:08:02,539 - 38 result:
2024-06-02 23:08:02,539 - Name: 21, Distance: 0.8318424820899963
2024-06-02 23:08:02,539 - Name: 21, Distance: 0.838837206363678
2024-06-02 23:08:02,539 - Name: 21, Distance: 0.8578808307647705
2024-06-02 23:08:02,539 - Name: 55, Distance: 1.049460530281067
2024-06-02 23:08:02,539 - Name: 55, Distance: 1.0541584491729736
2024-06-02 23:08:03,150 - 39 result:
2024-06-02 23:08:03,151 - Name: 36, Distance: 1.0879786014556885
2024-06-02 23:08:03,151 - Name: 36, Distance: 1.095983624458313
2024-06-02 23:08:03,151 - Name: 33, Distance: 1.103377103805542
2024-06-02 23:08:03,151 - Name: 13, Distance: 1.1175652742385864
2024-06-02 23:08:03,151 - Name: 36, Distance: 1.1217859983444214
2024-06-02 23:08:03,206 - 4 result:
2024-06-02 23:08:03,206 - Name: 50, Distance: 1.0145353078842163
2024-06-02 23:08:03,206 - Name: 50, Distance: 1.0234068632125854
2024-06-02 23:08:03,206 - Name: 48, Distance: 1.0607813596725464
2024-06-02 23:08:03,206 - Name: 50, Distance: 1.0677672624588013
2024-06-02 23:08:03,206 - Name: 48, Distance: 1.0767407417297363
2024-06-02 23:08:03,261 - 40 result:
2024-06-02 23:08:03,261 - Name: 0, Distance: 0.9307288527488708
2024-06-02 23:08:03,261 - Name: 0, Distance: 0.9551558494567871
2024-06-02 23:08:03,261 - Name: 0, Distance: 0.964573085308075
2024-06-02 23:08:03,261 - Name: 24, Distance: 1.0688096284866333
2024-06-02 23:08:03,261 - Name: 24, Distance: 1.0831542015075684
2024-06-02 23:08:03,494 - 41 result:
2024-06-02 23:08:03,495 - Name: 44, Distance: 0.9132111668586731
2024-06-02 23:08:03,495 - Name: 44, Distance: 0.9622553586959839
2024-06-02 23:08:03,495 - Name: 44, Distance: 0.9899545907974243
2024-06-02 23:08:03,495 - Name: 45, Distance: 1.0270986557006836
2024-06-02 23:08:03,495 - Name: 45, Distance: 1.0389598608016968
2024-06-02 23:08:04,125 - 42 result:
2024-06-02 23:08:04,125 - Name: 53, Distance: 1.1004520654678345
2024-06-02 23:08:04,126 - Name: 55, Distance: 1.112373948097229
2024-06-02 23:08:04,126 - Name: 55, Distance: 1.115678310394287
2024-06-02 23:08:04,126 - Name: 25, Distance: 1.1201777458190918
2024-06-02 23:08:04,126 - Name: 25, Distance: 1.1300703287124634
2024-06-02 23:08:04,179 - 44 result:
2024-06-02 23:08:04,180 - Name: 42, Distance: 0.7878355383872986
2024-06-02 23:08:04,180 - Name: 42, Distance: 0.844422459602356
2024-06-02 23:08:04,180 - Name: 42, Distance: 0.8490370512008667
2024-06-02 23:08:04,180 - Name: 2, Distance: 1.0751824378967285
2024-06-02 23:08:04,180 - Name: 2, Distance: 1.0990517139434814
2024-06-02 23:08:04,234 - 45 result:
2024-06-02 23:08:04,234 - Name: 42, Distance: 0.9573252201080322
2024-06-02 23:08:04,234 - Name: 42, Distance: 1.028349757194519
2024-06-02 23:08:04,234 - Name: 42, Distance: 1.030281901359558
2024-06-02 23:08:04,234 - Name: 31, Distance: 1.0601829290390015
2024-06-02 23:08:04,235 - Name: 31, Distance: 1.0642235279083252
2024-06-02 23:08:04,467 - 46 result:
2024-06-02 23:08:04,467 - Name: 4, Distance: 1.0078321695327759
2024-06-02 23:08:04,467 - Name: 43, Distance: 1.0118918418884277
2024-06-02 23:08:04,468 - Name: 43, Distance: 1.0133943557739258
2024-06-02 23:08:04,468 - Name: 43, Distance: 1.0188119411468506
2024-06-02 23:08:04,468 - Name: 4, Distance: 1.0239742994308472
2024-06-02 23:08:05,117 - 47 result:
2024-06-02 23:08:05,117 - Name: 45, Distance: 0.997496485710144
2024-06-02 23:08:05,117 - Name: 45, Distance: 1.0379116535186768
2024-06-02 23:08:05,117 - Name: 45, Distance: 1.0588107109069824
2024-06-02 23:08:05,117 - Name: 59, Distance: 1.0589518547058105
2024-06-02 23:08:05,117 - Name: 59, Distance: 1.0735833644866943
2024-06-02 23:08:05,171 - 48 result:
2024-06-02 23:08:05,171 - Name: 0, Distance: 1.1247859001159668
2024-06-02 23:08:05,171 - Name: 0, Distance: 1.1284140348434448
2024-06-02 23:08:05,171 - Name: 0, Distance: 1.131055235862732
2024-06-02 23:08:05,171 - Name: 9, Distance: 1.1316388845443726
2024-06-02 23:08:05,171 - Name: 48, Distance: 1.155422568321228
2024-06-02 23:08:05,228 - 5 result:
2024-06-02 23:08:05,228 - Name: 5, Distance: 1.0643973350524902
2024-06-02 23:08:05,228 - Name: 50, Distance: 1.077852487564087
2024-06-02 23:08:05,228 - Name: 50, Distance: 1.088698148727417
2024-06-02 23:08:05,228 - Name: 21, Distance: 1.094252586364746
2024-06-02 23:08:05,228 - Name: 21, Distance: 1.0981669425964355
2024-06-02 23:08:05,273 - 50 result:
2024-06-02 23:08:05,273 - Name: 50, Distance: 1.008442759513855
2024-06-02 23:08:05,273 - Name: 50, Distance: 1.062304139137268
2024-06-02 23:08:05,273 - Name: 9, Distance: 1.0680955648422241
2024-06-02 23:08:05,274 - Name: 23, Distance: 1.0721184015274048
2024-06-02 23:08:05,274 - Name: 9, Distance: 1.0760704278945923
2024-06-02 23:08:05,507 - 51 result:
2024-06-02 23:08:05,507 - Name: 57, Distance: 0.853294849395752
2024-06-02 23:08:05,507 - Name: 57, Distance: 0.8833454251289368
2024-06-02 23:08:05,507 - Name: 57, Distance: 0.8985344767570496
2024-06-02 23:08:05,507 - Name: 14, Distance: 1.0624020099639893
2024-06-02 23:08:05,507 - Name: 14, Distance: 1.0781188011169434
2024-06-02 23:08:06,148 - 52 result:
2024-06-02 23:08:06,148 - Name: 28, Distance: 1.0050240755081177
2024-06-02 23:08:06,148 - Name: 44, Distance: 1.0181055068969727
2024-06-02 23:08:06,148 - Name: 28, Distance: 1.0305522680282593
2024-06-02 23:08:06,148 - Name: 44, Distance: 1.0346063375473022
2024-06-02 23:08:06,148 - Name: 28, Distance: 1.0427109003067017
2024-06-02 23:08:06,229 - 53 result:
2024-06-02 23:08:06,230 - Name: 54, Distance: 0.8821418285369873
2024-06-02 23:08:06,230 - Name: 54, Distance: 0.9058413505554199
2024-06-02 23:08:06,230 - Name: 54, Distance: 0.9247051477432251
2024-06-02 23:08:06,230 - Name: 35, Distance: 0.9833080172538757
2024-06-02 23:08:06,230 - Name: 35, Distance: 0.984878420829773
2024-06-02 23:08:06,279 - 54 result:
2024-06-02 23:08:06,279 - Name: 54, Distance: 0.9321568608283997
2024-06-02 23:08:06,279 - Name: 54, Distance: 0.9458097815513611
2024-06-02 23:08:06,279 - Name: 54, Distance: 0.9498951435089111
2024-06-02 23:08:06,280 - Name: 36, Distance: 1.072371006011963
2024-06-02 23:08:06,280 - Name: 36, Distance: 1.1026816368103027
2024-06-02 23:08:06,513 - 55 result:
2024-06-02 23:08:06,514 - Name: 55, Distance: 0.8122313618659973
2024-06-02 23:08:06,514 - Name: 55, Distance: 0.8320472240447998
2024-06-02 23:08:06,514 - Name: 55, Distance: 0.8341904282569885
2024-06-02 23:08:06,514 - Name: 47, Distance: 1.0958610773086548
2024-06-02 23:08:06,514 - Name: 47, Distance: 1.1171376705169678
2024-06-02 23:08:07,138 - 56 result:
2024-06-02 23:08:07,138 - Name: 45, Distance: 0.9031950831413269
2024-06-02 23:08:07,138 - Name: 45, Distance: 0.9486685395240784
2024-06-02 23:08:07,138 - Name: 45, Distance: 0.9586740136146545
2024-06-02 23:08:07,139 - Name: 17, Distance: 1.0145201683044434
2024-06-02 23:08:07,139 - Name: 17, Distance: 1.0366171598434448
2024-06-02 23:08:07,254 - 57 result:
2024-06-02 23:08:07,254 - Name: 0, Distance: 0.9785935282707214
2024-06-02 23:08:07,254 - Name: 58, Distance: 0.9877251982688904
2024-06-02 23:08:07,254 - Name: 0, Distance: 0.9914345741271973
2024-06-02 23:08:07,254 - Name: 0, Distance: 0.9980086088180542
2024-06-02 23:08:07,254 - Name: 58, Distance: 1.008110761642456
2024-06-02 23:08:07,487 - 58 result:
2024-06-02 23:08:07,487 - Name: 2, Distance: 1.0326650142669678
2024-06-02 23:08:07,487 - Name: 58, Distance: 1.03311288356781
2024-06-02 23:08:07,487 - Name: 3, Distance: 1.0355736017227173
2024-06-02 23:08:07,487 - Name: 2, Distance: 1.038683295249939
2024-06-02 23:08:07,487 - Name: 58, Distance: 1.0487602949142456
2024-06-02 23:08:08,080 - 59 result:
2024-06-02 23:08:08,080 - Name: 57, Distance: 0.9755322337150574
2024-06-02 23:08:08,080 - Name: 57, Distance: 0.9819512367248535
2024-06-02 23:08:08,080 - Name: 57, Distance: 1.0084877014160156
2024-06-02 23:08:08,080 - Name: 12, Distance: 1.0853893756866455
2024-06-02 23:08:08,080 - Name: 12, Distance: 1.1022125482559204
2024-06-02 23:08:08,158 - 6 result:
2024-06-02 23:08:08,159 - Name: 25, Distance: 0.9885188937187195
2024-06-02 23:08:08,159 - Name: 25, Distance: 0.9950467944145203
2024-06-02 23:08:08,159 - Name: 25, Distance: 0.9979298114776611
2024-06-02 23:08:08,159 - Name: 53, Distance: 1.1383640766143799
2024-06-02 23:08:08,159 - Name: 55, Distance: 1.1626042127609253
2024-06-02 23:08:08,219 - 7 result:
2024-06-02 23:08:08,219 - Name: 13, Distance: 1.1012827157974243
2024-06-02 23:08:08,219 - Name: 13, Distance: 1.1195052862167358
2024-06-02 23:08:08,220 - Name: 18, Distance: 1.1234556436538696
2024-06-02 23:08:08,220 - Name: 13, Distance: 1.1271026134490967
2024-06-02 23:08:08,220 - Name: 18, Distance: 1.136566400527954
2024-06-02 23:08:08,468 - 8 result:
2024-06-02 23:08:08,468 - Name: 20, Distance: 0.9721028804779053
2024-06-02 23:08:08,468 - Name: 11, Distance: 0.97359299659729
2024-06-02 23:08:08,468 - Name: 20, Distance: 0.9863660335540771
2024-06-02 23:08:08,468 - Name: 20, Distance: 0.9893449544906616
2024-06-02 23:08:08,468 - Name: 11, Distance: 1.001597285270691
2024-06-02 23:08:09,264 - 9 result:
2024-06-02 23:08:09,264 - Name: 12, Distance: 0.9879103899002075
2024-06-02 23:08:09,264 - Name: 12, Distance: 0.9939090013504028
2024-06-02 23:08:09,264 - Name: 12, Distance: 1.0153276920318604
2024-06-02 23:08:09,264 - Name: 7, Distance: 1.0866957902908325
2024-06-02 23:08:09,265 - Name: 33, Distance: 1.0998303890228271
2024-06-02 23:08:09,336 - Total samples: 58
2024-06-02 23:08:09,336 - Correct predictions: 17
2024-06-02 23:08:09,336 - Incorrect predictions: 41
2024-06-02 23:08:09,336 - Accuracy: 29.31%
2024-06-02 23:08:09,336 - Correctly predicted classes:
2024-06-02 23:08:09,336 - 3: 1
2024-06-02 23:08:09,337 - 13: 1
2024-06-02 23:08:09,337 - 16: 1
2024-06-02 23:08:09,337 - 55: 1
2024-06-02 23:08:09,337 - 35: 1
2024-06-02 23:08:09,337 - 20: 1
2024-06-02 23:08:09,337 - 5: 1
2024-06-02 23:08:09,337 - 50: 1
2024-06-02 23:08:09,337 - 58: 1
2024-06-02 23:08:09,337 - 32: 1
2024-06-02 23:08:09,338 - 48: 1
2024-06-02 23:08:09,338 - 54: 1
2024-06-02 23:08:09,338 - 12: 1
2024-06-02 23:08:09,338 - 0: 1
2024-06-02 23:08:09,338 - 17: 1
2024-06-02 23:08:09,338 - 24: 1
2024-06-02 23:08:09,338 - 2: 1
2024-06-02 23:08:09,338 - Incorrectly predicted classes:
2024-06-02 23:08:09,339 - 27: 1
2024-06-02 23:08:09,339 - 18: 1
2024-06-02 23:08:09,339 - 33: 1
2024-06-02 23:08:09,339 - 41: 1
2024-06-02 23:08:09,339 - 52: 1
2024-06-02 23:08:09,339 - 29: 1
2024-06-02 23:08:09,339 - 14: 1
2024-06-02 23:08:09,339 - 46: 1
2024-06-02 23:08:09,339 - 51: 1
2024-06-02 23:08:09,340 - 42: 1
2024-06-02 23:08:09,340 - 53: 1
2024-06-02 23:08:09,340 - 36: 1
2024-06-02 23:08:09,340 - 37: 1
2024-06-02 23:08:09,340 - 15: 1
2024-06-02 23:08:09,340 - 39: 1
2024-06-02 23:08:09,340 - 28: 1
2024-06-02 23:08:09,340 - 11: 1
2024-06-02 23:08:09,340 - 40: 1
2024-06-02 23:08:09,341 - 47: 1
2024-06-02 23:08:09,341 - 4: 1
2024-06-02 23:08:09,341 - 23: 1
2024-06-02 23:08:09,341 - 56: 1
2024-06-02 23:08:09,341 - 21: 1
2024-06-02 23:08:09,341 - 19: 1
2024-06-02 23:08:09,341 - 44: 1
2024-06-02 23:08:09,341 - 34: 1
2024-06-02 23:08:09,341 - 57: 1
2024-06-02 23:08:09,342 - 38: 1
2024-06-02 23:08:09,342 - 22: 1
2024-06-02 23:08:09,342 - 59: 1
2024-06-02 23:08:09,342 - 6: 1
2024-06-02 23:08:09,342 - 8: 1
2024-06-02 23:08:09,342 - 25: 1
2024-06-02 23:08:09,342 - 7: 1
2024-06-02 23:08:09,342 - 1: 1
2024-06-02 23:08:09,343 - 30: 1
2024-06-02 23:08:09,343 - 10: 1
2024-06-02 23:08:09,343 - 31: 1
2024-06-02 23:08:09,343 - 9: 1
2024-06-02 23:08:09,343 - 26: 1
2024-06-02 23:08:09,343 - 45: 1
