2024-06-02 23:11:50,625 - test_dir : ./Face_Dataset/Test
2024-06-02 23:11:50,625 - pretrained : work_dir/FaceNet_finetuning_Random_Batch_FNP_CE_70_32/FaceNet_finetuning_Random_Batch_FNP_CE_70_32_deepfake.pth
2024-06-02 23:11:50,625 - model_name : FaceNet_finetuning_Random_Batch_FNP_CE
2024-06-02 23:12:42,461 - 0 result:
2024-06-02 23:12:42,461 - Name: 2, Distance: 1.0694642066955566
2024-06-02 23:12:42,461 - Name: 0, Distance: 1.078646183013916
2024-06-02 23:12:42,461 - Name: 0, Distance: 1.1071367263793945
2024-06-02 23:12:42,461 - Name: 0, Distance: 1.1183689832687378
2024-06-02 23:12:42,461 - Name: 2, Distance: 1.1214486360549927
2024-06-02 23:12:42,527 - 1 result:
2024-06-02 23:12:42,527 - Name: 0, Distance: 0.973452091217041
2024-06-02 23:12:42,527 - Name: 0, Distance: 0.9842149019241333
2024-06-02 23:12:42,527 - Name: 0, Distance: 1.0181699991226196
2024-06-02 23:12:42,527 - Name: 52, Distance: 1.0772584676742554
2024-06-02 23:12:42,528 - Name: 52, Distance: 1.0877865552902222
2024-06-02 23:12:42,583 - 10 result:
2024-06-02 23:12:42,583 - Name: 43, Distance: 0.920343816280365
2024-06-02 23:12:42,583 - Name: 43, Distance: 0.9314506649971008
2024-06-02 23:12:42,583 - Name: 43, Distance: 0.9433678388595581
2024-06-02 23:12:42,583 - Name: 5, Distance: 1.0610092878341675
2024-06-02 23:12:42,583 - Name: 5, Distance: 1.077612280845642
2024-06-02 23:12:42,822 - 11 result:
2024-06-02 23:12:42,822 - Name: 45, Distance: 0.8132556676864624
2024-06-02 23:12:42,822 - Name: 45, Distance: 0.8619961738586426
2024-06-02 23:12:42,822 - Name: 45, Distance: 0.913235068321228
2024-06-02 23:12:42,822 - Name: 36, Distance: 1.1867963075637817
2024-06-02 23:12:42,822 - Name: 36, Distance: 1.1868911981582642
2024-06-02 23:12:43,433 - 12 result:
2024-06-02 23:12:43,434 - Name: 12, Distance: 1.0063979625701904
2024-06-02 23:12:43,434 - Name: 12, Distance: 1.0417059659957886
2024-06-02 23:12:43,434 - Name: 15, Distance: 1.062280297279358
2024-06-02 23:12:43,434 - Name: 12, Distance: 1.0629619359970093
2024-06-02 23:12:43,434 - Name: 15, Distance: 1.0963053703308105
2024-06-02 23:12:43,530 - 13 result:
2024-06-02 23:12:43,530 - Name: 13, Distance: 0.0
2024-06-02 23:12:43,530 - Name: 13, Distance: 0.19786669313907623
2024-06-02 23:12:43,530 - Name: 13, Distance: 0.21520036458969116
2024-06-02 23:12:43,530 - Name: 17, Distance: 1.2413781881332397
2024-06-02 23:12:43,530 - Name: 39, Distance: 1.261735439300537
2024-06-02 23:12:43,587 - 14 result:
2024-06-02 23:12:43,588 - Name: 50, Distance: 1.0696088075637817
2024-06-02 23:12:43,588 - Name: 52, Distance: 1.0702619552612305
2024-06-02 23:12:43,588 - Name: 32, Distance: 1.0719428062438965
2024-06-02 23:12:43,588 - Name: 50, Distance: 1.0806623697280884
2024-06-02 23:12:43,588 - Name: 50, Distance: 1.09043288230896
2024-06-02 23:12:43,830 - 15 result:
2024-06-02 23:12:43,834 - Name: 28, Distance: 0.8975235819816589
2024-06-02 23:12:43,834 - Name: 28, Distance: 0.9185234308242798
2024-06-02 23:12:43,834 - Name: 28, Distance: 0.9209285974502563
2024-06-02 23:12:43,834 - Name: 30, Distance: 1.0425496101379395
2024-06-02 23:12:43,834 - Name: 30, Distance: 1.0798581838607788
2024-06-02 23:12:44,519 - 16 result:
2024-06-02 23:12:44,519 - Name: 16, Distance: 0.7324634194374084
2024-06-02 23:12:44,519 - Name: 16, Distance: 0.7584081292152405
2024-06-02 23:12:44,520 - Name: 16, Distance: 0.7902467846870422
2024-06-02 23:12:44,520 - Name: 26, Distance: 1.0078182220458984
2024-06-02 23:12:44,520 - Name: 26, Distance: 1.0193002223968506
2024-06-02 23:12:44,573 - 17 result:
2024-06-02 23:12:44,573 - Name: 13, Distance: 1.0833827257156372
2024-06-02 23:12:44,574 - Name: 13, Distance: 1.1190071105957031
2024-06-02 23:12:44,574 - Name: 17, Distance: 1.1195409297943115
2024-06-02 23:12:44,574 - Name: 17, Distance: 1.1280547380447388
2024-06-02 23:12:44,574 - Name: 10, Distance: 1.128592848777771
2024-06-02 23:12:44,627 - 18 result:
2024-06-02 23:12:44,627 - Name: 14, Distance: 1.0301824808120728
2024-06-02 23:12:44,627 - Name: 14, Distance: 1.0491204261779785
2024-06-02 23:12:44,627 - Name: 14, Distance: 1.072953224182129
2024-06-02 23:12:44,628 - Name: 33, Distance: 1.07437002658844
2024-06-02 23:12:44,628 - Name: 33, Distance: 1.0787595510482788
2024-06-02 23:12:44,867 - 19 result:
2024-06-02 23:12:44,867 - Name: 1, Distance: 0.9648699164390564
2024-06-02 23:12:44,867 - Name: 1, Distance: 0.9681736826896667
2024-06-02 23:12:44,867 - Name: 1, Distance: 0.9904191493988037
2024-06-02 23:12:44,867 - Name: 28, Distance: 1.1242958307266235
2024-06-02 23:12:44,867 - Name: 28, Distance: 1.1262173652648926
2024-06-02 23:12:45,516 - 2 result:
2024-06-02 23:12:45,517 - Name: 52, Distance: 1.012053370475769
2024-06-02 23:12:45,517 - Name: 52, Distance: 1.0248312950134277
2024-06-02 23:12:45,517 - Name: 2, Distance: 1.0486291646957397
2024-06-02 23:12:45,517 - Name: 52, Distance: 1.0516799688339233
2024-06-02 23:12:45,517 - Name: 2, Distance: 1.0765550136566162
2024-06-02 23:12:45,569 - 20 result:
2024-06-02 23:12:45,569 - Name: 20, Distance: 1.0011656284332275
2024-06-02 23:12:45,569 - Name: 20, Distance: 1.0235410928726196
2024-06-02 23:12:45,569 - Name: 20, Distance: 1.0270054340362549
2024-06-02 23:12:45,569 - Name: 2, Distance: 1.0778881311416626
2024-06-02 23:12:45,569 - Name: 43, Distance: 1.0799920558929443
2024-06-02 23:12:45,627 - 21 result:
2024-06-02 23:12:45,627 - Name: 10, Distance: 1.0104916095733643
2024-06-02 23:12:45,627 - Name: 43, Distance: 1.0330544710159302
2024-06-02 23:12:45,627 - Name: 10, Distance: 1.0377980470657349
2024-06-02 23:12:45,627 - Name: 10, Distance: 1.0482497215270996
2024-06-02 23:12:45,627 - Name: 14, Distance: 1.0498260259628296
2024-06-02 23:12:45,853 - 22 result:
2024-06-02 23:12:45,853 - Name: 58, Distance: 0.8902639746665955
2024-06-02 23:12:45,853 - Name: 58, Distance: 0.903358519077301
2024-06-02 23:12:45,854 - Name: 58, Distance: 0.9243910312652588
2024-06-02 23:12:45,854 - Name: 32, Distance: 0.9345122575759888
2024-06-02 23:12:45,854 - Name: 32, Distance: 0.9565286636352539
2024-06-02 23:12:46,473 - 23 result:
2024-06-02 23:12:46,473 - Name: 29, Distance: 0.9544159770011902
2024-06-02 23:12:46,473 - Name: 29, Distance: 0.9969987869262695
2024-06-02 23:12:46,473 - Name: 29, Distance: 1.0128846168518066
2024-06-02 23:12:46,473 - Name: 12, Distance: 1.0534546375274658
2024-06-02 23:12:46,473 - Name: 12, Distance: 1.0538572072982788
2024-06-02 23:12:46,595 - 24 result:
2024-06-02 23:12:46,595 - Name: 24, Distance: 0.7092090845108032
2024-06-02 23:12:46,595 - Name: 24, Distance: 0.715260922908783
2024-06-02 23:12:46,595 - Name: 24, Distance: 0.7192144393920898
2024-06-02 23:12:46,595 - Name: 26, Distance: 0.9633654952049255
2024-06-02 23:12:46,595 - Name: 26, Distance: 0.9709534645080566
2024-06-02 23:12:46,864 - 25 result:
2024-06-02 23:12:46,864 - Name: 44, Distance: 1.038581132888794
2024-06-02 23:12:46,864 - Name: 44, Distance: 1.0439937114715576
2024-06-02 23:12:46,864 - Name: 50, Distance: 1.0477633476257324
2024-06-02 23:12:46,865 - Name: 44, Distance: 1.0542702674865723
2024-06-02 23:12:46,865 - Name: 25, Distance: 1.059470772743225
2024-06-02 23:12:47,392 - 26 result:
2024-06-02 23:12:47,392 - Name: 28, Distance: 0.8139557838439941
2024-06-02 23:12:47,392 - Name: 28, Distance: 0.8287563920021057
2024-06-02 23:12:47,392 - Name: 28, Distance: 0.8372052907943726
2024-06-02 23:12:47,392 - Name: 16, Distance: 0.9961308836936951
2024-06-02 23:12:47,392 - Name: 16, Distance: 1.0174278020858765
2024-06-02 23:12:47,548 - 27 result:
2024-06-02 23:12:47,549 - Name: 28, Distance: 0.8600118160247803
2024-06-02 23:12:47,549 - Name: 28, Distance: 0.871048629283905
2024-06-02 23:12:47,549 - Name: 28, Distance: 0.883398175239563
2024-06-02 23:12:47,549 - Name: 55, Distance: 1.1435598134994507
2024-06-02 23:12:47,549 - Name: 26, Distance: 1.148131012916565
2024-06-02 23:12:47,604 - 28 result:
2024-06-02 23:12:47,604 - Name: 30, Distance: 0.9487493634223938
2024-06-02 23:12:47,604 - Name: 30, Distance: 0.9978282451629639
2024-06-02 23:12:47,604 - Name: 30, Distance: 1.0208890438079834
2024-06-02 23:12:47,604 - Name: 27, Distance: 1.0674066543579102
2024-06-02 23:12:47,604 - Name: 28, Distance: 1.0846377611160278
2024-06-02 23:12:47,668 - 29 result:
2024-06-02 23:12:47,668 - Name: 21, Distance: 0.635026752948761
2024-06-02 23:12:47,668 - Name: 21, Distance: 0.6630526781082153
2024-06-02 23:12:47,668 - Name: 21, Distance: 0.6786752343177795
2024-06-02 23:12:47,668 - Name: 50, Distance: 1.1486986875534058
2024-06-02 23:12:47,668 - Name: 50, Distance: 1.1566555500030518
2024-06-02 23:12:47,893 - 3 result:
2024-06-02 23:12:47,893 - Name: 3, Distance: 0.769343912601471
2024-06-02 23:12:47,893 - Name: 3, Distance: 0.7924773097038269
2024-06-02 23:12:47,893 - Name: 3, Distance: 0.8320035338401794
2024-06-02 23:12:47,893 - Name: 37, Distance: 1.017276406288147
2024-06-02 23:12:47,893 - Name: 37, Distance: 1.0260189771652222
2024-06-02 23:12:48,510 - 30 result:
2024-06-02 23:12:48,510 - Name: 28, Distance: 0.8317893147468567
2024-06-02 23:12:48,510 - Name: 28, Distance: 0.8486765027046204
2024-06-02 23:12:48,510 - Name: 28, Distance: 0.8555237054824829
2024-06-02 23:12:48,510 - Name: 15, Distance: 1.0548286437988281
2024-06-02 23:12:48,510 - Name: 15, Distance: 1.0714967250823975
2024-06-02 23:12:48,599 - 31 result:
2024-06-02 23:12:48,599 - Name: 14, Distance: 1.0959835052490234
2024-06-02 23:12:48,599 - Name: 14, Distance: 1.1120315790176392
2024-06-02 23:12:48,599 - Name: 14, Distance: 1.1156326532363892
2024-06-02 23:12:48,599 - Name: 33, Distance: 1.1335301399230957
2024-06-02 23:12:48,599 - Name: 53, Distance: 1.1342250108718872
2024-06-02 23:12:48,662 - 32 result:
2024-06-02 23:12:48,662 - Name: 1, Distance: 1.0401417016983032
2024-06-02 23:12:48,662 - Name: 22, Distance: 1.0450496673583984
2024-06-02 23:12:48,662 - Name: 1, Distance: 1.0571873188018799
2024-06-02 23:12:48,662 - Name: 1, Distance: 1.0688581466674805
2024-06-02 23:12:48,662 - Name: 22, Distance: 1.0778172016143799
2024-06-02 23:12:48,935 - 33 result:
2024-06-02 23:12:48,935 - Name: 14, Distance: 1.0336798429489136
2024-06-02 23:12:48,935 - Name: 9, Distance: 1.039388656616211
2024-06-02 23:12:48,935 - Name: 10, Distance: 1.0442065000534058
2024-06-02 23:12:48,935 - Name: 10, Distance: 1.0494508743286133
2024-06-02 23:12:48,935 - Name: 18, Distance: 1.069475769996643
2024-06-02 23:12:49,749 - 34 result:
2024-06-02 23:12:49,749 - Name: 29, Distance: 0.7152049541473389
2024-06-02 23:12:49,749 - Name: 29, Distance: 0.7302283048629761
2024-06-02 23:12:49,749 - Name: 29, Distance: 0.7585813999176025
2024-06-02 23:12:49,749 - Name: 8, Distance: 0.9489551186561584
2024-06-02 23:12:49,749 - Name: 8, Distance: 0.9635893702507019
2024-06-02 23:12:49,985 - 35 result:
2024-06-02 23:12:49,985 - Name: 35, Distance: 0.9383366703987122
2024-06-02 23:12:49,985 - Name: 35, Distance: 0.9468234181404114
2024-06-02 23:12:49,985 - Name: 35, Distance: 0.972108006477356
2024-06-02 23:12:49,985 - Name: 30, Distance: 0.9798753261566162
2024-06-02 23:12:49,986 - Name: 30, Distance: 0.9950615167617798
2024-06-02 23:12:50,570 - 36 result:
2024-06-02 23:12:50,570 - Name: 20, Distance: 1.0489262342453003
2024-06-02 23:12:50,570 - Name: 20, Distance: 1.0849701166152954
2024-06-02 23:12:50,570 - Name: 20, Distance: 1.0908880233764648
2024-06-02 23:12:50,570 - Name: 8, Distance: 1.091469645500183
2024-06-02 23:12:50,570 - Name: 8, Distance: 1.1030964851379395
2024-06-02 23:12:50,687 - 37 result:
2024-06-02 23:12:50,688 - Name: 28, Distance: 1.0732526779174805
2024-06-02 23:12:50,688 - Name: 28, Distance: 1.0778626203536987
2024-06-02 23:12:50,688 - Name: 30, Distance: 1.088039755821228
2024-06-02 23:12:50,688 - Name: 28, Distance: 1.0942538976669312
2024-06-02 23:12:50,688 - Name: 35, Distance: 1.1546753644943237
2024-06-02 23:12:50,744 - 38 result:
2024-06-02 23:12:50,744 - Name: 21, Distance: 0.8534323573112488
2024-06-02 23:12:50,744 - Name: 21, Distance: 0.8554697036743164
2024-06-02 23:12:50,744 - Name: 21, Distance: 0.8743136525154114
2024-06-02 23:12:50,744 - Name: 55, Distance: 1.051698923110962
2024-06-02 23:12:50,744 - Name: 55, Distance: 1.066575527191162
2024-06-02 23:12:50,976 - 39 result:
2024-06-02 23:12:50,976 - Name: 36, Distance: 1.0560272932052612
2024-06-02 23:12:50,976 - Name: 36, Distance: 1.070833683013916
2024-06-02 23:12:50,977 - Name: 36, Distance: 1.0911775827407837
2024-06-02 23:12:50,977 - Name: 13, Distance: 1.133345127105713
2024-06-02 23:12:50,977 - Name: 16, Distance: 1.1392185688018799
2024-06-02 23:12:51,349 - 4 result:
2024-06-02 23:12:51,349 - Name: 50, Distance: 1.0181081295013428
2024-06-02 23:12:51,350 - Name: 50, Distance: 1.018488883972168
2024-06-02 23:12:51,350 - Name: 48, Distance: 1.0285394191741943
2024-06-02 23:12:51,350 - Name: 48, Distance: 1.0405278205871582
2024-06-02 23:12:51,350 - Name: 48, Distance: 1.0460925102233887
2024-06-02 23:12:51,643 - 40 result:
2024-06-02 23:12:51,643 - Name: 0, Distance: 0.9133437871932983
2024-06-02 23:12:51,643 - Name: 0, Distance: 0.9351103901863098
2024-06-02 23:12:51,643 - Name: 0, Distance: 0.9453471302986145
2024-06-02 23:12:51,643 - Name: 24, Distance: 1.0693867206573486
2024-06-02 23:12:51,643 - Name: 40, Distance: 1.081313967704773
2024-06-02 23:12:51,700 - 41 result:
2024-06-02 23:12:51,700 - Name: 44, Distance: 0.9191893339157104
2024-06-02 23:12:51,700 - Name: 44, Distance: 0.9817655682563782
2024-06-02 23:12:51,700 - Name: 44, Distance: 0.9852093458175659
2024-06-02 23:12:51,700 - Name: 45, Distance: 1.006104826927185
2024-06-02 23:12:51,700 - Name: 45, Distance: 1.0227446556091309
2024-06-02 23:12:51,752 - 42 result:
2024-06-02 23:12:51,752 - Name: 25, Distance: 1.1132681369781494
2024-06-02 23:12:51,752 - Name: 55, Distance: 1.1201341152191162
2024-06-02 23:12:51,752 - Name: 53, Distance: 1.1211402416229248
2024-06-02 23:12:51,752 - Name: 25, Distance: 1.1264739036560059
2024-06-02 23:12:51,752 - Name: 25, Distance: 1.1277328729629517
2024-06-02 23:12:51,996 - 44 result:
2024-06-02 23:12:51,997 - Name: 42, Distance: 0.7715876698493958
2024-06-02 23:12:51,997 - Name: 42, Distance: 0.8397826552391052
2024-06-02 23:12:51,997 - Name: 42, Distance: 0.8434503674507141
2024-06-02 23:12:51,997 - Name: 2, Distance: 1.0792224407196045
2024-06-02 23:12:51,997 - Name: 2, Distance: 1.0996524095535278
2024-06-02 23:12:52,623 - 45 result:
2024-06-02 23:12:52,623 - Name: 42, Distance: 0.9493961334228516
2024-06-02 23:12:52,623 - Name: 42, Distance: 1.0132031440734863
2024-06-02 23:12:52,623 - Name: 42, Distance: 1.0200092792510986
2024-06-02 23:12:52,623 - Name: 31, Distance: 1.0594086647033691
2024-06-02 23:12:52,623 - Name: 31, Distance: 1.0673187971115112
2024-06-02 23:12:52,702 - 46 result:
2024-06-02 23:12:52,702 - Name: 43, Distance: 1.0009732246398926
2024-06-02 23:12:52,702 - Name: 43, Distance: 1.00277578830719
2024-06-02 23:12:52,702 - Name: 43, Distance: 1.0089818239212036
2024-06-02 23:12:52,703 - Name: 4, Distance: 1.0186868906021118
2024-06-02 23:12:52,703 - Name: 4, Distance: 1.0336666107177734
2024-06-02 23:12:52,758 - 47 result:
2024-06-02 23:12:52,758 - Name: 45, Distance: 1.003696084022522
2024-06-02 23:12:52,758 - Name: 45, Distance: 1.0267658233642578
2024-06-02 23:12:52,758 - Name: 45, Distance: 1.0478578805923462
2024-06-02 23:12:52,758 - Name: 59, Distance: 1.0739293098449707
2024-06-02 23:12:52,758 - Name: 59, Distance: 1.0795493125915527
2024-06-02 23:12:52,991 - 48 result:
2024-06-02 23:12:52,991 - Name: 0, Distance: 1.1132701635360718
2024-06-02 23:12:52,991 - Name: 0, Distance: 1.113418459892273
2024-06-02 23:12:52,991 - Name: 9, Distance: 1.116977572441101
2024-06-02 23:12:52,991 - Name: 0, Distance: 1.1175850629806519
2024-06-02 23:12:52,991 - Name: 29, Distance: 1.1555404663085938
2024-06-02 23:12:53,633 - 5 result:
2024-06-02 23:12:53,633 - Name: 5, Distance: 1.040394902229309
2024-06-02 23:12:53,634 - Name: 5, Distance: 1.0590459108352661
2024-06-02 23:12:53,634 - Name: 50, Distance: 1.094880223274231
2024-06-02 23:12:53,634 - Name: 21, Distance: 1.100647211074829
2024-06-02 23:12:53,634 - Name: 21, Distance: 1.1077207326889038
2024-06-02 23:12:53,689 - 50 result:
2024-06-02 23:12:53,690 - Name: 50, Distance: 1.0250470638275146
2024-06-02 23:12:53,690 - Name: 9, Distance: 1.0651968717575073
2024-06-02 23:12:53,690 - Name: 9, Distance: 1.0698689222335815
2024-06-02 23:12:53,690 - Name: 9, Distance: 1.073716163635254
2024-06-02 23:12:53,690 - Name: 50, Distance: 1.0920206308364868
2024-06-02 23:12:53,746 - 51 result:
2024-06-02 23:12:53,747 - Name: 57, Distance: 0.8504413366317749
2024-06-02 23:12:53,747 - Name: 57, Distance: 0.8845763206481934
2024-06-02 23:12:53,747 - Name: 57, Distance: 0.8914552330970764
2024-06-02 23:12:53,747 - Name: 14, Distance: 1.0766959190368652
2024-06-02 23:12:53,747 - Name: 14, Distance: 1.0948184728622437
2024-06-02 23:12:53,976 - 52 result:
2024-06-02 23:12:53,976 - Name: 28, Distance: 1.010469675064087
2024-06-02 23:12:53,976 - Name: 28, Distance: 1.0293660163879395
2024-06-02 23:12:53,976 - Name: 28, Distance: 1.042930006980896
2024-06-02 23:12:53,976 - Name: 44, Distance: 1.0464316606521606
2024-06-02 23:12:53,976 - Name: 44, Distance: 1.0573174953460693
2024-06-02 23:12:54,606 - 53 result:
2024-06-02 23:12:54,606 - Name: 54, Distance: 0.894125759601593
2024-06-02 23:12:54,606 - Name: 54, Distance: 0.923031210899353
2024-06-02 23:12:54,606 - Name: 54, Distance: 0.9311962723731995
2024-06-02 23:12:54,606 - Name: 35, Distance: 0.9830195307731628
2024-06-02 23:12:54,606 - Name: 35, Distance: 0.9986204504966736
2024-06-02 23:12:54,661 - 54 result:
2024-06-02 23:12:54,661 - Name: 54, Distance: 0.9459718465805054
2024-06-02 23:12:54,661 - Name: 54, Distance: 0.9498483538627625
2024-06-02 23:12:54,661 - Name: 54, Distance: 0.9580904841423035
2024-06-02 23:12:54,661 - Name: 36, Distance: 1.0480009317398071
2024-06-02 23:12:54,661 - Name: 36, Distance: 1.0854393243789673
2024-06-02 23:12:54,893 - 55 result:
2024-06-02 23:12:54,894 - Name: 55, Distance: 0.8336382508277893
2024-06-02 23:12:54,894 - Name: 55, Distance: 0.84954833984375
2024-06-02 23:12:54,894 - Name: 55, Distance: 0.8564958572387695
2024-06-02 23:12:54,894 - Name: 47, Distance: 1.1282949447631836
2024-06-02 23:12:54,894 - Name: 47, Distance: 1.1589384078979492
2024-06-02 23:12:55,483 - 56 result:
2024-06-02 23:12:55,483 - Name: 45, Distance: 0.8750812411308289
2024-06-02 23:12:55,483 - Name: 45, Distance: 0.909812867641449
2024-06-02 23:12:55,483 - Name: 45, Distance: 0.912224292755127
2024-06-02 23:12:55,483 - Name: 17, Distance: 1.0539556741714478
2024-06-02 23:12:55,483 - Name: 46, Distance: 1.0612486600875854
2024-06-02 23:12:55,596 - 57 result:
2024-06-02 23:12:55,596 - Name: 0, Distance: 0.9597253203392029
2024-06-02 23:12:55,596 - Name: 58, Distance: 0.9639260768890381
2024-06-02 23:12:55,596 - Name: 0, Distance: 0.9814773201942444
2024-06-02 23:12:55,596 - Name: 0, Distance: 0.9893017411231995
2024-06-02 23:12:55,596 - Name: 58, Distance: 0.9958168268203735
2024-06-02 23:12:55,650 - 58 result:
2024-06-02 23:12:55,650 - Name: 58, Distance: 1.0278130769729614
2024-06-02 23:12:55,650 - Name: 3, Distance: 1.042082667350769
2024-06-02 23:12:55,650 - Name: 58, Distance: 1.04518723487854
2024-06-02 23:12:55,650 - Name: 2, Distance: 1.0505057573318481
2024-06-02 23:12:55,650 - Name: 2, Distance: 1.0568211078643799
2024-06-02 23:12:55,896 - 59 result:
2024-06-02 23:12:55,896 - Name: 57, Distance: 0.9856650829315186
2024-06-02 23:12:55,896 - Name: 57, Distance: 1.0079439878463745
2024-06-02 23:12:55,896 - Name: 57, Distance: 1.0272061824798584
2024-06-02 23:12:55,896 - Name: 12, Distance: 1.0985438823699951
2024-06-02 23:12:55,897 - Name: 12, Distance: 1.114388108253479
2024-06-02 23:12:56,536 - 6 result:
2024-06-02 23:12:56,536 - Name: 25, Distance: 0.9777299165725708
2024-06-02 23:12:56,536 - Name: 25, Distance: 0.9833936095237732
2024-06-02 23:12:56,537 - Name: 25, Distance: 0.9857112169265747
2024-06-02 23:12:56,537 - Name: 53, Distance: 1.151658058166504
2024-06-02 23:12:56,537 - Name: 28, Distance: 1.1566803455352783
2024-06-02 23:12:56,612 - 7 result:
2024-06-02 23:12:56,612 - Name: 13, Distance: 1.110843539237976
2024-06-02 23:12:56,612 - Name: 13, Distance: 1.1177558898925781
2024-06-02 23:12:56,612 - Name: 13, Distance: 1.1230463981628418
2024-06-02 23:12:56,612 - Name: 18, Distance: 1.1325721740722656
2024-06-02 23:12:56,612 - Name: 18, Distance: 1.1335179805755615
2024-06-02 23:12:56,853 - 8 result:
2024-06-02 23:12:56,854 - Name: 20, Distance: 0.9756256937980652
2024-06-02 23:12:56,854 - Name: 20, Distance: 0.9789953827857971
2024-06-02 23:12:56,854 - Name: 20, Distance: 0.9853042960166931
2024-06-02 23:12:56,854 - Name: 11, Distance: 0.9867924451828003
2024-06-02 23:12:56,854 - Name: 11, Distance: 1.0103460550308228
2024-06-02 23:12:57,473 - 9 result:
2024-06-02 23:12:57,473 - Name: 12, Distance: 0.9991965293884277
2024-06-02 23:12:57,473 - Name: 12, Distance: 1.0010430812835693
2024-06-02 23:12:57,473 - Name: 12, Distance: 1.022003173828125
2024-06-02 23:12:57,473 - Name: 7, Distance: 1.0920284986495972
2024-06-02 23:12:57,473 - Name: 7, Distance: 1.1074497699737549
2024-06-02 23:12:57,566 - Total samples: 58
2024-06-02 23:12:57,566 - Correct predictions: 18
2024-06-02 23:12:57,566 - Incorrect predictions: 40
2024-06-02 23:12:57,566 - Accuracy: 31.03%
2024-06-02 23:12:57,566 - Correctly predicted classes:
2024-06-02 23:12:57,566 - 16: 1
2024-06-02 23:12:57,567 - 55: 1
2024-06-02 23:12:57,567 - 12: 1
2024-06-02 23:12:57,567 - 2: 1
2024-06-02 23:12:57,567 - 20: 1
2024-06-02 23:12:57,567 - 28: 1
2024-06-02 23:12:57,567 - 35: 1
2024-06-02 23:12:57,567 - 40: 1
2024-06-02 23:12:57,567 - 5: 1
2024-06-02 23:12:57,567 - 54: 1
2024-06-02 23:12:57,568 - 17: 1
2024-06-02 23:12:57,568 - 0: 1
2024-06-02 23:12:57,568 - 13: 1
2024-06-02 23:12:57,568 - 25: 1
2024-06-02 23:12:57,568 - 58: 1
2024-06-02 23:12:57,568 - 50: 1
2024-06-02 23:12:57,568 - 24: 1
2024-06-02 23:12:57,568 - 3: 1
2024-06-02 23:12:57,568 - Incorrectly predicted classes:
2024-06-02 23:12:57,569 - 10: 1
2024-06-02 23:12:57,569 - 57: 1
2024-06-02 23:12:57,569 - 38: 1
2024-06-02 23:12:57,569 - 9: 1
2024-06-02 23:12:57,569 - 45: 1
2024-06-02 23:12:57,569 - 21: 1
2024-06-02 23:12:57,569 - 30: 1
2024-06-02 23:12:57,569 - 51: 1
2024-06-02 23:12:57,569 - 37: 1
2024-06-02 23:12:57,570 - 41: 1
2024-06-02 23:12:57,570 - 56: 1
2024-06-02 23:12:57,570 - 34: 1
2024-06-02 23:12:57,570 - 4: 1
2024-06-02 23:12:57,570 - 32: 1
2024-06-02 23:12:57,570 - 11: 1
2024-06-02 23:12:57,570 - 44: 1
2024-06-02 23:12:57,570 - 29: 1
2024-06-02 23:12:57,570 - 59: 1
2024-06-02 23:12:57,571 - 6: 1
2024-06-02 23:12:57,571 - 14: 1
2024-06-02 23:12:57,571 - 42: 1
2024-06-02 23:12:57,571 - 52: 1
2024-06-02 23:12:57,571 - 8: 1
2024-06-02 23:12:57,571 - 23: 1
2024-06-02 23:12:57,571 - 7: 1
2024-06-02 23:12:57,571 - 1: 1
2024-06-02 23:12:57,571 - 18: 1
2024-06-02 23:12:57,572 - 39: 1
2024-06-02 23:12:57,572 - 27: 1
2024-06-02 23:12:57,572 - 46: 1
2024-06-02 23:12:57,572 - 36: 1
2024-06-02 23:12:57,572 - 53: 1
2024-06-02 23:12:57,572 - 33: 1
2024-06-02 23:12:57,572 - 48: 1
2024-06-02 23:12:57,572 - 15: 1
2024-06-02 23:12:57,572 - 31: 1
2024-06-02 23:12:57,573 - 19: 1
2024-06-02 23:12:57,573 - 26: 1
2024-06-02 23:12:57,573 - 22: 1
2024-06-02 23:12:57,573 - 47: 1
