2024-06-02 23:27:20,811 - test_dir : ./Face_Dataset/Test
2024-06-02 23:27:20,811 - pretrained : work_dir/FaceNet_finetuning_Random_Batch_FNP_CE_Fusion_50_32/FaceNet_finetuning_Random_Batch_FNP_CE_Fusion_50_32_deepfake.pth
2024-06-02 23:27:20,811 - model_name : FaceNet_finetuning_Random_Batch_FNP_CE_Fusion
2024-06-02 23:28:12,102 - 0 result:
2024-06-02 23:28:12,102 - Name: 0, Distance: 0.8836918473243713
2024-06-02 23:28:12,103 - Name: 0, Distance: 0.9833130836486816
2024-06-02 23:28:12,103 - Name: 2, Distance: 1.0002555847167969
2024-06-02 23:28:12,103 - Name: 0, Distance: 1.041704535484314
2024-06-02 23:28:12,103 - Name: 2, Distance: 1.0637935400009155
2024-06-02 23:28:12,175 - 1 result:
2024-06-02 23:28:12,175 - Name: 1, Distance: 0.9554908871650696
2024-06-02 23:28:12,175 - Name: 0, Distance: 0.9988555908203125
2024-06-02 23:28:12,175 - Name: 1, Distance: 0.9996102452278137
2024-06-02 23:28:12,175 - Name: 1, Distance: 1.0201336145401
2024-06-02 23:28:12,175 - Name: 52, Distance: 1.0201759338378906
2024-06-02 23:28:12,421 - 10 result:
2024-06-02 23:28:12,421 - Name: 43, Distance: 0.8361973762512207
2024-06-02 23:28:12,422 - Name: 14, Distance: 0.8676998019218445
2024-06-02 23:28:12,422 - Name: 43, Distance: 0.8735591769218445
2024-06-02 23:28:12,422 - Name: 18, Distance: 0.8809025883674622
2024-06-02 23:28:12,422 - Name: 5, Distance: 0.8865318894386292
2024-06-02 23:28:13,036 - 11 result:
2024-06-02 23:28:13,037 - Name: 45, Distance: 0.7625941038131714
2024-06-02 23:28:13,037 - Name: 45, Distance: 0.8291497826576233
2024-06-02 23:28:13,037 - Name: 45, Distance: 0.9048325419425964
2024-06-02 23:28:13,037 - Name: 8, Distance: 1.1039009094238281
2024-06-02 23:28:13,037 - Name: 44, Distance: 1.1500351428985596
2024-06-02 23:28:13,105 - 12 result:
2024-06-02 23:28:13,105 - Name: 12, Distance: 0.8350748419761658
2024-06-02 23:28:13,105 - Name: 12, Distance: 0.9052545428276062
2024-06-02 23:28:13,105 - Name: 12, Distance: 0.9531120657920837
2024-06-02 23:28:13,105 - Name: 18, Distance: 1.0064986944198608
2024-06-02 23:28:13,105 - Name: 18, Distance: 1.0349599123001099
2024-06-02 23:28:13,365 - 13 result:
2024-06-02 23:28:13,365 - Name: 13, Distance: 0.0
2024-06-02 23:28:13,365 - Name: 13, Distance: 0.28821849822998047
2024-06-02 23:28:13,366 - Name: 13, Distance: 0.4409814774990082
2024-06-02 23:28:13,366 - Name: 16, Distance: 1.0323015451431274
2024-06-02 23:28:13,366 - Name: 12, Distance: 1.0394020080566406
2024-06-02 23:28:13,978 - 14 result:
2024-06-02 23:28:13,979 - Name: 32, Distance: 0.9707748889923096
2024-06-02 23:28:13,979 - Name: 50, Distance: 0.9957667589187622
2024-06-02 23:28:13,979 - Name: 14, Distance: 1.0352089405059814
2024-06-02 23:28:13,979 - Name: 32, Distance: 1.03760826587677
2024-06-02 23:28:13,979 - Name: 50, Distance: 1.0471724271774292
2024-06-02 23:28:14,047 - 15 result:
2024-06-02 23:28:14,047 - Name: 28, Distance: 0.8845635056495667
2024-06-02 23:28:14,047 - Name: 28, Distance: 0.8957391381263733
2024-06-02 23:28:14,047 - Name: 26, Distance: 0.903968334197998
2024-06-02 23:28:14,047 - Name: 26, Distance: 0.9145653247833252
2024-06-02 23:28:14,047 - Name: 28, Distance: 0.9252884387969971
2024-06-02 23:28:14,307 - 16 result:
2024-06-02 23:28:14,308 - Name: 16, Distance: 0.6270970702171326
2024-06-02 23:28:14,308 - Name: 16, Distance: 0.6499176621437073
2024-06-02 23:28:14,308 - Name: 26, Distance: 0.654729962348938
2024-06-02 23:28:14,308 - Name: 26, Distance: 0.7256860136985779
2024-06-02 23:28:14,308 - Name: 16, Distance: 0.7265737652778625
2024-06-02 23:28:14,906 - 17 result:
2024-06-02 23:28:14,906 - Name: 40, Distance: 1.0144109725952148
2024-06-02 23:28:14,906 - Name: 13, Distance: 1.054862380027771
2024-06-02 23:28:14,906 - Name: 13, Distance: 1.0643657445907593
2024-06-02 23:28:14,906 - Name: 17, Distance: 1.0702694654464722
2024-06-02 23:28:14,906 - Name: 40, Distance: 1.1065915822982788
2024-06-02 23:28:14,956 - 18 result:
2024-06-02 23:28:14,956 - Name: 18, Distance: 0.859652578830719
2024-06-02 23:28:14,956 - Name: 18, Distance: 0.8616155385971069
2024-06-02 23:28:14,957 - Name: 18, Distance: 0.8635479211807251
2024-06-02 23:28:14,957 - Name: 14, Distance: 0.8766757249832153
2024-06-02 23:28:14,957 - Name: 14, Distance: 0.8927250504493713
2024-06-02 23:28:15,010 - 19 result:
2024-06-02 23:28:15,010 - Name: 1, Distance: 1.0047078132629395
2024-06-02 23:28:15,010 - Name: 1, Distance: 1.0129756927490234
2024-06-02 23:28:15,010 - Name: 1, Distance: 1.0188713073730469
2024-06-02 23:28:15,010 - Name: 33, Distance: 1.1331146955490112
2024-06-02 23:28:15,010 - Name: 33, Distance: 1.1610914468765259
2024-06-02 23:28:15,238 - 2 result:
2024-06-02 23:28:15,238 - Name: 52, Distance: 0.9459301233291626
2024-06-02 23:28:15,238 - Name: 52, Distance: 0.9541295170783997
2024-06-02 23:28:15,238 - Name: 2, Distance: 0.9556272029876709
2024-06-02 23:28:15,238 - Name: 2, Distance: 0.9747641086578369
2024-06-02 23:28:15,238 - Name: 46, Distance: 1.029180645942688
2024-06-02 23:28:15,860 - 20 result:
2024-06-02 23:28:15,861 - Name: 43, Distance: 0.9251081347465515
2024-06-02 23:28:15,861 - Name: 2, Distance: 0.9303145408630371
2024-06-02 23:28:15,861 - Name: 2, Distance: 0.9320840239524841
2024-06-02 23:28:15,861 - Name: 43, Distance: 0.9473768472671509
2024-06-02 23:28:15,861 - Name: 20, Distance: 0.9858477711677551
2024-06-02 23:28:15,913 - 21 result:
2024-06-02 23:28:15,913 - Name: 43, Distance: 0.768814742565155
2024-06-02 23:28:15,913 - Name: 43, Distance: 0.8137980699539185
2024-06-02 23:28:15,914 - Name: 43, Distance: 0.8628727197647095
2024-06-02 23:28:15,914 - Name: 14, Distance: 1.0424072742462158
2024-06-02 23:28:15,914 - Name: 5, Distance: 1.087104082107544
2024-06-02 23:28:15,966 - 22 result:
2024-06-02 23:28:15,966 - Name: 32, Distance: 0.8580837845802307
2024-06-02 23:28:15,967 - Name: 32, Distance: 0.9114645719528198
2024-06-02 23:28:15,967 - Name: 43, Distance: 1.008004903793335
2024-06-02 23:28:15,967 - Name: 32, Distance: 1.0160919427871704
2024-06-02 23:28:15,967 - Name: 5, Distance: 1.0221524238586426
2024-06-02 23:28:16,192 - 23 result:
2024-06-02 23:28:16,192 - Name: 31, Distance: 0.9305652379989624
2024-06-02 23:28:16,192 - Name: 14, Distance: 0.959213376045227
2024-06-02 23:28:16,192 - Name: 12, Distance: 0.991050124168396
2024-06-02 23:28:16,192 - Name: 31, Distance: 1.0006332397460938
2024-06-02 23:28:16,193 - Name: 14, Distance: 1.0025826692581177
2024-06-02 23:28:16,805 - 24 result:
2024-06-02 23:28:16,805 - Name: 24, Distance: 0.601063072681427
2024-06-02 23:28:16,805 - Name: 24, Distance: 0.6383717060089111
2024-06-02 23:28:16,805 - Name: 24, Distance: 0.7058219909667969
2024-06-02 23:28:16,805 - Name: 26, Distance: 0.786803662776947
2024-06-02 23:28:16,806 - Name: 26, Distance: 0.8025700449943542
2024-06-02 23:28:16,857 - 25 result:
2024-06-02 23:28:16,857 - Name: 25, Distance: 0.7695323824882507
2024-06-02 23:28:16,857 - Name: 26, Distance: 0.8164622187614441
2024-06-02 23:28:16,857 - Name: 26, Distance: 0.8426746129989624
2024-06-02 23:28:16,857 - Name: 26, Distance: 0.8513222932815552
2024-06-02 23:28:16,857 - Name: 25, Distance: 0.8682754635810852
2024-06-02 23:28:16,914 - 26 result:
2024-06-02 23:28:16,914 - Name: 26, Distance: 0.7220124006271362
2024-06-02 23:28:16,914 - Name: 26, Distance: 0.7346513271331787
2024-06-02 23:28:16,914 - Name: 26, Distance: 0.7498903870582581
2024-06-02 23:28:16,914 - Name: 28, Distance: 0.8396050333976746
2024-06-02 23:28:16,914 - Name: 28, Distance: 0.8509079217910767
2024-06-02 23:28:17,147 - 27 result:
2024-06-02 23:28:17,147 - Name: 28, Distance: 0.7797865867614746
2024-06-02 23:28:17,147 - Name: 28, Distance: 0.7961094975471497
2024-06-02 23:28:17,147 - Name: 28, Distance: 0.8501178622245789
2024-06-02 23:28:17,147 - Name: 26, Distance: 0.9612790942192078
2024-06-02 23:28:17,148 - Name: 26, Distance: 0.9769536256790161
2024-06-02 23:28:17,755 - 28 result:
2024-06-02 23:28:17,755 - Name: 27, Distance: 0.8142545223236084
2024-06-02 23:28:17,755 - Name: 27, Distance: 0.8208644986152649
2024-06-02 23:28:17,755 - Name: 27, Distance: 0.8676192164421082
2024-06-02 23:28:17,755 - Name: 26, Distance: 0.8898136615753174
2024-06-02 23:28:17,755 - Name: 26, Distance: 0.9041614532470703
2024-06-02 23:28:17,807 - 29 result:
2024-06-02 23:28:17,807 - Name: 21, Distance: 0.7452738881111145
2024-06-02 23:28:17,807 - Name: 21, Distance: 0.7696660757064819
2024-06-02 23:28:17,808 - Name: 21, Distance: 0.8449902534484863
2024-06-02 23:28:17,808 - Name: 33, Distance: 0.9581494331359863
2024-06-02 23:28:17,808 - Name: 33, Distance: 0.9904846549034119
2024-06-02 23:28:17,861 - 3 result:
2024-06-02 23:28:17,861 - Name: 3, Distance: 0.8637272715568542
2024-06-02 23:28:17,861 - Name: 3, Distance: 0.8707450032234192
2024-06-02 23:28:17,862 - Name: 37, Distance: 0.8798567056655884
2024-06-02 23:28:17,862 - Name: 37, Distance: 0.8850987553596497
2024-06-02 23:28:17,862 - Name: 3, Distance: 0.9356182813644409
2024-06-02 23:28:18,091 - 30 result:
2024-06-02 23:28:18,092 - Name: 28, Distance: 0.7254697680473328
2024-06-02 23:28:18,092 - Name: 28, Distance: 0.7419638633728027
2024-06-02 23:28:18,092 - Name: 28, Distance: 0.7448945045471191
2024-06-02 23:28:18,092 - Name: 15, Distance: 1.0026997327804565
2024-06-02 23:28:18,092 - Name: 16, Distance: 1.0297744274139404
2024-06-02 23:28:18,699 - 31 result:
2024-06-02 23:28:18,700 - Name: 14, Distance: 0.8738149404525757
2024-06-02 23:28:18,700 - Name: 14, Distance: 0.8991065621376038
2024-06-02 23:28:18,700 - Name: 14, Distance: 0.9762720465660095
2024-06-02 23:28:18,700 - Name: 23, Distance: 1.005998969078064
2024-06-02 23:28:18,700 - Name: 23, Distance: 1.0856505632400513
2024-06-02 23:28:18,750 - 32 result:
2024-06-02 23:28:18,750 - Name: 22, Distance: 0.9998579025268555
2024-06-02 23:28:18,750 - Name: 37, Distance: 1.0441968441009521
2024-06-02 23:28:18,750 - Name: 37, Distance: 1.0672096014022827
2024-06-02 23:28:18,750 - Name: 22, Distance: 1.0818068981170654
2024-06-02 23:28:18,750 - Name: 22, Distance: 1.0827393531799316
2024-06-02 23:28:18,804 - 33 result:
2024-06-02 23:28:18,804 - Name: 18, Distance: 0.8127744197845459
2024-06-02 23:28:18,804 - Name: 18, Distance: 0.8658691644668579
2024-06-02 23:28:18,804 - Name: 18, Distance: 0.8806528449058533
2024-06-02 23:28:18,804 - Name: 14, Distance: 0.8939899802207947
2024-06-02 23:28:18,804 - Name: 10, Distance: 0.9898409247398376
2024-06-02 23:28:19,037 - 34 result:
2024-06-02 23:28:19,037 - Name: 29, Distance: 0.8127481937408447
2024-06-02 23:28:19,038 - Name: 29, Distance: 0.8387671709060669
2024-06-02 23:28:19,038 - Name: 8, Distance: 0.9035940170288086
2024-06-02 23:28:19,038 - Name: 8, Distance: 0.9469696879386902
2024-06-02 23:28:19,038 - Name: 29, Distance: 0.9599129557609558
2024-06-02 23:28:19,647 - 35 result:
2024-06-02 23:28:19,648 - Name: 35, Distance: 0.8642926216125488
2024-06-02 23:28:19,648 - Name: 35, Distance: 0.8795075416564941
2024-06-02 23:28:19,648 - Name: 35, Distance: 0.8923595547676086
2024-06-02 23:28:19,648 - Name: 30, Distance: 1.0742371082305908
2024-06-02 23:28:19,648 - Name: 56, Distance: 1.107436180114746
2024-06-02 23:28:19,698 - 36 result:
2024-06-02 23:28:19,698 - Name: 8, Distance: 1.0367424488067627
2024-06-02 23:28:19,699 - Name: 8, Distance: 1.05967378616333
2024-06-02 23:28:19,699 - Name: 8, Distance: 1.0667850971221924
2024-06-02 23:28:19,699 - Name: 27, Distance: 1.0736536979675293
2024-06-02 23:28:19,699 - Name: 27, Distance: 1.0835298299789429
2024-06-02 23:28:19,751 - 37 result:
2024-06-02 23:28:19,751 - Name: 35, Distance: 1.0260850191116333
2024-06-02 23:28:19,751 - Name: 35, Distance: 1.0603238344192505
2024-06-02 23:28:19,751 - Name: 35, Distance: 1.062799334526062
2024-06-02 23:28:19,751 - Name: 30, Distance: 1.098244547843933
2024-06-02 23:28:19,751 - Name: 15, Distance: 1.1254829168319702
2024-06-02 23:28:19,993 - 38 result:
2024-06-02 23:28:19,993 - Name: 21, Distance: 0.7540065050125122
2024-06-02 23:28:19,993 - Name: 21, Distance: 0.7829734086990356
2024-06-02 23:28:19,993 - Name: 21, Distance: 0.80801922082901
2024-06-02 23:28:19,993 - Name: 9, Distance: 1.0680822134017944
2024-06-02 23:28:19,993 - Name: 50, Distance: 1.0768520832061768
2024-06-02 23:28:20,587 - 39 result:
2024-06-02 23:28:20,587 - Name: 36, Distance: 0.9978024959564209
2024-06-02 23:28:20,587 - Name: 46, Distance: 0.9979150891304016
2024-06-02 23:28:20,587 - Name: 59, Distance: 1.0162965059280396
2024-06-02 23:28:20,587 - Name: 59, Distance: 1.037664771080017
2024-06-02 23:28:20,587 - Name: 36, Distance: 1.0514768362045288
2024-06-02 23:28:20,642 - 4 result:
2024-06-02 23:28:20,642 - Name: 48, Distance: 0.8904886245727539
2024-06-02 23:28:20,642 - Name: 48, Distance: 0.9545698761940002
2024-06-02 23:28:20,642 - Name: 48, Distance: 0.9815515279769897
2024-06-02 23:28:20,642 - Name: 50, Distance: 1.0293056964874268
2024-06-02 23:28:20,642 - Name: 50, Distance: 1.0449106693267822
2024-06-02 23:28:20,696 - 40 result:
2024-06-02 23:28:20,696 - Name: 0, Distance: 0.8987414836883545
2024-06-02 23:28:20,696 - Name: 0, Distance: 0.9497746825218201
2024-06-02 23:28:20,696 - Name: 41, Distance: 0.9578195810317993
2024-06-02 23:28:20,696 - Name: 0, Distance: 0.9667708277702332
2024-06-02 23:28:20,696 - Name: 40, Distance: 1.034472107887268
2024-06-02 23:28:20,926 - 41 result:
2024-06-02 23:28:20,926 - Name: 16, Distance: 0.9573056101799011
2024-06-02 23:28:20,926 - Name: 16, Distance: 0.9724792838096619
2024-06-02 23:28:20,926 - Name: 16, Distance: 1.0054421424865723
2024-06-02 23:28:20,926 - Name: 27, Distance: 1.0248544216156006
2024-06-02 23:28:20,926 - Name: 26, Distance: 1.0282193422317505
2024-06-02 23:28:21,533 - 42 result:
2024-06-02 23:28:21,533 - Name: 25, Distance: 1.1480214595794678
2024-06-02 23:28:21,533 - Name: 28, Distance: 1.1665517091751099
2024-06-02 23:28:21,533 - Name: 21, Distance: 1.1695606708526611
2024-06-02 23:28:21,533 - Name: 50, Distance: 1.1720120906829834
2024-06-02 23:28:21,534 - Name: 21, Distance: 1.1758086681365967
2024-06-02 23:28:21,584 - 44 result:
2024-06-02 23:28:21,584 - Name: 42, Distance: 0.8565841913223267
2024-06-02 23:28:21,584 - Name: 42, Distance: 0.9992396235466003
2024-06-02 23:28:21,584 - Name: 42, Distance: 1.04710853099823
2024-06-02 23:28:21,584 - Name: 59, Distance: 1.09395170211792
2024-06-02 23:28:21,584 - Name: 1, Distance: 1.1253794431686401
2024-06-02 23:28:21,818 - 45 result:
2024-06-02 23:28:21,818 - Name: 42, Distance: 0.8480565547943115
2024-06-02 23:28:21,818 - Name: 42, Distance: 1.0000452995300293
2024-06-02 23:28:21,818 - Name: 42, Distance: 1.0049904584884644
2024-06-02 23:28:21,818 - Name: 53, Distance: 1.0497236251831055
2024-06-02 23:28:21,818 - Name: 53, Distance: 1.1114239692687988
2024-06-02 23:28:22,409 - 46 result:
2024-06-02 23:28:22,409 - Name: 41, Distance: 0.9088886380195618
2024-06-02 23:28:22,409 - Name: 4, Distance: 0.9303104281425476
2024-06-02 23:28:22,409 - Name: 41, Distance: 0.9345917105674744
2024-06-02 23:28:22,409 - Name: 43, Distance: 0.9657421112060547
2024-06-02 23:28:22,409 - Name: 4, Distance: 0.980118453502655
2024-06-02 23:28:22,487 - 47 result:
2024-06-02 23:28:22,487 - Name: 45, Distance: 0.8581597208976746
2024-06-02 23:28:22,487 - Name: 45, Distance: 0.9219439625740051
2024-06-02 23:28:22,487 - Name: 59, Distance: 0.9287538528442383
2024-06-02 23:28:22,487 - Name: 53, Distance: 0.9397504925727844
2024-06-02 23:28:22,487 - Name: 53, Distance: 0.9746707677841187
2024-06-02 23:28:22,539 - 48 result:
2024-06-02 23:28:22,539 - Name: 48, Distance: 1.0635530948638916
2024-06-02 23:28:22,539 - Name: 48, Distance: 1.080224633216858
2024-06-02 23:28:22,539 - Name: 0, Distance: 1.1019775867462158
2024-06-02 23:28:22,539 - Name: 0, Distance: 1.1126490831375122
2024-06-02 23:28:22,539 - Name: 0, Distance: 1.12423837184906
2024-06-02 23:28:22,765 - 5 result:
2024-06-02 23:28:22,766 - Name: 5, Distance: 0.8424410820007324
2024-06-02 23:28:22,766 - Name: 5, Distance: 0.874788761138916
2024-06-02 23:28:22,766 - Name: 5, Distance: 0.9378603100776672
2024-06-02 23:28:22,766 - Name: 14, Distance: 1.0154447555541992
2024-06-02 23:28:22,766 - Name: 25, Distance: 1.019294023513794
2024-06-02 23:28:23,379 - 50 result:
2024-06-02 23:28:23,379 - Name: 9, Distance: 0.8984809517860413
2024-06-02 23:28:23,379 - Name: 50, Distance: 0.9256883859634399
2024-06-02 23:28:23,379 - Name: 50, Distance: 0.9947943687438965
2024-06-02 23:28:23,379 - Name: 21, Distance: 1.009814739227295
2024-06-02 23:28:23,379 - Name: 23, Distance: 1.0161094665527344
2024-06-02 23:28:23,431 - 51 result:
2024-06-02 23:28:23,432 - Name: 57, Distance: 0.8081825375556946
2024-06-02 23:28:23,432 - Name: 57, Distance: 0.8359906077384949
2024-06-02 23:28:23,432 - Name: 57, Distance: 0.9791797399520874
2024-06-02 23:28:23,432 - Name: 14, Distance: 1.0422170162200928
2024-06-02 23:28:23,432 - Name: 14, Distance: 1.0574729442596436
2024-06-02 23:28:23,631 - 52 result:
2024-06-02 23:28:23,631 - Name: 28, Distance: 0.9683436155319214
2024-06-02 23:28:23,631 - Name: 26, Distance: 0.9759435653686523
2024-06-02 23:28:23,631 - Name: 26, Distance: 0.9782800078392029
2024-06-02 23:28:23,631 - Name: 28, Distance: 0.9904358386993408
2024-06-02 23:28:23,631 - Name: 26, Distance: 1.0158437490463257
2024-06-02 23:28:23,714 - 53 result:
2024-06-02 23:28:23,714 - Name: 54, Distance: 1.0176048278808594
2024-06-02 23:28:23,714 - Name: 54, Distance: 1.0300383567810059
2024-06-02 23:28:23,714 - Name: 35, Distance: 1.0452898740768433
2024-06-02 23:28:23,714 - Name: 47, Distance: 1.0694829225540161
2024-06-02 23:28:23,714 - Name: 40, Distance: 1.072727918624878
2024-06-02 23:28:24,323 - 54 result:
2024-06-02 23:28:24,323 - Name: 54, Distance: 0.8880339860916138
2024-06-02 23:28:24,323 - Name: 54, Distance: 0.9220343828201294
2024-06-02 23:28:24,323 - Name: 54, Distance: 1.009500503540039
2024-06-02 23:28:24,324 - Name: 2, Distance: 1.1252566576004028
2024-06-02 23:28:24,324 - Name: 2, Distance: 1.130947470664978
2024-06-02 23:28:24,377 - 55 result:
2024-06-02 23:28:24,377 - Name: 55, Distance: 0.9214176535606384
2024-06-02 23:28:24,377 - Name: 27, Distance: 1.067590594291687
2024-06-02 23:28:24,377 - Name: 28, Distance: 1.0676246881484985
2024-06-02 23:28:24,377 - Name: 55, Distance: 1.0705376863479614
2024-06-02 23:28:24,377 - Name: 55, Distance: 1.0760536193847656
2024-06-02 23:28:24,433 - 56 result:
2024-06-02 23:28:24,433 - Name: 45, Distance: 0.8161745667457581
2024-06-02 23:28:24,433 - Name: 45, Distance: 0.8590636849403381
2024-06-02 23:28:24,433 - Name: 45, Distance: 0.8884665369987488
2024-06-02 23:28:24,433 - Name: 46, Distance: 0.9825312495231628
2024-06-02 23:28:24,433 - Name: 4, Distance: 1.065345287322998
2024-06-02 23:28:24,663 - 57 result:
2024-06-02 23:28:24,664 - Name: 58, Distance: 0.8040916323661804
2024-06-02 23:28:24,664 - Name: 58, Distance: 0.8790462613105774
2024-06-02 23:28:24,664 - Name: 0, Distance: 0.9992293119430542
2024-06-02 23:28:24,664 - Name: 3, Distance: 1.044466257095337
2024-06-02 23:28:24,664 - Name: 43, Distance: 1.0508219003677368
2024-06-02 23:28:25,268 - 58 result:
2024-06-02 23:28:25,268 - Name: 58, Distance: 0.8512701988220215
2024-06-02 23:28:25,268 - Name: 58, Distance: 0.9198338389396667
2024-06-02 23:28:25,268 - Name: 58, Distance: 1.0034255981445312
2024-06-02 23:28:25,268 - Name: 3, Distance: 1.0306365489959717
2024-06-02 23:28:25,268 - Name: 2, Distance: 1.0351449251174927
2024-06-02 23:28:25,321 - 59 result:
2024-06-02 23:28:25,321 - Name: 57, Distance: 0.8644147515296936
2024-06-02 23:28:25,321 - Name: 57, Distance: 0.9482452273368835
2024-06-02 23:28:25,321 - Name: 57, Distance: 0.9606549143791199
2024-06-02 23:28:25,321 - Name: 37, Distance: 1.0179439783096313
2024-06-02 23:28:25,321 - Name: 37, Distance: 1.0962942838668823
2024-06-02 23:28:25,373 - 6 result:
2024-06-02 23:28:25,373 - Name: 25, Distance: 0.9448328018188477
2024-06-02 23:28:25,373 - Name: 25, Distance: 0.9674586057662964
2024-06-02 23:28:25,373 - Name: 25, Distance: 1.0006121397018433
2024-06-02 23:28:25,373 - Name: 27, Distance: 1.028521180152893
2024-06-02 23:28:25,373 - Name: 27, Distance: 1.036612629890442
2024-06-02 23:28:25,613 - 7 result:
2024-06-02 23:28:25,613 - Name: 33, Distance: 0.9456565976142883
2024-06-02 23:28:25,613 - Name: 33, Distance: 1.0074775218963623
2024-06-02 23:28:25,613 - Name: 12, Distance: 1.0252175331115723
2024-06-02 23:28:25,613 - Name: 37, Distance: 1.0490734577178955
2024-06-02 23:28:25,613 - Name: 19, Distance: 1.0567338466644287
2024-06-02 23:28:26,221 - 8 result:
2024-06-02 23:28:26,221 - Name: 28, Distance: 0.9520334005355835
2024-06-02 23:28:26,221 - Name: 28, Distance: 0.9552631378173828
2024-06-02 23:28:26,222 - Name: 8, Distance: 0.9569597244262695
2024-06-02 23:28:26,222 - Name: 8, Distance: 0.9680855870246887
2024-06-02 23:28:26,222 - Name: 27, Distance: 0.9909830689430237
2024-06-02 23:28:26,270 - 9 result:
2024-06-02 23:28:26,270 - Name: 12, Distance: 1.0038509368896484
2024-06-02 23:28:26,270 - Name: 12, Distance: 1.05354905128479
2024-06-02 23:28:26,270 - Name: 12, Distance: 1.0987601280212402
2024-06-02 23:28:26,270 - Name: 54, Distance: 1.1103078126907349
2024-06-02 23:28:26,270 - Name: 31, Distance: 1.1123287677764893
2024-06-02 23:28:26,369 - Total samples: 58
2024-06-02 23:28:26,369 - Correct predictions: 23
2024-06-02 23:28:26,369 - Incorrect predictions: 35
2024-06-02 23:28:26,369 - Accuracy: 39.66%
2024-06-02 23:28:26,369 - Correctly predicted classes:
2024-06-02 23:28:26,369 - 55: 1
2024-06-02 23:28:26,370 - 18: 1
2024-06-02 23:28:26,370 - 5: 1
2024-06-02 23:28:26,370 - 13: 1
2024-06-02 23:28:26,370 - 3: 1
2024-06-02 23:28:26,370 - 40: 1
2024-06-02 23:28:26,370 - 20: 1
2024-06-02 23:28:26,370 - 17: 1
2024-06-02 23:28:26,370 - 24: 1
2024-06-02 23:28:26,370 - 12: 1
2024-06-02 23:28:26,370 - 25: 1
2024-06-02 23:28:26,371 - 1: 1
2024-06-02 23:28:26,371 - 58: 1
2024-06-02 23:28:26,371 - 50: 1
2024-06-02 23:28:26,371 - 2: 1
2024-06-02 23:28:26,371 - 35: 1
2024-06-02 23:28:26,371 - 54: 1
2024-06-02 23:28:26,371 - 8: 1
2024-06-02 23:28:26,371 - 48: 1
2024-06-02 23:28:26,371 - 0: 1
2024-06-02 23:28:26,371 - 14: 1
2024-06-02 23:28:26,372 - 26: 1
2024-06-02 23:28:26,372 - 16: 1
2024-06-02 23:28:26,372 - Incorrectly predicted classes:
2024-06-02 23:28:26,372 - 52: 1
2024-06-02 23:28:26,372 - 41: 1
2024-06-02 23:28:26,372 - 32: 1
2024-06-02 23:28:26,372 - 36: 1
2024-06-02 23:28:26,372 - 22: 1
2024-06-02 23:28:26,372 - 53: 1
2024-06-02 23:28:26,373 - 42: 1
2024-06-02 23:28:26,373 - 4: 1
2024-06-02 23:28:26,373 - 39: 1
2024-06-02 23:28:26,373 - 46: 1
2024-06-02 23:28:26,373 - 21: 1
2024-06-02 23:28:26,373 - 34: 1
2024-06-02 23:28:26,373 - 27: 1
2024-06-02 23:28:26,373 - 47: 1
2024-06-02 23:28:26,373 - 15: 1
2024-06-02 23:28:26,373 - 33: 1
2024-06-02 23:28:26,374 - 37: 1
2024-06-02 23:28:26,374 - 44: 1
2024-06-02 23:28:26,374 - 11: 1
2024-06-02 23:28:26,374 - 59: 1
2024-06-02 23:28:26,374 - 38: 1
2024-06-02 23:28:26,374 - 30: 1
2024-06-02 23:28:26,374 - 19: 1
2024-06-02 23:28:26,374 - 23: 1
2024-06-02 23:28:26,374 - 10: 1
2024-06-02 23:28:26,374 - 29: 1
2024-06-02 23:28:26,375 - 45: 1
2024-06-02 23:28:26,375 - 31: 1
2024-06-02 23:28:26,375 - 56: 1
2024-06-02 23:28:26,375 - 57: 1
2024-06-02 23:28:26,375 - 6: 1
2024-06-02 23:28:26,375 - 9: 1
2024-06-02 23:28:26,375 - 7: 1
2024-06-02 23:28:26,375 - 28: 1
2024-06-02 23:28:26,375 - 51: 1
