2024-06-03 02:30:44,425 - test_dir : ./Face_Dataset/Test
2024-06-03 02:30:44,425 - pretrained : work_dir/FaceNet_finetuning_Random_Batch_L2SP_aug_80_32/FaceNet_finetuning_Random_Batch_L2SP_aug_80_32_deepfake.pth
2024-06-03 02:30:44,425 - model_name : FaceNet_finetuning_Random_Batch_L2SP_aug
2024-06-03 02:31:33,521 - 0 result:
2024-06-03 02:31:33,522 - Name: 23, Distance: 0.9374770522117615
2024-06-03 02:31:33,522 - Name: 0, Distance: 0.9819185733795166
2024-06-03 02:31:33,522 - Name: 0, Distance: 1.0653804540634155
2024-06-03 02:31:33,522 - Name: 55, Distance: 1.0890939235687256
2024-06-03 02:31:33,522 - Name: 52, Distance: 1.1229190826416016
2024-06-03 02:31:33,578 - 1 result:
2024-06-03 02:31:33,578 - Name: 1, Distance: 0.8824564814567566
2024-06-03 02:31:33,578 - Name: 56, Distance: 0.9922143816947937
2024-06-03 02:31:33,578 - Name: 1, Distance: 0.9993882179260254
2024-06-03 02:31:33,578 - Name: 56, Distance: 1.0041273832321167
2024-06-03 02:31:33,578 - Name: 35, Distance: 1.0382493734359741
2024-06-03 02:31:33,631 - 10 result:
2024-06-03 02:31:33,631 - Name: 10, Distance: 0.9454219937324524
2024-06-03 02:31:33,631 - Name: 10, Distance: 0.9939475059509277
2024-06-03 02:31:33,631 - Name: 9, Distance: 1.0321836471557617
2024-06-03 02:31:33,631 - Name: 46, Distance: 1.0509307384490967
2024-06-03 02:31:33,631 - Name: 3, Distance: 1.053916096687317
2024-06-03 02:31:33,870 - 11 result:
2024-06-03 02:31:33,870 - Name: 11, Distance: 1.0049328804016113
2024-06-03 02:31:33,870 - Name: 11, Distance: 1.0610408782958984
2024-06-03 02:31:33,870 - Name: 11, Distance: 1.1046366691589355
2024-06-03 02:31:33,870 - Name: 16, Distance: 1.104728102684021
2024-06-03 02:31:33,870 - Name: 9, Distance: 1.1232703924179077
2024-06-03 02:31:34,495 - 12 result:
2024-06-03 02:31:34,495 - Name: 12, Distance: 0.8296523690223694
2024-06-03 02:31:34,495 - Name: 12, Distance: 0.8360885977745056
2024-06-03 02:31:34,496 - Name: 12, Distance: 0.8509169816970825
2024-06-03 02:31:34,496 - Name: 16, Distance: 0.9459965229034424
2024-06-03 02:31:34,496 - Name: 16, Distance: 0.9867140054702759
2024-06-03 02:31:34,551 - 13 result:
2024-06-03 02:31:34,551 - Name: 13, Distance: 0.0
2024-06-03 02:31:34,551 - Name: 13, Distance: 0.9353535771369934
2024-06-03 02:31:34,551 - Name: 59, Distance: 0.9621864557266235
2024-06-03 02:31:34,551 - Name: 13, Distance: 0.9709253311157227
2024-06-03 02:31:34,551 - Name: 5, Distance: 0.9721090793609619
2024-06-03 02:31:34,603 - 14 result:
2024-06-03 02:31:34,603 - Name: 14, Distance: 0.9878013134002686
2024-06-03 02:31:34,603 - Name: 54, Distance: 0.9985613226890564
2024-06-03 02:31:34,604 - Name: 13, Distance: 1.0225197076797485
2024-06-03 02:31:34,604 - Name: 29, Distance: 1.0232553482055664
2024-06-03 02:31:34,604 - Name: 5, Distance: 1.0298668146133423
2024-06-03 02:31:34,831 - 15 result:
2024-06-03 02:31:34,831 - Name: 16, Distance: 0.8680673241615295
2024-06-03 02:31:34,831 - Name: 30, Distance: 0.8833138942718506
2024-06-03 02:31:34,831 - Name: 18, Distance: 0.9644768238067627
2024-06-03 02:31:34,831 - Name: 26, Distance: 0.9929826855659485
2024-06-03 02:31:34,831 - Name: 16, Distance: 1.0108455419540405
2024-06-03 02:31:35,441 - 16 result:
2024-06-03 02:31:35,442 - Name: 16, Distance: 0.4951695501804352
2024-06-03 02:31:35,442 - Name: 16, Distance: 0.6969943642616272
2024-06-03 02:31:35,442 - Name: 16, Distance: 0.7494562268257141
2024-06-03 02:31:35,442 - Name: 15, Distance: 0.9303654432296753
2024-06-03 02:31:35,442 - Name: 15, Distance: 0.9504961371421814
2024-06-03 02:31:35,492 - 17 result:
2024-06-03 02:31:35,492 - Name: 17, Distance: 0.8522873520851135
2024-06-03 02:31:35,492 - Name: 17, Distance: 0.8628764152526855
2024-06-03 02:31:35,492 - Name: 17, Distance: 1.1206495761871338
2024-06-03 02:31:35,492 - Name: 20, Distance: 1.1347159147262573
2024-06-03 02:31:35,492 - Name: 20, Distance: 1.1392745971679688
2024-06-03 02:31:35,546 - 18 result:
2024-06-03 02:31:35,546 - Name: 18, Distance: 0.9228865504264832
2024-06-03 02:31:35,547 - Name: 38, Distance: 1.0921738147735596
2024-06-03 02:31:35,547 - Name: 23, Distance: 1.110041618347168
2024-06-03 02:31:35,547 - Name: 17, Distance: 1.1272313594818115
2024-06-03 02:31:35,547 - Name: 38, Distance: 1.1350704431533813
2024-06-03 02:31:35,779 - 19 result:
2024-06-03 02:31:35,779 - Name: 19, Distance: 0.7482979893684387
2024-06-03 02:31:35,779 - Name: 19, Distance: 0.9509766697883606
2024-06-03 02:31:35,779 - Name: 19, Distance: 0.9642115235328674
2024-06-03 02:31:35,779 - Name: 6, Distance: 1.0339734554290771
2024-06-03 02:31:35,779 - Name: 16, Distance: 1.0933713912963867
2024-06-03 02:31:35,825 - 2 result:
2024-06-03 02:31:35,826 - Name: 2, Distance: 0.9350061416625977
2024-06-03 02:31:35,826 - Name: 53, Distance: 0.9778115153312683
2024-06-03 02:31:35,826 - Name: 2, Distance: 0.988633930683136
2024-06-03 02:31:35,826 - Name: 2, Distance: 1.0528311729431152
2024-06-03 02:31:35,826 - Name: 44, Distance: 1.0898447036743164
2024-06-03 02:31:36,418 - 20 result:
2024-06-03 02:31:36,418 - Name: 20, Distance: 0.9666954874992371
2024-06-03 02:31:36,418 - Name: 10, Distance: 0.9961907267570496
2024-06-03 02:31:36,418 - Name: 59, Distance: 1.020169973373413
2024-06-03 02:31:36,418 - Name: 34, Distance: 1.0259524583816528
2024-06-03 02:31:36,418 - Name: 28, Distance: 1.0563875436782837
2024-06-03 02:31:36,501 - 21 result:
2024-06-03 02:31:36,501 - Name: 10, Distance: 0.8587570786476135
2024-06-03 02:31:36,501 - Name: 11, Distance: 0.9381934404373169
2024-06-03 02:31:36,501 - Name: 51, Distance: 1.0530529022216797
2024-06-03 02:31:36,502 - Name: 18, Distance: 1.0621720552444458
2024-06-03 02:31:36,502 - Name: 5, Distance: 1.0744483470916748
2024-06-03 02:31:36,599 - 22 result:
2024-06-03 02:31:36,600 - Name: 12, Distance: 0.9183955192565918
2024-06-03 02:31:36,600 - Name: 12, Distance: 0.9708422422409058
2024-06-03 02:31:36,600 - Name: 22, Distance: 1.0154895782470703
2024-06-03 02:31:36,600 - Name: 22, Distance: 1.0547531843185425
2024-06-03 02:31:36,600 - Name: 23, Distance: 1.0952966213226318
2024-06-03 02:31:36,783 - 23 result:
2024-06-03 02:31:36,783 - Name: 14, Distance: 0.9520205855369568
2024-06-03 02:31:36,783 - Name: 14, Distance: 0.9564141035079956
2024-06-03 02:31:36,783 - Name: 23, Distance: 0.9587780833244324
2024-06-03 02:31:36,783 - Name: 23, Distance: 1.060142159461975
2024-06-03 02:31:36,783 - Name: 50, Distance: 1.0675694942474365
2024-06-03 02:31:37,388 - 24 result:
2024-06-03 02:31:37,388 - Name: 24, Distance: 0.7699376940727234
2024-06-03 02:31:37,388 - Name: 24, Distance: 0.8406846523284912
2024-06-03 02:31:37,388 - Name: 24, Distance: 0.9197643995285034
2024-06-03 02:31:37,388 - Name: 31, Distance: 0.9803071022033691
2024-06-03 02:31:37,388 - Name: 34, Distance: 0.9879287481307983
2024-06-03 02:31:37,442 - 25 result:
2024-06-03 02:31:37,442 - Name: 25, Distance: 0.8120781183242798
2024-06-03 02:31:37,442 - Name: 25, Distance: 1.0123515129089355
2024-06-03 02:31:37,442 - Name: 34, Distance: 1.0169146060943604
2024-06-03 02:31:37,442 - Name: 29, Distance: 1.0281325578689575
2024-06-03 02:31:37,442 - Name: 51, Distance: 1.0419220924377441
2024-06-03 02:31:37,671 - 26 result:
2024-06-03 02:31:37,671 - Name: 26, Distance: 0.7710026502609253
2024-06-03 02:31:37,671 - Name: 26, Distance: 0.8353031873703003
2024-06-03 02:31:37,671 - Name: 16, Distance: 0.843515157699585
2024-06-03 02:31:37,671 - Name: 16, Distance: 0.9954211115837097
2024-06-03 02:31:37,671 - Name: 30, Distance: 0.9977836012840271
2024-06-03 02:31:38,267 - 27 result:
2024-06-03 02:31:38,268 - Name: 36, Distance: 0.866401195526123
2024-06-03 02:31:38,268 - Name: 27, Distance: 0.9352076053619385
2024-06-03 02:31:38,268 - Name: 24, Distance: 0.9633595943450928
2024-06-03 02:31:38,268 - Name: 36, Distance: 1.0145021677017212
2024-06-03 02:31:38,268 - Name: 52, Distance: 1.022550106048584
2024-06-03 02:31:38,349 - 28 result:
2024-06-03 02:31:38,349 - Name: 28, Distance: 0.8764618039131165
2024-06-03 02:31:38,349 - Name: 28, Distance: 0.8859185576438904
2024-06-03 02:31:38,349 - Name: 28, Distance: 1.0061382055282593
2024-06-03 02:31:38,349 - Name: 16, Distance: 1.0514730215072632
2024-06-03 02:31:38,349 - Name: 15, Distance: 1.072485089302063
2024-06-03 02:31:38,408 - 29 result:
2024-06-03 02:31:38,409 - Name: 29, Distance: 0.5928515791893005
2024-06-03 02:31:38,409 - Name: 29, Distance: 0.7462199330329895
2024-06-03 02:31:38,409 - Name: 34, Distance: 0.9110926985740662
2024-06-03 02:31:38,409 - Name: 34, Distance: 0.9164178967475891
2024-06-03 02:31:38,409 - Name: 17, Distance: 0.9483069777488708
2024-06-03 02:31:38,657 - 3 result:
2024-06-03 02:31:38,658 - Name: 3, Distance: 0.8244882822036743
2024-06-03 02:31:38,658 - Name: 3, Distance: 0.9141877889633179
2024-06-03 02:31:38,658 - Name: 40, Distance: 1.0962295532226562
2024-06-03 02:31:38,658 - Name: 3, Distance: 1.1468595266342163
2024-06-03 02:31:38,658 - Name: 20, Distance: 1.1497406959533691
2024-06-03 02:31:39,266 - 30 result:
2024-06-03 02:31:39,266 - Name: 30, Distance: 0.9402316808700562
2024-06-03 02:31:39,266 - Name: 18, Distance: 1.0067651271820068
2024-06-03 02:31:39,266 - Name: 29, Distance: 1.065232753753662
2024-06-03 02:31:39,266 - Name: 16, Distance: 1.0690569877624512
2024-06-03 02:31:39,266 - Name: 30, Distance: 1.0775691270828247
2024-06-03 02:31:39,340 - 31 result:
2024-06-03 02:31:39,340 - Name: 12, Distance: 0.9209253787994385
2024-06-03 02:31:39,340 - Name: 31, Distance: 0.929550290107727
2024-06-03 02:31:39,340 - Name: 31, Distance: 0.9918215274810791
2024-06-03 02:31:39,340 - Name: 31, Distance: 0.9953945279121399
2024-06-03 02:31:39,340 - Name: 10, Distance: 1.0390230417251587
2024-06-03 02:31:39,583 - 32 result:
2024-06-03 02:31:39,583 - Name: 22, Distance: 0.9710943698883057
2024-06-03 02:31:39,583 - Name: 56, Distance: 0.9774061441421509
2024-06-03 02:31:39,583 - Name: 22, Distance: 0.994874119758606
2024-06-03 02:31:39,583 - Name: 32, Distance: 1.0573960542678833
2024-06-03 02:31:39,583 - Name: 56, Distance: 1.068554401397705
2024-06-03 02:31:40,174 - 33 result:
2024-06-03 02:31:40,175 - Name: 29, Distance: 0.9328761100769043
2024-06-03 02:31:40,175 - Name: 5, Distance: 0.9871208071708679
2024-06-03 02:31:40,175 - Name: 5, Distance: 1.0023753643035889
2024-06-03 02:31:40,175 - Name: 6, Distance: 1.002400517463684
2024-06-03 02:31:40,175 - Name: 13, Distance: 1.0138447284698486
2024-06-03 02:31:40,255 - 34 result:
2024-06-03 02:31:40,255 - Name: 34, Distance: 0.9058053493499756
2024-06-03 02:31:40,255 - Name: 34, Distance: 0.9254356622695923
2024-06-03 02:31:40,255 - Name: 34, Distance: 0.9790003895759583
2024-06-03 02:31:40,256 - Name: 30, Distance: 0.9822948575019836
2024-06-03 02:31:40,256 - Name: 19, Distance: 0.9907752275466919
2024-06-03 02:31:40,314 - 35 result:
2024-06-03 02:31:40,314 - Name: 35, Distance: 0.7995298504829407
2024-06-03 02:31:40,314 - Name: 35, Distance: 0.8805941343307495
2024-06-03 02:31:40,314 - Name: 35, Distance: 0.9085158109664917
2024-06-03 02:31:40,315 - Name: 10, Distance: 1.0427459478378296
2024-06-03 02:31:40,315 - Name: 46, Distance: 1.0530235767364502
2024-06-03 02:31:40,559 - 36 result:
2024-06-03 02:31:40,560 - Name: 36, Distance: 0.9007545113563538
2024-06-03 02:31:40,560 - Name: 52, Distance: 0.9663248658180237
2024-06-03 02:31:40,560 - Name: 38, Distance: 1.0465456247329712
2024-06-03 02:31:40,560 - Name: 52, Distance: 1.048589825630188
2024-06-03 02:31:40,560 - Name: 53, Distance: 1.0654959678649902
2024-06-03 02:31:41,172 - 37 result:
2024-06-03 02:31:41,173 - Name: 35, Distance: 0.8961565494537354
2024-06-03 02:31:41,177 - Name: 37, Distance: 0.8974372148513794
2024-06-03 02:31:41,177 - Name: 37, Distance: 0.9515960216522217
2024-06-03 02:31:41,177 - Name: 47, Distance: 1.011864423751831
2024-06-03 02:31:41,177 - Name: 47, Distance: 1.0242183208465576
2024-06-03 02:31:41,278 - 38 result:
2024-06-03 02:31:41,278 - Name: 36, Distance: 0.9257704615592957
2024-06-03 02:31:41,278 - Name: 21, Distance: 1.0718297958374023
2024-06-03 02:31:41,278 - Name: 33, Distance: 1.113099455833435
2024-06-03 02:31:41,278 - Name: 53, Distance: 1.1410528421401978
2024-06-03 02:31:41,278 - Name: 5, Distance: 1.1471006870269775
2024-06-03 02:31:41,336 - 39 result:
2024-06-03 02:31:41,337 - Name: 1, Distance: 1.0089137554168701
2024-06-03 02:31:41,337 - Name: 2, Distance: 1.0382517576217651
2024-06-03 02:31:41,337 - Name: 53, Distance: 1.0400044918060303
2024-06-03 02:31:41,337 - Name: 42, Distance: 1.0445739030838013
2024-06-03 02:31:41,337 - Name: 23, Distance: 1.0654852390289307
2024-06-03 02:31:41,576 - 4 result:
2024-06-03 02:31:41,576 - Name: 39, Distance: 0.9377084374427795
2024-06-03 02:31:41,576 - Name: 58, Distance: 1.0090464353561401
2024-06-03 02:31:41,576 - Name: 31, Distance: 1.0678373575210571
2024-06-03 02:31:41,576 - Name: 4, Distance: 1.0990206003189087
2024-06-03 02:31:41,576 - Name: 48, Distance: 1.1255135536193848
2024-06-03 02:31:42,196 - 40 result:
2024-06-03 02:31:42,196 - Name: 40, Distance: 0.986746609210968
2024-06-03 02:31:42,196 - Name: 40, Distance: 1.0705530643463135
2024-06-03 02:31:42,196 - Name: 30, Distance: 1.0964716672897339
2024-06-03 02:31:42,196 - Name: 24, Distance: 1.1225086450576782
2024-06-03 02:31:42,196 - Name: 6, Distance: 1.1325442790985107
2024-06-03 02:31:42,253 - 41 result:
2024-06-03 02:31:42,253 - Name: 16, Distance: 1.0851088762283325
2024-06-03 02:31:42,253 - Name: 16, Distance: 1.0926868915557861
2024-06-03 02:31:42,253 - Name: 12, Distance: 1.1370996236801147
2024-06-03 02:31:42,253 - Name: 8, Distance: 1.1442750692367554
2024-06-03 02:31:42,253 - Name: 54, Distance: 1.14803147315979
2024-06-03 02:31:42,487 - 42 result:
2024-06-03 02:31:42,487 - Name: 35, Distance: 0.8812904357910156
2024-06-03 02:31:42,487 - Name: 35, Distance: 0.9675581455230713
2024-06-03 02:31:42,487 - Name: 35, Distance: 1.034178376197815
2024-06-03 02:31:42,487 - Name: 56, Distance: 1.0878630876541138
2024-06-03 02:31:42,487 - Name: 47, Distance: 1.1028259992599487
2024-06-03 02:31:43,075 - 44 result:
2024-06-03 02:31:43,076 - Name: 44, Distance: 0.8014281392097473
2024-06-03 02:31:43,076 - Name: 45, Distance: 1.0066750049591064
2024-06-03 02:31:43,076 - Name: 44, Distance: 1.0598666667938232
2024-06-03 02:31:43,076 - Name: 44, Distance: 1.0711302757263184
2024-06-03 02:31:43,076 - Name: 58, Distance: 1.115362286567688
2024-06-03 02:31:43,151 - 45 result:
2024-06-03 02:31:43,151 - Name: 52, Distance: 0.9323780536651611
2024-06-03 02:31:43,151 - Name: 55, Distance: 0.9697690606117249
2024-06-03 02:31:43,151 - Name: 52, Distance: 1.0397133827209473
2024-06-03 02:31:43,151 - Name: 55, Distance: 1.064164638519287
2024-06-03 02:31:43,151 - Name: 47, Distance: 1.0701305866241455
2024-06-03 02:31:43,209 - 46 result:
2024-06-03 02:31:43,209 - Name: 46, Distance: 0.651708722114563
2024-06-03 02:31:43,209 - Name: 46, Distance: 0.7034205198287964
2024-06-03 02:31:43,209 - Name: 46, Distance: 0.7270161509513855
2024-06-03 02:31:43,209 - Name: 35, Distance: 0.9566402435302734
2024-06-03 02:31:43,209 - Name: 43, Distance: 1.0175527334213257
2024-06-03 02:31:43,451 - 47 result:
2024-06-03 02:31:43,451 - Name: 58, Distance: 0.8205921649932861
2024-06-03 02:31:43,451 - Name: 47, Distance: 0.8807644248008728
2024-06-03 02:31:43,451 - Name: 53, Distance: 0.919516921043396
2024-06-03 02:31:43,451 - Name: 36, Distance: 0.9365136027336121
2024-06-03 02:31:43,451 - Name: 55, Distance: 0.939202070236206
2024-06-03 02:31:44,056 - 48 result:
2024-06-03 02:31:44,057 - Name: 48, Distance: 0.8956520557403564
2024-06-03 02:31:44,057 - Name: 51, Distance: 0.9182656407356262
2024-06-03 02:31:44,057 - Name: 42, Distance: 0.9528304934501648
2024-06-03 02:31:44,057 - Name: 48, Distance: 0.9571164846420288
2024-06-03 02:31:44,057 - Name: 39, Distance: 1.0205596685409546
2024-06-03 02:31:44,151 - 5 result:
2024-06-03 02:31:44,152 - Name: 5, Distance: 0.9700613617897034
2024-06-03 02:31:44,152 - Name: 5, Distance: 1.0133224725723267
2024-06-03 02:31:44,152 - Name: 17, Distance: 1.0283981561660767
2024-06-03 02:31:44,152 - Name: 5, Distance: 1.05772864818573
2024-06-03 02:31:44,152 - Name: 29, Distance: 1.0663448572158813
2024-06-03 02:31:44,202 - 50 result:
2024-06-03 02:31:44,203 - Name: 50, Distance: 1.0531173944473267
2024-06-03 02:31:44,203 - Name: 50, Distance: 1.0805790424346924
2024-06-03 02:31:44,203 - Name: 7, Distance: 1.097642421722412
2024-06-03 02:31:44,203 - Name: 7, Distance: 1.0997133255004883
2024-06-03 02:31:44,203 - Name: 58, Distance: 1.1146427392959595
2024-06-03 02:31:44,443 - 51 result:
2024-06-03 02:31:44,443 - Name: 11, Distance: 1.0422691106796265
2024-06-03 02:31:44,443 - Name: 59, Distance: 1.074936032295227
2024-06-03 02:31:44,443 - Name: 57, Distance: 1.0923371315002441
2024-06-03 02:31:44,443 - Name: 8, Distance: 1.1096315383911133
2024-06-03 02:31:44,443 - Name: 50, Distance: 1.1482088565826416
2024-06-03 02:31:45,078 - 52 result:
2024-06-03 02:31:45,078 - Name: 44, Distance: 0.9412646293640137
2024-06-03 02:31:45,079 - Name: 52, Distance: 0.9500337839126587
2024-06-03 02:31:45,079 - Name: 44, Distance: 0.9687635898590088
2024-06-03 02:31:45,079 - Name: 36, Distance: 1.0311864614486694
2024-06-03 02:31:45,079 - Name: 45, Distance: 1.0739704370498657
2024-06-03 02:31:45,151 - 53 result:
2024-06-03 02:31:45,151 - Name: 53, Distance: 0.8638046979904175
2024-06-03 02:31:45,151 - Name: 53, Distance: 0.9607446789741516
2024-06-03 02:31:45,151 - Name: 53, Distance: 0.9839825630187988
2024-06-03 02:31:45,151 - Name: 55, Distance: 0.998375415802002
2024-06-03 02:31:45,151 - Name: 36, Distance: 1.0067230463027954
2024-06-03 02:31:45,446 - 54 result:
2024-06-03 02:31:45,446 - Name: 54, Distance: 0.912338137626648
2024-06-03 02:31:45,446 - Name: 54, Distance: 0.9174624681472778
2024-06-03 02:31:45,446 - Name: 37, Distance: 1.118634819984436
2024-06-03 02:31:45,446 - Name: 37, Distance: 1.1263234615325928
2024-06-03 02:31:45,447 - Name: 25, Distance: 1.1278446912765503
2024-06-03 02:31:45,986 - 55 result:
2024-06-03 02:31:45,986 - Name: 36, Distance: 0.9867658019065857
2024-06-03 02:31:45,986 - Name: 36, Distance: 1.1296252012252808
2024-06-03 02:31:45,986 - Name: 58, Distance: 1.1318936347961426
2024-06-03 02:31:45,987 - Name: 36, Distance: 1.13331937789917
2024-06-03 02:31:45,987 - Name: 52, Distance: 1.1343275308609009
2024-06-03 02:31:46,043 - 56 result:
2024-06-03 02:31:46,043 - Name: 56, Distance: 0.8624982833862305
2024-06-03 02:31:46,043 - Name: 56, Distance: 0.8842830657958984
2024-06-03 02:31:46,043 - Name: 56, Distance: 0.9430637955665588
2024-06-03 02:31:46,043 - Name: 35, Distance: 0.9922266006469727
2024-06-03 02:31:46,043 - Name: 4, Distance: 1.027235746383667
2024-06-03 02:31:46,093 - 57 result:
2024-06-03 02:31:46,093 - Name: 59, Distance: 0.9239317178726196
2024-06-03 02:31:46,093 - Name: 40, Distance: 1.0670075416564941
2024-06-03 02:31:46,093 - Name: 57, Distance: 1.0890225172042847
2024-06-03 02:31:46,093 - Name: 51, Distance: 1.0990266799926758
2024-06-03 02:31:46,093 - Name: 57, Distance: 1.1016942262649536
2024-06-03 02:31:46,325 - 58 result:
2024-06-03 02:31:46,325 - Name: 58, Distance: 1.018898367881775
2024-06-03 02:31:46,325 - Name: 58, Distance: 1.0336660146713257
2024-06-03 02:31:46,325 - Name: 0, Distance: 1.0711591243743896
2024-06-03 02:31:46,325 - Name: 53, Distance: 1.0818458795547485
2024-06-03 02:31:46,325 - Name: 38, Distance: 1.0845891237258911
2024-06-03 02:31:47,012 - 59 result:
2024-06-03 02:31:47,012 - Name: 2, Distance: 0.9274763464927673
2024-06-03 02:31:47,012 - Name: 2, Distance: 0.9969125390052795
2024-06-03 02:31:47,012 - Name: 59, Distance: 1.0000988245010376
2024-06-03 02:31:47,012 - Name: 52, Distance: 1.0097242593765259
2024-06-03 02:31:47,012 - Name: 54, Distance: 1.0487310886383057
2024-06-03 02:31:47,354 - 6 result:
2024-06-03 02:31:47,354 - Name: 36, Distance: 0.9579952359199524
2024-06-03 02:31:47,354 - Name: 36, Distance: 1.0720207691192627
2024-06-03 02:31:47,355 - Name: 14, Distance: 1.0796562433242798
2024-06-03 02:31:47,355 - Name: 6, Distance: 1.088414192199707
2024-06-03 02:31:47,355 - Name: 6, Distance: 1.0915132761001587
2024-06-03 02:31:48,122 - 7 result:
2024-06-03 02:31:48,122 - Name: 11, Distance: 1.0701066255569458
2024-06-03 02:31:48,122 - Name: 7, Distance: 1.1040558815002441
2024-06-03 02:31:48,122 - Name: 50, Distance: 1.1042760610580444
2024-06-03 02:31:48,122 - Name: 33, Distance: 1.1328799724578857
2024-06-03 02:31:48,122 - Name: 7, Distance: 1.1640465259552002
2024-06-03 02:31:49,023 - 8 result:
2024-06-03 02:31:49,023 - Name: 8, Distance: 0.5952128767967224
2024-06-03 02:31:49,023 - Name: 8, Distance: 0.644827663898468
2024-06-03 02:31:49,024 - Name: 8, Distance: 0.7204692959785461
2024-06-03 02:31:49,024 - Name: 26, Distance: 0.9336786866188049
2024-06-03 02:31:49,024 - Name: 27, Distance: 0.9600939750671387
2024-06-03 02:31:49,128 - 9 result:
2024-06-03 02:31:49,128 - Name: 54, Distance: 0.9913259744644165
2024-06-03 02:31:49,128 - Name: 20, Distance: 1.0346745252609253
2024-06-03 02:31:49,128 - Name: 51, Distance: 1.041013479232788
2024-06-03 02:31:49,128 - Name: 6, Distance: 1.0647090673446655
2024-06-03 02:31:49,128 - Name: 25, Distance: 1.125991702079773
2024-06-03 02:31:49,268 - Total samples: 58
2024-06-03 02:31:49,268 - Correct predictions: 47
2024-06-03 02:31:49,269 - Incorrect predictions: 11
2024-06-03 02:31:49,269 - Accuracy: 81.03%
2024-06-03 02:31:49,269 - Correctly predicted classes:
2024-06-03 02:31:49,269 - 35: 1
2024-06-03 02:31:49,269 - 18: 1
2024-06-03 02:31:49,269 - 19: 1
2024-06-03 02:31:49,269 - 7: 1
2024-06-03 02:31:49,269 - 32: 1
2024-06-03 02:31:49,269 - 2: 1
2024-06-03 02:31:49,270 - 58: 1
2024-06-03 02:31:49,270 - 24: 1
2024-06-03 02:31:49,270 - 1: 1
2024-06-03 02:31:49,270 - 40: 1
2024-06-03 02:31:49,270 - 44: 1
2024-06-03 02:31:49,270 - 56: 1
2024-06-03 02:31:49,270 - 5: 1
2024-06-03 02:31:49,270 - 48: 1
2024-06-03 02:31:49,271 - 52: 1
2024-06-03 02:31:49,271 - 50: 1
2024-06-03 02:31:49,271 - 16: 1
2024-06-03 02:31:49,271 - 27: 1
2024-06-03 02:31:49,271 - 8: 1
2024-06-03 02:31:49,271 - 12: 1
2024-06-03 02:31:49,271 - 17: 1
2024-06-03 02:31:49,271 - 36: 1
2024-06-03 02:31:49,271 - 53: 1
2024-06-03 02:31:49,272 - 0: 1
2024-06-03 02:31:49,272 - 20: 1
2024-06-03 02:31:49,272 - 11: 1
2024-06-03 02:31:49,272 - 13: 1
2024-06-03 02:31:49,272 - 46: 1
2024-06-03 02:31:49,272 - 59: 1
2024-06-03 02:31:49,272 - 37: 1
2024-06-03 02:31:49,272 - 28: 1
2024-06-03 02:31:49,272 - 4: 1
2024-06-03 02:31:49,273 - 29: 1
2024-06-03 02:31:49,273 - 57: 1
2024-06-03 02:31:49,273 - 26: 1
2024-06-03 02:31:49,273 - 10: 1
2024-06-03 02:31:49,273 - 31: 1
2024-06-03 02:31:49,273 - 47: 1
2024-06-03 02:31:49,273 - 23: 1
2024-06-03 02:31:49,273 - 25: 1
2024-06-03 02:31:49,273 - 30: 1
2024-06-03 02:31:49,274 - 54: 1
2024-06-03 02:31:49,274 - 14: 1
2024-06-03 02:31:49,274 - 6: 1
2024-06-03 02:31:49,274 - 3: 1
2024-06-03 02:31:49,274 - 22: 1
2024-06-03 02:31:49,274 - 34: 1
2024-06-03 02:31:49,274 - Incorrectly predicted classes:
2024-06-03 02:31:49,274 - 51: 1
2024-06-03 02:31:49,274 - 15: 1
2024-06-03 02:31:49,275 - 33: 1
2024-06-03 02:31:49,275 - 39: 1
2024-06-03 02:31:49,275 - 42: 1
2024-06-03 02:31:49,275 - 45: 1
2024-06-03 02:31:49,275 - 9: 1
2024-06-03 02:31:49,275 - 55: 1
2024-06-03 02:31:49,275 - 21: 1
2024-06-03 02:31:49,275 - 41: 1
2024-06-03 02:31:49,275 - 38: 1
