2024-06-03 02:31:12,263 - test_dir : ./Face_Dataset/Test
2024-06-03 02:31:12,263 - pretrained : work_dir/FaceNet_finetuning_Random_Batch_L2SP_deepfake_100_32/FaceNet_finetuning_Random_Batch_L2SP_deepfake_100_32_deepfake.pth
2024-06-03 02:31:12,263 - model_name : FaceNet_finetuning_Random_Batch_L2SP_deepfake
2024-06-03 02:32:04,370 - 0 result:
2024-06-03 02:32:04,371 - Name: 37, Distance: 0.9597536325454712
2024-06-03 02:32:04,371 - Name: 23, Distance: 1.0503777265548706
2024-06-03 02:32:04,371 - Name: 45, Distance: 1.133712887763977
2024-06-03 02:32:04,371 - Name: 0, Distance: 1.1382842063903809
2024-06-03 02:32:04,371 - Name: 0, Distance: 1.1732738018035889
2024-06-03 02:32:04,421 - 1 result:
2024-06-03 02:32:04,421 - Name: 1, Distance: 1.0159976482391357
2024-06-03 02:32:04,421 - Name: 1, Distance: 1.0470737218856812
2024-06-03 02:32:04,421 - Name: 30, Distance: 1.102962851524353
2024-06-03 02:32:04,421 - Name: 27, Distance: 1.1158905029296875
2024-06-03 02:32:04,421 - Name: 25, Distance: 1.116625428199768
2024-06-03 02:32:04,475 - 10 result:
2024-06-03 02:32:04,475 - Name: 3, Distance: 1.0397363901138306
2024-06-03 02:32:04,475 - Name: 10, Distance: 1.069624423980713
2024-06-03 02:32:04,475 - Name: 32, Distance: 1.0905117988586426
2024-06-03 02:32:04,475 - Name: 18, Distance: 1.0997568368911743
2024-06-03 02:32:04,475 - Name: 3, Distance: 1.1118247509002686
2024-06-03 02:32:04,714 - 11 result:
2024-06-03 02:32:04,714 - Name: 11, Distance: 1.0909239053726196
2024-06-03 02:32:04,714 - Name: 33, Distance: 1.1062825918197632
2024-06-03 02:32:04,714 - Name: 11, Distance: 1.1428066492080688
2024-06-03 02:32:04,715 - Name: 11, Distance: 1.1488945484161377
2024-06-03 02:32:04,715 - Name: 42, Distance: 1.1751347780227661
2024-06-03 02:32:05,298 - 12 result:
2024-06-03 02:32:05,299 - Name: 12, Distance: 0.9144010543823242
2024-06-03 02:32:05,299 - Name: 16, Distance: 1.0417113304138184
2024-06-03 02:32:05,299 - Name: 12, Distance: 1.0454280376434326
2024-06-03 02:32:05,299 - Name: 2, Distance: 1.1038986444473267
2024-06-03 02:32:05,299 - Name: 16, Distance: 1.1200757026672363
2024-06-03 02:32:05,384 - 13 result:
2024-06-03 02:32:05,385 - Name: 13, Distance: 0.0
2024-06-03 02:32:05,385 - Name: 33, Distance: 1.0381511449813843
2024-06-03 02:32:05,385 - Name: 17, Distance: 1.0752848386764526
2024-06-03 02:32:05,385 - Name: 14, Distance: 1.0870285034179688
2024-06-03 02:32:05,385 - Name: 26, Distance: 1.0975325107574463
2024-06-03 02:32:05,438 - 14 result:
2024-06-03 02:32:05,438 - Name: 29, Distance: 0.937091588973999
2024-06-03 02:32:05,438 - Name: 50, Distance: 1.1199523210525513
2024-06-03 02:32:05,439 - Name: 8, Distance: 1.1364378929138184
2024-06-03 02:32:05,439 - Name: 13, Distance: 1.1601676940917969
2024-06-03 02:32:05,439 - Name: 23, Distance: 1.1642745733261108
2024-06-03 02:32:05,688 - 15 result:
2024-06-03 02:32:05,688 - Name: 26, Distance: 0.9614726305007935
2024-06-03 02:32:05,688 - Name: 30, Distance: 0.9639376401901245
2024-06-03 02:32:05,688 - Name: 24, Distance: 0.9970082640647888
2024-06-03 02:32:05,688 - Name: 27, Distance: 1.0039461851119995
2024-06-03 02:32:05,688 - Name: 26, Distance: 1.0467923879623413
2024-06-03 02:32:06,302 - 16 result:
2024-06-03 02:32:06,303 - Name: 16, Distance: 0.612991452217102
2024-06-03 02:32:06,303 - Name: 16, Distance: 0.8689245581626892
2024-06-03 02:32:06,303 - Name: 16, Distance: 0.9199510812759399
2024-06-03 02:32:06,303 - Name: 15, Distance: 1.0098671913146973
2024-06-03 02:32:06,303 - Name: 12, Distance: 1.0537326335906982
2024-06-03 02:32:06,354 - 17 result:
2024-06-03 02:32:06,355 - Name: 17, Distance: 0.9540694355964661
2024-06-03 02:32:06,355 - Name: 17, Distance: 1.07241952419281
2024-06-03 02:32:06,355 - Name: 3, Distance: 1.0857840776443481
2024-06-03 02:32:06,355 - Name: 13, Distance: 1.0948402881622314
2024-06-03 02:32:06,355 - Name: 20, Distance: 1.1314679384231567
2024-06-03 02:32:06,409 - 18 result:
2024-06-03 02:32:06,409 - Name: 18, Distance: 0.954346776008606
2024-06-03 02:32:06,409 - Name: 27, Distance: 1.0866690874099731
2024-06-03 02:32:06,409 - Name: 27, Distance: 1.1070853471755981
2024-06-03 02:32:06,409 - Name: 10, Distance: 1.1160708665847778
2024-06-03 02:32:06,409 - Name: 35, Distance: 1.1389400959014893
2024-06-03 02:32:06,641 - 19 result:
2024-06-03 02:32:06,642 - Name: 19, Distance: 0.7735403180122375
2024-06-03 02:32:06,642 - Name: 19, Distance: 0.8285617828369141
2024-06-03 02:32:06,642 - Name: 19, Distance: 1.0479384660720825
2024-06-03 02:32:06,642 - Name: 28, Distance: 1.0584948062896729
2024-06-03 02:32:06,642 - Name: 28, Distance: 1.08259916305542
2024-06-03 02:32:07,257 - 2 result:
2024-06-03 02:32:07,257 - Name: 2, Distance: 0.9466410279273987
2024-06-03 02:32:07,257 - Name: 2, Distance: 0.9663424491882324
2024-06-03 02:32:07,257 - Name: 2, Distance: 1.0198665857315063
2024-06-03 02:32:07,257 - Name: 59, Distance: 1.0673922300338745
2024-06-03 02:32:07,257 - Name: 50, Distance: 1.0828218460083008
2024-06-03 02:32:07,308 - 20 result:
2024-06-03 02:32:07,308 - Name: 34, Distance: 1.054289698600769
2024-06-03 02:32:07,308 - Name: 2, Distance: 1.0652694702148438
2024-06-03 02:32:07,308 - Name: 40, Distance: 1.1013827323913574
2024-06-03 02:32:07,308 - Name: 40, Distance: 1.124586820602417
2024-06-03 02:32:07,308 - Name: 20, Distance: 1.1396374702453613
2024-06-03 02:32:07,361 - 21 result:
2024-06-03 02:32:07,362 - Name: 11, Distance: 1.059688925743103
2024-06-03 02:32:07,362 - Name: 20, Distance: 1.0648276805877686
2024-06-03 02:32:07,362 - Name: 7, Distance: 1.0738866329193115
2024-06-03 02:32:07,362 - Name: 21, Distance: 1.0785605907440186
2024-06-03 02:32:07,362 - Name: 51, Distance: 1.084822177886963
2024-06-03 02:32:07,603 - 22 result:
2024-06-03 02:32:07,603 - Name: 2, Distance: 1.089830756187439
2024-06-03 02:32:07,603 - Name: 22, Distance: 1.0933421850204468
2024-06-03 02:32:07,603 - Name: 48, Distance: 1.100867509841919
2024-06-03 02:32:07,603 - Name: 12, Distance: 1.111781358718872
2024-06-03 02:32:07,603 - Name: 43, Distance: 1.125462532043457
2024-06-03 02:32:08,220 - 23 result:
2024-06-03 02:32:08,220 - Name: 23, Distance: 1.046751618385315
2024-06-03 02:32:08,220 - Name: 59, Distance: 1.0510210990905762
2024-06-03 02:32:08,220 - Name: 14, Distance: 1.05179762840271
2024-06-03 02:32:08,220 - Name: 50, Distance: 1.064480185508728
2024-06-03 02:32:08,220 - Name: 13, Distance: 1.0681986808776855
2024-06-03 02:32:08,272 - 24 result:
2024-06-03 02:32:08,273 - Name: 24, Distance: 0.8711394667625427
2024-06-03 02:32:08,273 - Name: 29, Distance: 0.963375985622406
2024-06-03 02:32:08,273 - Name: 24, Distance: 1.0014944076538086
2024-06-03 02:32:08,273 - Name: 30, Distance: 1.0435537099838257
2024-06-03 02:32:08,273 - Name: 28, Distance: 1.0561326742172241
2024-06-03 02:32:08,506 - 25 result:
2024-06-03 02:32:08,506 - Name: 24, Distance: 0.9240068197250366
2024-06-03 02:32:08,506 - Name: 30, Distance: 0.9349176287651062
2024-06-03 02:32:08,506 - Name: 25, Distance: 0.9387121796607971
2024-06-03 02:32:08,506 - Name: 27, Distance: 0.9470962285995483
2024-06-03 02:32:08,506 - Name: 26, Distance: 0.9930292963981628
2024-06-03 02:32:09,117 - 26 result:
2024-06-03 02:32:09,117 - Name: 26, Distance: 0.8127843141555786
2024-06-03 02:32:09,117 - Name: 26, Distance: 0.8588308095932007
2024-06-03 02:32:09,117 - Name: 26, Distance: 0.9318281412124634
2024-06-03 02:32:09,118 - Name: 15, Distance: 0.9645829796791077
2024-06-03 02:32:09,118 - Name: 18, Distance: 1.034525752067566
2024-06-03 02:32:09,223 - 27 result:
2024-06-03 02:32:09,223 - Name: 36, Distance: 0.9201131463050842
2024-06-03 02:32:09,223 - Name: 24, Distance: 0.9422117471694946
2024-06-03 02:32:09,223 - Name: 27, Distance: 1.0192991495132446
2024-06-03 02:32:09,223 - Name: 52, Distance: 1.033583164215088
2024-06-03 02:32:09,223 - Name: 52, Distance: 1.067352533340454
2024-06-03 02:32:09,277 - 28 result:
2024-06-03 02:32:09,277 - Name: 28, Distance: 0.8333055377006531
2024-06-03 02:32:09,277 - Name: 9, Distance: 0.9800158739089966
2024-06-03 02:32:09,277 - Name: 28, Distance: 1.0024393796920776
2024-06-03 02:32:09,277 - Name: 23, Distance: 1.0509445667266846
2024-06-03 02:32:09,277 - Name: 10, Distance: 1.051339030265808
2024-06-03 02:32:09,514 - 29 result:
2024-06-03 02:32:09,514 - Name: 29, Distance: 0.8237854838371277
2024-06-03 02:32:09,514 - Name: 47, Distance: 1.095916509628296
2024-06-03 02:32:09,514 - Name: 29, Distance: 1.1117833852767944
2024-06-03 02:32:09,514 - Name: 34, Distance: 1.1410671472549438
2024-06-03 02:32:09,514 - Name: 34, Distance: 1.1494193077087402
2024-06-03 02:32:10,124 - 3 result:
2024-06-03 02:32:10,124 - Name: 3, Distance: 0.9063157439231873
2024-06-03 02:32:10,124 - Name: 3, Distance: 0.9903347492218018
2024-06-03 02:32:10,124 - Name: 4, Distance: 1.0685292482376099
2024-06-03 02:32:10,124 - Name: 14, Distance: 1.076509952545166
2024-06-03 02:32:10,124 - Name: 20, Distance: 1.0986799001693726
2024-06-03 02:32:10,175 - 30 result:
2024-06-03 02:32:10,176 - Name: 30, Distance: 1.046655535697937
2024-06-03 02:32:10,176 - Name: 9, Distance: 1.0617358684539795
2024-06-03 02:32:10,176 - Name: 4, Distance: 1.0831388235092163
2024-06-03 02:32:10,176 - Name: 24, Distance: 1.0944221019744873
2024-06-03 02:32:10,176 - Name: 2, Distance: 1.1344677209854126
2024-06-03 02:32:10,228 - 31 result:
2024-06-03 02:32:10,229 - Name: 31, Distance: 1.0038485527038574
2024-06-03 02:32:10,229 - Name: 31, Distance: 1.0336793661117554
2024-06-03 02:32:10,229 - Name: 12, Distance: 1.061841607093811
2024-06-03 02:32:10,229 - Name: 32, Distance: 1.1087663173675537
2024-06-03 02:32:10,229 - Name: 22, Distance: 1.1170322895050049
2024-06-03 02:32:10,456 - 32 result:
2024-06-03 02:32:10,456 - Name: 16, Distance: 0.9970419406890869
2024-06-03 02:32:10,456 - Name: 22, Distance: 1.013549566268921
2024-06-03 02:32:10,456 - Name: 22, Distance: 1.0512282848358154
2024-06-03 02:32:10,456 - Name: 32, Distance: 1.061720848083496
2024-06-03 02:32:10,456 - Name: 56, Distance: 1.0829182863235474
2024-06-03 02:32:11,066 - 33 result:
2024-06-03 02:32:11,066 - Name: 7, Distance: 1.016538381576538
2024-06-03 02:32:11,066 - Name: 12, Distance: 1.0703011751174927
2024-06-03 02:32:11,066 - Name: 11, Distance: 1.0834320783615112
2024-06-03 02:32:11,066 - Name: 18, Distance: 1.0857499837875366
2024-06-03 02:32:11,066 - Name: 19, Distance: 1.1094181537628174
2024-06-03 02:32:11,169 - 34 result:
2024-06-03 02:32:11,170 - Name: 29, Distance: 1.0725733041763306
2024-06-03 02:32:11,170 - Name: 27, Distance: 1.1115466356277466
2024-06-03 02:32:11,170 - Name: 34, Distance: 1.1192307472229004
2024-06-03 02:32:11,170 - Name: 24, Distance: 1.1351555585861206
2024-06-03 02:32:11,170 - Name: 34, Distance: 1.1436147689819336
2024-06-03 02:32:11,415 - 35 result:
2024-06-03 02:32:11,415 - Name: 35, Distance: 0.9137614965438843
2024-06-03 02:32:11,415 - Name: 35, Distance: 0.9755284190177917
2024-06-03 02:32:11,415 - Name: 10, Distance: 1.083138346672058
2024-06-03 02:32:11,415 - Name: 35, Distance: 1.0940252542495728
2024-06-03 02:32:11,415 - Name: 21, Distance: 1.1245858669281006
2024-06-03 02:32:12,020 - 36 result:
2024-06-03 02:32:12,020 - Name: 23, Distance: 1.1135542392730713
2024-06-03 02:32:12,020 - Name: 36, Distance: 1.1143690347671509
2024-06-03 02:32:12,020 - Name: 52, Distance: 1.1154983043670654
2024-06-03 02:32:12,020 - Name: 52, Distance: 1.1200886964797974
2024-06-03 02:32:12,020 - Name: 8, Distance: 1.1856200695037842
2024-06-03 02:32:12,081 - 37 result:
2024-06-03 02:32:12,081 - Name: 35, Distance: 1.0081274509429932
2024-06-03 02:32:12,081 - Name: 37, Distance: 1.0093458890914917
2024-06-03 02:32:12,081 - Name: 35, Distance: 1.0253815650939941
2024-06-03 02:32:12,081 - Name: 0, Distance: 1.0737940073013306
2024-06-03 02:32:12,081 - Name: 45, Distance: 1.0997438430786133
2024-06-03 02:32:12,330 - 38 result:
2024-06-03 02:32:12,330 - Name: 36, Distance: 1.0507615804672241
2024-06-03 02:32:12,331 - Name: 55, Distance: 1.0911076068878174
2024-06-03 02:32:12,331 - Name: 57, Distance: 1.0994486808776855
2024-06-03 02:32:12,331 - Name: 59, Distance: 1.1383084058761597
2024-06-03 02:32:12,331 - Name: 36, Distance: 1.1414822340011597
2024-06-03 02:32:12,935 - 39 result:
2024-06-03 02:32:12,935 - Name: 59, Distance: 1.1443086862564087
2024-06-03 02:32:12,935 - Name: 27, Distance: 1.1502434015274048
2024-06-03 02:32:12,935 - Name: 42, Distance: 1.1720987558364868
2024-06-03 02:32:12,935 - Name: 21, Distance: 1.1981106996536255
2024-06-03 02:32:12,935 - Name: 52, Distance: 1.2073447704315186
2024-06-03 02:32:13,019 - 4 result:
2024-06-03 02:32:13,019 - Name: 39, Distance: 1.0255566835403442
2024-06-03 02:32:13,019 - Name: 58, Distance: 1.103067398071289
2024-06-03 02:32:13,019 - Name: 8, Distance: 1.1145542860031128
2024-06-03 02:32:13,019 - Name: 42, Distance: 1.1264605522155762
2024-06-03 02:32:13,019 - Name: 48, Distance: 1.1384234428405762
2024-06-03 02:32:13,071 - 40 result:
2024-06-03 02:32:13,071 - Name: 58, Distance: 0.9529592990875244
2024-06-03 02:32:13,071 - Name: 40, Distance: 1.026411533355713
2024-06-03 02:32:13,071 - Name: 40, Distance: 1.0755951404571533
2024-06-03 02:32:13,072 - Name: 40, Distance: 1.1086819171905518
2024-06-03 02:32:13,072 - Name: 44, Distance: 1.1096216440200806
2024-06-03 02:32:13,118 - 41 result:
2024-06-03 02:32:13,118 - Name: 45, Distance: 1.0406426191329956
2024-06-03 02:32:13,118 - Name: 16, Distance: 1.1058349609375
2024-06-03 02:32:13,118 - Name: 36, Distance: 1.1232631206512451
2024-06-03 02:32:13,118 - Name: 54, Distance: 1.1364490985870361
2024-06-03 02:32:13,118 - Name: 26, Distance: 1.1428436040878296
2024-06-03 02:32:13,340 - 42 result:
2024-06-03 02:32:13,340 - Name: 26, Distance: 1.1394679546356201
2024-06-03 02:32:13,340 - Name: 21, Distance: 1.1398382186889648
2024-06-03 02:32:13,340 - Name: 51, Distance: 1.1410566568374634
2024-06-03 02:32:13,340 - Name: 35, Distance: 1.1420449018478394
2024-06-03 02:32:13,340 - Name: 34, Distance: 1.1466786861419678
2024-06-03 02:32:13,950 - 44 result:
2024-06-03 02:32:13,951 - Name: 44, Distance: 0.9308147430419922
2024-06-03 02:32:13,951 - Name: 58, Distance: 1.0296690464019775
2024-06-03 02:32:13,951 - Name: 45, Distance: 1.0581138134002686
2024-06-03 02:32:13,951 - Name: 47, Distance: 1.0667670965194702
2024-06-03 02:32:13,951 - Name: 43, Distance: 1.0958786010742188
2024-06-03 02:32:14,067 - 45 result:
2024-06-03 02:32:14,068 - Name: 32, Distance: 1.0117344856262207
2024-06-03 02:32:14,068 - Name: 57, Distance: 1.0917458534240723
2024-06-03 02:32:14,068 - Name: 40, Distance: 1.1072884798049927
2024-06-03 02:32:14,068 - Name: 22, Distance: 1.163013219833374
2024-06-03 02:32:14,068 - Name: 40, Distance: 1.175894856452942
2024-06-03 02:32:14,123 - 46 result:
2024-06-03 02:32:14,123 - Name: 46, Distance: 0.8714191317558289
2024-06-03 02:32:14,123 - Name: 46, Distance: 0.8767536878585815
2024-06-03 02:32:14,123 - Name: 46, Distance: 0.9551025032997131
2024-06-03 02:32:14,123 - Name: 48, Distance: 1.135249137878418
2024-06-03 02:32:14,123 - Name: 10, Distance: 1.152727484703064
2024-06-03 02:32:14,648 - 47 result:
2024-06-03 02:32:14,648 - Name: 44, Distance: 1.107504963874817
2024-06-03 02:32:14,648 - Name: 36, Distance: 1.1317567825317383
2024-06-03 02:32:14,648 - Name: 53, Distance: 1.1376683712005615
2024-06-03 02:32:14,648 - Name: 47, Distance: 1.139373779296875
2024-06-03 02:32:14,648 - Name: 42, Distance: 1.182308554649353
2024-06-03 02:32:15,003 - 48 result:
2024-06-03 02:32:15,004 - Name: 48, Distance: 0.9061731100082397
2024-06-03 02:32:15,004 - Name: 54, Distance: 1.0473690032958984
2024-06-03 02:32:15,004 - Name: 46, Distance: 1.1047471761703491
2024-06-03 02:32:15,004 - Name: 21, Distance: 1.1327236890792847
2024-06-03 02:32:15,004 - Name: 42, Distance: 1.1351234912872314
2024-06-03 02:32:15,056 - 5 result:
2024-06-03 02:32:15,056 - Name: 5, Distance: 0.8815999627113342
2024-06-03 02:32:15,056 - Name: 5, Distance: 0.9862193465232849
2024-06-03 02:32:15,056 - Name: 5, Distance: 1.0179779529571533
2024-06-03 02:32:15,056 - Name: 20, Distance: 1.1282103061676025
2024-06-03 02:32:15,057 - Name: 29, Distance: 1.1425964832305908
2024-06-03 02:32:15,109 - 50 result:
2024-06-03 02:32:15,109 - Name: 59, Distance: 0.9676017165184021
2024-06-03 02:32:15,109 - Name: 56, Distance: 1.0239770412445068
2024-06-03 02:32:15,109 - Name: 56, Distance: 1.0243459939956665
2024-06-03 02:32:15,109 - Name: 50, Distance: 1.0276672840118408
2024-06-03 02:32:15,109 - Name: 20, Distance: 1.048431158065796
2024-06-03 02:32:15,330 - 51 result:
2024-06-03 02:32:15,330 - Name: 59, Distance: 0.8958170413970947
2024-06-03 02:32:15,330 - Name: 57, Distance: 0.9931328892707825
2024-06-03 02:32:15,330 - Name: 50, Distance: 1.0268257856369019
2024-06-03 02:32:15,330 - Name: 51, Distance: 1.0504145622253418
2024-06-03 02:32:15,330 - Name: 55, Distance: 1.0591460466384888
2024-06-03 02:32:15,924 - 52 result:
2024-06-03 02:32:15,925 - Name: 52, Distance: 1.0509989261627197
2024-06-03 02:32:15,925 - Name: 36, Distance: 1.0750123262405396
2024-06-03 02:32:15,925 - Name: 8, Distance: 1.0757685899734497
2024-06-03 02:32:15,925 - Name: 20, Distance: 1.0996798276901245
2024-06-03 02:32:15,925 - Name: 56, Distance: 1.161069393157959
2024-06-03 02:32:16,006 - 53 result:
2024-06-03 02:32:16,006 - Name: 8, Distance: 1.1419752836227417
2024-06-03 02:32:16,006 - Name: 55, Distance: 1.162688136100769
2024-06-03 02:32:16,006 - Name: 50, Distance: 1.1740909814834595
2024-06-03 02:32:16,006 - Name: 31, Distance: 1.1862093210220337
2024-06-03 02:32:16,006 - Name: 25, Distance: 1.2000616788864136
2024-06-03 02:32:16,060 - 54 result:
2024-06-03 02:32:16,061 - Name: 54, Distance: 1.010810136795044
2024-06-03 02:32:16,061 - Name: 54, Distance: 1.0530352592468262
2024-06-03 02:32:16,061 - Name: 14, Distance: 1.0705722570419312
2024-06-03 02:32:16,061 - Name: 25, Distance: 1.154283046722412
2024-06-03 02:32:16,061 - Name: 46, Distance: 1.1711139678955078
2024-06-03 02:32:16,305 - 55 result:
2024-06-03 02:32:16,305 - Name: 28, Distance: 1.0060914754867554
2024-06-03 02:32:16,305 - Name: 36, Distance: 1.0115622282028198
2024-06-03 02:32:16,305 - Name: 32, Distance: 1.0484203100204468
2024-06-03 02:32:16,306 - Name: 44, Distance: 1.067527174949646
2024-06-03 02:32:16,306 - Name: 51, Distance: 1.0767724514007568
2024-06-03 02:32:16,903 - 56 result:
2024-06-03 02:32:16,904 - Name: 56, Distance: 0.9589154720306396
2024-06-03 02:32:16,904 - Name: 56, Distance: 1.0589463710784912
2024-06-03 02:32:16,904 - Name: 30, Distance: 1.0682611465454102
2024-06-03 02:32:16,904 - Name: 4, Distance: 1.0752429962158203
2024-06-03 02:32:16,904 - Name: 56, Distance: 1.1118311882019043
2024-06-03 02:32:16,952 - 57 result:
2024-06-03 02:32:16,952 - Name: 59, Distance: 0.9992638230323792
2024-06-03 02:32:16,952 - Name: 44, Distance: 1.0438207387924194
2024-06-03 02:32:16,952 - Name: 57, Distance: 1.0496877431869507
2024-06-03 02:32:16,953 - Name: 36, Distance: 1.0852649211883545
2024-06-03 02:32:16,953 - Name: 51, Distance: 1.0910985469818115
2024-06-03 02:32:17,004 - 58 result:
2024-06-03 02:32:17,004 - Name: 41, Distance: 1.058436393737793
2024-06-03 02:32:17,004 - Name: 58, Distance: 1.0826972723007202
2024-06-03 02:32:17,004 - Name: 44, Distance: 1.1321457624435425
2024-06-03 02:32:17,004 - Name: 39, Distance: 1.170376181602478
2024-06-03 02:32:17,004 - Name: 10, Distance: 1.1738414764404297
2024-06-03 02:32:17,242 - 59 result:
2024-06-03 02:32:17,242 - Name: 2, Distance: 1.065452218055725
2024-06-03 02:32:17,242 - Name: 52, Distance: 1.1211217641830444
2024-06-03 02:32:17,242 - Name: 8, Distance: 1.1304268836975098
2024-06-03 02:32:17,242 - Name: 57, Distance: 1.1321371793746948
2024-06-03 02:32:17,242 - Name: 36, Distance: 1.1504147052764893
2024-06-03 02:32:17,853 - 6 result:
2024-06-03 02:32:17,853 - Name: 33, Distance: 1.0091631412506104
2024-06-03 02:32:17,853 - Name: 14, Distance: 1.0250664949417114
2024-06-03 02:32:17,853 - Name: 6, Distance: 1.070696234703064
2024-06-03 02:32:17,853 - Name: 36, Distance: 1.106750726699829
2024-06-03 02:32:17,853 - Name: 13, Distance: 1.155691146850586
2024-06-03 02:32:17,905 - 7 result:
2024-06-03 02:32:17,906 - Name: 50, Distance: 1.0924347639083862
2024-06-03 02:32:17,906 - Name: 4, Distance: 1.106398105621338
2024-06-03 02:32:17,906 - Name: 10, Distance: 1.1280369758605957
2024-06-03 02:32:17,906 - Name: 13, Distance: 1.1316494941711426
2024-06-03 02:32:17,906 - Name: 33, Distance: 1.1434115171432495
2024-06-03 02:32:17,958 - 8 result:
2024-06-03 02:32:17,958 - Name: 8, Distance: 0.8042067885398865
2024-06-03 02:32:17,959 - Name: 8, Distance: 0.9320734739303589
2024-06-03 02:32:17,959 - Name: 8, Distance: 0.9662661552429199
2024-06-03 02:32:17,959 - Name: 42, Distance: 1.0026904344558716
2024-06-03 02:32:17,959 - Name: 26, Distance: 1.0240005254745483
2024-06-03 02:32:18,191 - 9 result:
2024-06-03 02:32:18,192 - Name: 54, Distance: 1.0373921394348145
2024-06-03 02:32:18,192 - Name: 51, Distance: 1.1468682289123535
2024-06-03 02:32:18,192 - Name: 25, Distance: 1.1482720375061035
2024-06-03 02:32:18,192 - Name: 25, Distance: 1.1632943153381348
2024-06-03 02:32:18,192 - Name: 14, Distance: 1.1755393743515015
2024-06-03 02:32:18,283 - Total samples: 58
2024-06-03 02:32:18,283 - Correct predictions: 44
2024-06-03 02:32:18,283 - Incorrect predictions: 14
2024-06-03 02:32:18,283 - Accuracy: 75.86%
2024-06-03 02:32:18,283 - Correctly predicted classes:
2024-06-03 02:32:18,284 - 28: 1
2024-06-03 02:32:18,284 - 32: 1
2024-06-03 02:32:18,284 - 36: 1
2024-06-03 02:32:18,284 - 3: 1
2024-06-03 02:32:18,284 - 13: 1
2024-06-03 02:32:18,284 - 40: 1
2024-06-03 02:32:18,284 - 8: 1
2024-06-03 02:32:18,284 - 24: 1
2024-06-03 02:32:18,284 - 18: 1
2024-06-03 02:32:18,284 - 11: 1
2024-06-03 02:32:18,285 - 54: 1
2024-06-03 02:32:18,285 - 48: 1
2024-06-03 02:32:18,285 - 22: 1
2024-06-03 02:32:18,285 - 29: 1
2024-06-03 02:32:18,285 - 52: 1
2024-06-03 02:32:18,285 - 50: 1
2024-06-03 02:32:18,285 - 30: 1
2024-06-03 02:32:18,285 - 56: 1
2024-06-03 02:32:18,285 - 21: 1
2024-06-03 02:32:18,285 - 17: 1
2024-06-03 02:32:18,285 - 0: 1
2024-06-03 02:32:18,286 - 25: 1
2024-06-03 02:32:18,286 - 57: 1
2024-06-03 02:32:18,286 - 2: 1
2024-06-03 02:32:18,286 - 34: 1
2024-06-03 02:32:18,286 - 47: 1
2024-06-03 02:32:18,286 - 10: 1
2024-06-03 02:32:18,286 - 44: 1
2024-06-03 02:32:18,286 - 51: 1
2024-06-03 02:32:18,286 - 6: 1
2024-06-03 02:32:18,286 - 1: 1
2024-06-03 02:32:18,286 - 23: 1
2024-06-03 02:32:18,287 - 27: 1
2024-06-03 02:32:18,287 - 5: 1
2024-06-03 02:32:18,287 - 26: 1
2024-06-03 02:32:18,287 - 19: 1
2024-06-03 02:32:18,287 - 20: 1
2024-06-03 02:32:18,287 - 16: 1
2024-06-03 02:32:18,287 - 31: 1
2024-06-03 02:32:18,287 - 37: 1
2024-06-03 02:32:18,287 - 12: 1
2024-06-03 02:32:18,287 - 35: 1
2024-06-03 02:32:18,287 - 46: 1
2024-06-03 02:32:18,288 - 58: 1
2024-06-03 02:32:18,288 - Incorrectly predicted classes:
2024-06-03 02:32:18,288 - 4: 1
2024-06-03 02:32:18,288 - 59: 1
2024-06-03 02:32:18,288 - 7: 1
2024-06-03 02:32:18,288 - 45: 1
2024-06-03 02:32:18,288 - 14: 1
2024-06-03 02:32:18,288 - 42: 1
2024-06-03 02:32:18,288 - 41: 1
2024-06-03 02:32:18,288 - 53: 1
2024-06-03 02:32:18,289 - 15: 1
2024-06-03 02:32:18,289 - 38: 1
2024-06-03 02:32:18,289 - 9: 1
2024-06-03 02:32:18,289 - 33: 1
2024-06-03 02:32:18,289 - 55: 1
2024-06-03 02:32:18,289 - 39: 1
