2024-06-02 22:58:33,894 - test_dir : ./Face_Dataset/Test
2024-06-02 22:58:33,894 - pretrained : work_dir/FaceNet_finetuning_Random_Batch_FNP_CE_40_32/FaceNet_finetuning_Random_Batch_FNP_CE_40_32_deepfake.pth
2024-06-02 22:58:33,894 - model_name : FaceNet_finetuning_Random_Batch_FNP_CE
2024-06-02 22:59:28,878 - 0 result:
2024-06-02 22:59:28,879 - Name: 2, Distance: 1.0331305265426636
2024-06-02 22:59:28,879 - Name: 2, Distance: 1.094786286354065
2024-06-02 22:59:28,879 - Name: 2, Distance: 1.1052621603012085
2024-06-02 22:59:28,879 - Name: 0, Distance: 1.1292147636413574
2024-06-02 22:59:28,879 - Name: 0, Distance: 1.1365140676498413
2024-06-02 22:59:28,933 - 1 result:
2024-06-02 22:59:28,933 - Name: 52, Distance: 1.0218733549118042
2024-06-02 22:59:28,933 - Name: 52, Distance: 1.0311110019683838
2024-06-02 22:59:28,934 - Name: 0, Distance: 1.0330265760421753
2024-06-02 22:59:28,934 - Name: 0, Distance: 1.033724069595337
2024-06-02 22:59:28,934 - Name: 0, Distance: 1.0773711204528809
2024-06-02 22:59:29,167 - 10 result:
2024-06-02 22:59:29,168 - Name: 43, Distance: 0.9008788466453552
2024-06-02 22:59:29,168 - Name: 43, Distance: 0.9204136729240417
2024-06-02 22:59:29,168 - Name: 43, Distance: 0.9254857897758484
2024-06-02 22:59:29,168 - Name: 5, Distance: 1.0304348468780518
2024-06-02 22:59:29,168 - Name: 14, Distance: 1.0402851104736328
2024-06-02 22:59:29,221 - 11 result:
2024-06-02 22:59:29,221 - Name: 45, Distance: 0.7831709980964661
2024-06-02 22:59:29,221 - Name: 45, Distance: 0.8287243843078613
2024-06-02 22:59:29,221 - Name: 45, Distance: 0.8697984218597412
2024-06-02 22:59:29,221 - Name: 30, Distance: 1.1902337074279785
2024-06-02 22:59:29,221 - Name: 36, Distance: 1.1961497068405151
2024-06-02 22:59:29,866 - 12 result:
2024-06-02 22:59:29,866 - Name: 12, Distance: 0.952300488948822
2024-06-02 22:59:29,866 - Name: 12, Distance: 1.0142005681991577
2024-06-02 22:59:29,867 - Name: 12, Distance: 1.0160151720046997
2024-06-02 22:59:29,867 - Name: 15, Distance: 1.047629475593567
2024-06-02 22:59:29,867 - Name: 15, Distance: 1.073426604270935
2024-06-02 22:59:29,923 - 13 result:
2024-06-02 22:59:29,923 - Name: 13, Distance: 0.0
2024-06-02 22:59:29,923 - Name: 13, Distance: 0.2345276176929474
2024-06-02 22:59:29,923 - Name: 13, Distance: 0.28026899695396423
2024-06-02 22:59:29,923 - Name: 17, Distance: 1.2146846055984497
2024-06-02 22:59:29,923 - Name: 19, Distance: 1.2265146970748901
2024-06-02 22:59:30,163 - 14 result:
2024-06-02 22:59:30,163 - Name: 32, Distance: 1.0610675811767578
2024-06-02 22:59:30,164 - Name: 32, Distance: 1.0870791673660278
2024-06-02 22:59:30,164 - Name: 23, Distance: 1.093079924583435
2024-06-02 22:59:30,164 - Name: 23, Distance: 1.0938007831573486
2024-06-02 22:59:30,164 - Name: 52, Distance: 1.1025089025497437
2024-06-02 22:59:30,790 - 15 result:
2024-06-02 22:59:30,790 - Name: 28, Distance: 0.910183310508728
2024-06-02 22:59:30,790 - Name: 28, Distance: 0.9267827272415161
2024-06-02 22:59:30,790 - Name: 28, Distance: 0.9373261332511902
2024-06-02 22:59:30,790 - Name: 30, Distance: 0.9464523792266846
2024-06-02 22:59:30,790 - Name: 30, Distance: 0.9996427297592163
2024-06-02 22:59:30,856 - 16 result:
2024-06-02 22:59:30,856 - Name: 16, Distance: 0.7334402799606323
2024-06-02 22:59:30,856 - Name: 16, Distance: 0.8120365142822266
2024-06-02 22:59:30,856 - Name: 16, Distance: 0.8208039999008179
2024-06-02 22:59:30,856 - Name: 8, Distance: 0.9953543543815613
2024-06-02 22:59:30,856 - Name: 26, Distance: 1.0017070770263672
2024-06-02 22:59:31,809 - 17 result:
2024-06-02 22:59:31,810 - Name: 17, Distance: 1.085120439529419
2024-06-02 22:59:31,810 - Name: 17, Distance: 1.0856354236602783
2024-06-02 22:59:31,810 - Name: 17, Distance: 1.0948423147201538
2024-06-02 22:59:31,810 - Name: 13, Distance: 1.1087956428527832
2024-06-02 22:59:31,810 - Name: 10, Distance: 1.114866852760315
2024-06-02 22:59:31,898 - 18 result:
2024-06-02 22:59:31,898 - Name: 14, Distance: 0.9978254437446594
2024-06-02 22:59:31,898 - Name: 14, Distance: 1.015907883644104
2024-06-02 22:59:31,899 - Name: 14, Distance: 1.0308210849761963
2024-06-02 22:59:31,899 - Name: 33, Distance: 1.067781925201416
2024-06-02 22:59:31,899 - Name: 18, Distance: 1.0689926147460938
2024-06-02 22:59:31,953 - 19 result:
2024-06-02 22:59:31,954 - Name: 1, Distance: 0.9372243285179138
2024-06-02 22:59:31,954 - Name: 1, Distance: 0.9427434802055359
2024-06-02 22:59:31,954 - Name: 1, Distance: 0.960906445980072
2024-06-02 22:59:31,954 - Name: 28, Distance: 1.1321395635604858
2024-06-02 22:59:31,954 - Name: 28, Distance: 1.139780879020691
2024-06-02 22:59:32,188 - 2 result:
2024-06-02 22:59:32,188 - Name: 52, Distance: 1.004294514656067
2024-06-02 22:59:32,188 - Name: 52, Distance: 1.0109959840774536
2024-06-02 22:59:32,188 - Name: 2, Distance: 1.02412748336792
2024-06-02 22:59:32,188 - Name: 52, Distance: 1.0298556089401245
2024-06-02 22:59:32,188 - Name: 2, Distance: 1.064209222793579
2024-06-02 22:59:32,805 - 20 result:
2024-06-02 22:59:32,805 - Name: 20, Distance: 0.987364649772644
2024-06-02 22:59:32,805 - Name: 20, Distance: 1.0098546743392944
2024-06-02 22:59:32,805 - Name: 20, Distance: 1.0199800729751587
2024-06-02 22:59:32,805 - Name: 2, Distance: 1.0326346158981323
2024-06-02 22:59:32,805 - Name: 43, Distance: 1.0576900243759155
2024-06-02 22:59:32,861 - 21 result:
2024-06-02 22:59:32,862 - Name: 10, Distance: 0.9810650944709778
2024-06-02 22:59:32,862 - Name: 10, Distance: 1.0053529739379883
2024-06-02 22:59:32,862 - Name: 14, Distance: 1.0176328420639038
2024-06-02 22:59:32,862 - Name: 43, Distance: 1.0220046043395996
2024-06-02 22:59:32,862 - Name: 14, Distance: 1.0249792337417603
2024-06-02 22:59:33,027 - 22 result:
2024-06-02 22:59:33,027 - Name: 32, Distance: 0.914626955986023
2024-06-02 22:59:33,027 - Name: 32, Distance: 0.9369215369224548
2024-06-02 22:59:33,028 - Name: 58, Distance: 0.9599710702896118
2024-06-02 22:59:33,028 - Name: 58, Distance: 0.9659503698348999
2024-06-02 22:59:33,028 - Name: 58, Distance: 0.9668266177177429
2024-06-02 22:59:33,136 - 23 result:
2024-06-02 22:59:33,136 - Name: 29, Distance: 0.9314733743667603
2024-06-02 22:59:33,136 - Name: 29, Distance: 0.9898289442062378
2024-06-02 22:59:33,136 - Name: 29, Distance: 1.006640076637268
2024-06-02 22:59:33,136 - Name: 12, Distance: 1.0237013101577759
2024-06-02 22:59:33,137 - Name: 12, Distance: 1.0360865592956543
2024-06-02 22:59:33,188 - 24 result:
2024-06-02 22:59:33,189 - Name: 24, Distance: 0.6934226155281067
2024-06-02 22:59:33,189 - Name: 24, Distance: 0.7110708355903625
2024-06-02 22:59:33,189 - Name: 24, Distance: 0.7153324484825134
2024-06-02 22:59:33,189 - Name: 26, Distance: 0.9303280711174011
2024-06-02 22:59:33,189 - Name: 26, Distance: 0.969025194644928
2024-06-02 22:59:33,799 - 25 result:
2024-06-02 22:59:33,799 - Name: 44, Distance: 1.0429474115371704
2024-06-02 22:59:33,799 - Name: 44, Distance: 1.047191858291626
2024-06-02 22:59:33,799 - Name: 25, Distance: 1.0497519969940186
2024-06-02 22:59:33,799 - Name: 25, Distance: 1.0705598592758179
2024-06-02 22:59:33,799 - Name: 25, Distance: 1.0731942653656006
2024-06-02 22:59:33,855 - 26 result:
2024-06-02 22:59:33,855 - Name: 28, Distance: 0.7555090188980103
2024-06-02 22:59:33,855 - Name: 28, Distance: 0.760237991809845
2024-06-02 22:59:33,855 - Name: 28, Distance: 0.7828562259674072
2024-06-02 22:59:33,855 - Name: 16, Distance: 0.9830310940742493
2024-06-02 22:59:33,855 - Name: 16, Distance: 0.9881948828697205
2024-06-02 22:59:33,908 - 27 result:
2024-06-02 22:59:33,909 - Name: 28, Distance: 0.86589515209198
2024-06-02 22:59:33,909 - Name: 28, Distance: 0.8683735728263855
2024-06-02 22:59:33,909 - Name: 28, Distance: 0.8720001578330994
2024-06-02 22:59:33,909 - Name: 25, Distance: 1.1623128652572632
2024-06-02 22:59:33,909 - Name: 26, Distance: 1.1656018495559692
2024-06-02 22:59:34,800 - 28 result:
2024-06-02 22:59:34,800 - Name: 30, Distance: 0.9531887173652649
2024-06-02 22:59:34,800 - Name: 30, Distance: 0.985396146774292
2024-06-02 22:59:34,800 - Name: 30, Distance: 0.9925984740257263
2024-06-02 22:59:34,800 - Name: 27, Distance: 1.0508075952529907
2024-06-02 22:59:34,800 - Name: 29, Distance: 1.0731260776519775
2024-06-02 22:59:34,879 - 29 result:
2024-06-02 22:59:34,879 - Name: 21, Distance: 0.6024959683418274
2024-06-02 22:59:34,879 - Name: 21, Distance: 0.6408042907714844
2024-06-02 22:59:34,879 - Name: 21, Distance: 0.6693341135978699
2024-06-02 22:59:34,879 - Name: 50, Distance: 1.1613900661468506
2024-06-02 22:59:34,879 - Name: 50, Distance: 1.1781383752822876
2024-06-02 22:59:34,934 - 3 result:
2024-06-02 22:59:34,935 - Name: 3, Distance: 0.7377369999885559
2024-06-02 22:59:34,935 - Name: 3, Distance: 0.7765189409255981
2024-06-02 22:59:34,935 - Name: 3, Distance: 0.8248076438903809
2024-06-02 22:59:34,935 - Name: 37, Distance: 1.0238120555877686
2024-06-02 22:59:34,935 - Name: 37, Distance: 1.0292332172393799
2024-06-02 22:59:35,791 - 30 result:
2024-06-02 22:59:35,791 - Name: 28, Distance: 0.8208768367767334
2024-06-02 22:59:35,791 - Name: 28, Distance: 0.8464850187301636
2024-06-02 22:59:35,791 - Name: 28, Distance: 0.8471947908401489
2024-06-02 22:59:35,791 - Name: 15, Distance: 0.9953241944313049
2024-06-02 22:59:35,791 - Name: 15, Distance: 1.0037254095077515
2024-06-02 22:59:35,908 - 31 result:
2024-06-02 22:59:35,908 - Name: 14, Distance: 1.0684534311294556
2024-06-02 22:59:35,908 - Name: 14, Distance: 1.0806902647018433
2024-06-02 22:59:35,908 - Name: 53, Distance: 1.0900956392288208
2024-06-02 22:59:35,908 - Name: 14, Distance: 1.1150091886520386
2024-06-02 22:59:35,908 - Name: 57, Distance: 1.128642201423645
2024-06-02 22:59:35,962 - 32 result:
2024-06-02 22:59:35,962 - Name: 1, Distance: 1.0161973237991333
2024-06-02 22:59:35,962 - Name: 22, Distance: 1.024922490119934
2024-06-02 22:59:35,962 - Name: 1, Distance: 1.028908371925354
2024-06-02 22:59:35,962 - Name: 32, Distance: 1.0392526388168335
2024-06-02 22:59:35,962 - Name: 1, Distance: 1.0437313318252563
2024-06-02 22:59:36,206 - 33 result:
2024-06-02 22:59:36,206 - Name: 14, Distance: 0.9985961318016052
2024-06-02 22:59:36,206 - Name: 10, Distance: 1.0258458852767944
2024-06-02 22:59:36,206 - Name: 10, Distance: 1.0400986671447754
2024-06-02 22:59:36,206 - Name: 18, Distance: 1.046510100364685
2024-06-02 22:59:36,206 - Name: 14, Distance: 1.0541527271270752
2024-06-02 22:59:36,822 - 34 result:
2024-06-02 22:59:36,823 - Name: 29, Distance: 0.6461447477340698
2024-06-02 22:59:36,823 - Name: 29, Distance: 0.6749207973480225
2024-06-02 22:59:36,823 - Name: 29, Distance: 0.687176525592804
2024-06-02 22:59:36,823 - Name: 8, Distance: 0.924116313457489
2024-06-02 22:59:36,823 - Name: 8, Distance: 0.958827555179596
2024-06-02 22:59:36,874 - 35 result:
2024-06-02 22:59:36,875 - Name: 35, Distance: 0.8879956007003784
2024-06-02 22:59:36,875 - Name: 35, Distance: 0.9015025496482849
2024-06-02 22:59:36,875 - Name: 35, Distance: 0.9333682656288147
2024-06-02 22:59:36,875 - Name: 30, Distance: 0.9860557317733765
2024-06-02 22:59:36,875 - Name: 30, Distance: 1.0108619928359985
2024-06-02 22:59:36,929 - 36 result:
2024-06-02 22:59:36,929 - Name: 20, Distance: 1.0632246732711792
2024-06-02 22:59:36,929 - Name: 8, Distance: 1.0771926641464233
2024-06-02 22:59:36,930 - Name: 8, Distance: 1.0971152782440186
2024-06-02 22:59:36,930 - Name: 20, Distance: 1.1061152219772339
2024-06-02 22:59:36,930 - Name: 20, Distance: 1.1180061101913452
2024-06-02 22:59:37,159 - 37 result:
2024-06-02 22:59:37,159 - Name: 28, Distance: 1.0739771127700806
2024-06-02 22:59:37,159 - Name: 28, Distance: 1.0859354734420776
2024-06-02 22:59:37,159 - Name: 30, Distance: 1.099700927734375
2024-06-02 22:59:37,160 - Name: 28, Distance: 1.106516718864441
2024-06-02 22:59:37,160 - Name: 30, Distance: 1.1422772407531738
2024-06-02 22:59:37,775 - 38 result:
2024-06-02 22:59:37,775 - Name: 21, Distance: 0.8180175423622131
2024-06-02 22:59:37,775 - Name: 21, Distance: 0.8207328915596008
2024-06-02 22:59:37,775 - Name: 21, Distance: 0.8491925597190857
2024-06-02 22:59:37,775 - Name: 55, Distance: 1.0489741563796997
2024-06-02 22:59:37,775 - Name: 55, Distance: 1.0712748765945435
2024-06-02 22:59:37,877 - 39 result:
2024-06-02 22:59:37,878 - Name: 36, Distance: 1.057346224784851
2024-06-02 22:59:37,878 - Name: 36, Distance: 1.067794680595398
2024-06-02 22:59:37,878 - Name: 36, Distance: 1.1036946773529053
2024-06-02 22:59:37,878 - Name: 33, Distance: 1.1184933185577393
2024-06-02 22:59:37,878 - Name: 13, Distance: 1.1276084184646606
2024-06-02 22:59:37,931 - 4 result:
2024-06-02 22:59:37,932 - Name: 50, Distance: 1.040869116783142
2024-06-02 22:59:37,932 - Name: 48, Distance: 1.0728188753128052
2024-06-02 22:59:37,932 - Name: 50, Distance: 1.0754806995391846
2024-06-02 22:59:37,932 - Name: 48, Distance: 1.0800021886825562
2024-06-02 22:59:37,932 - Name: 50, Distance: 1.108420968055725
2024-06-02 22:59:38,178 - 40 result:
2024-06-02 22:59:38,178 - Name: 0, Distance: 0.9256314635276794
2024-06-02 22:59:38,178 - Name: 0, Distance: 0.9445919990539551
2024-06-02 22:59:38,178 - Name: 0, Distance: 0.9522892832756042
2024-06-02 22:59:38,178 - Name: 24, Distance: 1.0626568794250488
2024-06-02 22:59:38,178 - Name: 24, Distance: 1.0642321109771729
2024-06-02 22:59:38,778 - 41 result:
2024-06-02 22:59:38,779 - Name: 44, Distance: 0.9782295823097229
2024-06-02 22:59:38,779 - Name: 45, Distance: 0.9933691024780273
2024-06-02 22:59:38,779 - Name: 44, Distance: 0.9984700083732605
2024-06-02 22:59:38,779 - Name: 45, Distance: 1.003588080406189
2024-06-02 22:59:38,779 - Name: 16, Distance: 1.016658067703247
2024-06-02 22:59:38,878 - 42 result:
2024-06-02 22:59:38,879 - Name: 53, Distance: 1.1079226732254028
2024-06-02 22:59:38,879 - Name: 55, Distance: 1.1297893524169922
2024-06-02 22:59:38,879 - Name: 25, Distance: 1.136592149734497
2024-06-02 22:59:38,879 - Name: 25, Distance: 1.1376402378082275
2024-06-02 22:59:38,879 - Name: 55, Distance: 1.1404463052749634
2024-06-02 22:59:38,934 - 44 result:
2024-06-02 22:59:38,934 - Name: 42, Distance: 0.7509414553642273
2024-06-02 22:59:38,934 - Name: 42, Distance: 0.7863120436668396
2024-06-02 22:59:38,934 - Name: 42, Distance: 0.8084626793861389
2024-06-02 22:59:38,934 - Name: 2, Distance: 1.0541582107543945
2024-06-02 22:59:38,935 - Name: 2, Distance: 1.0697969198226929
2024-06-02 22:59:39,167 - 45 result:
2024-06-02 22:59:39,168 - Name: 42, Distance: 0.9284558296203613
2024-06-02 22:59:39,168 - Name: 42, Distance: 1.0404623746871948
2024-06-02 22:59:39,168 - Name: 42, Distance: 1.051478385925293
2024-06-02 22:59:39,168 - Name: 31, Distance: 1.0824060440063477
2024-06-02 22:59:39,168 - Name: 31, Distance: 1.0849181413650513
2024-06-02 22:59:39,790 - 46 result:
2024-06-02 22:59:39,790 - Name: 4, Distance: 0.9831165671348572
2024-06-02 22:59:39,790 - Name: 43, Distance: 0.9848182201385498
2024-06-02 22:59:39,790 - Name: 43, Distance: 0.9917249083518982
2024-06-02 22:59:39,790 - Name: 4, Distance: 0.9929373264312744
2024-06-02 22:59:39,790 - Name: 43, Distance: 0.9995755553245544
2024-06-02 22:59:39,870 - 47 result:
2024-06-02 22:59:39,870 - Name: 45, Distance: 0.9603378176689148
2024-06-02 22:59:39,870 - Name: 45, Distance: 0.980475664138794
2024-06-02 22:59:39,870 - Name: 45, Distance: 1.0058895349502563
2024-06-02 22:59:39,870 - Name: 59, Distance: 1.042500376701355
2024-06-02 22:59:39,870 - Name: 59, Distance: 1.0546914339065552
2024-06-02 22:59:39,925 - 48 result:
2024-06-02 22:59:39,926 - Name: 9, Distance: 1.0910189151763916
2024-06-02 22:59:39,926 - Name: 0, Distance: 1.1240102052688599
2024-06-02 22:59:39,926 - Name: 0, Distance: 1.1358250379562378
2024-06-02 22:59:39,926 - Name: 9, Distance: 1.1359604597091675
2024-06-02 22:59:39,926 - Name: 0, Distance: 1.1368895769119263
2024-06-02 22:59:40,186 - 5 result:
2024-06-02 22:59:40,186 - Name: 5, Distance: 0.9850289225578308
2024-06-02 22:59:40,186 - Name: 5, Distance: 1.027416706085205
2024-06-02 22:59:40,186 - Name: 5, Distance: 1.072128176689148
2024-06-02 22:59:40,187 - Name: 21, Distance: 1.0746146440505981
2024-06-02 22:59:40,187 - Name: 21, Distance: 1.0772429704666138
2024-06-02 22:59:40,795 - 50 result:
2024-06-02 22:59:40,795 - Name: 50, Distance: 1.0285402536392212
2024-06-02 22:59:40,796 - Name: 23, Distance: 1.0365277528762817
2024-06-02 22:59:40,796 - Name: 9, Distance: 1.0644440650939941
2024-06-02 22:59:40,796 - Name: 23, Distance: 1.067942500114441
2024-06-02 22:59:40,796 - Name: 9, Distance: 1.069952130317688
2024-06-02 22:59:40,851 - 51 result:
2024-06-02 22:59:40,852 - Name: 57, Distance: 0.8116813898086548
2024-06-02 22:59:40,852 - Name: 57, Distance: 0.8428600430488586
2024-06-02 22:59:40,852 - Name: 57, Distance: 0.8648955225944519
2024-06-02 22:59:40,852 - Name: 14, Distance: 1.0446221828460693
2024-06-02 22:59:40,852 - Name: 14, Distance: 1.0655999183654785
2024-06-02 22:59:40,906 - 52 result:
2024-06-02 22:59:40,906 - Name: 28, Distance: 0.9613198637962341
2024-06-02 22:59:40,906 - Name: 28, Distance: 0.985159695148468
2024-06-02 22:59:40,906 - Name: 28, Distance: 1.0088802576065063
2024-06-02 22:59:40,907 - Name: 44, Distance: 1.0541553497314453
2024-06-02 22:59:40,907 - Name: 44, Distance: 1.059251070022583
2024-06-02 22:59:41,138 - 53 result:
2024-06-02 22:59:41,138 - Name: 54, Distance: 0.8803008198738098
2024-06-02 22:59:41,138 - Name: 54, Distance: 0.9237027168273926
2024-06-02 22:59:41,138 - Name: 54, Distance: 0.9277411699295044
2024-06-02 22:59:41,138 - Name: 35, Distance: 0.9757335186004639
2024-06-02 22:59:41,138 - Name: 35, Distance: 0.9931102991104126
2024-06-02 22:59:41,785 - 54 result:
2024-06-02 22:59:41,786 - Name: 54, Distance: 0.9518117308616638
2024-06-02 22:59:41,786 - Name: 54, Distance: 0.9591192007064819
2024-06-02 22:59:41,786 - Name: 54, Distance: 0.9654210805892944
2024-06-02 22:59:41,786 - Name: 36, Distance: 1.0271897315979004
2024-06-02 22:59:41,786 - Name: 36, Distance: 1.0742472410202026
2024-06-02 22:59:41,852 - 55 result:
2024-06-02 22:59:41,852 - Name: 55, Distance: 0.8335875868797302
2024-06-02 22:59:41,852 - Name: 55, Distance: 0.893203854560852
2024-06-02 22:59:41,852 - Name: 55, Distance: 0.9009006023406982
2024-06-02 22:59:41,852 - Name: 47, Distance: 1.108325481414795
2024-06-02 22:59:41,852 - Name: 47, Distance: 1.1375951766967773
2024-06-02 22:59:42,088 - 56 result:
2024-06-02 22:59:42,088 - Name: 45, Distance: 0.853655993938446
2024-06-02 22:59:42,088 - Name: 45, Distance: 0.9077833294868469
2024-06-02 22:59:42,088 - Name: 45, Distance: 0.9130246639251709
2024-06-02 22:59:42,088 - Name: 17, Distance: 1.0251857042312622
2024-06-02 22:59:42,088 - Name: 17, Distance: 1.033599615097046
2024-06-02 22:59:42,684 - 57 result:
2024-06-02 22:59:42,684 - Name: 58, Distance: 0.994257390499115
2024-06-02 22:59:42,684 - Name: 58, Distance: 1.0184880495071411
2024-06-02 22:59:42,684 - Name: 0, Distance: 1.0283976793289185
2024-06-02 22:59:42,684 - Name: 0, Distance: 1.0434107780456543
2024-06-02 22:59:42,684 - Name: 0, Distance: 1.0531489849090576
2024-06-02 22:59:42,746 - 58 result:
2024-06-02 22:59:42,747 - Name: 2, Distance: 0.98957359790802
2024-06-02 22:59:42,747 - Name: 2, Distance: 0.9953972101211548
2024-06-02 22:59:42,747 - Name: 3, Distance: 1.0074810981750488
2024-06-02 22:59:42,747 - Name: 58, Distance: 1.023792028427124
2024-06-02 22:59:42,747 - Name: 3, Distance: 1.0504781007766724
2024-06-02 22:59:42,800 - 59 result:
2024-06-02 22:59:42,800 - Name: 57, Distance: 0.9474509358406067
2024-06-02 22:59:42,800 - Name: 57, Distance: 0.9852087497711182
2024-06-02 22:59:42,800 - Name: 57, Distance: 1.022575855255127
2024-06-02 22:59:42,800 - Name: 12, Distance: 1.0730544328689575
2024-06-02 22:59:42,800 - Name: 12, Distance: 1.106717586517334
2024-06-02 22:59:43,782 - 6 result:
2024-06-02 22:59:43,782 - Name: 25, Distance: 1.0011109113693237
2024-06-02 22:59:43,782 - Name: 25, Distance: 1.003360390663147
2024-06-02 22:59:43,782 - Name: 25, Distance: 1.0091973543167114
2024-06-02 22:59:43,782 - Name: 53, Distance: 1.1318821907043457
2024-06-02 22:59:43,782 - Name: 55, Distance: 1.1637699604034424
2024-06-02 22:59:43,846 - 7 result:
2024-06-02 22:59:43,846 - Name: 18, Distance: 1.1050734519958496
2024-06-02 22:59:43,846 - Name: 13, Distance: 1.1119948625564575
2024-06-02 22:59:43,846 - Name: 13, Distance: 1.1143759489059448
2024-06-02 22:59:43,846 - Name: 13, Distance: 1.1226770877838135
2024-06-02 22:59:43,846 - Name: 19, Distance: 1.12288498878479
2024-06-02 22:59:43,898 - 8 result:
2024-06-02 22:59:43,899 - Name: 20, Distance: 0.979773759841919
2024-06-02 22:59:43,899 - Name: 20, Distance: 0.9860080480575562
2024-06-02 22:59:43,899 - Name: 20, Distance: 0.9865660071372986
2024-06-02 22:59:43,899 - Name: 11, Distance: 0.9901341795921326
2024-06-02 22:59:43,899 - Name: 11, Distance: 1.026107907295227
2024-06-02 22:59:44,132 - 9 result:
2024-06-02 22:59:44,132 - Name: 12, Distance: 0.9898991584777832
2024-06-02 22:59:44,132 - Name: 12, Distance: 0.9927617311477661
2024-06-02 22:59:44,132 - Name: 12, Distance: 1.0098549127578735
2024-06-02 22:59:44,132 - Name: 31, Distance: 1.0934187173843384
2024-06-02 22:59:44,132 - Name: 31, Distance: 1.098819613456726
2024-06-02 22:59:44,217 - Total samples: 58
2024-06-02 22:59:44,217 - Correct predictions: 18
2024-06-02 22:59:44,217 - Incorrect predictions: 40
2024-06-02 22:59:44,217 - Accuracy: 31.03%
2024-06-02 22:59:44,218 - Correctly predicted classes:
2024-06-02 22:59:44,218 - 54: 1
2024-06-02 22:59:44,218 - 12: 1
2024-06-02 22:59:44,218 - 16: 1
2024-06-02 22:59:44,218 - 18: 1
2024-06-02 22:59:44,218 - 2: 1
2024-06-02 22:59:44,218 - 32: 1
2024-06-02 22:59:44,218 - 35: 1
2024-06-02 22:59:44,218 - 50: 1
2024-06-02 22:59:44,219 - 17: 1
2024-06-02 22:59:44,219 - 58: 1
2024-06-02 22:59:44,219 - 24: 1
2024-06-02 22:59:44,219 - 0: 1
2024-06-02 22:59:44,219 - 25: 1
2024-06-02 22:59:44,219 - 13: 1
2024-06-02 22:59:44,219 - 3: 1
2024-06-02 22:59:44,219 - 55: 1
2024-06-02 22:59:44,219 - 5: 1
2024-06-02 22:59:44,220 - 20: 1
2024-06-02 22:59:44,220 - Incorrectly predicted classes:
2024-06-02 22:59:44,220 - 7: 1
2024-06-02 22:59:44,220 - 31: 1
2024-06-02 22:59:44,220 - 27: 1
2024-06-02 22:59:44,220 - 40: 1
2024-06-02 22:59:44,220 - 52: 1
2024-06-02 22:59:44,220 - 15: 1
2024-06-02 22:59:44,220 - 6: 1
2024-06-02 22:59:44,221 - 48: 1
2024-06-02 22:59:44,221 - 56: 1
2024-06-02 22:59:44,221 - 26: 1
2024-06-02 22:59:44,221 - 4: 1
2024-06-02 22:59:44,221 - 30: 1
2024-06-02 22:59:44,221 - 39: 1
2024-06-02 22:59:44,221 - 53: 1
2024-06-02 22:59:44,221 - 1: 1
2024-06-02 22:59:44,221 - 45: 1
2024-06-02 22:59:44,222 - 29: 1
2024-06-02 22:59:44,222 - 8: 1
2024-06-02 22:59:44,222 - 38: 1
2024-06-02 22:59:44,222 - 22: 1
2024-06-02 22:59:44,222 - 34: 1
2024-06-02 22:59:44,222 - 57: 1
2024-06-02 22:59:44,222 - 47: 1
2024-06-02 22:59:44,222 - 51: 1
2024-06-02 22:59:44,222 - 42: 1
2024-06-02 22:59:44,223 - 19: 1
2024-06-02 22:59:44,223 - 11: 1
2024-06-02 22:59:44,223 - 59: 1
2024-06-02 22:59:44,223 - 23: 1
2024-06-02 22:59:44,223 - 37: 1
2024-06-02 22:59:44,223 - 14: 1
2024-06-02 22:59:44,223 - 36: 1
2024-06-02 22:59:44,223 - 46: 1
2024-06-02 22:59:44,223 - 10: 1
2024-06-02 22:59:44,223 - 9: 1
2024-06-02 22:59:44,224 - 41: 1
2024-06-02 22:59:44,224 - 44: 1
2024-06-02 22:59:44,224 - 33: 1
2024-06-02 22:59:44,224 - 28: 1
2024-06-02 22:59:44,224 - 21: 1
