2024-06-03 02:16:35,889 - test_dir : ./Face_Dataset/Test
2024-06-03 02:16:35,889 - pretrained : work_dir/FaceNet_finetuning_Random_Batch_L2SP_deepfake_80_32/FaceNet_finetuning_Random_Batch_L2SP_deepfake_80_32_deepfake.pth
2024-06-03 02:16:35,889 - model_name : FaceNet_finetuning_Random_Batch_L2SP_deepfake
2024-06-03 02:17:31,649 - 0 result:
2024-06-03 02:17:31,649 - Name: 37, Distance: 0.9560537338256836
2024-06-03 02:17:31,649 - Name: 23, Distance: 0.9732303619384766
2024-06-03 02:17:31,649 - Name: 0, Distance: 1.0204555988311768
2024-06-03 02:17:31,649 - Name: 0, Distance: 1.0772333145141602
2024-06-03 02:17:31,650 - Name: 0, Distance: 1.1136261224746704
2024-06-03 02:17:31,757 - 1 result:
2024-06-03 02:17:31,757 - Name: 1, Distance: 0.975829005241394
2024-06-03 02:17:31,757 - Name: 1, Distance: 1.0272272825241089
2024-06-03 02:17:31,757 - Name: 30, Distance: 1.0928829908370972
2024-06-03 02:17:31,757 - Name: 34, Distance: 1.1163190603256226
2024-06-03 02:17:31,758 - Name: 42, Distance: 1.1169415712356567
2024-06-03 02:17:31,813 - 10 result:
2024-06-03 02:17:31,813 - Name: 18, Distance: 1.0161442756652832
2024-06-03 02:17:31,814 - Name: 3, Distance: 1.054750680923462
2024-06-03 02:17:31,814 - Name: 3, Distance: 1.0960345268249512
2024-06-03 02:17:31,814 - Name: 5, Distance: 1.1041899919509888
2024-06-03 02:17:31,814 - Name: 43, Distance: 1.1076737642288208
2024-06-03 02:17:32,029 - 11 result:
2024-06-03 02:17:32,030 - Name: 11, Distance: 1.0700807571411133
2024-06-03 02:17:32,030 - Name: 33, Distance: 1.1083550453186035
2024-06-03 02:17:32,030 - Name: 10, Distance: 1.1262136697769165
2024-06-03 02:17:32,030 - Name: 11, Distance: 1.1352944374084473
2024-06-03 02:17:32,030 - Name: 11, Distance: 1.1359541416168213
2024-06-03 02:17:32,664 - 12 result:
2024-06-03 02:17:32,664 - Name: 12, Distance: 0.8925848007202148
2024-06-03 02:17:32,665 - Name: 12, Distance: 1.0176618099212646
2024-06-03 02:17:32,665 - Name: 16, Distance: 1.0630264282226562
2024-06-03 02:17:32,665 - Name: 12, Distance: 1.1222546100616455
2024-06-03 02:17:32,665 - Name: 2, Distance: 1.125313639640808
2024-06-03 02:17:32,771 - 13 result:
2024-06-03 02:17:32,771 - Name: 13, Distance: 0.0
2024-06-03 02:17:32,771 - Name: 33, Distance: 1.044124960899353
2024-06-03 02:17:32,771 - Name: 17, Distance: 1.06070077419281
2024-06-03 02:17:32,771 - Name: 28, Distance: 1.0734186172485352
2024-06-03 02:17:32,771 - Name: 23, Distance: 1.1028825044631958
2024-06-03 02:17:32,822 - 14 result:
2024-06-03 02:17:32,822 - Name: 29, Distance: 0.9898270964622498
2024-06-03 02:17:32,822 - Name: 29, Distance: 1.1411633491516113
2024-06-03 02:17:32,822 - Name: 23, Distance: 1.1462409496307373
2024-06-03 02:17:32,822 - Name: 28, Distance: 1.146317481994629
2024-06-03 02:17:32,822 - Name: 18, Distance: 1.147287368774414
2024-06-03 02:17:32,866 - 15 result:
2024-06-03 02:17:32,866 - Name: 26, Distance: 0.9544153213500977
2024-06-03 02:17:32,866 - Name: 30, Distance: 0.9756139516830444
2024-06-03 02:17:32,866 - Name: 27, Distance: 1.0010793209075928
2024-06-03 02:17:32,866 - Name: 24, Distance: 1.0090904235839844
2024-06-03 02:17:32,866 - Name: 28, Distance: 1.0373709201812744
2024-06-03 02:17:33,078 - 16 result:
2024-06-03 02:17:33,078 - Name: 16, Distance: 0.6226523518562317
2024-06-03 02:17:33,078 - Name: 16, Distance: 0.8607711791992188
2024-06-03 02:17:33,078 - Name: 16, Distance: 0.9782235622406006
2024-06-03 02:17:33,078 - Name: 12, Distance: 1.082992434501648
2024-06-03 02:17:33,078 - Name: 2, Distance: 1.0852839946746826
2024-06-03 02:17:33,679 - 17 result:
2024-06-03 02:17:33,680 - Name: 17, Distance: 0.9722177386283875
2024-06-03 02:17:33,680 - Name: 3, Distance: 1.0665634870529175
2024-06-03 02:17:33,680 - Name: 17, Distance: 1.0854374170303345
2024-06-03 02:17:33,680 - Name: 7, Distance: 1.101771593093872
2024-06-03 02:17:33,680 - Name: 13, Distance: 1.1110713481903076
2024-06-03 02:17:34,065 - 18 result:
2024-06-03 02:17:34,065 - Name: 18, Distance: 0.9491258859634399
2024-06-03 02:17:34,065 - Name: 27, Distance: 1.1145105361938477
2024-06-03 02:17:34,065 - Name: 17, Distance: 1.122507095336914
2024-06-03 02:17:34,065 - Name: 27, Distance: 1.129935622215271
2024-06-03 02:17:34,065 - Name: 10, Distance: 1.1341625452041626
2024-06-03 02:17:34,664 - 19 result:
2024-06-03 02:17:34,664 - Name: 19, Distance: 0.785691499710083
2024-06-03 02:17:34,664 - Name: 19, Distance: 0.8655931353569031
2024-06-03 02:17:34,664 - Name: 19, Distance: 0.9784384369850159
2024-06-03 02:17:34,664 - Name: 28, Distance: 1.0719523429870605
2024-06-03 02:17:34,664 - Name: 11, Distance: 1.1054502725601196
2024-06-03 02:17:34,782 - 2 result:
2024-06-03 02:17:34,782 - Name: 2, Distance: 0.9040711522102356
2024-06-03 02:17:34,782 - Name: 2, Distance: 0.9060648083686829
2024-06-03 02:17:34,782 - Name: 2, Distance: 0.9463738799095154
2024-06-03 02:17:34,782 - Name: 46, Distance: 1.081597089767456
2024-06-03 02:17:34,782 - Name: 43, Distance: 1.0864157676696777
2024-06-03 02:17:34,836 - 20 result:
2024-06-03 02:17:34,837 - Name: 2, Distance: 1.0447360277175903
2024-06-03 02:17:34,837 - Name: 34, Distance: 1.0648624897003174
2024-06-03 02:17:34,837 - Name: 20, Distance: 1.075697422027588
2024-06-03 02:17:34,837 - Name: 23, Distance: 1.1304916143417358
2024-06-03 02:17:34,837 - Name: 40, Distance: 1.1310354471206665
2024-06-03 02:17:34,887 - 21 result:
2024-06-03 02:17:34,887 - Name: 51, Distance: 1.0274666547775269
2024-06-03 02:17:34,887 - Name: 7, Distance: 1.038388729095459
2024-06-03 02:17:34,887 - Name: 11, Distance: 1.041279673576355
2024-06-03 02:17:34,887 - Name: 20, Distance: 1.049804449081421
2024-06-03 02:17:34,888 - Name: 11, Distance: 1.0573585033416748
2024-06-03 02:17:35,793 - 22 result:
2024-06-03 02:17:35,794 - Name: 2, Distance: 1.041757583618164
2024-06-03 02:17:35,794 - Name: 48, Distance: 1.084760069847107
2024-06-03 02:17:35,794 - Name: 43, Distance: 1.101743221282959
2024-06-03 02:17:35,794 - Name: 16, Distance: 1.1219652891159058
2024-06-03 02:17:35,794 - Name: 22, Distance: 1.1358590126037598
2024-06-03 02:17:35,889 - 23 result:
2024-06-03 02:17:35,889 - Name: 50, Distance: 1.0348117351531982
2024-06-03 02:17:35,889 - Name: 14, Distance: 1.0397601127624512
2024-06-03 02:17:35,889 - Name: 59, Distance: 1.0442979335784912
2024-06-03 02:17:35,889 - Name: 23, Distance: 1.0519498586654663
2024-06-03 02:17:35,889 - Name: 13, Distance: 1.069836974143982
2024-06-03 02:17:35,944 - 24 result:
2024-06-03 02:17:35,945 - Name: 24, Distance: 0.8094810843467712
2024-06-03 02:17:35,945 - Name: 24, Distance: 0.9732034206390381
2024-06-03 02:17:35,945 - Name: 30, Distance: 1.0041732788085938
2024-06-03 02:17:35,945 - Name: 29, Distance: 1.0054043531417847
2024-06-03 02:17:35,945 - Name: 28, Distance: 1.0428740978240967
2024-06-03 02:17:36,179 - 25 result:
2024-06-03 02:17:36,179 - Name: 30, Distance: 0.9082279205322266
2024-06-03 02:17:36,179 - Name: 24, Distance: 0.9630537629127502
2024-06-03 02:17:36,179 - Name: 27, Distance: 0.9634175300598145
2024-06-03 02:17:36,180 - Name: 25, Distance: 0.9764204621315002
2024-06-03 02:17:36,180 - Name: 28, Distance: 1.0114868879318237
2024-06-03 02:17:36,866 - 26 result:
2024-06-03 02:17:36,866 - Name: 26, Distance: 0.9198933243751526
2024-06-03 02:17:36,866 - Name: 26, Distance: 0.993940532207489
2024-06-03 02:17:36,866 - Name: 30, Distance: 1.0188255310058594
2024-06-03 02:17:36,866 - Name: 26, Distance: 1.0404908657073975
2024-06-03 02:17:36,866 - Name: 28, Distance: 1.1066982746124268
2024-06-03 02:17:36,946 - 27 result:
2024-06-03 02:17:36,946 - Name: 36, Distance: 0.9020737409591675
2024-06-03 02:17:36,947 - Name: 24, Distance: 0.9538645148277283
2024-06-03 02:17:36,947 - Name: 27, Distance: 1.0095964670181274
2024-06-03 02:17:36,947 - Name: 52, Distance: 1.0491650104522705
2024-06-03 02:17:36,947 - Name: 52, Distance: 1.0801396369934082
2024-06-03 02:17:36,999 - 28 result:
2024-06-03 02:17:36,999 - Name: 28, Distance: 0.7914596796035767
2024-06-03 02:17:36,999 - Name: 9, Distance: 0.9391691088676453
2024-06-03 02:17:36,999 - Name: 27, Distance: 0.9764556884765625
2024-06-03 02:17:36,999 - Name: 16, Distance: 0.9817808866500854
2024-06-03 02:17:36,999 - Name: 23, Distance: 0.9894669055938721
2024-06-03 02:17:37,233 - 29 result:
2024-06-03 02:17:37,234 - Name: 29, Distance: 0.8167375922203064
2024-06-03 02:17:37,234 - Name: 29, Distance: 1.0599597692489624
2024-06-03 02:17:37,234 - Name: 34, Distance: 1.110768437385559
2024-06-03 02:17:37,234 - Name: 35, Distance: 1.1235980987548828
2024-06-03 02:17:37,234 - Name: 47, Distance: 1.1312583684921265
2024-06-03 02:17:37,285 - 3 result:
2024-06-03 02:17:37,285 - Name: 3, Distance: 0.8210038542747498
2024-06-03 02:17:37,285 - Name: 3, Distance: 0.9912480115890503
2024-06-03 02:17:37,285 - Name: 3, Distance: 1.042437195777893
2024-06-03 02:17:37,286 - Name: 4, Distance: 1.070985198020935
2024-06-03 02:17:37,286 - Name: 58, Distance: 1.1057578325271606
2024-06-03 02:17:37,975 - 30 result:
2024-06-03 02:17:37,975 - Name: 9, Distance: 1.0310031175613403
2024-06-03 02:17:37,975 - Name: 30, Distance: 1.0714099407196045
2024-06-03 02:17:37,975 - Name: 24, Distance: 1.10334312915802
2024-06-03 02:17:37,976 - Name: 16, Distance: 1.104677438735962
2024-06-03 02:17:37,976 - Name: 2, Distance: 1.1206775903701782
2024-06-03 02:17:38,032 - 31 result:
2024-06-03 02:17:38,032 - Name: 31, Distance: 1.0002670288085938
2024-06-03 02:17:38,032 - Name: 31, Distance: 1.030320167541504
2024-06-03 02:17:38,032 - Name: 12, Distance: 1.086517095565796
2024-06-03 02:17:38,032 - Name: 10, Distance: 1.1281275749206543
2024-06-03 02:17:38,032 - Name: 32, Distance: 1.1353951692581177
2024-06-03 02:17:38,094 - 32 result:
2024-06-03 02:17:38,094 - Name: 32, Distance: 1.0228183269500732
2024-06-03 02:17:38,095 - Name: 22, Distance: 1.026922583580017
2024-06-03 02:17:38,095 - Name: 16, Distance: 1.0299882888793945
2024-06-03 02:17:38,095 - Name: 22, Distance: 1.0396220684051514
2024-06-03 02:17:38,095 - Name: 56, Distance: 1.077140212059021
2024-06-03 02:17:38,325 - 33 result:
2024-06-03 02:17:38,326 - Name: 7, Distance: 0.9745105504989624
2024-06-03 02:17:38,326 - Name: 11, Distance: 1.0999832153320312
2024-06-03 02:17:38,326 - Name: 12, Distance: 1.1010162830352783
2024-06-03 02:17:38,326 - Name: 6, Distance: 1.112630009651184
2024-06-03 02:17:38,326 - Name: 54, Distance: 1.1230970621109009
2024-06-03 02:17:39,054 - 34 result:
2024-06-03 02:17:39,055 - Name: 29, Distance: 1.0708664655685425
2024-06-03 02:17:39,055 - Name: 34, Distance: 1.0743058919906616
2024-06-03 02:17:39,055 - Name: 47, Distance: 1.115146517753601
2024-06-03 02:17:39,055 - Name: 27, Distance: 1.1230183839797974
2024-06-03 02:17:39,055 - Name: 24, Distance: 1.1533557176589966
2024-06-03 02:17:39,307 - 35 result:
2024-06-03 02:17:39,307 - Name: 35, Distance: 0.9272158145904541
2024-06-03 02:17:39,307 - Name: 35, Distance: 0.9527958631515503
2024-06-03 02:17:39,307 - Name: 10, Distance: 1.0841116905212402
2024-06-03 02:17:39,307 - Name: 35, Distance: 1.099417805671692
2024-06-03 02:17:39,307 - Name: 51, Distance: 1.1304216384887695
2024-06-03 02:17:39,424 - 36 result:
2024-06-03 02:17:39,425 - Name: 23, Distance: 1.1099427938461304
2024-06-03 02:17:39,425 - Name: 36, Distance: 1.1205214262008667
2024-06-03 02:17:39,425 - Name: 52, Distance: 1.1312063932418823
2024-06-03 02:17:39,425 - Name: 52, Distance: 1.1345715522766113
2024-06-03 02:17:39,425 - Name: 53, Distance: 1.1735541820526123
2024-06-03 02:17:39,945 - 37 result:
2024-06-03 02:17:39,945 - Name: 35, Distance: 1.0110833644866943
2024-06-03 02:17:39,945 - Name: 35, Distance: 1.013584017753601
2024-06-03 02:17:39,945 - Name: 37, Distance: 1.0157320499420166
2024-06-03 02:17:39,945 - Name: 44, Distance: 1.1383601427078247
2024-06-03 02:17:39,945 - Name: 37, Distance: 1.1421982049942017
2024-06-03 02:17:40,024 - 38 result:
2024-06-03 02:17:40,024 - Name: 36, Distance: 1.033435344696045
2024-06-03 02:17:40,024 - Name: 57, Distance: 1.1084195375442505
2024-06-03 02:17:40,024 - Name: 55, Distance: 1.134473204612732
2024-06-03 02:17:40,025 - Name: 33, Distance: 1.144976258277893
2024-06-03 02:17:40,025 - Name: 36, Distance: 1.1478638648986816
2024-06-03 02:17:40,111 - 39 result:
2024-06-03 02:17:40,111 - Name: 59, Distance: 1.104641318321228
2024-06-03 02:17:40,111 - Name: 27, Distance: 1.1491920948028564
2024-06-03 02:17:40,112 - Name: 52, Distance: 1.1691396236419678
2024-06-03 02:17:40,112 - Name: 42, Distance: 1.181168794631958
2024-06-03 02:17:40,112 - Name: 39, Distance: 1.1901756525039673
2024-06-03 02:17:40,444 - 4 result:
2024-06-03 02:17:40,444 - Name: 58, Distance: 1.0725904703140259
2024-06-03 02:17:40,444 - Name: 31, Distance: 1.1018775701522827
2024-06-03 02:17:40,444 - Name: 39, Distance: 1.104315161705017
2024-06-03 02:17:40,444 - Name: 54, Distance: 1.1284165382385254
2024-06-03 02:17:40,444 - Name: 46, Distance: 1.1460126638412476
2024-06-03 02:17:41,044 - 40 result:
2024-06-03 02:17:41,045 - Name: 58, Distance: 0.9281892776489258
2024-06-03 02:17:41,045 - Name: 40, Distance: 0.9944539666175842
2024-06-03 02:17:41,045 - Name: 40, Distance: 1.0378273725509644
2024-06-03 02:17:41,045 - Name: 40, Distance: 1.0727317333221436
2024-06-03 02:17:41,045 - Name: 44, Distance: 1.0783584117889404
2024-06-03 02:17:41,114 - 41 result:
2024-06-03 02:17:41,114 - Name: 16, Distance: 1.0978848934173584
2024-06-03 02:17:41,115 - Name: 45, Distance: 1.1150877475738525
2024-06-03 02:17:41,115 - Name: 54, Distance: 1.1353052854537964
2024-06-03 02:17:41,115 - Name: 26, Distance: 1.1359204053878784
2024-06-03 02:17:41,115 - Name: 1, Distance: 1.1505470275878906
2024-06-03 02:17:41,164 - 42 result:
2024-06-03 02:17:41,164 - Name: 21, Distance: 1.0987743139266968
2024-06-03 02:17:41,164 - Name: 56, Distance: 1.1257764101028442
2024-06-03 02:17:41,164 - Name: 51, Distance: 1.1316133737564087
2024-06-03 02:17:41,164 - Name: 35, Distance: 1.1337908506393433
2024-06-03 02:17:41,164 - Name: 35, Distance: 1.142297387123108
2024-06-03 02:17:41,413 - 44 result:
2024-06-03 02:17:41,414 - Name: 44, Distance: 0.935199499130249
2024-06-03 02:17:41,414 - Name: 58, Distance: 1.0243422985076904
2024-06-03 02:17:41,414 - Name: 45, Distance: 1.0462610721588135
2024-06-03 02:17:41,414 - Name: 47, Distance: 1.0782275199890137
2024-06-03 02:17:41,414 - Name: 43, Distance: 1.0783510208129883
2024-06-03 02:17:42,068 - 45 result:
2024-06-03 02:17:42,068 - Name: 32, Distance: 1.00758957862854
2024-06-03 02:17:42,068 - Name: 57, Distance: 1.0447046756744385
2024-06-03 02:17:42,068 - Name: 40, Distance: 1.1251658201217651
2024-06-03 02:17:42,068 - Name: 8, Distance: 1.14087975025177
2024-06-03 02:17:42,069 - Name: 22, Distance: 1.1711100339889526
2024-06-03 02:17:42,151 - 46 result:
2024-06-03 02:17:42,152 - Name: 46, Distance: 0.8530645370483398
2024-06-03 02:17:42,152 - Name: 46, Distance: 0.8884562253952026
2024-06-03 02:17:42,152 - Name: 46, Distance: 0.9667602181434631
2024-06-03 02:17:42,152 - Name: 48, Distance: 1.0955109596252441
2024-06-03 02:17:42,152 - Name: 35, Distance: 1.1279354095458984
2024-06-03 02:17:42,212 - 47 result:
2024-06-03 02:17:42,212 - Name: 58, Distance: 1.075927495956421
2024-06-03 02:17:42,212 - Name: 47, Distance: 1.0818605422973633
2024-06-03 02:17:42,212 - Name: 47, Distance: 1.0904244184494019
2024-06-03 02:17:42,212 - Name: 44, Distance: 1.1186619997024536
2024-06-03 02:17:42,213 - Name: 36, Distance: 1.1499898433685303
2024-06-03 02:17:42,265 - 48 result:
2024-06-03 02:17:42,265 - Name: 48, Distance: 0.8947783708572388
2024-06-03 02:17:42,265 - Name: 54, Distance: 1.0557228326797485
2024-06-03 02:17:42,265 - Name: 46, Distance: 1.0726039409637451
2024-06-03 02:17:42,266 - Name: 46, Distance: 1.1177858114242554
2024-06-03 02:17:42,266 - Name: 21, Distance: 1.120059847831726
2024-06-03 02:17:42,489 - 5 result:
2024-06-03 02:17:42,490 - Name: 5, Distance: 0.8723797798156738
2024-06-03 02:17:42,490 - Name: 5, Distance: 0.991059422492981
2024-06-03 02:17:42,490 - Name: 5, Distance: 0.9995954036712646
2024-06-03 02:17:42,490 - Name: 28, Distance: 1.15004563331604
2024-06-03 02:17:42,490 - Name: 20, Distance: 1.1578705310821533
2024-06-03 02:17:43,177 - 50 result:
2024-06-03 02:17:43,177 - Name: 7, Distance: 1.0051904916763306
2024-06-03 02:17:43,177 - Name: 59, Distance: 1.0058306455612183
2024-06-03 02:17:43,177 - Name: 56, Distance: 1.0297291278839111
2024-06-03 02:17:43,177 - Name: 51, Distance: 1.0760928392410278
2024-06-03 02:17:43,177 - Name: 51, Distance: 1.0796122550964355
2024-06-03 02:17:43,239 - 51 result:
2024-06-03 02:17:43,239 - Name: 59, Distance: 0.925615668296814
2024-06-03 02:17:43,239 - Name: 51, Distance: 0.9793970584869385
2024-06-03 02:17:43,239 - Name: 50, Distance: 1.0565022230148315
2024-06-03 02:17:43,239 - Name: 55, Distance: 1.0769298076629639
2024-06-03 02:17:43,239 - Name: 34, Distance: 1.090761423110962
2024-06-03 02:17:43,296 - 52 result:
2024-06-03 02:17:43,297 - Name: 52, Distance: 1.099543809890747
2024-06-03 02:17:43,297 - Name: 0, Distance: 1.1260501146316528
2024-06-03 02:17:43,297 - Name: 47, Distance: 1.1372755765914917
2024-06-03 02:17:43,297 - Name: 36, Distance: 1.1717760562896729
2024-06-03 02:17:43,297 - Name: 45, Distance: 1.1735912561416626
2024-06-03 02:17:43,345 - 53 result:
2024-06-03 02:17:43,345 - Name: 55, Distance: 1.1494325399398804
2024-06-03 02:17:43,346 - Name: 22, Distance: 1.1793261766433716
2024-06-03 02:17:43,346 - Name: 31, Distance: 1.1811888217926025
2024-06-03 02:17:43,346 - Name: 54, Distance: 1.181342363357544
2024-06-03 02:17:43,346 - Name: 2, Distance: 1.1918184757232666
2024-06-03 02:17:43,577 - 54 result:
2024-06-03 02:17:43,577 - Name: 54, Distance: 0.9997809529304504
2024-06-03 02:17:43,577 - Name: 54, Distance: 1.0549906492233276
2024-06-03 02:17:43,577 - Name: 14, Distance: 1.0800670385360718
2024-06-03 02:17:43,577 - Name: 46, Distance: 1.1127383708953857
2024-06-03 02:17:43,577 - Name: 43, Distance: 1.166201114654541
2024-06-03 02:17:44,271 - 55 result:
2024-06-03 02:17:44,271 - Name: 28, Distance: 0.9753446578979492
2024-06-03 02:17:44,271 - Name: 36, Distance: 1.0396065711975098
2024-06-03 02:17:44,271 - Name: 25, Distance: 1.0807979106903076
2024-06-03 02:17:44,271 - Name: 32, Distance: 1.0890461206436157
2024-06-03 02:17:44,271 - Name: 44, Distance: 1.1052217483520508
2024-06-03 02:17:44,325 - 56 result:
2024-06-03 02:17:44,326 - Name: 56, Distance: 0.8976033329963684
2024-06-03 02:17:44,326 - Name: 56, Distance: 0.9824343919754028
2024-06-03 02:17:44,326 - Name: 4, Distance: 1.0317472219467163
2024-06-03 02:17:44,326 - Name: 30, Distance: 1.0440523624420166
2024-06-03 02:17:44,326 - Name: 56, Distance: 1.0852572917938232
2024-06-03 02:17:44,564 - 57 result:
2024-06-03 02:17:44,564 - Name: 59, Distance: 0.9955378174781799
2024-06-03 02:17:44,564 - Name: 44, Distance: 1.0254524946212769
2024-06-03 02:17:44,564 - Name: 36, Distance: 1.0762957334518433
2024-06-03 02:17:44,564 - Name: 57, Distance: 1.086851954460144
2024-06-03 02:17:44,564 - Name: 51, Distance: 1.0925630331039429
2024-06-03 02:17:45,172 - 58 result:
2024-06-03 02:17:45,172 - Name: 58, Distance: 1.0442312955856323
2024-06-03 02:17:45,172 - Name: 41, Distance: 1.0515509843826294
2024-06-03 02:17:45,172 - Name: 44, Distance: 1.0768479108810425
2024-06-03 02:17:45,172 - Name: 39, Distance: 1.114465594291687
2024-06-03 02:17:45,172 - Name: 10, Distance: 1.1503891944885254
2024-06-03 02:17:45,329 - 59 result:
2024-06-03 02:17:45,329 - Name: 52, Distance: 1.0540485382080078
2024-06-03 02:17:45,329 - Name: 59, Distance: 1.0822769403457642
2024-06-03 02:17:45,329 - Name: 2, Distance: 1.0904114246368408
2024-06-03 02:17:45,329 - Name: 57, Distance: 1.1416330337524414
2024-06-03 02:17:45,329 - Name: 43, Distance: 1.1510233879089355
2024-06-03 02:17:45,612 - 6 result:
2024-06-03 02:17:45,612 - Name: 14, Distance: 1.0131422281265259
2024-06-03 02:17:45,612 - Name: 33, Distance: 1.0308187007904053
2024-06-03 02:17:45,612 - Name: 6, Distance: 1.0886032581329346
2024-06-03 02:17:45,613 - Name: 36, Distance: 1.100568413734436
2024-06-03 02:17:45,613 - Name: 34, Distance: 1.1419072151184082
2024-06-03 02:17:46,229 - 7 result:
2024-06-03 02:17:46,230 - Name: 4, Distance: 1.0807322263717651
2024-06-03 02:17:46,230 - Name: 10, Distance: 1.1078802347183228
2024-06-03 02:17:46,230 - Name: 50, Distance: 1.112202763557434
2024-06-03 02:17:46,230 - Name: 14, Distance: 1.133113980293274
2024-06-03 02:17:46,230 - Name: 33, Distance: 1.154288411140442
2024-06-03 02:17:46,304 - 8 result:
2024-06-03 02:17:46,304 - Name: 8, Distance: 0.9455057978630066
2024-06-03 02:17:46,304 - Name: 19, Distance: 1.0446362495422363
2024-06-03 02:17:46,304 - Name: 8, Distance: 1.0584207773208618
2024-06-03 02:17:46,304 - Name: 8, Distance: 1.088765263557434
2024-06-03 02:17:46,305 - Name: 6, Distance: 1.1101298332214355
2024-06-03 02:17:46,826 - 9 result:
2024-06-03 02:17:46,826 - Name: 54, Distance: 1.0468984842300415
2024-06-03 02:17:46,826 - Name: 25, Distance: 1.1246390342712402
2024-06-03 02:17:46,826 - Name: 25, Distance: 1.147110104560852
2024-06-03 02:17:46,826 - Name: 8, Distance: 1.152372121810913
2024-06-03 02:17:46,826 - Name: 25, Distance: 1.1624540090560913
2024-06-03 02:17:46,910 - Total samples: 58
2024-06-03 02:17:46,910 - Correct predictions: 43
2024-06-03 02:17:46,910 - Incorrect predictions: 15
2024-06-03 02:17:46,910 - Accuracy: 74.14%
2024-06-03 02:17:46,910 - Correctly predicted classes:
2024-06-03 02:17:46,911 - 11: 1
2024-06-03 02:17:46,911 - 24: 1
2024-06-03 02:17:46,911 - 27: 1
2024-06-03 02:17:46,911 - 17: 1
2024-06-03 02:17:46,911 - 22: 1
2024-06-03 02:17:46,911 - 44: 1
2024-06-03 02:17:46,911 - 32: 1
2024-06-03 02:17:46,911 - 2: 1
2024-06-03 02:17:46,911 - 3: 1
2024-06-03 02:17:46,912 - 5: 1
2024-06-03 02:17:46,912 - 8: 1
2024-06-03 02:17:46,912 - 12: 1
2024-06-03 02:17:46,912 - 35: 1
2024-06-03 02:17:46,912 - 54: 1
2024-06-03 02:17:46,912 - 6: 1
2024-06-03 02:17:46,912 - 30: 1
2024-06-03 02:17:46,912 - 40: 1
2024-06-03 02:17:46,912 - 25: 1
2024-06-03 02:17:46,913 - 36: 1
2024-06-03 02:17:46,913 - 56: 1
2024-06-03 02:17:46,913 - 37: 1
2024-06-03 02:17:46,913 - 13: 1
2024-06-03 02:17:46,913 - 29: 1
2024-06-03 02:17:46,913 - 31: 1
2024-06-03 02:17:46,913 - 19: 1
2024-06-03 02:17:46,913 - 57: 1
2024-06-03 02:17:46,913 - 28: 1
2024-06-03 02:17:46,914 - 26: 1
2024-06-03 02:17:46,914 - 48: 1
2024-06-03 02:17:46,914 - 51: 1
2024-06-03 02:17:46,914 - 20: 1
2024-06-03 02:17:46,914 - 1: 1
2024-06-03 02:17:46,914 - 0: 1
2024-06-03 02:17:46,914 - 46: 1
2024-06-03 02:17:46,914 - 59: 1
2024-06-03 02:17:46,914 - 58: 1
2024-06-03 02:17:46,915 - 16: 1
2024-06-03 02:17:46,915 - 23: 1
2024-06-03 02:17:46,915 - 39: 1
2024-06-03 02:17:46,915 - 34: 1
2024-06-03 02:17:46,915 - 52: 1
2024-06-03 02:17:46,915 - 47: 1
2024-06-03 02:17:46,915 - 18: 1
2024-06-03 02:17:46,915 - Incorrectly predicted classes:
2024-06-03 02:17:46,915 - 45: 1
2024-06-03 02:17:46,916 - 42: 1
2024-06-03 02:17:46,916 - 14: 1
2024-06-03 02:17:46,916 - 33: 1
2024-06-03 02:17:46,916 - 50: 1
2024-06-03 02:17:46,916 - 7: 1
2024-06-03 02:17:46,916 - 38: 1
2024-06-03 02:17:46,916 - 9: 1
2024-06-03 02:17:46,916 - 15: 1
2024-06-03 02:17:46,916 - 10: 1
2024-06-03 02:17:46,917 - 21: 1
2024-06-03 02:17:46,917 - 55: 1
2024-06-03 02:17:46,917 - 4: 1
2024-06-03 02:17:46,917 - 53: 1
2024-06-03 02:17:46,917 - 41: 1
