2024-06-02 08:06:12,004 - test_dir : ./Face_Dataset/Test
2024-06-02 08:06:12,004 - pretrained : work_dir/FaceNet_finetuning_Random_Batch_RandReg_5_32/FaceNet_finetuning_Random_Batch_RandReg_5_32_deepfake.pth
2024-06-02 08:06:12,004 - model_name : FaceNet_finetuning_Random_Batch_RandReg
2024-06-02 08:07:03,731 - 0 result:
2024-06-02 08:07:03,731 - Name: 59, Distance: 0.17971186339855194
2024-06-02 08:07:03,731 - Name: 42, Distance: 0.30410319566726685
2024-06-02 08:07:03,731 - Name: 11, Distance: 0.4461100101470947
2024-06-02 08:07:03,732 - Name: 33, Distance: 0.4662458300590515
2024-06-02 08:07:03,732 - Name: 48, Distance: 0.46801289916038513
2024-06-02 08:07:03,792 - 1 result:
2024-06-02 08:07:03,792 - Name: 20, Distance: 0.2065204232931137
2024-06-02 08:07:03,792 - Name: 52, Distance: 0.208646759390831
2024-06-02 08:07:03,792 - Name: 36, Distance: 0.22500862181186676
2024-06-02 08:07:03,792 - Name: 11, Distance: 0.2250235676765442
2024-06-02 08:07:03,792 - Name: 20, Distance: 0.268659383058548
2024-06-02 08:07:03,845 - 10 result:
2024-06-02 08:07:03,846 - Name: 18, Distance: 0.17040792107582092
2024-06-02 08:07:03,846 - Name: 33, Distance: 0.17411790788173676
2024-06-02 08:07:03,846 - Name: 22, Distance: 0.21035705506801605
2024-06-02 08:07:03,846 - Name: 22, Distance: 0.2515455186367035
2024-06-02 08:07:03,846 - Name: 32, Distance: 0.2670704424381256
2024-06-02 08:07:04,081 - 11 result:
2024-06-02 08:07:04,081 - Name: 4, Distance: 0.17455026507377625
2024-06-02 08:07:04,081 - Name: 2, Distance: 0.181410014629364
2024-06-02 08:07:04,081 - Name: 42, Distance: 0.20504066348075867
2024-06-02 08:07:04,082 - Name: 4, Distance: 0.22606563568115234
2024-06-02 08:07:04,082 - Name: 33, Distance: 0.2419155240058899
2024-06-02 08:07:04,713 - 12 result:
2024-06-02 08:07:04,713 - Name: 29, Distance: 0.32223743200302124
2024-06-02 08:07:04,713 - Name: 6, Distance: 0.3833032548427582
2024-06-02 08:07:04,713 - Name: 12, Distance: 0.43668055534362793
2024-06-02 08:07:04,713 - Name: 24, Distance: 0.4728025794029236
2024-06-02 08:07:04,713 - Name: 15, Distance: 0.48344025015830994
2024-06-02 08:07:04,771 - 13 result:
2024-06-02 08:07:04,772 - Name: 13, Distance: 0.0
2024-06-02 08:07:04,772 - Name: 31, Distance: 0.19977568089962006
2024-06-02 08:07:04,772 - Name: 32, Distance: 0.20455603301525116
2024-06-02 08:07:04,772 - Name: 32, Distance: 0.21409349143505096
2024-06-02 08:07:04,772 - Name: 22, Distance: 0.23237402737140656
2024-06-02 08:07:05,005 - 14 result:
2024-06-02 08:07:05,005 - Name: 32, Distance: 0.14272168278694153
2024-06-02 08:07:05,005 - Name: 32, Distance: 0.1513879895210266
2024-06-02 08:07:05,005 - Name: 14, Distance: 0.15524442493915558
2024-06-02 08:07:05,005 - Name: 22, Distance: 0.211079940199852
2024-06-02 08:07:05,005 - Name: 5, Distance: 0.2172316461801529
2024-06-02 08:07:05,633 - 15 result:
2024-06-02 08:07:05,633 - Name: 6, Distance: 0.10904447734355927
2024-06-02 08:07:05,633 - Name: 27, Distance: 0.11113374680280685
2024-06-02 08:07:05,633 - Name: 8, Distance: 0.1247401162981987
2024-06-02 08:07:05,633 - Name: 30, Distance: 0.1260034441947937
2024-06-02 08:07:05,634 - Name: 13, Distance: 0.13367880880832672
2024-06-02 08:07:06,018 - 16 result:
2024-06-02 08:07:06,018 - Name: 16, Distance: 0.05116249620914459
2024-06-02 08:07:06,018 - Name: 28, Distance: 0.05427686870098114
2024-06-02 08:07:06,018 - Name: 27, Distance: 0.05580628290772438
2024-06-02 08:07:06,018 - Name: 28, Distance: 0.06850229203701019
2024-06-02 08:07:06,018 - Name: 8, Distance: 0.07889162003993988
2024-06-02 08:07:06,646 - 17 result:
2024-06-02 08:07:06,646 - Name: 48, Distance: 0.33051052689552307
2024-06-02 08:07:06,646 - Name: 54, Distance: 0.33449694514274597
2024-06-02 08:07:06,646 - Name: 57, Distance: 0.4169384241104126
2024-06-02 08:07:06,646 - Name: 36, Distance: 0.4178708493709564
2024-06-02 08:07:06,646 - Name: 51, Distance: 0.45254963636398315
2024-06-02 08:07:06,699 - 18 result:
2024-06-02 08:07:06,699 - Name: 32, Distance: 0.1712295413017273
2024-06-02 08:07:06,699 - Name: 32, Distance: 0.18294544517993927
2024-06-02 08:07:06,699 - Name: 14, Distance: 0.18840305507183075
2024-06-02 08:07:06,700 - Name: 22, Distance: 0.1911267191171646
2024-06-02 08:07:06,700 - Name: 13, Distance: 0.21785157918930054
2024-06-02 08:07:06,937 - 19 result:
2024-06-02 08:07:06,937 - Name: 27, Distance: 0.08296352624893188
2024-06-02 08:07:06,937 - Name: 30, Distance: 0.0987471416592598
2024-06-02 08:07:06,937 - Name: 8, Distance: 0.10752806067466736
2024-06-02 08:07:06,937 - Name: 3, Distance: 0.11805720627307892
2024-06-02 08:07:06,937 - Name: 6, Distance: 0.12386567145586014
2024-06-02 08:07:07,543 - 2 result:
2024-06-02 08:07:07,543 - Name: 40, Distance: 0.12071401625871658
2024-06-02 08:07:07,543 - Name: 52, Distance: 0.1392459273338318
2024-06-02 08:07:07,543 - Name: 52, Distance: 0.15090273320674896
2024-06-02 08:07:07,543 - Name: 2, Distance: 0.1575370728969574
2024-06-02 08:07:07,544 - Name: 36, Distance: 0.16039890050888062
2024-06-02 08:07:07,641 - 20 result:
2024-06-02 08:07:07,641 - Name: 59, Distance: 0.37896227836608887
2024-06-02 08:07:07,641 - Name: 48, Distance: 0.4235435724258423
2024-06-02 08:07:07,641 - Name: 57, Distance: 0.5069743990898132
2024-06-02 08:07:07,641 - Name: 9, Distance: 0.5097228288650513
2024-06-02 08:07:07,641 - Name: 21, Distance: 0.5362098217010498
2024-06-02 08:07:07,696 - 21 result:
2024-06-02 08:07:07,696 - Name: 14, Distance: 0.23864993453025818
2024-06-02 08:07:07,696 - Name: 23, Distance: 0.24097411334514618
2024-06-02 08:07:07,696 - Name: 32, Distance: 0.24098092317581177
2024-06-02 08:07:07,696 - Name: 11, Distance: 0.24672235548496246
2024-06-02 08:07:07,696 - Name: 5, Distance: 0.29713600873947144
2024-06-02 08:07:07,929 - 22 result:
2024-06-02 08:07:07,930 - Name: 50, Distance: 0.32133421301841736
2024-06-02 08:07:07,930 - Name: 14, Distance: 0.5043506622314453
2024-06-02 08:07:07,930 - Name: 32, Distance: 0.5280441641807556
2024-06-02 08:07:07,930 - Name: 23, Distance: 0.5382668972015381
2024-06-02 08:07:07,930 - Name: 5, Distance: 0.5533218383789062
2024-06-02 08:07:08,540 - 23 result:
2024-06-02 08:07:08,540 - Name: 18, Distance: 0.11777186393737793
2024-06-02 08:07:08,541 - Name: 22, Distance: 0.16899116337299347
2024-06-02 08:07:08,541 - Name: 33, Distance: 0.17716728150844574
2024-06-02 08:07:08,541 - Name: 22, Distance: 0.17976859211921692
2024-06-02 08:07:08,541 - Name: 17, Distance: 0.21677424013614655
2024-06-02 08:07:08,651 - 24 result:
2024-06-02 08:07:08,652 - Name: 28, Distance: 0.13042914867401123
2024-06-02 08:07:08,652 - Name: 16, Distance: 0.14495055377483368
2024-06-02 08:07:08,652 - Name: 29, Distance: 0.15364603698253632
2024-06-02 08:07:08,652 - Name: 28, Distance: 0.15648095309734344
2024-06-02 08:07:08,652 - Name: 25, Distance: 0.16409429907798767
2024-06-02 08:07:08,899 - 25 result:
2024-06-02 08:07:08,899 - Name: 16, Distance: 0.3587101995944977
2024-06-02 08:07:08,899 - Name: 16, Distance: 0.42509323358535767
2024-06-02 08:07:08,899 - Name: 28, Distance: 0.4410948157310486
2024-06-02 08:07:08,899 - Name: 18, Distance: 0.4476359784603119
2024-06-02 08:07:08,899 - Name: 19, Distance: 0.4476451277732849
2024-06-02 08:07:09,508 - 26 result:
2024-06-02 08:07:09,508 - Name: 28, Distance: 0.12482929229736328
2024-06-02 08:07:09,508 - Name: 30, Distance: 0.16058415174484253
2024-06-02 08:07:09,508 - Name: 25, Distance: 0.18316903710365295
2024-06-02 08:07:09,508 - Name: 13, Distance: 0.18519327044487
2024-06-02 08:07:09,508 - Name: 19, Distance: 0.1923530250787735
2024-06-02 08:07:09,560 - 27 result:
2024-06-02 08:07:09,560 - Name: 29, Distance: 0.3749413788318634
2024-06-02 08:07:09,560 - Name: 9, Distance: 0.3815247118473053
2024-06-02 08:07:09,560 - Name: 50, Distance: 0.420949250459671
2024-06-02 08:07:09,560 - Name: 48, Distance: 0.43992483615875244
2024-06-02 08:07:09,560 - Name: 23, Distance: 0.4671595096588135
2024-06-02 08:07:09,616 - 28 result:
2024-06-02 08:07:09,616 - Name: 27, Distance: 0.1235809326171875
2024-06-02 08:07:09,616 - Name: 3, Distance: 0.1346895843744278
2024-06-02 08:07:09,616 - Name: 16, Distance: 0.1417795717716217
2024-06-02 08:07:09,616 - Name: 25, Distance: 0.14446721971035004
2024-06-02 08:07:09,616 - Name: 12, Distance: 0.14632564783096313
2024-06-02 08:07:10,477 - 29 result:
2024-06-02 08:07:10,478 - Name: 21, Distance: 0.11495606601238251
2024-06-02 08:07:10,478 - Name: 31, Distance: 0.1728193610906601
2024-06-02 08:07:10,478 - Name: 31, Distance: 0.19179736077785492
2024-06-02 08:07:10,478 - Name: 23, Distance: 0.20003607869148254
2024-06-02 08:07:10,478 - Name: 23, Distance: 0.2029217779636383
2024-06-02 08:07:10,590 - 3 result:
2024-06-02 08:07:10,590 - Name: 34, Distance: 0.23554959893226624
2024-06-02 08:07:10,590 - Name: 20, Distance: 0.23836731910705566
2024-06-02 08:07:10,590 - Name: 11, Distance: 0.2687153220176697
2024-06-02 08:07:10,590 - Name: 34, Distance: 0.29887616634368896
2024-06-02 08:07:10,590 - Name: 10, Distance: 0.3241974413394928
2024-06-02 08:07:10,647 - 30 result:
2024-06-02 08:07:10,647 - Name: 16, Distance: 0.19265609979629517
2024-06-02 08:07:10,647 - Name: 16, Distance: 0.22686707973480225
2024-06-02 08:07:10,647 - Name: 28, Distance: 0.27403247356414795
2024-06-02 08:07:10,648 - Name: 6, Distance: 0.27880528569221497
2024-06-02 08:07:10,648 - Name: 30, Distance: 0.28485533595085144
2024-06-02 08:07:10,893 - 31 result:
2024-06-02 08:07:10,893 - Name: 50, Distance: 0.14370481669902802
2024-06-02 08:07:10,893 - Name: 23, Distance: 0.16428697109222412
2024-06-02 08:07:10,893 - Name: 23, Distance: 0.16626736521720886
2024-06-02 08:07:10,893 - Name: 31, Distance: 0.16824790835380554
2024-06-02 08:07:10,893 - Name: 31, Distance: 0.18176870048046112
2024-06-02 08:07:11,502 - 32 result:
2024-06-02 08:07:11,503 - Name: 36, Distance: 0.11832801252603531
2024-06-02 08:07:11,503 - Name: 56, Distance: 0.14775894582271576
2024-06-02 08:07:11,503 - Name: 42, Distance: 0.16847431659698486
2024-06-02 08:07:11,503 - Name: 36, Distance: 0.1716843545436859
2024-06-02 08:07:11,503 - Name: 41, Distance: 0.1736159473657608
2024-06-02 08:07:11,558 - 33 result:
2024-06-02 08:07:11,558 - Name: 50, Distance: 0.9415361285209656
2024-06-02 08:07:11,558 - Name: 10, Distance: 1.0295227766036987
2024-06-02 08:07:11,558 - Name: 18, Distance: 1.0722237825393677
2024-06-02 08:07:11,558 - Name: 29, Distance: 1.0831027030944824
2024-06-02 08:07:11,558 - Name: 6, Distance: 1.1007635593414307
2024-06-02 08:07:11,612 - 34 result:
2024-06-02 08:07:11,613 - Name: 31, Distance: 0.22206339240074158
2024-06-02 08:07:11,613 - Name: 13, Distance: 0.3006334900856018
2024-06-02 08:07:11,613 - Name: 14, Distance: 0.33828577399253845
2024-06-02 08:07:11,613 - Name: 32, Distance: 0.3448716402053833
2024-06-02 08:07:11,613 - Name: 32, Distance: 0.36029237508773804
2024-06-02 08:07:11,844 - 35 result:
2024-06-02 08:07:11,844 - Name: 59, Distance: 0.06421808898448944
2024-06-02 08:07:11,844 - Name: 53, Distance: 0.06692062318325043
2024-06-02 08:07:11,845 - Name: 44, Distance: 0.08384889364242554
2024-06-02 08:07:11,845 - Name: 2, Distance: 0.08543366938829422
2024-06-02 08:07:11,845 - Name: 1, Distance: 0.08562226593494415
2024-06-02 08:07:12,458 - 36 result:
2024-06-02 08:07:12,458 - Name: 16, Distance: 0.1874183565378189
2024-06-02 08:07:12,458 - Name: 16, Distance: 0.2385619431734085
2024-06-02 08:07:12,458 - Name: 25, Distance: 0.3120136857032776
2024-06-02 08:07:12,458 - Name: 28, Distance: 0.33733993768692017
2024-06-02 08:07:12,458 - Name: 30, Distance: 0.3420928120613098
2024-06-02 08:07:12,525 - 37 result:
2024-06-02 08:07:12,526 - Name: 30, Distance: 0.1903972625732422
2024-06-02 08:07:12,526 - Name: 6, Distance: 0.20452719926834106
2024-06-02 08:07:12,526 - Name: 19, Distance: 0.20778465270996094
2024-06-02 08:07:12,526 - Name: 28, Distance: 0.2323177456855774
2024-06-02 08:07:12,526 - Name: 30, Distance: 0.24239730834960938
2024-06-02 08:07:12,590 - 38 result:
2024-06-02 08:07:12,590 - Name: 21, Distance: 0.12744194269180298
2024-06-02 08:07:12,590 - Name: 23, Distance: 0.13581682741641998
2024-06-02 08:07:12,590 - Name: 31, Distance: 0.14162571728229523
2024-06-02 08:07:12,590 - Name: 31, Distance: 0.16226862370967865
2024-06-02 08:07:12,590 - Name: 9, Distance: 0.17942990362644196
2024-06-02 08:07:12,820 - 39 result:
2024-06-02 08:07:12,820 - Name: 39, Distance: 0.10239357501268387
2024-06-02 08:07:12,820 - Name: 41, Distance: 0.11529916524887085
2024-06-02 08:07:12,820 - Name: 41, Distance: 0.11941657215356827
2024-06-02 08:07:12,820 - Name: 1, Distance: 0.1227840781211853
2024-06-02 08:07:12,820 - Name: 58, Distance: 0.13516178727149963
2024-06-02 08:07:13,442 - 4 result:
2024-06-02 08:07:13,443 - Name: 48, Distance: 0.2584368884563446
2024-06-02 08:07:13,443 - Name: 50, Distance: 0.3090682327747345
2024-06-02 08:07:13,443 - Name: 9, Distance: 0.31149905920028687
2024-06-02 08:07:13,443 - Name: 23, Distance: 0.3461438715457916
2024-06-02 08:07:13,443 - Name: 21, Distance: 0.3644336760044098
2024-06-02 08:07:13,494 - 40 result:
2024-06-02 08:07:13,494 - Name: 52, Distance: 0.19748499989509583
2024-06-02 08:07:13,494 - Name: 40, Distance: 0.2100411206483841
2024-06-02 08:07:13,494 - Name: 20, Distance: 0.22208845615386963
2024-06-02 08:07:13,494 - Name: 36, Distance: 0.23313075304031372
2024-06-02 08:07:13,494 - Name: 52, Distance: 0.2507365047931671
2024-06-02 08:07:13,546 - 41 result:
2024-06-02 08:07:13,546 - Name: 19, Distance: 0.3115695118904114
2024-06-02 08:07:13,547 - Name: 18, Distance: 0.4974173605442047
2024-06-02 08:07:13,547 - Name: 3, Distance: 0.5101642608642578
2024-06-02 08:07:13,547 - Name: 4, Distance: 0.511813759803772
2024-06-02 08:07:13,547 - Name: 38, Distance: 0.5318132638931274
2024-06-02 08:07:13,595 - 42 result:
2024-06-02 08:07:13,595 - Name: 44, Distance: 0.12884579598903656
2024-06-02 08:07:13,595 - Name: 40, Distance: 0.1403622329235077
2024-06-02 08:07:13,595 - Name: 44, Distance: 0.14268207550048828
2024-06-02 08:07:13,596 - Name: 39, Distance: 0.14370867609977722
2024-06-02 08:07:13,596 - Name: 1, Distance: 0.15645557641983032
2024-06-02 08:07:13,825 - 44 result:
2024-06-02 08:07:13,825 - Name: 47, Distance: 0.18736350536346436
2024-06-02 08:07:13,825 - Name: 39, Distance: 0.1890418529510498
2024-06-02 08:07:13,825 - Name: 39, Distance: 0.1975347399711609
2024-06-02 08:07:13,825 - Name: 1, Distance: 0.2045253962278366
2024-06-02 08:07:13,825 - Name: 46, Distance: 0.20944111049175262
2024-06-02 08:07:14,460 - 45 result:
2024-06-02 08:07:14,461 - Name: 55, Distance: 0.1926242858171463
2024-06-02 08:07:14,461 - Name: 58, Distance: 0.21033373475074768
2024-06-02 08:07:14,461 - Name: 35, Distance: 0.22236381471157074
2024-06-02 08:07:14,461 - Name: 37, Distance: 0.22236774861812592
2024-06-02 08:07:14,461 - Name: 0, Distance: 0.2226163148880005
2024-06-02 08:07:14,514 - 46 result:
2024-06-02 08:07:14,514 - Name: 55, Distance: 0.06961500644683838
2024-06-02 08:07:14,514 - Name: 0, Distance: 0.07193350791931152
2024-06-02 08:07:14,514 - Name: 58, Distance: 0.07850083708763123
2024-06-02 08:07:14,514 - Name: 54, Distance: 0.11634449660778046
2024-06-02 08:07:14,514 - Name: 40, Distance: 0.11868047714233398
2024-06-02 08:07:14,611 - 47 result:
2024-06-02 08:07:14,611 - Name: 1, Distance: 0.0703117698431015
2024-06-02 08:07:14,611 - Name: 53, Distance: 0.09366574883460999
2024-06-02 08:07:14,612 - Name: 2, Distance: 0.1031583622097969
2024-06-02 08:07:14,612 - Name: 40, Distance: 0.11044204980134964
2024-06-02 08:07:14,612 - Name: 59, Distance: 0.11638001352548599
2024-06-02 08:07:14,803 - 48 result:
2024-06-02 08:07:14,803 - Name: 48, Distance: 0.3925997316837311
2024-06-02 08:07:14,803 - Name: 48, Distance: 0.43311190605163574
2024-06-02 08:07:14,803 - Name: 54, Distance: 0.4923461377620697
2024-06-02 08:07:14,803 - Name: 11, Distance: 0.5202526450157166
2024-06-02 08:07:14,803 - Name: 36, Distance: 0.5516471266746521
2024-06-02 08:07:15,398 - 5 result:
2024-06-02 08:07:15,398 - Name: 13, Distance: 0.17084546387195587
2024-06-02 08:07:15,398 - Name: 32, Distance: 0.17195403575897217
2024-06-02 08:07:15,398 - Name: 32, Distance: 0.19335050880908966
2024-06-02 08:07:15,398 - Name: 14, Distance: 0.1968976855278015
2024-06-02 08:07:15,398 - Name: 31, Distance: 0.21096569299697876
2024-06-02 08:07:15,479 - 50 result:
2024-06-02 08:07:15,480 - Name: 9, Distance: 0.21614374220371246
2024-06-02 08:07:15,480 - Name: 23, Distance: 0.23017556965351105
2024-06-02 08:07:15,480 - Name: 14, Distance: 0.23047223687171936
2024-06-02 08:07:15,480 - Name: 50, Distance: 0.23343686759471893
2024-06-02 08:07:15,480 - Name: 31, Distance: 0.23547932505607605
2024-06-02 08:07:15,536 - 51 result:
2024-06-02 08:07:15,536 - Name: 5, Distance: 0.22866275906562805
2024-06-02 08:07:15,536 - Name: 21, Distance: 0.2902398407459259
2024-06-02 08:07:15,536 - Name: 23, Distance: 0.29827356338500977
2024-06-02 08:07:15,536 - Name: 50, Distance: 0.3122619092464447
2024-06-02 08:07:15,536 - Name: 9, Distance: 0.3141062259674072
2024-06-02 08:07:15,777 - 52 result:
2024-06-02 08:07:15,777 - Name: 52, Distance: 0.16138379275798798
2024-06-02 08:07:15,777 - Name: 52, Distance: 0.1748187243938446
2024-06-02 08:07:15,778 - Name: 36, Distance: 0.17638085782527924
2024-06-02 08:07:15,778 - Name: 20, Distance: 0.20184342563152313
2024-06-02 08:07:15,778 - Name: 40, Distance: 0.20500832796096802
2024-06-02 08:07:16,712 - 53 result:
2024-06-02 08:07:16,712 - Name: 54, Distance: 0.07692138105630875
2024-06-02 08:07:16,712 - Name: 51, Distance: 0.10189218074083328
2024-06-02 08:07:16,712 - Name: 55, Distance: 0.10275087505578995
2024-06-02 08:07:16,713 - Name: 40, Distance: 0.10413074493408203
2024-06-02 08:07:16,713 - Name: 54, Distance: 0.1260463148355484
2024-06-02 08:07:17,311 - 54 result:
2024-06-02 08:07:17,311 - Name: 41, Distance: 0.07878389954566956
2024-06-02 08:07:17,311 - Name: 1, Distance: 0.0830128863453865
2024-06-02 08:07:17,311 - Name: 41, Distance: 0.08326633274555206
2024-06-02 08:07:17,311 - Name: 58, Distance: 0.1179049164056778
2024-06-02 08:07:17,311 - Name: 39, Distance: 0.11862900853157043
2024-06-02 08:07:17,393 - 55 result:
2024-06-02 08:07:17,393 - Name: 52, Distance: 0.15165017545223236
2024-06-02 08:07:17,393 - Name: 4, Distance: 0.18877896666526794
2024-06-02 08:07:17,393 - Name: 36, Distance: 0.19758035242557526
2024-06-02 08:07:17,394 - Name: 56, Distance: 0.20763160288333893
2024-06-02 08:07:17,394 - Name: 56, Distance: 0.2117827981710434
2024-06-02 08:07:17,450 - 56 result:
2024-06-02 08:07:17,450 - Name: 4, Distance: 0.12192873656749725
2024-06-02 08:07:17,451 - Name: 45, Distance: 0.1437499076128006
2024-06-02 08:07:17,451 - Name: 2, Distance: 0.1511748880147934
2024-06-02 08:07:17,451 - Name: 56, Distance: 0.16014370322227478
2024-06-02 08:07:17,451 - Name: 41, Distance: 0.1630578637123108
2024-06-02 08:07:17,685 - 57 result:
2024-06-02 08:07:17,686 - Name: 47, Distance: 0.2928505837917328
2024-06-02 08:07:17,686 - Name: 0, Distance: 0.37385571002960205
2024-06-02 08:07:17,686 - Name: 47, Distance: 0.37603846192359924
2024-06-02 08:07:17,686 - Name: 51, Distance: 0.39320188760757446
2024-06-02 08:07:17,686 - Name: 48, Distance: 0.3951508104801178
2024-06-02 08:07:18,287 - 58 result:
2024-06-02 08:07:18,287 - Name: 46, Distance: 0.10056854039430618
2024-06-02 08:07:18,288 - Name: 46, Distance: 0.11663193255662918
2024-06-02 08:07:18,288 - Name: 35, Distance: 0.1223929226398468
2024-06-02 08:07:18,288 - Name: 37, Distance: 0.1293516457080841
2024-06-02 08:07:18,288 - Name: 0, Distance: 0.13660265505313873
2024-06-02 08:07:18,339 - 59 result:
2024-06-02 08:07:18,339 - Name: 39, Distance: 0.13778844475746155
2024-06-02 08:07:18,339 - Name: 20, Distance: 0.15976200997829437
2024-06-02 08:07:18,339 - Name: 40, Distance: 0.22940398752689362
2024-06-02 08:07:18,339 - Name: 52, Distance: 0.2390405237674713
2024-06-02 08:07:18,339 - Name: 39, Distance: 0.24131490290164948
2024-06-02 08:07:18,397 - 6 result:
2024-06-02 08:07:18,397 - Name: 34, Distance: 0.35103681683540344
2024-06-02 08:07:18,397 - Name: 11, Distance: 0.3693509101867676
2024-06-02 08:07:18,397 - Name: 34, Distance: 0.3815073072910309
2024-06-02 08:07:18,397 - Name: 10, Distance: 0.4366603195667267
2024-06-02 08:07:18,397 - Name: 20, Distance: 0.4448496103286743
2024-06-02 08:07:18,637 - 7 result:
2024-06-02 08:07:18,637 - Name: 30, Distance: 0.3369447886943817
2024-06-02 08:07:18,637 - Name: 16, Distance: 0.3704659938812256
2024-06-02 08:07:18,637 - Name: 28, Distance: 0.3939540386199951
2024-06-02 08:07:18,637 - Name: 13, Distance: 0.3960961103439331
2024-06-02 08:07:18,637 - Name: 19, Distance: 0.4001542925834656
2024-06-02 08:07:19,278 - 8 result:
2024-06-02 08:07:19,278 - Name: 25, Distance: 0.18459439277648926
2024-06-02 08:07:19,278 - Name: 16, Distance: 0.19110848009586334
2024-06-02 08:07:19,279 - Name: 28, Distance: 0.22356343269348145
2024-06-02 08:07:19,279 - Name: 30, Distance: 0.23536019027233124
2024-06-02 08:07:19,279 - Name: 3, Distance: 0.2443111687898636
2024-06-02 08:07:19,371 - 9 result:
2024-06-02 08:07:19,372 - Name: 39, Distance: 0.45268523693084717
2024-06-02 08:07:19,372 - Name: 17, Distance: 0.4557499885559082
2024-06-02 08:07:19,372 - Name: 20, Distance: 0.4567355513572693
2024-06-02 08:07:19,372 - Name: 4, Distance: 0.465615451335907
2024-06-02 08:07:19,372 - Name: 42, Distance: 0.46898147463798523
2024-06-02 08:07:19,435 - Total samples: 58
2024-06-02 08:07:19,436 - Correct predictions: 13
2024-06-02 08:07:19,436 - Incorrect predictions: 45
2024-06-02 08:07:19,436 - Accuracy: 22.41%
2024-06-02 08:07:19,436 - Correctly predicted classes:
2024-06-02 08:07:19,436 - 13: 1
2024-06-02 08:07:19,436 - 31: 1
2024-06-02 08:07:19,437 - 39: 1
2024-06-02 08:07:19,437 - 30: 1
2024-06-02 08:07:19,437 - 14: 1
2024-06-02 08:07:19,437 - 12: 1
2024-06-02 08:07:19,437 - 40: 1
2024-06-02 08:07:19,437 - 56: 1
2024-06-02 08:07:19,437 - 52: 1
2024-06-02 08:07:19,437 - 48: 1
2024-06-02 08:07:19,438 - 2: 1
2024-06-02 08:07:19,438 - 16: 1
2024-06-02 08:07:19,438 - 50: 1
2024-06-02 08:07:19,438 - Incorrectly predicted classes:
2024-06-02 08:07:19,438 - 23: 1
2024-06-02 08:07:19,438 - 32: 1
2024-06-02 08:07:19,438 - 53: 1
2024-06-02 08:07:19,439 - 20: 1
2024-06-02 08:07:19,439 - 34: 1
2024-06-02 08:07:19,439 - 15: 1
2024-06-02 08:07:19,439 - 47: 1
2024-06-02 08:07:19,439 - 44: 1
2024-06-02 08:07:19,439 - 55: 1
2024-06-02 08:07:19,439 - 9: 1
2024-06-02 08:07:19,439 - 42: 1
2024-06-02 08:07:19,440 - 41: 1
2024-06-02 08:07:19,440 - 58: 1
2024-06-02 08:07:19,440 - 24: 1
2024-06-02 08:07:19,440 - 26: 1
2024-06-02 08:07:19,440 - 1: 1
2024-06-02 08:07:19,440 - 21: 1
2024-06-02 08:07:19,440 - 17: 1
2024-06-02 08:07:19,440 - 28: 1
2024-06-02 08:07:19,441 - 19: 1
2024-06-02 08:07:19,441 - 22: 1
2024-06-02 08:07:19,441 - 3: 1
2024-06-02 08:07:19,441 - 29: 1
2024-06-02 08:07:19,441 - 18: 1
2024-06-02 08:07:19,441 - 37: 1
2024-06-02 08:07:19,441 - 7: 1
2024-06-02 08:07:19,441 - 54: 1
2024-06-02 08:07:19,442 - 35: 1
2024-06-02 08:07:19,442 - 25: 1
2024-06-02 08:07:19,442 - 6: 1
2024-06-02 08:07:19,442 - 10: 1
2024-06-02 08:07:19,442 - 5: 1
2024-06-02 08:07:19,442 - 38: 1
2024-06-02 08:07:19,442 - 57: 1
2024-06-02 08:07:19,443 - 33: 1
2024-06-02 08:07:19,443 - 59: 1
2024-06-02 08:07:19,443 - 11: 1
2024-06-02 08:07:19,443 - 45: 1
2024-06-02 08:07:19,443 - 0: 1
2024-06-02 08:07:19,443 - 8: 1
2024-06-02 08:07:19,443 - 4: 1
2024-06-02 08:07:19,444 - 46: 1
2024-06-02 08:07:19,444 - 36: 1
2024-06-02 08:07:19,444 - 51: 1
2024-06-02 08:07:19,444 - 27: 1
