2024-06-02 23:03:26,561 - test_dir : ./Face_Dataset/Test
2024-06-02 23:03:26,561 - pretrained : work_dir/FaceNet_finetuning_Random_Batch_FNP_CE_Fusion_30_32/FaceNet_finetuning_Random_Batch_FNP_CE_Fusion_30_32_deepfake.pth
2024-06-02 23:03:26,561 - model_name : FaceNet_finetuning_Random_Batch_FNP_CE_Fusion
2024-06-02 23:04:17,481 - 0 result:
2024-06-02 23:04:17,481 - Name: 0, Distance: 0.945724368095398
2024-06-02 23:04:17,481 - Name: 0, Distance: 0.9930351972579956
2024-06-02 23:04:17,481 - Name: 0, Distance: 0.9957440495491028
2024-06-02 23:04:17,481 - Name: 2, Distance: 1.0049920082092285
2024-06-02 23:04:17,481 - Name: 23, Distance: 1.091547966003418
2024-06-02 23:04:17,531 - 1 result:
2024-06-02 23:04:17,532 - Name: 0, Distance: 1.00015127658844
2024-06-02 23:04:17,532 - Name: 0, Distance: 1.0474473237991333
2024-06-02 23:04:17,532 - Name: 1, Distance: 1.061069369316101
2024-06-02 23:04:17,532 - Name: 0, Distance: 1.067952036857605
2024-06-02 23:04:17,532 - Name: 1, Distance: 1.0710662603378296
2024-06-02 23:04:17,581 - 10 result:
2024-06-02 23:04:17,581 - Name: 43, Distance: 0.8865981698036194
2024-06-02 23:04:17,581 - Name: 43, Distance: 0.9064733386039734
2024-06-02 23:04:17,581 - Name: 43, Distance: 0.916244626045227
2024-06-02 23:04:17,581 - Name: 5, Distance: 0.9178071022033691
2024-06-02 23:04:17,581 - Name: 14, Distance: 0.9360347986221313
2024-06-02 23:04:17,810 - 11 result:
2024-06-02 23:04:17,811 - Name: 45, Distance: 0.7527350783348083
2024-06-02 23:04:17,811 - Name: 45, Distance: 0.8309552669525146
2024-06-02 23:04:17,811 - Name: 45, Distance: 0.8609671592712402
2024-06-02 23:04:17,811 - Name: 42, Distance: 1.105271816253662
2024-06-02 23:04:17,811 - Name: 42, Distance: 1.127152919769287
2024-06-02 23:04:18,402 - 12 result:
2024-06-02 23:04:18,402 - Name: 12, Distance: 0.8947639465332031
2024-06-02 23:04:18,402 - Name: 12, Distance: 0.9757825136184692
2024-06-02 23:04:18,402 - Name: 12, Distance: 1.0123354196548462
2024-06-02 23:04:18,402 - Name: 7, Distance: 1.0710670948028564
2024-06-02 23:04:18,403 - Name: 35, Distance: 1.0764131546020508
2024-06-02 23:04:18,484 - 13 result:
2024-06-02 23:04:18,484 - Name: 13, Distance: 0.0
2024-06-02 23:04:18,484 - Name: 13, Distance: 0.22603243589401245
2024-06-02 23:04:18,484 - Name: 13, Distance: 0.38378235697746277
2024-06-02 23:04:18,484 - Name: 19, Distance: 1.1732347011566162
2024-06-02 23:04:18,484 - Name: 33, Distance: 1.1744704246520996
2024-06-02 23:04:18,536 - 14 result:
2024-06-02 23:04:18,538 - Name: 32, Distance: 0.9904895424842834
2024-06-02 23:04:18,538 - Name: 23, Distance: 1.0325071811676025
2024-06-02 23:04:18,539 - Name: 50, Distance: 1.0362292528152466
2024-06-02 23:04:18,539 - Name: 32, Distance: 1.0418769121170044
2024-06-02 23:04:18,539 - Name: 23, Distance: 1.0453156232833862
2024-06-02 23:04:18,782 - 15 result:
2024-06-02 23:04:18,783 - Name: 28, Distance: 0.9824896454811096
2024-06-02 23:04:18,783 - Name: 30, Distance: 1.0148292779922485
2024-06-02 23:04:18,783 - Name: 28, Distance: 1.016106367111206
2024-06-02 23:04:18,783 - Name: 28, Distance: 1.021815299987793
2024-06-02 23:04:18,783 - Name: 30, Distance: 1.0521948337554932
2024-06-02 23:04:19,399 - 16 result:
2024-06-02 23:04:19,399 - Name: 16, Distance: 0.7225887179374695
2024-06-02 23:04:19,399 - Name: 16, Distance: 0.7447044849395752
2024-06-02 23:04:19,399 - Name: 16, Distance: 0.7878621220588684
2024-06-02 23:04:19,399 - Name: 26, Distance: 0.8287334442138672
2024-06-02 23:04:19,399 - Name: 26, Distance: 0.8748061656951904
2024-06-02 23:04:19,448 - 17 result:
2024-06-02 23:04:19,448 - Name: 13, Distance: 1.0618969202041626
2024-06-02 23:04:19,448 - Name: 17, Distance: 1.0737097263336182
2024-06-02 23:04:19,448 - Name: 17, Distance: 1.0745640993118286
2024-06-02 23:04:19,448 - Name: 40, Distance: 1.0811095237731934
2024-06-02 23:04:19,448 - Name: 13, Distance: 1.081865668296814
2024-06-02 23:04:19,497 - 18 result:
2024-06-02 23:04:19,497 - Name: 14, Distance: 0.92909836769104
2024-06-02 23:04:19,497 - Name: 14, Distance: 0.9489040374755859
2024-06-02 23:04:19,497 - Name: 14, Distance: 0.970009446144104
2024-06-02 23:04:19,497 - Name: 18, Distance: 0.9820038676261902
2024-06-02 23:04:19,497 - Name: 18, Distance: 1.0090136528015137
2024-06-02 23:04:19,718 - 19 result:
2024-06-02 23:04:19,718 - Name: 1, Distance: 0.9121066927909851
2024-06-02 23:04:19,718 - Name: 1, Distance: 0.9351321458816528
2024-06-02 23:04:19,718 - Name: 1, Distance: 0.9436771273612976
2024-06-02 23:04:19,718 - Name: 53, Distance: 1.1148334741592407
2024-06-02 23:04:19,718 - Name: 33, Distance: 1.116201400756836
2024-06-02 23:04:20,338 - 2 result:
2024-06-02 23:04:20,338 - Name: 2, Distance: 0.9897486567497253
2024-06-02 23:04:20,338 - Name: 52, Distance: 0.9978437423706055
2024-06-02 23:04:20,339 - Name: 2, Distance: 0.9982653260231018
2024-06-02 23:04:20,339 - Name: 52, Distance: 1.0116721391677856
2024-06-02 23:04:20,339 - Name: 52, Distance: 1.049925446510315
2024-06-02 23:04:20,389 - 20 result:
2024-06-02 23:04:20,389 - Name: 2, Distance: 0.9404654502868652
2024-06-02 23:04:20,389 - Name: 2, Distance: 0.9762976765632629
2024-06-02 23:04:20,389 - Name: 20, Distance: 0.9886031150817871
2024-06-02 23:04:20,389 - Name: 43, Distance: 1.0227662324905396
2024-06-02 23:04:20,389 - Name: 43, Distance: 1.0384846925735474
2024-06-02 23:04:20,435 - 21 result:
2024-06-02 23:04:20,435 - Name: 43, Distance: 0.9334724545478821
2024-06-02 23:04:20,435 - Name: 43, Distance: 0.9737623929977417
2024-06-02 23:04:20,435 - Name: 43, Distance: 0.9931924939155579
2024-06-02 23:04:20,435 - Name: 10, Distance: 0.9966343641281128
2024-06-02 23:04:20,435 - Name: 5, Distance: 1.0325369834899902
2024-06-02 23:04:20,652 - 22 result:
2024-06-02 23:04:20,652 - Name: 32, Distance: 0.8255392909049988
2024-06-02 23:04:20,652 - Name: 32, Distance: 0.8291168808937073
2024-06-02 23:04:20,652 - Name: 32, Distance: 0.902786135673523
2024-06-02 23:04:20,652 - Name: 58, Distance: 0.9724610447883606
2024-06-02 23:04:20,652 - Name: 5, Distance: 0.9752529859542847
2024-06-02 23:04:21,271 - 23 result:
2024-06-02 23:04:21,272 - Name: 31, Distance: 1.0142159461975098
2024-06-02 23:04:21,272 - Name: 12, Distance: 1.042548656463623
2024-06-02 23:04:21,272 - Name: 12, Distance: 1.0430489778518677
2024-06-02 23:04:21,272 - Name: 29, Distance: 1.0612151622772217
2024-06-02 23:04:21,272 - Name: 12, Distance: 1.0649856328964233
2024-06-02 23:04:21,323 - 24 result:
2024-06-02 23:04:21,324 - Name: 24, Distance: 0.6135786175727844
2024-06-02 23:04:21,324 - Name: 24, Distance: 0.6353493928909302
2024-06-02 23:04:21,324 - Name: 24, Distance: 0.651162326335907
2024-06-02 23:04:21,324 - Name: 26, Distance: 0.9043575525283813
2024-06-02 23:04:21,324 - Name: 26, Distance: 0.9698097705841064
2024-06-02 23:04:21,374 - 25 result:
2024-06-02 23:04:21,375 - Name: 25, Distance: 0.9596953392028809
2024-06-02 23:04:21,375 - Name: 26, Distance: 1.0327520370483398
2024-06-02 23:04:21,375 - Name: 25, Distance: 1.0354307889938354
2024-06-02 23:04:21,375 - Name: 34, Distance: 1.0380362272262573
2024-06-02 23:04:21,375 - Name: 25, Distance: 1.03898024559021
2024-06-02 23:04:21,596 - 26 result:
2024-06-02 23:04:21,596 - Name: 28, Distance: 0.9129533767700195
2024-06-02 23:04:21,596 - Name: 16, Distance: 0.9226518869400024
2024-06-02 23:04:21,596 - Name: 16, Distance: 0.9371625185012817
2024-06-02 23:04:21,596 - Name: 28, Distance: 0.9527564644813538
2024-06-02 23:04:21,596 - Name: 16, Distance: 0.9579082727432251
2024-06-02 23:04:22,216 - 27 result:
2024-06-02 23:04:22,216 - Name: 28, Distance: 0.931677520275116
2024-06-02 23:04:22,216 - Name: 28, Distance: 0.9567094445228577
2024-06-02 23:04:22,216 - Name: 28, Distance: 0.9766537547111511
2024-06-02 23:04:22,216 - Name: 25, Distance: 1.1269406080245972
2024-06-02 23:04:22,216 - Name: 55, Distance: 1.1382795572280884
2024-06-02 23:04:22,270 - 28 result:
2024-06-02 23:04:22,270 - Name: 27, Distance: 0.9902459383010864
2024-06-02 23:04:22,270 - Name: 30, Distance: 1.0037871599197388
2024-06-02 23:04:22,270 - Name: 30, Distance: 1.0134724378585815
2024-06-02 23:04:22,270 - Name: 30, Distance: 1.013780951499939
2024-06-02 23:04:22,270 - Name: 27, Distance: 1.015475869178772
2024-06-02 23:04:22,323 - 29 result:
2024-06-02 23:04:22,323 - Name: 21, Distance: 0.5653107166290283
2024-06-02 23:04:22,324 - Name: 21, Distance: 0.5705448985099792
2024-06-02 23:04:22,324 - Name: 21, Distance: 0.6344180703163147
2024-06-02 23:04:22,324 - Name: 33, Distance: 1.1267459392547607
2024-06-02 23:04:22,324 - Name: 19, Distance: 1.1275144815444946
2024-06-02 23:04:22,560 - 3 result:
2024-06-02 23:04:22,560 - Name: 3, Distance: 0.7883243560791016
2024-06-02 23:04:22,560 - Name: 3, Distance: 0.7981747388839722
2024-06-02 23:04:22,560 - Name: 3, Distance: 0.8900105357170105
2024-06-02 23:04:22,560 - Name: 37, Distance: 0.9387969374656677
2024-06-02 23:04:22,560 - Name: 37, Distance: 0.9629995822906494
2024-06-02 23:04:23,158 - 30 result:
2024-06-02 23:04:23,158 - Name: 28, Distance: 0.8404698967933655
2024-06-02 23:04:23,158 - Name: 28, Distance: 0.8700319528579712
2024-06-02 23:04:23,158 - Name: 28, Distance: 0.8740650415420532
2024-06-02 23:04:23,158 - Name: 34, Distance: 1.136183261871338
2024-06-02 23:04:23,158 - Name: 24, Distance: 1.142149806022644
2024-06-02 23:04:23,221 - 31 result:
2024-06-02 23:04:23,221 - Name: 14, Distance: 1.0602850914001465
2024-06-02 23:04:23,221 - Name: 14, Distance: 1.0679337978363037
2024-06-02 23:04:23,221 - Name: 14, Distance: 1.0738108158111572
2024-06-02 23:04:23,221 - Name: 23, Distance: 1.149341344833374
2024-06-02 23:04:23,221 - Name: 53, Distance: 1.155097246170044
2024-06-02 23:04:23,276 - 32 result:
2024-06-02 23:04:23,276 - Name: 1, Distance: 1.0373647212982178
2024-06-02 23:04:23,276 - Name: 1, Distance: 1.037967562675476
2024-06-02 23:04:23,277 - Name: 1, Distance: 1.0555317401885986
2024-06-02 23:04:23,277 - Name: 32, Distance: 1.0616801977157593
2024-06-02 23:04:23,277 - Name: 22, Distance: 1.0710102319717407
2024-06-02 23:04:23,509 - 33 result:
2024-06-02 23:04:23,509 - Name: 18, Distance: 0.9365300536155701
2024-06-02 23:04:23,509 - Name: 10, Distance: 0.9495872259140015
2024-06-02 23:04:23,509 - Name: 14, Distance: 0.9544653296470642
2024-06-02 23:04:23,509 - Name: 18, Distance: 0.9914222955703735
2024-06-02 23:04:23,509 - Name: 9, Distance: 0.9927847385406494
2024-06-02 23:04:24,125 - 34 result:
2024-06-02 23:04:24,125 - Name: 29, Distance: 0.7229200005531311
2024-06-02 23:04:24,125 - Name: 29, Distance: 0.7443177103996277
2024-06-02 23:04:24,125 - Name: 29, Distance: 0.7918418645858765
2024-06-02 23:04:24,125 - Name: 8, Distance: 0.9293799996376038
2024-06-02 23:04:24,125 - Name: 8, Distance: 0.975245475769043
2024-06-02 23:04:24,179 - 35 result:
2024-06-02 23:04:24,179 - Name: 35, Distance: 0.8646390438079834
2024-06-02 23:04:24,179 - Name: 35, Distance: 0.8680992722511292
2024-06-02 23:04:24,179 - Name: 35, Distance: 0.8719609975814819
2024-06-02 23:04:24,179 - Name: 56, Distance: 0.9895310997962952
2024-06-02 23:04:24,179 - Name: 30, Distance: 1.0115220546722412
2024-06-02 23:04:24,232 - 36 result:
2024-06-02 23:04:24,233 - Name: 8, Distance: 1.044100284576416
2024-06-02 23:04:24,233 - Name: 36, Distance: 1.0734992027282715
2024-06-02 23:04:24,233 - Name: 8, Distance: 1.0757111310958862
2024-06-02 23:04:24,233 - Name: 8, Distance: 1.0890239477157593
2024-06-02 23:04:24,233 - Name: 20, Distance: 1.1234084367752075
2024-06-02 23:04:24,463 - 37 result:
2024-06-02 23:04:24,463 - Name: 35, Distance: 1.0040005445480347
2024-06-02 23:04:24,463 - Name: 35, Distance: 1.0105069875717163
2024-06-02 23:04:24,463 - Name: 35, Distance: 1.0433939695358276
2024-06-02 23:04:24,463 - Name: 30, Distance: 1.1057202816009521
2024-06-02 23:04:24,463 - Name: 18, Distance: 1.1341712474822998
2024-06-02 23:04:24,511 - 38 result:
2024-06-02 23:04:24,512 - Name: 21, Distance: 0.7120136618614197
2024-06-02 23:04:24,512 - Name: 21, Distance: 0.7234190106391907
2024-06-02 23:04:24,512 - Name: 21, Distance: 0.7442992329597473
2024-06-02 23:04:24,512 - Name: 50, Distance: 1.065833568572998
2024-06-02 23:04:24,512 - Name: 55, Distance: 1.0688575506210327
2024-06-02 23:04:25,130 - 39 result:
2024-06-02 23:04:25,130 - Name: 36, Distance: 0.9709645509719849
2024-06-02 23:04:25,130 - Name: 36, Distance: 1.014540672302246
2024-06-02 23:04:25,130 - Name: 36, Distance: 1.1167457103729248
2024-06-02 23:04:25,130 - Name: 59, Distance: 1.1189345121383667
2024-06-02 23:04:25,130 - Name: 13, Distance: 1.1219007968902588
2024-06-02 23:04:25,212 - 4 result:
2024-06-02 23:04:25,213 - Name: 48, Distance: 0.9896740317344666
2024-06-02 23:04:25,213 - Name: 48, Distance: 1.0185317993164062
2024-06-02 23:04:25,213 - Name: 50, Distance: 1.0268206596374512
2024-06-02 23:04:25,213 - Name: 50, Distance: 1.030275583267212
2024-06-02 23:04:25,213 - Name: 48, Distance: 1.0480087995529175
2024-06-02 23:04:25,266 - 40 result:
2024-06-02 23:04:25,267 - Name: 0, Distance: 0.8569365739822388
2024-06-02 23:04:25,267 - Name: 0, Distance: 0.8739812970161438
2024-06-02 23:04:25,267 - Name: 0, Distance: 0.9040794968605042
2024-06-02 23:04:25,267 - Name: 41, Distance: 1.074030876159668
2024-06-02 23:04:25,267 - Name: 24, Distance: 1.0853214263916016
2024-06-02 23:04:25,497 - 41 result:
2024-06-02 23:04:25,497 - Name: 44, Distance: 0.9751634001731873
2024-06-02 23:04:25,497 - Name: 45, Distance: 0.9770352244377136
2024-06-02 23:04:25,497 - Name: 45, Distance: 1.0016438961029053
2024-06-02 23:04:25,497 - Name: 45, Distance: 1.0021541118621826
2024-06-02 23:04:25,497 - Name: 44, Distance: 1.0149314403533936
2024-06-02 23:04:25,700 - 42 result:
2024-06-02 23:04:25,700 - Name: 50, Distance: 1.1008809804916382
2024-06-02 23:04:25,700 - Name: 55, Distance: 1.1233915090560913
2024-06-02 23:04:25,700 - Name: 25, Distance: 1.1236530542373657
2024-06-02 23:04:25,700 - Name: 59, Distance: 1.1249489784240723
2024-06-02 23:04:25,700 - Name: 21, Distance: 1.130690336227417
2024-06-02 23:04:26,163 - 44 result:
2024-06-02 23:04:26,163 - Name: 42, Distance: 0.7668427228927612
2024-06-02 23:04:26,163 - Name: 42, Distance: 0.8362308144569397
2024-06-02 23:04:26,163 - Name: 42, Distance: 0.8418574333190918
2024-06-02 23:04:26,163 - Name: 2, Distance: 1.0979429483413696
2024-06-02 23:04:26,163 - Name: 56, Distance: 1.102126955986023
2024-06-02 23:04:26,216 - 45 result:
2024-06-02 23:04:26,216 - Name: 42, Distance: 0.8421380519866943
2024-06-02 23:04:26,216 - Name: 42, Distance: 0.9578282833099365
2024-06-02 23:04:26,216 - Name: 42, Distance: 0.9623435735702515
2024-06-02 23:04:26,217 - Name: 31, Distance: 1.0650124549865723
2024-06-02 23:04:26,217 - Name: 53, Distance: 1.1123911142349243
2024-06-02 23:04:26,453 - 46 result:
2024-06-02 23:04:26,454 - Name: 4, Distance: 0.950169026851654
2024-06-02 23:04:26,454 - Name: 43, Distance: 0.9691287875175476
2024-06-02 23:04:26,454 - Name: 43, Distance: 0.9822030663490295
2024-06-02 23:04:26,454 - Name: 43, Distance: 0.9916425943374634
2024-06-02 23:04:26,454 - Name: 58, Distance: 0.9993798136711121
2024-06-02 23:04:27,139 - 47 result:
2024-06-02 23:04:27,139 - Name: 45, Distance: 0.9409863352775574
2024-06-02 23:04:27,139 - Name: 45, Distance: 0.986903727054596
2024-06-02 23:04:27,139 - Name: 45, Distance: 1.010766625404358
2024-06-02 23:04:27,139 - Name: 59, Distance: 1.0229209661483765
2024-06-02 23:04:27,139 - Name: 59, Distance: 1.0635781288146973
2024-06-02 23:04:27,718 - 48 result:
2024-06-02 23:04:27,718 - Name: 9, Distance: 1.1029049158096313
2024-06-02 23:04:27,718 - Name: 0, Distance: 1.1119972467422485
2024-06-02 23:04:27,718 - Name: 0, Distance: 1.1299164295196533
2024-06-02 23:04:27,719 - Name: 0, Distance: 1.139985203742981
2024-06-02 23:04:27,719 - Name: 48, Distance: 1.144707441329956
2024-06-02 23:04:28,249 - 5 result:
2024-06-02 23:04:28,249 - Name: 5, Distance: 0.8906313180923462
2024-06-02 23:04:28,249 - Name: 5, Distance: 0.923392653465271
2024-06-02 23:04:28,250 - Name: 21, Distance: 0.9831593632698059
2024-06-02 23:04:28,250 - Name: 5, Distance: 0.984800398349762
2024-06-02 23:04:28,250 - Name: 21, Distance: 1.0073962211608887
2024-06-02 23:04:28,322 - 50 result:
2024-06-02 23:04:28,323 - Name: 50, Distance: 0.9397775530815125
2024-06-02 23:04:28,323 - Name: 9, Distance: 0.9664196968078613
2024-06-02 23:04:28,323 - Name: 21, Distance: 0.9902381896972656
2024-06-02 23:04:28,323 - Name: 50, Distance: 0.9914324283599854
2024-06-02 23:04:28,323 - Name: 9, Distance: 0.9967146515846252
2024-06-02 23:04:29,267 - 51 result:
2024-06-02 23:04:29,267 - Name: 57, Distance: 0.8527547121047974
2024-06-02 23:04:29,267 - Name: 57, Distance: 0.8610431551933289
2024-06-02 23:04:29,267 - Name: 57, Distance: 0.9480637907981873
2024-06-02 23:04:29,267 - Name: 50, Distance: 1.0860512256622314
2024-06-02 23:04:29,267 - Name: 50, Distance: 1.096695065498352
2024-06-02 23:04:29,416 - 52 result:
2024-06-02 23:04:29,416 - Name: 28, Distance: 1.06533944606781
2024-06-02 23:04:29,416 - Name: 28, Distance: 1.0833467245101929
2024-06-02 23:04:29,416 - Name: 36, Distance: 1.0954686403274536
2024-06-02 23:04:29,416 - Name: 36, Distance: 1.0998079776763916
2024-06-02 23:04:29,417 - Name: 44, Distance: 1.1042685508728027
2024-06-02 23:04:30,363 - 53 result:
2024-06-02 23:04:30,363 - Name: 54, Distance: 0.9006078839302063
2024-06-02 23:04:30,363 - Name: 54, Distance: 0.9468544125556946
2024-06-02 23:04:30,363 - Name: 54, Distance: 0.948637843132019
2024-06-02 23:04:30,363 - Name: 35, Distance: 1.0355578660964966
2024-06-02 23:04:30,363 - Name: 35, Distance: 1.0628938674926758
2024-06-02 23:04:30,580 - 54 result:
2024-06-02 23:04:30,580 - Name: 54, Distance: 0.8709477782249451
2024-06-02 23:04:30,580 - Name: 54, Distance: 0.8868865966796875
2024-06-02 23:04:30,580 - Name: 54, Distance: 0.9238250851631165
2024-06-02 23:04:30,580 - Name: 36, Distance: 1.0568591356277466
2024-06-02 23:04:30,580 - Name: 59, Distance: 1.0897036790847778
2024-06-02 23:04:31,490 - 55 result:
2024-06-02 23:04:31,491 - Name: 55, Distance: 0.7717600464820862
2024-06-02 23:04:31,491 - Name: 55, Distance: 0.8705783486366272
2024-06-02 23:04:31,491 - Name: 55, Distance: 0.8817513585090637
2024-06-02 23:04:31,491 - Name: 50, Distance: 1.0815579891204834
2024-06-02 23:04:31,491 - Name: 50, Distance: 1.1007442474365234
2024-06-02 23:04:31,852 - 56 result:
2024-06-02 23:04:31,853 - Name: 45, Distance: 0.7602459192276001
2024-06-02 23:04:31,853 - Name: 45, Distance: 0.8554447889328003
2024-06-02 23:04:31,853 - Name: 45, Distance: 0.8557641506195068
2024-06-02 23:04:31,853 - Name: 46, Distance: 1.084903359413147
2024-06-02 23:04:31,853 - Name: 17, Distance: 1.097261905670166
2024-06-02 23:04:32,628 - 57 result:
2024-06-02 23:04:32,629 - Name: 58, Distance: 0.8373627662658691
2024-06-02 23:04:32,629 - Name: 58, Distance: 0.8788325786590576
2024-06-02 23:04:32,629 - Name: 0, Distance: 1.0197571516036987
2024-06-02 23:04:32,629 - Name: 0, Distance: 1.0315909385681152
2024-06-02 23:04:32,629 - Name: 2, Distance: 1.0420989990234375
2024-06-02 23:04:33,558 - 58 result:
2024-06-02 23:04:33,559 - Name: 58, Distance: 0.9493366479873657
2024-06-02 23:04:33,559 - Name: 2, Distance: 0.9592819809913635
2024-06-02 23:04:33,559 - Name: 2, Distance: 0.9671007990837097
2024-06-02 23:04:33,559 - Name: 3, Distance: 0.9860374927520752
2024-06-02 23:04:33,559 - Name: 58, Distance: 0.9920654296875
2024-06-02 23:04:33,742 - 59 result:
2024-06-02 23:04:33,742 - Name: 57, Distance: 1.0101063251495361
2024-06-02 23:04:33,742 - Name: 57, Distance: 1.0220732688903809
2024-06-02 23:04:33,742 - Name: 57, Distance: 1.1037087440490723
2024-06-02 23:04:33,742 - Name: 37, Distance: 1.125090479850769
2024-06-02 23:04:33,742 - Name: 46, Distance: 1.1647090911865234
2024-06-02 23:04:33,976 - 6 result:
2024-06-02 23:04:33,976 - Name: 25, Distance: 0.9541738629341125
2024-06-02 23:04:33,976 - Name: 25, Distance: 0.9650813341140747
2024-06-02 23:04:33,977 - Name: 25, Distance: 0.9976292252540588
2024-06-02 23:04:33,977 - Name: 42, Distance: 1.134073257446289
2024-06-02 23:04:33,977 - Name: 26, Distance: 1.13961660861969
2024-06-02 23:04:34,572 - 7 result:
2024-06-02 23:04:34,572 - Name: 33, Distance: 0.9692190289497375
2024-06-02 23:04:34,572 - Name: 19, Distance: 1.025290608406067
2024-06-02 23:04:34,572 - Name: 33, Distance: 1.0324627161026
2024-06-02 23:04:34,572 - Name: 37, Distance: 1.047008991241455
2024-06-02 23:04:34,572 - Name: 37, Distance: 1.0614370107650757
2024-06-02 23:04:34,663 - 8 result:
2024-06-02 23:04:34,663 - Name: 11, Distance: 0.9354404807090759
2024-06-02 23:04:34,663 - Name: 11, Distance: 0.9881160855293274
2024-06-02 23:04:34,664 - Name: 20, Distance: 0.9916090965270996
2024-06-02 23:04:34,664 - Name: 11, Distance: 1.0028530359268188
2024-06-02 23:04:34,664 - Name: 20, Distance: 1.0109418630599976
2024-06-02 23:04:34,718 - 9 result:
2024-06-02 23:04:34,718 - Name: 12, Distance: 1.0012868642807007
2024-06-02 23:04:34,718 - Name: 12, Distance: 1.0228198766708374
2024-06-02 23:04:34,718 - Name: 12, Distance: 1.0370731353759766
2024-06-02 23:04:34,718 - Name: 31, Distance: 1.05868399143219
2024-06-02 23:04:34,718 - Name: 31, Distance: 1.074396014213562
2024-06-02 23:04:34,799 - Total samples: 58
2024-06-02 23:04:34,799 - Correct predictions: 21
2024-06-02 23:04:34,799 - Incorrect predictions: 37
2024-06-02 23:04:34,800 - Accuracy: 36.21%
2024-06-02 23:04:34,800 - Correctly predicted classes:
2024-06-02 23:04:34,800 - 1: 1
2024-06-02 23:04:34,800 - 12: 1
2024-06-02 23:04:34,800 - 17: 1
2024-06-02 23:04:34,800 - 35: 1
2024-06-02 23:04:34,800 - 5: 1
2024-06-02 23:04:34,800 - 36: 1
2024-06-02 23:04:34,801 - 50: 1
2024-06-02 23:04:34,801 - 54: 1
2024-06-02 23:04:34,801 - 48: 1
2024-06-02 23:04:34,801 - 18: 1
2024-06-02 23:04:34,801 - 13: 1
2024-06-02 23:04:34,801 - 58: 1
2024-06-02 23:04:34,801 - 20: 1
2024-06-02 23:04:34,801 - 16: 1
2024-06-02 23:04:34,801 - 24: 1
2024-06-02 23:04:34,802 - 3: 1
2024-06-02 23:04:34,802 - 25: 1
2024-06-02 23:04:34,802 - 32: 1
2024-06-02 23:04:34,802 - 0: 1
2024-06-02 23:04:34,802 - 2: 1
2024-06-02 23:04:34,802 - 55: 1
2024-06-02 23:04:34,802 - Incorrectly predicted classes:
2024-06-02 23:04:34,802 - 29: 1
2024-06-02 23:04:34,802 - 44: 1
2024-06-02 23:04:34,803 - 41: 1
2024-06-02 23:04:34,803 - 23: 1
2024-06-02 23:04:34,803 - 19: 1
2024-06-02 23:04:34,803 - 30: 1
2024-06-02 23:04:34,803 - 22: 1
2024-06-02 23:04:34,803 - 53: 1
2024-06-02 23:04:34,803 - 59: 1
2024-06-02 23:04:34,803 - 46: 1
2024-06-02 23:04:34,803 - 42: 1
2024-06-02 23:04:34,804 - 38: 1
2024-06-02 23:04:34,804 - 34: 1
2024-06-02 23:04:34,804 - 6: 1
2024-06-02 23:04:34,804 - 15: 1
2024-06-02 23:04:34,804 - 52: 1
2024-06-02 23:04:34,804 - 39: 1
2024-06-02 23:04:34,804 - 8: 1
2024-06-02 23:04:34,804 - 21: 1
2024-06-02 23:04:34,804 - 10: 1
2024-06-02 23:04:34,805 - 4: 1
2024-06-02 23:04:34,805 - 7: 1
2024-06-02 23:04:34,805 - 26: 1
2024-06-02 23:04:34,805 - 37: 1
2024-06-02 23:04:34,805 - 28: 1
2024-06-02 23:04:34,805 - 56: 1
2024-06-02 23:04:34,805 - 14: 1
2024-06-02 23:04:34,805 - 47: 1
2024-06-02 23:04:34,805 - 11: 1
2024-06-02 23:04:34,806 - 40: 1
2024-06-02 23:04:34,806 - 51: 1
2024-06-02 23:04:34,806 - 57: 1
2024-06-02 23:04:34,806 - 9: 1
2024-06-02 23:04:34,806 - 45: 1
2024-06-02 23:04:34,806 - 31: 1
2024-06-02 23:04:34,806 - 27: 1
2024-06-02 23:04:34,806 - 33: 1
