2024-06-03 02:36:33,814 - test_dir : ./Face_Dataset/Test
2024-06-03 02:36:33,814 - pretrained : work_dir/FaceNet_finetuning_Random_Batch_L2SP_aug_90_32/FaceNet_finetuning_Random_Batch_L2SP_aug_90_32_deepfake.pth
2024-06-03 02:36:33,814 - model_name : FaceNet_finetuning_Random_Batch_L2SP_aug
2024-06-03 02:37:28,704 - 0 result:
2024-06-03 02:37:28,705 - Name: 0, Distance: 0.877588152885437
2024-06-03 02:37:28,705 - Name: 0, Distance: 0.954756498336792
2024-06-03 02:37:28,705 - Name: 36, Distance: 1.0792617797851562
2024-06-03 02:37:28,705 - Name: 37, Distance: 1.093565583229065
2024-06-03 02:37:28,705 - Name: 0, Distance: 1.1002343893051147
2024-06-03 02:37:29,014 - 1 result:
2024-06-03 02:37:29,015 - Name: 1, Distance: 0.8761582970619202
2024-06-03 02:37:29,015 - Name: 1, Distance: 1.0226588249206543
2024-06-03 02:37:29,015 - Name: 42, Distance: 1.084887146949768
2024-06-03 02:37:29,015 - Name: 1, Distance: 1.0892678499221802
2024-06-03 02:37:29,015 - Name: 56, Distance: 1.1102819442749023
2024-06-03 02:37:29,610 - 10 result:
2024-06-03 02:37:29,610 - Name: 18, Distance: 0.9299464225769043
2024-06-03 02:37:29,610 - Name: 10, Distance: 0.9361301064491272
2024-06-03 02:37:29,610 - Name: 9, Distance: 0.9584921598434448
2024-06-03 02:37:29,610 - Name: 7, Distance: 0.9806593060493469
2024-06-03 02:37:29,610 - Name: 10, Distance: 0.9858611822128296
2024-06-03 02:37:29,689 - 11 result:
2024-06-03 02:37:29,689 - Name: 10, Distance: 0.9186497926712036
2024-06-03 02:37:29,689 - Name: 11, Distance: 0.9293857216835022
2024-06-03 02:37:29,689 - Name: 11, Distance: 0.9356242418289185
2024-06-03 02:37:29,689 - Name: 11, Distance: 0.938808023929596
2024-06-03 02:37:29,689 - Name: 9, Distance: 1.1163263320922852
2024-06-03 02:37:29,771 - 12 result:
2024-06-03 02:37:29,772 - Name: 12, Distance: 0.7138440012931824
2024-06-03 02:37:29,772 - Name: 12, Distance: 0.794646143913269
2024-06-03 02:37:29,772 - Name: 12, Distance: 0.8824257850646973
2024-06-03 02:37:29,772 - Name: 18, Distance: 0.9765467047691345
2024-06-03 02:37:29,772 - Name: 8, Distance: 0.9831331372261047
2024-06-03 02:37:30,048 - 13 result:
2024-06-03 02:37:30,049 - Name: 13, Distance: 0.0
2024-06-03 02:37:30,049 - Name: 13, Distance: 0.8657070398330688
2024-06-03 02:37:30,049 - Name: 13, Distance: 0.985493004322052
2024-06-03 02:37:30,049 - Name: 8, Distance: 1.045438528060913
2024-06-03 02:37:30,049 - Name: 12, Distance: 1.0550625324249268
2024-06-03 02:37:30,660 - 14 result:
2024-06-03 02:37:30,661 - Name: 29, Distance: 0.8342192769050598
2024-06-03 02:37:30,661 - Name: 29, Distance: 0.8870213627815247
2024-06-03 02:37:30,661 - Name: 8, Distance: 1.0018140077590942
2024-06-03 02:37:30,661 - Name: 13, Distance: 1.0089970827102661
2024-06-03 02:37:30,661 - Name: 34, Distance: 1.0738990306854248
2024-06-03 02:37:30,766 - 15 result:
2024-06-03 02:37:30,766 - Name: 30, Distance: 0.8944787383079529
2024-06-03 02:37:30,766 - Name: 30, Distance: 0.9464570879936218
2024-06-03 02:37:30,766 - Name: 18, Distance: 0.9762283563613892
2024-06-03 02:37:30,766 - Name: 16, Distance: 1.013123631477356
2024-06-03 02:37:30,766 - Name: 16, Distance: 1.039987564086914
2024-06-03 02:37:31,073 - 16 result:
2024-06-03 02:37:31,073 - Name: 16, Distance: 0.5715180039405823
2024-06-03 02:37:31,073 - Name: 16, Distance: 0.7035797834396362
2024-06-03 02:37:31,073 - Name: 16, Distance: 0.7636677622795105
2024-06-03 02:37:31,073 - Name: 12, Distance: 0.9152054190635681
2024-06-03 02:37:31,073 - Name: 2, Distance: 1.019303560256958
2024-06-03 02:37:31,689 - 17 result:
2024-06-03 02:37:31,689 - Name: 17, Distance: 0.7102876305580139
2024-06-03 02:37:31,689 - Name: 17, Distance: 0.8569672703742981
2024-06-03 02:37:31,689 - Name: 17, Distance: 0.9026332497596741
2024-06-03 02:37:31,689 - Name: 10, Distance: 0.9687143564224243
2024-06-03 02:37:31,689 - Name: 7, Distance: 0.9721857905387878
2024-06-03 02:37:31,775 - 18 result:
2024-06-03 02:37:31,775 - Name: 18, Distance: 0.6819865703582764
2024-06-03 02:37:31,775 - Name: 18, Distance: 0.9626525044441223
2024-06-03 02:37:31,775 - Name: 17, Distance: 0.9804373979568481
2024-06-03 02:37:31,775 - Name: 18, Distance: 1.0062792301177979
2024-06-03 02:37:31,775 - Name: 5, Distance: 1.0118755102157593
2024-06-03 02:37:31,829 - 19 result:
2024-06-03 02:37:31,829 - Name: 19, Distance: 0.6313157081604004
2024-06-03 02:37:31,829 - Name: 19, Distance: 0.639721691608429
2024-06-03 02:37:31,829 - Name: 19, Distance: 0.793989360332489
2024-06-03 02:37:31,829 - Name: 16, Distance: 0.9417470693588257
2024-06-03 02:37:31,829 - Name: 11, Distance: 0.9548587799072266
2024-06-03 02:37:32,084 - 2 result:
2024-06-03 02:37:32,084 - Name: 2, Distance: 0.8644011616706848
2024-06-03 02:37:32,084 - Name: 2, Distance: 0.877653181552887
2024-06-03 02:37:32,084 - Name: 2, Distance: 0.9581872224807739
2024-06-03 02:37:32,084 - Name: 44, Distance: 1.0144171714782715
2024-06-03 02:37:32,084 - Name: 35, Distance: 1.0557804107666016
2024-06-03 02:37:32,730 - 20 result:
2024-06-03 02:37:32,730 - Name: 11, Distance: 0.8760297894477844
2024-06-03 02:37:32,730 - Name: 20, Distance: 0.9170937538146973
2024-06-03 02:37:32,730 - Name: 11, Distance: 0.9756471514701843
2024-06-03 02:37:32,730 - Name: 7, Distance: 0.9983242750167847
2024-06-03 02:37:32,730 - Name: 19, Distance: 1.0022902488708496
2024-06-03 02:37:32,786 - 21 result:
2024-06-03 02:37:32,786 - Name: 11, Distance: 0.9660167694091797
2024-06-03 02:37:32,786 - Name: 11, Distance: 0.9759911298751831
2024-06-03 02:37:32,786 - Name: 27, Distance: 0.9936358332633972
2024-06-03 02:37:32,787 - Name: 10, Distance: 0.9997020959854126
2024-06-03 02:37:32,787 - Name: 11, Distance: 1.0190889835357666
2024-06-03 02:37:32,838 - 22 result:
2024-06-03 02:37:32,838 - Name: 22, Distance: 0.8601380586624146
2024-06-03 02:37:32,838 - Name: 23, Distance: 0.9168717861175537
2024-06-03 02:37:32,838 - Name: 12, Distance: 0.9766044020652771
2024-06-03 02:37:32,839 - Name: 22, Distance: 0.9796674251556396
2024-06-03 02:37:32,839 - Name: 12, Distance: 0.9824392199516296
2024-06-03 02:37:33,080 - 23 result:
2024-06-03 02:37:33,081 - Name: 23, Distance: 0.9221367835998535
2024-06-03 02:37:33,081 - Name: 31, Distance: 0.9933398962020874
2024-06-03 02:37:33,081 - Name: 14, Distance: 0.9970437288284302
2024-06-03 02:37:33,081 - Name: 14, Distance: 0.998906672000885
2024-06-03 02:37:33,081 - Name: 31, Distance: 1.011135458946228
2024-06-03 02:37:33,719 - 24 result:
2024-06-03 02:37:33,720 - Name: 29, Distance: 0.807561993598938
2024-06-03 02:37:33,720 - Name: 29, Distance: 0.8492317199707031
2024-06-03 02:37:33,720 - Name: 24, Distance: 0.8972026109695435
2024-06-03 02:37:33,720 - Name: 38, Distance: 0.9952170252799988
2024-06-03 02:37:33,720 - Name: 30, Distance: 1.0090278387069702
2024-06-03 02:37:33,804 - 25 result:
2024-06-03 02:37:33,804 - Name: 25, Distance: 0.7635911107063293
2024-06-03 02:37:33,804 - Name: 30, Distance: 0.7933399677276611
2024-06-03 02:37:33,804 - Name: 51, Distance: 0.9237154126167297
2024-06-03 02:37:33,804 - Name: 30, Distance: 0.9575065970420837
2024-06-03 02:37:33,805 - Name: 52, Distance: 0.9960025548934937
2024-06-03 02:37:33,856 - 26 result:
2024-06-03 02:37:33,856 - Name: 26, Distance: 0.7696472406387329
2024-06-03 02:37:33,856 - Name: 30, Distance: 0.9989141225814819
2024-06-03 02:37:33,856 - Name: 26, Distance: 1.06448495388031
2024-06-03 02:37:33,856 - Name: 18, Distance: 1.0739028453826904
2024-06-03 02:37:33,856 - Name: 26, Distance: 1.1044602394104004
2024-06-03 02:37:34,080 - 27 result:
2024-06-03 02:37:34,081 - Name: 36, Distance: 0.860508382320404
2024-06-03 02:37:34,081 - Name: 27, Distance: 0.8762211203575134
2024-06-03 02:37:34,081 - Name: 24, Distance: 0.9406821131706238
2024-06-03 02:37:34,081 - Name: 8, Distance: 0.9856364130973816
2024-06-03 02:37:34,081 - Name: 34, Distance: 1.0385479927062988
2024-06-03 02:37:34,698 - 28 result:
2024-06-03 02:37:34,699 - Name: 9, Distance: 1.0029622316360474
2024-06-03 02:37:34,699 - Name: 28, Distance: 1.004047155380249
2024-06-03 02:37:34,699 - Name: 16, Distance: 1.0395054817199707
2024-06-03 02:37:34,699 - Name: 17, Distance: 1.0459238290786743
2024-06-03 02:37:34,699 - Name: 18, Distance: 1.0714468955993652
2024-06-03 02:37:34,750 - 29 result:
2024-06-03 02:37:34,750 - Name: 29, Distance: 0.7135620713233948
2024-06-03 02:37:34,751 - Name: 34, Distance: 0.8679470419883728
2024-06-03 02:37:34,751 - Name: 29, Distance: 0.8920227885246277
2024-06-03 02:37:34,751 - Name: 34, Distance: 0.9690544009208679
2024-06-03 02:37:34,751 - Name: 29, Distance: 0.980689287185669
2024-06-03 02:37:34,800 - 3 result:
2024-06-03 02:37:34,800 - Name: 3, Distance: 0.7003142833709717
2024-06-03 02:37:34,800 - Name: 3, Distance: 0.8670310378074646
2024-06-03 02:37:34,800 - Name: 3, Distance: 0.9024912118911743
2024-06-03 02:37:34,800 - Name: 51, Distance: 0.9757404923439026
2024-06-03 02:37:34,800 - Name: 21, Distance: 1.017371654510498
2024-06-03 02:37:35,069 - 30 result:
2024-06-03 02:37:35,069 - Name: 30, Distance: 0.8089460730552673
2024-06-03 02:37:35,069 - Name: 6, Distance: 0.8979357481002808
2024-06-03 02:37:35,069 - Name: 30, Distance: 0.9134403467178345
2024-06-03 02:37:35,069 - Name: 18, Distance: 0.9146870374679565
2024-06-03 02:37:35,069 - Name: 18, Distance: 0.9508394002914429
2024-06-03 02:37:35,727 - 31 result:
2024-06-03 02:37:35,728 - Name: 31, Distance: 0.7950828671455383
2024-06-03 02:37:35,728 - Name: 31, Distance: 0.8940874934196472
2024-06-03 02:37:35,728 - Name: 31, Distance: 0.9212327599525452
2024-06-03 02:37:35,728 - Name: 12, Distance: 0.9422447681427002
2024-06-03 02:37:35,728 - Name: 22, Distance: 0.978344738483429
2024-06-03 02:37:35,808 - 32 result:
2024-06-03 02:37:35,808 - Name: 22, Distance: 0.8816310167312622
2024-06-03 02:37:35,808 - Name: 22, Distance: 0.9145355224609375
2024-06-03 02:37:35,808 - Name: 10, Distance: 0.9391336441040039
2024-06-03 02:37:35,808 - Name: 16, Distance: 0.9607447385787964
2024-06-03 02:37:35,808 - Name: 22, Distance: 0.9679514169692993
2024-06-03 02:37:35,860 - 33 result:
2024-06-03 02:37:35,860 - Name: 12, Distance: 0.9340583086013794
2024-06-03 02:37:35,861 - Name: 6, Distance: 0.9652976393699646
2024-06-03 02:37:35,861 - Name: 13, Distance: 1.0059715509414673
2024-06-03 02:37:35,861 - Name: 6, Distance: 1.0197845697402954
2024-06-03 02:37:35,861 - Name: 13, Distance: 1.0305631160736084
2024-06-03 02:37:36,101 - 34 result:
2024-06-03 02:37:36,101 - Name: 34, Distance: 0.7278972268104553
2024-06-03 02:37:36,101 - Name: 34, Distance: 0.7289664149284363
2024-06-03 02:37:36,101 - Name: 34, Distance: 0.7456014156341553
2024-06-03 02:37:36,101 - Name: 8, Distance: 0.9290368556976318
2024-06-03 02:37:36,101 - Name: 8, Distance: 0.9641883969306946
2024-06-03 02:37:36,755 - 35 result:
2024-06-03 02:37:36,755 - Name: 35, Distance: 0.9183357954025269
2024-06-03 02:37:36,755 - Name: 15, Distance: 0.9675468802452087
2024-06-03 02:37:36,755 - Name: 10, Distance: 0.9973902702331543
2024-06-03 02:37:36,755 - Name: 46, Distance: 0.9976818561553955
2024-06-03 02:37:36,756 - Name: 21, Distance: 1.0004160404205322
2024-06-03 02:37:36,806 - 36 result:
2024-06-03 02:37:36,807 - Name: 36, Distance: 1.0430182218551636
2024-06-03 02:37:36,807 - Name: 53, Distance: 1.0690854787826538
2024-06-03 02:37:36,807 - Name: 52, Distance: 1.0795129537582397
2024-06-03 02:37:36,807 - Name: 36, Distance: 1.0865751504898071
2024-06-03 02:37:36,807 - Name: 52, Distance: 1.119114637374878
2024-06-03 02:37:36,858 - 37 result:
2024-06-03 02:37:36,859 - Name: 37, Distance: 0.9722434282302856
2024-06-03 02:37:36,859 - Name: 35, Distance: 1.0253771543502808
2024-06-03 02:37:36,859 - Name: 41, Distance: 1.0325088500976562
2024-06-03 02:37:36,859 - Name: 37, Distance: 1.0360350608825684
2024-06-03 02:37:36,859 - Name: 35, Distance: 1.0778934955596924
2024-06-03 02:37:37,089 - 38 result:
2024-06-03 02:37:37,089 - Name: 57, Distance: 0.9380119442939758
2024-06-03 02:37:37,089 - Name: 57, Distance: 0.9779943227767944
2024-06-03 02:37:37,089 - Name: 36, Distance: 1.0096065998077393
2024-06-03 02:37:37,089 - Name: 36, Distance: 1.01416015625
2024-06-03 02:37:37,089 - Name: 52, Distance: 1.059709072113037
2024-06-03 02:37:37,743 - 39 result:
2024-06-03 02:37:37,744 - Name: 42, Distance: 1.0436663627624512
2024-06-03 02:37:37,744 - Name: 59, Distance: 1.05327570438385
2024-06-03 02:37:37,744 - Name: 42, Distance: 1.1001331806182861
2024-06-03 02:37:37,744 - Name: 53, Distance: 1.1234511137008667
2024-06-03 02:37:37,744 - Name: 42, Distance: 1.1432703733444214
2024-06-03 02:37:37,809 - 4 result:
2024-06-03 02:37:37,809 - Name: 54, Distance: 0.9154041409492493
2024-06-03 02:37:37,809 - Name: 48, Distance: 0.9259039759635925
2024-06-03 02:37:37,809 - Name: 39, Distance: 0.9632153511047363
2024-06-03 02:37:37,809 - Name: 48, Distance: 1.0169345140457153
2024-06-03 02:37:37,809 - Name: 58, Distance: 1.0310083627700806
2024-06-03 02:37:37,860 - 40 result:
2024-06-03 02:37:37,860 - Name: 40, Distance: 0.88176429271698
2024-06-03 02:37:37,860 - Name: 40, Distance: 0.9243013262748718
2024-06-03 02:37:37,860 - Name: 40, Distance: 0.9596096873283386
2024-06-03 02:37:37,860 - Name: 44, Distance: 0.9605060815811157
2024-06-03 02:37:37,860 - Name: 44, Distance: 0.976900577545166
2024-06-03 02:37:38,099 - 41 result:
2024-06-03 02:37:38,099 - Name: 45, Distance: 0.9303324818611145
2024-06-03 02:37:38,099 - Name: 48, Distance: 0.993859589099884
2024-06-03 02:37:38,099 - Name: 4, Distance: 1.0117079019546509
2024-06-03 02:37:38,099 - Name: 48, Distance: 1.0699002742767334
2024-06-03 02:37:38,099 - Name: 54, Distance: 1.0814920663833618
2024-06-03 02:37:38,719 - 42 result:
2024-06-03 02:37:38,719 - Name: 20, Distance: 0.910508394241333
2024-06-03 02:37:38,719 - Name: 35, Distance: 0.9109707474708557
2024-06-03 02:37:38,719 - Name: 20, Distance: 0.9586901664733887
2024-06-03 02:37:38,719 - Name: 10, Distance: 1.0497828722000122
2024-06-03 02:37:38,719 - Name: 46, Distance: 1.0718309879302979
2024-06-03 02:37:38,776 - 44 result:
2024-06-03 02:37:38,776 - Name: 44, Distance: 0.6948363184928894
2024-06-03 02:37:38,776 - Name: 58, Distance: 0.8213616609573364
2024-06-03 02:37:38,776 - Name: 47, Distance: 0.8371467590332031
2024-06-03 02:37:38,777 - Name: 58, Distance: 0.8476191163063049
2024-06-03 02:37:38,777 - Name: 45, Distance: 0.858005940914154
2024-06-03 02:37:38,831 - 45 result:
2024-06-03 02:37:38,831 - Name: 47, Distance: 0.9149450659751892
2024-06-03 02:37:38,831 - Name: 55, Distance: 0.9459149837493896
2024-06-03 02:37:38,831 - Name: 32, Distance: 1.020151972770691
2024-06-03 02:37:38,831 - Name: 40, Distance: 1.0320072174072266
2024-06-03 02:37:38,832 - Name: 43, Distance: 1.0327937602996826
2024-06-03 02:37:39,066 - 46 result:
2024-06-03 02:37:39,066 - Name: 46, Distance: 0.7254295945167542
2024-06-03 02:37:39,066 - Name: 46, Distance: 0.7327297329902649
2024-06-03 02:37:39,066 - Name: 46, Distance: 0.8231928944587708
2024-06-03 02:37:39,066 - Name: 35, Distance: 0.902722179889679
2024-06-03 02:37:39,066 - Name: 35, Distance: 1.11481511592865
2024-06-03 02:37:39,729 - 47 result:
2024-06-03 02:37:39,729 - Name: 58, Distance: 0.8281310200691223
2024-06-03 02:37:39,729 - Name: 47, Distance: 0.8575478792190552
2024-06-03 02:37:39,729 - Name: 53, Distance: 0.9145618081092834
2024-06-03 02:37:39,729 - Name: 36, Distance: 0.9663621783256531
2024-06-03 02:37:39,729 - Name: 44, Distance: 0.972244918346405
2024-06-03 02:37:39,781 - 48 result:
2024-06-03 02:37:39,781 - Name: 48, Distance: 0.6642681360244751
2024-06-03 02:37:39,781 - Name: 42, Distance: 0.9242712259292603
2024-06-03 02:37:39,781 - Name: 51, Distance: 0.9271119236946106
2024-06-03 02:37:39,781 - Name: 3, Distance: 0.993614673614502
2024-06-03 02:37:39,781 - Name: 50, Distance: 1.0358794927597046
2024-06-03 02:37:40,016 - 5 result:
2024-06-03 02:37:40,016 - Name: 5, Distance: 0.8895485401153564
2024-06-03 02:37:40,017 - Name: 5, Distance: 0.8991683721542358
2024-06-03 02:37:40,017 - Name: 20, Distance: 1.0290794372558594
2024-06-03 02:37:40,017 - Name: 29, Distance: 1.1139580011367798
2024-06-03 02:37:40,017 - Name: 39, Distance: 1.1190792322158813
2024-06-03 02:37:40,606 - 50 result:
2024-06-03 02:37:40,607 - Name: 50, Distance: 0.8911126255989075
2024-06-03 02:37:40,607 - Name: 56, Distance: 0.9043592810630798
2024-06-03 02:37:40,607 - Name: 43, Distance: 0.9590378403663635
2024-06-03 02:37:40,607 - Name: 35, Distance: 0.9875907301902771
2024-06-03 02:37:40,607 - Name: 56, Distance: 1.0181710720062256
2024-06-03 02:37:40,686 - 51 result:
2024-06-03 02:37:40,687 - Name: 57, Distance: 0.8393791317939758
2024-06-03 02:37:40,687 - Name: 59, Distance: 1.020747184753418
2024-06-03 02:37:40,687 - Name: 57, Distance: 1.0944541692733765
2024-06-03 02:37:40,687 - Name: 52, Distance: 1.1241554021835327
2024-06-03 02:37:40,687 - Name: 47, Distance: 1.128401279449463
2024-06-03 02:37:40,981 - 52 result:
2024-06-03 02:37:40,981 - Name: 36, Distance: 0.9088551998138428
2024-06-03 02:37:40,981 - Name: 44, Distance: 0.9158439636230469
2024-06-03 02:37:40,981 - Name: 52, Distance: 0.9235929250717163
2024-06-03 02:37:40,981 - Name: 51, Distance: 0.9941717982292175
2024-06-03 02:37:40,981 - Name: 52, Distance: 1.0216642618179321
2024-06-03 02:37:41,583 - 53 result:
2024-06-03 02:37:41,583 - Name: 47, Distance: 0.9905163645744324
2024-06-03 02:37:41,584 - Name: 51, Distance: 0.996606707572937
2024-06-03 02:37:41,584 - Name: 53, Distance: 1.007340431213379
2024-06-03 02:37:41,584 - Name: 59, Distance: 1.0351277589797974
2024-06-03 02:37:41,584 - Name: 53, Distance: 1.035494089126587
2024-06-03 02:37:41,674 - 54 result:
2024-06-03 02:37:41,674 - Name: 54, Distance: 0.8690527677536011
2024-06-03 02:37:41,674 - Name: 54, Distance: 0.9504352807998657
2024-06-03 02:37:41,674 - Name: 44, Distance: 1.0773307085037231
2024-06-03 02:37:41,674 - Name: 47, Distance: 1.0864312648773193
2024-06-03 02:37:41,674 - Name: 25, Distance: 1.0909643173217773
2024-06-03 02:37:41,729 - 55 result:
2024-06-03 02:37:41,729 - Name: 52, Distance: 0.9206562042236328
2024-06-03 02:37:41,729 - Name: 36, Distance: 0.9660756587982178
2024-06-03 02:37:41,729 - Name: 52, Distance: 1.031345248222351
2024-06-03 02:37:41,729 - Name: 25, Distance: 1.0357863903045654
2024-06-03 02:37:41,730 - Name: 38, Distance: 1.0680060386657715
2024-06-03 02:37:42,016 - 56 result:
2024-06-03 02:37:42,016 - Name: 56, Distance: 0.9463679790496826
2024-06-03 02:37:42,016 - Name: 30, Distance: 0.9470018744468689
2024-06-03 02:37:42,016 - Name: 4, Distance: 0.9536133408546448
2024-06-03 02:37:42,016 - Name: 56, Distance: 0.9858345985412598
2024-06-03 02:37:42,016 - Name: 1, Distance: 1.0531474351882935
2024-06-03 02:37:42,625 - 57 result:
2024-06-03 02:37:42,625 - Name: 44, Distance: 0.9459080100059509
2024-06-03 02:37:42,625 - Name: 57, Distance: 0.9683892130851746
2024-06-03 02:37:42,625 - Name: 59, Distance: 1.0063185691833496
2024-06-03 02:37:42,625 - Name: 57, Distance: 1.0072336196899414
2024-06-03 02:37:42,625 - Name: 2, Distance: 1.024214267730713
2024-06-03 02:37:42,677 - 58 result:
2024-06-03 02:37:42,678 - Name: 56, Distance: 0.8565228581428528
2024-06-03 02:37:42,678 - Name: 45, Distance: 0.8678069710731506
2024-06-03 02:37:42,678 - Name: 58, Distance: 0.911598801612854
2024-06-03 02:37:42,678 - Name: 58, Distance: 0.974807620048523
2024-06-03 02:37:42,678 - Name: 44, Distance: 0.9887451529502869
2024-06-03 02:37:42,732 - 59 result:
2024-06-03 02:37:42,732 - Name: 57, Distance: 0.8257233500480652
2024-06-03 02:37:42,732 - Name: 2, Distance: 0.8395211696624756
2024-06-03 02:37:42,732 - Name: 59, Distance: 0.9326983094215393
2024-06-03 02:37:42,732 - Name: 36, Distance: 0.9692824482917786
2024-06-03 02:37:42,732 - Name: 54, Distance: 0.9945917129516602
2024-06-03 02:37:43,105 - 6 result:
2024-06-03 02:37:43,105 - Name: 36, Distance: 1.0466790199279785
2024-06-03 02:37:43,105 - Name: 6, Distance: 1.0608856678009033
2024-06-03 02:37:43,105 - Name: 27, Distance: 1.0610343217849731
2024-06-03 02:37:43,105 - Name: 17, Distance: 1.0900510549545288
2024-06-03 02:37:43,105 - Name: 7, Distance: 1.1071059703826904
2024-06-03 02:37:43,582 - 7 result:
2024-06-03 02:37:43,583 - Name: 33, Distance: 0.9194520115852356
2024-06-03 02:37:43,583 - Name: 10, Distance: 0.9237352609634399
2024-06-03 02:37:43,583 - Name: 7, Distance: 0.9445239901542664
2024-06-03 02:37:43,583 - Name: 19, Distance: 0.9584371447563171
2024-06-03 02:37:43,583 - Name: 11, Distance: 0.976803183555603
2024-06-03 02:37:43,635 - 8 result:
2024-06-03 02:37:43,635 - Name: 8, Distance: 0.6311367750167847
2024-06-03 02:37:43,636 - Name: 8, Distance: 0.8100208640098572
2024-06-03 02:37:43,636 - Name: 8, Distance: 0.8605036735534668
2024-06-03 02:37:43,636 - Name: 11, Distance: 0.9078955054283142
2024-06-03 02:37:43,636 - Name: 6, Distance: 0.9232281446456909
2024-06-03 02:37:43,686 - 9 result:
2024-06-03 02:37:43,686 - Name: 54, Distance: 0.9710956811904907
2024-06-03 02:37:43,686 - Name: 20, Distance: 1.0939193964004517
2024-06-03 02:37:43,686 - Name: 51, Distance: 1.0983428955078125
2024-06-03 02:37:43,686 - Name: 51, Distance: 1.1088271141052246
2024-06-03 02:37:43,686 - Name: 25, Distance: 1.1301921606063843
2024-06-03 02:37:43,828 - Total samples: 58
2024-06-03 02:37:43,829 - Correct predictions: 44
2024-06-03 02:37:43,829 - Incorrect predictions: 14
2024-06-03 02:37:43,829 - Accuracy: 75.86%
2024-06-03 02:37:43,829 - Correctly predicted classes:
2024-06-03 02:37:43,829 - 18: 1
2024-06-03 02:37:43,829 - 10: 1
2024-06-03 02:37:43,830 - 35: 1
2024-06-03 02:37:43,830 - 57: 1
2024-06-03 02:37:43,830 - 12: 1
2024-06-03 02:37:43,830 - 28: 1
2024-06-03 02:37:43,830 - 36: 1
2024-06-03 02:37:43,830 - 0: 1
2024-06-03 02:37:43,830 - 1: 1
2024-06-03 02:37:43,830 - 47: 1
2024-06-03 02:37:43,830 - 23: 1
2024-06-03 02:37:43,831 - 50: 1
2024-06-03 02:37:43,831 - 30: 1
2024-06-03 02:37:43,831 - 16: 1
2024-06-03 02:37:43,831 - 29: 1
2024-06-03 02:37:43,831 - 40: 1
2024-06-03 02:37:43,831 - 8: 1
2024-06-03 02:37:43,831 - 53: 1
2024-06-03 02:37:43,831 - 56: 1
2024-06-03 02:37:43,832 - 26: 1
2024-06-03 02:37:43,832 - 17: 1
2024-06-03 02:37:43,832 - 19: 1
2024-06-03 02:37:43,832 - 3: 1
2024-06-03 02:37:43,832 - 5: 1
2024-06-03 02:37:43,832 - 13: 1
2024-06-03 02:37:43,832 - 24: 1
2024-06-03 02:37:43,832 - 46: 1
2024-06-03 02:37:43,832 - 58: 1
2024-06-03 02:37:43,833 - 25: 1
2024-06-03 02:37:43,833 - 44: 1
2024-06-03 02:37:43,833 - 48: 1
2024-06-03 02:37:43,833 - 31: 1
2024-06-03 02:37:43,833 - 37: 1
2024-06-03 02:37:43,833 - 2: 1
2024-06-03 02:37:43,833 - 27: 1
2024-06-03 02:37:43,833 - 54: 1
2024-06-03 02:37:43,833 - 52: 1
2024-06-03 02:37:43,834 - 20: 1
2024-06-03 02:37:43,834 - 22: 1
2024-06-03 02:37:43,834 - 59: 1
2024-06-03 02:37:43,834 - 6: 1
2024-06-03 02:37:43,834 - 7: 1
2024-06-03 02:37:43,834 - 34: 1
2024-06-03 02:37:43,834 - 11: 1
2024-06-03 02:37:43,834 - Incorrectly predicted classes:
2024-06-03 02:37:43,834 - 33: 1
2024-06-03 02:37:43,835 - 32: 1
2024-06-03 02:37:43,835 - 38: 1
2024-06-03 02:37:43,835 - 39: 1
2024-06-03 02:37:43,835 - 4: 1
2024-06-03 02:37:43,835 - 51: 1
2024-06-03 02:37:43,835 - 55: 1
2024-06-03 02:37:43,835 - 15: 1
2024-06-03 02:37:43,835 - 21: 1
2024-06-03 02:37:43,835 - 14: 1
2024-06-03 02:37:43,836 - 41: 1
2024-06-03 02:37:43,836 - 45: 1
2024-06-03 02:37:43,836 - 9: 1
2024-06-03 02:37:43,836 - 42: 1
