2024-06-02 09:09:33,907 - test_dir : ./Face_Dataset/Test
2024-06-02 09:09:33,907 - pretrained : work_dir/FaceNet_finetuning_Random_Batch_RandReg_30_32/FaceNet_finetuning_Random_Batch_RandReg_30_32_deepfake.pth
2024-06-02 09:09:33,907 - model_name : FaceNet_finetuning_Random_Batch_RandReg
2024-06-02 09:10:27,426 - 0 result:
2024-06-02 09:10:27,426 - Name: 59, Distance: 0.12821070849895477
2024-06-02 09:10:27,426 - Name: 40, Distance: 0.13426704704761505
2024-06-02 09:10:27,426 - Name: 58, Distance: 0.15301914513111115
2024-06-02 09:10:27,426 - Name: 46, Distance: 0.15863560140132904
2024-06-02 09:10:27,426 - Name: 58, Distance: 0.1627478450536728
2024-06-02 09:10:27,480 - 1 result:
2024-06-02 09:10:27,480 - Name: 3, Distance: 0.12516319751739502
2024-06-02 09:10:27,480 - Name: 3, Distance: 0.1513010561466217
2024-06-02 09:10:27,480 - Name: 3, Distance: 0.2901141941547394
2024-06-02 09:10:27,480 - Name: 16, Distance: 0.335517942905426
2024-06-02 09:10:27,480 - Name: 19, Distance: 0.3681817054748535
2024-06-02 09:10:27,709 - 10 result:
2024-06-02 09:10:27,709 - Name: 10, Distance: 0.07648428529500961
2024-06-02 09:10:27,710 - Name: 5, Distance: 0.08455991744995117
2024-06-02 09:10:27,710 - Name: 22, Distance: 0.08745359629392624
2024-06-02 09:10:27,710 - Name: 22, Distance: 0.0975213423371315
2024-06-02 09:10:27,710 - Name: 14, Distance: 0.18433937430381775
2024-06-02 09:10:28,299 - 11 result:
2024-06-02 09:10:28,300 - Name: 45, Distance: 0.1902513951063156
2024-06-02 09:10:28,300 - Name: 45, Distance: 0.30104950070381165
2024-06-02 09:10:28,300 - Name: 4, Distance: 0.3518834710121155
2024-06-02 09:10:28,300 - Name: 45, Distance: 0.40704405307769775
2024-06-02 09:10:28,300 - Name: 4, Distance: 0.4358185827732086
2024-06-02 09:10:28,380 - 12 result:
2024-06-02 09:10:28,380 - Name: 15, Distance: 0.06144534423947334
2024-06-02 09:10:28,380 - Name: 15, Distance: 0.06737853586673737
2024-06-02 09:10:28,381 - Name: 8, Distance: 0.0776272863149643
2024-06-02 09:10:28,381 - Name: 7, Distance: 0.13346923887729645
2024-06-02 09:10:28,381 - Name: 8, Distance: 0.2223876714706421
2024-06-02 09:10:28,431 - 13 result:
2024-06-02 09:10:28,431 - Name: 13, Distance: 0.0
2024-06-02 09:10:28,431 - Name: 12, Distance: 0.03594333678483963
2024-06-02 09:10:28,431 - Name: 12, Distance: 0.12460198253393173
2024-06-02 09:10:28,431 - Name: 8, Distance: 0.13794486224651337
2024-06-02 09:10:28,431 - Name: 34, Distance: 0.19046835601329803
2024-06-02 09:10:28,659 - 14 result:
2024-06-02 09:10:28,660 - Name: 17, Distance: 0.15296360850334167
2024-06-02 09:10:28,660 - Name: 22, Distance: 0.15368740260601044
2024-06-02 09:10:28,660 - Name: 32, Distance: 0.17639289796352386
2024-06-02 09:10:28,660 - Name: 11, Distance: 0.17790855467319489
2024-06-02 09:10:28,660 - Name: 32, Distance: 0.23482856154441833
2024-06-02 09:10:28,718 - 15 result:
2024-06-02 09:10:28,718 - Name: 16, Distance: 0.021279608830809593
2024-06-02 09:10:28,718 - Name: 25, Distance: 0.02664123848080635
2024-06-02 09:10:28,719 - Name: 28, Distance: 0.04355299845337868
2024-06-02 09:10:28,719 - Name: 24, Distance: 0.044503532350063324
2024-06-02 09:10:28,719 - Name: 27, Distance: 0.048086270689964294
2024-06-02 09:10:29,320 - 16 result:
2024-06-02 09:10:29,320 - Name: 19, Distance: 0.032332826405763626
2024-06-02 09:10:29,320 - Name: 28, Distance: 0.06341477483510971
2024-06-02 09:10:29,320 - Name: 16, Distance: 0.07772890478372574
2024-06-02 09:10:29,320 - Name: 25, Distance: 0.11557053029537201
2024-06-02 09:10:29,320 - Name: 19, Distance: 0.12895497679710388
2024-06-02 09:10:29,370 - 17 result:
2024-06-02 09:10:29,370 - Name: 6, Distance: 0.23769178986549377
2024-06-02 09:10:29,370 - Name: 6, Distance: 0.28552380204200745
2024-06-02 09:10:29,370 - Name: 34, Distance: 0.3189425468444824
2024-06-02 09:10:29,371 - Name: 11, Distance: 0.37267279624938965
2024-06-02 09:10:29,371 - Name: 30, Distance: 0.3943732976913452
2024-06-02 09:10:29,422 - 18 result:
2024-06-02 09:10:29,422 - Name: 12, Distance: 0.04179048165678978
2024-06-02 09:10:29,422 - Name: 17, Distance: 0.04689536616206169
2024-06-02 09:10:29,422 - Name: 11, Distance: 0.05591829866170883
2024-06-02 09:10:29,422 - Name: 33, Distance: 0.05883421748876572
2024-06-02 09:10:29,423 - Name: 33, Distance: 0.08794475346803665
2024-06-02 09:10:29,665 - 19 result:
2024-06-02 09:10:29,665 - Name: 3, Distance: 0.17725642025470734
2024-06-02 09:10:29,665 - Name: 16, Distance: 0.1793976128101349
2024-06-02 09:10:29,665 - Name: 16, Distance: 0.26942145824432373
2024-06-02 09:10:29,665 - Name: 19, Distance: 0.27538996934890747
2024-06-02 09:10:29,665 - Name: 3, Distance: 0.30819129943847656
2024-06-02 09:10:30,274 - 2 result:
2024-06-02 09:10:30,274 - Name: 2, Distance: 0.13788534700870514
2024-06-02 09:10:30,274 - Name: 52, Distance: 0.1400112509727478
2024-06-02 09:10:30,274 - Name: 39, Distance: 0.1918296366930008
2024-06-02 09:10:30,275 - Name: 39, Distance: 0.25237494707107544
2024-06-02 09:10:30,275 - Name: 56, Distance: 0.29877763986587524
2024-06-02 09:10:30,339 - 20 result:
2024-06-02 09:10:30,339 - Name: 2, Distance: 0.17885123193264008
2024-06-02 09:10:30,340 - Name: 52, Distance: 0.18993763625621796
2024-06-02 09:10:30,340 - Name: 4, Distance: 0.2140924632549286
2024-06-02 09:10:30,340 - Name: 39, Distance: 0.25503408908843994
2024-06-02 09:10:30,340 - Name: 4, Distance: 0.2622936964035034
2024-06-02 09:10:30,576 - 21 result:
2024-06-02 09:10:30,576 - Name: 14, Distance: 0.08248386532068253
2024-06-02 09:10:30,576 - Name: 14, Distance: 0.09195099025964737
2024-06-02 09:10:30,576 - Name: 14, Distance: 0.09426160156726837
2024-06-02 09:10:30,576 - Name: 5, Distance: 0.09958112984895706
2024-06-02 09:10:30,576 - Name: 10, Distance: 0.13347116112709045
2024-06-02 09:10:31,168 - 22 result:
2024-06-02 09:10:31,169 - Name: 13, Distance: 0.2733587324619293
2024-06-02 09:10:31,169 - Name: 6, Distance: 0.2798026204109192
2024-06-02 09:10:31,169 - Name: 13, Distance: 0.29876604676246643
2024-06-02 09:10:31,169 - Name: 33, Distance: 0.3020542860031128
2024-06-02 09:10:31,169 - Name: 12, Distance: 0.3104519844055176
2024-06-02 09:10:31,254 - 23 result:
2024-06-02 09:10:31,255 - Name: 11, Distance: 0.12271479517221451
2024-06-02 09:10:31,255 - Name: 32, Distance: 0.14768299460411072
2024-06-02 09:10:31,255 - Name: 32, Distance: 0.20662732422351837
2024-06-02 09:10:31,255 - Name: 18, Distance: 0.2104221135377884
2024-06-02 09:10:31,255 - Name: 18, Distance: 0.22370538115501404
2024-06-02 09:10:31,304 - 24 result:
2024-06-02 09:10:31,304 - Name: 27, Distance: 0.058552104979753494
2024-06-02 09:10:31,304 - Name: 27, Distance: 0.06559380888938904
2024-06-02 09:10:31,304 - Name: 28, Distance: 0.08081842213869095
2024-06-02 09:10:31,305 - Name: 28, Distance: 0.09955073148012161
2024-06-02 09:10:31,305 - Name: 25, Distance: 0.1085514947772026
2024-06-02 09:10:31,352 - 25 result:
2024-06-02 09:10:31,352 - Name: 8, Distance: 0.07465020567178726
2024-06-02 09:10:31,352 - Name: 7, Distance: 0.39763250946998596
2024-06-02 09:10:31,352 - Name: 45, Distance: 0.43016517162323
2024-06-02 09:10:31,352 - Name: 16, Distance: 0.4347372055053711
2024-06-02 09:10:31,352 - Name: 7, Distance: 0.4428439736366272
2024-06-02 09:10:31,585 - 26 result:
2024-06-02 09:10:31,586 - Name: 25, Distance: 0.052675217390060425
2024-06-02 09:10:31,586 - Name: 28, Distance: 0.06504904478788376
2024-06-02 09:10:31,586 - Name: 19, Distance: 0.07016418129205704
2024-06-02 09:10:31,586 - Name: 19, Distance: 0.08242954313755035
2024-06-02 09:10:31,586 - Name: 27, Distance: 0.09233482927083969
2024-06-02 09:10:32,172 - 27 result:
2024-06-02 09:10:32,173 - Name: 27, Distance: 0.05665978044271469
2024-06-02 09:10:32,173 - Name: 28, Distance: 0.05929284170269966
2024-06-02 09:10:32,173 - Name: 27, Distance: 0.06732034683227539
2024-06-02 09:10:32,173 - Name: 24, Distance: 0.08352943509817123
2024-06-02 09:10:32,173 - Name: 24, Distance: 0.1030651330947876
2024-06-02 09:10:32,239 - 28 result:
2024-06-02 09:10:32,239 - Name: 8, Distance: 0.16376227140426636
2024-06-02 09:10:32,239 - Name: 7, Distance: 0.217207133769989
2024-06-02 09:10:32,239 - Name: 7, Distance: 0.2825726568698883
2024-06-02 09:10:32,240 - Name: 15, Distance: 0.3082910478115082
2024-06-02 09:10:32,240 - Name: 16, Distance: 0.46548938751220703
2024-06-02 09:10:32,293 - 29 result:
2024-06-02 09:10:32,294 - Name: 9, Distance: 0.3438836634159088
2024-06-02 09:10:32,294 - Name: 48, Distance: 0.47248387336730957
2024-06-02 09:10:32,294 - Name: 9, Distance: 0.5127924084663391
2024-06-02 09:10:32,294 - Name: 21, Distance: 0.5211020708084106
2024-06-02 09:10:32,294 - Name: 21, Distance: 0.5613937973976135
2024-06-02 09:10:32,529 - 3 result:
2024-06-02 09:10:32,529 - Name: 3, Distance: 0.44768333435058594
2024-06-02 09:10:32,529 - Name: 3, Distance: 0.5404953360557556
2024-06-02 09:10:32,529 - Name: 3, Distance: 0.6056586503982544
2024-06-02 09:10:32,529 - Name: 2, Distance: 0.6074838042259216
2024-06-02 09:10:32,529 - Name: 52, Distance: 0.6268517971038818
2024-06-02 09:10:33,147 - 30 result:
2024-06-02 09:10:33,148 - Name: 16, Distance: 0.18348689377307892
2024-06-02 09:10:33,148 - Name: 28, Distance: 0.2841416895389557
2024-06-02 09:10:33,148 - Name: 19, Distance: 0.3172413408756256
2024-06-02 09:10:33,148 - Name: 16, Distance: 0.3498944044113159
2024-06-02 09:10:33,148 - Name: 8, Distance: 0.36241036653518677
2024-06-02 09:10:33,217 - 31 result:
2024-06-02 09:10:33,217 - Name: 50, Distance: 0.04707351326942444
2024-06-02 09:10:33,217 - Name: 10, Distance: 0.06963349133729935
2024-06-02 09:10:33,217 - Name: 50, Distance: 0.08042692393064499
2024-06-02 09:10:33,217 - Name: 31, Distance: 0.09063233435153961
2024-06-02 09:10:33,217 - Name: 31, Distance: 0.12123852223157883
2024-06-02 09:10:33,271 - 32 result:
2024-06-02 09:10:33,271 - Name: 8, Distance: 0.2548927366733551
2024-06-02 09:10:33,271 - Name: 3, Distance: 0.31263527274131775
2024-06-02 09:10:33,271 - Name: 16, Distance: 0.33138978481292725
2024-06-02 09:10:33,271 - Name: 3, Distance: 0.4154609739780426
2024-06-02 09:10:33,271 - Name: 16, Distance: 0.43438291549682617
2024-06-02 09:10:33,499 - 33 result:
2024-06-02 09:10:33,499 - Name: 13, Distance: 0.25136205554008484
2024-06-02 09:10:33,499 - Name: 6, Distance: 0.26804420351982117
2024-06-02 09:10:33,499 - Name: 13, Distance: 0.28771430253982544
2024-06-02 09:10:33,499 - Name: 33, Distance: 0.3048586845397949
2024-06-02 09:10:33,499 - Name: 29, Distance: 0.3121581971645355
2024-06-02 09:10:34,113 - 34 result:
2024-06-02 09:10:34,114 - Name: 15, Distance: 0.0821676105260849
2024-06-02 09:10:34,114 - Name: 8, Distance: 0.09415773302316666
2024-06-02 09:10:34,114 - Name: 8, Distance: 0.12994028627872467
2024-06-02 09:10:34,114 - Name: 15, Distance: 0.182787224650383
2024-06-02 09:10:34,114 - Name: 13, Distance: 0.1906348317861557
2024-06-02 09:10:34,164 - 35 result:
2024-06-02 09:10:34,164 - Name: 40, Distance: 0.048320744186639786
2024-06-02 09:10:34,164 - Name: 58, Distance: 0.06346586346626282
2024-06-02 09:10:34,164 - Name: 53, Distance: 0.07498334348201752
2024-06-02 09:10:34,164 - Name: 59, Distance: 0.08032634109258652
2024-06-02 09:10:34,164 - Name: 46, Distance: 0.08711468428373337
2024-06-02 09:10:34,217 - 36 result:
2024-06-02 09:10:34,217 - Name: 45, Distance: 0.20575746893882751
2024-06-02 09:10:34,217 - Name: 30, Distance: 0.27455934882164
2024-06-02 09:10:34,218 - Name: 30, Distance: 0.289372056722641
2024-06-02 09:10:34,218 - Name: 30, Distance: 0.3441753685474396
2024-06-02 09:10:34,218 - Name: 34, Distance: 0.3487444221973419
2024-06-02 09:10:34,458 - 37 result:
2024-06-02 09:10:34,458 - Name: 7, Distance: 0.11751223355531693
2024-06-02 09:10:34,458 - Name: 7, Distance: 0.14262095093727112
2024-06-02 09:10:34,458 - Name: 15, Distance: 0.18887731432914734
2024-06-02 09:10:34,458 - Name: 8, Distance: 0.25913292169570923
2024-06-02 09:10:34,458 - Name: 8, Distance: 0.3326322138309479
2024-06-02 09:10:35,063 - 38 result:
2024-06-02 09:10:35,063 - Name: 50, Distance: 0.04890766739845276
2024-06-02 09:10:35,063 - Name: 31, Distance: 0.04913099482655525
2024-06-02 09:10:35,063 - Name: 50, Distance: 0.057793088257312775
2024-06-02 09:10:35,063 - Name: 10, Distance: 0.07248888164758682
2024-06-02 09:10:35,063 - Name: 31, Distance: 0.09246247261762619
2024-06-02 09:10:35,128 - 39 result:
2024-06-02 09:10:35,129 - Name: 35, Distance: 0.14547117054462433
2024-06-02 09:10:35,129 - Name: 36, Distance: 0.25458964705467224
2024-06-02 09:10:35,129 - Name: 53, Distance: 0.2746255099773407
2024-06-02 09:10:35,129 - Name: 46, Distance: 0.31999585032463074
2024-06-02 09:10:35,129 - Name: 35, Distance: 0.3307417333126068
2024-06-02 09:10:35,370 - 4 result:
2024-06-02 09:10:35,371 - Name: 14, Distance: 0.07669015228748322
2024-06-02 09:10:35,371 - Name: 14, Distance: 0.07703085988759995
2024-06-02 09:10:35,371 - Name: 14, Distance: 0.09646280854940414
2024-06-02 09:10:35,371 - Name: 5, Distance: 0.11607775837182999
2024-06-02 09:10:35,371 - Name: 10, Distance: 0.184682697057724
2024-06-02 09:10:35,943 - 40 result:
2024-06-02 09:10:35,943 - Name: 3, Distance: 0.1404142677783966
2024-06-02 09:10:35,943 - Name: 3, Distance: 0.18723933398723602
2024-06-02 09:10:35,943 - Name: 19, Distance: 0.19873325526714325
2024-06-02 09:10:35,944 - Name: 3, Distance: 0.209317147731781
2024-06-02 09:10:35,944 - Name: 16, Distance: 0.21463638544082642
2024-06-02 09:10:36,054 - 41 result:
2024-06-02 09:10:36,054 - Name: 8, Distance: 0.08529877662658691
2024-06-02 09:10:36,054 - Name: 7, Distance: 0.3333680331707001
2024-06-02 09:10:36,054 - Name: 45, Distance: 0.36246323585510254
2024-06-02 09:10:36,054 - Name: 7, Distance: 0.37070432305336
2024-06-02 09:10:36,055 - Name: 15, Distance: 0.41479918360710144
2024-06-02 09:10:36,123 - 42 result:
2024-06-02 09:10:36,123 - Name: 2, Distance: 0.5255421996116638
2024-06-02 09:10:36,123 - Name: 52, Distance: 0.5379449725151062
2024-06-02 09:10:36,123 - Name: 3, Distance: 0.5885563492774963
2024-06-02 09:10:36,123 - Name: 39, Distance: 0.5894101858139038
2024-06-02 09:10:36,123 - Name: 39, Distance: 0.6591646075248718
2024-06-02 09:10:36,357 - 44 result:
2024-06-02 09:10:36,357 - Name: 59, Distance: 0.15786314010620117
2024-06-02 09:10:36,357 - Name: 40, Distance: 0.18095573782920837
2024-06-02 09:10:36,357 - Name: 46, Distance: 0.1884637475013733
2024-06-02 09:10:36,357 - Name: 58, Distance: 0.18926438689231873
2024-06-02 09:10:36,357 - Name: 46, Distance: 0.21217721700668335
2024-06-02 09:10:36,975 - 45 result:
2024-06-02 09:10:36,976 - Name: 35, Distance: 0.11652085930109024
2024-06-02 09:10:36,976 - Name: 0, Distance: 0.17114169895648956
2024-06-02 09:10:36,976 - Name: 35, Distance: 0.2500912547111511
2024-06-02 09:10:36,976 - Name: 0, Distance: 0.2681983709335327
2024-06-02 09:10:36,976 - Name: 54, Distance: 0.28767213225364685
2024-06-02 09:10:37,026 - 46 result:
2024-06-02 09:10:37,026 - Name: 0, Distance: 0.15286943316459656
2024-06-02 09:10:37,026 - Name: 35, Distance: 0.23370765149593353
2024-06-02 09:10:37,026 - Name: 0, Distance: 0.27565208077430725
2024-06-02 09:10:37,026 - Name: 0, Distance: 0.2975616157054901
2024-06-02 09:10:37,026 - Name: 36, Distance: 0.394568532705307
2024-06-02 09:10:37,085 - 47 result:
2024-06-02 09:10:37,085 - Name: 40, Distance: 0.08466241508722305
2024-06-02 09:10:37,085 - Name: 52, Distance: 0.08643507212400436
2024-06-02 09:10:37,085 - Name: 41, Distance: 0.09939803183078766
2024-06-02 09:10:37,085 - Name: 40, Distance: 0.10609639436006546
2024-06-02 09:10:37,085 - Name: 41, Distance: 0.10837225615978241
2024-06-02 09:10:37,319 - 48 result:
2024-06-02 09:10:37,319 - Name: 8, Distance: 0.2705706059932709
2024-06-02 09:10:37,319 - Name: 3, Distance: 0.3614767789840698
2024-06-02 09:10:37,320 - Name: 16, Distance: 0.3971675634384155
2024-06-02 09:10:37,320 - Name: 3, Distance: 0.45146581530570984
2024-06-02 09:10:37,320 - Name: 16, Distance: 0.4940943121910095
2024-06-02 09:10:37,920 - 5 result:
2024-06-02 09:10:37,920 - Name: 31, Distance: 0.10210374742746353
2024-06-02 09:10:37,920 - Name: 23, Distance: 0.11169394105672836
2024-06-02 09:10:37,920 - Name: 43, Distance: 0.11966460198163986
2024-06-02 09:10:37,920 - Name: 43, Distance: 0.12380515784025192
2024-06-02 09:10:37,921 - Name: 23, Distance: 0.1271885633468628
2024-06-02 09:10:37,972 - 50 result:
2024-06-02 09:10:37,972 - Name: 10, Distance: 0.09111333638429642
2024-06-02 09:10:37,972 - Name: 5, Distance: 0.11490392684936523
2024-06-02 09:10:37,972 - Name: 22, Distance: 0.133346289396286
2024-06-02 09:10:37,972 - Name: 22, Distance: 0.1422431617975235
2024-06-02 09:10:37,972 - Name: 14, Distance: 0.19657306373119354
2024-06-02 09:10:38,022 - 51 result:
2024-06-02 09:10:38,022 - Name: 50, Distance: 0.27565622329711914
2024-06-02 09:10:38,023 - Name: 10, Distance: 0.281979501247406
2024-06-02 09:10:38,023 - Name: 31, Distance: 0.2887594401836395
2024-06-02 09:10:38,023 - Name: 50, Distance: 0.2963618338108063
2024-06-02 09:10:38,023 - Name: 23, Distance: 0.3222897946834564
2024-06-02 09:10:38,271 - 52 result:
2024-06-02 09:10:38,271 - Name: 3, Distance: 0.5306971073150635
2024-06-02 09:10:38,271 - Name: 2, Distance: 0.5347387790679932
2024-06-02 09:10:38,271 - Name: 3, Distance: 0.550149142742157
2024-06-02 09:10:38,271 - Name: 52, Distance: 0.5658249258995056
2024-06-02 09:10:38,271 - Name: 4, Distance: 0.5763049721717834
2024-06-02 09:10:38,671 - 53 result:
2024-06-02 09:10:38,671 - Name: 58, Distance: 0.06047900393605232
2024-06-02 09:10:38,671 - Name: 36, Distance: 0.07937507331371307
2024-06-02 09:10:38,671 - Name: 40, Distance: 0.11395931243896484
2024-06-02 09:10:38,671 - Name: 40, Distance: 0.12301768362522125
2024-06-02 09:10:38,671 - Name: 53, Distance: 0.14767494797706604
2024-06-02 09:10:38,921 - 54 result:
2024-06-02 09:10:38,921 - Name: 39, Distance: 0.4317411184310913
2024-06-02 09:10:38,921 - Name: 40, Distance: 0.4427597224712372
2024-06-02 09:10:38,921 - Name: 52, Distance: 0.46606042981147766
2024-06-02 09:10:38,921 - Name: 56, Distance: 0.4726569950580597
2024-06-02 09:10:38,921 - Name: 2, Distance: 0.47911983728408813
2024-06-02 09:10:38,975 - 55 result:
2024-06-02 09:10:38,975 - Name: 52, Distance: 0.12371858209371567
2024-06-02 09:10:38,975 - Name: 2, Distance: 0.1414627879858017
2024-06-02 09:10:38,975 - Name: 39, Distance: 0.15116924047470093
2024-06-02 09:10:38,975 - Name: 39, Distance: 0.2023611217737198
2024-06-02 09:10:38,975 - Name: 56, Distance: 0.22121617197990417
2024-06-02 09:10:39,202 - 56 result:
2024-06-02 09:10:39,202 - Name: 59, Distance: 0.06525667011737823
2024-06-02 09:10:39,202 - Name: 58, Distance: 0.08895663172006607
2024-06-02 09:10:39,202 - Name: 53, Distance: 0.10291142016649246
2024-06-02 09:10:39,202 - Name: 46, Distance: 0.1045374646782875
2024-06-02 09:10:39,202 - Name: 40, Distance: 0.12509791553020477
2024-06-02 09:10:39,267 - 57 result:
2024-06-02 09:10:39,267 - Name: 55, Distance: 0.3568567633628845
2024-06-02 09:10:39,267 - Name: 38, Distance: 0.406756728887558
2024-06-02 09:10:39,267 - Name: 55, Distance: 0.43268027901649475
2024-06-02 09:10:39,267 - Name: 38, Distance: 0.4556580185890198
2024-06-02 09:10:39,267 - Name: 54, Distance: 0.511820375919342
2024-06-02 09:10:39,312 - 58 result:
2024-06-02 09:10:39,312 - Name: 58, Distance: 0.05177935212850571
2024-06-02 09:10:39,312 - Name: 53, Distance: 0.054877206683158875
2024-06-02 09:10:39,312 - Name: 40, Distance: 0.05662421137094498
2024-06-02 09:10:39,312 - Name: 46, Distance: 0.05684604123234749
2024-06-02 09:10:39,312 - Name: 58, Distance: 0.0666317418217659
2024-06-02 09:10:39,904 - 59 result:
2024-06-02 09:10:39,904 - Name: 1, Distance: 0.06398893892765045
2024-06-02 09:10:39,904 - Name: 47, Distance: 0.09564405679702759
2024-06-02 09:10:39,904 - Name: 1, Distance: 0.10318891704082489
2024-06-02 09:10:39,905 - Name: 1, Distance: 0.13465173542499542
2024-06-02 09:10:39,905 - Name: 20, Distance: 0.19495274126529694
2024-06-02 09:10:39,968 - 6 result:
2024-06-02 09:10:39,968 - Name: 16, Distance: 0.07988360524177551
2024-06-02 09:10:39,968 - Name: 19, Distance: 0.18437160551548004
2024-06-02 09:10:39,968 - Name: 16, Distance: 0.19517092406749725
2024-06-02 09:10:39,968 - Name: 3, Distance: 0.21027931571006775
2024-06-02 09:10:39,968 - Name: 28, Distance: 0.2118895798921585
2024-06-02 09:10:40,020 - 7 result:
2024-06-02 09:10:40,020 - Name: 34, Distance: 0.06912359595298767
2024-06-02 09:10:40,020 - Name: 30, Distance: 0.145013228058815
2024-06-02 09:10:40,020 - Name: 12, Distance: 0.20317713916301727
2024-06-02 09:10:40,020 - Name: 13, Distance: 0.21629862487316132
2024-06-02 09:10:40,020 - Name: 34, Distance: 0.22105903923511505
2024-06-02 09:10:40,062 - 8 result:
2024-06-02 09:10:40,062 - Name: 16, Distance: 0.06839083135128021
2024-06-02 09:10:40,062 - Name: 28, Distance: 0.09989435970783234
2024-06-02 09:10:40,062 - Name: 19, Distance: 0.11651287227869034
2024-06-02 09:10:40,062 - Name: 16, Distance: 0.15312625467777252
2024-06-02 09:10:40,062 - Name: 25, Distance: 0.19770944118499756
2024-06-02 09:10:40,300 - 9 result:
2024-06-02 09:10:40,300 - Name: 33, Distance: 0.1604483425617218
2024-06-02 09:10:40,300 - Name: 33, Distance: 0.20372427999973297
2024-06-02 09:10:40,301 - Name: 33, Distance: 0.20709478855133057
2024-06-02 09:10:40,301 - Name: 17, Distance: 0.2137443572282791
2024-06-02 09:10:40,301 - Name: 11, Distance: 0.21446144580841064
2024-06-02 09:10:40,389 - Total samples: 58
2024-06-02 09:10:40,389 - Correct predictions: 12
2024-06-02 09:10:40,390 - Incorrect predictions: 46
2024-06-02 09:10:40,390 - Accuracy: 20.69%
2024-06-02 09:10:40,390 - Correctly predicted classes:
2024-06-02 09:10:40,390 - 31: 1
2024-06-02 09:10:40,390 - 10: 1
2024-06-02 09:10:40,390 - 27: 1
2024-06-02 09:10:40,390 - 3: 1
2024-06-02 09:10:40,390 - 53: 1
2024-06-02 09:10:40,391 - 33: 1
2024-06-02 09:10:40,391 - 52: 1
2024-06-02 09:10:40,391 - 2: 1
2024-06-02 09:10:40,391 - 58: 1
2024-06-02 09:10:40,391 - 16: 1
2024-06-02 09:10:40,391 - 13: 1
2024-06-02 09:10:40,391 - 19: 1
2024-06-02 09:10:40,391 - Incorrectly predicted classes:
2024-06-02 09:10:40,391 - 51: 1
2024-06-02 09:10:40,392 - 35: 1
2024-06-02 09:10:40,392 - 5: 1
2024-06-02 09:10:40,392 - 59: 1
2024-06-02 09:10:40,392 - 17: 1
2024-06-02 09:10:40,392 - 14: 1
2024-06-02 09:10:40,392 - 12: 1
2024-06-02 09:10:40,392 - 28: 1
2024-06-02 09:10:40,392 - 9: 1
2024-06-02 09:10:40,392 - 46: 1
2024-06-02 09:10:40,392 - 25: 1
2024-06-02 09:10:40,393 - 47: 1
2024-06-02 09:10:40,393 - 57: 1
2024-06-02 09:10:40,393 - 18: 1
2024-06-02 09:10:40,393 - 30: 1
2024-06-02 09:10:40,393 - 4: 1
2024-06-02 09:10:40,393 - 24: 1
2024-06-02 09:10:40,393 - 20: 1
2024-06-02 09:10:40,393 - 26: 1
2024-06-02 09:10:40,393 - 40: 1
2024-06-02 09:10:40,394 - 1: 1
2024-06-02 09:10:40,394 - 39: 1
2024-06-02 09:10:40,394 - 8: 1
2024-06-02 09:10:40,394 - 7: 1
2024-06-02 09:10:40,394 - 56: 1
2024-06-02 09:10:40,394 - 55: 1
2024-06-02 09:10:40,394 - 50: 1
2024-06-02 09:10:40,394 - 11: 1
2024-06-02 09:10:40,395 - 32: 1
2024-06-02 09:10:40,395 - 44: 1
2024-06-02 09:10:40,395 - 6: 1
2024-06-02 09:10:40,395 - 23: 1
2024-06-02 09:10:40,395 - 37: 1
2024-06-02 09:10:40,395 - 48: 1
2024-06-02 09:10:40,395 - 38: 1
2024-06-02 09:10:40,395 - 41: 1
2024-06-02 09:10:40,395 - 45: 1
2024-06-02 09:10:40,396 - 0: 1
2024-06-02 09:10:40,396 - 36: 1
2024-06-02 09:10:40,396 - 54: 1
2024-06-02 09:10:40,396 - 15: 1
2024-06-02 09:10:40,396 - 21: 1
2024-06-02 09:10:40,396 - 29: 1
2024-06-02 09:10:40,396 - 42: 1
2024-06-02 09:10:40,396 - 34: 1
2024-06-02 09:10:40,396 - 22: 1
