2024-06-02 09:53:09,663 - test_dir : ./Face_Dataset/Test
2024-06-02 09:53:09,663 - pretrained : work_dir/FaceNet_finetuning_Random_Batch_L2SP_30_32/FaceNet_finetuning_Random_Batch_L2SP_30_32_deepfake.pth
2024-06-02 09:53:09,663 - model_name : FaceNet_finetuning_Random_Batch_L2SP
2024-06-02 09:54:00,702 - 0 result:
2024-06-02 09:54:00,702 - Name: 1, Distance: 0.19830414652824402
2024-06-02 09:54:00,702 - Name: 0, Distance: 0.2546849846839905
2024-06-02 09:54:00,703 - Name: 1, Distance: 0.3469764292240143
2024-06-02 09:54:00,703 - Name: 0, Distance: 0.3480693995952606
2024-06-02 09:54:00,703 - Name: 39, Distance: 0.38235244154930115
2024-06-02 09:54:00,757 - 1 result:
2024-06-02 09:54:00,757 - Name: 29, Distance: 0.22914789617061615
2024-06-02 09:54:00,758 - Name: 56, Distance: 0.2590291202068329
2024-06-02 09:54:00,758 - Name: 56, Distance: 0.2622588276863098
2024-06-02 09:54:00,758 - Name: 19, Distance: 0.2808356285095215
2024-06-02 09:54:00,758 - Name: 29, Distance: 0.28146496415138245
2024-06-02 09:54:00,988 - 10 result:
2024-06-02 09:54:00,988 - Name: 21, Distance: 0.32370924949645996
2024-06-02 09:54:00,989 - Name: 10, Distance: 0.3393530249595642
2024-06-02 09:54:00,989 - Name: 10, Distance: 0.36052995920181274
2024-06-02 09:54:00,989 - Name: 32, Distance: 0.3740546703338623
2024-06-02 09:54:00,989 - Name: 10, Distance: 0.40231525897979736
2024-06-02 09:54:01,586 - 11 result:
2024-06-02 09:54:01,586 - Name: 19, Distance: 0.2606092393398285
2024-06-02 09:54:01,586 - Name: 56, Distance: 0.2623233497142792
2024-06-02 09:54:01,586 - Name: 29, Distance: 0.31562966108322144
2024-06-02 09:54:01,587 - Name: 56, Distance: 0.3887440264225006
2024-06-02 09:54:01,587 - Name: 29, Distance: 0.4078782796859741
2024-06-02 09:54:01,672 - 12 result:
2024-06-02 09:54:01,673 - Name: 7, Distance: 0.09508605301380157
2024-06-02 09:54:01,673 - Name: 25, Distance: 0.1397712230682373
2024-06-02 09:54:01,673 - Name: 7, Distance: 0.1779744178056717
2024-06-02 09:54:01,673 - Name: 25, Distance: 0.1796092391014099
2024-06-02 09:54:01,673 - Name: 25, Distance: 0.30313852429389954
2024-06-02 09:54:01,728 - 13 result:
2024-06-02 09:54:01,729 - Name: 13, Distance: 0.0
2024-06-02 09:54:01,729 - Name: 17, Distance: 0.054759681224823
2024-06-02 09:54:01,729 - Name: 34, Distance: 0.11343780159950256
2024-06-02 09:54:01,729 - Name: 34, Distance: 0.11451956629753113
2024-06-02 09:54:01,729 - Name: 18, Distance: 0.11499042063951492
2024-06-02 09:54:01,955 - 14 result:
2024-06-02 09:54:01,956 - Name: 10, Distance: 0.20948109030723572
2024-06-02 09:54:01,956 - Name: 10, Distance: 0.22249288856983185
2024-06-02 09:54:01,956 - Name: 32, Distance: 0.2236758917570114
2024-06-02 09:54:01,956 - Name: 10, Distance: 0.29517826437950134
2024-06-02 09:54:01,956 - Name: 21, Distance: 0.3015673756599426
2024-06-02 09:54:02,017 - 15 result:
2024-06-02 09:54:02,017 - Name: 25, Distance: 0.2294492870569229
2024-06-02 09:54:02,017 - Name: 8, Distance: 0.26763537526130676
2024-06-02 09:54:02,017 - Name: 8, Distance: 0.2897992432117462
2024-06-02 09:54:02,017 - Name: 7, Distance: 0.29039663076400757
2024-06-02 09:54:02,017 - Name: 16, Distance: 0.3044861853122711
2024-06-02 09:54:02,089 - 16 result:
2024-06-02 09:54:02,089 - Name: 7, Distance: 0.09370892494916916
2024-06-02 09:54:02,089 - Name: 7, Distance: 0.13664071261882782
2024-06-02 09:54:02,089 - Name: 25, Distance: 0.13822731375694275
2024-06-02 09:54:02,089 - Name: 25, Distance: 0.18563418090343475
2024-06-02 09:54:02,089 - Name: 25, Distance: 0.20521321892738342
2024-06-02 09:54:02,729 - 17 result:
2024-06-02 09:54:02,729 - Name: 32, Distance: 0.10017010569572449
2024-06-02 09:54:02,729 - Name: 17, Distance: 0.11026950180530548
2024-06-02 09:54:02,729 - Name: 31, Distance: 0.12971234321594238
2024-06-02 09:54:02,729 - Name: 32, Distance: 0.13596291840076447
2024-06-02 09:54:02,729 - Name: 31, Distance: 0.1380840539932251
2024-06-02 09:54:02,784 - 18 result:
2024-06-02 09:54:02,784 - Name: 22, Distance: 0.2171078622341156
2024-06-02 09:54:02,784 - Name: 14, Distance: 0.26825594902038574
2024-06-02 09:54:02,784 - Name: 10, Distance: 0.2719041407108307
2024-06-02 09:54:02,784 - Name: 34, Distance: 0.2974081337451935
2024-06-02 09:54:02,784 - Name: 22, Distance: 0.3048212230205536
2024-06-02 09:54:03,043 - 19 result:
2024-06-02 09:54:03,043 - Name: 19, Distance: 0.14305990934371948
2024-06-02 09:54:03,043 - Name: 4, Distance: 0.28121456503868103
2024-06-02 09:54:03,043 - Name: 29, Distance: 0.32414060831069946
2024-06-02 09:54:03,043 - Name: 4, Distance: 0.33823341131210327
2024-06-02 09:54:03,043 - Name: 30, Distance: 0.3419276773929596
2024-06-02 09:54:03,673 - 2 result:
2024-06-02 09:54:03,673 - Name: 2, Distance: 0.331191748380661
2024-06-02 09:54:03,673 - Name: 52, Distance: 0.368554949760437
2024-06-02 09:54:03,674 - Name: 2, Distance: 0.41107502579689026
2024-06-02 09:54:03,674 - Name: 52, Distance: 0.4164048731327057
2024-06-02 09:54:03,674 - Name: 1, Distance: 0.43703439831733704
2024-06-02 09:54:03,728 - 20 result:
2024-06-02 09:54:03,728 - Name: 15, Distance: 0.21649575233459473
2024-06-02 09:54:03,728 - Name: 8, Distance: 0.24307836592197418
2024-06-02 09:54:03,728 - Name: 28, Distance: 0.3047415316104889
2024-06-02 09:54:03,728 - Name: 15, Distance: 0.33916473388671875
2024-06-02 09:54:03,728 - Name: 8, Distance: 0.3501269817352295
2024-06-02 09:54:03,839 - 21 result:
2024-06-02 09:54:03,839 - Name: 50, Distance: 0.11998030543327332
2024-06-02 09:54:03,839 - Name: 50, Distance: 0.14307889342308044
2024-06-02 09:54:03,839 - Name: 10, Distance: 0.14432458579540253
2024-06-02 09:54:03,839 - Name: 43, Distance: 0.17535890638828278
2024-06-02 09:54:03,839 - Name: 5, Distance: 0.17948952317237854
2024-06-02 09:54:04,011 - 22 result:
2024-06-02 09:54:04,011 - Name: 34, Distance: 0.11260023713111877
2024-06-02 09:54:04,011 - Name: 11, Distance: 0.13225731253623962
2024-06-02 09:54:04,011 - Name: 13, Distance: 0.14281512796878815
2024-06-02 09:54:04,012 - Name: 33, Distance: 0.15450644493103027
2024-06-02 09:54:04,012 - Name: 14, Distance: 0.1735767275094986
2024-06-02 09:54:04,626 - 23 result:
2024-06-02 09:54:04,626 - Name: 13, Distance: 0.10420040786266327
2024-06-02 09:54:04,627 - Name: 34, Distance: 0.23165132105350494
2024-06-02 09:54:04,627 - Name: 11, Distance: 0.24254484474658966
2024-06-02 09:54:04,627 - Name: 14, Distance: 0.25635990500450134
2024-06-02 09:54:04,627 - Name: 33, Distance: 0.26103267073631287
2024-06-02 09:54:04,682 - 24 result:
2024-06-02 09:54:04,682 - Name: 26, Distance: 0.070362888276577
2024-06-02 09:54:04,682 - Name: 26, Distance: 0.17112921178340912
2024-06-02 09:54:04,682 - Name: 8, Distance: 0.3070146143436432
2024-06-02 09:54:04,682 - Name: 28, Distance: 0.3073265254497528
2024-06-02 09:54:04,682 - Name: 26, Distance: 0.3481799364089966
2024-06-02 09:54:04,737 - 25 result:
2024-06-02 09:54:04,737 - Name: 12, Distance: 0.15215888619422913
2024-06-02 09:54:04,737 - Name: 12, Distance: 0.26347067952156067
2024-06-02 09:54:04,737 - Name: 25, Distance: 0.31618213653564453
2024-06-02 09:54:04,737 - Name: 12, Distance: 0.3451487421989441
2024-06-02 09:54:04,737 - Name: 25, Distance: 0.39839595556259155
2024-06-02 09:54:04,969 - 26 result:
2024-06-02 09:54:04,969 - Name: 27, Distance: 0.05126598849892616
2024-06-02 09:54:04,969 - Name: 24, Distance: 0.07469519227743149
2024-06-02 09:54:04,969 - Name: 26, Distance: 0.07847356051206589
2024-06-02 09:54:04,969 - Name: 27, Distance: 0.0825599879026413
2024-06-02 09:54:04,969 - Name: 28, Distance: 0.08433597534894943
2024-06-02 09:54:05,603 - 27 result:
2024-06-02 09:54:05,604 - Name: 26, Distance: 0.1576181948184967
2024-06-02 09:54:05,604 - Name: 26, Distance: 0.23327311873435974
2024-06-02 09:54:05,604 - Name: 25, Distance: 0.4255121350288391
2024-06-02 09:54:05,604 - Name: 25, Distance: 0.44304734468460083
2024-06-02 09:54:05,604 - Name: 7, Distance: 0.4763442277908325
2024-06-02 09:54:05,657 - 28 result:
2024-06-02 09:54:05,657 - Name: 7, Distance: 0.20753037929534912
2024-06-02 09:54:05,657 - Name: 25, Distance: 0.33163127303123474
2024-06-02 09:54:05,657 - Name: 7, Distance: 0.36564329266548157
2024-06-02 09:54:05,657 - Name: 7, Distance: 0.4634862244129181
2024-06-02 09:54:05,657 - Name: 25, Distance: 0.46423640847206116
2024-06-02 09:54:05,885 - 29 result:
2024-06-02 09:54:05,885 - Name: 21, Distance: 0.5094897747039795
2024-06-02 09:54:05,885 - Name: 27, Distance: 0.517620861530304
2024-06-02 09:54:05,885 - Name: 21, Distance: 0.5246648192405701
2024-06-02 09:54:05,885 - Name: 21, Distance: 0.5280629992485046
2024-06-02 09:54:05,886 - Name: 28, Distance: 0.5389800667762756
2024-06-02 09:54:06,493 - 3 result:
2024-06-02 09:54:06,494 - Name: 2, Distance: 0.5127851963043213
2024-06-02 09:54:06,494 - Name: 56, Distance: 0.6793317794799805
2024-06-02 09:54:06,494 - Name: 20, Distance: 0.6937902569770813
2024-06-02 09:54:06,494 - Name: 2, Distance: 0.7028257846832275
2024-06-02 09:54:06,494 - Name: 20, Distance: 0.706126868724823
2024-06-02 09:54:06,591 - 30 result:
2024-06-02 09:54:06,591 - Name: 28, Distance: 0.10736608505249023
2024-06-02 09:54:06,591 - Name: 15, Distance: 0.1529574692249298
2024-06-02 09:54:06,591 - Name: 8, Distance: 0.18722547590732574
2024-06-02 09:54:06,591 - Name: 8, Distance: 0.2302931249141693
2024-06-02 09:54:06,591 - Name: 8, Distance: 0.23123614490032196
2024-06-02 09:54:06,645 - 31 result:
2024-06-02 09:54:06,645 - Name: 32, Distance: 0.07920622825622559
2024-06-02 09:54:06,645 - Name: 10, Distance: 0.13834258913993835
2024-06-02 09:54:06,645 - Name: 10, Distance: 0.14855289459228516
2024-06-02 09:54:06,645 - Name: 50, Distance: 0.2084016054868698
2024-06-02 09:54:06,645 - Name: 50, Distance: 0.2631562352180481
2024-06-02 09:54:06,901 - 32 result:
2024-06-02 09:54:06,901 - Name: 39, Distance: 0.5403353571891785
2024-06-02 09:54:06,901 - Name: 40, Distance: 0.549515962600708
2024-06-02 09:54:06,901 - Name: 39, Distance: 0.5751515626907349
2024-06-02 09:54:06,902 - Name: 40, Distance: 0.5981389284133911
2024-06-02 09:54:06,902 - Name: 39, Distance: 0.6086072325706482
2024-06-02 09:54:07,872 - 33 result:
2024-06-02 09:54:07,872 - Name: 17, Distance: 0.14239384233951569
2024-06-02 09:54:07,872 - Name: 13, Distance: 0.1538718044757843
2024-06-02 09:54:07,872 - Name: 34, Distance: 0.16301441192626953
2024-06-02 09:54:07,872 - Name: 18, Distance: 0.1670902520418167
2024-06-02 09:54:07,872 - Name: 17, Distance: 0.1699344664812088
2024-06-02 09:54:08,453 - 34 result:
2024-06-02 09:54:08,453 - Name: 12, Distance: 0.2597412168979645
2024-06-02 09:54:08,453 - Name: 12, Distance: 0.2835451364517212
2024-06-02 09:54:08,453 - Name: 12, Distance: 0.39390426874160767
2024-06-02 09:54:08,453 - Name: 13, Distance: 0.4874916672706604
2024-06-02 09:54:08,453 - Name: 14, Distance: 0.507720410823822
2024-06-02 09:54:08,533 - 35 result:
2024-06-02 09:54:08,533 - Name: 58, Distance: 0.17699913680553436
2024-06-02 09:54:08,533 - Name: 59, Distance: 0.22844728827476501
2024-06-02 09:54:08,533 - Name: 37, Distance: 0.23094820976257324
2024-06-02 09:54:08,533 - Name: 58, Distance: 0.25500544905662537
2024-06-02 09:54:08,534 - Name: 0, Distance: 0.26488882303237915
2024-06-02 09:54:08,587 - 36 result:
2024-06-02 09:54:08,587 - Name: 28, Distance: 0.20040088891983032
2024-06-02 09:54:08,587 - Name: 28, Distance: 0.2038709819316864
2024-06-02 09:54:08,587 - Name: 26, Distance: 0.2065906524658203
2024-06-02 09:54:08,587 - Name: 24, Distance: 0.21469268202781677
2024-06-02 09:54:08,587 - Name: 28, Distance: 0.22014620900154114
2024-06-02 09:54:08,831 - 37 result:
2024-06-02 09:54:08,831 - Name: 16, Distance: 0.18160176277160645
2024-06-02 09:54:08,831 - Name: 16, Distance: 0.19081509113311768
2024-06-02 09:54:08,831 - Name: 3, Distance: 0.1953120231628418
2024-06-02 09:54:08,831 - Name: 16, Distance: 0.21406756341457367
2024-06-02 09:54:08,831 - Name: 20, Distance: 0.27352020144462585
2024-06-02 09:54:09,437 - 38 result:
2024-06-02 09:54:09,437 - Name: 10, Distance: 0.08931382745504379
2024-06-02 09:54:09,438 - Name: 32, Distance: 0.142537921667099
2024-06-02 09:54:09,438 - Name: 10, Distance: 0.20614367723464966
2024-06-02 09:54:09,438 - Name: 10, Distance: 0.2666145861148834
2024-06-02 09:54:09,438 - Name: 31, Distance: 0.2999143898487091
2024-06-02 09:54:09,492 - 39 result:
2024-06-02 09:54:09,493 - Name: 37, Distance: 0.11859889328479767
2024-06-02 09:54:09,493 - Name: 36, Distance: 0.12450513988733292
2024-06-02 09:54:09,493 - Name: 35, Distance: 0.15289805829524994
2024-06-02 09:54:09,493 - Name: 44, Distance: 0.15356799960136414
2024-06-02 09:54:09,493 - Name: 59, Distance: 0.17891286313533783
2024-06-02 09:54:09,546 - 4 result:
2024-06-02 09:54:09,546 - Name: 7, Distance: 0.4050556719303131
2024-06-02 09:54:09,546 - Name: 25, Distance: 0.4194134473800659
2024-06-02 09:54:09,546 - Name: 7, Distance: 0.45735204219818115
2024-06-02 09:54:09,546 - Name: 12, Distance: 0.47054168581962585
2024-06-02 09:54:09,546 - Name: 12, Distance: 0.47480806708335876
2024-06-02 09:54:09,778 - 40 result:
2024-06-02 09:54:09,778 - Name: 0, Distance: 0.5501335859298706
2024-06-02 09:54:09,778 - Name: 35, Distance: 0.6363074779510498
2024-06-02 09:54:09,778 - Name: 59, Distance: 0.6811525225639343
2024-06-02 09:54:09,779 - Name: 37, Distance: 0.6880378723144531
2024-06-02 09:54:09,779 - Name: 58, Distance: 0.6881470680236816
2024-06-02 09:54:10,361 - 41 result:
2024-06-02 09:54:10,361 - Name: 56, Distance: 0.21168918907642365
2024-06-02 09:54:10,361 - Name: 19, Distance: 0.2869844138622284
2024-06-02 09:54:10,361 - Name: 29, Distance: 0.3010942041873932
2024-06-02 09:54:10,361 - Name: 56, Distance: 0.35772067308425903
2024-06-02 09:54:10,361 - Name: 29, Distance: 0.41257041692733765
2024-06-02 09:54:10,456 - 42 result:
2024-06-02 09:54:10,456 - Name: 48, Distance: 0.6284034848213196
2024-06-02 09:54:10,457 - Name: 48, Distance: 0.640214741230011
2024-06-02 09:54:10,457 - Name: 48, Distance: 0.6701297760009766
2024-06-02 09:54:10,457 - Name: 23, Distance: 0.709091067314148
2024-06-02 09:54:10,457 - Name: 44, Distance: 0.7666577696800232
2024-06-02 09:54:10,507 - 44 result:
2024-06-02 09:54:10,507 - Name: 1, Distance: 0.05586592108011246
2024-06-02 09:54:10,507 - Name: 52, Distance: 0.15438660979270935
2024-06-02 09:54:10,507 - Name: 52, Distance: 0.20699118077754974
2024-06-02 09:54:10,508 - Name: 42, Distance: 0.20790359377861023
2024-06-02 09:54:10,508 - Name: 2, Distance: 0.21255908906459808
2024-06-02 09:54:10,560 - 45 result:
2024-06-02 09:54:10,560 - Name: 41, Distance: 0.09573135524988174
2024-06-02 09:54:10,560 - Name: 51, Distance: 0.09717347472906113
2024-06-02 09:54:10,561 - Name: 41, Distance: 0.11393178254365921
2024-06-02 09:54:10,561 - Name: 53, Distance: 0.13110700249671936
2024-06-02 09:54:10,561 - Name: 51, Distance: 0.18917639553546906
2024-06-02 09:54:10,795 - 46 result:
2024-06-02 09:54:10,795 - Name: 58, Distance: 0.15430176258087158
2024-06-02 09:54:10,795 - Name: 59, Distance: 0.21778668463230133
2024-06-02 09:54:10,795 - Name: 37, Distance: 0.2550787925720215
2024-06-02 09:54:10,795 - Name: 58, Distance: 0.2621988356113434
2024-06-02 09:54:10,795 - Name: 37, Distance: 0.28097519278526306
2024-06-02 09:54:11,419 - 47 result:
2024-06-02 09:54:11,419 - Name: 1, Distance: 0.1918078362941742
2024-06-02 09:54:11,419 - Name: 1, Distance: 0.26051974296569824
2024-06-02 09:54:11,419 - Name: 52, Distance: 0.35610201954841614
2024-06-02 09:54:11,419 - Name: 2, Distance: 0.37823280692100525
2024-06-02 09:54:11,419 - Name: 52, Distance: 0.39166581630706787
2024-06-02 09:54:11,471 - 48 result:
2024-06-02 09:54:11,471 - Name: 56, Distance: 0.23057137429714203
2024-06-02 09:54:11,471 - Name: 29, Distance: 0.2413199245929718
2024-06-02 09:54:11,471 - Name: 56, Distance: 0.2639250159263611
2024-06-02 09:54:11,471 - Name: 2, Distance: 0.26560136675834656
2024-06-02 09:54:11,471 - Name: 29, Distance: 0.30265724658966064
2024-06-02 09:54:11,709 - 5 result:
2024-06-02 09:54:11,709 - Name: 21, Distance: 0.20668336749076843
2024-06-02 09:54:11,709 - Name: 21, Distance: 0.2796396017074585
2024-06-02 09:54:11,709 - Name: 5, Distance: 0.3194689452648163
2024-06-02 09:54:11,709 - Name: 21, Distance: 0.32191500067710876
2024-06-02 09:54:11,709 - Name: 5, Distance: 0.34350037574768066
2024-06-02 09:54:12,332 - 50 result:
2024-06-02 09:54:12,332 - Name: 32, Distance: 0.1862708032131195
2024-06-02 09:54:12,333 - Name: 32, Distance: 0.20346355438232422
2024-06-02 09:54:12,333 - Name: 11, Distance: 0.20392291247844696
2024-06-02 09:54:12,333 - Name: 31, Distance: 0.20525318384170532
2024-06-02 09:54:12,333 - Name: 22, Distance: 0.21133078634738922
2024-06-02 09:54:12,401 - 51 result:
2024-06-02 09:54:12,401 - Name: 43, Distance: 0.10118404030799866
2024-06-02 09:54:12,401 - Name: 50, Distance: 0.20471452176570892
2024-06-02 09:54:12,402 - Name: 43, Distance: 0.22128593921661377
2024-06-02 09:54:12,402 - Name: 23, Distance: 0.2692955434322357
2024-06-02 09:54:12,402 - Name: 23, Distance: 0.3156353235244751
2024-06-02 09:54:12,456 - 52 result:
2024-06-02 09:54:12,457 - Name: 0, Distance: 0.6055731177330017
2024-06-02 09:54:12,457 - Name: 35, Distance: 0.6492481827735901
2024-06-02 09:54:12,457 - Name: 58, Distance: 0.6709418892860413
2024-06-02 09:54:12,457 - Name: 59, Distance: 0.6796504259109497
2024-06-02 09:54:12,457 - Name: 41, Distance: 0.6983145475387573
2024-06-02 09:54:12,689 - 53 result:
2024-06-02 09:54:12,690 - Name: 44, Distance: 0.11423367261886597
2024-06-02 09:54:12,690 - Name: 47, Distance: 0.12393197417259216
2024-06-02 09:54:12,690 - Name: 59, Distance: 0.14105211198329926
2024-06-02 09:54:12,690 - Name: 40, Distance: 0.17454378306865692
2024-06-02 09:54:12,690 - Name: 36, Distance: 0.18755605816841125
2024-06-02 09:54:13,321 - 54 result:
2024-06-02 09:54:13,321 - Name: 41, Distance: 0.42884042859077454
2024-06-02 09:54:13,322 - Name: 46, Distance: 0.45937737822532654
2024-06-02 09:54:13,322 - Name: 53, Distance: 0.4598402976989746
2024-06-02 09:54:13,322 - Name: 41, Distance: 0.4629521369934082
2024-06-02 09:54:13,322 - Name: 58, Distance: 0.4714144468307495
2024-06-02 09:54:13,373 - 55 result:
2024-06-02 09:54:13,373 - Name: 27, Distance: 0.27068597078323364
2024-06-02 09:54:13,374 - Name: 24, Distance: 0.308040589094162
2024-06-02 09:54:13,374 - Name: 27, Distance: 0.37958967685699463
2024-06-02 09:54:13,374 - Name: 27, Distance: 0.3955998718738556
2024-06-02 09:54:13,374 - Name: 24, Distance: 0.46320223808288574
2024-06-02 09:54:13,426 - 56 result:
2024-06-02 09:54:13,426 - Name: 35, Distance: 0.45883652567863464
2024-06-02 09:54:13,426 - Name: 0, Distance: 0.4698891341686249
2024-06-02 09:54:13,426 - Name: 58, Distance: 0.4851938486099243
2024-06-02 09:54:13,426 - Name: 41, Distance: 0.4970048666000366
2024-06-02 09:54:13,426 - Name: 53, Distance: 0.5379535555839539
2024-06-02 09:54:13,661 - 57 result:
2024-06-02 09:54:13,661 - Name: 40, Distance: 0.13250669836997986
2024-06-02 09:54:13,661 - Name: 36, Distance: 0.163376584649086
2024-06-02 09:54:13,661 - Name: 59, Distance: 0.2396862655878067
2024-06-02 09:54:13,661 - Name: 40, Distance: 0.24778896570205688
2024-06-02 09:54:13,661 - Name: 44, Distance: 0.271261602640152
2024-06-02 09:54:14,291 - 58 result:
2024-06-02 09:54:14,291 - Name: 1, Distance: 0.10217171162366867
2024-06-02 09:54:14,291 - Name: 1, Distance: 0.2540677487850189
2024-06-02 09:54:14,292 - Name: 52, Distance: 0.35772112011909485
2024-06-02 09:54:14,292 - Name: 39, Distance: 0.3743956387042999
2024-06-02 09:54:14,292 - Name: 0, Distance: 0.403056800365448
2024-06-02 09:54:14,347 - 59 result:
2024-06-02 09:54:14,347 - Name: 35, Distance: 0.19832995533943176
2024-06-02 09:54:14,347 - Name: 0, Distance: 0.2588536739349365
2024-06-02 09:54:14,347 - Name: 1, Distance: 0.43454790115356445
2024-06-02 09:54:14,347 - Name: 37, Distance: 0.484409898519516
2024-06-02 09:54:14,347 - Name: 0, Distance: 0.5649349689483643
2024-06-02 09:54:14,595 - 6 result:
2024-06-02 09:54:14,595 - Name: 12, Distance: 0.34249764680862427
2024-06-02 09:54:14,595 - Name: 25, Distance: 0.37450164556503296
2024-06-02 09:54:14,595 - Name: 25, Distance: 0.3967975676059723
2024-06-02 09:54:14,596 - Name: 26, Distance: 0.4126449227333069
2024-06-02 09:54:14,596 - Name: 7, Distance: 0.41712552309036255
2024-06-02 09:54:15,182 - 7 result:
2024-06-02 09:54:15,182 - Name: 25, Distance: 0.12566041946411133
2024-06-02 09:54:15,182 - Name: 7, Distance: 0.20077604055404663
2024-06-02 09:54:15,182 - Name: 7, Distance: 0.23425263166427612
2024-06-02 09:54:15,182 - Name: 25, Distance: 0.27764901518821716
2024-06-02 09:54:15,182 - Name: 12, Distance: 0.31602561473846436
2024-06-02 09:54:15,271 - 8 result:
2024-06-02 09:54:15,271 - Name: 25, Distance: 0.2073781043291092
2024-06-02 09:54:15,271 - Name: 8, Distance: 0.2499944269657135
2024-06-02 09:54:15,271 - Name: 7, Distance: 0.27220743894577026
2024-06-02 09:54:15,271 - Name: 8, Distance: 0.3054783046245575
2024-06-02 09:54:15,271 - Name: 26, Distance: 0.31905311346054077
2024-06-02 09:54:15,709 - 9 result:
2024-06-02 09:54:15,709 - Name: 19, Distance: 0.25017407536506653
2024-06-02 09:54:15,709 - Name: 4, Distance: 0.3360196053981781
2024-06-02 09:54:15,709 - Name: 29, Distance: 0.3639560341835022
2024-06-02 09:54:15,709 - Name: 19, Distance: 0.3708111047744751
2024-06-02 09:54:15,709 - Name: 4, Distance: 0.3711565434932709
2024-06-02 09:54:15,815 - Total samples: 58
2024-06-02 09:54:15,815 - Correct predictions: 11
2024-06-02 09:54:15,815 - Incorrect predictions: 47
2024-06-02 09:54:15,815 - Accuracy: 18.97%
2024-06-02 09:54:15,815 - Correctly predicted classes:
2024-06-02 09:54:15,815 - 19: 1
2024-06-02 09:54:15,815 - 10: 1
2024-06-02 09:54:15,815 - 7: 1
2024-06-02 09:54:15,816 - 13: 1
2024-06-02 09:54:15,816 - 0: 1
2024-06-02 09:54:15,816 - 25: 1
2024-06-02 09:54:15,816 - 26: 1
2024-06-02 09:54:15,816 - 8: 1
2024-06-02 09:54:15,816 - 17: 1
2024-06-02 09:54:15,816 - 2: 1
2024-06-02 09:54:15,816 - 5: 1
2024-06-02 09:54:15,816 - Incorrectly predicted classes:
2024-06-02 09:54:15,816 - 27: 1
2024-06-02 09:54:15,816 - 36: 1
2024-06-02 09:54:15,816 - 6: 1
2024-06-02 09:54:15,817 - 42: 1
2024-06-02 09:54:15,817 - 52: 1
2024-06-02 09:54:15,817 - 38: 1
2024-06-02 09:54:15,817 - 53: 1
2024-06-02 09:54:15,817 - 46: 1
2024-06-02 09:54:15,817 - 57: 1
2024-06-02 09:54:15,817 - 11: 1
2024-06-02 09:54:15,817 - 33: 1
2024-06-02 09:54:15,817 - 40: 1
2024-06-02 09:54:15,817 - 24: 1
2024-06-02 09:54:15,817 - 9: 1
2024-06-02 09:54:15,818 - 32: 1
2024-06-02 09:54:15,818 - 18: 1
2024-06-02 09:54:15,818 - 37: 1
2024-06-02 09:54:15,818 - 54: 1
2024-06-02 09:54:15,818 - 56: 1
2024-06-02 09:54:15,818 - 59: 1
2024-06-02 09:54:15,818 - 34: 1
2024-06-02 09:54:15,818 - 50: 1
2024-06-02 09:54:15,818 - 28: 1
2024-06-02 09:54:15,819 - 20: 1
2024-06-02 09:54:15,819 - 3: 1
2024-06-02 09:54:15,819 - 58: 1
2024-06-02 09:54:15,819 - 14: 1
2024-06-02 09:54:15,819 - 31: 1
2024-06-02 09:54:15,819 - 35: 1
2024-06-02 09:54:15,819 - 30: 1
2024-06-02 09:54:15,819 - 12: 1
2024-06-02 09:54:15,819 - 4: 1
2024-06-02 09:54:15,820 - 29: 1
2024-06-02 09:54:15,820 - 48: 1
2024-06-02 09:54:15,820 - 15: 1
2024-06-02 09:54:15,820 - 21: 1
2024-06-02 09:54:15,820 - 45: 1
2024-06-02 09:54:15,820 - 55: 1
2024-06-02 09:54:15,820 - 22: 1
2024-06-02 09:54:15,820 - 16: 1
2024-06-02 09:54:15,820 - 41: 1
2024-06-02 09:54:15,820 - 51: 1
2024-06-02 09:54:15,821 - 1: 1
2024-06-02 09:54:15,821 - 39: 1
2024-06-02 09:54:15,821 - 44: 1
2024-06-02 09:54:15,821 - 47: 1
2024-06-02 09:54:15,821 - 23: 1
