2024-06-02 08:38:46,039 - test_dir : ./Face_Dataset/Test
2024-06-02 08:38:46,039 - pretrained : work_dir/FaceNet_finetuning_Random_Batch_RandReg_20_32/FaceNet_finetuning_Random_Batch_RandReg_20_32_deepfake.pth
2024-06-02 08:38:46,039 - model_name : FaceNet_finetuning_Random_Batch_RandReg
2024-06-02 08:39:38,024 - 0 result:
2024-06-02 08:39:38,025 - Name: 0, Distance: 0.1440155804157257
2024-06-02 08:39:38,025 - Name: 36, Distance: 0.1440359503030777
2024-06-02 08:39:38,025 - Name: 47, Distance: 0.16540004312992096
2024-06-02 08:39:38,025 - Name: 0, Distance: 0.16890966892242432
2024-06-02 08:39:38,025 - Name: 41, Distance: 0.18078899383544922
2024-06-02 08:39:38,079 - 1 result:
2024-06-02 08:39:38,079 - Name: 3, Distance: 0.4055536687374115
2024-06-02 08:39:38,079 - Name: 3, Distance: 0.53902268409729
2024-06-02 08:39:38,079 - Name: 45, Distance: 0.6571096777915955
2024-06-02 08:39:38,079 - Name: 30, Distance: 0.6814464330673218
2024-06-02 08:39:38,079 - Name: 19, Distance: 0.6817799210548401
2024-06-02 08:39:38,131 - 10 result:
2024-06-02 08:39:38,131 - Name: 5, Distance: 0.055953770875930786
2024-06-02 08:39:38,131 - Name: 5, Distance: 0.08092374354600906
2024-06-02 08:39:38,131 - Name: 17, Distance: 0.11008257418870926
2024-06-02 08:39:38,131 - Name: 18, Distance: 0.11943439394235611
2024-06-02 08:39:38,131 - Name: 33, Distance: 0.13601499795913696
2024-06-02 08:39:38,359 - 11 result:
2024-06-02 08:39:38,359 - Name: 42, Distance: 0.13394111394882202
2024-06-02 08:39:38,359 - Name: 30, Distance: 0.534362256526947
2024-06-02 08:39:38,359 - Name: 30, Distance: 0.5388821959495544
2024-06-02 08:39:38,359 - Name: 34, Distance: 0.5561952590942383
2024-06-02 08:39:38,359 - Name: 19, Distance: 0.5675374865531921
2024-06-02 08:39:38,962 - 12 result:
2024-06-02 08:39:38,962 - Name: 13, Distance: 0.10667169839143753
2024-06-02 08:39:38,962 - Name: 29, Distance: 0.12878131866455078
2024-06-02 08:39:38,962 - Name: 12, Distance: 0.13999125361442566
2024-06-02 08:39:38,963 - Name: 15, Distance: 0.15262892842292786
2024-06-02 08:39:38,963 - Name: 11, Distance: 0.21044883131980896
2024-06-02 08:39:39,020 - 13 result:
2024-06-02 08:39:39,020 - Name: 13, Distance: 0.0
2024-06-02 08:39:39,020 - Name: 18, Distance: 0.08088502287864685
2024-06-02 08:39:39,020 - Name: 17, Distance: 0.09942889958620071
2024-06-02 08:39:39,020 - Name: 32, Distance: 0.10278436541557312
2024-06-02 08:39:39,020 - Name: 11, Distance: 0.10758842527866364
2024-06-02 08:39:39,076 - 14 result:
2024-06-02 08:39:39,076 - Name: 17, Distance: 0.14345215260982513
2024-06-02 08:39:39,077 - Name: 22, Distance: 0.15002328157424927
2024-06-02 08:39:39,077 - Name: 5, Distance: 0.18763066828250885
2024-06-02 08:39:39,077 - Name: 14, Distance: 0.20264406502246857
2024-06-02 08:39:39,077 - Name: 5, Distance: 0.2585567533969879
2024-06-02 08:39:39,318 - 15 result:
2024-06-02 08:39:39,318 - Name: 27, Distance: 0.01706761121749878
2024-06-02 08:39:39,319 - Name: 26, Distance: 0.024602968245744705
2024-06-02 08:39:39,319 - Name: 28, Distance: 0.029840821400284767
2024-06-02 08:39:39,319 - Name: 25, Distance: 0.039250072091817856
2024-06-02 08:39:39,319 - Name: 24, Distance: 0.04529136046767235
2024-06-02 08:39:39,944 - 16 result:
2024-06-02 08:39:39,944 - Name: 16, Distance: 0.02577911503612995
2024-06-02 08:39:39,944 - Name: 28, Distance: 0.03265352547168732
2024-06-02 08:39:39,944 - Name: 8, Distance: 0.03648028150200844
2024-06-02 08:39:39,944 - Name: 27, Distance: 0.042789164930582047
2024-06-02 08:39:39,944 - Name: 28, Distance: 0.052626609802246094
2024-06-02 08:39:39,993 - 17 result:
2024-06-02 08:39:39,994 - Name: 17, Distance: 0.4825846552848816
2024-06-02 08:39:39,994 - Name: 33, Distance: 0.9671205282211304
2024-06-02 08:39:39,994 - Name: 32, Distance: 0.9680908918380737
2024-06-02 08:39:39,994 - Name: 33, Distance: 1.0122655630111694
2024-06-02 08:39:39,994 - Name: 18, Distance: 1.0134717226028442
2024-06-02 08:39:40,049 - 18 result:
2024-06-02 08:39:40,049 - Name: 11, Distance: 0.05867387726902962
2024-06-02 08:39:40,049 - Name: 11, Distance: 0.060502100735902786
2024-06-02 08:39:40,049 - Name: 12, Distance: 0.10670981556177139
2024-06-02 08:39:40,049 - Name: 13, Distance: 0.134281188249588
2024-06-02 08:39:40,049 - Name: 15, Distance: 0.19575761258602142
2024-06-02 08:39:40,284 - 19 result:
2024-06-02 08:39:40,284 - Name: 19, Distance: 0.11368704587221146
2024-06-02 08:39:40,285 - Name: 30, Distance: 0.11939027905464172
2024-06-02 08:39:40,285 - Name: 16, Distance: 0.15923380851745605
2024-06-02 08:39:40,285 - Name: 19, Distance: 0.17443113029003143
2024-06-02 08:39:40,285 - Name: 30, Distance: 0.17788951098918915
2024-06-02 08:39:40,895 - 2 result:
2024-06-02 08:39:40,895 - Name: 52, Distance: 0.10351390391588211
2024-06-02 08:39:40,895 - Name: 36, Distance: 0.12963150441646576
2024-06-02 08:39:40,895 - Name: 39, Distance: 0.16297252476215363
2024-06-02 08:39:40,895 - Name: 40, Distance: 0.1655239462852478
2024-06-02 08:39:40,895 - Name: 39, Distance: 0.19305922091007233
2024-06-02 08:39:40,983 - 20 result:
2024-06-02 08:39:40,984 - Name: 41, Distance: 0.07705939561128616
2024-06-02 08:39:40,984 - Name: 2, Distance: 0.08147953450679779
2024-06-02 08:39:40,984 - Name: 42, Distance: 0.08704718947410583
2024-06-02 08:39:40,984 - Name: 2, Distance: 0.08933013677597046
2024-06-02 08:39:40,984 - Name: 58, Distance: 0.09653563052415848
2024-06-02 08:39:41,037 - 21 result:
2024-06-02 08:39:41,037 - Name: 5, Distance: 0.16080310940742493
2024-06-02 08:39:41,037 - Name: 14, Distance: 0.16961181163787842
2024-06-02 08:39:41,037 - Name: 22, Distance: 0.1887153685092926
2024-06-02 08:39:41,037 - Name: 32, Distance: 0.20378398895263672
2024-06-02 08:39:41,037 - Name: 5, Distance: 0.28197166323661804
2024-06-02 08:39:41,263 - 22 result:
2024-06-02 08:39:41,263 - Name: 33, Distance: 0.10225044935941696
2024-06-02 08:39:41,263 - Name: 18, Distance: 0.16320183873176575
2024-06-02 08:39:41,263 - Name: 33, Distance: 0.1656862050294876
2024-06-02 08:39:41,263 - Name: 18, Distance: 0.17063094675540924
2024-06-02 08:39:41,263 - Name: 32, Distance: 0.1760607659816742
2024-06-02 08:39:41,910 - 23 result:
2024-06-02 08:39:41,910 - Name: 11, Distance: 0.20452488958835602
2024-06-02 08:39:41,910 - Name: 11, Distance: 0.22313229739665985
2024-06-02 08:39:41,910 - Name: 13, Distance: 0.22637280821800232
2024-06-02 08:39:41,910 - Name: 12, Distance: 0.2285555601119995
2024-06-02 08:39:41,910 - Name: 11, Distance: 0.23523738980293274
2024-06-02 08:39:41,968 - 24 result:
2024-06-02 08:39:41,968 - Name: 16, Distance: 0.04011043161153793
2024-06-02 08:39:41,968 - Name: 28, Distance: 0.04863589629530907
2024-06-02 08:39:41,968 - Name: 8, Distance: 0.0514354445040226
2024-06-02 08:39:41,968 - Name: 19, Distance: 0.05966433137655258
2024-06-02 08:39:41,968 - Name: 8, Distance: 0.06585922092199326
2024-06-02 08:39:42,289 - 25 result:
2024-06-02 08:39:42,289 - Name: 34, Distance: 0.12349279224872589
2024-06-02 08:39:42,289 - Name: 12, Distance: 0.28054115176200867
2024-06-02 08:39:42,289 - Name: 30, Distance: 0.31648147106170654
2024-06-02 08:39:42,289 - Name: 34, Distance: 0.3281741142272949
2024-06-02 08:39:42,290 - Name: 42, Distance: 0.37124693393707275
2024-06-02 08:39:42,904 - 26 result:
2024-06-02 08:39:42,904 - Name: 27, Distance: 0.019205888733267784
2024-06-02 08:39:42,904 - Name: 26, Distance: 0.02174375206232071
2024-06-02 08:39:42,904 - Name: 24, Distance: 0.026854878291487694
2024-06-02 08:39:42,904 - Name: 25, Distance: 0.02844405360519886
2024-06-02 08:39:42,905 - Name: 16, Distance: 0.04089769348502159
2024-06-02 08:39:42,971 - 27 result:
2024-06-02 08:39:42,971 - Name: 7, Distance: 0.3131684362888336
2024-06-02 08:39:42,971 - Name: 12, Distance: 0.37661612033843994
2024-06-02 08:39:42,972 - Name: 34, Distance: 0.3807714581489563
2024-06-02 08:39:42,972 - Name: 30, Distance: 0.41368338465690613
2024-06-02 08:39:42,972 - Name: 34, Distance: 0.45750394463539124
2024-06-02 08:39:43,021 - 28 result:
2024-06-02 08:39:43,021 - Name: 34, Distance: 0.10067137330770493
2024-06-02 08:39:43,021 - Name: 30, Distance: 0.13259676098823547
2024-06-02 08:39:43,021 - Name: 19, Distance: 0.2865077257156372
2024-06-02 08:39:43,021 - Name: 30, Distance: 0.28680652379989624
2024-06-02 08:39:43,021 - Name: 30, Distance: 0.2914167642593384
2024-06-02 08:39:43,261 - 29 result:
2024-06-02 08:39:43,262 - Name: 27, Distance: 0.481671541929245
2024-06-02 08:39:43,262 - Name: 26, Distance: 0.5162248015403748
2024-06-02 08:39:43,262 - Name: 26, Distance: 0.5603212714195251
2024-06-02 08:39:43,262 - Name: 24, Distance: 0.5603913068771362
2024-06-02 08:39:43,262 - Name: 9, Distance: 0.5649824142456055
2024-06-02 08:39:43,875 - 3 result:
2024-06-02 08:39:43,875 - Name: 52, Distance: 0.05662640929222107
2024-06-02 08:39:43,875 - Name: 39, Distance: 0.06878571957349777
2024-06-02 08:39:43,875 - Name: 52, Distance: 0.08627969026565552
2024-06-02 08:39:43,875 - Name: 44, Distance: 0.09308382868766785
2024-06-02 08:39:43,875 - Name: 52, Distance: 0.11058907210826874
2024-06-02 08:39:43,938 - 30 result:
2024-06-02 08:39:43,938 - Name: 30, Distance: 0.07073544710874557
2024-06-02 08:39:43,938 - Name: 25, Distance: 0.08003634959459305
2024-06-02 08:39:43,938 - Name: 8, Distance: 0.10810001939535141
2024-06-02 08:39:43,938 - Name: 8, Distance: 0.14027570188045502
2024-06-02 08:39:43,939 - Name: 8, Distance: 0.14630116522312164
2024-06-02 08:39:44,175 - 31 result:
2024-06-02 08:39:44,175 - Name: 50, Distance: 0.05301256477832794
2024-06-02 08:39:44,176 - Name: 10, Distance: 0.07170770317316055
2024-06-02 08:39:44,176 - Name: 10, Distance: 0.0979946181178093
2024-06-02 08:39:44,176 - Name: 23, Distance: 0.16205929219722748
2024-06-02 08:39:44,176 - Name: 57, Distance: 0.18811491131782532
2024-06-02 08:39:44,775 - 32 result:
2024-06-02 08:39:44,775 - Name: 0, Distance: 0.20751993358135223
2024-06-02 08:39:44,775 - Name: 1, Distance: 0.22262176871299744
2024-06-02 08:39:44,775 - Name: 1, Distance: 0.2276945263147354
2024-06-02 08:39:44,775 - Name: 47, Distance: 0.25397083163261414
2024-06-02 08:39:44,775 - Name: 44, Distance: 0.27471068501472473
2024-06-02 08:39:44,855 - 33 result:
2024-06-02 08:39:44,856 - Name: 33, Distance: 0.1346552073955536
2024-06-02 08:39:44,856 - Name: 33, Distance: 0.14108428359031677
2024-06-02 08:39:44,856 - Name: 17, Distance: 0.14982588589191437
2024-06-02 08:39:44,856 - Name: 18, Distance: 0.17740575969219208
2024-06-02 08:39:44,856 - Name: 18, Distance: 0.1858900487422943
2024-06-02 08:39:44,912 - 34 result:
2024-06-02 08:39:44,912 - Name: 12, Distance: 0.11791018396615982
2024-06-02 08:39:44,912 - Name: 29, Distance: 0.12362054735422134
2024-06-02 08:39:44,912 - Name: 6, Distance: 0.16459980607032776
2024-06-02 08:39:44,913 - Name: 34, Distance: 0.1728971302509308
2024-06-02 08:39:44,913 - Name: 7, Distance: 0.25589248538017273
2024-06-02 08:39:45,189 - 35 result:
2024-06-02 08:39:45,190 - Name: 41, Distance: 0.11467453092336655
2024-06-02 08:39:45,190 - Name: 36, Distance: 0.1622929573059082
2024-06-02 08:39:45,190 - Name: 0, Distance: 0.17160320281982422
2024-06-02 08:39:45,190 - Name: 53, Distance: 0.23994843661785126
2024-06-02 08:39:45,190 - Name: 0, Distance: 0.24651801586151123
2024-06-02 08:39:45,785 - 36 result:
2024-06-02 08:39:45,786 - Name: 42, Distance: 0.3208862841129303
2024-06-02 08:39:45,786 - Name: 45, Distance: 0.34550848603248596
2024-06-02 08:39:45,786 - Name: 34, Distance: 0.4571872055530548
2024-06-02 08:39:45,786 - Name: 7, Distance: 0.4779083728790283
2024-06-02 08:39:45,786 - Name: 15, Distance: 0.4913308620452881
2024-06-02 08:39:45,882 - 37 result:
2024-06-02 08:39:45,882 - Name: 19, Distance: 0.12897038459777832
2024-06-02 08:39:45,882 - Name: 30, Distance: 0.14338187873363495
2024-06-02 08:39:45,882 - Name: 30, Distance: 0.1583375334739685
2024-06-02 08:39:45,882 - Name: 25, Distance: 0.17737756669521332
2024-06-02 08:39:45,882 - Name: 34, Distance: 0.1796042025089264
2024-06-02 08:39:45,939 - 38 result:
2024-06-02 08:39:45,939 - Name: 10, Distance: 0.09661363065242767
2024-06-02 08:39:45,939 - Name: 50, Distance: 0.10965394973754883
2024-06-02 08:39:45,939 - Name: 23, Distance: 0.12287347763776779
2024-06-02 08:39:45,939 - Name: 10, Distance: 0.13591980934143066
2024-06-02 08:39:45,939 - Name: 10, Distance: 0.18346914649009705
2024-06-02 08:39:46,187 - 39 result:
2024-06-02 08:39:46,187 - Name: 0, Distance: 0.06607960909605026
2024-06-02 08:39:46,187 - Name: 36, Distance: 0.07683998346328735
2024-06-02 08:39:46,187 - Name: 41, Distance: 0.11153572797775269
2024-06-02 08:39:46,187 - Name: 47, Distance: 0.12763848900794983
2024-06-02 08:39:46,187 - Name: 0, Distance: 0.13041527569293976
2024-06-02 08:39:46,782 - 4 result:
2024-06-02 08:39:46,783 - Name: 23, Distance: 0.2252008318901062
2024-06-02 08:39:46,783 - Name: 21, Distance: 0.23253896832466125
2024-06-02 08:39:46,783 - Name: 21, Distance: 0.23310399055480957
2024-06-02 08:39:46,783 - Name: 31, Distance: 0.23959331214427948
2024-06-02 08:39:46,783 - Name: 50, Distance: 0.2523961663246155
2024-06-02 08:39:46,866 - 40 result:
2024-06-02 08:39:46,866 - Name: 45, Distance: 0.2545962631702423
2024-06-02 08:39:46,866 - Name: 3, Distance: 0.32680198550224304
2024-06-02 08:39:46,866 - Name: 45, Distance: 0.4333910346031189
2024-06-02 08:39:46,867 - Name: 3, Distance: 0.4633278250694275
2024-06-02 08:39:46,867 - Name: 45, Distance: 0.473408579826355
2024-06-02 08:39:46,920 - 41 result:
2024-06-02 08:39:46,920 - Name: 19, Distance: 0.03405744209885597
2024-06-02 08:39:46,920 - Name: 30, Distance: 0.07496289908885956
2024-06-02 08:39:46,920 - Name: 30, Distance: 0.15689216554164886
2024-06-02 08:39:46,920 - Name: 25, Distance: 0.17905838787555695
2024-06-02 08:39:46,920 - Name: 16, Distance: 0.20294083654880524
2024-06-02 08:39:47,163 - 42 result:
2024-06-02 08:39:47,163 - Name: 36, Distance: 0.12568502128124237
2024-06-02 08:39:47,163 - Name: 52, Distance: 0.15751159191131592
2024-06-02 08:39:47,163 - Name: 39, Distance: 0.1706603765487671
2024-06-02 08:39:47,163 - Name: 40, Distance: 0.17844954133033752
2024-06-02 08:39:47,163 - Name: 44, Distance: 0.1997348517179489
2024-06-02 08:39:47,853 - 44 result:
2024-06-02 08:39:47,853 - Name: 0, Distance: 0.11146986484527588
2024-06-02 08:39:47,853 - Name: 36, Distance: 0.14819520711898804
2024-06-02 08:39:47,853 - Name: 0, Distance: 0.1550462692975998
2024-06-02 08:39:47,853 - Name: 41, Distance: 0.16354592144489288
2024-06-02 08:39:47,853 - Name: 47, Distance: 0.2211068719625473
2024-06-02 08:39:47,914 - 45 result:
2024-06-02 08:39:47,914 - Name: 0, Distance: 0.35639169812202454
2024-06-02 08:39:47,914 - Name: 36, Distance: 0.3632168769836426
2024-06-02 08:39:47,914 - Name: 47, Distance: 0.3898879885673523
2024-06-02 08:39:47,914 - Name: 1, Distance: 0.40581077337265015
2024-06-02 08:39:47,914 - Name: 0, Distance: 0.40631595253944397
2024-06-02 08:39:47,967 - 46 result:
2024-06-02 08:39:47,967 - Name: 47, Distance: 0.029590481892228127
2024-06-02 08:39:47,967 - Name: 0, Distance: 0.06962093710899353
2024-06-02 08:39:47,967 - Name: 36, Distance: 0.11000119894742966
2024-06-02 08:39:47,968 - Name: 0, Distance: 0.11410322040319443
2024-06-02 08:39:47,968 - Name: 0, Distance: 0.1165510043501854
2024-06-02 08:39:48,199 - 47 result:
2024-06-02 08:39:48,199 - Name: 52, Distance: 0.04873700067400932
2024-06-02 08:39:48,199 - Name: 39, Distance: 0.05766908824443817
2024-06-02 08:39:48,199 - Name: 52, Distance: 0.06941685080528259
2024-06-02 08:39:48,199 - Name: 46, Distance: 0.07133156061172485
2024-06-02 08:39:48,199 - Name: 41, Distance: 0.07750483602285385
2024-06-02 08:39:48,806 - 48 result:
2024-06-02 08:39:48,806 - Name: 26, Distance: 0.5113645195960999
2024-06-02 08:39:48,806 - Name: 24, Distance: 0.5134425163269043
2024-06-02 08:39:48,806 - Name: 16, Distance: 0.5213997960090637
2024-06-02 08:39:48,806 - Name: 24, Distance: 0.5242887139320374
2024-06-02 08:39:48,807 - Name: 25, Distance: 0.5244916677474976
2024-06-02 08:39:48,859 - 5 result:
2024-06-02 08:39:48,860 - Name: 22, Distance: 0.2318303883075714
2024-06-02 08:39:48,860 - Name: 22, Distance: 0.2500007152557373
2024-06-02 08:39:48,860 - Name: 32, Distance: 0.32965201139450073
2024-06-02 08:39:48,860 - Name: 14, Distance: 0.35623031854629517
2024-06-02 08:39:48,860 - Name: 14, Distance: 0.37808623909950256
2024-06-02 08:39:48,912 - 50 result:
2024-06-02 08:39:48,912 - Name: 14, Distance: 0.14222657680511475
2024-06-02 08:39:48,912 - Name: 22, Distance: 0.16090534627437592
2024-06-02 08:39:48,912 - Name: 5, Distance: 0.16293899714946747
2024-06-02 08:39:48,912 - Name: 22, Distance: 0.2282443791627884
2024-06-02 08:39:48,912 - Name: 32, Distance: 0.255064457654953
2024-06-02 08:39:49,144 - 51 result:
2024-06-02 08:39:49,144 - Name: 14, Distance: 0.10986366122961044
2024-06-02 08:39:49,144 - Name: 22, Distance: 0.11289224028587341
2024-06-02 08:39:49,144 - Name: 14, Distance: 0.15612424910068512
2024-06-02 08:39:49,144 - Name: 32, Distance: 0.1586671769618988
2024-06-02 08:39:49,144 - Name: 22, Distance: 0.16007401049137115
2024-06-02 08:39:49,742 - 52 result:
2024-06-02 08:39:49,742 - Name: 3, Distance: 0.20681290328502655
2024-06-02 08:39:49,742 - Name: 3, Distance: 0.28812241554260254
2024-06-02 08:39:49,742 - Name: 45, Distance: 0.4177021384239197
2024-06-02 08:39:49,742 - Name: 3, Distance: 0.5021284818649292
2024-06-02 08:39:49,742 - Name: 45, Distance: 0.5474063754081726
2024-06-02 08:39:49,837 - 53 result:
2024-06-02 08:39:49,837 - Name: 53, Distance: 0.11218249052762985
2024-06-02 08:39:49,837 - Name: 51, Distance: 0.19921158254146576
2024-06-02 08:39:49,837 - Name: 54, Distance: 0.19942328333854675
2024-06-02 08:39:49,837 - Name: 35, Distance: 0.20019911229610443
2024-06-02 08:39:49,837 - Name: 20, Distance: 0.2008979767560959
2024-06-02 08:39:49,887 - 54 result:
2024-06-02 08:39:49,887 - Name: 36, Distance: 0.1960674375295639
2024-06-02 08:39:49,887 - Name: 39, Distance: 0.26323577761650085
2024-06-02 08:39:49,887 - Name: 1, Distance: 0.27311456203460693
2024-06-02 08:39:49,887 - Name: 0, Distance: 0.27690550684928894
2024-06-02 08:39:49,887 - Name: 52, Distance: 0.2774393856525421
2024-06-02 08:39:49,939 - 55 result:
2024-06-02 08:39:49,939 - Name: 3, Distance: 0.22237133979797363
2024-06-02 08:39:49,939 - Name: 3, Distance: 0.22745069861412048
2024-06-02 08:39:49,939 - Name: 3, Distance: 0.24315811693668365
2024-06-02 08:39:49,939 - Name: 4, Distance: 0.2903643846511841
2024-06-02 08:39:49,939 - Name: 2, Distance: 0.3105149567127228
2024-06-02 08:39:50,170 - 56 result:
2024-06-02 08:39:50,170 - Name: 44, Distance: 0.04628591239452362
2024-06-02 08:39:50,170 - Name: 36, Distance: 0.07345219701528549
2024-06-02 08:39:50,170 - Name: 1, Distance: 0.08019107580184937
2024-06-02 08:39:50,170 - Name: 40, Distance: 0.08071892708539963
2024-06-02 08:39:50,170 - Name: 53, Distance: 0.08512715250253677
2024-06-02 08:39:50,763 - 57 result:
2024-06-02 08:39:50,763 - Name: 54, Distance: 0.14084769785404205
2024-06-02 08:39:50,763 - Name: 55, Distance: 0.18893270194530487
2024-06-02 08:39:50,763 - Name: 37, Distance: 0.2311721295118332
2024-06-02 08:39:50,763 - Name: 48, Distance: 0.378719687461853
2024-06-02 08:39:50,764 - Name: 38, Distance: 0.43854135274887085
2024-06-02 08:39:50,845 - 58 result:
2024-06-02 08:39:50,845 - Name: 44, Distance: 0.07746170461177826
2024-06-02 08:39:50,845 - Name: 53, Distance: 0.10549304634332657
2024-06-02 08:39:50,845 - Name: 40, Distance: 0.10805362462997437
2024-06-02 08:39:50,845 - Name: 36, Distance: 0.12713970243930817
2024-06-02 08:39:50,845 - Name: 1, Distance: 0.1383931040763855
2024-06-02 08:39:50,900 - 59 result:
2024-06-02 08:39:50,900 - Name: 1, Distance: 0.11986885219812393
2024-06-02 08:39:50,900 - Name: 0, Distance: 0.14417016506195068
2024-06-02 08:39:50,900 - Name: 47, Distance: 0.1743563860654831
2024-06-02 08:39:50,900 - Name: 1, Distance: 0.18679749965667725
2024-06-02 08:39:50,901 - Name: 0, Distance: 0.20697973668575287
2024-06-02 08:39:51,140 - 6 result:
2024-06-02 08:39:51,140 - Name: 34, Distance: 0.07337125390768051
2024-06-02 08:39:51,140 - Name: 30, Distance: 0.10519140213727951
2024-06-02 08:39:51,140 - Name: 30, Distance: 0.26906681060791016
2024-06-02 08:39:51,140 - Name: 19, Distance: 0.27003395557403564
2024-06-02 08:39:51,140 - Name: 30, Distance: 0.29754623770713806
2024-06-02 08:39:51,788 - 7 result:
2024-06-02 08:39:51,789 - Name: 34, Distance: 0.16305655241012573
2024-06-02 08:39:51,789 - Name: 34, Distance: 0.20910783112049103
2024-06-02 08:39:51,789 - Name: 12, Distance: 0.20995891094207764
2024-06-02 08:39:51,789 - Name: 30, Distance: 0.21726280450820923
2024-06-02 08:39:51,789 - Name: 7, Distance: 0.3371157646179199
2024-06-02 08:39:51,844 - 8 result:
2024-06-02 08:39:51,844 - Name: 30, Distance: 0.09132049977779388
2024-06-02 08:39:51,844 - Name: 25, Distance: 0.10406893491744995
2024-06-02 08:39:51,844 - Name: 8, Distance: 0.12510940432548523
2024-06-02 08:39:51,844 - Name: 8, Distance: 0.15471483767032623
2024-06-02 08:39:51,845 - Name: 8, Distance: 0.16397865116596222
2024-06-02 08:39:52,089 - 9 result:
2024-06-02 08:39:52,089 - Name: 5, Distance: 0.3397429585456848
2024-06-02 08:39:52,090 - Name: 5, Distance: 0.3568410575389862
2024-06-02 08:39:52,090 - Name: 22, Distance: 0.35849806666374207
2024-06-02 08:39:52,090 - Name: 14, Distance: 0.36695557832717896
2024-06-02 08:39:52,090 - Name: 32, Distance: 0.3713822066783905
2024-06-02 08:39:52,175 - Total samples: 58
2024-06-02 08:39:52,175 - Correct predictions: 14
2024-06-02 08:39:52,176 - Incorrect predictions: 44
2024-06-02 08:39:52,176 - Accuracy: 24.14%
2024-06-02 08:39:52,176 - Correctly predicted classes:
2024-06-02 08:39:52,176 - 13: 1
2024-06-02 08:39:52,176 - 17: 1
2024-06-02 08:39:52,176 - 30: 1
2024-06-02 08:39:52,176 - 0: 1
2024-06-02 08:39:52,176 - 19: 1
2024-06-02 08:39:52,177 - 34: 1
2024-06-02 08:39:52,177 - 53: 1
2024-06-02 08:39:52,177 - 7: 1
2024-06-02 08:39:52,177 - 16: 1
2024-06-02 08:39:52,177 - 8: 1
2024-06-02 08:39:52,177 - 26: 1
2024-06-02 08:39:52,177 - 33: 1
2024-06-02 08:39:52,177 - 14: 1
2024-06-02 08:39:52,177 - 12: 1
2024-06-02 08:39:52,177 - Incorrectly predicted classes:
2024-06-02 08:39:52,178 - 9: 1
2024-06-02 08:39:52,178 - 1: 1
2024-06-02 08:39:52,178 - 50: 1
2024-06-02 08:39:52,178 - 42: 1
2024-06-02 08:39:52,178 - 39: 1
2024-06-02 08:39:52,178 - 27: 1
2024-06-02 08:39:52,178 - 6: 1
2024-06-02 08:39:52,178 - 18: 1
2024-06-02 08:39:52,178 - 5: 1
2024-06-02 08:39:52,178 - 10: 1
2024-06-02 08:39:52,179 - 22: 1
2024-06-02 08:39:52,179 - 52: 1
2024-06-02 08:39:52,179 - 15: 1
2024-06-02 08:39:52,179 - 3: 1
2024-06-02 08:39:52,179 - 21: 1
2024-06-02 08:39:52,179 - 58: 1
2024-06-02 08:39:52,179 - 23: 1
2024-06-02 08:39:52,179 - 46: 1
2024-06-02 08:39:52,179 - 54: 1
2024-06-02 08:39:52,180 - 59: 1
2024-06-02 08:39:52,180 - 56: 1
2024-06-02 08:39:52,180 - 55: 1
2024-06-02 08:39:52,180 - 4: 1
2024-06-02 08:39:52,180 - 29: 1
2024-06-02 08:39:52,180 - 47: 1
2024-06-02 08:39:52,180 - 31: 1
2024-06-02 08:39:52,180 - 48: 1
2024-06-02 08:39:52,180 - 38: 1
2024-06-02 08:39:52,181 - 24: 1
2024-06-02 08:39:52,181 - 25: 1
2024-06-02 08:39:52,181 - 11: 1
2024-06-02 08:39:52,181 - 2: 1
2024-06-02 08:39:52,181 - 32: 1
2024-06-02 08:39:52,181 - 36: 1
2024-06-02 08:39:52,181 - 51: 1
2024-06-02 08:39:52,181 - 41: 1
2024-06-02 08:39:52,181 - 37: 1
2024-06-02 08:39:52,182 - 45: 1
2024-06-02 08:39:52,182 - 44: 1
2024-06-02 08:39:52,182 - 40: 1
2024-06-02 08:39:52,182 - 20: 1
2024-06-02 08:39:52,182 - 28: 1
2024-06-02 08:39:52,182 - 35: 1
2024-06-02 08:39:52,182 - 57: 1
