2024-06-03 08:11:29,557 - test_dir : ./Face_Dataset/Test
2024-06-03 08:11:29,557 - pretrained : work_dir/FaceNet_finetuning_Random_Batch_L2SP_CE_Frozen_deepfake_total_90_32/FaceNet_finetuning_Random_Batch_L2SP_CE_Frozen_deepfake_total_90_32_deepfake.pth
2024-06-03 08:11:29,557 - model_name : FaceNet_finetuning_Random_Batch_L2SP_CE_Frozen_deepfake_total
2024-06-03 08:12:40,566 - 0 result:
2024-06-03 08:12:40,566 - Name: 37, Distance: 0.994440495967865
2024-06-03 08:12:40,567 - Name: 23, Distance: 1.0452836751937866
2024-06-03 08:12:40,567 - Name: 0, Distance: 1.1488490104675293
2024-06-03 08:12:40,567 - Name: 0, Distance: 1.1705178022384644
2024-06-03 08:12:40,567 - Name: 55, Distance: 1.1715830564498901
2024-06-03 08:12:40,618 - 1 result:
2024-06-03 08:12:40,618 - Name: 1, Distance: 1.0590176582336426
2024-06-03 08:12:40,618 - Name: 25, Distance: 1.0646858215332031
2024-06-03 08:12:40,618 - Name: 56, Distance: 1.0759367942810059
2024-06-03 08:12:40,618 - Name: 1, Distance: 1.0786285400390625
2024-06-03 08:12:40,618 - Name: 42, Distance: 1.1199991703033447
2024-06-03 08:12:40,674 - 10 result:
2024-06-03 08:12:40,674 - Name: 3, Distance: 0.9854332208633423
2024-06-03 08:12:40,674 - Name: 3, Distance: 0.9898532032966614
2024-06-03 08:12:40,674 - Name: 40, Distance: 1.039890170097351
2024-06-03 08:12:40,674 - Name: 3, Distance: 1.0471584796905518
2024-06-03 08:12:40,674 - Name: 5, Distance: 1.0896754264831543
2024-06-03 08:12:40,904 - 11 result:
2024-06-03 08:12:40,904 - Name: 33, Distance: 0.9612483978271484
2024-06-03 08:12:40,904 - Name: 11, Distance: 1.0391074419021606
2024-06-03 08:12:40,904 - Name: 11, Distance: 1.096407413482666
2024-06-03 08:12:40,904 - Name: 10, Distance: 1.1265027523040771
2024-06-03 08:12:40,904 - Name: 4, Distance: 1.1392755508422852
2024-06-03 08:12:40,952 - 12 result:
2024-06-03 08:12:40,952 - Name: 12, Distance: 0.8918819427490234
2024-06-03 08:12:40,952 - Name: 12, Distance: 0.9250940680503845
2024-06-03 08:12:40,952 - Name: 54, Distance: 1.132228136062622
2024-06-03 08:12:40,952 - Name: 16, Distance: 1.1468580961227417
2024-06-03 08:12:40,952 - Name: 18, Distance: 1.153556227684021
2024-06-03 08:12:41,569 - 13 result:
2024-06-03 08:12:41,569 - Name: 13, Distance: 0.0
2024-06-03 08:12:41,569 - Name: 26, Distance: 1.0456339120864868
2024-06-03 08:12:41,569 - Name: 46, Distance: 1.0869975090026855
2024-06-03 08:12:41,570 - Name: 2, Distance: 1.0886801481246948
2024-06-03 08:12:41,570 - Name: 26, Distance: 1.0915985107421875
2024-06-03 08:12:41,657 - 14 result:
2024-06-03 08:12:41,657 - Name: 29, Distance: 1.026065468788147
2024-06-03 08:12:41,657 - Name: 0, Distance: 1.120429515838623
2024-06-03 08:12:41,657 - Name: 54, Distance: 1.1240514516830444
2024-06-03 08:12:41,657 - Name: 36, Distance: 1.1409826278686523
2024-06-03 08:12:41,657 - Name: 25, Distance: 1.1539463996887207
2024-06-03 08:12:41,713 - 15 result:
2024-06-03 08:12:41,714 - Name: 26, Distance: 0.9858357906341553
2024-06-03 08:12:41,714 - Name: 26, Distance: 1.0389012098312378
2024-06-03 08:12:41,714 - Name: 15, Distance: 1.0662174224853516
2024-06-03 08:12:41,714 - Name: 23, Distance: 1.0741994380950928
2024-06-03 08:12:41,714 - Name: 30, Distance: 1.0760220289230347
2024-06-03 08:12:41,950 - 16 result:
2024-06-03 08:12:41,951 - Name: 16, Distance: 0.7831978797912598
2024-06-03 08:12:41,951 - Name: 16, Distance: 1.0248396396636963
2024-06-03 08:12:41,951 - Name: 16, Distance: 1.0665444135665894
2024-06-03 08:12:41,951 - Name: 12, Distance: 1.0738239288330078
2024-06-03 08:12:41,951 - Name: 15, Distance: 1.1252169609069824
2024-06-03 08:12:42,594 - 17 result:
2024-06-03 08:12:42,594 - Name: 17, Distance: 0.8086332082748413
2024-06-03 08:12:42,594 - Name: 17, Distance: 0.9674175977706909
2024-06-03 08:12:42,594 - Name: 13, Distance: 1.0667781829833984
2024-06-03 08:12:42,594 - Name: 13, Distance: 1.0730947256088257
2024-06-03 08:12:42,594 - Name: 17, Distance: 1.0936071872711182
2024-06-03 08:12:42,650 - 18 result:
2024-06-03 08:12:42,651 - Name: 18, Distance: 0.9340047240257263
2024-06-03 08:12:42,651 - Name: 17, Distance: 1.0669387578964233
2024-06-03 08:12:42,651 - Name: 17, Distance: 1.1339905261993408
2024-06-03 08:12:42,651 - Name: 27, Distance: 1.149332046508789
2024-06-03 08:12:42,651 - Name: 27, Distance: 1.1712918281555176
2024-06-03 08:12:42,710 - 19 result:
2024-06-03 08:12:42,710 - Name: 19, Distance: 0.7406713962554932
2024-06-03 08:12:42,710 - Name: 19, Distance: 0.7449762225151062
2024-06-03 08:12:42,710 - Name: 6, Distance: 1.0374934673309326
2024-06-03 08:12:42,710 - Name: 19, Distance: 1.060349941253662
2024-06-03 08:12:42,711 - Name: 28, Distance: 1.0677815675735474
2024-06-03 08:12:42,952 - 2 result:
2024-06-03 08:12:42,952 - Name: 2, Distance: 0.9148709177970886
2024-06-03 08:12:42,953 - Name: 2, Distance: 0.9377243518829346
2024-06-03 08:12:42,953 - Name: 2, Distance: 0.9646892547607422
2024-06-03 08:12:42,953 - Name: 43, Distance: 0.995855450630188
2024-06-03 08:12:42,953 - Name: 59, Distance: 1.033847451210022
2024-06-03 08:12:43,548 - 20 result:
2024-06-03 08:12:43,548 - Name: 34, Distance: 1.0374791622161865
2024-06-03 08:12:43,549 - Name: 59, Distance: 1.0560845136642456
2024-06-03 08:12:43,549 - Name: 20, Distance: 1.0968060493469238
2024-06-03 08:12:43,549 - Name: 40, Distance: 1.107871651649475
2024-06-03 08:12:43,549 - Name: 51, Distance: 1.1155365705490112
2024-06-03 08:12:43,635 - 21 result:
2024-06-03 08:12:43,635 - Name: 42, Distance: 0.9965870380401611
2024-06-03 08:12:43,635 - Name: 51, Distance: 1.0133508443832397
2024-06-03 08:12:43,635 - Name: 11, Distance: 1.0277460813522339
2024-06-03 08:12:43,635 - Name: 20, Distance: 1.0604617595672607
2024-06-03 08:12:43,635 - Name: 59, Distance: 1.0776869058609009
2024-06-03 08:12:43,693 - 22 result:
2024-06-03 08:12:43,693 - Name: 42, Distance: 1.0994222164154053
2024-06-03 08:12:43,693 - Name: 2, Distance: 1.1061477661132812
2024-06-03 08:12:43,693 - Name: 15, Distance: 1.1178828477859497
2024-06-03 08:12:43,693 - Name: 23, Distance: 1.123936414718628
2024-06-03 08:12:43,693 - Name: 5, Distance: 1.1269207000732422
2024-06-03 08:12:43,830 - 23 result:
2024-06-03 08:12:43,830 - Name: 23, Distance: 1.0105997323989868
2024-06-03 08:12:43,830 - Name: 23, Distance: 1.029449701309204
2024-06-03 08:12:43,830 - Name: 3, Distance: 1.0326133966445923
2024-06-03 08:12:43,830 - Name: 14, Distance: 1.0571867227554321
2024-06-03 08:12:43,830 - Name: 59, Distance: 1.05876886844635
2024-06-03 08:12:43,974 - 24 result:
2024-06-03 08:12:43,974 - Name: 24, Distance: 0.7749149799346924
2024-06-03 08:12:43,974 - Name: 34, Distance: 0.9789572358131409
2024-06-03 08:12:43,974 - Name: 29, Distance: 0.9875311255455017
2024-06-03 08:12:43,974 - Name: 25, Distance: 1.0144492387771606
2024-06-03 08:12:43,974 - Name: 24, Distance: 1.0244672298431396
2024-06-03 08:12:44,024 - 25 result:
2024-06-03 08:12:44,024 - Name: 24, Distance: 0.8887733221054077
2024-06-03 08:12:44,024 - Name: 26, Distance: 0.8976483345031738
2024-06-03 08:12:44,024 - Name: 59, Distance: 0.9390740990638733
2024-06-03 08:12:44,024 - Name: 27, Distance: 0.9576602578163147
2024-06-03 08:12:44,024 - Name: 51, Distance: 0.9893170595169067
2024-06-03 08:12:44,650 - 26 result:
2024-06-03 08:12:44,650 - Name: 26, Distance: 0.9096655249595642
2024-06-03 08:12:44,650 - Name: 26, Distance: 0.9942381978034973
2024-06-03 08:12:44,650 - Name: 26, Distance: 1.0182065963745117
2024-06-03 08:12:44,651 - Name: 50, Distance: 1.0820393562316895
2024-06-03 08:12:44,651 - Name: 15, Distance: 1.0927913188934326
2024-06-03 08:12:44,702 - 27 result:
2024-06-03 08:12:44,703 - Name: 36, Distance: 0.9698887467384338
2024-06-03 08:12:44,703 - Name: 24, Distance: 0.984196662902832
2024-06-03 08:12:44,703 - Name: 27, Distance: 1.0150388479232788
2024-06-03 08:12:44,703 - Name: 55, Distance: 1.0352318286895752
2024-06-03 08:12:44,703 - Name: 27, Distance: 1.0681606531143188
2024-06-03 08:12:44,756 - 28 result:
2024-06-03 08:12:44,757 - Name: 9, Distance: 0.8433156609535217
2024-06-03 08:12:44,757 - Name: 23, Distance: 0.9779007434844971
2024-06-03 08:12:44,757 - Name: 28, Distance: 0.9812346696853638
2024-06-03 08:12:44,757 - Name: 16, Distance: 0.9956246614456177
2024-06-03 08:12:44,757 - Name: 15, Distance: 1.0356346368789673
2024-06-03 08:12:44,991 - 29 result:
2024-06-03 08:12:44,991 - Name: 29, Distance: 0.8047903180122375
2024-06-03 08:12:44,991 - Name: 34, Distance: 0.9829900860786438
2024-06-03 08:12:44,991 - Name: 29, Distance: 1.0907516479492188
2024-06-03 08:12:44,992 - Name: 17, Distance: 1.103756070137024
2024-06-03 08:12:44,992 - Name: 33, Distance: 1.1372934579849243
2024-06-03 08:12:45,606 - 3 result:
2024-06-03 08:12:45,606 - Name: 3, Distance: 0.7428540587425232
2024-06-03 08:12:45,606 - Name: 3, Distance: 0.772846519947052
2024-06-03 08:12:45,606 - Name: 3, Distance: 1.0162420272827148
2024-06-03 08:12:45,606 - Name: 4, Distance: 1.071124792098999
2024-06-03 08:12:45,606 - Name: 40, Distance: 1.0724447965621948
2024-06-03 08:12:45,691 - 30 result:
2024-06-03 08:12:45,691 - Name: 9, Distance: 1.0215137004852295
2024-06-03 08:12:45,691 - Name: 15, Distance: 1.0768425464630127
2024-06-03 08:12:45,691 - Name: 29, Distance: 1.0811452865600586
2024-06-03 08:12:45,691 - Name: 18, Distance: 1.089862585067749
2024-06-03 08:12:45,691 - Name: 30, Distance: 1.1043460369110107
2024-06-03 08:12:45,748 - 31 result:
2024-06-03 08:12:45,748 - Name: 31, Distance: 0.8533527851104736
2024-06-03 08:12:45,748 - Name: 31, Distance: 0.8898456692695618
2024-06-03 08:12:45,748 - Name: 31, Distance: 0.9925681352615356
2024-06-03 08:12:45,748 - Name: 10, Distance: 1.0048259496688843
2024-06-03 08:12:45,748 - Name: 6, Distance: 1.0084631443023682
2024-06-03 08:12:46,000 - 32 result:
2024-06-03 08:12:46,000 - Name: 32, Distance: 0.9657852053642273
2024-06-03 08:12:46,000 - Name: 16, Distance: 1.0682843923568726
2024-06-03 08:12:46,000 - Name: 22, Distance: 1.0899040699005127
2024-06-03 08:12:46,000 - Name: 32, Distance: 1.0960063934326172
2024-06-03 08:12:46,000 - Name: 56, Distance: 1.0982884168624878
2024-06-03 08:12:46,614 - 33 result:
2024-06-03 08:12:46,614 - Name: 7, Distance: 1.0284196138381958
2024-06-03 08:12:46,614 - Name: 6, Distance: 1.0909441709518433
2024-06-03 08:12:46,615 - Name: 54, Distance: 1.0983530282974243
2024-06-03 08:12:46,615 - Name: 8, Distance: 1.1048296689987183
2024-06-03 08:12:46,615 - Name: 11, Distance: 1.1074495315551758
2024-06-03 08:12:46,695 - 34 result:
2024-06-03 08:12:46,695 - Name: 24, Distance: 1.0527023077011108
2024-06-03 08:12:46,695 - Name: 34, Distance: 1.0578036308288574
2024-06-03 08:12:46,696 - Name: 34, Distance: 1.0774682760238647
2024-06-03 08:12:46,696 - Name: 29, Distance: 1.1144616603851318
2024-06-03 08:12:46,696 - Name: 29, Distance: 1.1383177042007446
2024-06-03 08:12:46,755 - 35 result:
2024-06-03 08:12:46,756 - Name: 35, Distance: 0.9575501680374146
2024-06-03 08:12:46,756 - Name: 35, Distance: 1.0103716850280762
2024-06-03 08:12:46,756 - Name: 10, Distance: 1.0674145221710205
2024-06-03 08:12:46,756 - Name: 35, Distance: 1.0833340883255005
2024-06-03 08:12:46,756 - Name: 19, Distance: 1.1283904314041138
2024-06-03 08:12:47,006 - 36 result:
2024-06-03 08:12:47,006 - Name: 13, Distance: 1.1097136735916138
2024-06-03 08:12:47,006 - Name: 53, Distance: 1.1120765209197998
2024-06-03 08:12:47,006 - Name: 33, Distance: 1.1254169940948486
2024-06-03 08:12:47,006 - Name: 9, Distance: 1.142356514930725
2024-06-03 08:12:47,006 - Name: 58, Distance: 1.151198148727417
2024-06-03 08:12:47,629 - 37 result:
2024-06-03 08:12:47,629 - Name: 37, Distance: 0.9000465869903564
2024-06-03 08:12:47,629 - Name: 35, Distance: 1.0127042531967163
2024-06-03 08:12:47,629 - Name: 35, Distance: 1.1318085193634033
2024-06-03 08:12:47,629 - Name: 45, Distance: 1.1380101442337036
2024-06-03 08:12:47,629 - Name: 37, Distance: 1.1595368385314941
2024-06-03 08:12:47,684 - 38 result:
2024-06-03 08:12:47,684 - Name: 55, Distance: 0.9094124436378479
2024-06-03 08:12:47,684 - Name: 43, Distance: 1.0486491918563843
2024-06-03 08:12:47,684 - Name: 3, Distance: 1.0912359952926636
2024-06-03 08:12:47,684 - Name: 21, Distance: 1.0990872383117676
2024-06-03 08:12:47,684 - Name: 33, Distance: 1.0998493432998657
2024-06-03 08:12:47,742 - 39 result:
2024-06-03 08:12:47,742 - Name: 52, Distance: 1.1474140882492065
2024-06-03 08:12:47,742 - Name: 39, Distance: 1.1612621545791626
2024-06-03 08:12:47,743 - Name: 39, Distance: 1.1613174676895142
2024-06-03 08:12:47,743 - Name: 59, Distance: 1.1671369075775146
2024-06-03 08:12:47,743 - Name: 27, Distance: 1.177191972732544
2024-06-03 08:12:47,983 - 4 result:
2024-06-03 08:12:47,984 - Name: 39, Distance: 0.9689050316810608
2024-06-03 08:12:47,984 - Name: 42, Distance: 1.0285558700561523
2024-06-03 08:12:47,984 - Name: 58, Distance: 1.0312528610229492
2024-06-03 08:12:47,984 - Name: 15, Distance: 1.0481152534484863
2024-06-03 08:12:47,984 - Name: 59, Distance: 1.0550460815429688
2024-06-03 08:12:48,617 - 40 result:
2024-06-03 08:12:48,617 - Name: 58, Distance: 0.9189645051956177
2024-06-03 08:12:48,617 - Name: 40, Distance: 0.9382895827293396
2024-06-03 08:12:48,617 - Name: 40, Distance: 0.9843209385871887
2024-06-03 08:12:48,617 - Name: 39, Distance: 1.0164313316345215
2024-06-03 08:12:48,617 - Name: 40, Distance: 1.086186170578003
2024-06-03 08:12:48,677 - 41 result:
2024-06-03 08:12:48,677 - Name: 52, Distance: 1.0860984325408936
2024-06-03 08:12:48,677 - Name: 57, Distance: 1.0909230709075928
2024-06-03 08:12:48,677 - Name: 26, Distance: 1.1026290655136108
2024-06-03 08:12:48,677 - Name: 48, Distance: 1.1493680477142334
2024-06-03 08:12:48,677 - Name: 52, Distance: 1.1530107259750366
2024-06-03 08:12:48,734 - 42 result:
2024-06-03 08:12:48,734 - Name: 35, Distance: 1.0859780311584473
2024-06-03 08:12:48,734 - Name: 35, Distance: 1.142467975616455
2024-06-03 08:12:48,734 - Name: 26, Distance: 1.1567246913909912
2024-06-03 08:12:48,734 - Name: 56, Distance: 1.1686387062072754
2024-06-03 08:12:48,734 - Name: 6, Distance: 1.1821590662002563
2024-06-03 08:12:48,969 - 44 result:
2024-06-03 08:12:48,969 - Name: 43, Distance: 0.8974417448043823
2024-06-03 08:12:48,969 - Name: 45, Distance: 0.9945114850997925
2024-06-03 08:12:48,969 - Name: 44, Distance: 0.9961600303649902
2024-06-03 08:12:48,969 - Name: 40, Distance: 0.9976040124893188
2024-06-03 08:12:48,969 - Name: 47, Distance: 1.021759033203125
2024-06-03 08:12:49,594 - 45 result:
2024-06-03 08:12:49,594 - Name: 32, Distance: 0.8819582462310791
2024-06-03 08:12:49,595 - Name: 23, Distance: 0.996239960193634
2024-06-03 08:12:49,595 - Name: 40, Distance: 1.0490018129348755
2024-06-03 08:12:49,595 - Name: 40, Distance: 1.1022042036056519
2024-06-03 08:12:49,595 - Name: 40, Distance: 1.1134533882141113
2024-06-03 08:12:49,648 - 46 result:
2024-06-03 08:12:49,648 - Name: 46, Distance: 0.8476844429969788
2024-06-03 08:12:49,648 - Name: 46, Distance: 0.9808577299118042
2024-06-03 08:12:49,648 - Name: 46, Distance: 0.9964697360992432
2024-06-03 08:12:49,649 - Name: 48, Distance: 1.0837152004241943
2024-06-03 08:12:49,649 - Name: 35, Distance: 1.0907686948776245
2024-06-03 08:12:49,706 - 47 result:
2024-06-03 08:12:49,706 - Name: 47, Distance: 1.0452804565429688
2024-06-03 08:12:49,706 - Name: 58, Distance: 1.0751333236694336
2024-06-03 08:12:49,706 - Name: 47, Distance: 1.0805022716522217
2024-06-03 08:12:49,706 - Name: 53, Distance: 1.096035122871399
2024-06-03 08:12:49,706 - Name: 42, Distance: 1.116387963294983
2024-06-03 08:12:49,938 - 48 result:
2024-06-03 08:12:49,938 - Name: 48, Distance: 0.9702503681182861
2024-06-03 08:12:49,938 - Name: 46, Distance: 1.0296636819839478
2024-06-03 08:12:49,938 - Name: 46, Distance: 1.0528823137283325
2024-06-03 08:12:49,939 - Name: 39, Distance: 1.090209722518921
2024-06-03 08:12:49,939 - Name: 9, Distance: 1.0968056917190552
2024-06-03 08:12:50,549 - 5 result:
2024-06-03 08:12:50,549 - Name: 34, Distance: 1.076684832572937
2024-06-03 08:12:50,549 - Name: 5, Distance: 1.101478099822998
2024-06-03 08:12:50,549 - Name: 25, Distance: 1.1173930168151855
2024-06-03 08:12:50,549 - Name: 25, Distance: 1.1249853372573853
2024-06-03 08:12:50,549 - Name: 5, Distance: 1.1360492706298828
2024-06-03 08:12:50,633 - 50 result:
2024-06-03 08:12:50,633 - Name: 59, Distance: 0.9509145021438599
2024-06-03 08:12:50,633 - Name: 56, Distance: 0.9890387058258057
2024-06-03 08:12:50,633 - Name: 43, Distance: 1.0056335926055908
2024-06-03 08:12:50,633 - Name: 7, Distance: 1.022673487663269
2024-06-03 08:12:50,633 - Name: 15, Distance: 1.0890885591506958
2024-06-03 08:12:50,692 - 51 result:
2024-06-03 08:12:50,692 - Name: 59, Distance: 0.8578364253044128
2024-06-03 08:12:50,692 - Name: 43, Distance: 0.8960886597633362
2024-06-03 08:12:50,692 - Name: 57, Distance: 0.9218322038650513
2024-06-03 08:12:50,692 - Name: 51, Distance: 0.9898902773857117
2024-06-03 08:12:50,692 - Name: 50, Distance: 1.021325945854187
2024-06-03 08:12:50,930 - 52 result:
2024-06-03 08:12:50,930 - Name: 52, Distance: 0.9641357064247131
2024-06-03 08:12:50,930 - Name: 33, Distance: 1.0921392440795898
2024-06-03 08:12:50,930 - Name: 51, Distance: 1.1098582744598389
2024-06-03 08:12:50,930 - Name: 36, Distance: 1.1255437135696411
2024-06-03 08:12:50,930 - Name: 7, Distance: 1.1551917791366577
2024-06-03 08:12:51,557 - 53 result:
2024-06-03 08:12:51,557 - Name: 58, Distance: 1.0577229261398315
2024-06-03 08:12:51,557 - Name: 43, Distance: 1.0803794860839844
2024-06-03 08:12:51,557 - Name: 55, Distance: 1.0843933820724487
2024-06-03 08:12:51,557 - Name: 50, Distance: 1.0936931371688843
2024-06-03 08:12:51,557 - Name: 14, Distance: 1.0972464084625244
2024-06-03 08:12:51,612 - 54 result:
2024-06-03 08:12:51,613 - Name: 14, Distance: 1.0487322807312012
2024-06-03 08:12:51,613 - Name: 59, Distance: 1.0727252960205078
2024-06-03 08:12:51,613 - Name: 54, Distance: 1.1007119417190552
2024-06-03 08:12:51,613 - Name: 54, Distance: 1.1108430624008179
2024-06-03 08:12:51,613 - Name: 46, Distance: 1.1141160726547241
2024-06-03 08:12:51,672 - 55 result:
2024-06-03 08:12:51,672 - Name: 36, Distance: 0.8548873662948608
2024-06-03 08:12:51,672 - Name: 28, Distance: 0.9410642385482788
2024-06-03 08:12:51,673 - Name: 25, Distance: 1.0036708116531372
2024-06-03 08:12:51,673 - Name: 26, Distance: 1.0717357397079468
2024-06-03 08:12:51,673 - Name: 27, Distance: 1.0764398574829102
2024-06-03 08:12:51,915 - 56 result:
2024-06-03 08:12:51,915 - Name: 56, Distance: 0.8357118964195251
2024-06-03 08:12:51,915 - Name: 56, Distance: 0.8569303154945374
2024-06-03 08:12:51,915 - Name: 56, Distance: 0.8718737959861755
2024-06-03 08:12:51,915 - Name: 4, Distance: 0.9461082816123962
2024-06-03 08:12:51,915 - Name: 30, Distance: 0.9494736194610596
2024-06-03 08:12:52,532 - 57 result:
2024-06-03 08:12:52,533 - Name: 59, Distance: 0.9550023078918457
2024-06-03 08:12:52,533 - Name: 57, Distance: 0.9964543581008911
2024-06-03 08:12:52,533 - Name: 44, Distance: 1.0246633291244507
2024-06-03 08:12:52,533 - Name: 0, Distance: 1.0274710655212402
2024-06-03 08:12:52,533 - Name: 51, Distance: 1.0323866605758667
2024-06-03 08:12:52,595 - 58 result:
2024-06-03 08:12:52,595 - Name: 41, Distance: 0.9739656448364258
2024-06-03 08:12:52,595 - Name: 39, Distance: 1.0044336318969727
2024-06-03 08:12:52,595 - Name: 44, Distance: 1.0122877359390259
2024-06-03 08:12:52,595 - Name: 58, Distance: 1.0740717649459839
2024-06-03 08:12:52,595 - Name: 56, Distance: 1.080342173576355
2024-06-03 08:12:52,648 - 59 result:
2024-06-03 08:12:52,648 - Name: 2, Distance: 1.037806510925293
2024-06-03 08:12:52,648 - Name: 59, Distance: 1.0832946300506592
2024-06-03 08:12:52,648 - Name: 52, Distance: 1.0938282012939453
2024-06-03 08:12:52,648 - Name: 36, Distance: 1.1048901081085205
2024-06-03 08:12:52,648 - Name: 2, Distance: 1.1173075437545776
2024-06-03 08:12:52,886 - 6 result:
2024-06-03 08:12:52,887 - Name: 14, Distance: 0.9799237251281738
2024-06-03 08:12:52,887 - Name: 19, Distance: 1.0257068872451782
2024-06-03 08:12:52,887 - Name: 6, Distance: 1.0547670125961304
2024-06-03 08:12:52,887 - Name: 33, Distance: 1.066727876663208
2024-06-03 08:12:52,887 - Name: 20, Distance: 1.081841230392456
2024-06-03 08:12:53,462 - 7 result:
2024-06-03 08:12:53,462 - Name: 14, Distance: 1.0664750337600708
2024-06-03 08:12:53,462 - Name: 10, Distance: 1.0742050409317017
2024-06-03 08:12:53,462 - Name: 50, Distance: 1.0860347747802734
2024-06-03 08:12:53,462 - Name: 4, Distance: 1.123540997505188
2024-06-03 08:12:53,462 - Name: 33, Distance: 1.1429938077926636
2024-06-03 08:12:53,564 - 8 result:
2024-06-03 08:12:53,564 - Name: 8, Distance: 0.8290646076202393
2024-06-03 08:12:53,564 - Name: 8, Distance: 0.9689366221427917
2024-06-03 08:12:53,565 - Name: 8, Distance: 0.9868930578231812
2024-06-03 08:12:53,565 - Name: 6, Distance: 1.0712369680404663
2024-06-03 08:12:53,565 - Name: 19, Distance: 1.0756762027740479
2024-06-03 08:12:53,624 - 9 result:
2024-06-03 08:12:53,624 - Name: 54, Distance: 0.9705331325531006
2024-06-03 08:12:53,624 - Name: 8, Distance: 1.0631145238876343
2024-06-03 08:12:53,624 - Name: 17, Distance: 1.0652940273284912
2024-06-03 08:12:53,624 - Name: 10, Distance: 1.0752257108688354
2024-06-03 08:12:53,624 - Name: 10, Distance: 1.0867844820022583
2024-06-03 08:12:53,752 - Total samples: 58
2024-06-03 08:12:53,753 - Correct predictions: 41
2024-06-03 08:12:53,753 - Incorrect predictions: 17
2024-06-03 08:12:53,753 - Accuracy: 70.69%
2024-06-03 08:12:53,753 - Correctly predicted classes:
2024-06-03 08:12:53,753 - 13: 1
2024-06-03 08:12:53,754 - 18: 1
2024-06-03 08:12:53,754 - 6: 1
2024-06-03 08:12:53,754 - 0: 1
2024-06-03 08:12:53,754 - 20: 1
2024-06-03 08:12:53,754 - 47: 1
2024-06-03 08:12:53,754 - 39: 1
2024-06-03 08:12:53,754 - 23: 1
2024-06-03 08:12:53,754 - 8: 1
2024-06-03 08:12:53,755 - 11: 1
2024-06-03 08:12:53,755 - 2: 1
2024-06-03 08:12:53,755 - 12: 1
2024-06-03 08:12:53,755 - 54: 1
2024-06-03 08:12:53,755 - 5: 1
2024-06-03 08:12:53,755 - 52: 1
2024-06-03 08:12:53,755 - 26: 1
2024-06-03 08:12:53,755 - 59: 1
2024-06-03 08:12:53,756 - 1: 1
2024-06-03 08:12:53,756 - 16: 1
2024-06-03 08:12:53,756 - 37: 1
2024-06-03 08:12:53,756 - 40: 1
2024-06-03 08:12:53,756 - 31: 1
2024-06-03 08:12:53,756 - 51: 1
2024-06-03 08:12:53,756 - 17: 1
2024-06-03 08:12:53,756 - 32: 1
2024-06-03 08:12:53,757 - 46: 1
2024-06-03 08:12:53,757 - 28: 1
2024-06-03 08:12:53,757 - 29: 1
2024-06-03 08:12:53,757 - 34: 1
2024-06-03 08:12:53,757 - 27: 1
2024-06-03 08:12:53,757 - 44: 1
2024-06-03 08:12:53,757 - 15: 1
2024-06-03 08:12:53,757 - 48: 1
2024-06-03 08:12:53,758 - 58: 1
2024-06-03 08:12:53,758 - 57: 1
2024-06-03 08:12:53,758 - 35: 1
2024-06-03 08:12:53,758 - 56: 1
2024-06-03 08:12:53,758 - 30: 1
2024-06-03 08:12:53,758 - 19: 1
2024-06-03 08:12:53,758 - 24: 1
2024-06-03 08:12:53,758 - 3: 1
2024-06-03 08:12:53,759 - Incorrectly predicted classes:
2024-06-03 08:12:53,759 - 41: 1
2024-06-03 08:12:53,759 - 22: 1
2024-06-03 08:12:53,759 - 10: 1
2024-06-03 08:12:53,759 - 36: 1
2024-06-03 08:12:53,759 - 42: 1
2024-06-03 08:12:53,759 - 45: 1
2024-06-03 08:12:53,759 - 21: 1
2024-06-03 08:12:53,760 - 9: 1
2024-06-03 08:12:53,760 - 4: 1
2024-06-03 08:12:53,760 - 53: 1
2024-06-03 08:12:53,760 - 38: 1
2024-06-03 08:12:53,760 - 50: 1
2024-06-03 08:12:53,760 - 7: 1
2024-06-03 08:12:53,760 - 25: 1
2024-06-03 08:12:53,760 - 14: 1
2024-06-03 08:12:53,761 - 55: 1
2024-06-03 08:12:53,761 - 33: 1
