2024-06-02 23:21:49,467 - test_dir : ./Face_Dataset/Test
2024-06-02 23:21:49,468 - pretrained : work_dir/FaceNet_finetuning_Random_Batch_FNP_CE_90_32/FaceNet_finetuning_Random_Batch_FNP_CE_90_32_deepfake.pth
2024-06-02 23:21:49,468 - model_name : FaceNet_finetuning_Random_Batch_FNP_CE
2024-06-02 23:22:39,836 - 0 result:
2024-06-02 23:22:39,836 - Name: 2, Distance: 1.087208867073059
2024-06-02 23:22:39,837 - Name: 0, Distance: 1.1165000200271606
2024-06-02 23:22:39,837 - Name: 2, Distance: 1.132449746131897
2024-06-02 23:22:39,837 - Name: 2, Distance: 1.1330935955047607
2024-06-02 23:22:39,837 - Name: 0, Distance: 1.1440917253494263
2024-06-02 23:22:40,075 - 1 result:
2024-06-02 23:22:40,075 - Name: 0, Distance: 1.0094115734100342
2024-06-02 23:22:40,075 - Name: 0, Distance: 1.0253111124038696
2024-06-02 23:22:40,075 - Name: 0, Distance: 1.0503653287887573
2024-06-02 23:22:40,075 - Name: 52, Distance: 1.098313808441162
2024-06-02 23:22:40,075 - Name: 52, Distance: 1.1006826162338257
2024-06-02 23:22:40,689 - 10 result:
2024-06-02 23:22:40,690 - Name: 43, Distance: 0.9751420617103577
2024-06-02 23:22:40,690 - Name: 43, Distance: 0.9842162132263184
2024-06-02 23:22:40,690 - Name: 43, Distance: 0.9971998333930969
2024-06-02 23:22:40,690 - Name: 5, Distance: 1.0707168579101562
2024-06-02 23:22:40,690 - Name: 5, Distance: 1.0732331275939941
2024-06-02 23:22:40,753 - 11 result:
2024-06-02 23:22:40,753 - Name: 45, Distance: 0.8479920029640198
2024-06-02 23:22:40,753 - Name: 45, Distance: 0.9027008414268494
2024-06-02 23:22:40,753 - Name: 45, Distance: 0.9128292202949524
2024-06-02 23:22:40,753 - Name: 36, Distance: 1.1841013431549072
2024-06-02 23:22:40,754 - Name: 8, Distance: 1.1850203275680542
2024-06-02 23:22:40,808 - 12 result:
2024-06-02 23:22:40,808 - Name: 12, Distance: 1.0143519639968872
2024-06-02 23:22:40,808 - Name: 12, Distance: 1.0338478088378906
2024-06-02 23:22:40,808 - Name: 12, Distance: 1.0613211393356323
2024-06-02 23:22:40,808 - Name: 15, Distance: 1.0854206085205078
2024-06-02 23:22:40,808 - Name: 7, Distance: 1.110851764678955
2024-06-02 23:22:41,039 - 13 result:
2024-06-02 23:22:41,039 - Name: 13, Distance: 0.0
2024-06-02 23:22:41,039 - Name: 13, Distance: 0.19774526357650757
2024-06-02 23:22:41,039 - Name: 13, Distance: 0.1995246410369873
2024-06-02 23:22:41,039 - Name: 17, Distance: 1.2459790706634521
2024-06-02 23:22:41,039 - Name: 17, Distance: 1.2774142026901245
2024-06-02 23:22:41,680 - 14 result:
2024-06-02 23:22:41,680 - Name: 52, Distance: 1.0616568326950073
2024-06-02 23:22:41,680 - Name: 32, Distance: 1.0656118392944336
2024-06-02 23:22:41,680 - Name: 52, Distance: 1.087889552116394
2024-06-02 23:22:41,680 - Name: 50, Distance: 1.0887830257415771
2024-06-02 23:22:41,680 - Name: 32, Distance: 1.0889384746551514
2024-06-02 23:22:41,736 - 15 result:
2024-06-02 23:22:41,736 - Name: 28, Distance: 0.9464893341064453
2024-06-02 23:22:41,736 - Name: 28, Distance: 0.9646121859550476
2024-06-02 23:22:41,736 - Name: 28, Distance: 0.9677175283432007
2024-06-02 23:22:41,736 - Name: 30, Distance: 1.0066862106323242
2024-06-02 23:22:41,736 - Name: 30, Distance: 1.0340735912322998
2024-06-02 23:22:41,961 - 16 result:
2024-06-02 23:22:41,962 - Name: 16, Distance: 0.7352383732795715
2024-06-02 23:22:41,962 - Name: 16, Distance: 0.753835141658783
2024-06-02 23:22:41,962 - Name: 16, Distance: 0.7722479701042175
2024-06-02 23:22:41,962 - Name: 26, Distance: 1.020805835723877
2024-06-02 23:22:41,962 - Name: 26, Distance: 1.0268911123275757
2024-06-02 23:22:42,569 - 17 result:
2024-06-02 23:22:42,569 - Name: 13, Distance: 1.0797529220581055
2024-06-02 23:22:42,569 - Name: 17, Distance: 1.1074532270431519
2024-06-02 23:22:42,569 - Name: 17, Distance: 1.1095112562179565
2024-06-02 23:22:42,570 - Name: 13, Distance: 1.113383412361145
2024-06-02 23:22:42,570 - Name: 17, Distance: 1.1206800937652588
2024-06-02 23:22:42,681 - 18 result:
2024-06-02 23:22:42,681 - Name: 14, Distance: 1.0559169054031372
2024-06-02 23:22:42,681 - Name: 14, Distance: 1.0755929946899414
2024-06-02 23:22:42,681 - Name: 14, Distance: 1.092519998550415
2024-06-02 23:22:42,681 - Name: 33, Distance: 1.0966473817825317
2024-06-02 23:22:42,681 - Name: 33, Distance: 1.1089260578155518
2024-06-02 23:22:42,958 - 19 result:
2024-06-02 23:22:42,958 - Name: 1, Distance: 0.9735128879547119
2024-06-02 23:22:42,958 - Name: 1, Distance: 0.9823769330978394
2024-06-02 23:22:42,958 - Name: 1, Distance: 0.9965204000473022
2024-06-02 23:22:42,958 - Name: 30, Distance: 1.1349577903747559
2024-06-02 23:22:42,958 - Name: 28, Distance: 1.143087387084961
2024-06-02 23:22:43,704 - 2 result:
2024-06-02 23:22:43,705 - Name: 52, Distance: 1.0184075832366943
2024-06-02 23:22:43,705 - Name: 52, Distance: 1.03083336353302
2024-06-02 23:22:43,705 - Name: 52, Distance: 1.0461325645446777
2024-06-02 23:22:43,705 - Name: 2, Distance: 1.0647836923599243
2024-06-02 23:22:43,705 - Name: 2, Distance: 1.0959861278533936
2024-06-02 23:22:43,762 - 20 result:
2024-06-02 23:22:43,762 - Name: 20, Distance: 1.0197322368621826
2024-06-02 23:22:43,762 - Name: 20, Distance: 1.0427697896957397
2024-06-02 23:22:43,762 - Name: 20, Distance: 1.0453448295593262
2024-06-02 23:22:43,762 - Name: 43, Distance: 1.0596646070480347
2024-06-02 23:22:43,762 - Name: 43, Distance: 1.080635905265808
2024-06-02 23:22:44,006 - 21 result:
2024-06-02 23:22:44,006 - Name: 43, Distance: 1.0415315628051758
2024-06-02 23:22:44,006 - Name: 10, Distance: 1.0482150316238403
2024-06-02 23:22:44,006 - Name: 10, Distance: 1.0684268474578857
2024-06-02 23:22:44,006 - Name: 43, Distance: 1.0689923763275146
2024-06-02 23:22:44,006 - Name: 10, Distance: 1.0778751373291016
2024-06-02 23:22:44,617 - 22 result:
2024-06-02 23:22:44,617 - Name: 32, Distance: 0.9117178916931152
2024-06-02 23:22:44,617 - Name: 58, Distance: 0.924946129322052
2024-06-02 23:22:44,617 - Name: 58, Distance: 0.9391615986824036
2024-06-02 23:22:44,617 - Name: 32, Distance: 0.9434488415718079
2024-06-02 23:22:44,617 - Name: 58, Distance: 0.9537599682807922
2024-06-02 23:22:44,671 - 23 result:
2024-06-02 23:22:44,672 - Name: 29, Distance: 0.9498391151428223
2024-06-02 23:22:44,672 - Name: 29, Distance: 0.9932805299758911
2024-06-02 23:22:44,672 - Name: 29, Distance: 1.010638952255249
2024-06-02 23:22:44,672 - Name: 12, Distance: 1.076683521270752
2024-06-02 23:22:44,672 - Name: 12, Distance: 1.082624912261963
2024-06-02 23:22:44,725 - 24 result:
2024-06-02 23:22:44,725 - Name: 24, Distance: 0.6826624274253845
2024-06-02 23:22:44,725 - Name: 24, Distance: 0.6843355298042297
2024-06-02 23:22:44,725 - Name: 24, Distance: 0.6896775364875793
2024-06-02 23:22:44,726 - Name: 26, Distance: 0.9911391735076904
2024-06-02 23:22:44,726 - Name: 26, Distance: 1.014575719833374
2024-06-02 23:22:44,946 - 25 result:
2024-06-02 23:22:44,946 - Name: 44, Distance: 1.051466464996338
2024-06-02 23:22:44,946 - Name: 50, Distance: 1.057027816772461
2024-06-02 23:22:44,946 - Name: 44, Distance: 1.05903959274292
2024-06-02 23:22:44,946 - Name: 50, Distance: 1.0711489915847778
2024-06-02 23:22:44,946 - Name: 50, Distance: 1.0716338157653809
2024-06-02 23:22:45,534 - 26 result:
2024-06-02 23:22:45,534 - Name: 28, Distance: 0.8399953842163086
2024-06-02 23:22:45,535 - Name: 28, Distance: 0.8634835481643677
2024-06-02 23:22:45,535 - Name: 28, Distance: 0.8738125562667847
2024-06-02 23:22:45,535 - Name: 16, Distance: 0.9904104471206665
2024-06-02 23:22:45,535 - Name: 16, Distance: 1.0152896642684937
2024-06-02 23:22:45,626 - 27 result:
2024-06-02 23:22:45,626 - Name: 28, Distance: 0.8833871483802795
2024-06-02 23:22:45,626 - Name: 28, Distance: 0.8982198238372803
2024-06-02 23:22:45,626 - Name: 28, Distance: 0.9061740040779114
2024-06-02 23:22:45,626 - Name: 55, Distance: 1.1671470403671265
2024-06-02 23:22:45,626 - Name: 25, Distance: 1.1705445051193237
2024-06-02 23:22:45,680 - 28 result:
2024-06-02 23:22:45,680 - Name: 30, Distance: 0.9280810356140137
2024-06-02 23:22:45,680 - Name: 30, Distance: 0.9649746417999268
2024-06-02 23:22:45,680 - Name: 30, Distance: 0.9888110756874084
2024-06-02 23:22:45,680 - Name: 27, Distance: 1.0726982355117798
2024-06-02 23:22:45,680 - Name: 27, Distance: 1.0866978168487549
2024-06-02 23:22:45,962 - 29 result:
2024-06-02 23:22:45,963 - Name: 21, Distance: 0.6208871006965637
2024-06-02 23:22:45,963 - Name: 21, Distance: 0.6503019332885742
2024-06-02 23:22:45,963 - Name: 21, Distance: 0.6595457792282104
2024-06-02 23:22:45,963 - Name: 50, Distance: 1.1644001007080078
2024-06-02 23:22:45,963 - Name: 50, Distance: 1.1894890069961548
2024-06-02 23:22:46,576 - 3 result:
2024-06-02 23:22:46,577 - Name: 3, Distance: 0.770235538482666
2024-06-02 23:22:46,577 - Name: 3, Distance: 0.7913450598716736
2024-06-02 23:22:46,577 - Name: 3, Distance: 0.8251119256019592
2024-06-02 23:22:46,577 - Name: 37, Distance: 1.0277444124221802
2024-06-02 23:22:46,577 - Name: 37, Distance: 1.0332952737808228
2024-06-02 23:22:46,630 - 30 result:
2024-06-02 23:22:46,630 - Name: 28, Distance: 0.8684183955192566
2024-06-02 23:22:46,630 - Name: 28, Distance: 0.8842990398406982
2024-06-02 23:22:46,630 - Name: 28, Distance: 0.8865681886672974
2024-06-02 23:22:46,630 - Name: 30, Distance: 1.0844769477844238
2024-06-02 23:22:46,630 - Name: 15, Distance: 1.0862611532211304
2024-06-02 23:22:46,683 - 31 result:
2024-06-02 23:22:46,683 - Name: 14, Distance: 1.110573172569275
2024-06-02 23:22:46,683 - Name: 53, Distance: 1.1233552694320679
2024-06-02 23:22:46,683 - Name: 14, Distance: 1.1235864162445068
2024-06-02 23:22:46,683 - Name: 14, Distance: 1.1289455890655518
2024-06-02 23:22:46,683 - Name: 57, Distance: 1.154141902923584
2024-06-02 23:22:46,916 - 32 result:
2024-06-02 23:22:46,916 - Name: 1, Distance: 1.0317637920379639
2024-06-02 23:22:46,916 - Name: 1, Distance: 1.0390193462371826
2024-06-02 23:22:46,916 - Name: 1, Distance: 1.0519416332244873
2024-06-02 23:22:46,916 - Name: 22, Distance: 1.0540530681610107
2024-06-02 23:22:46,916 - Name: 32, Distance: 1.0556731224060059
2024-06-02 23:22:47,553 - 33 result:
2024-06-02 23:22:47,554 - Name: 9, Distance: 1.0530186891555786
2024-06-02 23:22:47,554 - Name: 14, Distance: 1.0538307428359985
2024-06-02 23:22:47,554 - Name: 18, Distance: 1.0575532913208008
2024-06-02 23:22:47,554 - Name: 18, Distance: 1.0747443437576294
2024-06-02 23:22:47,554 - Name: 18, Distance: 1.0897387266159058
2024-06-02 23:22:47,609 - 34 result:
2024-06-02 23:22:47,609 - Name: 29, Distance: 0.7022815346717834
2024-06-02 23:22:47,609 - Name: 29, Distance: 0.7183080315589905
2024-06-02 23:22:47,609 - Name: 29, Distance: 0.7473077774047852
2024-06-02 23:22:47,609 - Name: 8, Distance: 0.9509783983230591
2024-06-02 23:22:47,609 - Name: 8, Distance: 0.9642229080200195
2024-06-02 23:22:47,663 - 35 result:
2024-06-02 23:22:47,663 - Name: 35, Distance: 0.895270049571991
2024-06-02 23:22:47,663 - Name: 35, Distance: 0.9159839749336243
2024-06-02 23:22:47,663 - Name: 35, Distance: 0.9385513067245483
2024-06-02 23:22:47,663 - Name: 30, Distance: 0.9784272313117981
2024-06-02 23:22:47,663 - Name: 30, Distance: 0.9915063381195068
2024-06-02 23:22:47,894 - 36 result:
2024-06-02 23:22:47,894 - Name: 8, Distance: 1.0703401565551758
2024-06-02 23:22:47,894 - Name: 20, Distance: 1.0802912712097168
2024-06-02 23:22:47,894 - Name: 8, Distance: 1.0888928174972534
2024-06-02 23:22:47,894 - Name: 8, Distance: 1.106592059135437
2024-06-02 23:22:47,894 - Name: 20, Distance: 1.107706069946289
2024-06-02 23:22:48,542 - 37 result:
2024-06-02 23:22:48,543 - Name: 30, Distance: 1.0745739936828613
2024-06-02 23:22:48,543 - Name: 28, Distance: 1.0906448364257812
2024-06-02 23:22:48,543 - Name: 28, Distance: 1.0906949043273926
2024-06-02 23:22:48,543 - Name: 28, Distance: 1.1012530326843262
2024-06-02 23:22:48,543 - Name: 30, Distance: 1.1323999166488647
2024-06-02 23:22:48,600 - 38 result:
2024-06-02 23:22:48,600 - Name: 21, Distance: 0.8803545832633972
2024-06-02 23:22:48,600 - Name: 21, Distance: 0.8941391110420227
2024-06-02 23:22:48,600 - Name: 21, Distance: 0.9025694131851196
2024-06-02 23:22:48,600 - Name: 55, Distance: 1.0470339059829712
2024-06-02 23:22:48,600 - Name: 55, Distance: 1.0723087787628174
2024-06-02 23:22:48,655 - 39 result:
2024-06-02 23:22:48,655 - Name: 36, Distance: 1.049147605895996
2024-06-02 23:22:48,655 - Name: 36, Distance: 1.0517059564590454
2024-06-02 23:22:48,655 - Name: 36, Distance: 1.0665041208267212
2024-06-02 23:22:48,655 - Name: 16, Distance: 1.1239972114562988
2024-06-02 23:22:48,655 - Name: 16, Distance: 1.1344666481018066
2024-06-02 23:22:48,885 - 4 result:
2024-06-02 23:22:48,886 - Name: 50, Distance: 1.0383044481277466
2024-06-02 23:22:48,886 - Name: 50, Distance: 1.0406224727630615
2024-06-02 23:22:48,886 - Name: 50, Distance: 1.066474437713623
2024-06-02 23:22:48,886 - Name: 48, Distance: 1.07891047000885
2024-06-02 23:22:48,886 - Name: 48, Distance: 1.087405800819397
2024-06-02 23:22:49,517 - 40 result:
2024-06-02 23:22:49,517 - Name: 0, Distance: 0.9333128333091736
2024-06-02 23:22:49,517 - Name: 0, Distance: 0.9405779838562012
2024-06-02 23:22:49,517 - Name: 0, Distance: 0.9515306949615479
2024-06-02 23:22:49,517 - Name: 24, Distance: 1.056820273399353
2024-06-02 23:22:49,518 - Name: 24, Distance: 1.06642484664917
2024-06-02 23:22:49,582 - 41 result:
2024-06-02 23:22:49,582 - Name: 44, Distance: 0.9254345893859863
2024-06-02 23:22:49,582 - Name: 44, Distance: 0.9619236588478088
2024-06-02 23:22:49,582 - Name: 44, Distance: 0.9811971187591553
2024-06-02 23:22:49,583 - Name: 16, Distance: 1.029887080192566
2024-06-02 23:22:49,583 - Name: 45, Distance: 1.0423675775527954
2024-06-02 23:22:49,817 - 42 result:
2024-06-02 23:22:49,818 - Name: 25, Distance: 1.1292630434036255
2024-06-02 23:22:49,818 - Name: 53, Distance: 1.133218765258789
2024-06-02 23:22:49,818 - Name: 25, Distance: 1.1360324621200562
2024-06-02 23:22:49,818 - Name: 25, Distance: 1.1365089416503906
2024-06-02 23:22:49,818 - Name: 55, Distance: 1.1373730897903442
2024-06-02 23:22:50,832 - 44 result:
2024-06-02 23:22:50,832 - Name: 42, Distance: 0.7770316004753113
2024-06-02 23:22:50,832 - Name: 42, Distance: 0.8325639367103577
2024-06-02 23:22:50,832 - Name: 42, Distance: 0.837700605392456
2024-06-02 23:22:50,832 - Name: 2, Distance: 1.0947633981704712
2024-06-02 23:22:50,832 - Name: 2, Distance: 1.098918080329895
2024-06-02 23:22:51,427 - 45 result:
2024-06-02 23:22:51,428 - Name: 42, Distance: 0.9613476991653442
2024-06-02 23:22:51,428 - Name: 42, Distance: 1.0083503723144531
2024-06-02 23:22:51,428 - Name: 42, Distance: 1.0259041786193848
2024-06-02 23:22:51,428 - Name: 31, Distance: 1.0693618059158325
2024-06-02 23:22:51,428 - Name: 31, Distance: 1.0700569152832031
2024-06-02 23:22:51,508 - 46 result:
2024-06-02 23:22:51,508 - Name: 4, Distance: 1.015244722366333
2024-06-02 23:22:51,508 - Name: 4, Distance: 1.0230872631072998
2024-06-02 23:22:51,508 - Name: 43, Distance: 1.0244003534317017
2024-06-02 23:22:51,508 - Name: 43, Distance: 1.0257619619369507
2024-06-02 23:22:51,508 - Name: 43, Distance: 1.0431407690048218
2024-06-02 23:22:51,563 - 47 result:
2024-06-02 23:22:51,564 - Name: 45, Distance: 1.0010899305343628
2024-06-02 23:22:51,564 - Name: 45, Distance: 1.0207891464233398
2024-06-02 23:22:51,564 - Name: 45, Distance: 1.0462722778320312
2024-06-02 23:22:51,564 - Name: 59, Distance: 1.055567979812622
2024-06-02 23:22:51,564 - Name: 59, Distance: 1.0718989372253418
2024-06-02 23:22:51,797 - 48 result:
2024-06-02 23:22:51,797 - Name: 9, Distance: 1.0742111206054688
2024-06-02 23:22:51,797 - Name: 9, Distance: 1.1245626211166382
2024-06-02 23:22:51,797 - Name: 0, Distance: 1.1321531534194946
2024-06-02 23:22:51,797 - Name: 0, Distance: 1.1375682353973389
2024-06-02 23:22:51,797 - Name: 0, Distance: 1.1416215896606445
2024-06-02 23:22:52,410 - 5 result:
2024-06-02 23:22:52,410 - Name: 5, Distance: 1.0450600385665894
2024-06-02 23:22:52,410 - Name: 5, Distance: 1.0782575607299805
2024-06-02 23:22:52,410 - Name: 50, Distance: 1.110763430595398
2024-06-02 23:22:52,410 - Name: 5, Distance: 1.1109514236450195
2024-06-02 23:22:52,410 - Name: 21, Distance: 1.119248390197754
2024-06-02 23:22:52,464 - 50 result:
2024-06-02 23:22:52,464 - Name: 50, Distance: 1.0505582094192505
2024-06-02 23:22:52,464 - Name: 9, Distance: 1.0548417568206787
2024-06-02 23:22:52,464 - Name: 9, Distance: 1.0570131540298462
2024-06-02 23:22:52,464 - Name: 9, Distance: 1.0632940530776978
2024-06-02 23:22:52,465 - Name: 29, Distance: 1.106892466545105
2024-06-02 23:22:52,518 - 51 result:
2024-06-02 23:22:52,519 - Name: 57, Distance: 0.846591055393219
2024-06-02 23:22:52,519 - Name: 57, Distance: 0.8805891275405884
2024-06-02 23:22:52,519 - Name: 57, Distance: 0.8859617114067078
2024-06-02 23:22:52,519 - Name: 14, Distance: 1.1011396646499634
2024-06-02 23:22:52,519 - Name: 14, Distance: 1.1268020868301392
2024-06-02 23:22:52,753 - 52 result:
2024-06-02 23:22:52,753 - Name: 28, Distance: 1.021314024925232
2024-06-02 23:22:52,753 - Name: 44, Distance: 1.0414587259292603
2024-06-02 23:22:52,753 - Name: 28, Distance: 1.0429972410202026
2024-06-02 23:22:52,753 - Name: 28, Distance: 1.0514978170394897
2024-06-02 23:22:52,753 - Name: 44, Distance: 1.0579957962036133
2024-06-02 23:22:53,361 - 53 result:
2024-06-02 23:22:53,361 - Name: 54, Distance: 0.8846216797828674
2024-06-02 23:22:53,361 - Name: 54, Distance: 0.9082977771759033
2024-06-02 23:22:53,361 - Name: 54, Distance: 0.9207310080528259
2024-06-02 23:22:53,361 - Name: 35, Distance: 0.9824687838554382
2024-06-02 23:22:53,361 - Name: 35, Distance: 0.9858446717262268
2024-06-02 23:22:53,415 - 54 result:
2024-06-02 23:22:53,415 - Name: 54, Distance: 0.9435089826583862
2024-06-02 23:22:53,415 - Name: 54, Distance: 0.9446353912353516
2024-06-02 23:22:53,415 - Name: 54, Distance: 0.9469606280326843
2024-06-02 23:22:53,415 - Name: 36, Distance: 1.0521782636642456
2024-06-02 23:22:53,415 - Name: 36, Distance: 1.0908734798431396
2024-06-02 23:22:53,469 - 55 result:
2024-06-02 23:22:53,470 - Name: 55, Distance: 0.8544220924377441
2024-06-02 23:22:53,470 - Name: 55, Distance: 0.8613150715827942
2024-06-02 23:22:53,470 - Name: 55, Distance: 0.8651168346405029
2024-06-02 23:22:53,470 - Name: 47, Distance: 1.129417061805725
2024-06-02 23:22:53,470 - Name: 47, Distance: 1.1573173999786377
2024-06-02 23:22:53,700 - 56 result:
2024-06-02 23:22:53,700 - Name: 45, Distance: 0.8980671763420105
2024-06-02 23:22:53,700 - Name: 45, Distance: 0.9406300187110901
2024-06-02 23:22:53,700 - Name: 45, Distance: 0.9444587826728821
2024-06-02 23:22:53,700 - Name: 17, Distance: 1.0559089183807373
2024-06-02 23:22:53,700 - Name: 17, Distance: 1.0663224458694458
2024-06-02 23:22:53,754 - 57 result:
2024-06-02 23:22:53,754 - Name: 58, Distance: 0.9924187064170837
2024-06-02 23:22:53,754 - Name: 0, Distance: 0.9938756823539734
2024-06-02 23:22:53,754 - Name: 0, Distance: 1.0114805698394775
2024-06-02 23:22:53,754 - Name: 0, Distance: 1.0140570402145386
2024-06-02 23:22:53,755 - Name: 58, Distance: 1.0208464860916138
2024-06-02 23:22:54,364 - 58 result:
2024-06-02 23:22:54,364 - Name: 58, Distance: 1.031313180923462
2024-06-02 23:22:54,364 - Name: 58, Distance: 1.0415743589401245
2024-06-02 23:22:54,364 - Name: 3, Distance: 1.0501576662063599
2024-06-02 23:22:54,365 - Name: 2, Distance: 1.064845085144043
2024-06-02 23:22:54,365 - Name: 2, Distance: 1.065199851989746
2024-06-02 23:22:54,426 - 59 result:
2024-06-02 23:22:54,426 - Name: 57, Distance: 0.9684123992919922
2024-06-02 23:22:54,427 - Name: 57, Distance: 0.9847391247749329
2024-06-02 23:22:54,427 - Name: 57, Distance: 0.9892978668212891
2024-06-02 23:22:54,427 - Name: 12, Distance: 1.134544014930725
2024-06-02 23:22:54,427 - Name: 12, Distance: 1.1491352319717407
2024-06-02 23:22:54,674 - 6 result:
2024-06-02 23:22:54,674 - Name: 25, Distance: 1.0097124576568604
2024-06-02 23:22:54,674 - Name: 25, Distance: 1.0110323429107666
2024-06-02 23:22:54,674 - Name: 25, Distance: 1.0265605449676514
2024-06-02 23:22:54,674 - Name: 53, Distance: 1.1442768573760986
2024-06-02 23:22:54,675 - Name: 53, Distance: 1.169312834739685
2024-06-02 23:22:55,306 - 7 result:
2024-06-02 23:22:55,306 - Name: 13, Distance: 1.1165201663970947
2024-06-02 23:22:55,306 - Name: 13, Distance: 1.1168111562728882
2024-06-02 23:22:55,306 - Name: 13, Distance: 1.1255289316177368
2024-06-02 23:22:55,306 - Name: 18, Distance: 1.1527057886123657
2024-06-02 23:22:55,306 - Name: 18, Distance: 1.1595594882965088
2024-06-02 23:22:55,374 - 8 result:
2024-06-02 23:22:55,374 - Name: 11, Distance: 0.9771662354469299
2024-06-02 23:22:55,374 - Name: 11, Distance: 0.9932650327682495
2024-06-02 23:22:55,375 - Name: 11, Distance: 1.0084668397903442
2024-06-02 23:22:55,375 - Name: 20, Distance: 1.0144048929214478
2024-06-02 23:22:55,375 - Name: 20, Distance: 1.0163066387176514
2024-06-02 23:22:55,622 - 9 result:
2024-06-02 23:22:55,622 - Name: 12, Distance: 1.005474328994751
2024-06-02 23:22:55,622 - Name: 12, Distance: 1.0067801475524902
2024-06-02 23:22:55,622 - Name: 12, Distance: 1.016950249671936
2024-06-02 23:22:55,622 - Name: 7, Distance: 1.0798746347427368
2024-06-02 23:22:55,622 - Name: 7, Distance: 1.0845201015472412
2024-06-02 23:22:55,714 - Total samples: 58
2024-06-02 23:22:55,714 - Correct predictions: 17
2024-06-02 23:22:55,714 - Incorrect predictions: 41
2024-06-02 23:22:55,714 - Accuracy: 29.31%
2024-06-02 23:22:55,714 - Correctly predicted classes:
2024-06-02 23:22:55,715 - 12: 1
2024-06-02 23:22:55,715 - 17: 1
2024-06-02 23:22:55,715 - 0: 1
2024-06-02 23:22:55,715 - 5: 1
2024-06-02 23:22:55,715 - 54: 1
2024-06-02 23:22:55,715 - 55: 1
2024-06-02 23:22:55,715 - 35: 1
2024-06-02 23:22:55,715 - 2: 1
2024-06-02 23:22:55,715 - 30: 1
2024-06-02 23:22:55,716 - 20: 1
2024-06-02 23:22:55,716 - 3: 1
2024-06-02 23:22:55,716 - 32: 1
2024-06-02 23:22:55,716 - 13: 1
2024-06-02 23:22:55,716 - 24: 1
2024-06-02 23:22:55,716 - 50: 1
2024-06-02 23:22:55,716 - 58: 1
2024-06-02 23:22:55,716 - 16: 1
2024-06-02 23:22:55,716 - Incorrectly predicted classes:
2024-06-02 23:22:55,717 - 51: 1
2024-06-02 23:22:55,717 - 1: 1
2024-06-02 23:22:55,717 - 57: 1
2024-06-02 23:22:55,717 - 23: 1
2024-06-02 23:22:55,717 - 39: 1
2024-06-02 23:22:55,717 - 48: 1
2024-06-02 23:22:55,717 - 33: 1
2024-06-02 23:22:55,717 - 4: 1
2024-06-02 23:22:55,717 - 19: 1
2024-06-02 23:22:55,718 - 37: 1
2024-06-02 23:22:55,718 - 25: 1
2024-06-02 23:22:55,718 - 10: 1
2024-06-02 23:22:55,718 - 36: 1
2024-06-02 23:22:55,718 - 59: 1
2024-06-02 23:22:55,718 - 15: 1
2024-06-02 23:22:55,718 - 7: 1
2024-06-02 23:22:55,718 - 27: 1
2024-06-02 23:22:55,718 - 11: 1
2024-06-02 23:22:55,719 - 22: 1
2024-06-02 23:22:55,719 - 28: 1
2024-06-02 23:22:55,719 - 38: 1
2024-06-02 23:22:55,719 - 31: 1
2024-06-02 23:22:55,719 - 42: 1
2024-06-02 23:22:55,719 - 47: 1
2024-06-02 23:22:55,719 - 26: 1
2024-06-02 23:22:55,719 - 53: 1
2024-06-02 23:22:55,719 - 18: 1
2024-06-02 23:22:55,720 - 52: 1
2024-06-02 23:22:55,720 - 40: 1
2024-06-02 23:22:55,720 - 6: 1
2024-06-02 23:22:55,720 - 14: 1
2024-06-02 23:22:55,720 - 45: 1
2024-06-02 23:22:55,720 - 21: 1
2024-06-02 23:22:55,720 - 44: 1
2024-06-02 23:22:55,720 - 34: 1
2024-06-02 23:22:55,720 - 8: 1
2024-06-02 23:22:55,721 - 41: 1
2024-06-02 23:22:55,721 - 29: 1
2024-06-02 23:22:55,721 - 9: 1
2024-06-02 23:22:55,721 - 46: 1
2024-06-02 23:22:55,721 - 56: 1
