2024-06-02 10:19:20,424 - test_dir : ./Face_Dataset/Test
2024-06-02 10:19:20,424 - pretrained : work_dir/FaceNet_finetuning_Random_Batch_L2SP_40_32/FaceNet_finetuning_Random_Batch_L2SP_40_32_deepfake.pth
2024-06-02 10:19:20,424 - model_name : FaceNet_finetuning_Random_Batch_L2SP
2024-06-02 10:20:11,360 - 0 result:
2024-06-02 10:20:11,360 - Name: 0, Distance: 0.17396585643291473
2024-06-02 10:20:11,360 - Name: 0, Distance: 0.202947735786438
2024-06-02 10:20:11,360 - Name: 58, Distance: 0.25445958971977234
2024-06-02 10:20:11,361 - Name: 58, Distance: 0.3688848614692688
2024-06-02 10:20:11,361 - Name: 1, Distance: 0.3767701983451843
2024-06-02 10:20:11,413 - 1 result:
2024-06-02 10:20:11,414 - Name: 2, Distance: 0.23712995648384094
2024-06-02 10:20:11,414 - Name: 2, Distance: 0.26123857498168945
2024-06-02 10:20:11,414 - Name: 52, Distance: 0.2954609990119934
2024-06-02 10:20:11,414 - Name: 1, Distance: 0.31556394696235657
2024-06-02 10:20:11,414 - Name: 45, Distance: 0.3344135284423828
2024-06-02 10:20:11,466 - 10 result:
2024-06-02 10:20:11,466 - Name: 10, Distance: 0.1540347933769226
2024-06-02 10:20:11,466 - Name: 5, Distance: 0.2978367805480957
2024-06-02 10:20:11,466 - Name: 10, Distance: 0.3064844608306885
2024-06-02 10:20:11,466 - Name: 5, Distance: 0.4263073801994324
2024-06-02 10:20:11,466 - Name: 5, Distance: 0.4384782910346985
2024-06-02 10:20:11,512 - 11 result:
2024-06-02 10:20:11,513 - Name: 29, Distance: 0.2822369337081909
2024-06-02 10:20:11,513 - Name: 56, Distance: 0.30738428235054016
2024-06-02 10:20:11,513 - Name: 29, Distance: 0.41593465209007263
2024-06-02 10:20:11,513 - Name: 25, Distance: 0.42515748739242554
2024-06-02 10:20:11,513 - Name: 56, Distance: 0.4671649634838104
2024-06-02 10:20:11,584 - 12 result:
2024-06-02 10:20:11,584 - Name: 15, Distance: 0.223901629447937
2024-06-02 10:20:11,584 - Name: 25, Distance: 0.25175562500953674
2024-06-02 10:20:11,584 - Name: 25, Distance: 0.29978126287460327
2024-06-02 10:20:11,584 - Name: 16, Distance: 0.31981781125068665
2024-06-02 10:20:11,584 - Name: 15, Distance: 0.32414838671684265
2024-06-02 10:20:11,650 - 13 result:
2024-06-02 10:20:11,650 - Name: 13, Distance: 0.0
2024-06-02 10:20:11,650 - Name: 14, Distance: 0.07071546465158463
2024-06-02 10:20:11,650 - Name: 13, Distance: 0.11028777062892914
2024-06-02 10:20:11,650 - Name: 22, Distance: 0.1593635529279709
2024-06-02 10:20:11,650 - Name: 34, Distance: 0.16614405810832977
2024-06-02 10:20:11,697 - 14 result:
2024-06-02 10:20:11,697 - Name: 10, Distance: 0.28774213790893555
2024-06-02 10:20:11,697 - Name: 10, Distance: 0.3116976022720337
2024-06-02 10:20:11,697 - Name: 5, Distance: 0.41338610649108887
2024-06-02 10:20:11,697 - Name: 21, Distance: 0.4850664734840393
2024-06-02 10:20:11,697 - Name: 21, Distance: 0.48601847887039185
2024-06-02 10:20:11,738 - 15 result:
2024-06-02 10:20:11,738 - Name: 15, Distance: 0.07522743940353394
2024-06-02 10:20:11,738 - Name: 16, Distance: 0.1126650720834732
2024-06-02 10:20:11,738 - Name: 16, Distance: 0.1331135779619217
2024-06-02 10:20:11,738 - Name: 15, Distance: 0.1406257003545761
2024-06-02 10:20:11,738 - Name: 15, Distance: 0.1609794944524765
2024-06-02 10:20:11,782 - 16 result:
2024-06-02 10:20:11,782 - Name: 15, Distance: 0.15371336042881012
2024-06-02 10:20:11,782 - Name: 15, Distance: 0.1578507423400879
2024-06-02 10:20:11,782 - Name: 8, Distance: 0.16114141047000885
2024-06-02 10:20:11,782 - Name: 15, Distance: 0.17890988290309906
2024-06-02 10:20:11,782 - Name: 16, Distance: 0.19294513761997223
2024-06-02 10:20:11,828 - 17 result:
2024-06-02 10:20:11,828 - Name: 31, Distance: 0.20049653947353363
2024-06-02 10:20:11,828 - Name: 9, Distance: 0.22471924126148224
2024-06-02 10:20:11,828 - Name: 9, Distance: 0.26589059829711914
2024-06-02 10:20:11,828 - Name: 23, Distance: 0.3096254765987396
2024-06-02 10:20:11,828 - Name: 5, Distance: 0.3163256049156189
2024-06-02 10:20:11,867 - 18 result:
2024-06-02 10:20:11,867 - Name: 34, Distance: 0.4159224033355713
2024-06-02 10:20:11,867 - Name: 34, Distance: 0.4266246259212494
2024-06-02 10:20:11,867 - Name: 22, Distance: 0.4273858666419983
2024-06-02 10:20:11,867 - Name: 10, Distance: 0.4328104257583618
2024-06-02 10:20:11,867 - Name: 17, Distance: 0.43379971385002136
2024-06-02 10:20:11,905 - 19 result:
2024-06-02 10:20:11,905 - Name: 19, Distance: 0.13428276777267456
2024-06-02 10:20:11,905 - Name: 30, Distance: 0.1345078945159912
2024-06-02 10:20:11,905 - Name: 19, Distance: 0.13572120666503906
2024-06-02 10:20:11,905 - Name: 42, Distance: 0.1395869255065918
2024-06-02 10:20:11,905 - Name: 29, Distance: 0.14150086045265198
2024-06-02 10:20:11,944 - 2 result:
2024-06-02 10:20:11,945 - Name: 16, Distance: 0.4162622094154358
2024-06-02 10:20:11,945 - Name: 2, Distance: 0.4378809630870819
2024-06-02 10:20:11,945 - Name: 2, Distance: 0.517383873462677
2024-06-02 10:20:11,945 - Name: 45, Distance: 0.5617405772209167
2024-06-02 10:20:11,945 - Name: 52, Distance: 0.5796310305595398
2024-06-02 10:20:11,987 - 20 result:
2024-06-02 10:20:11,987 - Name: 43, Distance: 0.09245879203081131
2024-06-02 10:20:11,988 - Name: 43, Distance: 0.09281095117330551
2024-06-02 10:20:11,988 - Name: 23, Distance: 0.11729472875595093
2024-06-02 10:20:11,988 - Name: 50, Distance: 0.1281089037656784
2024-06-02 10:20:11,988 - Name: 23, Distance: 0.13046924769878387
2024-06-02 10:20:12,040 - 21 result:
2024-06-02 10:20:12,040 - Name: 5, Distance: 0.10180886089801788
2024-06-02 10:20:12,040 - Name: 5, Distance: 0.15700559318065643
2024-06-02 10:20:12,040 - Name: 10, Distance: 0.16246157884597778
2024-06-02 10:20:12,040 - Name: 50, Distance: 0.18809927999973297
2024-06-02 10:20:12,040 - Name: 50, Distance: 0.21652309596538544
2024-06-02 10:20:12,082 - 22 result:
2024-06-02 10:20:12,082 - Name: 34, Distance: 0.3861823081970215
2024-06-02 10:20:12,082 - Name: 22, Distance: 0.38988712430000305
2024-06-02 10:20:12,082 - Name: 17, Distance: 0.39223822951316833
2024-06-02 10:20:12,082 - Name: 34, Distance: 0.3923376798629761
2024-06-02 10:20:12,082 - Name: 33, Distance: 0.4199889898300171
2024-06-02 10:20:12,123 - 23 result:
2024-06-02 10:20:12,123 - Name: 13, Distance: 0.17495101690292358
2024-06-02 10:20:12,124 - Name: 14, Distance: 0.2370200753211975
2024-06-02 10:20:12,124 - Name: 7, Distance: 0.24150052666664124
2024-06-02 10:20:12,124 - Name: 13, Distance: 0.26364800333976746
2024-06-02 10:20:12,124 - Name: 18, Distance: 0.34267133474349976
2024-06-02 10:20:12,165 - 24 result:
2024-06-02 10:20:12,165 - Name: 26, Distance: 0.06786815822124481
2024-06-02 10:20:12,165 - Name: 26, Distance: 0.07398048043251038
2024-06-02 10:20:12,165 - Name: 26, Distance: 0.09923558682203293
2024-06-02 10:20:12,165 - Name: 28, Distance: 0.1012871265411377
2024-06-02 10:20:12,165 - Name: 27, Distance: 0.10776489973068237
2024-06-02 10:20:12,207 - 25 result:
2024-06-02 10:20:12,207 - Name: 25, Distance: 0.1449083685874939
2024-06-02 10:20:12,207 - Name: 15, Distance: 0.15687507390975952
2024-06-02 10:20:12,207 - Name: 25, Distance: 0.17740556597709656
2024-06-02 10:20:12,207 - Name: 16, Distance: 0.23625969886779785
2024-06-02 10:20:12,207 - Name: 16, Distance: 0.25598394870758057
2024-06-02 10:20:12,249 - 26 result:
2024-06-02 10:20:12,249 - Name: 28, Distance: 0.03257017955183983
2024-06-02 10:20:12,249 - Name: 24, Distance: 0.059372611343860626
2024-06-02 10:20:12,249 - Name: 27, Distance: 0.07186359912157059
2024-06-02 10:20:12,249 - Name: 27, Distance: 0.08016049116849899
2024-06-02 10:20:12,249 - Name: 28, Distance: 0.08600600808858871
2024-06-02 10:20:12,290 - 27 result:
2024-06-02 10:20:12,290 - Name: 12, Distance: 0.28095224499702454
2024-06-02 10:20:12,290 - Name: 7, Distance: 0.3043682277202606
2024-06-02 10:20:12,290 - Name: 12, Distance: 0.3792765736579895
2024-06-02 10:20:12,290 - Name: 12, Distance: 0.47407063841819763
2024-06-02 10:20:12,290 - Name: 25, Distance: 0.47923892736434937
2024-06-02 10:20:12,330 - 28 result:
2024-06-02 10:20:12,330 - Name: 25, Distance: 0.16385066509246826
2024-06-02 10:20:12,330 - Name: 25, Distance: 0.2737756073474884
2024-06-02 10:20:12,330 - Name: 7, Distance: 0.3926263749599457
2024-06-02 10:20:12,330 - Name: 25, Distance: 0.41200006008148193
2024-06-02 10:20:12,330 - Name: 29, Distance: 0.4149720370769501
2024-06-02 10:20:12,371 - 29 result:
2024-06-02 10:20:12,371 - Name: 24, Distance: 0.3079509437084198
2024-06-02 10:20:12,371 - Name: 24, Distance: 0.33417177200317383
2024-06-02 10:20:12,371 - Name: 27, Distance: 0.39746683835983276
2024-06-02 10:20:12,371 - Name: 28, Distance: 0.45149263739585876
2024-06-02 10:20:12,371 - Name: 24, Distance: 0.48407283425331116
2024-06-02 10:20:12,412 - 3 result:
2024-06-02 10:20:12,412 - Name: 48, Distance: 0.2540174126625061
2024-06-02 10:20:12,412 - Name: 38, Distance: 0.3504874110221863
2024-06-02 10:20:12,412 - Name: 54, Distance: 0.4286347031593323
2024-06-02 10:20:12,412 - Name: 46, Distance: 0.44357985258102417
2024-06-02 10:20:12,412 - Name: 48, Distance: 0.4820834696292877
2024-06-02 10:20:12,452 - 30 result:
2024-06-02 10:20:12,452 - Name: 3, Distance: 0.049566544592380524
2024-06-02 10:20:12,452 - Name: 8, Distance: 0.07464037835597992
2024-06-02 10:20:12,452 - Name: 8, Distance: 0.08139065653085709
2024-06-02 10:20:12,452 - Name: 8, Distance: 0.08473166823387146
2024-06-02 10:20:12,452 - Name: 3, Distance: 0.1294413059949875
2024-06-02 10:20:12,520 - 31 result:
2024-06-02 10:20:12,520 - Name: 5, Distance: 0.1494198739528656
2024-06-02 10:20:12,520 - Name: 10, Distance: 0.21956129372119904
2024-06-02 10:20:12,520 - Name: 5, Distance: 0.26664289832115173
2024-06-02 10:20:12,520 - Name: 10, Distance: 0.27790403366088867
2024-06-02 10:20:12,520 - Name: 31, Distance: 0.2779211401939392
2024-06-02 10:20:12,560 - 32 result:
2024-06-02 10:20:12,560 - Name: 58, Distance: 0.1746855527162552
2024-06-02 10:20:12,560 - Name: 1, Distance: 0.17904050648212433
2024-06-02 10:20:12,560 - Name: 1, Distance: 0.201388418674469
2024-06-02 10:20:12,560 - Name: 58, Distance: 0.20548391342163086
2024-06-02 10:20:12,560 - Name: 58, Distance: 0.27517610788345337
2024-06-02 10:20:12,602 - 33 result:
2024-06-02 10:20:12,602 - Name: 13, Distance: 0.16999539732933044
2024-06-02 10:20:12,602 - Name: 14, Distance: 0.19072651863098145
2024-06-02 10:20:12,602 - Name: 13, Distance: 0.21914024651050568
2024-06-02 10:20:12,602 - Name: 18, Distance: 0.23905400931835175
2024-06-02 10:20:12,602 - Name: 22, Distance: 0.2917177677154541
2024-06-02 10:20:12,894 - 34 result:
2024-06-02 10:20:12,894 - Name: 25, Distance: 0.23018315434455872
2024-06-02 10:20:12,894 - Name: 15, Distance: 0.26427629590034485
2024-06-02 10:20:12,894 - Name: 25, Distance: 0.3079029619693756
2024-06-02 10:20:12,894 - Name: 16, Distance: 0.33568722009658813
2024-06-02 10:20:12,894 - Name: 16, Distance: 0.35860762000083923
2024-06-02 10:20:12,935 - 35 result:
2024-06-02 10:20:12,935 - Name: 1, Distance: 0.19004884362220764
2024-06-02 10:20:12,935 - Name: 1, Distance: 0.2732873260974884
2024-06-02 10:20:12,935 - Name: 1, Distance: 0.30543461441993713
2024-06-02 10:20:12,935 - Name: 58, Distance: 0.365463525056839
2024-06-02 10:20:12,935 - Name: 58, Distance: 0.41311660408973694
2024-06-02 10:20:12,974 - 36 result:
2024-06-02 10:20:12,974 - Name: 24, Distance: 0.2553105354309082
2024-06-02 10:20:12,974 - Name: 24, Distance: 0.2593643069267273
2024-06-02 10:20:12,975 - Name: 27, Distance: 0.31763774156570435
2024-06-02 10:20:12,975 - Name: 28, Distance: 0.3593977093696594
2024-06-02 10:20:12,975 - Name: 24, Distance: 0.4014820158481598
2024-06-02 10:20:13,015 - 37 result:
2024-06-02 10:20:13,015 - Name: 16, Distance: 0.07211465388536453
2024-06-02 10:20:13,015 - Name: 15, Distance: 0.07654723525047302
2024-06-02 10:20:13,015 - Name: 16, Distance: 0.07691711187362671
2024-06-02 10:20:13,015 - Name: 25, Distance: 0.08675737679004669
2024-06-02 10:20:13,015 - Name: 3, Distance: 0.19239947199821472
2024-06-02 10:20:13,058 - 38 result:
2024-06-02 10:20:13,058 - Name: 10, Distance: 0.11075357347726822
2024-06-02 10:20:13,058 - Name: 5, Distance: 0.13322748243808746
2024-06-02 10:20:13,058 - Name: 50, Distance: 0.14158841967582703
2024-06-02 10:20:13,058 - Name: 23, Distance: 0.14581459760665894
2024-06-02 10:20:13,058 - Name: 23, Distance: 0.15685349702835083
2024-06-02 10:20:13,101 - 39 result:
2024-06-02 10:20:13,101 - Name: 40, Distance: 0.03073492832481861
2024-06-02 10:20:13,101 - Name: 36, Distance: 0.046072039753198624
2024-06-02 10:20:13,101 - Name: 44, Distance: 0.05338718369603157
2024-06-02 10:20:13,101 - Name: 59, Distance: 0.06650371849536896
2024-06-02 10:20:13,101 - Name: 37, Distance: 0.07089368999004364
2024-06-02 10:20:13,145 - 4 result:
2024-06-02 10:20:13,145 - Name: 34, Distance: 0.6050724983215332
2024-06-02 10:20:13,145 - Name: 7, Distance: 0.6064187288284302
2024-06-02 10:20:13,145 - Name: 22, Distance: 0.627178430557251
2024-06-02 10:20:13,145 - Name: 14, Distance: 0.6436892747879028
2024-06-02 10:20:13,145 - Name: 22, Distance: 0.6463682651519775
2024-06-02 10:20:13,187 - 40 result:
2024-06-02 10:20:13,187 - Name: 0, Distance: 0.614812970161438
2024-06-02 10:20:13,187 - Name: 16, Distance: 0.7373636960983276
2024-06-02 10:20:13,187 - Name: 0, Distance: 0.7558029890060425
2024-06-02 10:20:13,188 - Name: 2, Distance: 0.7751380801200867
2024-06-02 10:20:13,188 - Name: 2, Distance: 0.784296452999115
2024-06-02 10:20:13,229 - 41 result:
2024-06-02 10:20:13,229 - Name: 29, Distance: 0.19269634783267975
2024-06-02 10:20:13,229 - Name: 56, Distance: 0.2110411524772644
2024-06-02 10:20:13,229 - Name: 56, Distance: 0.29807376861572266
2024-06-02 10:20:13,229 - Name: 25, Distance: 0.30114877223968506
2024-06-02 10:20:13,229 - Name: 56, Distance: 0.3016640543937683
2024-06-02 10:20:13,270 - 42 result:
2024-06-02 10:20:13,270 - Name: 1, Distance: 0.27022746205329895
2024-06-02 10:20:13,270 - Name: 0, Distance: 0.33923277258872986
2024-06-02 10:20:13,270 - Name: 1, Distance: 0.34917470812797546
2024-06-02 10:20:13,270 - Name: 58, Distance: 0.3494517505168915
2024-06-02 10:20:13,270 - Name: 1, Distance: 0.3706652522087097
2024-06-02 10:20:13,310 - 44 result:
2024-06-02 10:20:13,310 - Name: 2, Distance: 0.2214653491973877
2024-06-02 10:20:13,310 - Name: 2, Distance: 0.23000559210777283
2024-06-02 10:20:13,310 - Name: 52, Distance: 0.2762683629989624
2024-06-02 10:20:13,310 - Name: 45, Distance: 0.28175175189971924
2024-06-02 10:20:13,310 - Name: 1, Distance: 0.2853633463382721
2024-06-02 10:20:13,351 - 45 result:
2024-06-02 10:20:13,351 - Name: 35, Distance: 0.10441489517688751
2024-06-02 10:20:13,351 - Name: 53, Distance: 0.1876332014799118
2024-06-02 10:20:13,351 - Name: 35, Distance: 0.20449653267860413
2024-06-02 10:20:13,352 - Name: 35, Distance: 0.20511451363563538
2024-06-02 10:20:13,352 - Name: 41, Distance: 0.26560768485069275
2024-06-02 10:20:13,392 - 46 result:
2024-06-02 10:20:13,392 - Name: 54, Distance: 0.1312139332294464
2024-06-02 10:20:13,392 - Name: 59, Distance: 0.17308944463729858
2024-06-02 10:20:13,392 - Name: 58, Distance: 0.17377568781375885
2024-06-02 10:20:13,392 - Name: 54, Distance: 0.19995556771755219
2024-06-02 10:20:13,392 - Name: 0, Distance: 0.2294975370168686
2024-06-02 10:20:13,432 - 47 result:
2024-06-02 10:20:13,432 - Name: 1, Distance: 0.1680196076631546
2024-06-02 10:20:13,432 - Name: 1, Distance: 0.2912178039550781
2024-06-02 10:20:13,432 - Name: 0, Distance: 0.3808613717556
2024-06-02 10:20:13,432 - Name: 1, Distance: 0.41563093662261963
2024-06-02 10:20:13,432 - Name: 45, Distance: 0.4465993046760559
2024-06-02 10:20:13,474 - 48 result:
2024-06-02 10:20:13,474 - Name: 2, Distance: 0.12967449426651
2024-06-02 10:20:13,474 - Name: 16, Distance: 0.1561433970928192
2024-06-02 10:20:13,474 - Name: 45, Distance: 0.17485825717449188
2024-06-02 10:20:13,474 - Name: 4, Distance: 0.19352033734321594
2024-06-02 10:20:13,474 - Name: 52, Distance: 0.22444838285446167
2024-06-02 10:20:13,514 - 5 result:
2024-06-02 10:20:13,515 - Name: 10, Distance: 0.13294729590415955
2024-06-02 10:20:13,515 - Name: 10, Distance: 0.18894228339195251
2024-06-02 10:20:13,515 - Name: 5, Distance: 0.23265765607357025
2024-06-02 10:20:13,515 - Name: 21, Distance: 0.3153422474861145
2024-06-02 10:20:13,515 - Name: 5, Distance: 0.32468292117118835
2024-06-02 10:20:13,556 - 50 result:
2024-06-02 10:20:13,556 - Name: 14, Distance: 0.14218632876873016
2024-06-02 10:20:13,556 - Name: 13, Distance: 0.19589059054851532
2024-06-02 10:20:13,556 - Name: 13, Distance: 0.21161288022994995
2024-06-02 10:20:13,556 - Name: 22, Distance: 0.2245093584060669
2024-06-02 10:20:13,556 - Name: 22, Distance: 0.2394021898508072
2024-06-02 10:20:13,600 - 51 result:
2024-06-02 10:20:13,600 - Name: 5, Distance: 0.04821828380227089
2024-06-02 10:20:13,600 - Name: 43, Distance: 0.07875504344701767
2024-06-02 10:20:13,600 - Name: 50, Distance: 0.11831527203321457
2024-06-02 10:20:13,600 - Name: 50, Distance: 0.12337476760149002
2024-06-02 10:20:13,600 - Name: 43, Distance: 0.12793955206871033
2024-06-02 10:20:13,643 - 52 result:
2024-06-02 10:20:13,643 - Name: 1, Distance: 0.23754723370075226
2024-06-02 10:20:13,643 - Name: 1, Distance: 0.29944100975990295
2024-06-02 10:20:13,643 - Name: 39, Distance: 0.3213971257209778
2024-06-02 10:20:13,643 - Name: 37, Distance: 0.35253944993019104
2024-06-02 10:20:13,643 - Name: 58, Distance: 0.3658866882324219
2024-06-02 10:20:13,688 - 53 result:
2024-06-02 10:20:13,688 - Name: 59, Distance: 0.037188734859228134
2024-06-02 10:20:13,688 - Name: 47, Distance: 0.04565387964248657
2024-06-02 10:20:13,688 - Name: 40, Distance: 0.06354415416717529
2024-06-02 10:20:13,688 - Name: 44, Distance: 0.06445954740047455
2024-06-02 10:20:13,688 - Name: 36, Distance: 0.07377839833498001
2024-06-02 10:20:13,730 - 54 result:
2024-06-02 10:20:13,730 - Name: 1, Distance: 0.07872317731380463
2024-06-02 10:20:13,730 - Name: 58, Distance: 0.07878793776035309
2024-06-02 10:20:13,730 - Name: 1, Distance: 0.17483143508434296
2024-06-02 10:20:13,730 - Name: 58, Distance: 0.22671186923980713
2024-06-02 10:20:13,730 - Name: 0, Distance: 0.23160259425640106
2024-06-02 10:20:13,772 - 55 result:
2024-06-02 10:20:13,772 - Name: 57, Distance: 0.12470253556966782
2024-06-02 10:20:13,772 - Name: 55, Distance: 0.1351635754108429
2024-06-02 10:20:13,772 - Name: 38, Distance: 0.16810859739780426
2024-06-02 10:20:13,772 - Name: 57, Distance: 0.18534083664417267
2024-06-02 10:20:13,772 - Name: 57, Distance: 0.3129567503929138
2024-06-02 10:20:13,815 - 56 result:
2024-06-02 10:20:13,815 - Name: 35, Distance: 0.2986834645271301
2024-06-02 10:20:13,815 - Name: 0, Distance: 0.3606930375099182
2024-06-02 10:20:13,816 - Name: 35, Distance: 0.38205307722091675
2024-06-02 10:20:13,816 - Name: 54, Distance: 0.42130476236343384
2024-06-02 10:20:13,816 - Name: 35, Distance: 0.4429059624671936
2024-06-02 10:20:13,857 - 57 result:
2024-06-02 10:20:13,857 - Name: 48, Distance: 0.20203077793121338
2024-06-02 10:20:13,857 - Name: 48, Distance: 0.4540480077266693
2024-06-02 10:20:13,857 - Name: 9, Distance: 0.49067506194114685
2024-06-02 10:20:13,857 - Name: 48, Distance: 0.5109111666679382
2024-06-02 10:20:13,857 - Name: 9, Distance: 0.5316457152366638
2024-06-02 10:20:13,897 - 58 result:
2024-06-02 10:20:13,897 - Name: 1, Distance: 0.13292646408081055
2024-06-02 10:20:13,897 - Name: 0, Distance: 0.383531779050827
2024-06-02 10:20:13,897 - Name: 2, Distance: 0.39945438504219055
2024-06-02 10:20:13,898 - Name: 45, Distance: 0.40484434366226196
2024-06-02 10:20:13,898 - Name: 2, Distance: 0.4093044102191925
2024-06-02 10:20:13,938 - 59 result:
2024-06-02 10:20:13,938 - Name: 1, Distance: 0.15141582489013672
2024-06-02 10:20:13,938 - Name: 45, Distance: 0.38524776697158813
2024-06-02 10:20:13,938 - Name: 1, Distance: 0.41222715377807617
2024-06-02 10:20:13,938 - Name: 0, Distance: 0.42856910824775696
2024-06-02 10:20:13,938 - Name: 52, Distance: 0.433380663394928
2024-06-02 10:20:13,978 - 6 result:
2024-06-02 10:20:13,978 - Name: 7, Distance: 0.3905285596847534
2024-06-02 10:20:13,979 - Name: 7, Distance: 0.465561181306839
2024-06-02 10:20:13,979 - Name: 12, Distance: 0.6206395626068115
2024-06-02 10:20:13,979 - Name: 12, Distance: 0.6314283013343811
2024-06-02 10:20:13,979 - Name: 12, Distance: 0.6323855519294739
2024-06-02 10:20:14,019 - 7 result:
2024-06-02 10:20:14,019 - Name: 7, Distance: 0.10617612302303314
2024-06-02 10:20:14,019 - Name: 12, Distance: 0.13550835847854614
2024-06-02 10:20:14,019 - Name: 12, Distance: 0.14002542197704315
2024-06-02 10:20:14,019 - Name: 25, Distance: 0.19634278118610382
2024-06-02 10:20:14,019 - Name: 12, Distance: 0.25274956226348877
2024-06-02 10:20:14,059 - 8 result:
2024-06-02 10:20:14,059 - Name: 25, Distance: 0.09285259991884232
2024-06-02 10:20:14,059 - Name: 15, Distance: 0.2136480063199997
2024-06-02 10:20:14,059 - Name: 25, Distance: 0.2208733856678009
2024-06-02 10:20:14,059 - Name: 25, Distance: 0.2604893445968628
2024-06-02 10:20:14,060 - Name: 16, Distance: 0.30179741978645325
2024-06-02 10:20:14,102 - 9 result:
2024-06-02 10:20:14,102 - Name: 6, Distance: 0.269898921251297
2024-06-02 10:20:14,102 - Name: 30, Distance: 0.28211620450019836
2024-06-02 10:20:14,102 - Name: 30, Distance: 0.2859029769897461
2024-06-02 10:20:14,102 - Name: 19, Distance: 0.2924405336380005
2024-06-02 10:20:14,102 - Name: 11, Distance: 0.3216713070869446
2024-06-02 10:20:14,170 - Total samples: 58
2024-06-02 10:20:14,170 - Correct predictions: 14
2024-06-02 10:20:14,171 - Incorrect predictions: 44
2024-06-02 10:20:14,171 - Accuracy: 24.14%
2024-06-02 10:20:14,171 - Correctly predicted classes:
2024-06-02 10:20:14,171 - 7: 1
2024-06-02 10:20:14,171 - 15: 1
2024-06-02 10:20:14,171 - 22: 1
2024-06-02 10:20:14,171 - 31: 1
2024-06-02 10:20:14,171 - 55: 1
2024-06-02 10:20:14,172 - 10: 1
2024-06-02 10:20:14,172 - 16: 1
2024-06-02 10:20:14,172 - 5: 1
2024-06-02 10:20:14,172 - 0: 1
2024-06-02 10:20:14,172 - 1: 1
2024-06-02 10:20:14,172 - 25: 1
2024-06-02 10:20:14,172 - 19: 1
2024-06-02 10:20:14,172 - 13: 1
2024-06-02 10:20:14,172 - 2: 1
2024-06-02 10:20:14,173 - Incorrectly predicted classes:
2024-06-02 10:20:14,173 - 45: 1
2024-06-02 10:20:14,173 - 52: 1
2024-06-02 10:20:14,173 - 12: 1
2024-06-02 10:20:14,173 - 44: 1
2024-06-02 10:20:14,173 - 32: 1
2024-06-02 10:20:14,173 - 36: 1
2024-06-02 10:20:14,173 - 18: 1
2024-06-02 10:20:14,173 - 14: 1
2024-06-02 10:20:14,174 - 50: 1
2024-06-02 10:20:14,174 - 24: 1
2024-06-02 10:20:14,174 - 27: 1
2024-06-02 10:20:14,174 - 21: 1
2024-06-02 10:20:14,174 - 6: 1
2024-06-02 10:20:14,174 - 28: 1
2024-06-02 10:20:14,174 - 35: 1
2024-06-02 10:20:14,174 - 56: 1
2024-06-02 10:20:14,174 - 42: 1
2024-06-02 10:20:14,175 - 29: 1
2024-06-02 10:20:14,175 - 26: 1
2024-06-02 10:20:14,175 - 58: 1
2024-06-02 10:20:14,175 - 4: 1
2024-06-02 10:20:14,175 - 34: 1
2024-06-02 10:20:14,175 - 53: 1
2024-06-02 10:20:14,175 - 48: 1
2024-06-02 10:20:14,175 - 47: 1
2024-06-02 10:20:14,175 - 37: 1
2024-06-02 10:20:14,176 - 8: 1
2024-06-02 10:20:14,176 - 51: 1
2024-06-02 10:20:14,176 - 20: 1
2024-06-02 10:20:14,176 - 17: 1
2024-06-02 10:20:14,176 - 23: 1
2024-06-02 10:20:14,176 - 40: 1
2024-06-02 10:20:14,176 - 59: 1
2024-06-02 10:20:14,176 - 30: 1
2024-06-02 10:20:14,176 - 54: 1
2024-06-02 10:20:14,177 - 39: 1
2024-06-02 10:20:14,177 - 38: 1
2024-06-02 10:20:14,177 - 41: 1
2024-06-02 10:20:14,177 - 46: 1
2024-06-02 10:20:14,177 - 11: 1
2024-06-02 10:20:14,177 - 3: 1
2024-06-02 10:20:14,177 - 9: 1
2024-06-02 10:20:14,177 - 33: 1
2024-06-02 10:20:14,177 - 57: 1
