2024-06-02 12:17:57,212 - test_dir : ./Face_Dataset/Test
2024-06-02 12:17:57,212 - pretrained : work_dir/FaceNet_finetuning_Random_Batch_L2SP_70_32/FaceNet_finetuning_Random_Batch_L2SP_70_32_deepfake.pth
2024-06-02 12:17:57,212 - model_name : FaceNet_finetuning_Random_Batch_L2SP
2024-06-02 12:18:46,505 - 0 result:
2024-06-02 12:18:46,505 - Name: 48, Distance: 0.42327770590782166
2024-06-02 12:18:46,505 - Name: 36, Distance: 0.4795178771018982
2024-06-02 12:18:46,505 - Name: 59, Distance: 0.52293860912323
2024-06-02 12:18:46,505 - Name: 36, Distance: 0.5402520895004272
2024-06-02 12:18:46,505 - Name: 48, Distance: 0.5450409054756165
2024-06-02 12:18:46,560 - 1 result:
2024-06-02 12:18:46,560 - Name: 2, Distance: 0.20091155171394348
2024-06-02 12:18:46,560 - Name: 2, Distance: 0.2423545867204666
2024-06-02 12:18:46,560 - Name: 2, Distance: 0.33577534556388855
2024-06-02 12:18:46,560 - Name: 39, Distance: 0.35380855202674866
2024-06-02 12:18:46,560 - Name: 1, Distance: 0.35437050461769104
2024-06-02 12:18:46,614 - 10 result:
2024-06-02 12:18:46,614 - Name: 7, Distance: 0.26363256573677063
2024-06-02 12:18:46,615 - Name: 7, Distance: 0.3036975562572479
2024-06-02 12:18:46,615 - Name: 7, Distance: 0.39615052938461304
2024-06-02 12:18:46,615 - Name: 21, Distance: 0.4335702359676361
2024-06-02 12:18:46,615 - Name: 14, Distance: 0.4487932324409485
2024-06-02 12:18:46,841 - 11 result:
2024-06-02 12:18:46,841 - Name: 42, Distance: 0.3632851541042328
2024-06-02 12:18:46,841 - Name: 45, Distance: 0.39344051480293274
2024-06-02 12:18:46,841 - Name: 4, Distance: 0.39713844656944275
2024-06-02 12:18:46,841 - Name: 29, Distance: 0.4453132450580597
2024-06-02 12:18:46,841 - Name: 29, Distance: 0.4955976605415344
2024-06-02 12:18:47,627 - 12 result:
2024-06-02 12:18:47,627 - Name: 11, Distance: 0.1767595112323761
2024-06-02 12:18:47,627 - Name: 29, Distance: 0.21028165519237518
2024-06-02 12:18:47,627 - Name: 30, Distance: 0.22951392829418182
2024-06-02 12:18:47,627 - Name: 11, Distance: 0.2353174388408661
2024-06-02 12:18:47,627 - Name: 30, Distance: 0.23593463003635406
2024-06-02 12:18:47,678 - 13 result:
2024-06-02 12:18:47,678 - Name: 13, Distance: 0.0
2024-06-02 12:18:47,678 - Name: 13, Distance: 0.11775391548871994
2024-06-02 12:18:47,678 - Name: 17, Distance: 0.12277516722679138
2024-06-02 12:18:47,678 - Name: 34, Distance: 0.1312853991985321
2024-06-02 12:18:47,678 - Name: 17, Distance: 0.15145304799079895
2024-06-02 12:18:47,732 - 14 result:
2024-06-02 12:18:47,732 - Name: 7, Distance: 0.3547404706478119
2024-06-02 12:18:47,732 - Name: 7, Distance: 0.3785942792892456
2024-06-02 12:18:47,732 - Name: 21, Distance: 0.3795311748981476
2024-06-02 12:18:47,732 - Name: 50, Distance: 0.4011784791946411
2024-06-02 12:18:47,732 - Name: 22, Distance: 0.40521934628486633
2024-06-02 12:18:47,964 - 15 result:
2024-06-02 12:18:47,964 - Name: 25, Distance: 0.1308659017086029
2024-06-02 12:18:47,964 - Name: 25, Distance: 0.19421915709972382
2024-06-02 12:18:47,964 - Name: 25, Distance: 0.2577536702156067
2024-06-02 12:18:47,964 - Name: 16, Distance: 0.3173767328262329
2024-06-02 12:18:47,964 - Name: 12, Distance: 0.372381329536438
2024-06-02 12:18:48,509 - 16 result:
2024-06-02 12:18:48,509 - Name: 25, Distance: 0.19170339405536652
2024-06-02 12:18:48,509 - Name: 25, Distance: 0.23859992623329163
2024-06-02 12:18:48,509 - Name: 25, Distance: 0.2689007520675659
2024-06-02 12:18:48,509 - Name: 16, Distance: 0.36940789222717285
2024-06-02 12:18:48,509 - Name: 12, Distance: 0.3747934401035309
2024-06-02 12:18:48,626 - 17 result:
2024-06-02 12:18:48,626 - Name: 43, Distance: 0.10473348945379257
2024-06-02 12:18:48,626 - Name: 23, Distance: 0.14412926137447357
2024-06-02 12:18:48,626 - Name: 23, Distance: 0.15426939725875854
2024-06-02 12:18:48,626 - Name: 23, Distance: 0.16043809056282043
2024-06-02 12:18:48,626 - Name: 48, Distance: 0.18181131780147552
2024-06-02 12:18:48,681 - 18 result:
2024-06-02 12:18:48,681 - Name: 22, Distance: 0.2129996418952942
2024-06-02 12:18:48,681 - Name: 50, Distance: 0.2919989228248596
2024-06-02 12:18:48,681 - Name: 10, Distance: 0.3888074457645416
2024-06-02 12:18:48,682 - Name: 22, Distance: 0.3971746861934662
2024-06-02 12:18:48,682 - Name: 21, Distance: 0.413908451795578
2024-06-02 12:18:48,918 - 19 result:
2024-06-02 12:18:48,918 - Name: 52, Distance: 0.15923619270324707
2024-06-02 12:18:48,918 - Name: 19, Distance: 0.16437777876853943
2024-06-02 12:18:48,918 - Name: 52, Distance: 0.17108985781669617
2024-06-02 12:18:48,918 - Name: 45, Distance: 0.23263242840766907
2024-06-02 12:18:48,918 - Name: 4, Distance: 0.2412237823009491
2024-06-02 12:18:49,500 - 2 result:
2024-06-02 12:18:49,500 - Name: 2, Distance: 0.27130571007728577
2024-06-02 12:18:49,500 - Name: 2, Distance: 0.3225111663341522
2024-06-02 12:18:49,500 - Name: 56, Distance: 0.3767580986022949
2024-06-02 12:18:49,500 - Name: 2, Distance: 0.388702392578125
2024-06-02 12:18:49,500 - Name: 0, Distance: 0.4646604657173157
2024-06-02 12:18:49,583 - 20 result:
2024-06-02 12:18:49,583 - Name: 9, Distance: 0.39676809310913086
2024-06-02 12:18:49,583 - Name: 50, Distance: 0.44855576753616333
2024-06-02 12:18:49,583 - Name: 23, Distance: 0.46761947870254517
2024-06-02 12:18:49,583 - Name: 43, Distance: 0.4761680066585541
2024-06-02 12:18:49,583 - Name: 9, Distance: 0.4918321669101715
2024-06-02 12:18:49,636 - 21 result:
2024-06-02 12:18:49,636 - Name: 22, Distance: 0.23435990512371063
2024-06-02 12:18:49,636 - Name: 10, Distance: 0.2780349850654602
2024-06-02 12:18:49,636 - Name: 10, Distance: 0.31137287616729736
2024-06-02 12:18:49,636 - Name: 22, Distance: 0.3209984302520752
2024-06-02 12:18:49,636 - Name: 50, Distance: 0.334865003824234
2024-06-02 12:18:49,860 - 22 result:
2024-06-02 12:18:49,861 - Name: 32, Distance: 0.15459546446800232
2024-06-02 12:18:49,861 - Name: 32, Distance: 0.16090482473373413
2024-06-02 12:18:49,861 - Name: 32, Distance: 0.17202973365783691
2024-06-02 12:18:49,861 - Name: 33, Distance: 0.20741614699363708
2024-06-02 12:18:49,861 - Name: 34, Distance: 0.24952054023742676
2024-06-02 12:18:50,427 - 23 result:
2024-06-02 12:18:50,427 - Name: 14, Distance: 0.1388084590435028
2024-06-02 12:18:50,427 - Name: 14, Distance: 0.26677367091178894
2024-06-02 12:18:50,427 - Name: 18, Distance: 0.29481789469718933
2024-06-02 12:18:50,427 - Name: 22, Distance: 0.3269772529602051
2024-06-02 12:18:50,427 - Name: 7, Distance: 0.3369868993759155
2024-06-02 12:18:50,545 - 24 result:
2024-06-02 12:18:50,545 - Name: 12, Distance: 0.11837088316679001
2024-06-02 12:18:50,545 - Name: 25, Distance: 0.29115408658981323
2024-06-02 12:18:50,546 - Name: 15, Distance: 0.33384373784065247
2024-06-02 12:18:50,546 - Name: 24, Distance: 0.3793759346008301
2024-06-02 12:18:50,546 - Name: 26, Distance: 0.39098384976387024
2024-06-02 12:18:50,600 - 25 result:
2024-06-02 12:18:50,600 - Name: 6, Distance: 0.12220055609941483
2024-06-02 12:18:50,600 - Name: 6, Distance: 0.1664247363805771
2024-06-02 12:18:50,600 - Name: 11, Distance: 0.20365047454833984
2024-06-02 12:18:50,600 - Name: 11, Distance: 0.28797492384910583
2024-06-02 12:18:50,600 - Name: 6, Distance: 0.29490944743156433
2024-06-02 12:18:50,835 - 26 result:
2024-06-02 12:18:50,836 - Name: 24, Distance: 0.05668753385543823
2024-06-02 12:18:50,836 - Name: 26, Distance: 0.06561052799224854
2024-06-02 12:18:50,836 - Name: 27, Distance: 0.07266585528850555
2024-06-02 12:18:50,836 - Name: 26, Distance: 0.07555576413869858
2024-06-02 12:18:50,836 - Name: 26, Distance: 0.09590441733598709
2024-06-02 12:18:51,397 - 27 result:
2024-06-02 12:18:51,397 - Name: 15, Distance: 0.23858053982257843
2024-06-02 12:18:51,397 - Name: 26, Distance: 0.31051093339920044
2024-06-02 12:18:51,397 - Name: 26, Distance: 0.33268895745277405
2024-06-02 12:18:51,397 - Name: 21, Distance: 0.3355281352996826
2024-06-02 12:18:51,397 - Name: 24, Distance: 0.3507493734359741
2024-06-02 12:18:51,513 - 28 result:
2024-06-02 12:18:51,513 - Name: 12, Distance: 0.11597199738025665
2024-06-02 12:18:51,513 - Name: 12, Distance: 0.22592793405056
2024-06-02 12:18:51,514 - Name: 25, Distance: 0.3390577733516693
2024-06-02 12:18:51,514 - Name: 11, Distance: 0.3601939082145691
2024-06-02 12:18:51,514 - Name: 29, Distance: 0.3737606704235077
2024-06-02 12:18:51,570 - 29 result:
2024-06-02 12:18:51,571 - Name: 24, Distance: 0.18775886297225952
2024-06-02 12:18:51,571 - Name: 24, Distance: 0.20446626842021942
2024-06-02 12:18:51,571 - Name: 28, Distance: 0.2120872288942337
2024-06-02 12:18:51,571 - Name: 21, Distance: 0.21768513321876526
2024-06-02 12:18:51,571 - Name: 28, Distance: 0.23527751863002777
2024-06-02 12:18:51,811 - 3 result:
2024-06-02 12:18:51,812 - Name: 56, Distance: 0.3737639784812927
2024-06-02 12:18:51,812 - Name: 2, Distance: 0.3796538710594177
2024-06-02 12:18:51,812 - Name: 2, Distance: 0.45644548535346985
2024-06-02 12:18:51,812 - Name: 2, Distance: 0.5170720815658569
2024-06-02 12:18:51,812 - Name: 1, Distance: 0.5836833119392395
2024-06-02 12:18:52,405 - 30 result:
2024-06-02 12:18:52,405 - Name: 27, Distance: 0.09305688738822937
2024-06-02 12:18:52,406 - Name: 26, Distance: 0.10952762514352798
2024-06-02 12:18:52,406 - Name: 24, Distance: 0.1406288743019104
2024-06-02 12:18:52,406 - Name: 26, Distance: 0.17891925573349
2024-06-02 12:18:52,406 - Name: 26, Distance: 0.20645105838775635
2024-06-02 12:18:52,484 - 31 result:
2024-06-02 12:18:52,484 - Name: 22, Distance: 0.1185506284236908
2024-06-02 12:18:52,484 - Name: 22, Distance: 0.21689340472221375
2024-06-02 12:18:52,484 - Name: 22, Distance: 0.3106563985347748
2024-06-02 12:18:52,484 - Name: 34, Distance: 0.369492769241333
2024-06-02 12:18:52,484 - Name: 17, Distance: 0.3787670433521271
2024-06-02 12:18:52,539 - 32 result:
2024-06-02 12:18:52,539 - Name: 47, Distance: 0.2567461133003235
2024-06-02 12:18:52,540 - Name: 59, Distance: 0.3076016902923584
2024-06-02 12:18:52,540 - Name: 59, Distance: 0.3280659317970276
2024-06-02 12:18:52,540 - Name: 36, Distance: 0.34224197268486023
2024-06-02 12:18:52,540 - Name: 36, Distance: 0.3463306128978729
2024-06-02 12:18:52,777 - 33 result:
2024-06-02 12:18:52,777 - Name: 13, Distance: 0.09336720407009125
2024-06-02 12:18:52,777 - Name: 17, Distance: 0.0998150035738945
2024-06-02 12:18:52,777 - Name: 34, Distance: 0.12242166697978973
2024-06-02 12:18:52,777 - Name: 34, Distance: 0.17913295328617096
2024-06-02 12:18:52,777 - Name: 13, Distance: 0.18445780873298645
2024-06-02 12:18:53,399 - 34 result:
2024-06-02 12:18:53,400 - Name: 12, Distance: 0.2418254166841507
2024-06-02 12:18:53,400 - Name: 12, Distance: 0.2806442677974701
2024-06-02 12:18:53,400 - Name: 7, Distance: 0.293618381023407
2024-06-02 12:18:53,400 - Name: 12, Distance: 0.31707963347435
2024-06-02 12:18:53,400 - Name: 7, Distance: 0.330769419670105
2024-06-02 12:18:53,457 - 35 result:
2024-06-02 12:18:53,457 - Name: 1, Distance: 0.0994504913687706
2024-06-02 12:18:53,457 - Name: 37, Distance: 0.10359416157007217
2024-06-02 12:18:53,457 - Name: 40, Distance: 0.1053561195731163
2024-06-02 12:18:53,457 - Name: 1, Distance: 0.11012250930070877
2024-06-02 12:18:53,457 - Name: 37, Distance: 0.11992516368627548
2024-06-02 12:18:53,510 - 36 result:
2024-06-02 12:18:53,510 - Name: 13, Distance: 0.7325907349586487
2024-06-02 12:18:53,510 - Name: 31, Distance: 0.7376492619514465
2024-06-02 12:18:53,510 - Name: 34, Distance: 0.7388651967048645
2024-06-02 12:18:53,510 - Name: 13, Distance: 0.7432808876037598
2024-06-02 12:18:53,510 - Name: 33, Distance: 0.7491135001182556
2024-06-02 12:18:53,736 - 37 result:
2024-06-02 12:18:53,736 - Name: 29, Distance: 0.16123099625110626
2024-06-02 12:18:53,736 - Name: 4, Distance: 0.18698637187480927
2024-06-02 12:18:53,736 - Name: 29, Distance: 0.21947184205055237
2024-06-02 12:18:53,736 - Name: 45, Distance: 0.2664546072483063
2024-06-02 12:18:53,736 - Name: 52, Distance: 0.27520886063575745
2024-06-02 12:18:54,353 - 38 result:
2024-06-02 12:18:54,353 - Name: 22, Distance: 0.3793463706970215
2024-06-02 12:18:54,353 - Name: 32, Distance: 0.39453229308128357
2024-06-02 12:18:54,353 - Name: 50, Distance: 0.41469988226890564
2024-06-02 12:18:54,353 - Name: 32, Distance: 0.45126649737358093
2024-06-02 12:18:54,353 - Name: 5, Distance: 0.46365371346473694
2024-06-02 12:18:54,409 - 39 result:
2024-06-02 12:18:54,409 - Name: 59, Distance: 0.06021396070718765
2024-06-02 12:18:54,409 - Name: 40, Distance: 0.06312829256057739
2024-06-02 12:18:54,409 - Name: 39, Distance: 0.07317419350147247
2024-06-02 12:18:54,409 - Name: 58, Distance: 0.07921431958675385
2024-06-02 12:18:54,410 - Name: 36, Distance: 0.08061409741640091
2024-06-02 12:18:54,460 - 4 result:
2024-06-02 12:18:54,460 - Name: 50, Distance: 0.2650468051433563
2024-06-02 12:18:54,460 - Name: 9, Distance: 0.27878162264823914
2024-06-02 12:18:54,460 - Name: 23, Distance: 0.36874333024024963
2024-06-02 12:18:54,460 - Name: 43, Distance: 0.38298505544662476
2024-06-02 12:18:54,460 - Name: 23, Distance: 0.3845308721065521
2024-06-02 12:18:54,693 - 40 result:
2024-06-02 12:18:54,693 - Name: 37, Distance: 0.15470550954341888
2024-06-02 12:18:54,693 - Name: 1, Distance: 0.15620458126068115
2024-06-02 12:18:54,693 - Name: 59, Distance: 0.1619924157857895
2024-06-02 12:18:54,693 - Name: 47, Distance: 0.17247942090034485
2024-06-02 12:18:54,693 - Name: 37, Distance: 0.18550355732440948
2024-06-02 12:18:54,754 - 41 result:
2024-06-02 12:18:54,754 - Name: 25, Distance: 0.10706861317157745
2024-06-02 12:18:54,755 - Name: 25, Distance: 0.1649792194366455
2024-06-02 12:18:54,755 - Name: 25, Distance: 0.17199674248695374
2024-06-02 12:18:54,755 - Name: 12, Distance: 0.33812063932418823
2024-06-02 12:18:54,755 - Name: 16, Distance: 0.37684187293052673
2024-06-02 12:18:55,695 - 42 result:
2024-06-02 12:18:55,696 - Name: 36, Distance: 0.24303379654884338
2024-06-02 12:18:55,696 - Name: 36, Distance: 0.27156955003738403
2024-06-02 12:18:55,696 - Name: 41, Distance: 0.29025551676750183
2024-06-02 12:18:55,696 - Name: 58, Distance: 0.2934095859527588
2024-06-02 12:18:55,696 - Name: 58, Distance: 0.33204424381256104
2024-06-02 12:18:56,270 - 44 result:
2024-06-02 12:18:56,270 - Name: 45, Distance: 0.2620784640312195
2024-06-02 12:18:56,270 - Name: 39, Distance: 0.507038414478302
2024-06-02 12:18:56,270 - Name: 39, Distance: 0.5342557430267334
2024-06-02 12:18:56,270 - Name: 52, Distance: 0.5468419194221497
2024-06-02 12:18:56,270 - Name: 2, Distance: 0.557015061378479
2024-06-02 12:18:56,369 - 45 result:
2024-06-02 12:18:56,369 - Name: 41, Distance: 0.11159855127334595
2024-06-02 12:18:56,369 - Name: 54, Distance: 0.21817085146903992
2024-06-02 12:18:56,369 - Name: 35, Distance: 0.22666853666305542
2024-06-02 12:18:56,369 - Name: 41, Distance: 0.3974905014038086
2024-06-02 12:18:56,369 - Name: 53, Distance: 0.40735676884651184
2024-06-02 12:18:56,420 - 46 result:
2024-06-02 12:18:56,420 - Name: 41, Distance: 0.0963178500533104
2024-06-02 12:18:56,420 - Name: 58, Distance: 0.22227469086647034
2024-06-02 12:18:56,420 - Name: 0, Distance: 0.2620048224925995
2024-06-02 12:18:56,420 - Name: 37, Distance: 0.278457373380661
2024-06-02 12:18:56,420 - Name: 37, Distance: 0.29071351885795593
2024-06-02 12:18:56,634 - 47 result:
2024-06-02 12:18:56,635 - Name: 1, Distance: 0.09025838226079941
2024-06-02 12:18:56,635 - Name: 1, Distance: 0.12490501999855042
2024-06-02 12:18:56,635 - Name: 39, Distance: 0.13425125181674957
2024-06-02 12:18:56,635 - Name: 2, Distance: 0.13781839609146118
2024-06-02 12:18:56,635 - Name: 40, Distance: 0.16416117548942566
2024-06-02 12:18:57,231 - 48 result:
2024-06-02 12:18:57,231 - Name: 29, Distance: 0.11024587601423264
2024-06-02 12:18:57,231 - Name: 29, Distance: 0.11167025566101074
2024-06-02 12:18:57,231 - Name: 4, Distance: 0.14889223873615265
2024-06-02 12:18:57,231 - Name: 52, Distance: 0.22530867159366608
2024-06-02 12:18:57,231 - Name: 19, Distance: 0.2502533793449402
2024-06-02 12:18:57,343 - 5 result:
2024-06-02 12:18:57,343 - Name: 21, Distance: 0.12623465061187744
2024-06-02 12:18:57,343 - Name: 5, Distance: 0.12925386428833008
2024-06-02 12:18:57,343 - Name: 21, Distance: 0.17071016132831573
2024-06-02 12:18:57,343 - Name: 50, Distance: 0.2980455160140991
2024-06-02 12:18:57,343 - Name: 10, Distance: 0.34623926877975464
2024-06-02 12:18:57,403 - 50 result:
2024-06-02 12:18:57,404 - Name: 12, Distance: 0.24431312084197998
2024-06-02 12:18:57,404 - Name: 12, Distance: 0.25539129972457886
2024-06-02 12:18:57,404 - Name: 7, Distance: 0.28201475739479065
2024-06-02 12:18:57,404 - Name: 7, Distance: 0.29442059993743896
2024-06-02 12:18:57,404 - Name: 6, Distance: 0.34681305289268494
2024-06-02 12:18:57,634 - 51 result:
2024-06-02 12:18:57,634 - Name: 57, Distance: 0.4525381326675415
2024-06-02 12:18:57,634 - Name: 10, Distance: 0.45772501826286316
2024-06-02 12:18:57,634 - Name: 10, Distance: 0.46672937273979187
2024-06-02 12:18:57,634 - Name: 50, Distance: 0.5044575929641724
2024-06-02 12:18:57,634 - Name: 57, Distance: 0.5107960104942322
2024-06-02 12:18:58,208 - 52 result:
2024-06-02 12:18:58,208 - Name: 59, Distance: 0.14642390608787537
2024-06-02 12:18:58,208 - Name: 39, Distance: 0.15786989033222198
2024-06-02 12:18:58,208 - Name: 39, Distance: 0.16718262434005737
2024-06-02 12:18:58,208 - Name: 47, Distance: 0.1742948591709137
2024-06-02 12:18:58,209 - Name: 40, Distance: 0.18292152881622314
2024-06-02 12:18:58,351 - 53 result:
2024-06-02 12:18:58,351 - Name: 41, Distance: 0.08212984353303909
2024-06-02 12:18:58,351 - Name: 0, Distance: 0.21771140396595
2024-06-02 12:18:58,351 - Name: 58, Distance: 0.21877005696296692
2024-06-02 12:18:58,352 - Name: 0, Distance: 0.22752821445465088
2024-06-02 12:18:58,352 - Name: 37, Distance: 0.22822752594947815
2024-06-02 12:18:58,608 - 54 result:
2024-06-02 12:18:58,608 - Name: 41, Distance: 0.20442363619804382
2024-06-02 12:18:58,608 - Name: 58, Distance: 0.23257100582122803
2024-06-02 12:18:58,608 - Name: 37, Distance: 0.24531903862953186
2024-06-02 12:18:58,608 - Name: 1, Distance: 0.2766393721103668
2024-06-02 12:18:58,608 - Name: 37, Distance: 0.2820532023906708
2024-06-02 12:18:59,207 - 55 result:
2024-06-02 12:18:59,207 - Name: 48, Distance: 0.20487254858016968
2024-06-02 12:18:59,207 - Name: 59, Distance: 0.21027909219264984
2024-06-02 12:18:59,207 - Name: 54, Distance: 0.31765857338905334
2024-06-02 12:18:59,207 - Name: 48, Distance: 0.3325579762458801
2024-06-02 12:18:59,207 - Name: 36, Distance: 0.3580288887023926
2024-06-02 12:18:59,260 - 56 result:
2024-06-02 12:18:59,261 - Name: 37, Distance: 0.21822534501552582
2024-06-02 12:18:59,261 - Name: 37, Distance: 0.23586979508399963
2024-06-02 12:18:59,261 - Name: 58, Distance: 0.2518531382083893
2024-06-02 12:18:59,261 - Name: 1, Distance: 0.26131200790405273
2024-06-02 12:18:59,261 - Name: 1, Distance: 0.2728053033351898
2024-06-02 12:18:59,521 - 57 result:
2024-06-02 12:18:59,521 - Name: 36, Distance: 0.08533607423305511
2024-06-02 12:18:59,521 - Name: 58, Distance: 0.13090506196022034
2024-06-02 12:18:59,521 - Name: 58, Distance: 0.13387615978717804
2024-06-02 12:18:59,521 - Name: 36, Distance: 0.14349399507045746
2024-06-02 12:18:59,521 - Name: 36, Distance: 0.15731963515281677
2024-06-02 12:19:00,108 - 58 result:
2024-06-02 12:19:00,109 - Name: 37, Distance: 0.2624445855617523
2024-06-02 12:19:00,109 - Name: 58, Distance: 0.2664910554885864
2024-06-02 12:19:00,109 - Name: 2, Distance: 0.3328826129436493
2024-06-02 12:19:00,109 - Name: 0, Distance: 0.3342156410217285
2024-06-02 12:19:00,109 - Name: 2, Distance: 0.3559998869895935
2024-06-02 12:19:00,196 - 59 result:
2024-06-02 12:19:00,196 - Name: 58, Distance: 0.3877364993095398
2024-06-02 12:19:00,196 - Name: 1, Distance: 0.3987574279308319
2024-06-02 12:19:00,196 - Name: 39, Distance: 0.42232754826545715
2024-06-02 12:19:00,196 - Name: 39, Distance: 0.4329264163970947
2024-06-02 12:19:00,196 - Name: 40, Distance: 0.4337069094181061
2024-06-02 12:19:00,249 - 6 result:
2024-06-02 12:19:00,249 - Name: 10, Distance: 0.2890509366989136
2024-06-02 12:19:00,249 - Name: 9, Distance: 0.3312121629714966
2024-06-02 12:19:00,249 - Name: 5, Distance: 0.33727407455444336
2024-06-02 12:19:00,249 - Name: 10, Distance: 0.37930312752723694
2024-06-02 12:19:00,250 - Name: 5, Distance: 0.4168907105922699
2024-06-02 12:19:00,524 - 7 result:
2024-06-02 12:19:00,524 - Name: 22, Distance: 0.24395260214805603
2024-06-02 12:19:00,524 - Name: 22, Distance: 0.38812509179115295
2024-06-02 12:19:00,524 - Name: 50, Distance: 0.41024449467658997
2024-06-02 12:19:00,524 - Name: 10, Distance: 0.46635329723358154
2024-06-02 12:19:00,524 - Name: 22, Distance: 0.4978286027908325
2024-06-02 12:19:01,111 - 8 result:
2024-06-02 12:19:01,111 - Name: 25, Distance: 0.1609126776456833
2024-06-02 12:19:01,111 - Name: 25, Distance: 0.2397615760564804
2024-06-02 12:19:01,111 - Name: 25, Distance: 0.3317869305610657
2024-06-02 12:19:01,111 - Name: 16, Distance: 0.33290213346481323
2024-06-02 12:19:01,111 - Name: 16, Distance: 0.46846601366996765
2024-06-02 12:19:01,173 - 9 result:
2024-06-02 12:19:01,173 - Name: 13, Distance: 0.38334017992019653
2024-06-02 12:19:01,173 - Name: 34, Distance: 0.40301546454429626
2024-06-02 12:19:01,173 - Name: 17, Distance: 0.403414785861969
2024-06-02 12:19:01,173 - Name: 31, Distance: 0.42482990026474
2024-06-02 12:19:01,173 - Name: 14, Distance: 0.44962677359580994
2024-06-02 12:19:01,267 - Total samples: 58
2024-06-02 12:19:01,267 - Correct predictions: 10
2024-06-02 12:19:01,268 - Incorrect predictions: 48
2024-06-02 12:19:01,268 - Accuracy: 17.24%
2024-06-02 12:19:01,268 - Correctly predicted classes:
2024-06-02 12:19:01,268 - 39: 1
2024-06-02 12:19:01,268 - 58: 1
2024-06-02 12:19:01,268 - 26: 1
2024-06-02 12:19:01,268 - 2: 1
2024-06-02 12:19:01,268 - 24: 1
2024-06-02 12:19:01,268 - 1: 1
2024-06-02 12:19:01,269 - 13: 1
2024-06-02 12:19:01,269 - 19: 1
2024-06-02 12:19:01,269 - 16: 1
2024-06-02 12:19:01,269 - 5: 1
2024-06-02 12:19:01,269 - Incorrectly predicted classes:
2024-06-02 12:19:01,269 - 27: 1
2024-06-02 12:19:01,269 - 47: 1
2024-06-02 12:19:01,269 - 59: 1
2024-06-02 12:19:01,269 - 15: 1
2024-06-02 12:19:01,270 - 56: 1
2024-06-02 12:19:01,270 - 18: 1
2024-06-02 12:19:01,270 - 42: 1
2024-06-02 12:19:01,270 - 28: 1
2024-06-02 12:19:01,270 - 6: 1
2024-06-02 12:19:01,270 - 22: 1
2024-06-02 12:19:01,270 - 55: 1
2024-06-02 12:19:01,270 - 34: 1
2024-06-02 12:19:01,270 - 20: 1
2024-06-02 12:19:01,271 - 38: 1
2024-06-02 12:19:01,271 - 21: 1
2024-06-02 12:19:01,271 - 48: 1
2024-06-02 12:19:01,271 - 53: 1
2024-06-02 12:19:01,271 - 57: 1
2024-06-02 12:19:01,271 - 3: 1
2024-06-02 12:19:01,271 - 52: 1
2024-06-02 12:19:01,271 - 46: 1
2024-06-02 12:19:01,271 - 8: 1
2024-06-02 12:19:01,272 - 29: 1
2024-06-02 12:19:01,272 - 0: 1
2024-06-02 12:19:01,272 - 17: 1
2024-06-02 12:19:01,272 - 36: 1
2024-06-02 12:19:01,272 - 45: 1
2024-06-02 12:19:01,272 - 50: 1
2024-06-02 12:19:01,272 - 12: 1
2024-06-02 12:19:01,272 - 31: 1
2024-06-02 12:19:01,272 - 10: 1
2024-06-02 12:19:01,273 - 51: 1
2024-06-02 12:19:01,273 - 44: 1
2024-06-02 12:19:01,273 - 54: 1
2024-06-02 12:19:01,273 - 9: 1
2024-06-02 12:19:01,273 - 25: 1
2024-06-02 12:19:01,273 - 11: 1
2024-06-02 12:19:01,273 - 35: 1
2024-06-02 12:19:01,273 - 41: 1
2024-06-02 12:19:01,273 - 23: 1
2024-06-02 12:19:01,274 - 40: 1
2024-06-02 12:19:01,274 - 7: 1
2024-06-02 12:19:01,274 - 33: 1
2024-06-02 12:19:01,274 - 32: 1
2024-06-02 12:19:01,274 - 37: 1
2024-06-02 12:19:01,274 - 4: 1
2024-06-02 12:19:01,274 - 30: 1
2024-06-02 12:19:01,274 - 14: 1
