2024-06-02 03:46:54,665 - test_dir : ./Face_Dataset/Test
2024-06-02 03:46:54,665 - pretrained : None
2024-06-02 03:46:54,665 - model_name : face_recognition
2024-06-02 03:47:42,400 - 0 result:
2024-06-02 03:47:42,400 - Name: 0, Distance: 0.7360501885414124
2024-06-02 03:47:42,400 - Name: 37, Distance: 0.7673582434654236
2024-06-02 03:47:42,400 - Name: 0, Distance: 0.7936986684799194
2024-06-02 03:47:42,400 - Name: 0, Distance: 0.817977786064148
2024-06-02 03:47:42,400 - Name: 43, Distance: 0.8777944445610046
2024-06-02 03:47:42,463 - 1 result:
2024-06-02 03:47:42,463 - Name: 1, Distance: 0.5408872365951538
2024-06-02 03:47:42,463 - Name: 1, Distance: 0.6226877570152283
2024-06-02 03:47:42,463 - Name: 1, Distance: 0.6418344378471375
2024-06-02 03:47:42,463 - Name: 4, Distance: 0.7789922952651978
2024-06-02 03:47:42,463 - Name: 42, Distance: 0.8216618895530701
2024-06-02 03:47:42,516 - 10 result:
2024-06-02 03:47:42,516 - Name: 10, Distance: 0.7538102865219116
2024-06-02 03:47:42,516 - Name: 10, Distance: 0.7688743472099304
2024-06-02 03:47:42,516 - Name: 12, Distance: 0.8017361760139465
2024-06-02 03:47:42,516 - Name: 7, Distance: 0.8700724840164185
2024-06-02 03:47:42,516 - Name: 22, Distance: 0.8764923810958862
2024-06-02 03:47:42,560 - 11 result:
2024-06-02 03:47:42,560 - Name: 11, Distance: 0.7872885465621948
2024-06-02 03:47:42,560 - Name: 11, Distance: 0.8568090796470642
2024-06-02 03:47:42,560 - Name: 7, Distance: 0.8764126300811768
2024-06-02 03:47:42,560 - Name: 7, Distance: 0.917485773563385
2024-06-02 03:47:42,560 - Name: 7, Distance: 0.9664289355278015
2024-06-02 03:47:42,785 - 12 result:
2024-06-02 03:47:42,785 - Name: 12, Distance: 0.7340084314346313
2024-06-02 03:47:42,785 - Name: 12, Distance: 0.7945192456245422
2024-06-02 03:47:42,785 - Name: 16, Distance: 0.8440883159637451
2024-06-02 03:47:42,785 - Name: 8, Distance: 0.8490818738937378
2024-06-02 03:47:42,785 - Name: 12, Distance: 0.8661993145942688
2024-06-02 03:47:43,307 - 13 result:
2024-06-02 03:47:43,307 - Name: 13, Distance: 0.0
2024-06-02 03:47:43,307 - Name: 13, Distance: 0.6370540857315063
2024-06-02 03:47:43,307 - Name: 33, Distance: 0.7243943810462952
2024-06-02 03:47:43,307 - Name: 13, Distance: 0.7282671928405762
2024-06-02 03:47:43,307 - Name: 12, Distance: 0.9347003102302551
2024-06-02 03:47:43,432 - 14 result:
2024-06-02 03:47:43,432 - Name: 33, Distance: 0.8473252654075623
2024-06-02 03:47:43,432 - Name: 14, Distance: 0.8529891967773438
2024-06-02 03:47:43,432 - Name: 54, Distance: 0.8773181438446045
2024-06-02 03:47:43,432 - Name: 22, Distance: 0.9039925932884216
2024-06-02 03:47:43,432 - Name: 10, Distance: 0.9084656238555908
2024-06-02 03:47:43,535 - 15 result:
2024-06-02 03:47:43,536 - Name: 16, Distance: 0.7329356670379639
2024-06-02 03:47:43,536 - Name: 16, Distance: 0.7828823328018188
2024-06-02 03:47:43,536 - Name: 27, Distance: 0.8486601114273071
2024-06-02 03:47:43,536 - Name: 8, Distance: 0.8844176530838013
2024-06-02 03:47:43,536 - Name: 27, Distance: 0.8912865519523621
2024-06-02 03:47:43,590 - 16 result:
2024-06-02 03:47:43,590 - Name: 16, Distance: 0.412754088640213
2024-06-02 03:47:43,590 - Name: 16, Distance: 0.44918495416641235
2024-06-02 03:47:43,590 - Name: 16, Distance: 0.7045366168022156
2024-06-02 03:47:43,590 - Name: 28, Distance: 0.8986732363700867
2024-06-02 03:47:43,590 - Name: 15, Distance: 0.9036298394203186
2024-06-02 03:47:43,824 - 17 result:
2024-06-02 03:47:43,824 - Name: 17, Distance: 0.6488133668899536
2024-06-02 03:47:43,825 - Name: 17, Distance: 0.7975612282752991
2024-06-02 03:47:43,825 - Name: 13, Distance: 0.9960227608680725
2024-06-02 03:47:43,825 - Name: 13, Distance: 0.9972487092018127
2024-06-02 03:47:43,825 - Name: 19, Distance: 0.997278094291687
2024-06-02 03:47:44,416 - 18 result:
2024-06-02 03:47:44,417 - Name: 18, Distance: 0.695242702960968
2024-06-02 03:47:44,417 - Name: 18, Distance: 0.7783399820327759
2024-06-02 03:47:44,417 - Name: 18, Distance: 0.7974408864974976
2024-06-02 03:47:44,417 - Name: 17, Distance: 0.9302840232849121
2024-06-02 03:47:44,417 - Name: 17, Distance: 0.9339644312858582
2024-06-02 03:47:44,510 - 19 result:
2024-06-02 03:47:44,510 - Name: 19, Distance: 0.666140615940094
2024-06-02 03:47:44,510 - Name: 19, Distance: 0.7093387842178345
2024-06-02 03:47:44,510 - Name: 19, Distance: 0.8494275808334351
2024-06-02 03:47:44,510 - Name: 6, Distance: 0.9289626479148865
2024-06-02 03:47:44,510 - Name: 33, Distance: 0.9439793229103088
2024-06-02 03:47:44,563 - 2 result:
2024-06-02 03:47:44,563 - Name: 2, Distance: 0.6821854114532471
2024-06-02 03:47:44,563 - Name: 2, Distance: 0.7047641277313232
2024-06-02 03:47:44,563 - Name: 2, Distance: 0.7859317064285278
2024-06-02 03:47:44,564 - Name: 0, Distance: 0.8699192404747009
2024-06-02 03:47:44,564 - Name: 44, Distance: 0.8835873007774353
2024-06-02 03:47:44,796 - 20 result:
2024-06-02 03:47:44,796 - Name: 20, Distance: 0.8869949579238892
2024-06-02 03:47:44,796 - Name: 29, Distance: 0.8946671485900879
2024-06-02 03:47:44,796 - Name: 7, Distance: 0.9256211519241333
2024-06-02 03:47:44,797 - Name: 18, Distance: 0.9352558255195618
2024-06-02 03:47:44,797 - Name: 5, Distance: 0.9552586078643799
2024-06-02 03:47:45,391 - 21 result:
2024-06-02 03:47:45,391 - Name: 21, Distance: 0.8480307459831238
2024-06-02 03:47:45,391 - Name: 21, Distance: 0.8523922562599182
2024-06-02 03:47:45,392 - Name: 21, Distance: 0.8999847769737244
2024-06-02 03:47:45,392 - Name: 5, Distance: 0.9101489186286926
2024-06-02 03:47:45,392 - Name: 5, Distance: 0.9131538271903992
2024-06-02 03:47:45,440 - 22 result:
2024-06-02 03:47:45,440 - Name: 22, Distance: 0.7047991156578064
2024-06-02 03:47:45,440 - Name: 22, Distance: 0.7653939127922058
2024-06-02 03:47:45,440 - Name: 12, Distance: 0.8289889097213745
2024-06-02 03:47:45,440 - Name: 14, Distance: 0.8601024150848389
2024-06-02 03:47:45,440 - Name: 9, Distance: 0.8758063912391663
2024-06-02 03:47:45,669 - 23 result:
2024-06-02 03:47:45,670 - Name: 23, Distance: 0.6447833776473999
2024-06-02 03:47:45,670 - Name: 9, Distance: 0.66219162940979
2024-06-02 03:47:45,670 - Name: 23, Distance: 0.7340545058250427
2024-06-02 03:47:45,670 - Name: 32, Distance: 0.834496796131134
2024-06-02 03:47:45,670 - Name: 32, Distance: 0.8824062943458557
2024-06-02 03:47:46,274 - 24 result:
2024-06-02 03:47:46,274 - Name: 24, Distance: 0.7221445441246033
2024-06-02 03:47:46,274 - Name: 24, Distance: 0.7370091676712036
2024-06-02 03:47:46,274 - Name: 24, Distance: 0.8236116766929626
2024-06-02 03:47:46,274 - Name: 27, Distance: 1.0222362279891968
2024-06-02 03:47:46,274 - Name: 29, Distance: 1.0494838953018188
2024-06-02 03:47:46,339 - 25 result:
2024-06-02 03:47:46,339 - Name: 25, Distance: 0.6131756901741028
2024-06-02 03:47:46,339 - Name: 25, Distance: 0.7035208344459534
2024-06-02 03:47:46,339 - Name: 34, Distance: 0.8202825784683228
2024-06-02 03:47:46,340 - Name: 25, Distance: 0.8931604027748108
2024-06-02 03:47:46,340 - Name: 29, Distance: 0.9004390239715576
2024-06-02 03:47:46,395 - 26 result:
2024-06-02 03:47:46,395 - Name: 26, Distance: 0.7106627821922302
2024-06-02 03:47:46,395 - Name: 26, Distance: 0.7968995571136475
2024-06-02 03:47:46,395 - Name: 26, Distance: 0.8798859715461731
2024-06-02 03:47:46,395 - Name: 16, Distance: 0.9236001968383789
2024-06-02 03:47:46,395 - Name: 28, Distance: 0.9236159920692444
2024-06-02 03:47:46,632 - 27 result:
2024-06-02 03:47:46,632 - Name: 24, Distance: 0.7947074770927429
2024-06-02 03:47:46,632 - Name: 24, Distance: 0.8491380214691162
2024-06-02 03:47:46,632 - Name: 27, Distance: 0.8633963465690613
2024-06-02 03:47:46,632 - Name: 24, Distance: 0.8691760897636414
2024-06-02 03:47:46,632 - Name: 27, Distance: 0.9269229769706726
2024-06-02 03:47:47,236 - 28 result:
2024-06-02 03:47:47,236 - Name: 28, Distance: 0.6941738128662109
2024-06-02 03:47:47,236 - Name: 27, Distance: 0.7895886301994324
2024-06-02 03:47:47,236 - Name: 16, Distance: 0.8036594986915588
2024-06-02 03:47:47,236 - Name: 28, Distance: 0.8265493512153625
2024-06-02 03:47:47,236 - Name: 16, Distance: 0.8654690980911255
2024-06-02 03:47:47,288 - 29 result:
2024-06-02 03:47:47,288 - Name: 29, Distance: 0.6840207576751709
2024-06-02 03:47:47,288 - Name: 29, Distance: 0.7607853412628174
2024-06-02 03:47:47,289 - Name: 34, Distance: 0.8762523531913757
2024-06-02 03:47:47,289 - Name: 33, Distance: 0.9366868138313293
2024-06-02 03:47:47,289 - Name: 12, Distance: 0.9367912411689758
2024-06-02 03:47:47,342 - 3 result:
2024-06-02 03:47:47,342 - Name: 3, Distance: 0.5965850353240967
2024-06-02 03:47:47,342 - Name: 3, Distance: 0.7312477827072144
2024-06-02 03:47:47,342 - Name: 3, Distance: 0.7551932334899902
2024-06-02 03:47:47,342 - Name: 48, Distance: 0.9085949659347534
2024-06-02 03:47:47,342 - Name: 40, Distance: 0.935086727142334
2024-06-02 03:47:47,569 - 30 result:
2024-06-02 03:47:47,569 - Name: 19, Distance: 0.9070203304290771
2024-06-02 03:47:47,569 - Name: 30, Distance: 0.9115068912506104
2024-06-02 03:47:47,569 - Name: 30, Distance: 0.9168961644172668
2024-06-02 03:47:47,569 - Name: 34, Distance: 0.9500518441200256
2024-06-02 03:47:47,569 - Name: 30, Distance: 0.9503026604652405
2024-06-02 03:47:48,168 - 31 result:
2024-06-02 03:47:48,168 - Name: 31, Distance: 0.5618180632591248
2024-06-02 03:47:48,168 - Name: 31, Distance: 0.5868106484413147
2024-06-02 03:47:48,168 - Name: 31, Distance: 0.6846367716789246
2024-06-02 03:47:48,168 - Name: 23, Distance: 0.7773110270500183
2024-06-02 03:47:48,168 - Name: 22, Distance: 0.7987739443778992
2024-06-02 03:47:48,227 - 32 result:
2024-06-02 03:47:48,227 - Name: 32, Distance: 0.7677764892578125
2024-06-02 03:47:48,227 - Name: 9, Distance: 0.8109392523765564
2024-06-02 03:47:48,227 - Name: 9, Distance: 0.8492735028266907
2024-06-02 03:47:48,227 - Name: 22, Distance: 0.8770066499710083
2024-06-02 03:47:48,227 - Name: 31, Distance: 0.8869572877883911
2024-06-02 03:47:48,281 - 33 result:
2024-06-02 03:47:48,281 - Name: 6, Distance: 0.659434974193573
2024-06-02 03:47:48,281 - Name: 14, Distance: 0.7442070245742798
2024-06-02 03:47:48,281 - Name: 6, Distance: 0.7551064491271973
2024-06-02 03:47:48,281 - Name: 13, Distance: 0.7837690711021423
2024-06-02 03:47:48,281 - Name: 6, Distance: 0.7845368385314941
2024-06-02 03:47:48,514 - 34 result:
2024-06-02 03:47:48,514 - Name: 34, Distance: 0.6502748727798462
2024-06-02 03:47:48,514 - Name: 27, Distance: 0.831829309463501
2024-06-02 03:47:48,514 - Name: 29, Distance: 0.8811347484588623
2024-06-02 03:47:48,514 - Name: 34, Distance: 0.8907535076141357
2024-06-02 03:47:48,514 - Name: 8, Distance: 0.9063532948493958
2024-06-02 03:47:49,123 - 35 result:
2024-06-02 03:47:49,123 - Name: 35, Distance: 0.6001089811325073
2024-06-02 03:47:49,123 - Name: 35, Distance: 0.7446526288986206
2024-06-02 03:47:49,123 - Name: 35, Distance: 0.8132942318916321
2024-06-02 03:47:49,123 - Name: 51, Distance: 0.8638119101524353
2024-06-02 03:47:49,123 - Name: 46, Distance: 0.9028652310371399
2024-06-02 03:47:49,171 - 36 result:
2024-06-02 03:47:49,172 - Name: 0, Distance: 0.8388980627059937
2024-06-02 03:47:49,172 - Name: 36, Distance: 0.8690866231918335
2024-06-02 03:47:49,172 - Name: 37, Distance: 0.872268557548523
2024-06-02 03:47:49,172 - Name: 0, Distance: 0.8823050260543823
2024-06-02 03:47:49,172 - Name: 53, Distance: 0.8844131231307983
2024-06-02 03:47:49,221 - 37 result:
2024-06-02 03:47:49,221 - Name: 37, Distance: 0.6532869935035706
2024-06-02 03:47:49,221 - Name: 37, Distance: 0.7034315466880798
2024-06-02 03:47:49,222 - Name: 35, Distance: 0.7081445455551147
2024-06-02 03:47:49,222 - Name: 0, Distance: 0.7876319289207458
2024-06-02 03:47:49,222 - Name: 48, Distance: 0.805547833442688
2024-06-02 03:47:49,267 - 38 result:
2024-06-02 03:47:49,267 - Name: 0, Distance: 0.7663723230361938
2024-06-02 03:47:49,267 - Name: 36, Distance: 0.770447850227356
2024-06-02 03:47:49,267 - Name: 59, Distance: 0.7829442620277405
2024-06-02 03:47:49,267 - Name: 38, Distance: 0.8137144446372986
2024-06-02 03:47:49,267 - Name: 38, Distance: 0.8508707284927368
2024-06-02 03:47:49,481 - 39 result:
2024-06-02 03:47:49,481 - Name: 39, Distance: 0.7471405267715454
2024-06-02 03:47:49,481 - Name: 42, Distance: 0.7507680058479309
2024-06-02 03:47:49,481 - Name: 59, Distance: 0.785334050655365
2024-06-02 03:47:49,481 - Name: 53, Distance: 0.8073663711547852
2024-06-02 03:47:49,481 - Name: 1, Distance: 0.8144209980964661
2024-06-02 03:47:50,063 - 4 result:
2024-06-02 03:47:50,063 - Name: 48, Distance: 0.8642352223396301
2024-06-02 03:47:50,063 - Name: 54, Distance: 0.9124811887741089
2024-06-02 03:47:50,063 - Name: 4, Distance: 0.9152512550354004
2024-06-02 03:47:50,063 - Name: 58, Distance: 0.9233824014663696
2024-06-02 03:47:50,063 - Name: 41, Distance: 0.9258802533149719
2024-06-02 03:47:50,147 - 40 result:
2024-06-02 03:47:50,147 - Name: 40, Distance: 0.8027725219726562
2024-06-02 03:47:50,147 - Name: 58, Distance: 0.8054834008216858
2024-06-02 03:47:50,147 - Name: 44, Distance: 0.8382109999656677
2024-06-02 03:47:50,147 - Name: 40, Distance: 0.851694643497467
2024-06-02 03:47:50,147 - Name: 45, Distance: 0.8752396702766418
2024-06-02 03:47:50,202 - 41 result:
2024-06-02 03:47:50,203 - Name: 37, Distance: 0.8063936829566956
2024-06-02 03:47:50,203 - Name: 3, Distance: 0.8849654793739319
2024-06-02 03:47:50,203 - Name: 4, Distance: 0.9296401739120483
2024-06-02 03:47:50,203 - Name: 2, Distance: 0.9310737252235413
2024-06-02 03:47:50,203 - Name: 54, Distance: 0.9320622682571411
2024-06-02 03:47:50,445 - 42 result:
2024-06-02 03:47:50,445 - Name: 56, Distance: 0.8448351621627808
2024-06-02 03:47:50,445 - Name: 35, Distance: 0.9021481275558472
2024-06-02 03:47:50,445 - Name: 9, Distance: 0.9144523739814758
2024-06-02 03:47:50,445 - Name: 9, Distance: 0.9284794926643372
2024-06-02 03:47:50,445 - Name: 53, Distance: 0.9311965703964233
2024-06-02 03:47:51,060 - 44 result:
2024-06-02 03:47:51,060 - Name: 44, Distance: 0.5772779583930969
2024-06-02 03:47:51,060 - Name: 45, Distance: 0.6693172454833984
2024-06-02 03:47:51,061 - Name: 58, Distance: 0.7713698148727417
2024-06-02 03:47:51,061 - Name: 58, Distance: 0.8457586169242859
2024-06-02 03:47:51,061 - Name: 43, Distance: 0.8725882768630981
2024-06-02 03:47:51,110 - 45 result:
2024-06-02 03:47:51,110 - Name: 47, Distance: 0.8244978189468384
2024-06-02 03:47:51,110 - Name: 52, Distance: 0.8420184850692749
2024-06-02 03:47:51,110 - Name: 52, Distance: 0.8636143803596497
2024-06-02 03:47:51,110 - Name: 53, Distance: 0.8972235918045044
2024-06-02 03:47:51,110 - Name: 44, Distance: 0.9044746160507202
2024-06-02 03:47:51,160 - 46 result:
2024-06-02 03:47:51,160 - Name: 46, Distance: 0.6625874638557434
2024-06-02 03:47:51,160 - Name: 46, Distance: 0.6845507025718689
2024-06-02 03:47:51,160 - Name: 46, Distance: 0.7085521221160889
2024-06-02 03:47:51,160 - Name: 37, Distance: 0.7469369173049927
2024-06-02 03:47:51,160 - Name: 48, Distance: 0.7853430509567261
2024-06-02 03:47:51,394 - 47 result:
2024-06-02 03:47:51,394 - Name: 53, Distance: 0.7736016511917114
2024-06-02 03:47:51,394 - Name: 47, Distance: 0.7903098464012146
2024-06-02 03:47:51,394 - Name: 58, Distance: 0.7976169586181641
2024-06-02 03:47:51,394 - Name: 36, Distance: 0.8051519989967346
2024-06-02 03:47:51,395 - Name: 47, Distance: 0.8270795345306396
2024-06-02 03:47:52,004 - 48 result:
2024-06-02 03:47:52,005 - Name: 59, Distance: 0.8089960813522339
2024-06-02 03:47:52,005 - Name: 44, Distance: 0.8306928277015686
2024-06-02 03:47:52,005 - Name: 48, Distance: 0.8435466885566711
2024-06-02 03:47:52,005 - Name: 56, Distance: 0.9033411145210266
2024-06-02 03:47:52,005 - Name: 46, Distance: 0.914542555809021
2024-06-02 03:47:52,056 - 5 result:
2024-06-02 03:47:52,056 - Name: 5, Distance: 0.6372228264808655
2024-06-02 03:47:52,056 - Name: 5, Distance: 0.6935900449752808
2024-06-02 03:47:52,056 - Name: 21, Distance: 0.7659762501716614
2024-06-02 03:47:52,056 - Name: 10, Distance: 0.8592900037765503
2024-06-02 03:47:52,056 - Name: 5, Distance: 0.8901181221008301
2024-06-02 03:47:52,283 - 50 result:
2024-06-02 03:47:52,283 - Name: 56, Distance: 0.9134505987167358
2024-06-02 03:47:52,283 - Name: 50, Distance: 1.001455545425415
2024-06-02 03:47:52,283 - Name: 50, Distance: 1.0072656869888306
2024-06-02 03:47:52,283 - Name: 45, Distance: 1.0147427320480347
2024-06-02 03:47:52,283 - Name: 41, Distance: 1.039190411567688
2024-06-02 03:47:52,851 - 51 result:
2024-06-02 03:47:52,851 - Name: 51, Distance: 0.8262653350830078
2024-06-02 03:47:52,852 - Name: 59, Distance: 0.8408442139625549
2024-06-02 03:47:52,852 - Name: 51, Distance: 0.9477161765098572
2024-06-02 03:47:52,852 - Name: 35, Distance: 0.9516136050224304
2024-06-02 03:47:52,852 - Name: 45, Distance: 0.9618411064147949
2024-06-02 03:47:52,953 - 52 result:
2024-06-02 03:47:52,953 - Name: 52, Distance: 0.7410711646080017
2024-06-02 03:47:52,953 - Name: 52, Distance: 0.7818365693092346
2024-06-02 03:47:52,953 - Name: 0, Distance: 0.918648362159729
2024-06-02 03:47:52,953 - Name: 0, Distance: 0.9209104776382446
2024-06-02 03:47:52,953 - Name: 20, Distance: 0.9277891516685486
2024-06-02 03:47:53,007 - 53 result:
2024-06-02 03:47:53,007 - Name: 53, Distance: 0.6880137324333191
2024-06-02 03:47:53,007 - Name: 36, Distance: 0.6912705302238464
2024-06-02 03:47:53,007 - Name: 58, Distance: 0.7528427839279175
2024-06-02 03:47:53,007 - Name: 53, Distance: 0.7765886187553406
2024-06-02 03:47:53,007 - Name: 0, Distance: 0.8285207748413086
2024-06-02 03:47:53,252 - 54 result:
2024-06-02 03:47:53,252 - Name: 59, Distance: 0.6703660488128662
2024-06-02 03:47:53,252 - Name: 54, Distance: 0.7522575855255127
2024-06-02 03:47:53,252 - Name: 54, Distance: 0.7675018906593323
2024-06-02 03:47:53,252 - Name: 43, Distance: 0.8012999892234802
2024-06-02 03:47:53,252 - Name: 54, Distance: 0.8140912055969238
2024-06-02 03:47:53,861 - 55 result:
2024-06-02 03:47:53,862 - Name: 55, Distance: 0.7753030061721802
2024-06-02 03:47:53,862 - Name: 53, Distance: 0.8609704971313477
2024-06-02 03:47:53,862 - Name: 0, Distance: 0.8778557181358337
2024-06-02 03:47:53,862 - Name: 55, Distance: 0.877998411655426
2024-06-02 03:47:53,862 - Name: 58, Distance: 0.8876631259918213
2024-06-02 03:47:53,915 - 56 result:
2024-06-02 03:47:53,915 - Name: 56, Distance: 0.6617494821548462
2024-06-02 03:47:53,915 - Name: 56, Distance: 0.749771773815155
2024-06-02 03:47:53,915 - Name: 56, Distance: 0.8097238540649414
2024-06-02 03:47:53,916 - Name: 35, Distance: 0.8819129467010498
2024-06-02 03:47:53,916 - Name: 51, Distance: 0.8904487490653992
2024-06-02 03:47:53,967 - 57 result:
2024-06-02 03:47:53,967 - Name: 44, Distance: 0.7449759244918823
2024-06-02 03:47:53,967 - Name: 57, Distance: 0.8204420208930969
2024-06-02 03:47:53,967 - Name: 51, Distance: 0.8519719839096069
2024-06-02 03:47:53,967 - Name: 57, Distance: 0.8587120175361633
2024-06-02 03:47:53,967 - Name: 59, Distance: 0.8990646600723267
2024-06-02 03:47:54,190 - 58 result:
2024-06-02 03:47:54,190 - Name: 58, Distance: 0.6643803715705872
2024-06-02 03:47:54,190 - Name: 44, Distance: 0.7709050178527832
2024-06-02 03:47:54,190 - Name: 45, Distance: 0.7893313765525818
2024-06-02 03:47:54,190 - Name: 56, Distance: 0.8168962001800537
2024-06-02 03:47:54,190 - Name: 41, Distance: 0.8234756588935852
2024-06-02 03:47:54,799 - 59 result:
2024-06-02 03:47:54,800 - Name: 2, Distance: 0.7600832581520081
2024-06-02 03:47:54,800 - Name: 57, Distance: 0.7725899815559387
2024-06-02 03:47:54,800 - Name: 58, Distance: 0.7780319452285767
2024-06-02 03:47:54,800 - Name: 57, Distance: 0.7883369326591492
2024-06-02 03:47:54,800 - Name: 54, Distance: 0.8087547421455383
2024-06-02 03:47:54,851 - 6 result:
2024-06-02 03:47:54,851 - Name: 6, Distance: 0.7431221008300781
2024-06-02 03:47:54,851 - Name: 6, Distance: 0.791998565196991
2024-06-02 03:47:54,851 - Name: 6, Distance: 0.8176887035369873
2024-06-02 03:47:54,851 - Name: 33, Distance: 0.899263858795166
2024-06-02 03:47:54,851 - Name: 14, Distance: 0.9006968140602112
2024-06-02 03:47:55,082 - 7 result:
2024-06-02 03:47:55,082 - Name: 7, Distance: 0.8300707340240479
2024-06-02 03:47:55,083 - Name: 10, Distance: 0.9010756611824036
2024-06-02 03:47:55,083 - Name: 7, Distance: 0.9013395309448242
2024-06-02 03:47:55,083 - Name: 13, Distance: 0.9065752029418945
2024-06-02 03:47:55,083 - Name: 14, Distance: 0.9445922374725342
2024-06-02 03:47:55,681 - 8 result:
2024-06-02 03:47:55,681 - Name: 8, Distance: 0.6281934976577759
2024-06-02 03:47:55,681 - Name: 8, Distance: 0.687557578086853
2024-06-02 03:47:55,681 - Name: 8, Distance: 0.7419777512550354
2024-06-02 03:47:55,681 - Name: 27, Distance: 0.8797482252120972
2024-06-02 03:47:55,682 - Name: 25, Distance: 0.892164409160614
2024-06-02 03:47:55,779 - 9 result:
2024-06-02 03:47:55,780 - Name: 6, Distance: 0.84730464220047
2024-06-02 03:47:55,780 - Name: 11, Distance: 0.9371659159660339
2024-06-02 03:47:55,780 - Name: 54, Distance: 0.9613563418388367
2024-06-02 03:47:55,780 - Name: 8, Distance: 1.0094016790390015
2024-06-02 03:47:55,780 - Name: 17, Distance: 1.0134819746017456
2024-06-02 03:47:55,877 - Total samples: 58
2024-06-02 03:47:55,877 - Correct predictions: 51
2024-06-02 03:47:55,877 - Incorrect predictions: 7
2024-06-02 03:47:55,877 - Accuracy: 87.93%
2024-06-02 03:47:55,877 - Correctly predicted classes:
2024-06-02 03:47:55,877 - 12: 1
2024-06-02 03:47:55,877 - 22: 1
2024-06-02 03:47:55,878 - 6: 1
2024-06-02 03:47:55,878 - 32: 1
2024-06-02 03:47:55,878 - 2: 1
2024-06-02 03:47:55,878 - 28: 1
2024-06-02 03:47:55,878 - 34: 1
2024-06-02 03:47:55,878 - 53: 1
2024-06-02 03:47:55,878 - 13: 1
2024-06-02 03:47:55,878 - 18: 1
2024-06-02 03:47:55,879 - 46: 1
2024-06-02 03:47:55,879 - 27: 1
2024-06-02 03:47:55,879 - 40: 1
2024-06-02 03:47:55,879 - 44: 1
2024-06-02 03:47:55,879 - 19: 1
2024-06-02 03:47:55,879 - 52: 1
2024-06-02 03:47:55,879 - 56: 1
2024-06-02 03:47:55,879 - 8: 1
2024-06-02 03:47:55,879 - 50: 1
2024-06-02 03:47:55,879 - 17: 1
2024-06-02 03:47:55,880 - 29: 1
2024-06-02 03:47:55,880 - 37: 1
2024-06-02 03:47:55,880 - 38: 1
2024-06-02 03:47:55,880 - 20: 1
2024-06-02 03:47:55,880 - 58: 1
2024-06-02 03:47:55,880 - 5: 1
2024-06-02 03:47:55,880 - 57: 1
2024-06-02 03:47:55,880 - 47: 1
2024-06-02 03:47:55,881 - 25: 1
2024-06-02 03:47:55,881 - 1: 1
2024-06-02 03:47:55,881 - 35: 1
2024-06-02 03:47:55,881 - 23: 1
2024-06-02 03:47:55,881 - 30: 1
2024-06-02 03:47:55,881 - 54: 1
2024-06-02 03:47:55,881 - 16: 1
2024-06-02 03:47:55,881 - 36: 1
2024-06-02 03:47:55,881 - 3: 1
2024-06-02 03:47:55,882 - 11: 1
2024-06-02 03:47:55,882 - 14: 1
2024-06-02 03:47:55,882 - 26: 1
2024-06-02 03:47:55,882 - 7: 1
2024-06-02 03:47:55,882 - 21: 1
2024-06-02 03:47:55,882 - 0: 1
2024-06-02 03:47:55,882 - 24: 1
2024-06-02 03:47:55,882 - 10: 1
2024-06-02 03:47:55,883 - 4: 1
2024-06-02 03:47:55,883 - 31: 1
2024-06-02 03:47:55,883 - 48: 1
2024-06-02 03:47:55,883 - 51: 1
2024-06-02 03:47:55,883 - 55: 1
2024-06-02 03:47:55,883 - 39: 1
2024-06-02 03:47:55,883 - Incorrectly predicted classes:
2024-06-02 03:47:55,883 - 59: 1
2024-06-02 03:47:55,884 - 9: 1
2024-06-02 03:47:55,884 - 45: 1
2024-06-02 03:47:55,884 - 33: 1
2024-06-02 03:47:55,884 - 42: 1
2024-06-02 03:47:55,884 - 15: 1
2024-06-02 03:47:55,884 - 41: 1
