2024-06-02 23:14:17,806 - test_dir : ./Face_Dataset/Test
2024-06-02 23:14:17,806 - pretrained : work_dir/FaceNet_finetuning_Random_Batch_FNP_CE_Fusion_40_32/FaceNet_finetuning_Random_Batch_FNP_CE_Fusion_40_32_deepfake.pth
2024-06-02 23:14:17,806 - model_name : FaceNet_finetuning_Random_Batch_FNP_CE_Fusion
2024-06-02 23:15:22,211 - 0 result:
2024-06-02 23:15:22,212 - Name: 0, Distance: 1.031437635421753
2024-06-02 23:15:22,212 - Name: 2, Distance: 1.077283501625061
2024-06-02 23:15:22,212 - Name: 23, Distance: 1.0787433385849
2024-06-02 23:15:22,212 - Name: 55, Distance: 1.1068207025527954
2024-06-02 23:15:22,212 - Name: 0, Distance: 1.1070228815078735
2024-06-02 23:15:22,267 - 1 result:
2024-06-02 23:15:22,267 - Name: 1, Distance: 0.9917470812797546
2024-06-02 23:15:22,267 - Name: 0, Distance: 1.0274823904037476
2024-06-02 23:15:22,267 - Name: 1, Distance: 1.0437989234924316
2024-06-02 23:15:22,267 - Name: 0, Distance: 1.0474532842636108
2024-06-02 23:15:22,267 - Name: 1, Distance: 1.0567295551300049
2024-06-02 23:15:22,339 - 10 result:
2024-06-02 23:15:22,340 - Name: 43, Distance: 0.9098469018936157
2024-06-02 23:15:22,340 - Name: 43, Distance: 0.9257975220680237
2024-06-02 23:15:22,340 - Name: 14, Distance: 0.9317787885665894
2024-06-02 23:15:22,340 - Name: 5, Distance: 0.9437856674194336
2024-06-02 23:15:22,340 - Name: 5, Distance: 0.9497970938682556
2024-06-02 23:15:23,448 - 11 result:
2024-06-02 23:15:23,448 - Name: 45, Distance: 0.7846513390541077
2024-06-02 23:15:23,448 - Name: 45, Distance: 0.8356149196624756
2024-06-02 23:15:23,448 - Name: 45, Distance: 0.876426100730896
2024-06-02 23:15:23,449 - Name: 8, Distance: 1.0469661951065063
2024-06-02 23:15:23,449 - Name: 8, Distance: 1.0810010433197021
2024-06-02 23:15:23,529 - 12 result:
2024-06-02 23:15:23,530 - Name: 12, Distance: 0.9133158326148987
2024-06-02 23:15:23,530 - Name: 12, Distance: 0.986705482006073
2024-06-02 23:15:23,530 - Name: 12, Distance: 1.009485125541687
2024-06-02 23:15:23,530 - Name: 18, Distance: 1.085473895072937
2024-06-02 23:15:23,530 - Name: 18, Distance: 1.0914419889450073
2024-06-02 23:15:23,600 - 13 result:
2024-06-02 23:15:23,600 - Name: 13, Distance: 0.0
2024-06-02 23:15:23,600 - Name: 13, Distance: 0.2698849141597748
2024-06-02 23:15:23,600 - Name: 13, Distance: 0.43476587533950806
2024-06-02 23:15:23,601 - Name: 16, Distance: 1.136662244796753
2024-06-02 23:15:23,601 - Name: 16, Distance: 1.141232967376709
2024-06-02 23:15:24,538 - 14 result:
2024-06-02 23:15:24,538 - Name: 32, Distance: 0.9809430837631226
2024-06-02 23:15:24,539 - Name: 32, Distance: 1.0127545595169067
2024-06-02 23:15:24,539 - Name: 50, Distance: 1.013063907623291
2024-06-02 23:15:24,539 - Name: 50, Distance: 1.0334410667419434
2024-06-02 23:15:24,539 - Name: 23, Distance: 1.054093837738037
2024-06-02 23:15:24,635 - 15 result:
2024-06-02 23:15:24,635 - Name: 28, Distance: 0.8708663582801819
2024-06-02 23:15:24,635 - Name: 28, Distance: 0.8719369769096375
2024-06-02 23:15:24,635 - Name: 28, Distance: 0.904194176197052
2024-06-02 23:15:24,635 - Name: 30, Distance: 0.9303297400474548
2024-06-02 23:15:24,636 - Name: 30, Distance: 0.949778139591217
2024-06-02 23:15:25,028 - 16 result:
2024-06-02 23:15:25,028 - Name: 16, Distance: 0.6615403890609741
2024-06-02 23:15:25,028 - Name: 16, Distance: 0.6763426065444946
2024-06-02 23:15:25,028 - Name: 16, Distance: 0.7320799231529236
2024-06-02 23:15:25,028 - Name: 26, Distance: 0.7448316216468811
2024-06-02 23:15:25,028 - Name: 26, Distance: 0.8067294955253601
2024-06-02 23:15:25,824 - 17 result:
2024-06-02 23:15:25,825 - Name: 17, Distance: 1.0317645072937012
2024-06-02 23:15:25,825 - Name: 17, Distance: 1.060062050819397
2024-06-02 23:15:25,825 - Name: 13, Distance: 1.0705742835998535
2024-06-02 23:15:25,825 - Name: 40, Distance: 1.0883177518844604
2024-06-02 23:15:25,825 - Name: 13, Distance: 1.0888965129852295
2024-06-02 23:15:25,908 - 18 result:
2024-06-02 23:15:25,908 - Name: 18, Distance: 0.9170570373535156
2024-06-02 23:15:25,909 - Name: 18, Distance: 0.9192343354225159
2024-06-02 23:15:25,909 - Name: 18, Distance: 0.9360874891281128
2024-06-02 23:15:25,909 - Name: 14, Distance: 0.942432165145874
2024-06-02 23:15:25,909 - Name: 14, Distance: 0.9810971617698669
2024-06-02 23:15:25,958 - 19 result:
2024-06-02 23:15:25,958 - Name: 1, Distance: 1.0524972677230835
2024-06-02 23:15:25,958 - Name: 28, Distance: 1.0641224384307861
2024-06-02 23:15:25,958 - Name: 28, Distance: 1.0779247283935547
2024-06-02 23:15:25,958 - Name: 28, Distance: 1.0872489213943481
2024-06-02 23:15:25,958 - Name: 1, Distance: 1.102748990058899
2024-06-02 23:15:26,010 - 2 result:
2024-06-02 23:15:26,010 - Name: 52, Distance: 0.9622131586074829
2024-06-02 23:15:26,010 - Name: 52, Distance: 0.9809791445732117
2024-06-02 23:15:26,010 - Name: 52, Distance: 1.0606297254562378
2024-06-02 23:15:26,010 - Name: 2, Distance: 1.0634199380874634
2024-06-02 23:15:26,010 - Name: 2, Distance: 1.087279200553894
2024-06-02 23:15:27,127 - 20 result:
2024-06-02 23:15:27,127 - Name: 28, Distance: 1.0181851387023926
2024-06-02 23:15:27,127 - Name: 20, Distance: 1.0348360538482666
2024-06-02 23:15:27,127 - Name: 2, Distance: 1.0471007823944092
2024-06-02 23:15:27,127 - Name: 28, Distance: 1.0573407411575317
2024-06-02 23:15:27,127 - Name: 43, Distance: 1.0661312341690063
2024-06-02 23:15:27,217 - 21 result:
2024-06-02 23:15:27,217 - Name: 43, Distance: 0.9028982520103455
2024-06-02 23:15:27,217 - Name: 43, Distance: 0.9479731917381287
2024-06-02 23:15:27,217 - Name: 43, Distance: 0.9656752347946167
2024-06-02 23:15:27,217 - Name: 14, Distance: 1.0352973937988281
2024-06-02 23:15:27,217 - Name: 14, Distance: 1.064563274383545
2024-06-02 23:15:27,266 - 22 result:
2024-06-02 23:15:27,266 - Name: 32, Distance: 0.8470063805580139
2024-06-02 23:15:27,266 - Name: 32, Distance: 0.8742900490760803
2024-06-02 23:15:27,266 - Name: 32, Distance: 0.9426454305648804
2024-06-02 23:15:27,266 - Name: 12, Distance: 0.9991561770439148
2024-06-02 23:15:27,266 - Name: 5, Distance: 1.0215190649032593
2024-06-02 23:15:27,313 - 23 result:
2024-06-02 23:15:27,313 - Name: 31, Distance: 0.9645218253135681
2024-06-02 23:15:27,313 - Name: 29, Distance: 1.0035932064056396
2024-06-02 23:15:27,313 - Name: 29, Distance: 1.012743592262268
2024-06-02 23:15:27,313 - Name: 31, Distance: 1.0212974548339844
2024-06-02 23:15:27,313 - Name: 29, Distance: 1.0275570154190063
2024-06-02 23:15:27,359 - 24 result:
2024-06-02 23:15:27,359 - Name: 24, Distance: 0.5852088928222656
2024-06-02 23:15:27,359 - Name: 24, Distance: 0.6020380854606628
2024-06-02 23:15:27,360 - Name: 24, Distance: 0.609334409236908
2024-06-02 23:15:27,360 - Name: 26, Distance: 0.8507473468780518
2024-06-02 23:15:27,360 - Name: 26, Distance: 0.889804482460022
2024-06-02 23:15:27,410 - 25 result:
2024-06-02 23:15:27,410 - Name: 25, Distance: 0.8585195541381836
2024-06-02 23:15:27,410 - Name: 28, Distance: 0.8821024894714355
2024-06-02 23:15:27,410 - Name: 34, Distance: 0.912017285823822
2024-06-02 23:15:27,410 - Name: 26, Distance: 0.9155139923095703
2024-06-02 23:15:27,410 - Name: 26, Distance: 0.9210425019264221
2024-06-02 23:15:27,640 - 26 result:
2024-06-02 23:15:27,640 - Name: 26, Distance: 0.8022755980491638
2024-06-02 23:15:27,640 - Name: 26, Distance: 0.8242082595825195
2024-06-02 23:15:27,640 - Name: 28, Distance: 0.8292880058288574
2024-06-02 23:15:27,640 - Name: 28, Distance: 0.8332042694091797
2024-06-02 23:15:27,640 - Name: 26, Distance: 0.840742826461792
2024-06-02 23:15:28,788 - 27 result:
2024-06-02 23:15:28,788 - Name: 28, Distance: 0.765545129776001
2024-06-02 23:15:28,788 - Name: 28, Distance: 0.7858716249465942
2024-06-02 23:15:28,788 - Name: 28, Distance: 0.7872569561004639
2024-06-02 23:15:28,788 - Name: 26, Distance: 0.9976574182510376
2024-06-02 23:15:28,788 - Name: 26, Distance: 1.0009816884994507
2024-06-02 23:15:28,845 - 28 result:
2024-06-02 23:15:28,845 - Name: 27, Distance: 0.8162750601768494
2024-06-02 23:15:28,845 - Name: 27, Distance: 0.8452856540679932
2024-06-02 23:15:28,845 - Name: 27, Distance: 0.8569459915161133
2024-06-02 23:15:28,845 - Name: 28, Distance: 0.9495509266853333
2024-06-02 23:15:28,845 - Name: 30, Distance: 0.9533190727233887
2024-06-02 23:15:29,681 - 29 result:
2024-06-02 23:15:29,682 - Name: 21, Distance: 0.6680482029914856
2024-06-02 23:15:29,682 - Name: 21, Distance: 0.6718996167182922
2024-06-02 23:15:29,682 - Name: 21, Distance: 0.7436960935592651
2024-06-02 23:15:29,682 - Name: 14, Distance: 1.0729942321777344
2024-06-02 23:15:29,682 - Name: 33, Distance: 1.082314372062683
2024-06-02 23:15:30,746 - 3 result:
2024-06-02 23:15:30,746 - Name: 3, Distance: 0.8507978916168213
2024-06-02 23:15:30,746 - Name: 3, Distance: 0.8837355375289917
2024-06-02 23:15:30,746 - Name: 3, Distance: 0.9104619026184082
2024-06-02 23:15:30,746 - Name: 37, Distance: 1.0273282527923584
2024-06-02 23:15:30,747 - Name: 20, Distance: 1.0391273498535156
2024-06-02 23:15:31,851 - 30 result:
2024-06-02 23:15:31,852 - Name: 28, Distance: 0.7209998965263367
2024-06-02 23:15:31,852 - Name: 28, Distance: 0.7249675989151001
2024-06-02 23:15:31,852 - Name: 28, Distance: 0.7466306686401367
2024-06-02 23:15:31,852 - Name: 15, Distance: 0.9605663418769836
2024-06-02 23:15:31,852 - Name: 34, Distance: 0.9766638875007629
2024-06-02 23:15:31,957 - 31 result:
2024-06-02 23:15:31,957 - Name: 14, Distance: 0.9397761225700378
2024-06-02 23:15:31,957 - Name: 14, Distance: 0.9591893553733826
2024-06-02 23:15:31,958 - Name: 14, Distance: 0.9698429703712463
2024-06-02 23:15:31,958 - Name: 23, Distance: 1.0225430727005005
2024-06-02 23:15:31,958 - Name: 23, Distance: 1.0948216915130615
2024-06-02 23:15:32,018 - 32 result:
2024-06-02 23:15:32,018 - Name: 32, Distance: 1.0251322984695435
2024-06-02 23:15:32,018 - Name: 22, Distance: 1.0343377590179443
2024-06-02 23:15:32,018 - Name: 22, Distance: 1.0895851850509644
2024-06-02 23:15:32,018 - Name: 32, Distance: 1.0968903303146362
2024-06-02 23:15:32,018 - Name: 22, Distance: 1.1206721067428589
2024-06-02 23:15:32,763 - 33 result:
2024-06-02 23:15:32,764 - Name: 18, Distance: 0.9276973605155945
2024-06-02 23:15:32,764 - Name: 18, Distance: 0.9769065380096436
2024-06-02 23:15:32,764 - Name: 18, Distance: 0.9823640584945679
2024-06-02 23:15:32,764 - Name: 14, Distance: 0.9826210141181946
2024-06-02 23:15:32,764 - Name: 9, Distance: 1.000711441040039
2024-06-02 23:15:33,414 - 34 result:
2024-06-02 23:15:33,415 - Name: 29, Distance: 0.7331650853157043
2024-06-02 23:15:33,415 - Name: 29, Distance: 0.7352171540260315
2024-06-02 23:15:33,415 - Name: 29, Distance: 0.8141865730285645
2024-06-02 23:15:33,415 - Name: 8, Distance: 0.8821613192558289
2024-06-02 23:15:33,415 - Name: 8, Distance: 0.9176703095436096
2024-06-02 23:15:34,160 - 35 result:
2024-06-02 23:15:34,161 - Name: 35, Distance: 0.8855202794075012
2024-06-02 23:15:34,161 - Name: 35, Distance: 0.8886991143226624
2024-06-02 23:15:34,161 - Name: 35, Distance: 0.9033569097518921
2024-06-02 23:15:34,161 - Name: 30, Distance: 1.0172312259674072
2024-06-02 23:15:34,161 - Name: 56, Distance: 1.0810829401016235
2024-06-02 23:15:34,280 - 36 result:
2024-06-02 23:15:34,280 - Name: 8, Distance: 0.961277425289154
2024-06-02 23:15:34,280 - Name: 8, Distance: 0.9887725114822388
2024-06-02 23:15:34,281 - Name: 8, Distance: 1.0089507102966309
2024-06-02 23:15:34,281 - Name: 36, Distance: 1.0265238285064697
2024-06-02 23:15:34,281 - Name: 27, Distance: 1.0680841207504272
2024-06-02 23:15:35,381 - 37 result:
2024-06-02 23:15:35,381 - Name: 30, Distance: 1.0177053213119507
2024-06-02 23:15:35,382 - Name: 28, Distance: 1.0531749725341797
2024-06-02 23:15:35,382 - Name: 30, Distance: 1.0791252851486206
2024-06-02 23:15:35,382 - Name: 28, Distance: 1.079534888267517
2024-06-02 23:15:35,382 - Name: 35, Distance: 1.0842430591583252
2024-06-02 23:15:35,526 - 38 result:
2024-06-02 23:15:35,526 - Name: 21, Distance: 0.7925655841827393
2024-06-02 23:15:35,526 - Name: 21, Distance: 0.8099499344825745
2024-06-02 23:15:35,526 - Name: 21, Distance: 0.8306795358657837
2024-06-02 23:15:35,526 - Name: 55, Distance: 1.067270278930664
2024-06-02 23:15:35,526 - Name: 9, Distance: 1.0855095386505127
2024-06-02 23:15:35,617 - 39 result:
2024-06-02 23:15:35,618 - Name: 36, Distance: 0.9732431173324585
2024-06-02 23:15:35,618 - Name: 36, Distance: 1.017333984375
2024-06-02 23:15:35,618 - Name: 59, Distance: 1.0849062204360962
2024-06-02 23:15:35,618 - Name: 59, Distance: 1.092713475227356
2024-06-02 23:15:35,618 - Name: 46, Distance: 1.1323963403701782
2024-06-02 23:15:36,739 - 4 result:
2024-06-02 23:15:36,740 - Name: 48, Distance: 0.9458933472633362
2024-06-02 23:15:36,740 - Name: 50, Distance: 0.9495792984962463
2024-06-02 23:15:36,740 - Name: 48, Distance: 1.0027681589126587
2024-06-02 23:15:36,740 - Name: 50, Distance: 1.0030804872512817
2024-06-02 23:15:36,740 - Name: 48, Distance: 1.0063886642456055
2024-06-02 23:15:36,824 - 40 result:
2024-06-02 23:15:36,824 - Name: 0, Distance: 0.9317548274993896
2024-06-02 23:15:36,824 - Name: 0, Distance: 0.9558467864990234
2024-06-02 23:15:36,824 - Name: 0, Distance: 0.9834098815917969
2024-06-02 23:15:36,824 - Name: 24, Distance: 1.058595895767212
2024-06-02 23:15:36,824 - Name: 41, Distance: 1.0592201948165894
2024-06-02 23:15:36,896 - 41 result:
2024-06-02 23:15:36,897 - Name: 16, Distance: 0.92435622215271
2024-06-02 23:15:36,897 - Name: 16, Distance: 0.9459791779518127
2024-06-02 23:15:36,897 - Name: 8, Distance: 0.9750011563301086
2024-06-02 23:15:36,897 - Name: 44, Distance: 0.9810273051261902
2024-06-02 23:15:36,898 - Name: 16, Distance: 1.0041370391845703
2024-06-02 23:15:37,130 - 42 result:
2024-06-02 23:15:37,130 - Name: 28, Distance: 1.0870999097824097
2024-06-02 23:15:37,131 - Name: 25, Distance: 1.0889763832092285
2024-06-02 23:15:37,131 - Name: 28, Distance: 1.097670316696167
2024-06-02 23:15:37,131 - Name: 25, Distance: 1.105018973350525
2024-06-02 23:15:37,131 - Name: 25, Distance: 1.106801986694336
2024-06-02 23:15:38,126 - 44 result:
2024-06-02 23:15:38,126 - Name: 42, Distance: 0.8084591627120972
2024-06-02 23:15:38,126 - Name: 42, Distance: 0.8799565434455872
2024-06-02 23:15:38,126 - Name: 42, Distance: 0.9310511946678162
2024-06-02 23:15:38,126 - Name: 9, Distance: 1.1896870136260986
2024-06-02 23:15:38,126 - Name: 39, Distance: 1.1910629272460938
2024-06-02 23:15:38,382 - 45 result:
2024-06-02 23:15:38,382 - Name: 42, Distance: 0.8355906009674072
2024-06-02 23:15:38,382 - Name: 42, Distance: 1.002441167831421
2024-06-02 23:15:38,383 - Name: 42, Distance: 1.0319222211837769
2024-06-02 23:15:38,383 - Name: 25, Distance: 1.0763134956359863
2024-06-02 23:15:38,383 - Name: 31, Distance: 1.095346450805664
2024-06-02 23:15:39,133 - 46 result:
2024-06-02 23:15:39,133 - Name: 43, Distance: 0.9729894995689392
2024-06-02 23:15:39,133 - Name: 4, Distance: 0.9916443228721619
2024-06-02 23:15:39,133 - Name: 43, Distance: 1.0000383853912354
2024-06-02 23:15:39,133 - Name: 43, Distance: 1.0093878507614136
2024-06-02 23:15:39,133 - Name: 4, Distance: 1.0386375188827515
2024-06-02 23:15:40,129 - 47 result:
2024-06-02 23:15:40,129 - Name: 45, Distance: 0.9332981109619141
2024-06-02 23:15:40,130 - Name: 45, Distance: 0.976304829120636
2024-06-02 23:15:40,130 - Name: 59, Distance: 1.0154823064804077
2024-06-02 23:15:40,130 - Name: 45, Distance: 1.0203561782836914
2024-06-02 23:15:40,130 - Name: 53, Distance: 1.0470879077911377
2024-06-02 23:15:40,567 - 48 result:
2024-06-02 23:15:40,567 - Name: 29, Distance: 1.1219124794006348
2024-06-02 23:15:40,567 - Name: 9, Distance: 1.1442601680755615
2024-06-02 23:15:40,567 - Name: 29, Distance: 1.162824273109436
2024-06-02 23:15:40,567 - Name: 29, Distance: 1.172217845916748
2024-06-02 23:15:40,567 - Name: 20, Distance: 1.1798453330993652
2024-06-02 23:15:41,290 - 5 result:
2024-06-02 23:15:41,290 - Name: 5, Distance: 0.8880000710487366
2024-06-02 23:15:41,290 - Name: 5, Distance: 0.8990640640258789
2024-06-02 23:15:41,290 - Name: 5, Distance: 0.9886536598205566
2024-06-02 23:15:41,290 - Name: 21, Distance: 1.00980544090271
2024-06-02 23:15:41,290 - Name: 21, Distance: 1.0221480131149292
2024-06-02 23:15:42,349 - 50 result:
2024-06-02 23:15:42,349 - Name: 9, Distance: 0.8939315676689148
2024-06-02 23:15:42,349 - Name: 23, Distance: 0.9230721592903137
2024-06-02 23:15:42,350 - Name: 23, Distance: 0.9395490288734436
2024-06-02 23:15:42,350 - Name: 23, Distance: 0.9671721458435059
2024-06-02 23:15:42,350 - Name: 9, Distance: 0.9831891655921936
2024-06-02 23:15:43,160 - 51 result:
2024-06-02 23:15:43,161 - Name: 57, Distance: 0.839783251285553
2024-06-02 23:15:43,161 - Name: 57, Distance: 0.8408275842666626
2024-06-02 23:15:43,161 - Name: 57, Distance: 0.9498999118804932
2024-06-02 23:15:43,161 - Name: 50, Distance: 1.018695592880249
2024-06-02 23:15:43,161 - Name: 55, Distance: 1.0557479858398438
2024-06-02 23:15:43,664 - 52 result:
2024-06-02 23:15:43,665 - Name: 28, Distance: 0.9309471845626831
2024-06-02 23:15:43,665 - Name: 28, Distance: 0.9587717056274414
2024-06-02 23:15:43,665 - Name: 26, Distance: 1.0025076866149902
2024-06-02 23:15:43,665 - Name: 28, Distance: 1.0115445852279663
2024-06-02 23:15:43,665 - Name: 26, Distance: 1.0348420143127441
2024-06-02 23:15:43,735 - 53 result:
2024-06-02 23:15:43,736 - Name: 54, Distance: 1.0342236757278442
2024-06-02 23:15:43,736 - Name: 54, Distance: 1.0619276762008667
2024-06-02 23:15:43,736 - Name: 35, Distance: 1.088025450706482
2024-06-02 23:15:43,737 - Name: 54, Distance: 1.0910223722457886
2024-06-02 23:15:43,737 - Name: 35, Distance: 1.1021302938461304
2024-06-02 23:15:43,814 - 54 result:
2024-06-02 23:15:43,814 - Name: 54, Distance: 0.9413356781005859
2024-06-02 23:15:43,814 - Name: 54, Distance: 0.9897359013557434
2024-06-02 23:15:43,815 - Name: 54, Distance: 1.0218639373779297
2024-06-02 23:15:43,815 - Name: 36, Distance: 1.0945695638656616
2024-06-02 23:15:43,815 - Name: 59, Distance: 1.127677321434021
2024-06-02 23:15:44,928 - 55 result:
2024-06-02 23:15:44,928 - Name: 55, Distance: 0.8107066750526428
2024-06-02 23:15:44,928 - Name: 55, Distance: 0.927407443523407
2024-06-02 23:15:44,928 - Name: 55, Distance: 0.9278054237365723
2024-06-02 23:15:44,928 - Name: 27, Distance: 1.023786187171936
2024-06-02 23:15:44,928 - Name: 28, Distance: 1.0569435358047485
2024-06-02 23:15:45,017 - 56 result:
2024-06-02 23:15:45,017 - Name: 45, Distance: 0.774773895740509
2024-06-02 23:15:45,018 - Name: 45, Distance: 0.8365244269371033
2024-06-02 23:15:45,018 - Name: 45, Distance: 0.855150043964386
2024-06-02 23:15:45,018 - Name: 46, Distance: 1.110282301902771
2024-06-02 23:15:45,018 - Name: 46, Distance: 1.1346395015716553
2024-06-02 23:15:45,081 - 57 result:
2024-06-02 23:15:45,082 - Name: 58, Distance: 0.8785139918327332
2024-06-02 23:15:45,082 - Name: 58, Distance: 0.9198765754699707
2024-06-02 23:15:45,082 - Name: 0, Distance: 1.0326769351959229
2024-06-02 23:15:45,082 - Name: 0, Distance: 1.0977238416671753
2024-06-02 23:15:45,082 - Name: 3, Distance: 1.1054506301879883
2024-06-02 23:15:45,139 - 58 result:
2024-06-02 23:15:45,140 - Name: 58, Distance: 0.8906742334365845
2024-06-02 23:15:45,140 - Name: 58, Distance: 0.9265212416648865
2024-06-02 23:15:45,140 - Name: 3, Distance: 1.0507248640060425
2024-06-02 23:15:45,140 - Name: 3, Distance: 1.0533727407455444
2024-06-02 23:15:45,140 - Name: 58, Distance: 1.0765002965927124
2024-06-02 23:15:46,281 - 59 result:
2024-06-02 23:15:46,282 - Name: 57, Distance: 0.8784247636795044
2024-06-02 23:15:46,282 - Name: 57, Distance: 0.9816133975982666
2024-06-02 23:15:46,282 - Name: 57, Distance: 0.9825092554092407
2024-06-02 23:15:46,282 - Name: 38, Distance: 1.1337777376174927
2024-06-02 23:15:46,282 - Name: 37, Distance: 1.1489229202270508
2024-06-02 23:15:46,340 - 6 result:
2024-06-02 23:15:46,340 - Name: 25, Distance: 0.9064518809318542
2024-06-02 23:15:46,340 - Name: 25, Distance: 0.906861424446106
2024-06-02 23:15:46,340 - Name: 25, Distance: 0.9517450332641602
2024-06-02 23:15:46,340 - Name: 27, Distance: 1.0082848072052002
2024-06-02 23:15:46,340 - Name: 27, Distance: 1.0163936614990234
2024-06-02 23:15:46,396 - 7 result:
2024-06-02 23:15:46,396 - Name: 33, Distance: 0.981063187122345
2024-06-02 23:15:46,396 - Name: 33, Distance: 1.0237412452697754
2024-06-02 23:15:46,396 - Name: 18, Distance: 1.0699400901794434
2024-06-02 23:15:46,397 - Name: 33, Distance: 1.0719000101089478
2024-06-02 23:15:46,397 - Name: 19, Distance: 1.0820684432983398
2024-06-02 23:15:46,611 - 8 result:
2024-06-02 23:15:46,611 - Name: 28, Distance: 0.9118024110794067
2024-06-02 23:15:46,611 - Name: 28, Distance: 0.9414879679679871
2024-06-02 23:15:46,611 - Name: 8, Distance: 0.9554976224899292
2024-06-02 23:15:46,611 - Name: 8, Distance: 0.9654470086097717
2024-06-02 23:15:46,611 - Name: 28, Distance: 0.9729298949241638
2024-06-02 23:15:46,666 - 9 result:
2024-06-02 23:15:46,667 - Name: 12, Distance: 0.9902130365371704
2024-06-02 23:15:46,667 - Name: 31, Distance: 1.0324280261993408
2024-06-02 23:15:46,667 - Name: 12, Distance: 1.038083791732788
2024-06-02 23:15:46,667 - Name: 12, Distance: 1.0552160739898682
2024-06-02 23:15:46,667 - Name: 31, Distance: 1.0608669519424438
2024-06-02 23:15:46,787 - Total samples: 58
2024-06-02 23:15:46,788 - Correct predictions: 22
2024-06-02 23:15:46,788 - Incorrect predictions: 36
2024-06-02 23:15:46,788 - Accuracy: 37.93%
2024-06-02 23:15:46,788 - Correctly predicted classes:
2024-06-02 23:15:46,788 - 12: 1
2024-06-02 23:15:46,788 - 16: 1
2024-06-02 23:15:46,788 - 1: 1
2024-06-02 23:15:46,788 - 20: 1
2024-06-02 23:15:46,788 - 2: 1
2024-06-02 23:15:46,788 - 18: 1
2024-06-02 23:15:46,788 - 0: 1
2024-06-02 23:15:46,788 - 8: 1
2024-06-02 23:15:46,788 - 26: 1
2024-06-02 23:15:46,788 - 17: 1
2024-06-02 23:15:46,788 - 35: 1
2024-06-02 23:15:46,788 - 32: 1
2024-06-02 23:15:46,788 - 3: 1
2024-06-02 23:15:46,788 - 5: 1
2024-06-02 23:15:46,788 - 28: 1
2024-06-02 23:15:46,788 - 58: 1
2024-06-02 23:15:46,788 - 13: 1
2024-06-02 23:15:46,789 - 54: 1
2024-06-02 23:15:46,789 - 25: 1
2024-06-02 23:15:46,789 - 24: 1
2024-06-02 23:15:46,789 - 55: 1
2024-06-02 23:15:46,789 - 36: 1
2024-06-02 23:15:46,789 - Incorrectly predicted classes:
2024-06-02 23:15:46,789 - 42: 1
2024-06-02 23:15:46,789 - 53: 1
2024-06-02 23:15:46,789 - 14: 1
2024-06-02 23:15:46,789 - 33: 1
2024-06-02 23:15:46,789 - 11: 1
2024-06-02 23:15:46,789 - 40: 1
2024-06-02 23:15:46,789 - 15: 1
2024-06-02 23:15:46,789 - 21: 1
2024-06-02 23:15:46,789 - 56: 1
2024-06-02 23:15:46,789 - 31: 1
2024-06-02 23:15:46,790 - 59: 1
2024-06-02 23:15:46,790 - 47: 1
2024-06-02 23:15:46,790 - 52: 1
2024-06-02 23:15:46,790 - 45: 1
2024-06-02 23:15:46,790 - 46: 1
2024-06-02 23:15:46,790 - 30: 1
2024-06-02 23:15:46,790 - 22: 1
2024-06-02 23:15:46,790 - 10: 1
2024-06-02 23:15:46,790 - 57: 1
2024-06-02 23:15:46,790 - 4: 1
2024-06-02 23:15:46,790 - 51: 1
2024-06-02 23:15:46,790 - 37: 1
2024-06-02 23:15:46,790 - 6: 1
2024-06-02 23:15:46,790 - 29: 1
2024-06-02 23:15:46,790 - 23: 1
2024-06-02 23:15:46,790 - 44: 1
2024-06-02 23:15:46,790 - 48: 1
2024-06-02 23:15:46,790 - 38: 1
2024-06-02 23:15:46,790 - 39: 1
2024-06-02 23:15:46,790 - 27: 1
2024-06-02 23:15:46,791 - 9: 1
2024-06-02 23:15:46,791 - 41: 1
2024-06-02 23:15:46,791 - 50: 1
2024-06-02 23:15:46,791 - 34: 1
2024-06-02 23:15:46,791 - 19: 1
2024-06-02 23:15:46,791 - 7: 1
