2024-06-02 22:51:04,438 - test_dir : ./Face_Dataset/Test
2024-06-02 22:51:04,438 - pretrained : work_dir/FaceNet_finetuning_Random_Batch_FNP_CE_20_32/FaceNet_finetuning_Random_Batch_FNP_CE_20_32_deepfake.pth
2024-06-02 22:51:04,438 - model_name : FaceNet_finetuning_Random_Batch_FNP_CE
2024-06-02 22:51:56,037 - 0 result:
2024-06-02 22:51:56,038 - Name: 0, Distance: 1.00731360912323
2024-06-02 22:51:56,038 - Name: 2, Distance: 1.0382375717163086
2024-06-02 22:51:56,038 - Name: 0, Distance: 1.0406697988510132
2024-06-02 22:51:56,038 - Name: 0, Distance: 1.0422192811965942
2024-06-02 22:51:56,038 - Name: 55, Distance: 1.1017032861709595
2024-06-02 22:51:56,100 - 1 result:
2024-06-02 22:51:56,100 - Name: 0, Distance: 0.9830235838890076
2024-06-02 22:51:56,100 - Name: 0, Distance: 1.0005106925964355
2024-06-02 22:51:56,100 - Name: 0, Distance: 1.0060478448867798
2024-06-02 22:51:56,100 - Name: 52, Distance: 1.0102002620697021
2024-06-02 22:51:56,100 - Name: 52, Distance: 1.018032431602478
2024-06-02 22:51:56,339 - 10 result:
2024-06-02 22:51:56,339 - Name: 43, Distance: 0.8913697600364685
2024-06-02 22:51:56,339 - Name: 43, Distance: 0.8961195349693298
2024-06-02 22:51:56,339 - Name: 43, Distance: 0.9214136004447937
2024-06-02 22:51:56,339 - Name: 14, Distance: 0.9893588423728943
2024-06-02 22:51:56,339 - Name: 5, Distance: 1.0281280279159546
2024-06-02 22:51:56,941 - 11 result:
2024-06-02 22:51:56,942 - Name: 45, Distance: 0.8058428764343262
2024-06-02 22:51:56,942 - Name: 45, Distance: 0.8769569396972656
2024-06-02 22:51:56,942 - Name: 45, Distance: 0.9308662414550781
2024-06-02 22:51:56,942 - Name: 42, Distance: 1.1820744276046753
2024-06-02 22:51:56,942 - Name: 30, Distance: 1.1859742403030396
2024-06-02 22:51:57,077 - 12 result:
2024-06-02 22:51:57,078 - Name: 12, Distance: 0.9447439312934875
2024-06-02 22:51:57,078 - Name: 12, Distance: 1.0235263109207153
2024-06-02 22:51:57,078 - Name: 12, Distance: 1.034191608428955
2024-06-02 22:51:57,078 - Name: 15, Distance: 1.0628641843795776
2024-06-02 22:51:57,078 - Name: 7, Distance: 1.0990190505981445
2024-06-02 22:51:57,146 - 13 result:
2024-06-02 22:51:57,146 - Name: 13, Distance: 0.0
2024-06-02 22:51:57,146 - Name: 13, Distance: 0.2901726961135864
2024-06-02 22:51:57,146 - Name: 13, Distance: 0.3727274537086487
2024-06-02 22:51:57,146 - Name: 19, Distance: 1.169812798500061
2024-06-02 22:51:57,146 - Name: 39, Distance: 1.2076997756958008
2024-06-02 22:51:57,393 - 14 result:
2024-06-02 22:51:57,394 - Name: 23, Distance: 1.033738613128662
2024-06-02 22:51:57,394 - Name: 23, Distance: 1.0352659225463867
2024-06-02 22:51:57,394 - Name: 32, Distance: 1.0747419595718384
2024-06-02 22:51:57,394 - Name: 52, Distance: 1.083059310913086
2024-06-02 22:51:57,394 - Name: 23, Distance: 1.0832158327102661
2024-06-02 22:51:58,006 - 15 result:
2024-06-02 22:51:58,007 - Name: 28, Distance: 0.8764252066612244
2024-06-02 22:51:58,007 - Name: 28, Distance: 0.8960899710655212
2024-06-02 22:51:58,007 - Name: 28, Distance: 0.9081488251686096
2024-06-02 22:51:58,007 - Name: 30, Distance: 0.9616843461990356
2024-06-02 22:51:58,007 - Name: 30, Distance: 1.0067559480667114
2024-06-02 22:51:58,100 - 16 result:
2024-06-02 22:51:58,100 - Name: 16, Distance: 0.7314846515655518
2024-06-02 22:51:58,101 - Name: 16, Distance: 0.7967816591262817
2024-06-02 22:51:58,101 - Name: 16, Distance: 0.8391937613487244
2024-06-02 22:51:58,101 - Name: 26, Distance: 0.9729254245758057
2024-06-02 22:51:58,101 - Name: 8, Distance: 0.9882180690765381
2024-06-02 22:51:58,155 - 17 result:
2024-06-02 22:51:58,156 - Name: 40, Distance: 1.0678393840789795
2024-06-02 22:51:58,156 - Name: 13, Distance: 1.084663987159729
2024-06-02 22:51:58,156 - Name: 13, Distance: 1.0864602327346802
2024-06-02 22:51:58,156 - Name: 17, Distance: 1.112954020500183
2024-06-02 22:51:58,156 - Name: 17, Distance: 1.1171109676361084
2024-06-02 22:51:58,411 - 18 result:
2024-06-02 22:51:58,411 - Name: 14, Distance: 1.0264055728912354
2024-06-02 22:51:58,411 - Name: 14, Distance: 1.0321018695831299
2024-06-02 22:51:58,411 - Name: 33, Distance: 1.045545220375061
2024-06-02 22:51:58,411 - Name: 14, Distance: 1.0532203912734985
2024-06-02 22:51:58,411 - Name: 5, Distance: 1.0610711574554443
2024-06-02 22:51:59,027 - 19 result:
2024-06-02 22:51:59,027 - Name: 1, Distance: 0.9391477704048157
2024-06-02 22:51:59,027 - Name: 1, Distance: 0.969662606716156
2024-06-02 22:51:59,028 - Name: 1, Distance: 1.0000897645950317
2024-06-02 22:51:59,028 - Name: 28, Distance: 1.1118218898773193
2024-06-02 22:51:59,028 - Name: 28, Distance: 1.1264911890029907
2024-06-02 22:51:59,134 - 2 result:
2024-06-02 22:51:59,134 - Name: 52, Distance: 0.9534845948219299
2024-06-02 22:51:59,134 - Name: 52, Distance: 0.9767128229141235
2024-06-02 22:51:59,134 - Name: 52, Distance: 0.9906846880912781
2024-06-02 22:51:59,134 - Name: 2, Distance: 1.0069458484649658
2024-06-02 22:51:59,134 - Name: 2, Distance: 1.032004714012146
2024-06-02 22:51:59,184 - 20 result:
2024-06-02 22:51:59,184 - Name: 20, Distance: 0.9846383929252625
2024-06-02 22:51:59,184 - Name: 20, Distance: 1.0357506275177002
2024-06-02 22:51:59,184 - Name: 43, Distance: 1.0624092817306519
2024-06-02 22:51:59,184 - Name: 43, Distance: 1.0701385736465454
2024-06-02 22:51:59,184 - Name: 2, Distance: 1.0759326219558716
2024-06-02 22:51:59,235 - 21 result:
2024-06-02 22:51:59,236 - Name: 10, Distance: 0.9615957736968994
2024-06-02 22:51:59,236 - Name: 10, Distance: 0.9863331317901611
2024-06-02 22:51:59,236 - Name: 5, Distance: 0.9962567090988159
2024-06-02 22:51:59,236 - Name: 14, Distance: 1.0046008825302124
2024-06-02 22:51:59,236 - Name: 43, Distance: 1.0118428468704224
2024-06-02 22:51:59,510 - 22 result:
2024-06-02 22:51:59,510 - Name: 32, Distance: 0.8843104839324951
2024-06-02 22:51:59,510 - Name: 32, Distance: 0.9262900948524475
2024-06-02 22:51:59,510 - Name: 32, Distance: 0.9416046738624573
2024-06-02 22:51:59,510 - Name: 12, Distance: 0.9627262353897095
2024-06-02 22:51:59,510 - Name: 58, Distance: 0.9751121997833252
2024-06-02 22:52:00,115 - 23 result:
2024-06-02 22:52:00,115 - Name: 29, Distance: 0.9455614686012268
2024-06-02 22:52:00,116 - Name: 12, Distance: 0.9966103434562683
2024-06-02 22:52:00,116 - Name: 12, Distance: 0.999401330947876
2024-06-02 22:52:00,116 - Name: 29, Distance: 1.006438136100769
2024-06-02 22:52:00,116 - Name: 29, Distance: 1.035332441329956
2024-06-02 22:52:00,211 - 24 result:
2024-06-02 22:52:00,211 - Name: 24, Distance: 0.6079359650611877
2024-06-02 22:52:00,211 - Name: 24, Distance: 0.643076479434967
2024-06-02 22:52:00,211 - Name: 24, Distance: 0.6637207269668579
2024-06-02 22:52:00,211 - Name: 26, Distance: 0.8949823975563049
2024-06-02 22:52:00,211 - Name: 26, Distance: 0.9454174041748047
2024-06-02 22:52:00,266 - 25 result:
2024-06-02 22:52:00,266 - Name: 44, Distance: 1.0400468111038208
2024-06-02 22:52:00,266 - Name: 50, Distance: 1.0500156879425049
2024-06-02 22:52:00,266 - Name: 28, Distance: 1.0530060529708862
2024-06-02 22:52:00,266 - Name: 44, Distance: 1.0607964992523193
2024-06-02 22:52:00,266 - Name: 50, Distance: 1.0781973600387573
2024-06-02 22:52:01,090 - 26 result:
2024-06-02 22:52:01,090 - Name: 28, Distance: 0.7728701829910278
2024-06-02 22:52:01,090 - Name: 28, Distance: 0.8000996112823486
2024-06-02 22:52:01,090 - Name: 28, Distance: 0.8233691453933716
2024-06-02 22:52:01,090 - Name: 16, Distance: 0.9705065488815308
2024-06-02 22:52:01,090 - Name: 16, Distance: 0.9819667339324951
2024-06-02 22:52:01,178 - 27 result:
2024-06-02 22:52:01,178 - Name: 28, Distance: 0.9046458005905151
2024-06-02 22:52:01,178 - Name: 28, Distance: 0.9099363088607788
2024-06-02 22:52:01,178 - Name: 28, Distance: 0.9217318296432495
2024-06-02 22:52:01,178 - Name: 26, Distance: 1.1319389343261719
2024-06-02 22:52:01,178 - Name: 26, Distance: 1.1530829668045044
2024-06-02 22:52:01,236 - 28 result:
2024-06-02 22:52:01,236 - Name: 30, Distance: 0.967490553855896
2024-06-02 22:52:01,236 - Name: 30, Distance: 1.0060209035873413
2024-06-02 22:52:01,236 - Name: 30, Distance: 1.0165441036224365
2024-06-02 22:52:01,236 - Name: 27, Distance: 1.034427285194397
2024-06-02 22:52:01,236 - Name: 29, Distance: 1.0513657331466675
2024-06-02 22:52:01,473 - 29 result:
2024-06-02 22:52:01,473 - Name: 21, Distance: 0.6658384203910828
2024-06-02 22:52:01,473 - Name: 21, Distance: 0.691059410572052
2024-06-02 22:52:01,473 - Name: 21, Distance: 0.7499375939369202
2024-06-02 22:52:01,473 - Name: 50, Distance: 1.1629142761230469
2024-06-02 22:52:01,473 - Name: 51, Distance: 1.1655354499816895
2024-06-02 22:52:02,264 - 3 result:
2024-06-02 22:52:02,264 - Name: 3, Distance: 0.7404003739356995
2024-06-02 22:52:02,264 - Name: 3, Distance: 0.7860183715820312
2024-06-02 22:52:02,264 - Name: 3, Distance: 0.8713822960853577
2024-06-02 22:52:02,264 - Name: 37, Distance: 1.009461522102356
2024-06-02 22:52:02,264 - Name: 37, Distance: 1.019456386566162
2024-06-02 22:52:02,353 - 30 result:
2024-06-02 22:52:02,353 - Name: 28, Distance: 0.8107360601425171
2024-06-02 22:52:02,353 - Name: 28, Distance: 0.8442227244377136
2024-06-02 22:52:02,353 - Name: 28, Distance: 0.8649806976318359
2024-06-02 22:52:02,353 - Name: 15, Distance: 1.0342111587524414
2024-06-02 22:52:02,353 - Name: 15, Distance: 1.0469293594360352
2024-06-02 22:52:02,594 - 31 result:
2024-06-02 22:52:02,594 - Name: 14, Distance: 1.0761994123458862
2024-06-02 22:52:02,594 - Name: 14, Distance: 1.098802089691162
2024-06-02 22:52:02,594 - Name: 53, Distance: 1.130867600440979
2024-06-02 22:52:02,594 - Name: 14, Distance: 1.1311404705047607
2024-06-02 22:52:02,594 - Name: 57, Distance: 1.1389551162719727
2024-06-02 22:52:03,194 - 32 result:
2024-06-02 22:52:03,194 - Name: 22, Distance: 1.0149441957473755
2024-06-02 22:52:03,194 - Name: 1, Distance: 1.0166202783584595
2024-06-02 22:52:03,194 - Name: 1, Distance: 1.016927719116211
2024-06-02 22:52:03,194 - Name: 32, Distance: 1.0230712890625
2024-06-02 22:52:03,194 - Name: 22, Distance: 1.0406441688537598
2024-06-02 22:52:03,276 - 33 result:
2024-06-02 22:52:03,276 - Name: 10, Distance: 0.9571754336357117
2024-06-02 22:52:03,276 - Name: 14, Distance: 0.9825090765953064
2024-06-02 22:52:03,276 - Name: 14, Distance: 1.0340394973754883
2024-06-02 22:52:03,276 - Name: 10, Distance: 1.0370075702667236
2024-06-02 22:52:03,276 - Name: 10, Distance: 1.0401939153671265
2024-06-02 22:52:03,331 - 34 result:
2024-06-02 22:52:03,332 - Name: 29, Distance: 0.567722499370575
2024-06-02 22:52:03,332 - Name: 29, Distance: 0.6283934712409973
2024-06-02 22:52:03,332 - Name: 29, Distance: 0.6386337280273438
2024-06-02 22:52:03,332 - Name: 8, Distance: 0.9007652401924133
2024-06-02 22:52:03,332 - Name: 8, Distance: 0.9873717427253723
2024-06-02 22:52:03,568 - 35 result:
2024-06-02 22:52:03,569 - Name: 35, Distance: 0.8784673810005188
2024-06-02 22:52:03,569 - Name: 35, Distance: 0.8876951336860657
2024-06-02 22:52:03,569 - Name: 35, Distance: 0.8911110162734985
2024-06-02 22:52:03,569 - Name: 30, Distance: 0.9701848030090332
2024-06-02 22:52:03,569 - Name: 30, Distance: 1.0052636861801147
2024-06-02 22:52:04,151 - 36 result:
2024-06-02 22:52:04,152 - Name: 8, Distance: 1.0277490615844727
2024-06-02 22:52:04,152 - Name: 8, Distance: 1.0547844171524048
2024-06-02 22:52:04,152 - Name: 8, Distance: 1.0864102840423584
2024-06-02 22:52:04,152 - Name: 20, Distance: 1.102734923362732
2024-06-02 22:52:04,152 - Name: 52, Distance: 1.1247808933258057
2024-06-02 22:52:04,233 - 37 result:
2024-06-02 22:52:04,233 - Name: 28, Distance: 1.078041911125183
2024-06-02 22:52:04,233 - Name: 28, Distance: 1.097823977470398
2024-06-02 22:52:04,233 - Name: 30, Distance: 1.1115926504135132
2024-06-02 22:52:04,233 - Name: 28, Distance: 1.113243818283081
2024-06-02 22:52:04,233 - Name: 35, Distance: 1.113871455192566
2024-06-02 22:52:04,290 - 38 result:
2024-06-02 22:52:04,290 - Name: 21, Distance: 0.8557682037353516
2024-06-02 22:52:04,290 - Name: 21, Distance: 0.8616400361061096
2024-06-02 22:52:04,290 - Name: 21, Distance: 0.9127218723297119
2024-06-02 22:52:04,290 - Name: 55, Distance: 1.0439791679382324
2024-06-02 22:52:04,290 - Name: 55, Distance: 1.0513522624969482
2024-06-02 22:52:04,539 - 39 result:
2024-06-02 22:52:04,539 - Name: 36, Distance: 1.001473307609558
2024-06-02 22:52:04,539 - Name: 36, Distance: 1.018725872039795
2024-06-02 22:52:04,540 - Name: 36, Distance: 1.0754072666168213
2024-06-02 22:52:04,540 - Name: 13, Distance: 1.0946987867355347
2024-06-02 22:52:04,540 - Name: 13, Distance: 1.111290454864502
2024-06-02 22:52:05,152 - 4 result:
2024-06-02 22:52:05,152 - Name: 50, Distance: 1.040109634399414
2024-06-02 22:52:05,152 - Name: 50, Distance: 1.0699571371078491
2024-06-02 22:52:05,152 - Name: 48, Distance: 1.0814262628555298
2024-06-02 22:52:05,152 - Name: 48, Distance: 1.1123636960983276
2024-06-02 22:52:05,152 - Name: 50, Distance: 1.1310991048812866
2024-06-02 22:52:05,203 - 40 result:
2024-06-02 22:52:05,203 - Name: 0, Distance: 0.8787437677383423
2024-06-02 22:52:05,203 - Name: 0, Distance: 0.8820334672927856
2024-06-02 22:52:05,203 - Name: 0, Distance: 0.8827228546142578
2024-06-02 22:52:05,203 - Name: 24, Distance: 1.0325716733932495
2024-06-02 22:52:05,203 - Name: 24, Distance: 1.0389857292175293
2024-06-02 22:52:05,253 - 41 result:
2024-06-02 22:52:05,253 - Name: 44, Distance: 0.994042158126831
2024-06-02 22:52:05,254 - Name: 45, Distance: 1.0088458061218262
2024-06-02 22:52:05,254 - Name: 45, Distance: 1.0106267929077148
2024-06-02 22:52:05,254 - Name: 44, Distance: 1.0347508192062378
2024-06-02 22:52:05,254 - Name: 8, Distance: 1.0380630493164062
2024-06-02 22:52:05,496 - 42 result:
2024-06-02 22:52:05,496 - Name: 53, Distance: 1.1141849756240845
2024-06-02 22:52:05,496 - Name: 53, Distance: 1.1150016784667969
2024-06-02 22:52:05,496 - Name: 55, Distance: 1.1161412000656128
2024-06-02 22:52:05,496 - Name: 55, Distance: 1.1226993799209595
2024-06-02 22:52:05,496 - Name: 59, Distance: 1.1271250247955322
2024-06-02 22:52:06,143 - 44 result:
2024-06-02 22:52:06,143 - Name: 42, Distance: 0.7389160990715027
2024-06-02 22:52:06,143 - Name: 42, Distance: 0.7541610598564148
2024-06-02 22:52:06,143 - Name: 42, Distance: 0.7789737582206726
2024-06-02 22:52:06,143 - Name: 2, Distance: 1.0475072860717773
2024-06-02 22:52:06,144 - Name: 2, Distance: 1.0739328861236572
2024-06-02 22:52:06,211 - 45 result:
2024-06-02 22:52:06,211 - Name: 42, Distance: 0.8896564841270447
2024-06-02 22:52:06,211 - Name: 42, Distance: 0.9902032017707825
2024-06-02 22:52:06,211 - Name: 42, Distance: 1.0129115581512451
2024-06-02 22:52:06,211 - Name: 31, Distance: 1.073571801185608
2024-06-02 22:52:06,211 - Name: 31, Distance: 1.0889396667480469
2024-06-02 22:52:06,450 - 46 result:
2024-06-02 22:52:06,450 - Name: 43, Distance: 0.9759246110916138
2024-06-02 22:52:06,450 - Name: 43, Distance: 0.9806309342384338
2024-06-02 22:52:06,450 - Name: 43, Distance: 0.9818013310432434
2024-06-02 22:52:06,450 - Name: 4, Distance: 0.9871484637260437
2024-06-02 22:52:06,450 - Name: 58, Distance: 0.9961771965026855
2024-06-02 22:52:07,057 - 47 result:
2024-06-02 22:52:07,057 - Name: 45, Distance: 0.9897003173828125
2024-06-02 22:52:07,057 - Name: 59, Distance: 1.0202213525772095
2024-06-02 22:52:07,057 - Name: 59, Distance: 1.027286410331726
2024-06-02 22:52:07,057 - Name: 45, Distance: 1.0524239540100098
2024-06-02 22:52:07,057 - Name: 59, Distance: 1.0534212589263916
2024-06-02 22:52:07,117 - 48 result:
2024-06-02 22:52:07,117 - Name: 0, Distance: 1.0858285427093506
2024-06-02 22:52:07,117 - Name: 9, Distance: 1.0908311605453491
2024-06-02 22:52:07,117 - Name: 0, Distance: 1.098624348640442
2024-06-02 22:52:07,117 - Name: 0, Distance: 1.1202439069747925
2024-06-02 22:52:07,117 - Name: 48, Distance: 1.151936650276184
2024-06-02 22:52:07,382 - 5 result:
2024-06-02 22:52:07,383 - Name: 5, Distance: 0.9307283759117126
2024-06-02 22:52:07,383 - Name: 5, Distance: 1.0078074932098389
2024-06-02 22:52:07,383 - Name: 5, Distance: 1.057540774345398
2024-06-02 22:52:07,383 - Name: 50, Distance: 1.0976805686950684
2024-06-02 22:52:07,383 - Name: 14, Distance: 1.1096694469451904
2024-06-02 22:52:07,980 - 50 result:
2024-06-02 22:52:07,980 - Name: 50, Distance: 0.9855087995529175
2024-06-02 22:52:07,980 - Name: 9, Distance: 1.0296127796173096
2024-06-02 22:52:07,981 - Name: 23, Distance: 1.0353732109069824
2024-06-02 22:52:07,981 - Name: 9, Distance: 1.0630056858062744
2024-06-02 22:52:07,981 - Name: 23, Distance: 1.0642067193984985
2024-06-02 22:52:08,063 - 51 result:
2024-06-02 22:52:08,063 - Name: 57, Distance: 0.7715318202972412
2024-06-02 22:52:08,063 - Name: 57, Distance: 0.8090115785598755
2024-06-02 22:52:08,063 - Name: 57, Distance: 0.8451669812202454
2024-06-02 22:52:08,063 - Name: 14, Distance: 1.0466874837875366
2024-06-02 22:52:08,063 - Name: 14, Distance: 1.0702413320541382
2024-06-02 22:52:08,114 - 52 result:
2024-06-02 22:52:08,115 - Name: 28, Distance: 0.9993165731430054
2024-06-02 22:52:08,115 - Name: 28, Distance: 1.007604956626892
2024-06-02 22:52:08,115 - Name: 28, Distance: 1.014002799987793
2024-06-02 22:52:08,115 - Name: 44, Distance: 1.0546504259109497
2024-06-02 22:52:08,115 - Name: 36, Distance: 1.056768536567688
2024-06-02 22:52:08,379 - 53 result:
2024-06-02 22:52:08,379 - Name: 54, Distance: 0.8196724057197571
2024-06-02 22:52:08,379 - Name: 54, Distance: 0.8472710251808167
2024-06-02 22:52:08,379 - Name: 54, Distance: 0.8641892671585083
2024-06-02 22:52:08,379 - Name: 35, Distance: 0.9829543232917786
2024-06-02 22:52:08,379 - Name: 35, Distance: 1.0491021871566772
2024-06-02 22:52:09,011 - 54 result:
2024-06-02 22:52:09,011 - Name: 54, Distance: 0.9115729928016663
2024-06-02 22:52:09,011 - Name: 54, Distance: 0.9296107292175293
2024-06-02 22:52:09,011 - Name: 54, Distance: 0.9532708525657654
2024-06-02 22:52:09,011 - Name: 36, Distance: 0.9975185394287109
2024-06-02 22:52:09,011 - Name: 59, Distance: 1.0437904596328735
2024-06-02 22:52:09,065 - 55 result:
2024-06-02 22:52:09,066 - Name: 55, Distance: 0.7985190153121948
2024-06-02 22:52:09,066 - Name: 55, Distance: 0.8748865723609924
2024-06-02 22:52:09,066 - Name: 55, Distance: 0.8779923319816589
2024-06-02 22:52:09,066 - Name: 47, Distance: 1.092055082321167
2024-06-02 22:52:09,066 - Name: 47, Distance: 1.1069070100784302
2024-06-02 22:52:09,120 - 56 result:
2024-06-02 22:52:09,120 - Name: 45, Distance: 0.8628241419792175
2024-06-02 22:52:09,120 - Name: 45, Distance: 0.9566178321838379
2024-06-02 22:52:09,120 - Name: 45, Distance: 0.9756324887275696
2024-06-02 22:52:09,120 - Name: 17, Distance: 0.997769832611084
2024-06-02 22:52:09,120 - Name: 17, Distance: 1.0293077230453491
2024-06-02 22:52:09,350 - 57 result:
2024-06-02 22:52:09,351 - Name: 58, Distance: 0.9297258257865906
2024-06-02 22:52:09,351 - Name: 58, Distance: 0.9596962332725525
2024-06-02 22:52:09,351 - Name: 2, Distance: 1.0110361576080322
2024-06-02 22:52:09,351 - Name: 0, Distance: 1.029140591621399
2024-06-02 22:52:09,351 - Name: 0, Distance: 1.0317286252975464
2024-06-02 22:52:09,965 - 58 result:
2024-06-02 22:52:09,965 - Name: 2, Distance: 0.9576084613800049
2024-06-02 22:52:09,966 - Name: 2, Distance: 0.9675604701042175
2024-06-02 22:52:09,966 - Name: 3, Distance: 0.980603814125061
2024-06-02 22:52:09,966 - Name: 35, Distance: 1.0060800313949585
2024-06-02 22:52:09,966 - Name: 58, Distance: 1.0157179832458496
2024-06-02 22:52:10,018 - 59 result:
2024-06-02 22:52:10,018 - Name: 57, Distance: 0.8755996823310852
2024-06-02 22:52:10,018 - Name: 57, Distance: 0.9146057963371277
2024-06-02 22:52:10,018 - Name: 57, Distance: 0.9756603240966797
2024-06-02 22:52:10,018 - Name: 12, Distance: 1.1263988018035889
2024-06-02 22:52:10,018 - Name: 37, Distance: 1.1266674995422363
2024-06-02 22:52:10,069 - 6 result:
2024-06-02 22:52:10,069 - Name: 25, Distance: 0.9909139275550842
2024-06-02 22:52:10,069 - Name: 25, Distance: 1.0104808807373047
2024-06-02 22:52:10,069 - Name: 25, Distance: 1.0117698907852173
2024-06-02 22:52:10,070 - Name: 28, Distance: 1.1368193626403809
2024-06-02 22:52:10,070 - Name: 53, Distance: 1.1604083776474
2024-06-02 22:52:10,289 - 7 result:
2024-06-02 22:52:10,289 - Name: 18, Distance: 1.0992424488067627
2024-06-02 22:52:10,289 - Name: 37, Distance: 1.103285789489746
2024-06-02 22:52:10,289 - Name: 33, Distance: 1.1064162254333496
2024-06-02 22:52:10,290 - Name: 19, Distance: 1.1074730157852173
2024-06-02 22:52:10,290 - Name: 37, Distance: 1.1144741773605347
2024-06-02 22:52:11,026 - 8 result:
2024-06-02 22:52:11,026 - Name: 11, Distance: 0.9286601543426514
2024-06-02 22:52:11,027 - Name: 11, Distance: 0.9673409461975098
2024-06-02 22:52:11,027 - Name: 20, Distance: 0.9674884080886841
2024-06-02 22:52:11,027 - Name: 11, Distance: 0.9794922471046448
2024-06-02 22:52:11,027 - Name: 20, Distance: 0.9836140275001526
2024-06-02 22:52:11,104 - 9 result:
2024-06-02 22:52:11,104 - Name: 12, Distance: 0.9891431927680969
2024-06-02 22:52:11,104 - Name: 12, Distance: 1.0004639625549316
2024-06-02 22:52:11,104 - Name: 12, Distance: 1.025578498840332
2024-06-02 22:52:11,104 - Name: 31, Distance: 1.0396891832351685
2024-06-02 22:52:11,104 - Name: 33, Distance: 1.0508556365966797
2024-06-02 22:52:11,211 - Total samples: 58
2024-06-02 22:52:11,211 - Correct predictions: 17
2024-06-02 22:52:11,211 - Incorrect predictions: 41
2024-06-02 22:52:11,211 - Accuracy: 29.31%
2024-06-02 22:52:11,211 - Correctly predicted classes:
2024-06-02 22:52:11,211 - 3: 1
2024-06-02 22:52:11,212 - 16: 1
2024-06-02 22:52:11,212 - 5: 1
2024-06-02 22:52:11,212 - 58: 1
2024-06-02 22:52:11,212 - 32: 1
2024-06-02 22:52:11,212 - 54: 1
2024-06-02 22:52:11,212 - 55: 1
2024-06-02 22:52:11,212 - 0: 1
2024-06-02 22:52:11,212 - 24: 1
2024-06-02 22:52:11,212 - 2: 1
2024-06-02 22:52:11,212 - 35: 1
2024-06-02 22:52:11,212 - 20: 1
2024-06-02 22:52:11,212 - 50: 1
2024-06-02 22:52:11,212 - 17: 1
2024-06-02 22:52:11,212 - 13: 1
2024-06-02 22:52:11,213 - 48: 1
2024-06-02 22:52:11,213 - 12: 1
2024-06-02 22:52:11,213 - Incorrectly predicted classes:
2024-06-02 22:52:11,213 - 8: 1
2024-06-02 22:52:11,213 - 53: 1
2024-06-02 22:52:11,213 - 41: 1
2024-06-02 22:52:11,213 - 47: 1
2024-06-02 22:52:11,213 - 19: 1
2024-06-02 22:52:11,213 - 37: 1
2024-06-02 22:52:11,213 - 31: 1
2024-06-02 22:52:11,213 - 29: 1
2024-06-02 22:52:11,213 - 52: 1
2024-06-02 22:52:11,213 - 10: 1
2024-06-02 22:52:11,213 - 9: 1
2024-06-02 22:52:11,213 - 4: 1
2024-06-02 22:52:11,214 - 27: 1
2024-06-02 22:52:11,214 - 44: 1
2024-06-02 22:52:11,214 - 11: 1
2024-06-02 22:52:11,214 - 30: 1
2024-06-02 22:52:11,214 - 57: 1
2024-06-02 22:52:11,214 - 59: 1
2024-06-02 22:52:11,214 - 25: 1
2024-06-02 22:52:11,214 - 42: 1
2024-06-02 22:52:11,214 - 56: 1
2024-06-02 22:52:11,214 - 51: 1
2024-06-02 22:52:11,214 - 1: 1
2024-06-02 22:52:11,214 - 38: 1
2024-06-02 22:52:11,214 - 36: 1
2024-06-02 22:52:11,214 - 18: 1
2024-06-02 22:52:11,215 - 46: 1
2024-06-02 22:52:11,215 - 26: 1
2024-06-02 22:52:11,215 - 21: 1
2024-06-02 22:52:11,215 - 15: 1
2024-06-02 22:52:11,215 - 22: 1
2024-06-02 22:52:11,215 - 34: 1
2024-06-02 22:52:11,215 - 40: 1
2024-06-02 22:52:11,215 - 28: 1
2024-06-02 22:52:11,215 - 45: 1
2024-06-02 22:52:11,215 - 7: 1
2024-06-02 22:52:11,215 - 33: 1
2024-06-02 22:52:11,215 - 14: 1
2024-06-02 22:52:11,215 - 23: 1
2024-06-02 22:52:11,215 - 39: 1
2024-06-02 22:52:11,215 - 6: 1
