2024-06-02 23:02:34,930 - test_dir : ./Face_Dataset/Test
2024-06-02 23:02:34,930 - pretrained : work_dir/FaceNet_finetuning_Random_Batch_FNP_CE_50_32/FaceNet_finetuning_Random_Batch_FNP_CE_50_32_deepfake.pth
2024-06-02 23:02:34,930 - model_name : FaceNet_finetuning_Random_Batch_FNP_CE
2024-06-02 23:03:25,568 - 0 result:
2024-06-02 23:03:25,568 - Name: 2, Distance: 1.055410623550415
2024-06-02 23:03:25,568 - Name: 2, Distance: 1.111751914024353
2024-06-02 23:03:25,568 - Name: 0, Distance: 1.1181814670562744
2024-06-02 23:03:25,568 - Name: 2, Distance: 1.120902419090271
2024-06-02 23:03:25,568 - Name: 0, Distance: 1.1323363780975342
2024-06-02 23:03:25,660 - 1 result:
2024-06-02 23:03:25,660 - Name: 0, Distance: 1.004206895828247
2024-06-02 23:03:25,660 - Name: 0, Distance: 1.0269665718078613
2024-06-02 23:03:25,660 - Name: 52, Distance: 1.0415509939193726
2024-06-02 23:03:25,660 - Name: 0, Distance: 1.0476653575897217
2024-06-02 23:03:25,660 - Name: 52, Distance: 1.0556284189224243
2024-06-02 23:03:25,717 - 10 result:
2024-06-02 23:03:25,718 - Name: 43, Distance: 0.9464765191078186
2024-06-02 23:03:25,718 - Name: 43, Distance: 0.9553406238555908
2024-06-02 23:03:25,718 - Name: 43, Distance: 0.9617668986320496
2024-06-02 23:03:25,718 - Name: 5, Distance: 1.041111707687378
2024-06-02 23:03:25,718 - Name: 5, Distance: 1.0595722198486328
2024-06-02 23:03:25,954 - 11 result:
2024-06-02 23:03:25,954 - Name: 45, Distance: 0.8069612979888916
2024-06-02 23:03:25,954 - Name: 45, Distance: 0.8488020896911621
2024-06-02 23:03:25,954 - Name: 45, Distance: 0.9028413891792297
2024-06-02 23:03:25,954 - Name: 36, Distance: 1.174210786819458
2024-06-02 23:03:25,955 - Name: 36, Distance: 1.17763352394104
2024-06-02 23:03:26,300 - 12 result:
2024-06-02 23:03:26,300 - Name: 12, Distance: 0.9894933104515076
2024-06-02 23:03:26,300 - Name: 12, Distance: 1.0268445014953613
2024-06-02 23:03:26,300 - Name: 12, Distance: 1.0418124198913574
2024-06-02 23:03:26,300 - Name: 15, Distance: 1.07127046585083
2024-06-02 23:03:26,300 - Name: 7, Distance: 1.094651699066162
2024-06-02 23:03:26,615 - 13 result:
2024-06-02 23:03:26,615 - Name: 13, Distance: 0.0
2024-06-02 23:03:26,615 - Name: 13, Distance: 0.21698826551437378
2024-06-02 23:03:26,615 - Name: 13, Distance: 0.2431608885526657
2024-06-02 23:03:26,615 - Name: 17, Distance: 1.2322356700897217
2024-06-02 23:03:26,615 - Name: 23, Distance: 1.245044231414795
2024-06-02 23:03:26,667 - 14 result:
2024-06-02 23:03:26,668 - Name: 32, Distance: 1.0457690954208374
2024-06-02 23:03:26,668 - Name: 50, Distance: 1.0765055418014526
2024-06-02 23:03:26,668 - Name: 32, Distance: 1.0792802572250366
2024-06-02 23:03:26,668 - Name: 23, Distance: 1.086618185043335
2024-06-02 23:03:26,668 - Name: 52, Distance: 1.0888473987579346
2024-06-02 23:03:26,906 - 15 result:
2024-06-02 23:03:26,906 - Name: 28, Distance: 0.9182727932929993
2024-06-02 23:03:26,906 - Name: 28, Distance: 0.93145352602005
2024-06-02 23:03:26,906 - Name: 28, Distance: 0.9377005696296692
2024-06-02 23:03:26,906 - Name: 30, Distance: 0.9809300303459167
2024-06-02 23:03:26,906 - Name: 30, Distance: 1.0182840824127197
2024-06-02 23:03:27,504 - 16 result:
2024-06-02 23:03:27,504 - Name: 16, Distance: 0.7252129912376404
2024-06-02 23:03:27,505 - Name: 16, Distance: 0.7745996117591858
2024-06-02 23:03:27,505 - Name: 16, Distance: 0.7928606271743774
2024-06-02 23:03:27,505 - Name: 26, Distance: 1.0118945837020874
2024-06-02 23:03:27,505 - Name: 8, Distance: 1.0185210704803467
2024-06-02 23:03:27,586 - 17 result:
2024-06-02 23:03:27,587 - Name: 13, Distance: 1.0851483345031738
2024-06-02 23:03:27,587 - Name: 13, Distance: 1.1099556684494019
2024-06-02 23:03:27,587 - Name: 17, Distance: 1.1148241758346558
2024-06-02 23:03:27,587 - Name: 17, Distance: 1.1164586544036865
2024-06-02 23:03:27,587 - Name: 17, Distance: 1.119398832321167
2024-06-02 23:03:27,645 - 18 result:
2024-06-02 23:03:27,646 - Name: 14, Distance: 0.9981309771537781
2024-06-02 23:03:27,646 - Name: 14, Distance: 1.0163291692733765
2024-06-02 23:03:27,646 - Name: 14, Distance: 1.046362280845642
2024-06-02 23:03:27,646 - Name: 33, Distance: 1.0618336200714111
2024-06-02 23:03:27,646 - Name: 33, Distance: 1.0687205791473389
2024-06-02 23:03:27,873 - 19 result:
2024-06-02 23:03:27,873 - Name: 1, Distance: 0.9558957815170288
2024-06-02 23:03:27,873 - Name: 1, Distance: 0.9636633396148682
2024-06-02 23:03:27,873 - Name: 1, Distance: 0.9642656445503235
2024-06-02 23:03:27,874 - Name: 28, Distance: 1.1071934700012207
2024-06-02 23:03:27,874 - Name: 28, Distance: 1.1081973314285278
2024-06-02 23:03:28,471 - 2 result:
2024-06-02 23:03:28,472 - Name: 52, Distance: 0.9983768463134766
2024-06-02 23:03:28,472 - Name: 52, Distance: 1.0146827697753906
2024-06-02 23:03:28,472 - Name: 52, Distance: 1.032034158706665
2024-06-02 23:03:28,472 - Name: 2, Distance: 1.051254391670227
2024-06-02 23:03:28,472 - Name: 2, Distance: 1.0955885648727417
2024-06-02 23:03:28,559 - 20 result:
2024-06-02 23:03:28,559 - Name: 20, Distance: 0.9887301921844482
2024-06-02 23:03:28,559 - Name: 20, Distance: 1.031490445137024
2024-06-02 23:03:28,559 - Name: 20, Distance: 1.0359834432601929
2024-06-02 23:03:28,559 - Name: 2, Distance: 1.0652393102645874
2024-06-02 23:03:28,559 - Name: 43, Distance: 1.088730812072754
2024-06-02 23:03:28,613 - 21 result:
2024-06-02 23:03:28,613 - Name: 10, Distance: 1.0152606964111328
2024-06-02 23:03:28,613 - Name: 14, Distance: 1.0362153053283691
2024-06-02 23:03:28,613 - Name: 10, Distance: 1.0379306077957153
2024-06-02 23:03:28,613 - Name: 14, Distance: 1.039050579071045
2024-06-02 23:03:28,613 - Name: 43, Distance: 1.0586812496185303
2024-06-02 23:03:28,856 - 22 result:
2024-06-02 23:03:28,856 - Name: 32, Distance: 0.906423807144165
2024-06-02 23:03:28,856 - Name: 32, Distance: 0.933647096157074
2024-06-02 23:03:28,856 - Name: 32, Distance: 0.9464250802993774
2024-06-02 23:03:28,856 - Name: 58, Distance: 0.9522978663444519
2024-06-02 23:03:28,856 - Name: 58, Distance: 0.9603685736656189
2024-06-02 23:03:29,442 - 23 result:
2024-06-02 23:03:29,442 - Name: 29, Distance: 0.916496217250824
2024-06-02 23:03:29,442 - Name: 29, Distance: 0.9763277173042297
2024-06-02 23:03:29,443 - Name: 29, Distance: 0.9935019612312317
2024-06-02 23:03:29,443 - Name: 12, Distance: 1.026247262954712
2024-06-02 23:03:29,443 - Name: 12, Distance: 1.0271668434143066
2024-06-02 23:03:29,525 - 24 result:
2024-06-02 23:03:29,525 - Name: 24, Distance: 0.654377281665802
2024-06-02 23:03:29,525 - Name: 24, Distance: 0.6669740676879883
2024-06-02 23:03:29,525 - Name: 24, Distance: 0.6691474914550781
2024-06-02 23:03:29,525 - Name: 26, Distance: 0.9274501800537109
2024-06-02 23:03:29,525 - Name: 26, Distance: 0.9531301856040955
2024-06-02 23:03:29,580 - 25 result:
2024-06-02 23:03:29,581 - Name: 44, Distance: 1.0389643907546997
2024-06-02 23:03:29,581 - Name: 50, Distance: 1.0457918643951416
2024-06-02 23:03:29,581 - Name: 50, Distance: 1.0513513088226318
2024-06-02 23:03:29,581 - Name: 50, Distance: 1.057942509651184
2024-06-02 23:03:29,581 - Name: 44, Distance: 1.0611987113952637
2024-06-02 23:03:29,826 - 26 result:
2024-06-02 23:03:29,826 - Name: 28, Distance: 0.7883672714233398
2024-06-02 23:03:29,827 - Name: 28, Distance: 0.7991704344749451
2024-06-02 23:03:29,827 - Name: 28, Distance: 0.8192061185836792
2024-06-02 23:03:29,827 - Name: 16, Distance: 0.9844780564308167
2024-06-02 23:03:29,827 - Name: 16, Distance: 0.9926220774650574
2024-06-02 23:03:30,407 - 27 result:
2024-06-02 23:03:30,407 - Name: 28, Distance: 0.877128005027771
2024-06-02 23:03:30,407 - Name: 28, Distance: 0.8818726539611816
2024-06-02 23:03:30,407 - Name: 28, Distance: 0.8831661343574524
2024-06-02 23:03:30,407 - Name: 26, Distance: 1.1405092477798462
2024-06-02 23:03:30,407 - Name: 25, Distance: 1.1549237966537476
2024-06-02 23:03:30,494 - 28 result:
2024-06-02 23:03:30,494 - Name: 30, Distance: 0.9616379141807556
2024-06-02 23:03:30,494 - Name: 30, Distance: 0.984634518623352
2024-06-02 23:03:30,494 - Name: 30, Distance: 0.9996143579483032
2024-06-02 23:03:30,494 - Name: 27, Distance: 1.0539183616638184
2024-06-02 23:03:30,494 - Name: 27, Distance: 1.0754661560058594
2024-06-02 23:03:30,551 - 29 result:
2024-06-02 23:03:30,552 - Name: 21, Distance: 0.6415330171585083
2024-06-02 23:03:30,552 - Name: 21, Distance: 0.667093813419342
2024-06-02 23:03:30,552 - Name: 21, Distance: 0.6857819557189941
2024-06-02 23:03:30,552 - Name: 50, Distance: 1.1655298471450806
2024-06-02 23:03:30,552 - Name: 50, Distance: 1.1851199865341187
2024-06-02 23:03:30,799 - 3 result:
2024-06-02 23:03:30,800 - Name: 3, Distance: 0.7643328309059143
2024-06-02 23:03:30,800 - Name: 3, Distance: 0.7983041405677795
2024-06-02 23:03:30,800 - Name: 3, Distance: 0.844017744064331
2024-06-02 23:03:30,800 - Name: 37, Distance: 0.9930891990661621
2024-06-02 23:03:30,800 - Name: 37, Distance: 1.0013376474380493
2024-06-02 23:03:31,414 - 30 result:
2024-06-02 23:03:31,414 - Name: 28, Distance: 0.8230680227279663
2024-06-02 23:03:31,414 - Name: 28, Distance: 0.8368431925773621
2024-06-02 23:03:31,414 - Name: 28, Distance: 0.8496344089508057
2024-06-02 23:03:31,414 - Name: 15, Distance: 1.0450066328048706
2024-06-02 23:03:31,414 - Name: 15, Distance: 1.0521610975265503
2024-06-02 23:03:31,467 - 31 result:
2024-06-02 23:03:31,467 - Name: 14, Distance: 1.0592583417892456
2024-06-02 23:03:31,467 - Name: 14, Distance: 1.0763002634048462
2024-06-02 23:03:31,467 - Name: 14, Distance: 1.0856380462646484
2024-06-02 23:03:31,468 - Name: 53, Distance: 1.1266010999679565
2024-06-02 23:03:31,468 - Name: 33, Distance: 1.1414566040039062
2024-06-02 23:03:31,524 - 32 result:
2024-06-02 23:03:31,524 - Name: 1, Distance: 1.0187405347824097
2024-06-02 23:03:31,524 - Name: 1, Distance: 1.020447015762329
2024-06-02 23:03:31,524 - Name: 1, Distance: 1.033969521522522
2024-06-02 23:03:31,524 - Name: 22, Distance: 1.0487364530563354
2024-06-02 23:03:31,524 - Name: 32, Distance: 1.055861473083496
2024-06-02 23:03:31,757 - 33 result:
2024-06-02 23:03:31,757 - Name: 14, Distance: 1.0007588863372803
2024-06-02 23:03:31,757 - Name: 9, Distance: 1.0606005191802979
2024-06-02 23:03:31,757 - Name: 14, Distance: 1.0621082782745361
2024-06-02 23:03:31,757 - Name: 10, Distance: 1.0655680894851685
2024-06-02 23:03:31,757 - Name: 10, Distance: 1.0747580528259277
2024-06-02 23:03:32,348 - 34 result:
2024-06-02 23:03:32,348 - Name: 29, Distance: 0.6710317730903625
2024-06-02 23:03:32,348 - Name: 29, Distance: 0.6942145824432373
2024-06-02 23:03:32,348 - Name: 29, Distance: 0.7136952877044678
2024-06-02 23:03:32,348 - Name: 8, Distance: 0.9345558285713196
2024-06-02 23:03:32,348 - Name: 8, Distance: 0.9669701457023621
2024-06-02 23:03:32,442 - 35 result:
2024-06-02 23:03:32,442 - Name: 35, Distance: 0.9184229373931885
2024-06-02 23:03:32,443 - Name: 35, Distance: 0.9188182950019836
2024-06-02 23:03:32,443 - Name: 35, Distance: 0.9463714361190796
2024-06-02 23:03:32,443 - Name: 30, Distance: 0.9966305494308472
2024-06-02 23:03:32,443 - Name: 30, Distance: 1.0110996961593628
2024-06-02 23:03:32,499 - 36 result:
2024-06-02 23:03:32,499 - Name: 20, Distance: 1.0642821788787842
2024-06-02 23:03:32,499 - Name: 8, Distance: 1.0868242979049683
2024-06-02 23:03:32,499 - Name: 20, Distance: 1.0962498188018799
2024-06-02 23:03:32,499 - Name: 8, Distance: 1.1064032316207886
2024-06-02 23:03:32,499 - Name: 20, Distance: 1.1091392040252686
2024-06-02 23:03:32,744 - 37 result:
2024-06-02 23:03:32,744 - Name: 28, Distance: 1.0647552013397217
2024-06-02 23:03:32,744 - Name: 28, Distance: 1.0755410194396973
2024-06-02 23:03:32,744 - Name: 28, Distance: 1.1007373332977295
2024-06-02 23:03:32,744 - Name: 30, Distance: 1.1030951738357544
2024-06-02 23:03:32,744 - Name: 30, Distance: 1.1670360565185547
2024-06-02 23:03:33,360 - 38 result:
2024-06-02 23:03:33,360 - Name: 21, Distance: 0.8600301146507263
2024-06-02 23:03:33,360 - Name: 21, Distance: 0.8629249930381775
2024-06-02 23:03:33,360 - Name: 21, Distance: 0.8861862421035767
2024-06-02 23:03:33,360 - Name: 55, Distance: 1.0410820245742798
2024-06-02 23:03:33,360 - Name: 55, Distance: 1.0429942607879639
2024-06-02 23:03:33,420 - 39 result:
2024-06-02 23:03:33,420 - Name: 36, Distance: 1.0553719997406006
2024-06-02 23:03:33,420 - Name: 36, Distance: 1.0723587274551392
2024-06-02 23:03:33,420 - Name: 36, Distance: 1.0908210277557373
2024-06-02 23:03:33,420 - Name: 33, Distance: 1.124111294746399
2024-06-02 23:03:33,420 - Name: 16, Distance: 1.1355211734771729
2024-06-02 23:03:33,475 - 4 result:
2024-06-02 23:03:33,475 - Name: 50, Distance: 1.0092254877090454
2024-06-02 23:03:33,475 - Name: 50, Distance: 1.0238122940063477
2024-06-02 23:03:33,475 - Name: 50, Distance: 1.0605751276016235
2024-06-02 23:03:33,476 - Name: 48, Distance: 1.0632915496826172
2024-06-02 23:03:33,476 - Name: 48, Distance: 1.0794718265533447
2024-06-02 23:03:33,704 - 40 result:
2024-06-02 23:03:33,705 - Name: 0, Distance: 0.8941807150840759
2024-06-02 23:03:33,705 - Name: 0, Distance: 0.9062180519104004
2024-06-02 23:03:33,705 - Name: 0, Distance: 0.9109576940536499
2024-06-02 23:03:33,705 - Name: 24, Distance: 1.049910068511963
2024-06-02 23:03:33,705 - Name: 24, Distance: 1.0652276277542114
2024-06-02 23:03:34,310 - 41 result:
2024-06-02 23:03:34,311 - Name: 44, Distance: 0.9569879770278931
2024-06-02 23:03:34,311 - Name: 44, Distance: 0.958940327167511
2024-06-02 23:03:34,311 - Name: 45, Distance: 1.0132627487182617
2024-06-02 23:03:34,311 - Name: 44, Distance: 1.0227723121643066
2024-06-02 23:03:34,311 - Name: 45, Distance: 1.023489236831665
2024-06-02 23:03:34,375 - 42 result:
2024-06-02 23:03:34,375 - Name: 55, Distance: 1.1152480840682983
2024-06-02 23:03:34,376 - Name: 53, Distance: 1.1246925592422485
2024-06-02 23:03:34,376 - Name: 55, Distance: 1.1331284046173096
2024-06-02 23:03:34,376 - Name: 55, Distance: 1.1379832029342651
2024-06-02 23:03:34,376 - Name: 25, Distance: 1.144885540008545
2024-06-02 23:03:34,427 - 44 result:
2024-06-02 23:03:34,428 - Name: 42, Distance: 0.7567861676216125
2024-06-02 23:03:34,428 - Name: 42, Distance: 0.8085317611694336
2024-06-02 23:03:34,428 - Name: 42, Distance: 0.8113304376602173
2024-06-02 23:03:34,428 - Name: 2, Distance: 1.0727611780166626
2024-06-02 23:03:34,428 - Name: 2, Distance: 1.0842900276184082
2024-06-02 23:03:34,648 - 45 result:
2024-06-02 23:03:34,648 - Name: 42, Distance: 0.9328952431678772
2024-06-02 23:03:34,648 - Name: 42, Distance: 1.0145899057388306
2024-06-02 23:03:34,648 - Name: 42, Distance: 1.0178298950195312
2024-06-02 23:03:34,649 - Name: 31, Distance: 1.054079532623291
2024-06-02 23:03:34,649 - Name: 31, Distance: 1.0603582859039307
2024-06-02 23:03:35,232 - 46 result:
2024-06-02 23:03:35,232 - Name: 4, Distance: 0.9922330975532532
2024-06-02 23:03:35,232 - Name: 43, Distance: 1.015592098236084
2024-06-02 23:03:35,232 - Name: 4, Distance: 1.0160624980926514
2024-06-02 23:03:35,232 - Name: 43, Distance: 1.0210601091384888
2024-06-02 23:03:35,232 - Name: 43, Distance: 1.0269649028778076
2024-06-02 23:03:35,328 - 47 result:
2024-06-02 23:03:35,329 - Name: 45, Distance: 0.976668655872345
2024-06-02 23:03:35,329 - Name: 45, Distance: 1.010806918144226
2024-06-02 23:03:35,329 - Name: 45, Distance: 1.0376757383346558
2024-06-02 23:03:35,329 - Name: 59, Distance: 1.060537338256836
2024-06-02 23:03:35,329 - Name: 59, Distance: 1.066942572593689
2024-06-02 23:03:35,383 - 48 result:
2024-06-02 23:03:35,383 - Name: 0, Distance: 1.0985413789749146
2024-06-02 23:03:35,383 - Name: 0, Distance: 1.1082123517990112
2024-06-02 23:03:35,383 - Name: 9, Distance: 1.1116421222686768
2024-06-02 23:03:35,383 - Name: 0, Distance: 1.1136486530303955
2024-06-02 23:03:35,383 - Name: 48, Distance: 1.1475414037704468
2024-06-02 23:03:35,614 - 5 result:
2024-06-02 23:03:35,614 - Name: 5, Distance: 1.0072304010391235
2024-06-02 23:03:35,614 - Name: 5, Distance: 1.0472440719604492
2024-06-02 23:03:35,614 - Name: 5, Distance: 1.0909656286239624
2024-06-02 23:03:35,614 - Name: 50, Distance: 1.1225719451904297
2024-06-02 23:03:35,614 - Name: 21, Distance: 1.1230775117874146
2024-06-02 23:03:36,192 - 50 result:
2024-06-02 23:03:36,193 - Name: 50, Distance: 1.0271086692810059
2024-06-02 23:03:36,193 - Name: 9, Distance: 1.0642540454864502
2024-06-02 23:03:36,193 - Name: 23, Distance: 1.0654115676879883
2024-06-02 23:03:36,193 - Name: 9, Distance: 1.065652847290039
2024-06-02 23:03:36,193 - Name: 9, Distance: 1.0673900842666626
2024-06-02 23:03:36,286 - 51 result:
2024-06-02 23:03:36,286 - Name: 57, Distance: 0.819601833820343
2024-06-02 23:03:36,286 - Name: 57, Distance: 0.8408140540122986
2024-06-02 23:03:36,286 - Name: 57, Distance: 0.864524781703949
2024-06-02 23:03:36,286 - Name: 14, Distance: 1.0516235828399658
2024-06-02 23:03:36,286 - Name: 14, Distance: 1.0758683681488037
2024-06-02 23:03:36,340 - 52 result:
2024-06-02 23:03:36,341 - Name: 28, Distance: 0.9908022284507751
2024-06-02 23:03:36,341 - Name: 28, Distance: 1.0148684978485107
2024-06-02 23:03:36,341 - Name: 28, Distance: 1.0271954536437988
2024-06-02 23:03:36,341 - Name: 44, Distance: 1.0519074201583862
2024-06-02 23:03:36,341 - Name: 44, Distance: 1.060819387435913
2024-06-02 23:03:36,572 - 53 result:
2024-06-02 23:03:36,573 - Name: 54, Distance: 0.8763340711593628
2024-06-02 23:03:36,573 - Name: 54, Distance: 0.9124996662139893
2024-06-02 23:03:36,573 - Name: 54, Distance: 0.9239265322685242
2024-06-02 23:03:36,573 - Name: 35, Distance: 0.9809297323226929
2024-06-02 23:03:36,573 - Name: 35, Distance: 1.0005078315734863
2024-06-02 23:03:36,836 - 54 result:
2024-06-02 23:03:36,837 - Name: 54, Distance: 0.9407880902290344
2024-06-02 23:03:36,837 - Name: 54, Distance: 0.9493546485900879
2024-06-02 23:03:36,837 - Name: 54, Distance: 0.9526286721229553
2024-06-02 23:03:36,837 - Name: 36, Distance: 1.0475472211837769
2024-06-02 23:03:36,837 - Name: 36, Distance: 1.0912481546401978
2024-06-02 23:03:37,232 - 55 result:
2024-06-02 23:03:37,233 - Name: 55, Distance: 0.8346188068389893
2024-06-02 23:03:37,233 - Name: 55, Distance: 0.8685709834098816
2024-06-02 23:03:37,233 - Name: 55, Distance: 0.8737133145332336
2024-06-02 23:03:37,233 - Name: 47, Distance: 1.1283103227615356
2024-06-02 23:03:37,233 - Name: 47, Distance: 1.151172161102295
2024-06-02 23:03:37,285 - 56 result:
2024-06-02 23:03:37,285 - Name: 45, Distance: 0.8686162233352661
2024-06-02 23:03:37,285 - Name: 45, Distance: 0.9284204840660095
2024-06-02 23:03:37,285 - Name: 45, Distance: 0.9343869686126709
2024-06-02 23:03:37,285 - Name: 17, Distance: 1.0366253852844238
2024-06-02 23:03:37,285 - Name: 17, Distance: 1.0539870262145996
2024-06-02 23:03:37,340 - 57 result:
2024-06-02 23:03:37,341 - Name: 58, Distance: 0.9513088464736938
2024-06-02 23:03:37,341 - Name: 58, Distance: 0.9652025103569031
2024-06-02 23:03:37,341 - Name: 0, Distance: 0.9945318698883057
2024-06-02 23:03:37,341 - Name: 0, Distance: 0.996554970741272
2024-06-02 23:03:37,341 - Name: 0, Distance: 1.0000678300857544
2024-06-02 23:03:37,561 - 58 result:
2024-06-02 23:03:37,561 - Name: 3, Distance: 0.99831223487854
2024-06-02 23:03:37,561 - Name: 58, Distance: 1.0142436027526855
2024-06-02 23:03:37,562 - Name: 2, Distance: 1.0255497694015503
2024-06-02 23:03:37,562 - Name: 58, Distance: 1.0289167165756226
2024-06-02 23:03:37,562 - Name: 2, Distance: 1.032371163368225
2024-06-02 23:03:38,151 - 59 result:
2024-06-02 23:03:38,152 - Name: 57, Distance: 0.9660899043083191
2024-06-02 23:03:38,152 - Name: 57, Distance: 0.9677321314811707
2024-06-02 23:03:38,152 - Name: 57, Distance: 1.0031406879425049
2024-06-02 23:03:38,152 - Name: 12, Distance: 1.1078025102615356
2024-06-02 23:03:38,152 - Name: 12, Distance: 1.1332792043685913
2024-06-02 23:03:38,224 - 6 result:
2024-06-02 23:03:38,224 - Name: 25, Distance: 1.0116686820983887
2024-06-02 23:03:38,224 - Name: 25, Distance: 1.0121181011199951
2024-06-02 23:03:38,224 - Name: 25, Distance: 1.012588381767273
2024-06-02 23:03:38,225 - Name: 53, Distance: 1.1574801206588745
2024-06-02 23:03:38,225 - Name: 55, Distance: 1.1663304567337036
2024-06-02 23:03:38,278 - 7 result:
2024-06-02 23:03:38,278 - Name: 13, Distance: 1.1136975288391113
2024-06-02 23:03:38,279 - Name: 13, Distance: 1.119310975074768
2024-06-02 23:03:38,279 - Name: 13, Distance: 1.1258494853973389
2024-06-02 23:03:38,279 - Name: 37, Distance: 1.134147047996521
2024-06-02 23:03:38,279 - Name: 18, Distance: 1.1444613933563232
2024-06-02 23:03:38,520 - 8 result:
2024-06-02 23:03:38,523 - Name: 20, Distance: 0.9760236144065857
2024-06-02 23:03:38,523 - Name: 11, Distance: 0.9786182045936584
2024-06-02 23:03:38,523 - Name: 20, Distance: 0.9838650822639465
2024-06-02 23:03:38,523 - Name: 20, Distance: 0.9847676753997803
2024-06-02 23:03:38,523 - Name: 11, Distance: 1.007235050201416
2024-06-02 23:03:39,128 - 9 result:
2024-06-02 23:03:39,128 - Name: 12, Distance: 0.9910913109779358
2024-06-02 23:03:39,128 - Name: 12, Distance: 0.9998469948768616
2024-06-02 23:03:39,128 - Name: 12, Distance: 1.0175179243087769
2024-06-02 23:03:39,128 - Name: 7, Distance: 1.0837095975875854
2024-06-02 23:03:39,128 - Name: 31, Distance: 1.0876169204711914
2024-06-02 23:03:39,204 - Total samples: 58
2024-06-02 23:03:39,204 - Correct predictions: 17
2024-06-02 23:03:39,204 - Incorrect predictions: 41
2024-06-02 23:03:39,205 - Accuracy: 29.31%
2024-06-02 23:03:39,205 - Correctly predicted classes:
2024-06-02 23:03:39,205 - 54: 1
2024-06-02 23:03:39,205 - 32: 1
2024-06-02 23:03:39,205 - 2: 1
2024-06-02 23:03:39,205 - 16: 1
2024-06-02 23:03:39,205 - 50: 1
2024-06-02 23:03:39,205 - 24: 1
2024-06-02 23:03:39,205 - 17: 1
2024-06-02 23:03:39,206 - 35: 1
2024-06-02 23:03:39,206 - 13: 1
2024-06-02 23:03:39,206 - 48: 1
2024-06-02 23:03:39,206 - 55: 1
2024-06-02 23:03:39,206 - 58: 1
2024-06-02 23:03:39,206 - 0: 1
2024-06-02 23:03:39,206 - 3: 1
2024-06-02 23:03:39,206 - 5: 1
2024-06-02 23:03:39,206 - 12: 1
2024-06-02 23:03:39,207 - 20: 1
2024-06-02 23:03:39,207 - Incorrectly predicted classes:
2024-06-02 23:03:39,207 - 22: 1
2024-06-02 23:03:39,207 - 6: 1
2024-06-02 23:03:39,207 - 25: 1
2024-06-02 23:03:39,207 - 23: 1
2024-06-02 23:03:39,207 - 7: 1
2024-06-02 23:03:39,207 - 21: 1
2024-06-02 23:03:39,207 - 57: 1
2024-06-02 23:03:39,208 - 51: 1
2024-06-02 23:03:39,208 - 9: 1
2024-06-02 23:03:39,208 - 31: 1
2024-06-02 23:03:39,208 - 42: 1
2024-06-02 23:03:39,208 - 27: 1
2024-06-02 23:03:39,208 - 56: 1
2024-06-02 23:03:39,208 - 1: 1
2024-06-02 23:03:39,208 - 33: 1
2024-06-02 23:03:39,208 - 53: 1
2024-06-02 23:03:39,209 - 34: 1
2024-06-02 23:03:39,209 - 19: 1
2024-06-02 23:03:39,209 - 38: 1
2024-06-02 23:03:39,209 - 36: 1
2024-06-02 23:03:39,209 - 18: 1
2024-06-02 23:03:39,209 - 15: 1
2024-06-02 23:03:39,209 - 4: 1
2024-06-02 23:03:39,209 - 8: 1
2024-06-02 23:03:39,209 - 52: 1
2024-06-02 23:03:39,210 - 28: 1
2024-06-02 23:03:39,210 - 30: 1
2024-06-02 23:03:39,210 - 39: 1
2024-06-02 23:03:39,210 - 14: 1
2024-06-02 23:03:39,210 - 29: 1
2024-06-02 23:03:39,210 - 46: 1
2024-06-02 23:03:39,210 - 37: 1
2024-06-02 23:03:39,210 - 45: 1
2024-06-02 23:03:39,210 - 40: 1
2024-06-02 23:03:39,211 - 59: 1
2024-06-02 23:03:39,211 - 11: 1
2024-06-02 23:03:39,211 - 26: 1
2024-06-02 23:03:39,211 - 10: 1
2024-06-02 23:03:39,211 - 44: 1
2024-06-02 23:03:39,211 - 41: 1
2024-06-02 23:03:39,211 - 47: 1
