2024-06-03 02:22:58,952 - test_dir : ./Face_Dataset/Test
2024-06-03 02:22:58,953 - pretrained : work_dir/FaceNet_finetuning_Random_Batch_L2SP_deepfake_90_32/FaceNet_finetuning_Random_Batch_L2SP_deepfake_90_32_deepfake.pth
2024-06-03 02:22:58,953 - model_name : FaceNet_finetuning_Random_Batch_L2SP_deepfake
2024-06-03 02:23:59,666 - 0 result:
2024-06-03 02:23:59,667 - Name: 23, Distance: 0.9891662001609802
2024-06-03 02:23:59,667 - Name: 37, Distance: 0.9913703799247742
2024-06-03 02:23:59,667 - Name: 0, Distance: 1.0397692918777466
2024-06-03 02:23:59,667 - Name: 0, Distance: 1.0803602933883667
2024-06-03 02:23:59,667 - Name: 0, Distance: 1.1149654388427734
2024-06-03 02:24:00,275 - 1 result:
2024-06-03 02:24:00,275 - Name: 1, Distance: 0.9865310192108154
2024-06-03 02:24:00,275 - Name: 1, Distance: 1.027282953262329
2024-06-03 02:24:00,275 - Name: 42, Distance: 1.1236096620559692
2024-06-03 02:24:00,275 - Name: 27, Distance: 1.136473536491394
2024-06-03 02:24:00,275 - Name: 34, Distance: 1.143332839012146
2024-06-03 02:24:00,324 - 10 result:
2024-06-03 02:24:00,324 - Name: 18, Distance: 1.038665771484375
2024-06-03 02:24:00,325 - Name: 3, Distance: 1.0430278778076172
2024-06-03 02:24:00,325 - Name: 3, Distance: 1.0645052194595337
2024-06-03 02:24:00,325 - Name: 5, Distance: 1.0759819746017456
2024-06-03 02:24:00,325 - Name: 10, Distance: 1.076492190361023
2024-06-03 02:24:00,380 - 11 result:
2024-06-03 02:24:00,380 - Name: 11, Distance: 1.0696606636047363
2024-06-03 02:24:00,380 - Name: 33, Distance: 1.0979779958724976
2024-06-03 02:24:00,380 - Name: 11, Distance: 1.1393054723739624
2024-06-03 02:24:00,380 - Name: 9, Distance: 1.1394087076187134
2024-06-03 02:24:00,380 - Name: 11, Distance: 1.1432218551635742
2024-06-03 02:24:00,726 - 12 result:
2024-06-03 02:24:00,726 - Name: 12, Distance: 0.8582648038864136
2024-06-03 02:24:00,726 - Name: 12, Distance: 1.0126434564590454
2024-06-03 02:24:00,726 - Name: 16, Distance: 1.1053701639175415
2024-06-03 02:24:00,726 - Name: 16, Distance: 1.1548166275024414
2024-06-03 02:24:00,727 - Name: 22, Distance: 1.162796974182129
2024-06-03 02:24:01,335 - 13 result:
2024-06-03 02:24:01,335 - Name: 13, Distance: 0.0
2024-06-03 02:24:01,336 - Name: 28, Distance: 1.073793888092041
2024-06-03 02:24:01,336 - Name: 23, Distance: 1.074530005455017
2024-06-03 02:24:01,336 - Name: 17, Distance: 1.0753366947174072
2024-06-03 02:24:01,336 - Name: 33, Distance: 1.0841541290283203
2024-06-03 02:24:01,397 - 14 result:
2024-06-03 02:24:01,397 - Name: 29, Distance: 0.9845529794692993
2024-06-03 02:24:01,397 - Name: 23, Distance: 1.1355434656143188
2024-06-03 02:24:01,397 - Name: 13, Distance: 1.13921058177948
2024-06-03 02:24:01,397 - Name: 0, Distance: 1.1478949785232544
2024-06-03 02:24:01,397 - Name: 29, Distance: 1.1497095823287964
2024-06-03 02:24:01,449 - 15 result:
2024-06-03 02:24:01,449 - Name: 26, Distance: 0.9715907573699951
2024-06-03 02:24:01,450 - Name: 30, Distance: 0.979134202003479
2024-06-03 02:24:01,450 - Name: 27, Distance: 1.0321464538574219
2024-06-03 02:24:01,450 - Name: 24, Distance: 1.037981390953064
2024-06-03 02:24:01,450 - Name: 26, Distance: 1.0583182573318481
2024-06-03 02:24:01,998 - 16 result:
2024-06-03 02:24:01,998 - Name: 16, Distance: 0.6973152756690979
2024-06-03 02:24:01,999 - Name: 16, Distance: 0.9303598403930664
2024-06-03 02:24:01,999 - Name: 16, Distance: 1.0501444339752197
2024-06-03 02:24:01,999 - Name: 15, Distance: 1.1301428079605103
2024-06-03 02:24:01,999 - Name: 12, Distance: 1.1424144506454468
2024-06-03 02:24:02,400 - 17 result:
2024-06-03 02:24:02,400 - Name: 17, Distance: 0.939436137676239
2024-06-03 02:24:02,401 - Name: 17, Distance: 1.0585294961929321
2024-06-03 02:24:02,401 - Name: 3, Distance: 1.0690655708312988
2024-06-03 02:24:02,401 - Name: 13, Distance: 1.0949534177780151
2024-06-03 02:24:02,401 - Name: 20, Distance: 1.1155225038528442
2024-06-03 02:24:02,470 - 18 result:
2024-06-03 02:24:02,470 - Name: 18, Distance: 0.9727663993835449
2024-06-03 02:24:02,470 - Name: 17, Distance: 1.0822820663452148
2024-06-03 02:24:02,470 - Name: 27, Distance: 1.1034808158874512
2024-06-03 02:24:02,470 - Name: 27, Distance: 1.1047083139419556
2024-06-03 02:24:02,470 - Name: 10, Distance: 1.134265422821045
2024-06-03 02:24:03,352 - 19 result:
2024-06-03 02:24:03,352 - Name: 19, Distance: 0.7948323488235474
2024-06-03 02:24:03,352 - Name: 19, Distance: 0.8563346862792969
2024-06-03 02:24:03,352 - Name: 19, Distance: 0.9960182905197144
2024-06-03 02:24:03,352 - Name: 28, Distance: 1.0632100105285645
2024-06-03 02:24:03,352 - Name: 28, Distance: 1.122130274772644
2024-06-03 02:24:03,447 - 2 result:
2024-06-03 02:24:03,447 - Name: 2, Distance: 0.9225453734397888
2024-06-03 02:24:03,447 - Name: 2, Distance: 0.9679713249206543
2024-06-03 02:24:03,447 - Name: 2, Distance: 0.9787881970405579
2024-06-03 02:24:03,447 - Name: 46, Distance: 1.1287574768066406
2024-06-03 02:24:03,447 - Name: 23, Distance: 1.1427110433578491
2024-06-03 02:24:03,502 - 20 result:
2024-06-03 02:24:03,502 - Name: 2, Distance: 1.0567920207977295
2024-06-03 02:24:03,502 - Name: 34, Distance: 1.059736728668213
2024-06-03 02:24:03,502 - Name: 20, Distance: 1.0750961303710938
2024-06-03 02:24:03,502 - Name: 23, Distance: 1.1001842021942139
2024-06-03 02:24:03,502 - Name: 7, Distance: 1.1364824771881104
2024-06-03 02:24:03,548 - 21 result:
2024-06-03 02:24:03,549 - Name: 11, Distance: 0.9919516444206238
2024-06-03 02:24:03,549 - Name: 51, Distance: 0.9968287348747253
2024-06-03 02:24:03,549 - Name: 20, Distance: 1.0368330478668213
2024-06-03 02:24:03,549 - Name: 7, Distance: 1.0436350107192993
2024-06-03 02:24:03,549 - Name: 11, Distance: 1.0655282735824585
2024-06-03 02:24:03,817 - 22 result:
2024-06-03 02:24:03,817 - Name: 2, Distance: 1.053959608078003
2024-06-03 02:24:03,817 - Name: 43, Distance: 1.1343698501586914
2024-06-03 02:24:03,818 - Name: 42, Distance: 1.1400163173675537
2024-06-03 02:24:03,818 - Name: 33, Distance: 1.147067904472351
2024-06-03 02:24:03,818 - Name: 5, Distance: 1.1602201461791992
2024-06-03 02:24:04,489 - 23 result:
2024-06-03 02:24:04,489 - Name: 14, Distance: 1.0148653984069824
2024-06-03 02:24:04,490 - Name: 23, Distance: 1.0246912240982056
2024-06-03 02:24:04,490 - Name: 50, Distance: 1.0261616706848145
2024-06-03 02:24:04,490 - Name: 7, Distance: 1.0539124011993408
2024-06-03 02:24:04,490 - Name: 59, Distance: 1.063293218612671
2024-06-03 02:24:04,598 - 24 result:
2024-06-03 02:24:04,598 - Name: 24, Distance: 0.8097503185272217
2024-06-03 02:24:04,598 - Name: 24, Distance: 0.9749972224235535
2024-06-03 02:24:04,598 - Name: 29, Distance: 0.9924418926239014
2024-06-03 02:24:04,598 - Name: 30, Distance: 1.0222129821777344
2024-06-03 02:24:04,599 - Name: 28, Distance: 1.0272891521453857
2024-06-03 02:24:04,682 - 25 result:
2024-06-03 02:24:04,682 - Name: 30, Distance: 0.8998636603355408
2024-06-03 02:24:04,682 - Name: 25, Distance: 0.9478914141654968
2024-06-03 02:24:04,682 - Name: 24, Distance: 0.9499484896659851
2024-06-03 02:24:04,682 - Name: 27, Distance: 0.9864983558654785
2024-06-03 02:24:04,682 - Name: 26, Distance: 0.9971744418144226
2024-06-03 02:24:05,561 - 26 result:
2024-06-03 02:24:05,561 - Name: 26, Distance: 0.9014191627502441
2024-06-03 02:24:05,561 - Name: 26, Distance: 0.9917227029800415
2024-06-03 02:24:05,561 - Name: 30, Distance: 0.9981435537338257
2024-06-03 02:24:05,562 - Name: 26, Distance: 1.0099422931671143
2024-06-03 02:24:05,562 - Name: 25, Distance: 1.140742301940918
2024-06-03 02:24:05,667 - 27 result:
2024-06-03 02:24:05,667 - Name: 36, Distance: 0.884741485118866
2024-06-03 02:24:05,667 - Name: 24, Distance: 0.9426416158676147
2024-06-03 02:24:05,667 - Name: 27, Distance: 1.0120218992233276
2024-06-03 02:24:05,668 - Name: 52, Distance: 1.0443110466003418
2024-06-03 02:24:05,668 - Name: 27, Distance: 1.07318115234375
2024-06-03 02:24:05,723 - 28 result:
2024-06-03 02:24:05,724 - Name: 28, Distance: 0.8073797821998596
2024-06-03 02:24:05,724 - Name: 9, Distance: 0.9705103635787964
2024-06-03 02:24:05,724 - Name: 27, Distance: 0.9824559092521667
2024-06-03 02:24:05,724 - Name: 28, Distance: 0.9934454560279846
2024-06-03 02:24:05,724 - Name: 23, Distance: 1.0044968128204346
2024-06-03 02:24:05,946 - 29 result:
2024-06-03 02:24:05,946 - Name: 29, Distance: 0.792153537273407
2024-06-03 02:24:05,946 - Name: 29, Distance: 1.0721453428268433
2024-06-03 02:24:05,947 - Name: 34, Distance: 1.0791476964950562
2024-06-03 02:24:05,947 - Name: 47, Distance: 1.1439578533172607
2024-06-03 02:24:05,947 - Name: 35, Distance: 1.1447012424468994
2024-06-03 02:24:06,123 - 3 result:
2024-06-03 02:24:06,124 - Name: 3, Distance: 0.8257114291191101
2024-06-03 02:24:06,124 - Name: 3, Distance: 0.9740185141563416
2024-06-03 02:24:06,124 - Name: 4, Distance: 1.062743067741394
2024-06-03 02:24:06,124 - Name: 3, Distance: 1.0748445987701416
2024-06-03 02:24:06,124 - Name: 14, Distance: 1.1244314908981323
2024-06-03 02:24:06,683 - 30 result:
2024-06-03 02:24:06,683 - Name: 9, Distance: 1.0437780618667603
2024-06-03 02:24:06,683 - Name: 30, Distance: 1.0724208354949951
2024-06-03 02:24:06,684 - Name: 24, Distance: 1.0947058200836182
2024-06-03 02:24:06,684 - Name: 46, Distance: 1.1021472215652466
2024-06-03 02:24:06,684 - Name: 19, Distance: 1.103738784790039
2024-06-03 02:24:06,747 - 31 result:
2024-06-03 02:24:06,747 - Name: 31, Distance: 1.020787239074707
2024-06-03 02:24:06,748 - Name: 31, Distance: 1.0250111818313599
2024-06-03 02:24:06,748 - Name: 12, Distance: 1.0522910356521606
2024-06-03 02:24:06,748 - Name: 32, Distance: 1.0941874980926514
2024-06-03 02:24:06,748 - Name: 10, Distance: 1.1030313968658447
2024-06-03 02:24:06,812 - 32 result:
2024-06-03 02:24:06,813 - Name: 32, Distance: 0.9690425992012024
2024-06-03 02:24:06,813 - Name: 32, Distance: 1.0119297504425049
2024-06-03 02:24:06,813 - Name: 16, Distance: 1.0326025485992432
2024-06-03 02:24:06,813 - Name: 22, Distance: 1.0433785915374756
2024-06-03 02:24:06,813 - Name: 22, Distance: 1.0622295141220093
2024-06-03 02:24:07,041 - 33 result:
2024-06-03 02:24:07,042 - Name: 7, Distance: 0.9586314558982849
2024-06-03 02:24:07,042 - Name: 11, Distance: 1.072683334350586
2024-06-03 02:24:07,042 - Name: 18, Distance: 1.0856902599334717
2024-06-03 02:24:07,042 - Name: 12, Distance: 1.0886026620864868
2024-06-03 02:24:07,042 - Name: 6, Distance: 1.1060229539871216
2024-06-03 02:24:07,817 - 34 result:
2024-06-03 02:24:07,817 - Name: 29, Distance: 1.063348412513733
2024-06-03 02:24:07,817 - Name: 34, Distance: 1.1017260551452637
2024-06-03 02:24:07,817 - Name: 27, Distance: 1.1319808959960938
2024-06-03 02:24:07,818 - Name: 47, Distance: 1.1469953060150146
2024-06-03 02:24:07,818 - Name: 24, Distance: 1.1553460359573364
2024-06-03 02:24:07,867 - 35 result:
2024-06-03 02:24:07,867 - Name: 35, Distance: 0.8968954086303711
2024-06-03 02:24:07,867 - Name: 35, Distance: 0.9736696481704712
2024-06-03 02:24:07,867 - Name: 35, Distance: 1.0786690711975098
2024-06-03 02:24:07,867 - Name: 10, Distance: 1.084078073501587
2024-06-03 02:24:07,867 - Name: 51, Distance: 1.1186069250106812
2024-06-03 02:24:07,918 - 36 result:
2024-06-03 02:24:07,919 - Name: 36, Distance: 1.0851749181747437
2024-06-03 02:24:07,919 - Name: 52, Distance: 1.1186237335205078
2024-06-03 02:24:07,919 - Name: 52, Distance: 1.1645710468292236
2024-06-03 02:24:07,919 - Name: 41, Distance: 1.1677358150482178
2024-06-03 02:24:07,919 - Name: 23, Distance: 1.1715834140777588
2024-06-03 02:24:07,966 - 37 result:
2024-06-03 02:24:07,966 - Name: 35, Distance: 0.9888022541999817
2024-06-03 02:24:07,966 - Name: 35, Distance: 1.013368010520935
2024-06-03 02:24:07,966 - Name: 37, Distance: 1.056654691696167
2024-06-03 02:24:07,966 - Name: 43, Distance: 1.1377252340316772
2024-06-03 02:24:07,967 - Name: 44, Distance: 1.139479637145996
2024-06-03 02:24:08,195 - 38 result:
2024-06-03 02:24:08,195 - Name: 36, Distance: 0.9750490784645081
2024-06-03 02:24:08,195 - Name: 57, Distance: 1.1045184135437012
2024-06-03 02:24:08,195 - Name: 33, Distance: 1.1091079711914062
2024-06-03 02:24:08,195 - Name: 36, Distance: 1.1496161222457886
2024-06-03 02:24:08,195 - Name: 55, Distance: 1.1575772762298584
2024-06-03 02:24:08,766 - 39 result:
2024-06-03 02:24:08,766 - Name: 59, Distance: 1.091473937034607
2024-06-03 02:24:08,766 - Name: 27, Distance: 1.1601301431655884
2024-06-03 02:24:08,766 - Name: 39, Distance: 1.1699599027633667
2024-06-03 02:24:08,767 - Name: 42, Distance: 1.1760762929916382
2024-06-03 02:24:08,767 - Name: 1, Distance: 1.1787079572677612
2024-06-03 02:24:08,930 - 4 result:
2024-06-03 02:24:08,930 - Name: 39, Distance: 1.0294533967971802
2024-06-03 02:24:08,930 - Name: 58, Distance: 1.0706753730773926
2024-06-03 02:24:08,930 - Name: 31, Distance: 1.0758484601974487
2024-06-03 02:24:08,930 - Name: 54, Distance: 1.0862596035003662
2024-06-03 02:24:08,930 - Name: 48, Distance: 1.1461114883422852
2024-06-03 02:24:09,172 - 40 result:
2024-06-03 02:24:09,172 - Name: 58, Distance: 0.9401687979698181
2024-06-03 02:24:09,172 - Name: 40, Distance: 1.009304165840149
2024-06-03 02:24:09,172 - Name: 40, Distance: 1.0641882419586182
2024-06-03 02:24:09,172 - Name: 40, Distance: 1.100669503211975
2024-06-03 02:24:09,172 - Name: 45, Distance: 1.1148960590362549
2024-06-03 02:24:09,786 - 41 result:
2024-06-03 02:24:09,786 - Name: 54, Distance: 1.1187762022018433
2024-06-03 02:24:09,786 - Name: 45, Distance: 1.1239686012268066
2024-06-03 02:24:09,786 - Name: 1, Distance: 1.1261343955993652
2024-06-03 02:24:09,786 - Name: 41, Distance: 1.1349149942398071
2024-06-03 02:24:09,786 - Name: 16, Distance: 1.1543442010879517
2024-06-03 02:24:09,841 - 42 result:
2024-06-03 02:24:09,841 - Name: 21, Distance: 1.093173623085022
2024-06-03 02:24:09,841 - Name: 51, Distance: 1.124329686164856
2024-06-03 02:24:09,841 - Name: 35, Distance: 1.129690170288086
2024-06-03 02:24:09,841 - Name: 51, Distance: 1.150626301765442
2024-06-03 02:24:09,841 - Name: 56, Distance: 1.1578971147537231
2024-06-03 02:24:10,152 - 44 result:
2024-06-03 02:24:10,153 - Name: 44, Distance: 0.9519087672233582
2024-06-03 02:24:10,153 - Name: 47, Distance: 1.0461750030517578
2024-06-03 02:24:10,153 - Name: 45, Distance: 1.0642949342727661
2024-06-03 02:24:10,153 - Name: 58, Distance: 1.0777089595794678
2024-06-03 02:24:10,153 - Name: 43, Distance: 1.0989689826965332
2024-06-03 02:24:10,766 - 45 result:
2024-06-03 02:24:10,767 - Name: 32, Distance: 0.9431533813476562
2024-06-03 02:24:10,767 - Name: 57, Distance: 0.975993812084198
2024-06-03 02:24:10,767 - Name: 8, Distance: 1.1144108772277832
2024-06-03 02:24:10,767 - Name: 50, Distance: 1.116524338722229
2024-06-03 02:24:10,767 - Name: 40, Distance: 1.117328405380249
2024-06-03 02:24:10,818 - 46 result:
2024-06-03 02:24:10,818 - Name: 46, Distance: 0.8451170921325684
2024-06-03 02:24:10,818 - Name: 46, Distance: 0.8950319886207581
2024-06-03 02:24:10,818 - Name: 46, Distance: 0.9618586301803589
2024-06-03 02:24:10,818 - Name: 48, Distance: 1.1063560247421265
2024-06-03 02:24:10,818 - Name: 35, Distance: 1.1138415336608887
2024-06-03 02:24:10,870 - 47 result:
2024-06-03 02:24:10,870 - Name: 47, Distance: 1.0938160419464111
2024-06-03 02:24:10,870 - Name: 58, Distance: 1.1022447347640991
2024-06-03 02:24:10,870 - Name: 47, Distance: 1.1202815771102905
2024-06-03 02:24:10,870 - Name: 44, Distance: 1.1528860330581665
2024-06-03 02:24:10,870 - Name: 36, Distance: 1.1701494455337524
2024-06-03 02:24:11,124 - 48 result:
2024-06-03 02:24:11,125 - Name: 48, Distance: 0.9020475149154663
2024-06-03 02:24:11,125 - Name: 54, Distance: 1.0720053911209106
2024-06-03 02:24:11,125 - Name: 4, Distance: 1.0819182395935059
2024-06-03 02:24:11,125 - Name: 46, Distance: 1.0932765007019043
2024-06-03 02:24:11,125 - Name: 42, Distance: 1.0967949628829956
2024-06-03 02:24:11,712 - 5 result:
2024-06-03 02:24:11,712 - Name: 5, Distance: 0.8789294362068176
2024-06-03 02:24:11,712 - Name: 5, Distance: 0.9681655764579773
2024-06-03 02:24:11,712 - Name: 5, Distance: 1.0115387439727783
2024-06-03 02:24:11,712 - Name: 29, Distance: 1.1446813344955444
2024-06-03 02:24:11,712 - Name: 28, Distance: 1.1715182065963745
2024-06-03 02:24:11,775 - 50 result:
2024-06-03 02:24:11,775 - Name: 50, Distance: 0.9708378911018372
2024-06-03 02:24:11,775 - Name: 59, Distance: 0.9850127100944519
2024-06-03 02:24:11,775 - Name: 7, Distance: 0.9948800206184387
2024-06-03 02:24:11,775 - Name: 51, Distance: 1.005042314529419
2024-06-03 02:24:11,775 - Name: 56, Distance: 1.0467191934585571
2024-06-03 02:24:11,829 - 51 result:
2024-06-03 02:24:11,829 - Name: 59, Distance: 0.9486647844314575
2024-06-03 02:24:11,829 - Name: 51, Distance: 0.999525785446167
2024-06-03 02:24:11,829 - Name: 50, Distance: 1.0323430299758911
2024-06-03 02:24:11,829 - Name: 57, Distance: 1.073487401008606
2024-06-03 02:24:11,829 - Name: 55, Distance: 1.0924072265625
2024-06-03 02:24:12,239 - 52 result:
2024-06-03 02:24:12,239 - Name: 36, Distance: 1.1033145189285278
2024-06-03 02:24:12,239 - Name: 47, Distance: 1.113867998123169
2024-06-03 02:24:12,239 - Name: 52, Distance: 1.113918423652649
2024-06-03 02:24:12,239 - Name: 1, Distance: 1.2018382549285889
2024-06-03 02:24:12,239 - Name: 0, Distance: 1.2180489301681519
2024-06-03 02:24:12,725 - 53 result:
2024-06-03 02:24:12,725 - Name: 55, Distance: 1.086753487586975
2024-06-03 02:24:12,725 - Name: 22, Distance: 1.1075550317764282
2024-06-03 02:24:12,725 - Name: 31, Distance: 1.127395510673523
2024-06-03 02:24:12,725 - Name: 14, Distance: 1.1528546810150146
2024-06-03 02:24:12,725 - Name: 8, Distance: 1.169698715209961
2024-06-03 02:24:12,780 - 54 result:
2024-06-03 02:24:12,781 - Name: 54, Distance: 0.9585351943969727
2024-06-03 02:24:12,781 - Name: 14, Distance: 1.034332513809204
2024-06-03 02:24:12,781 - Name: 54, Distance: 1.0494822263717651
2024-06-03 02:24:12,781 - Name: 25, Distance: 1.1205776929855347
2024-06-03 02:24:12,781 - Name: 46, Distance: 1.1339503526687622
2024-06-03 02:24:12,831 - 55 result:
2024-06-03 02:24:12,831 - Name: 28, Distance: 0.991830050945282
2024-06-03 02:24:12,831 - Name: 36, Distance: 1.0341551303863525
2024-06-03 02:24:12,831 - Name: 25, Distance: 1.076043963432312
2024-06-03 02:24:12,831 - Name: 44, Distance: 1.0788960456848145
2024-06-03 02:24:12,831 - Name: 51, Distance: 1.0838220119476318
2024-06-03 02:24:13,060 - 56 result:
2024-06-03 02:24:13,061 - Name: 56, Distance: 0.8881173729896545
2024-06-03 02:24:13,061 - Name: 56, Distance: 0.9949766993522644
2024-06-03 02:24:13,061 - Name: 4, Distance: 1.0334794521331787
2024-06-03 02:24:13,061 - Name: 30, Distance: 1.0738162994384766
2024-06-03 02:24:13,061 - Name: 51, Distance: 1.0840235948562622
2024-06-03 02:24:13,717 - 57 result:
2024-06-03 02:24:13,717 - Name: 59, Distance: 0.9891973733901978
2024-06-03 02:24:13,717 - Name: 51, Distance: 1.0401556491851807
2024-06-03 02:24:13,717 - Name: 36, Distance: 1.0668565034866333
2024-06-03 02:24:13,717 - Name: 44, Distance: 1.070777416229248
2024-06-03 02:24:13,717 - Name: 57, Distance: 1.0948407649993896
2024-06-03 02:24:13,766 - 58 result:
2024-06-03 02:24:13,766 - Name: 41, Distance: 1.0585500001907349
2024-06-03 02:24:13,766 - Name: 58, Distance: 1.0849817991256714
2024-06-03 02:24:13,766 - Name: 44, Distance: 1.086394190788269
2024-06-03 02:24:13,766 - Name: 39, Distance: 1.0981930494308472
2024-06-03 02:24:13,766 - Name: 10, Distance: 1.1388227939605713
2024-06-03 02:24:13,818 - 59 result:
2024-06-03 02:24:13,818 - Name: 52, Distance: 1.1103183031082153
2024-06-03 02:24:13,818 - Name: 2, Distance: 1.114107608795166
2024-06-03 02:24:13,818 - Name: 59, Distance: 1.1461422443389893
2024-06-03 02:24:13,818 - Name: 57, Distance: 1.1474130153656006
2024-06-03 02:24:13,818 - Name: 54, Distance: 1.167146921157837
2024-06-03 02:24:14,063 - 6 result:
2024-06-03 02:24:14,064 - Name: 14, Distance: 1.0183281898498535
2024-06-03 02:24:14,064 - Name: 33, Distance: 1.0501595735549927
2024-06-03 02:24:14,064 - Name: 6, Distance: 1.088435411453247
2024-06-03 02:24:14,064 - Name: 36, Distance: 1.123010516166687
2024-06-03 02:24:14,064 - Name: 17, Distance: 1.1266165971755981
2024-06-03 02:24:14,693 - 7 result:
2024-06-03 02:24:14,693 - Name: 50, Distance: 1.0480505228042603
2024-06-03 02:24:14,693 - Name: 4, Distance: 1.0817091464996338
2024-06-03 02:24:14,693 - Name: 10, Distance: 1.096020221710205
2024-06-03 02:24:14,693 - Name: 13, Distance: 1.1142857074737549
2024-06-03 02:24:14,693 - Name: 8, Distance: 1.1400917768478394
2024-06-03 02:24:14,755 - 8 result:
2024-06-03 02:24:14,755 - Name: 8, Distance: 0.9254205822944641
2024-06-03 02:24:14,755 - Name: 19, Distance: 1.0025112628936768
2024-06-03 02:24:14,755 - Name: 8, Distance: 1.0313348770141602
2024-06-03 02:24:14,755 - Name: 8, Distance: 1.106742262840271
2024-06-03 02:24:14,755 - Name: 30, Distance: 1.1112960577011108
2024-06-03 02:24:14,811 - 9 result:
2024-06-03 02:24:14,811 - Name: 54, Distance: 1.0755902528762817
2024-06-03 02:24:14,812 - Name: 25, Distance: 1.0989625453948975
2024-06-03 02:24:14,812 - Name: 25, Distance: 1.1251877546310425
2024-06-03 02:24:14,812 - Name: 51, Distance: 1.1263641119003296
2024-06-03 02:24:14,812 - Name: 25, Distance: 1.1310851573944092
2024-06-03 02:24:14,917 - Total samples: 58
2024-06-03 02:24:14,918 - Correct predictions: 45
2024-06-03 02:24:14,918 - Incorrect predictions: 13
2024-06-03 02:24:14,918 - Accuracy: 77.59%
2024-06-03 02:24:14,918 - Correctly predicted classes:
2024-06-03 02:24:14,918 - 16: 1
2024-06-03 02:24:14,918 - 18: 1
2024-06-03 02:24:14,919 - 41: 1
2024-06-03 02:24:14,919 - 29: 1
2024-06-03 02:24:14,919 - 30: 1
2024-06-03 02:24:14,919 - 57: 1
2024-06-03 02:24:14,919 - 32: 1
2024-06-03 02:24:14,919 - 35: 1
2024-06-03 02:24:14,919 - 37: 1
2024-06-03 02:24:14,919 - 54: 1
2024-06-03 02:24:14,919 - 56: 1
2024-06-03 02:24:14,919 - 40: 1
2024-06-03 02:24:14,920 - 25: 1
2024-06-03 02:24:14,920 - 28: 1
2024-06-03 02:24:14,920 - 46: 1
2024-06-03 02:24:14,920 - 26: 1
2024-06-03 02:24:14,920 - 19: 1
2024-06-03 02:24:14,920 - 0: 1
2024-06-03 02:24:14,920 - 48: 1
2024-06-03 02:24:14,920 - 59: 1
2024-06-03 02:24:14,920 - 10: 1
2024-06-03 02:24:14,921 - 31: 1
2024-06-03 02:24:14,921 - 50: 1
2024-06-03 02:24:14,921 - 23: 1
2024-06-03 02:24:14,921 - 3: 1
2024-06-03 02:24:14,921 - 1: 1
2024-06-03 02:24:14,921 - 47: 1
2024-06-03 02:24:14,921 - 13: 1
2024-06-03 02:24:14,921 - 58: 1
2024-06-03 02:24:14,921 - 20: 1
2024-06-03 02:24:14,922 - 51: 1
2024-06-03 02:24:14,922 - 17: 1
2024-06-03 02:24:14,922 - 8: 1
2024-06-03 02:24:14,922 - 24: 1
2024-06-03 02:24:14,922 - 52: 1
2024-06-03 02:24:14,922 - 44: 1
2024-06-03 02:24:14,922 - 36: 1
2024-06-03 02:24:14,922 - 12: 1
2024-06-03 02:24:14,922 - 11: 1
2024-06-03 02:24:14,923 - 39: 1
2024-06-03 02:24:14,923 - 27: 1
2024-06-03 02:24:14,923 - 34: 1
2024-06-03 02:24:14,923 - 5: 1
2024-06-03 02:24:14,923 - 2: 1
2024-06-03 02:24:14,923 - 6: 1
2024-06-03 02:24:14,923 - Incorrectly predicted classes:
2024-06-03 02:24:14,923 - 7: 1
2024-06-03 02:24:14,923 - 42: 1
2024-06-03 02:24:14,924 - 45: 1
2024-06-03 02:24:14,924 - 55: 1
2024-06-03 02:24:14,924 - 21: 1
2024-06-03 02:24:14,924 - 9: 1
2024-06-03 02:24:14,924 - 53: 1
2024-06-03 02:24:14,924 - 4: 1
2024-06-03 02:24:14,924 - 38: 1
2024-06-03 02:24:14,924 - 33: 1
2024-06-03 02:24:14,924 - 14: 1
2024-06-03 02:24:14,924 - 22: 1
2024-06-03 02:24:14,925 - 15: 1
