2024-06-02 22:19:09,502 - test_dir : ./Face_Dataset/Test
2024-06-02 22:19:09,502 - pretrained : work_dir/FaceNet_finetuning_Random_Batch_FNP_20_32/FaceNet_finetuning_Random_Batch_FNP_20_32_deepfake.pth
2024-06-02 22:19:09,502 - model_name : FaceNet_finetuning_Random_Batch_FNP
2024-06-02 22:19:59,648 - 0 result:
2024-06-02 22:19:59,648 - Name: 0, Distance: 1.0804173946380615
2024-06-02 22:19:59,648 - Name: 23, Distance: 1.09908127784729
2024-06-02 22:19:59,648 - Name: 0, Distance: 1.1311464309692383
2024-06-02 22:19:59,648 - Name: 23, Distance: 1.1390515565872192
2024-06-02 22:19:59,648 - Name: 0, Distance: 1.1457165479660034
2024-06-02 22:19:59,697 - 1 result:
2024-06-02 22:19:59,698 - Name: 52, Distance: 1.0670760869979858
2024-06-02 22:19:59,698 - Name: 11, Distance: 1.0766414403915405
2024-06-02 22:19:59,698 - Name: 52, Distance: 1.0873477458953857
2024-06-02 22:19:59,698 - Name: 11, Distance: 1.106204628944397
2024-06-02 22:19:59,698 - Name: 0, Distance: 1.1209020614624023
2024-06-02 22:19:59,753 - 10 result:
2024-06-02 22:19:59,754 - Name: 43, Distance: 1.0011253356933594
2024-06-02 22:19:59,754 - Name: 14, Distance: 1.0245975255966187
2024-06-02 22:19:59,754 - Name: 43, Distance: 1.0453566312789917
2024-06-02 22:19:59,754 - Name: 43, Distance: 1.0501998662948608
2024-06-02 22:19:59,754 - Name: 5, Distance: 1.0592409372329712
2024-06-02 22:19:59,798 - 11 result:
2024-06-02 22:19:59,798 - Name: 45, Distance: 0.8631492853164673
2024-06-02 22:19:59,798 - Name: 45, Distance: 0.8645905256271362
2024-06-02 22:19:59,798 - Name: 45, Distance: 0.989239513874054
2024-06-02 22:19:59,798 - Name: 30, Distance: 1.169047474861145
2024-06-02 22:19:59,799 - Name: 27, Distance: 1.1845402717590332
2024-06-02 22:20:00,045 - 12 result:
2024-06-02 22:20:00,046 - Name: 12, Distance: 0.9390658736228943
2024-06-02 22:20:00,046 - Name: 12, Distance: 0.9609417915344238
2024-06-02 22:20:00,046 - Name: 12, Distance: 0.9994726777076721
2024-06-02 22:20:00,046 - Name: 15, Distance: 1.0819134712219238
2024-06-02 22:20:00,046 - Name: 7, Distance: 1.0934985876083374
2024-06-02 22:20:00,092 - 13 result:
2024-06-02 22:20:00,092 - Name: 13, Distance: 0.0
2024-06-02 22:20:00,092 - Name: 13, Distance: 0.2989747226238251
2024-06-02 22:20:00,092 - Name: 13, Distance: 0.3676866292953491
2024-06-02 22:20:00,092 - Name: 19, Distance: 1.161624789237976
2024-06-02 22:20:00,092 - Name: 39, Distance: 1.212256669998169
2024-06-02 22:20:00,681 - 14 result:
2024-06-02 22:20:00,681 - Name: 23, Distance: 1.0109710693359375
2024-06-02 22:20:00,681 - Name: 23, Distance: 1.0129125118255615
2024-06-02 22:20:00,681 - Name: 32, Distance: 1.0166734457015991
2024-06-02 22:20:00,681 - Name: 32, Distance: 1.0234200954437256
2024-06-02 22:20:00,681 - Name: 29, Distance: 1.048719882965088
2024-06-02 22:20:00,760 - 15 result:
2024-06-02 22:20:00,760 - Name: 28, Distance: 0.9232996106147766
2024-06-02 22:20:00,760 - Name: 28, Distance: 0.9496960043907166
2024-06-02 22:20:00,760 - Name: 28, Distance: 0.9537580013275146
2024-06-02 22:20:00,760 - Name: 30, Distance: 0.9580874443054199
2024-06-02 22:20:00,760 - Name: 11, Distance: 0.9764863848686218
2024-06-02 22:20:00,814 - 16 result:
2024-06-02 22:20:00,814 - Name: 16, Distance: 0.6704732775688171
2024-06-02 22:20:00,814 - Name: 16, Distance: 0.7390300631523132
2024-06-02 22:20:00,814 - Name: 16, Distance: 0.7826201915740967
2024-06-02 22:20:00,814 - Name: 26, Distance: 0.9885445833206177
2024-06-02 22:20:00,814 - Name: 8, Distance: 1.0173109769821167
2024-06-02 22:20:00,857 - 17 result:
2024-06-02 22:20:00,857 - Name: 40, Distance: 1.012078046798706
2024-06-02 22:20:00,857 - Name: 13, Distance: 1.0596245527267456
2024-06-02 22:20:00,857 - Name: 13, Distance: 1.0625622272491455
2024-06-02 22:20:00,857 - Name: 13, Distance: 1.1045451164245605
2024-06-02 22:20:00,857 - Name: 40, Distance: 1.128296971321106
2024-06-02 22:20:01,085 - 18 result:
2024-06-02 22:20:01,085 - Name: 33, Distance: 0.9743513464927673
2024-06-02 22:20:01,085 - Name: 33, Distance: 1.0019361972808838
2024-06-02 22:20:01,086 - Name: 33, Distance: 1.0272537469863892
2024-06-02 22:20:01,086 - Name: 14, Distance: 1.0462720394134521
2024-06-02 22:20:01,086 - Name: 14, Distance: 1.0524775981903076
2024-06-02 22:20:01,676 - 19 result:
2024-06-02 22:20:01,676 - Name: 19, Distance: 0.992730975151062
2024-06-02 22:20:01,677 - Name: 19, Distance: 1.006608009338379
2024-06-02 22:20:01,677 - Name: 30, Distance: 1.0180160999298096
2024-06-02 22:20:01,677 - Name: 19, Distance: 1.0512778759002686
2024-06-02 22:20:01,677 - Name: 30, Distance: 1.0691592693328857
2024-06-02 22:20:01,759 - 2 result:
2024-06-02 22:20:01,759 - Name: 52, Distance: 0.9901707172393799
2024-06-02 22:20:01,759 - Name: 52, Distance: 0.9963898658752441
2024-06-02 22:20:01,759 - Name: 2, Distance: 1.023099660873413
2024-06-02 22:20:01,759 - Name: 52, Distance: 1.0275037288665771
2024-06-02 22:20:01,759 - Name: 2, Distance: 1.0640970468521118
2024-06-02 22:20:01,817 - 20 result:
2024-06-02 22:20:01,817 - Name: 20, Distance: 1.0496629476547241
2024-06-02 22:20:01,817 - Name: 57, Distance: 1.0791112184524536
2024-06-02 22:20:01,817 - Name: 57, Distance: 1.0952321290969849
2024-06-02 22:20:01,818 - Name: 0, Distance: 1.0957261323928833
2024-06-02 22:20:01,818 - Name: 20, Distance: 1.098907470703125
2024-06-02 22:20:02,050 - 21 result:
2024-06-02 22:20:02,051 - Name: 14, Distance: 1.0092048645019531
2024-06-02 22:20:02,051 - Name: 14, Distance: 1.020016074180603
2024-06-02 22:20:02,051 - Name: 14, Distance: 1.0295220613479614
2024-06-02 22:20:02,051 - Name: 17, Distance: 1.0332081317901611
2024-06-02 22:20:02,051 - Name: 10, Distance: 1.0457792282104492
2024-06-02 22:20:02,667 - 22 result:
2024-06-02 22:20:02,667 - Name: 32, Distance: 0.8413099646568298
2024-06-02 22:20:02,667 - Name: 32, Distance: 0.8971394896507263
2024-06-02 22:20:02,667 - Name: 32, Distance: 0.909297525882721
2024-06-02 22:20:02,667 - Name: 5, Distance: 0.9226773977279663
2024-06-02 22:20:02,667 - Name: 5, Distance: 0.9682967066764832
2024-06-02 22:20:02,719 - 23 result:
2024-06-02 22:20:02,719 - Name: 29, Distance: 0.9184166789054871
2024-06-02 22:20:02,719 - Name: 12, Distance: 0.9342585802078247
2024-06-02 22:20:02,719 - Name: 12, Distance: 0.937717854976654
2024-06-02 22:20:02,719 - Name: 29, Distance: 0.9958730340003967
2024-06-02 22:20:02,719 - Name: 12, Distance: 1.0150245428085327
2024-06-02 22:20:02,771 - 24 result:
2024-06-02 22:20:02,771 - Name: 24, Distance: 0.5386494398117065
2024-06-02 22:20:02,771 - Name: 24, Distance: 0.5409983396530151
2024-06-02 22:20:02,771 - Name: 24, Distance: 0.5657389163970947
2024-06-02 22:20:02,771 - Name: 26, Distance: 0.9910203218460083
2024-06-02 22:20:02,771 - Name: 26, Distance: 1.0742660760879517
2024-06-02 22:20:03,008 - 25 result:
2024-06-02 22:20:03,008 - Name: 28, Distance: 1.0398203134536743
2024-06-02 22:20:03,008 - Name: 44, Distance: 1.0410569906234741
2024-06-02 22:20:03,008 - Name: 25, Distance: 1.0680310726165771
2024-06-02 22:20:03,008 - Name: 25, Distance: 1.0764087438583374
2024-06-02 22:20:03,008 - Name: 44, Distance: 1.0912541151046753
2024-06-02 22:20:03,621 - 26 result:
2024-06-02 22:20:03,622 - Name: 28, Distance: 0.8559529185295105
2024-06-02 22:20:03,622 - Name: 28, Distance: 0.8804956674575806
2024-06-02 22:20:03,622 - Name: 28, Distance: 0.8924115896224976
2024-06-02 22:20:03,622 - Name: 16, Distance: 0.9241595268249512
2024-06-02 22:20:03,622 - Name: 16, Distance: 0.9707556962966919
2024-06-02 22:20:03,675 - 27 result:
2024-06-02 22:20:03,675 - Name: 28, Distance: 0.9054940938949585
2024-06-02 22:20:03,675 - Name: 28, Distance: 0.9322613477706909
2024-06-02 22:20:03,675 - Name: 28, Distance: 0.95476233959198
2024-06-02 22:20:03,675 - Name: 24, Distance: 1.1077563762664795
2024-06-02 22:20:03,675 - Name: 26, Distance: 1.167023777961731
2024-06-02 22:20:03,729 - 28 result:
2024-06-02 22:20:03,729 - Name: 27, Distance: 0.9734280705451965
2024-06-02 22:20:03,729 - Name: 27, Distance: 0.9786929488182068
2024-06-02 22:20:03,730 - Name: 29, Distance: 0.9937910437583923
2024-06-02 22:20:03,730 - Name: 30, Distance: 1.0116899013519287
2024-06-02 22:20:03,730 - Name: 30, Distance: 1.0333305597305298
2024-06-02 22:20:03,968 - 29 result:
2024-06-02 22:20:03,968 - Name: 21, Distance: 0.6600053310394287
2024-06-02 22:20:03,968 - Name: 21, Distance: 0.6769111752510071
2024-06-02 22:20:03,968 - Name: 21, Distance: 0.7713852524757385
2024-06-02 22:20:03,968 - Name: 51, Distance: 1.1264007091522217
2024-06-02 22:20:03,968 - Name: 50, Distance: 1.16817307472229
2024-06-02 22:20:04,579 - 3 result:
2024-06-02 22:20:04,579 - Name: 3, Distance: 0.6883797645568848
2024-06-02 22:20:04,579 - Name: 3, Distance: 0.7696065902709961
2024-06-02 22:20:04,579 - Name: 3, Distance: 0.8749256730079651
2024-06-02 22:20:04,579 - Name: 37, Distance: 0.9494743347167969
2024-06-02 22:20:04,579 - Name: 37, Distance: 0.9680391550064087
2024-06-02 22:20:04,631 - 30 result:
2024-06-02 22:20:04,631 - Name: 28, Distance: 0.821098268032074
2024-06-02 22:20:04,631 - Name: 28, Distance: 0.860588788986206
2024-06-02 22:20:04,631 - Name: 28, Distance: 0.8698284029960632
2024-06-02 22:20:04,631 - Name: 24, Distance: 1.042676329612732
2024-06-02 22:20:04,631 - Name: 29, Distance: 1.0684973001480103
2024-06-02 22:20:04,687 - 31 result:
2024-06-02 22:20:04,687 - Name: 14, Distance: 1.0540657043457031
2024-06-02 22:20:04,687 - Name: 14, Distance: 1.073927640914917
2024-06-02 22:20:04,687 - Name: 29, Distance: 1.1008014678955078
2024-06-02 22:20:04,687 - Name: 14, Distance: 1.1157338619232178
2024-06-02 22:20:04,687 - Name: 33, Distance: 1.1230123043060303
2024-06-02 22:20:04,914 - 32 result:
2024-06-02 22:20:04,914 - Name: 32, Distance: 0.986050009727478
2024-06-02 22:20:04,914 - Name: 1, Distance: 1.016128659248352
2024-06-02 22:20:04,914 - Name: 1, Distance: 1.0190492868423462
2024-06-02 22:20:04,914 - Name: 22, Distance: 1.0274559259414673
2024-06-02 22:20:04,914 - Name: 32, Distance: 1.0284180641174316
2024-06-02 22:20:05,515 - 33 result:
2024-06-02 22:20:05,515 - Name: 10, Distance: 1.0215929746627808
2024-06-02 22:20:05,515 - Name: 14, Distance: 1.0337753295898438
2024-06-02 22:20:05,515 - Name: 10, Distance: 1.0722466707229614
2024-06-02 22:20:05,515 - Name: 29, Distance: 1.0799342393875122
2024-06-02 22:20:05,515 - Name: 14, Distance: 1.0883256196975708
2024-06-02 22:20:05,609 - 34 result:
2024-06-02 22:20:05,609 - Name: 29, Distance: 0.5538395643234253
2024-06-02 22:20:05,609 - Name: 29, Distance: 0.561958372592926
2024-06-02 22:20:05,609 - Name: 29, Distance: 0.6547733545303345
2024-06-02 22:20:05,609 - Name: 8, Distance: 0.8704549670219421
2024-06-02 22:20:05,609 - Name: 8, Distance: 0.9558894038200378
2024-06-02 22:20:05,662 - 35 result:
2024-06-02 22:20:05,662 - Name: 35, Distance: 0.8860515356063843
2024-06-02 22:20:05,662 - Name: 35, Distance: 0.8931030631065369
2024-06-02 22:20:05,662 - Name: 35, Distance: 0.9119972586631775
2024-06-02 22:20:05,662 - Name: 30, Distance: 0.9367294907569885
2024-06-02 22:20:05,662 - Name: 30, Distance: 1.0115830898284912
2024-06-02 22:20:05,886 - 36 result:
2024-06-02 22:20:05,886 - Name: 8, Distance: 0.9942333698272705
2024-06-02 22:20:05,886 - Name: 8, Distance: 1.0076148509979248
2024-06-02 22:20:05,887 - Name: 8, Distance: 1.0644283294677734
2024-06-02 22:20:05,887 - Name: 27, Distance: 1.1323487758636475
2024-06-02 22:20:05,887 - Name: 44, Distance: 1.1374740600585938
2024-06-02 22:20:05,955 - 37 result:
2024-06-02 22:20:05,955 - Name: 45, Distance: 1.087526798248291
2024-06-02 22:20:05,955 - Name: 30, Distance: 1.102012038230896
2024-06-02 22:20:05,955 - Name: 46, Distance: 1.1284126043319702
2024-06-02 22:20:05,955 - Name: 28, Distance: 1.1290051937103271
2024-06-02 22:20:05,955 - Name: 46, Distance: 1.1310917139053345
2024-06-02 22:20:06,562 - 38 result:
2024-06-02 22:20:06,562 - Name: 21, Distance: 0.8591560125350952
2024-06-02 22:20:06,562 - Name: 21, Distance: 0.8592333793640137
2024-06-02 22:20:06,562 - Name: 21, Distance: 0.9462201595306396
2024-06-02 22:20:06,563 - Name: 55, Distance: 1.0197832584381104
2024-06-02 22:20:06,563 - Name: 55, Distance: 1.0465991497039795
2024-06-02 22:20:06,615 - 39 result:
2024-06-02 22:20:06,615 - Name: 33, Distance: 1.092149257659912
2024-06-02 22:20:06,615 - Name: 36, Distance: 1.0974317789077759
2024-06-02 22:20:06,615 - Name: 16, Distance: 1.0982156991958618
2024-06-02 22:20:06,615 - Name: 36, Distance: 1.1184508800506592
2024-06-02 22:20:06,615 - Name: 46, Distance: 1.120140790939331
2024-06-02 22:20:06,670 - 4 result:
2024-06-02 22:20:06,670 - Name: 48, Distance: 1.063248872756958
2024-06-02 22:20:06,670 - Name: 48, Distance: 1.0647598505020142
2024-06-02 22:20:06,670 - Name: 12, Distance: 1.089827060699463
2024-06-02 22:20:06,670 - Name: 12, Distance: 1.0933829545974731
2024-06-02 22:20:06,670 - Name: 48, Distance: 1.1059014797210693
2024-06-02 22:20:06,896 - 40 result:
2024-06-02 22:20:06,896 - Name: 0, Distance: 0.854373037815094
2024-06-02 22:20:06,896 - Name: 0, Distance: 0.8676258325576782
2024-06-02 22:20:06,896 - Name: 0, Distance: 0.8800805807113647
2024-06-02 22:20:06,896 - Name: 40, Distance: 1.0300050973892212
2024-06-02 22:20:06,896 - Name: 24, Distance: 1.060361385345459
2024-06-02 22:20:07,495 - 41 result:
2024-06-02 22:20:07,495 - Name: 16, Distance: 0.9807517528533936
2024-06-02 22:20:07,496 - Name: 16, Distance: 1.0500478744506836
2024-06-02 22:20:07,496 - Name: 16, Distance: 1.0508270263671875
2024-06-02 22:20:07,496 - Name: 44, Distance: 1.0698028802871704
2024-06-02 22:20:07,496 - Name: 8, Distance: 1.0748233795166016
2024-06-02 22:20:07,553 - 42 result:
2024-06-02 22:20:07,553 - Name: 25, Distance: 1.086342215538025
2024-06-02 22:20:07,553 - Name: 25, Distance: 1.0922739505767822
2024-06-02 22:20:07,553 - Name: 59, Distance: 1.1117483377456665
2024-06-02 22:20:07,553 - Name: 0, Distance: 1.1342014074325562
2024-06-02 22:20:07,553 - Name: 25, Distance: 1.1418702602386475
2024-06-02 22:20:07,608 - 44 result:
2024-06-02 22:20:07,608 - Name: 42, Distance: 0.7353394627571106
2024-06-02 22:20:07,608 - Name: 42, Distance: 0.7452009320259094
2024-06-02 22:20:07,608 - Name: 42, Distance: 0.775709331035614
2024-06-02 22:20:07,608 - Name: 2, Distance: 1.0870985984802246
2024-06-02 22:20:07,608 - Name: 2, Distance: 1.101977825164795
2024-06-02 22:20:07,836 - 45 result:
2024-06-02 22:20:07,836 - Name: 42, Distance: 1.044603943824768
2024-06-02 22:20:07,837 - Name: 31, Distance: 1.0807695388793945
2024-06-02 22:20:07,837 - Name: 31, Distance: 1.0900729894638062
2024-06-02 22:20:07,837 - Name: 51, Distance: 1.0977849960327148
2024-06-02 22:20:07,837 - Name: 51, Distance: 1.1184288263320923
2024-06-02 22:20:08,449 - 46 result:
2024-06-02 22:20:08,450 - Name: 43, Distance: 0.9259316921234131
2024-06-02 22:20:08,450 - Name: 43, Distance: 0.9530584812164307
2024-06-02 22:20:08,450 - Name: 43, Distance: 0.9545323252677917
2024-06-02 22:20:08,450 - Name: 58, Distance: 1.0165724754333496
2024-06-02 22:20:08,450 - Name: 41, Distance: 1.0511256456375122
2024-06-02 22:20:08,504 - 47 result:
2024-06-02 22:20:08,504 - Name: 4, Distance: 1.010231852531433
2024-06-02 22:20:08,504 - Name: 45, Distance: 1.0335779190063477
2024-06-02 22:20:08,504 - Name: 4, Distance: 1.070135474205017
2024-06-02 22:20:08,504 - Name: 4, Distance: 1.0721776485443115
2024-06-02 22:20:08,504 - Name: 45, Distance: 1.0755045413970947
2024-06-02 22:20:08,557 - 48 result:
2024-06-02 22:20:08,557 - Name: 9, Distance: 1.0510227680206299
2024-06-02 22:20:08,557 - Name: 48, Distance: 1.1158918142318726
2024-06-02 22:20:08,557 - Name: 48, Distance: 1.1316403150558472
2024-06-02 22:20:08,557 - Name: 9, Distance: 1.1519174575805664
2024-06-02 22:20:08,557 - Name: 9, Distance: 1.1584385633468628
2024-06-02 22:20:08,773 - 5 result:
2024-06-02 22:20:08,773 - Name: 5, Distance: 1.0513354539871216
2024-06-02 22:20:08,773 - Name: 21, Distance: 1.084964394569397
2024-06-02 22:20:08,773 - Name: 5, Distance: 1.1042828559875488
2024-06-02 22:20:08,773 - Name: 50, Distance: 1.1102757453918457
2024-06-02 22:20:08,773 - Name: 57, Distance: 1.1241369247436523
2024-06-02 22:20:09,364 - 50 result:
2024-06-02 22:20:09,364 - Name: 50, Distance: 0.9859951138496399
2024-06-02 22:20:09,364 - Name: 9, Distance: 1.0357009172439575
2024-06-02 22:20:09,364 - Name: 23, Distance: 1.0365328788757324
2024-06-02 22:20:09,364 - Name: 9, Distance: 1.038504958152771
2024-06-02 22:20:09,364 - Name: 9, Distance: 1.046097755432129
2024-06-02 22:20:09,454 - 51 result:
2024-06-02 22:20:09,455 - Name: 57, Distance: 0.7900024652481079
2024-06-02 22:20:09,455 - Name: 57, Distance: 0.790703535079956
2024-06-02 22:20:09,455 - Name: 57, Distance: 0.8356292843818665
2024-06-02 22:20:09,455 - Name: 38, Distance: 1.0682847499847412
2024-06-02 22:20:09,455 - Name: 14, Distance: 1.0991380214691162
2024-06-02 22:20:09,688 - 52 result:
2024-06-02 22:20:09,689 - Name: 28, Distance: 1.0588079690933228
2024-06-02 22:20:09,689 - Name: 28, Distance: 1.0619856119155884
2024-06-02 22:20:09,689 - Name: 28, Distance: 1.0789320468902588
2024-06-02 22:20:09,689 - Name: 36, Distance: 1.0833085775375366
2024-06-02 22:20:09,689 - Name: 44, Distance: 1.0888628959655762
2024-06-02 22:20:10,286 - 53 result:
2024-06-02 22:20:10,286 - Name: 54, Distance: 0.87070631980896
2024-06-02 22:20:10,286 - Name: 54, Distance: 0.8957438468933105
2024-06-02 22:20:10,286 - Name: 54, Distance: 0.9115663170814514
2024-06-02 22:20:10,286 - Name: 35, Distance: 0.9592782258987427
2024-06-02 22:20:10,287 - Name: 35, Distance: 1.0541720390319824
2024-06-02 22:20:10,372 - 54 result:
2024-06-02 22:20:10,372 - Name: 54, Distance: 0.8554456233978271
2024-06-02 22:20:10,372 - Name: 54, Distance: 0.8693846464157104
2024-06-02 22:20:10,372 - Name: 54, Distance: 0.8951204419136047
2024-06-02 22:20:10,372 - Name: 36, Distance: 0.996256947517395
2024-06-02 22:20:10,372 - Name: 0, Distance: 1.0399843454360962
2024-06-02 22:20:10,425 - 55 result:
2024-06-02 22:20:10,425 - Name: 55, Distance: 0.8345352411270142
2024-06-02 22:20:10,425 - Name: 55, Distance: 0.9188631176948547
2024-06-02 22:20:10,425 - Name: 55, Distance: 0.9641464948654175
2024-06-02 22:20:10,425 - Name: 47, Distance: 1.0319262742996216
2024-06-02 22:20:10,425 - Name: 47, Distance: 1.0684272050857544
2024-06-02 22:20:10,663 - 56 result:
2024-06-02 22:20:10,664 - Name: 45, Distance: 0.8241099715232849
2024-06-02 22:20:10,664 - Name: 45, Distance: 0.9044778347015381
2024-06-02 22:20:10,664 - Name: 45, Distance: 0.9050194621086121
2024-06-02 22:20:10,664 - Name: 17, Distance: 1.0292904376983643
2024-06-02 22:20:10,664 - Name: 46, Distance: 1.059924840927124
2024-06-02 22:20:11,276 - 57 result:
2024-06-02 22:20:11,276 - Name: 58, Distance: 0.9464406371116638
2024-06-02 22:20:11,276 - Name: 58, Distance: 0.9671005010604858
2024-06-02 22:20:11,276 - Name: 0, Distance: 1.0092343091964722
2024-06-02 22:20:11,276 - Name: 0, Distance: 1.0167981386184692
2024-06-02 22:20:11,276 - Name: 2, Distance: 1.0231353044509888
2024-06-02 22:20:11,329 - 58 result:
2024-06-02 22:20:11,329 - Name: 3, Distance: 0.9931497573852539
2024-06-02 22:20:11,329 - Name: 3, Distance: 1.0021768808364868
2024-06-02 22:20:11,329 - Name: 35, Distance: 1.005645751953125
2024-06-02 22:20:11,329 - Name: 3, Distance: 1.0248383283615112
2024-06-02 22:20:11,329 - Name: 2, Distance: 1.0309488773345947
2024-06-02 22:20:11,384 - 59 result:
2024-06-02 22:20:11,384 - Name: 57, Distance: 0.8494718670845032
2024-06-02 22:20:11,384 - Name: 57, Distance: 0.9602526426315308
2024-06-02 22:20:11,384 - Name: 57, Distance: 1.0179393291473389
2024-06-02 22:20:11,384 - Name: 37, Distance: 1.0976442098617554
2024-06-02 22:20:11,384 - Name: 46, Distance: 1.1150490045547485
2024-06-02 22:20:11,615 - 6 result:
2024-06-02 22:20:11,615 - Name: 25, Distance: 0.945787787437439
2024-06-02 22:20:11,615 - Name: 25, Distance: 0.9581019282341003
2024-06-02 22:20:11,615 - Name: 25, Distance: 0.95867919921875
2024-06-02 22:20:11,615 - Name: 28, Distance: 1.1566998958587646
2024-06-02 22:20:11,615 - Name: 53, Distance: 1.1699881553649902
2024-06-02 22:20:12,214 - 7 result:
2024-06-02 22:20:12,214 - Name: 19, Distance: 1.0059467554092407
2024-06-02 22:20:12,214 - Name: 19, Distance: 1.006909966468811
2024-06-02 22:20:12,214 - Name: 19, Distance: 1.017772912979126
2024-06-02 22:20:12,214 - Name: 33, Distance: 1.0952067375183105
2024-06-02 22:20:12,214 - Name: 13, Distance: 1.1102186441421509
2024-06-02 22:20:12,265 - 8 result:
2024-06-02 22:20:12,265 - Name: 11, Distance: 0.9506273865699768
2024-06-02 22:20:12,265 - Name: 11, Distance: 0.9753203392028809
2024-06-02 22:20:12,265 - Name: 20, Distance: 0.9785104393959045
2024-06-02 22:20:12,265 - Name: 20, Distance: 0.9847503304481506
2024-06-02 22:20:12,265 - Name: 11, Distance: 0.9981445074081421
2024-06-02 22:20:12,318 - 9 result:
2024-06-02 22:20:12,319 - Name: 12, Distance: 0.9818610548973083
2024-06-02 22:20:12,319 - Name: 12, Distance: 1.0249816179275513
2024-06-02 22:20:12,319 - Name: 12, Distance: 1.0406163930892944
2024-06-02 22:20:12,319 - Name: 33, Distance: 1.071182370185852
2024-06-02 22:20:12,319 - Name: 7, Distance: 1.0727211236953735
2024-06-02 22:20:12,399 - Total samples: 58
2024-06-02 22:20:12,399 - Correct predictions: 18
2024-06-02 22:20:12,399 - Incorrect predictions: 40
2024-06-02 22:20:12,399 - Accuracy: 31.03%
2024-06-02 22:20:12,399 - Correctly predicted classes:
2024-06-02 22:20:12,400 - 25: 1
2024-06-02 22:20:12,400 - 5: 1
2024-06-02 22:20:12,400 - 0: 1
2024-06-02 22:20:12,400 - 24: 1
2024-06-02 22:20:12,400 - 55: 1
2024-06-02 22:20:12,400 - 13: 1
2024-06-02 22:20:12,400 - 32: 1
2024-06-02 22:20:12,400 - 40: 1
2024-06-02 22:20:12,400 - 48: 1
2024-06-02 22:20:12,401 - 3: 1
2024-06-02 22:20:12,401 - 19: 1
2024-06-02 22:20:12,401 - 20: 1
2024-06-02 22:20:12,401 - 16: 1
2024-06-02 22:20:12,401 - 2: 1
2024-06-02 22:20:12,401 - 50: 1
2024-06-02 22:20:12,401 - 35: 1
2024-06-02 22:20:12,401 - 12: 1
2024-06-02 22:20:12,401 - 54: 1
2024-06-02 22:20:12,402 - Incorrectly predicted classes:
2024-06-02 22:20:12,402 - 33: 1
2024-06-02 22:20:12,402 - 36: 1
2024-06-02 22:20:12,402 - 44: 1
2024-06-02 22:20:12,402 - 46: 1
2024-06-02 22:20:12,402 - 11: 1
2024-06-02 22:20:12,402 - 59: 1
2024-06-02 22:20:12,402 - 34: 1
2024-06-02 22:20:12,402 - 23: 1
2024-06-02 22:20:12,403 - 29: 1
2024-06-02 22:20:12,403 - 22: 1
2024-06-02 22:20:12,403 - 41: 1
2024-06-02 22:20:12,403 - 31: 1
2024-06-02 22:20:12,403 - 51: 1
2024-06-02 22:20:12,403 - 42: 1
2024-06-02 22:20:12,403 - 17: 1
2024-06-02 22:20:12,403 - 6: 1
2024-06-02 22:20:12,403 - 38: 1
2024-06-02 22:20:12,404 - 28: 1
2024-06-02 22:20:12,404 - 30: 1
2024-06-02 22:20:12,404 - 7: 1
2024-06-02 22:20:12,404 - 9: 1
2024-06-02 22:20:12,404 - 26: 1
2024-06-02 22:20:12,404 - 1: 1
2024-06-02 22:20:12,404 - 39: 1
2024-06-02 22:20:12,404 - 52: 1
2024-06-02 22:20:12,404 - 53: 1
2024-06-02 22:20:12,404 - 45: 1
2024-06-02 22:20:12,405 - 15: 1
2024-06-02 22:20:12,405 - 10: 1
2024-06-02 22:20:12,405 - 58: 1
2024-06-02 22:20:12,405 - 14: 1
2024-06-02 22:20:12,405 - 27: 1
2024-06-02 22:20:12,405 - 4: 1
2024-06-02 22:20:12,405 - 37: 1
2024-06-02 22:20:12,405 - 47: 1
2024-06-02 22:20:12,405 - 8: 1
2024-06-02 22:20:12,406 - 57: 1
2024-06-02 22:20:12,406 - 56: 1
2024-06-02 22:20:12,406 - 21: 1
2024-06-02 22:20:12,406 - 18: 1
