2024-06-02 23:41:59,993 - test_dir : ./Face_Dataset/Test
2024-06-02 23:41:59,993 - pretrained : work_dir/FaceNet_finetuning_Random_Batch_FNP_CE_Fusion_60_32/FaceNet_finetuning_Random_Batch_FNP_CE_Fusion_60_32_deepfake.pth
2024-06-02 23:41:59,994 - model_name : FaceNet_finetuning_Random_Batch_FNP_CE_Fusion
2024-06-02 23:42:52,762 - 0 result:
2024-06-02 23:42:52,763 - Name: 0, Distance: 0.8656010031700134
2024-06-02 23:42:52,763 - Name: 0, Distance: 0.9879176616668701
2024-06-02 23:42:52,763 - Name: 2, Distance: 1.0461283922195435
2024-06-02 23:42:52,763 - Name: 0, Distance: 1.0496187210083008
2024-06-02 23:42:52,763 - Name: 46, Distance: 1.0785261392593384
2024-06-02 23:42:52,849 - 1 result:
2024-06-02 23:42:52,849 - Name: 1, Distance: 0.9002673029899597
2024-06-02 23:42:52,849 - Name: 39, Distance: 0.92084801197052
2024-06-02 23:42:52,849 - Name: 1, Distance: 0.9291022419929504
2024-06-02 23:42:52,849 - Name: 1, Distance: 0.9318760633468628
2024-06-02 23:42:52,849 - Name: 52, Distance: 0.9422663450241089
2024-06-02 23:42:52,907 - 10 result:
2024-06-02 23:42:52,907 - Name: 18, Distance: 0.8651283383369446
2024-06-02 23:42:52,907 - Name: 43, Distance: 0.894644558429718
2024-06-02 23:42:52,908 - Name: 18, Distance: 0.9031162858009338
2024-06-02 23:42:52,908 - Name: 43, Distance: 0.9191088676452637
2024-06-02 23:42:52,908 - Name: 5, Distance: 0.9338575601577759
2024-06-02 23:42:53,139 - 11 result:
2024-06-02 23:42:53,139 - Name: 45, Distance: 0.7425968647003174
2024-06-02 23:42:53,140 - Name: 45, Distance: 0.7967658638954163
2024-06-02 23:42:53,140 - Name: 45, Distance: 0.8797307014465332
2024-06-02 23:42:53,140 - Name: 8, Distance: 1.0352287292480469
2024-06-02 23:42:53,140 - Name: 44, Distance: 1.0931107997894287
2024-06-02 23:42:53,743 - 12 result:
2024-06-02 23:42:53,744 - Name: 12, Distance: 0.8856472373008728
2024-06-02 23:42:53,744 - Name: 12, Distance: 0.9581601619720459
2024-06-02 23:42:53,744 - Name: 12, Distance: 0.9651212692260742
2024-06-02 23:42:53,744 - Name: 15, Distance: 0.9722793102264404
2024-06-02 23:42:53,744 - Name: 18, Distance: 0.9773548245429993
2024-06-02 23:42:53,800 - 13 result:
2024-06-02 23:42:53,800 - Name: 13, Distance: 0.0
2024-06-02 23:42:53,800 - Name: 13, Distance: 0.3342931866645813
2024-06-02 23:42:53,800 - Name: 13, Distance: 0.5047919154167175
2024-06-02 23:42:53,800 - Name: 33, Distance: 0.9603214859962463
2024-06-02 23:42:53,800 - Name: 12, Distance: 0.9672582745552063
2024-06-02 23:42:53,854 - 14 result:
2024-06-02 23:42:53,854 - Name: 50, Distance: 1.0088038444519043
2024-06-02 23:42:53,854 - Name: 32, Distance: 1.0133894681930542
2024-06-02 23:42:53,854 - Name: 14, Distance: 1.0317963361740112
2024-06-02 23:42:53,854 - Name: 50, Distance: 1.0768874883651733
2024-06-02 23:42:53,854 - Name: 50, Distance: 1.1112210750579834
2024-06-02 23:42:54,090 - 15 result:
2024-06-02 23:42:54,090 - Name: 26, Distance: 0.8096939325332642
2024-06-02 23:42:54,090 - Name: 26, Distance: 0.8460550308227539
2024-06-02 23:42:54,090 - Name: 28, Distance: 0.853538453578949
2024-06-02 23:42:54,090 - Name: 30, Distance: 0.8537969589233398
2024-06-02 23:42:54,091 - Name: 16, Distance: 0.8821868300437927
2024-06-02 23:42:54,697 - 16 result:
2024-06-02 23:42:54,697 - Name: 16, Distance: 0.5944960713386536
2024-06-02 23:42:54,697 - Name: 16, Distance: 0.6109628677368164
2024-06-02 23:42:54,698 - Name: 26, Distance: 0.6246854066848755
2024-06-02 23:42:54,698 - Name: 16, Distance: 0.6865898370742798
2024-06-02 23:42:54,698 - Name: 26, Distance: 0.7075746059417725
2024-06-02 23:42:54,752 - 17 result:
2024-06-02 23:42:54,752 - Name: 17, Distance: 0.9988661408424377
2024-06-02 23:42:54,752 - Name: 40, Distance: 1.0005296468734741
2024-06-02 23:42:54,752 - Name: 13, Distance: 1.1026101112365723
2024-06-02 23:42:54,752 - Name: 40, Distance: 1.1088522672653198
2024-06-02 23:42:54,752 - Name: 40, Distance: 1.114275574684143
2024-06-02 23:42:54,854 - 18 result:
2024-06-02 23:42:54,854 - Name: 14, Distance: 0.864946722984314
2024-06-02 23:42:54,854 - Name: 18, Distance: 0.8885008692741394
2024-06-02 23:42:54,854 - Name: 18, Distance: 0.9037533402442932
2024-06-02 23:42:54,854 - Name: 18, Distance: 0.9065864682197571
2024-06-02 23:42:54,854 - Name: 31, Distance: 0.9300277233123779
2024-06-02 23:42:55,028 - 19 result:
2024-06-02 23:42:55,029 - Name: 1, Distance: 1.0345211029052734
2024-06-02 23:42:55,029 - Name: 1, Distance: 1.0868326425552368
2024-06-02 23:42:55,029 - Name: 1, Distance: 1.1080200672149658
2024-06-02 23:42:55,029 - Name: 17, Distance: 1.113899827003479
2024-06-02 23:42:55,029 - Name: 53, Distance: 1.1175063848495483
2024-06-02 23:42:55,638 - 2 result:
2024-06-02 23:42:55,639 - Name: 52, Distance: 0.8043423295021057
2024-06-02 23:42:55,639 - Name: 52, Distance: 0.8159466981887817
2024-06-02 23:42:55,639 - Name: 0, Distance: 0.9518473744392395
2024-06-02 23:42:55,639 - Name: 52, Distance: 0.9856926202774048
2024-06-02 23:42:55,639 - Name: 39, Distance: 1.0017170906066895
2024-06-02 23:42:55,694 - 20 result:
2024-06-02 23:42:55,694 - Name: 2, Distance: 0.9259558916091919
2024-06-02 23:42:55,694 - Name: 2, Distance: 0.9887121319770813
2024-06-02 23:42:55,694 - Name: 2, Distance: 1.0020496845245361
2024-06-02 23:42:55,694 - Name: 43, Distance: 1.003083348274231
2024-06-02 23:42:55,694 - Name: 43, Distance: 1.0198911428451538
2024-06-02 23:42:55,926 - 21 result:
2024-06-02 23:42:55,926 - Name: 43, Distance: 0.7950687408447266
2024-06-02 23:42:55,926 - Name: 43, Distance: 0.8664757013320923
2024-06-02 23:42:55,926 - Name: 43, Distance: 0.878872811794281
2024-06-02 23:42:55,926 - Name: 58, Distance: 1.108633041381836
2024-06-02 23:42:55,926 - Name: 58, Distance: 1.1271014213562012
2024-06-02 23:42:56,519 - 22 result:
2024-06-02 23:42:56,520 - Name: 32, Distance: 0.9563680291175842
2024-06-02 23:42:56,520 - Name: 32, Distance: 0.9789578914642334
2024-06-02 23:42:56,520 - Name: 5, Distance: 1.0595422983169556
2024-06-02 23:42:56,520 - Name: 58, Distance: 1.083320140838623
2024-06-02 23:42:56,520 - Name: 54, Distance: 1.0841522216796875
2024-06-02 23:42:56,606 - 23 result:
2024-06-02 23:42:56,607 - Name: 31, Distance: 0.8810346126556396
2024-06-02 23:42:56,607 - Name: 14, Distance: 0.9494840502738953
2024-06-02 23:42:56,607 - Name: 14, Distance: 0.957053542137146
2024-06-02 23:42:56,607 - Name: 33, Distance: 0.9621162414550781
2024-06-02 23:42:56,607 - Name: 31, Distance: 0.9793274998664856
2024-06-02 23:42:56,662 - 24 result:
2024-06-02 23:42:56,662 - Name: 24, Distance: 0.4911935031414032
2024-06-02 23:42:56,662 - Name: 24, Distance: 0.5495115518569946
2024-06-02 23:42:56,662 - Name: 24, Distance: 0.6848685145378113
2024-06-02 23:42:56,663 - Name: 26, Distance: 0.704619824886322
2024-06-02 23:42:56,663 - Name: 28, Distance: 0.76495361328125
2024-06-02 23:42:56,904 - 25 result:
2024-06-02 23:42:56,904 - Name: 26, Distance: 0.7408348321914673
2024-06-02 23:42:56,904 - Name: 26, Distance: 0.7450176477432251
2024-06-02 23:42:56,904 - Name: 26, Distance: 0.7674981951713562
2024-06-02 23:42:56,904 - Name: 25, Distance: 0.7811481356620789
2024-06-02 23:42:56,904 - Name: 27, Distance: 0.7858339548110962
2024-06-02 23:42:57,509 - 26 result:
2024-06-02 23:42:57,510 - Name: 26, Distance: 0.6787681579589844
2024-06-02 23:42:57,510 - Name: 26, Distance: 0.6839059591293335
2024-06-02 23:42:57,510 - Name: 26, Distance: 0.6882872581481934
2024-06-02 23:42:57,510 - Name: 28, Distance: 0.7375919222831726
2024-06-02 23:42:57,510 - Name: 28, Distance: 0.756348192691803
2024-06-02 23:42:57,568 - 27 result:
2024-06-02 23:42:57,568 - Name: 28, Distance: 0.7801879048347473
2024-06-02 23:42:57,569 - Name: 28, Distance: 0.8152831196784973
2024-06-02 23:42:57,569 - Name: 28, Distance: 0.848534345626831
2024-06-02 23:42:57,569 - Name: 27, Distance: 0.8734521865844727
2024-06-02 23:42:57,569 - Name: 26, Distance: 0.9253551363945007
2024-06-02 23:42:57,806 - 28 result:
2024-06-02 23:42:57,806 - Name: 27, Distance: 0.6622483134269714
2024-06-02 23:42:57,807 - Name: 27, Distance: 0.7007615566253662
2024-06-02 23:42:57,807 - Name: 27, Distance: 0.7548937201499939
2024-06-02 23:42:57,807 - Name: 16, Distance: 0.792605459690094
2024-06-02 23:42:57,807 - Name: 30, Distance: 0.7982783317565918
2024-06-02 23:42:58,389 - 29 result:
2024-06-02 23:42:58,390 - Name: 21, Distance: 0.8235378861427307
2024-06-02 23:42:58,390 - Name: 21, Distance: 0.8337443470954895
2024-06-02 23:42:58,390 - Name: 33, Distance: 0.9096484780311584
2024-06-02 23:42:58,390 - Name: 21, Distance: 0.9219197630882263
2024-06-02 23:42:58,390 - Name: 14, Distance: 0.9559059739112854
2024-06-02 23:42:58,469 - 3 result:
2024-06-02 23:42:58,470 - Name: 3, Distance: 0.9166375994682312
2024-06-02 23:42:58,470 - Name: 37, Distance: 0.9302017092704773
2024-06-02 23:42:58,470 - Name: 3, Distance: 0.9582829475402832
2024-06-02 23:42:58,470 - Name: 3, Distance: 0.9716683030128479
2024-06-02 23:42:58,470 - Name: 37, Distance: 0.9730184674263
2024-06-02 23:42:58,701 - 30 result:
2024-06-02 23:42:58,702 - Name: 28, Distance: 0.7093241214752197
2024-06-02 23:42:58,702 - Name: 28, Distance: 0.7766269445419312
2024-06-02 23:42:58,702 - Name: 28, Distance: 0.7773342132568359
2024-06-02 23:42:58,702 - Name: 15, Distance: 0.8559735417366028
2024-06-02 23:42:58,702 - Name: 16, Distance: 0.8852419257164001
2024-06-02 23:42:59,295 - 31 result:
2024-06-02 23:42:59,296 - Name: 14, Distance: 0.927571713924408
2024-06-02 23:42:59,296 - Name: 14, Distance: 0.9880234599113464
2024-06-02 23:42:59,296 - Name: 23, Distance: 0.9961830973625183
2024-06-02 23:42:59,296 - Name: 22, Distance: 1.0777431726455688
2024-06-02 23:42:59,296 - Name: 14, Distance: 1.079542875289917
2024-06-02 23:42:59,377 - 32 result:
2024-06-02 23:42:59,377 - Name: 48, Distance: 1.0235328674316406
2024-06-02 23:42:59,377 - Name: 48, Distance: 1.04825758934021
2024-06-02 23:42:59,377 - Name: 37, Distance: 1.0583359003067017
2024-06-02 23:42:59,377 - Name: 37, Distance: 1.0756268501281738
2024-06-02 23:42:59,378 - Name: 22, Distance: 1.075652837753296
2024-06-02 23:42:59,427 - 33 result:
2024-06-02 23:42:59,427 - Name: 18, Distance: 0.8132324814796448
2024-06-02 23:42:59,427 - Name: 18, Distance: 0.8610092997550964
2024-06-02 23:42:59,427 - Name: 18, Distance: 0.9379426836967468
2024-06-02 23:42:59,427 - Name: 30, Distance: 0.9950473308563232
2024-06-02 23:42:59,427 - Name: 5, Distance: 1.007581114768982
2024-06-02 23:42:59,668 - 34 result:
2024-06-02 23:42:59,668 - Name: 29, Distance: 0.7958853840827942
2024-06-02 23:42:59,668 - Name: 8, Distance: 0.8181521892547607
2024-06-02 23:42:59,668 - Name: 29, Distance: 0.8330569863319397
2024-06-02 23:42:59,668 - Name: 8, Distance: 0.8511562943458557
2024-06-02 23:42:59,668 - Name: 15, Distance: 0.8926708698272705
2024-06-02 23:43:00,252 - 35 result:
2024-06-02 23:43:00,252 - Name: 35, Distance: 0.8284793496131897
2024-06-02 23:43:00,252 - Name: 35, Distance: 0.8804768323898315
2024-06-02 23:43:00,252 - Name: 35, Distance: 0.8840716481208801
2024-06-02 23:43:00,252 - Name: 53, Distance: 1.093458890914917
2024-06-02 23:43:00,252 - Name: 0, Distance: 1.1070365905761719
2024-06-02 23:43:00,331 - 36 result:
2024-06-02 23:43:00,332 - Name: 8, Distance: 0.927801787853241
2024-06-02 23:43:00,332 - Name: 8, Distance: 0.9451122283935547
2024-06-02 23:43:00,332 - Name: 27, Distance: 0.950615644454956
2024-06-02 23:43:00,332 - Name: 8, Distance: 0.9610474109649658
2024-06-02 23:43:00,332 - Name: 27, Distance: 0.9696378111839294
2024-06-02 23:43:00,389 - 37 result:
2024-06-02 23:43:00,389 - Name: 15, Distance: 1.051790714263916
2024-06-02 23:43:00,389 - Name: 30, Distance: 1.0531712770462036
2024-06-02 23:43:00,389 - Name: 35, Distance: 1.0880943536758423
2024-06-02 23:43:00,389 - Name: 35, Distance: 1.0917209386825562
2024-06-02 23:43:00,389 - Name: 45, Distance: 1.1131190061569214
2024-06-02 23:43:00,632 - 38 result:
2024-06-02 23:43:00,633 - Name: 21, Distance: 0.8281255960464478
2024-06-02 23:43:00,633 - Name: 21, Distance: 0.8758235573768616
2024-06-02 23:43:00,633 - Name: 21, Distance: 0.9017605781555176
2024-06-02 23:43:00,633 - Name: 17, Distance: 1.0351827144622803
2024-06-02 23:43:00,633 - Name: 9, Distance: 1.1040596961975098
2024-06-02 23:43:01,243 - 39 result:
2024-06-02 23:43:01,243 - Name: 59, Distance: 0.8884967565536499
2024-06-02 23:43:01,243 - Name: 59, Distance: 0.8894895315170288
2024-06-02 23:43:01,243 - Name: 36, Distance: 0.9107426404953003
2024-06-02 23:43:01,243 - Name: 0, Distance: 0.9192256331443787
2024-06-02 23:43:01,243 - Name: 44, Distance: 0.9195547699928284
2024-06-02 23:43:01,296 - 4 result:
2024-06-02 23:43:01,297 - Name: 48, Distance: 0.875972330570221
2024-06-02 23:43:01,297 - Name: 48, Distance: 0.9276742339134216
2024-06-02 23:43:01,297 - Name: 50, Distance: 1.0123980045318604
2024-06-02 23:43:01,297 - Name: 48, Distance: 1.023023009300232
2024-06-02 23:43:01,297 - Name: 50, Distance: 1.0666115283966064
2024-06-02 23:43:01,360 - 40 result:
2024-06-02 23:43:01,360 - Name: 0, Distance: 0.8996919989585876
2024-06-02 23:43:01,360 - Name: 52, Distance: 0.9097201228141785
2024-06-02 23:43:01,360 - Name: 52, Distance: 0.9102300405502319
2024-06-02 23:43:01,360 - Name: 40, Distance: 0.9748361706733704
2024-06-02 23:43:01,360 - Name: 0, Distance: 0.9896770715713501
2024-06-02 23:43:01,574 - 41 result:
2024-06-02 23:43:01,574 - Name: 27, Distance: 0.9389307498931885
2024-06-02 23:43:01,574 - Name: 27, Distance: 0.9626032710075378
2024-06-02 23:43:01,574 - Name: 8, Distance: 0.9673500061035156
2024-06-02 23:43:01,574 - Name: 27, Distance: 0.9813264608383179
2024-06-02 23:43:01,574 - Name: 8, Distance: 0.9837719798088074
2024-06-02 23:43:02,189 - 42 result:
2024-06-02 23:43:02,189 - Name: 44, Distance: 1.182216763496399
2024-06-02 23:43:02,189 - Name: 55, Distance: 1.1872390508651733
2024-06-02 23:43:02,189 - Name: 44, Distance: 1.1882268190383911
2024-06-02 23:43:02,189 - Name: 17, Distance: 1.189296841621399
2024-06-02 23:43:02,189 - Name: 50, Distance: 1.2027033567428589
2024-06-02 23:43:02,243 - 44 result:
2024-06-02 23:43:02,244 - Name: 42, Distance: 0.8137333989143372
2024-06-02 23:43:02,244 - Name: 59, Distance: 0.8956590294837952
2024-06-02 23:43:02,244 - Name: 36, Distance: 0.9747910499572754
2024-06-02 23:43:02,244 - Name: 45, Distance: 0.9946711659431458
2024-06-02 23:43:02,244 - Name: 42, Distance: 1.0004093647003174
2024-06-02 23:43:02,297 - 45 result:
2024-06-02 23:43:02,297 - Name: 42, Distance: 0.7930602431297302
2024-06-02 23:43:02,297 - Name: 42, Distance: 0.929951548576355
2024-06-02 23:43:02,298 - Name: 42, Distance: 0.9439979195594788
2024-06-02 23:43:02,298 - Name: 53, Distance: 0.9455031752586365
2024-06-02 23:43:02,298 - Name: 53, Distance: 1.0374895334243774
2024-06-02 23:43:02,532 - 46 result:
2024-06-02 23:43:02,532 - Name: 41, Distance: 0.7797174453735352
2024-06-02 23:43:02,532 - Name: 41, Distance: 0.8108510971069336
2024-06-02 23:43:02,532 - Name: 0, Distance: 0.8849183917045593
2024-06-02 23:43:02,532 - Name: 4, Distance: 0.8851816654205322
2024-06-02 23:43:02,532 - Name: 59, Distance: 0.8945226073265076
2024-06-02 23:43:03,114 - 47 result:
2024-06-02 23:43:03,114 - Name: 53, Distance: 0.7374184131622314
2024-06-02 23:43:03,114 - Name: 59, Distance: 0.7517493963241577
2024-06-02 23:43:03,114 - Name: 45, Distance: 0.7895155549049377
2024-06-02 23:43:03,114 - Name: 53, Distance: 0.8208091855049133
2024-06-02 23:43:03,114 - Name: 45, Distance: 0.8606541752815247
2024-06-02 23:43:03,210 - 48 result:
2024-06-02 23:43:03,210 - Name: 48, Distance: 0.9702584743499756
2024-06-02 23:43:03,210 - Name: 48, Distance: 0.9794501662254333
2024-06-02 23:43:03,210 - Name: 59, Distance: 1.0922226905822754
2024-06-02 23:43:03,210 - Name: 48, Distance: 1.0976104736328125
2024-06-02 23:43:03,210 - Name: 46, Distance: 1.1113468408584595
2024-06-02 23:43:03,266 - 5 result:
2024-06-02 23:43:03,266 - Name: 5, Distance: 0.8687669038772583
2024-06-02 23:43:03,266 - Name: 5, Distance: 0.9021374583244324
2024-06-02 23:43:03,266 - Name: 20, Distance: 1.0028640031814575
2024-06-02 23:43:03,267 - Name: 5, Distance: 1.009966492652893
2024-06-02 23:43:03,267 - Name: 18, Distance: 1.0226325988769531
2024-06-02 23:43:03,499 - 50 result:
2024-06-02 23:43:03,499 - Name: 9, Distance: 0.8473590612411499
2024-06-02 23:43:03,499 - Name: 50, Distance: 0.9581747651100159
2024-06-02 23:43:03,499 - Name: 21, Distance: 1.0469650030136108
2024-06-02 23:43:03,500 - Name: 50, Distance: 1.0528126955032349
2024-06-02 23:43:03,500 - Name: 32, Distance: 1.0532891750335693
2024-06-02 23:43:03,555 - 51 result:
2024-06-02 23:43:03,556 - Name: 57, Distance: 0.7902569770812988
2024-06-02 23:43:03,556 - Name: 57, Distance: 0.8681700825691223
2024-06-02 23:43:03,556 - Name: 50, Distance: 1.0318255424499512
2024-06-02 23:43:03,556 - Name: 52, Distance: 1.0552352666854858
2024-06-02 23:43:03,556 - Name: 57, Distance: 1.0675917863845825
2024-06-02 23:43:04,151 - 52 result:
2024-06-02 23:43:04,151 - Name: 26, Distance: 0.9648507237434387
2024-06-02 23:43:04,151 - Name: 26, Distance: 0.9772650003433228
2024-06-02 23:43:04,151 - Name: 28, Distance: 1.0078778266906738
2024-06-02 23:43:04,151 - Name: 28, Distance: 1.0078929662704468
2024-06-02 23:43:04,151 - Name: 26, Distance: 1.012258529663086
2024-06-02 23:43:04,205 - 53 result:
2024-06-02 23:43:04,205 - Name: 59, Distance: 0.9564623236656189
2024-06-02 23:43:04,205 - Name: 40, Distance: 0.9810189008712769
2024-06-02 23:43:04,205 - Name: 54, Distance: 0.9841278195381165
2024-06-02 23:43:04,205 - Name: 47, Distance: 1.0053552389144897
2024-06-02 23:43:04,205 - Name: 52, Distance: 1.006041169166565
2024-06-02 23:43:04,435 - 54 result:
2024-06-02 23:43:04,435 - Name: 54, Distance: 0.9979281425476074
2024-06-02 23:43:04,435 - Name: 54, Distance: 1.012568473815918
2024-06-02 23:43:04,435 - Name: 52, Distance: 1.0350306034088135
2024-06-02 23:43:04,435 - Name: 52, Distance: 1.0357253551483154
2024-06-02 23:43:04,435 - Name: 59, Distance: 1.1093922853469849
2024-06-02 23:43:05,029 - 55 result:
2024-06-02 23:43:05,029 - Name: 55, Distance: 0.8899425864219666
2024-06-02 23:43:05,029 - Name: 55, Distance: 1.0554956197738647
2024-06-02 23:43:05,029 - Name: 55, Distance: 1.0786242485046387
2024-06-02 23:43:05,029 - Name: 47, Distance: 1.0802950859069824
2024-06-02 23:43:05,029 - Name: 3, Distance: 1.0847148895263672
2024-06-02 23:43:05,121 - 56 result:
2024-06-02 23:43:05,121 - Name: 45, Distance: 0.7679122686386108
2024-06-02 23:43:05,121 - Name: 45, Distance: 0.7932987213134766
2024-06-02 23:43:05,121 - Name: 45, Distance: 0.8112008571624756
2024-06-02 23:43:05,121 - Name: 4, Distance: 0.9282143712043762
2024-06-02 23:43:05,121 - Name: 46, Distance: 0.945151686668396
2024-06-02 23:43:05,178 - 57 result:
2024-06-02 23:43:05,178 - Name: 58, Distance: 0.6911529302597046
2024-06-02 23:43:05,178 - Name: 58, Distance: 0.8214846253395081
2024-06-02 23:43:05,178 - Name: 0, Distance: 0.9416289925575256
2024-06-02 23:43:05,178 - Name: 3, Distance: 1.0424072742462158
2024-06-02 23:43:05,178 - Name: 3, Distance: 1.0569045543670654
2024-06-02 23:43:05,406 - 58 result:
2024-06-02 23:43:05,406 - Name: 58, Distance: 0.7804913520812988
2024-06-02 23:43:05,406 - Name: 58, Distance: 0.8465393781661987
2024-06-02 23:43:05,406 - Name: 58, Distance: 0.883023202419281
2024-06-02 23:43:05,407 - Name: 47, Distance: 0.9376031756401062
2024-06-02 23:43:05,407 - Name: 2, Distance: 0.9831634759902954
2024-06-02 23:43:05,992 - 59 result:
2024-06-02 23:43:05,993 - Name: 57, Distance: 0.7714887261390686
2024-06-02 23:43:05,993 - Name: 57, Distance: 0.8715867400169373
2024-06-02 23:43:05,993 - Name: 58, Distance: 0.9817365407943726
2024-06-02 23:43:05,993 - Name: 41, Distance: 0.9858496785163879
2024-06-02 23:43:05,993 - Name: 57, Distance: 1.0574462413787842
2024-06-02 23:43:06,074 - 6 result:
2024-06-02 23:43:06,075 - Name: 24, Distance: 0.9948717355728149
2024-06-02 23:43:06,075 - Name: 30, Distance: 1.0134928226470947
2024-06-02 23:43:06,075 - Name: 24, Distance: 1.0146009922027588
2024-06-02 23:43:06,075 - Name: 27, Distance: 1.024088740348816
2024-06-02 23:43:06,075 - Name: 24, Distance: 1.0252442359924316
2024-06-02 23:43:06,309 - 7 result:
2024-06-02 23:43:06,309 - Name: 33, Distance: 0.9579087495803833
2024-06-02 23:43:06,309 - Name: 19, Distance: 1.0196608304977417
2024-06-02 23:43:06,309 - Name: 14, Distance: 1.024100422859192
2024-06-02 23:43:06,309 - Name: 12, Distance: 1.0317535400390625
2024-06-02 23:43:06,309 - Name: 33, Distance: 1.0372328758239746
2024-06-02 23:43:06,907 - 8 result:
2024-06-02 23:43:06,907 - Name: 8, Distance: 0.7396085858345032
2024-06-02 23:43:06,907 - Name: 8, Distance: 0.7662996053695679
2024-06-02 23:43:06,907 - Name: 27, Distance: 0.8518500328063965
2024-06-02 23:43:06,907 - Name: 8, Distance: 0.8663333654403687
2024-06-02 23:43:06,907 - Name: 26, Distance: 0.9014500379562378
2024-06-02 23:43:06,990 - 9 result:
2024-06-02 23:43:06,990 - Name: 12, Distance: 1.1154816150665283
2024-06-02 23:43:06,991 - Name: 31, Distance: 1.131346583366394
2024-06-02 23:43:06,991 - Name: 50, Distance: 1.1455615758895874
2024-06-02 23:43:06,991 - Name: 50, Distance: 1.1890604496002197
2024-06-02 23:43:06,991 - Name: 12, Distance: 1.192591905593872
2024-06-02 23:43:07,064 - Total samples: 58
2024-06-02 23:43:07,064 - Correct predictions: 22
2024-06-02 23:43:07,064 - Incorrect predictions: 36
2024-06-02 23:43:07,064 - Accuracy: 37.93%
2024-06-02 23:43:07,064 - Correctly predicted classes:
2024-06-02 23:43:07,064 - 48: 1
2024-06-02 23:43:07,065 - 1: 1
2024-06-02 23:43:07,065 - 17: 1
2024-06-02 23:43:07,065 - 13: 1
2024-06-02 23:43:07,065 - 26: 1
2024-06-02 23:43:07,065 - 24: 1
2024-06-02 23:43:07,065 - 54: 1
2024-06-02 23:43:07,065 - 3: 1
2024-06-02 23:43:07,065 - 25: 1
2024-06-02 23:43:07,066 - 18: 1
2024-06-02 23:43:07,066 - 5: 1
2024-06-02 23:43:07,066 - 12: 1
2024-06-02 23:43:07,066 - 50: 1
2024-06-02 23:43:07,066 - 55: 1
2024-06-02 23:43:07,066 - 8: 1
2024-06-02 23:43:07,066 - 0: 1
2024-06-02 23:43:07,066 - 16: 1
2024-06-02 23:43:07,066 - 40: 1
2024-06-02 23:43:07,067 - 35: 1
2024-06-02 23:43:07,067 - 27: 1
2024-06-02 23:43:07,067 - 58: 1
2024-06-02 23:43:07,067 - 14: 1
2024-06-02 23:43:07,067 - Incorrectly predicted classes:
2024-06-02 23:43:07,067 - 10: 1
2024-06-02 23:43:07,067 - 37: 1
2024-06-02 23:43:07,067 - 39: 1
2024-06-02 23:43:07,068 - 7: 1
2024-06-02 23:43:07,068 - 32: 1
2024-06-02 23:43:07,068 - 51: 1
2024-06-02 23:43:07,068 - 56: 1
2024-06-02 23:43:07,068 - 33: 1
2024-06-02 23:43:07,068 - 11: 1
2024-06-02 23:43:07,068 - 57: 1
2024-06-02 23:43:07,068 - 38: 1
2024-06-02 23:43:07,068 - 19: 1
2024-06-02 23:43:07,069 - 41: 1
2024-06-02 23:43:07,069 - 30: 1
2024-06-02 23:43:07,069 - 9: 1
2024-06-02 23:43:07,069 - 6: 1
2024-06-02 23:43:07,069 - 23: 1
2024-06-02 23:43:07,069 - 21: 1
2024-06-02 23:43:07,069 - 15: 1
2024-06-02 23:43:07,069 - 45: 1
2024-06-02 23:43:07,069 - 36: 1
2024-06-02 23:43:07,069 - 29: 1
2024-06-02 23:43:07,070 - 59: 1
2024-06-02 23:43:07,070 - 47: 1
2024-06-02 23:43:07,070 - 22: 1
2024-06-02 23:43:07,070 - 42: 1
2024-06-02 23:43:07,070 - 46: 1
2024-06-02 23:43:07,070 - 20: 1
2024-06-02 23:43:07,070 - 4: 1
2024-06-02 23:43:07,070 - 52: 1
2024-06-02 23:43:07,071 - 31: 1
2024-06-02 23:43:07,071 - 2: 1
2024-06-02 23:43:07,071 - 44: 1
2024-06-02 23:43:07,071 - 53: 1
2024-06-02 23:43:07,071 - 28: 1
2024-06-02 23:43:07,071 - 34: 1
