2024-06-02 22:54:23,914 - test_dir : ./Face_Dataset/Test
2024-06-02 22:54:23,915 - pretrained : work_dir/FaceNet_finetuning_Random_Batch_FNP_CE_Fusion_20_32/FaceNet_finetuning_Random_Batch_FNP_CE_Fusion_20_32_deepfake.pth
2024-06-02 22:54:23,915 - model_name : FaceNet_finetuning_Random_Batch_FNP_CE_Fusion
2024-06-02 22:55:15,906 - 0 result:
2024-06-02 22:55:15,907 - Name: 2, Distance: 0.9798237085342407
2024-06-02 22:55:15,907 - Name: 0, Distance: 1.0071234703063965
2024-06-02 22:55:15,907 - Name: 0, Distance: 1.074138879776001
2024-06-02 22:55:15,907 - Name: 55, Distance: 1.0747414827346802
2024-06-02 22:55:15,907 - Name: 2, Distance: 1.0847384929656982
2024-06-02 22:55:15,961 - 1 result:
2024-06-02 22:55:15,961 - Name: 0, Distance: 1.0417914390563965
2024-06-02 22:55:15,961 - Name: 52, Distance: 1.048974871635437
2024-06-02 22:55:15,961 - Name: 0, Distance: 1.0540854930877686
2024-06-02 22:55:15,961 - Name: 52, Distance: 1.0588655471801758
2024-06-02 22:55:15,961 - Name: 0, Distance: 1.0709611177444458
2024-06-02 22:55:16,197 - 10 result:
2024-06-02 22:55:16,197 - Name: 43, Distance: 0.8715035319328308
2024-06-02 22:55:16,197 - Name: 43, Distance: 0.8740085959434509
2024-06-02 22:55:16,197 - Name: 43, Distance: 0.8902371525764465
2024-06-02 22:55:16,197 - Name: 14, Distance: 0.947149395942688
2024-06-02 22:55:16,197 - Name: 14, Distance: 1.0030783414840698
2024-06-02 22:55:16,791 - 11 result:
2024-06-02 22:55:16,792 - Name: 45, Distance: 0.7741056084632874
2024-06-02 22:55:16,792 - Name: 45, Distance: 0.8815197348594666
2024-06-02 22:55:16,792 - Name: 45, Distance: 0.9370090365409851
2024-06-02 22:55:16,792 - Name: 42, Distance: 1.1029784679412842
2024-06-02 22:55:16,792 - Name: 42, Distance: 1.105283498764038
2024-06-02 22:55:16,870 - 12 result:
2024-06-02 22:55:16,870 - Name: 12, Distance: 0.8903337717056274
2024-06-02 22:55:16,870 - Name: 12, Distance: 0.9781498312950134
2024-06-02 22:55:16,871 - Name: 12, Distance: 0.9985964894294739
2024-06-02 22:55:16,871 - Name: 15, Distance: 1.0576180219650269
2024-06-02 22:55:16,871 - Name: 7, Distance: 1.1009994745254517
2024-06-02 22:55:16,922 - 13 result:
2024-06-02 22:55:16,922 - Name: 13, Distance: 0.0
2024-06-02 22:55:16,922 - Name: 13, Distance: 0.2834394872188568
2024-06-02 22:55:16,922 - Name: 13, Distance: 0.43210962414741516
2024-06-02 22:55:16,922 - Name: 19, Distance: 1.129090666770935
2024-06-02 22:55:16,922 - Name: 39, Distance: 1.1570392847061157
2024-06-02 22:55:17,160 - 14 result:
2024-06-02 22:55:17,161 - Name: 52, Distance: 1.0440467596054077
2024-06-02 22:55:17,161 - Name: 43, Distance: 1.0508748292922974
2024-06-02 22:55:17,161 - Name: 23, Distance: 1.0554094314575195
2024-06-02 22:55:17,161 - Name: 23, Distance: 1.0562191009521484
2024-06-02 22:55:17,161 - Name: 52, Distance: 1.0721523761749268
2024-06-02 22:55:17,767 - 15 result:
2024-06-02 22:55:17,767 - Name: 28, Distance: 0.8164840936660767
2024-06-02 22:55:17,767 - Name: 28, Distance: 0.8538647890090942
2024-06-02 22:55:17,767 - Name: 28, Distance: 0.8570020198822021
2024-06-02 22:55:17,767 - Name: 30, Distance: 1.0486544370651245
2024-06-02 22:55:17,767 - Name: 30, Distance: 1.061964511871338
2024-06-02 22:55:17,818 - 16 result:
2024-06-02 22:55:17,819 - Name: 16, Distance: 0.7470252513885498
2024-06-02 22:55:17,819 - Name: 16, Distance: 0.8087401986122131
2024-06-02 22:55:17,819 - Name: 16, Distance: 0.8395180106163025
2024-06-02 22:55:17,819 - Name: 26, Distance: 0.8623409271240234
2024-06-02 22:55:17,819 - Name: 26, Distance: 0.9145559072494507
2024-06-02 22:55:17,873 - 17 result:
2024-06-02 22:55:17,874 - Name: 40, Distance: 0.9966108202934265
2024-06-02 22:55:17,874 - Name: 13, Distance: 1.0323116779327393
2024-06-02 22:55:17,874 - Name: 13, Distance: 1.0386308431625366
2024-06-02 22:55:17,874 - Name: 3, Distance: 1.0804778337478638
2024-06-02 22:55:17,874 - Name: 17, Distance: 1.107198715209961
2024-06-02 22:55:18,120 - 18 result:
2024-06-02 22:55:18,120 - Name: 5, Distance: 1.01822829246521
2024-06-02 22:55:18,120 - Name: 18, Distance: 1.0236400365829468
2024-06-02 22:55:18,120 - Name: 14, Distance: 1.039141058921814
2024-06-02 22:55:18,120 - Name: 18, Distance: 1.0574989318847656
2024-06-02 22:55:18,120 - Name: 18, Distance: 1.0603035688400269
2024-06-02 22:55:18,742 - 19 result:
2024-06-02 22:55:18,743 - Name: 1, Distance: 0.9306245446205139
2024-06-02 22:55:18,743 - Name: 1, Distance: 0.9577422738075256
2024-06-02 22:55:18,743 - Name: 1, Distance: 0.996777355670929
2024-06-02 22:55:18,743 - Name: 53, Distance: 1.0892133712768555
2024-06-02 22:55:18,743 - Name: 28, Distance: 1.1098649501800537
2024-06-02 22:55:18,796 - 2 result:
2024-06-02 22:55:18,796 - Name: 52, Distance: 0.9050527811050415
2024-06-02 22:55:18,796 - Name: 52, Distance: 0.9169365167617798
2024-06-02 22:55:18,797 - Name: 52, Distance: 0.9756650328636169
2024-06-02 22:55:18,797 - Name: 2, Distance: 0.9881901144981384
2024-06-02 22:55:18,797 - Name: 2, Distance: 1.0082610845565796
2024-06-02 22:55:18,846 - 20 result:
2024-06-02 22:55:18,846 - Name: 20, Distance: 0.9282987713813782
2024-06-02 22:55:18,846 - Name: 20, Distance: 0.9925798773765564
2024-06-02 22:55:18,846 - Name: 2, Distance: 1.0159111022949219
2024-06-02 22:55:18,846 - Name: 2, Distance: 1.0316051244735718
2024-06-02 22:55:18,846 - Name: 43, Distance: 1.061000943183899
2024-06-02 22:55:19,087 - 21 result:
2024-06-02 22:55:19,087 - Name: 10, Distance: 0.9810237884521484
2024-06-02 22:55:19,088 - Name: 43, Distance: 0.9868684411048889
2024-06-02 22:55:19,088 - Name: 10, Distance: 1.0104155540466309
2024-06-02 22:55:19,088 - Name: 5, Distance: 1.0170775651931763
2024-06-02 22:55:19,088 - Name: 14, Distance: 1.0386412143707275
2024-06-02 22:55:19,807 - 22 result:
2024-06-02 22:55:19,808 - Name: 32, Distance: 0.8986965417861938
2024-06-02 22:55:19,808 - Name: 32, Distance: 0.9410321712493896
2024-06-02 22:55:19,808 - Name: 58, Distance: 0.9575262665748596
2024-06-02 22:55:19,808 - Name: 58, Distance: 0.995305597782135
2024-06-02 22:55:19,808 - Name: 12, Distance: 0.9980547428131104
2024-06-02 22:55:20,853 - 23 result:
2024-06-02 22:55:20,853 - Name: 12, Distance: 0.9857357740402222
2024-06-02 22:55:20,853 - Name: 12, Distance: 0.9970723986625671
2024-06-02 22:55:20,853 - Name: 31, Distance: 1.0065866708755493
2024-06-02 22:55:20,853 - Name: 12, Distance: 1.0071648359298706
2024-06-02 22:55:20,853 - Name: 29, Distance: 1.0152673721313477
2024-06-02 22:55:21,311 - 24 result:
2024-06-02 22:55:21,312 - Name: 24, Distance: 0.5880544185638428
2024-06-02 22:55:21,312 - Name: 24, Distance: 0.6246001720428467
2024-06-02 22:55:21,312 - Name: 24, Distance: 0.6431477665901184
2024-06-02 22:55:21,312 - Name: 26, Distance: 0.8459888100624084
2024-06-02 22:55:21,312 - Name: 26, Distance: 0.908860981464386
2024-06-02 22:55:22,143 - 25 result:
2024-06-02 22:55:22,143 - Name: 25, Distance: 1.0001006126403809
2024-06-02 22:55:22,143 - Name: 28, Distance: 1.009795069694519
2024-06-02 22:55:22,143 - Name: 26, Distance: 1.0200268030166626
2024-06-02 22:55:22,143 - Name: 26, Distance: 1.0370820760726929
2024-06-02 22:55:22,143 - Name: 26, Distance: 1.0613181591033936
2024-06-02 22:55:23,226 - 26 result:
2024-06-02 22:55:23,226 - Name: 28, Distance: 0.8372959494590759
2024-06-02 22:55:23,226 - Name: 28, Distance: 0.8542861342430115
2024-06-02 22:55:23,226 - Name: 28, Distance: 0.8933016657829285
2024-06-02 22:55:23,226 - Name: 16, Distance: 0.9527938961982727
2024-06-02 22:55:23,226 - Name: 16, Distance: 0.9828082919120789
2024-06-02 22:55:24,089 - 27 result:
2024-06-02 22:55:24,089 - Name: 28, Distance: 0.9001522660255432
2024-06-02 22:55:24,089 - Name: 28, Distance: 0.9196810722351074
2024-06-02 22:55:24,089 - Name: 28, Distance: 0.9404219388961792
2024-06-02 22:55:24,089 - Name: 26, Distance: 1.0842640399932861
2024-06-02 22:55:24,089 - Name: 26, Distance: 1.088151454925537
2024-06-02 22:55:24,498 - 28 result:
2024-06-02 22:55:24,499 - Name: 27, Distance: 0.9929983615875244
2024-06-02 22:55:24,499 - Name: 30, Distance: 1.0033831596374512
2024-06-02 22:55:24,499 - Name: 30, Distance: 1.0266194343566895
2024-06-02 22:55:24,499 - Name: 27, Distance: 1.0310674905776978
2024-06-02 22:55:24,499 - Name: 27, Distance: 1.0419864654541016
2024-06-02 22:55:25,333 - 29 result:
2024-06-02 22:55:25,333 - Name: 21, Distance: 0.7231491208076477
2024-06-02 22:55:25,333 - Name: 21, Distance: 0.7484683394432068
2024-06-02 22:55:25,333 - Name: 21, Distance: 0.8014636635780334
2024-06-02 22:55:25,334 - Name: 19, Distance: 1.1817072629928589
2024-06-02 22:55:25,334 - Name: 19, Distance: 1.1902532577514648
2024-06-02 22:55:26,279 - 3 result:
2024-06-02 22:55:26,280 - Name: 3, Distance: 0.751079261302948
2024-06-02 22:55:26,280 - Name: 3, Distance: 0.7717045545578003
2024-06-02 22:55:26,280 - Name: 3, Distance: 0.8744385838508606
2024-06-02 22:55:26,280 - Name: 20, Distance: 0.9560346007347107
2024-06-02 22:55:26,280 - Name: 20, Distance: 0.963066816329956
2024-06-02 22:55:27,221 - 30 result:
2024-06-02 22:55:27,221 - Name: 28, Distance: 0.8135111927986145
2024-06-02 22:55:27,221 - Name: 28, Distance: 0.8287930488586426
2024-06-02 22:55:27,221 - Name: 28, Distance: 0.8559048175811768
2024-06-02 22:55:27,221 - Name: 15, Distance: 0.976478099822998
2024-06-02 22:55:27,221 - Name: 15, Distance: 0.9960364699363708
2024-06-02 22:55:28,141 - 31 result:
2024-06-02 22:55:28,141 - Name: 53, Distance: 1.0802667140960693
2024-06-02 22:55:28,141 - Name: 14, Distance: 1.1090713739395142
2024-06-02 22:55:28,141 - Name: 14, Distance: 1.1424181461334229
2024-06-02 22:55:28,141 - Name: 31, Distance: 1.1537631750106812
2024-06-02 22:55:28,141 - Name: 53, Distance: 1.156198501586914
2024-06-02 22:55:28,592 - 32 result:
2024-06-02 22:55:28,592 - Name: 22, Distance: 0.9429792165756226
2024-06-02 22:55:28,592 - Name: 22, Distance: 0.9712333083152771
2024-06-02 22:55:28,592 - Name: 1, Distance: 0.9854538440704346
2024-06-02 22:55:28,592 - Name: 22, Distance: 0.9964295029640198
2024-06-02 22:55:28,592 - Name: 1, Distance: 1.0149734020233154
2024-06-02 22:55:29,516 - 33 result:
2024-06-02 22:55:29,516 - Name: 10, Distance: 0.9309965372085571
2024-06-02 22:55:29,516 - Name: 14, Distance: 0.9847601056098938
2024-06-02 22:55:29,516 - Name: 10, Distance: 1.0209934711456299
2024-06-02 22:55:29,516 - Name: 10, Distance: 1.0284733772277832
2024-06-02 22:55:29,516 - Name: 18, Distance: 1.0430073738098145
2024-06-02 22:55:30,292 - 34 result:
2024-06-02 22:55:30,292 - Name: 29, Distance: 0.6131525039672852
2024-06-02 22:55:30,292 - Name: 29, Distance: 0.6869928240776062
2024-06-02 22:55:30,292 - Name: 29, Distance: 0.6872185468673706
2024-06-02 22:55:30,292 - Name: 8, Distance: 0.8771952390670776
2024-06-02 22:55:30,292 - Name: 8, Distance: 0.950738251209259
2024-06-02 22:55:31,240 - 35 result:
2024-06-02 22:55:31,240 - Name: 35, Distance: 0.9061987400054932
2024-06-02 22:55:31,240 - Name: 35, Distance: 0.9253906607627869
2024-06-02 22:55:31,241 - Name: 35, Distance: 0.9286796450614929
2024-06-02 22:55:31,241 - Name: 30, Distance: 0.9560298323631287
2024-06-02 22:55:31,241 - Name: 30, Distance: 1.000133752822876
2024-06-02 22:55:32,193 - 36 result:
2024-06-02 22:55:32,193 - Name: 8, Distance: 1.0030888319015503
2024-06-02 22:55:32,193 - Name: 8, Distance: 1.0385618209838867
2024-06-02 22:55:32,193 - Name: 8, Distance: 1.0601494312286377
2024-06-02 22:55:32,194 - Name: 36, Distance: 1.0782928466796875
2024-06-02 22:55:32,194 - Name: 52, Distance: 1.0957890748977661
2024-06-02 22:55:33,111 - 37 result:
2024-06-02 22:55:33,111 - Name: 45, Distance: 1.0725024938583374
2024-06-02 22:55:33,111 - Name: 28, Distance: 1.0763399600982666
2024-06-02 22:55:33,111 - Name: 35, Distance: 1.0809756517410278
2024-06-02 22:55:33,112 - Name: 35, Distance: 1.0958095788955688
2024-06-02 22:55:33,112 - Name: 18, Distance: 1.1014946699142456
2024-06-02 22:55:33,969 - 38 result:
2024-06-02 22:55:33,969 - Name: 21, Distance: 0.896628201007843
2024-06-02 22:55:33,969 - Name: 21, Distance: 0.8976190686225891
2024-06-02 22:55:33,969 - Name: 21, Distance: 0.9286321997642517
2024-06-02 22:55:33,969 - Name: 55, Distance: 1.0404582023620605
2024-06-02 22:55:33,969 - Name: 55, Distance: 1.0645902156829834
2024-06-02 22:55:34,487 - 39 result:
2024-06-02 22:55:34,488 - Name: 36, Distance: 1.027129054069519
2024-06-02 22:55:34,488 - Name: 36, Distance: 1.0623794794082642
2024-06-02 22:55:34,488 - Name: 13, Distance: 1.1068137884140015
2024-06-02 22:55:34,488 - Name: 46, Distance: 1.1139392852783203
2024-06-02 22:55:34,488 - Name: 13, Distance: 1.1170397996902466
2024-06-02 22:55:35,318 - 4 result:
2024-06-02 22:55:35,318 - Name: 52, Distance: 1.101332187652588
2024-06-02 22:55:35,318 - Name: 52, Distance: 1.1100207567214966
2024-06-02 22:55:35,318 - Name: 48, Distance: 1.131468415260315
2024-06-02 22:55:35,319 - Name: 52, Distance: 1.1361256837844849
2024-06-02 22:55:35,319 - Name: 2, Distance: 1.1394847631454468
2024-06-02 22:55:36,184 - 40 result:
2024-06-02 22:55:36,184 - Name: 0, Distance: 0.9126874208450317
2024-06-02 22:55:36,184 - Name: 0, Distance: 0.9245350360870361
2024-06-02 22:55:36,184 - Name: 0, Distance: 0.9272691011428833
2024-06-02 22:55:36,184 - Name: 24, Distance: 1.0455187559127808
2024-06-02 22:55:36,184 - Name: 24, Distance: 1.0488821268081665
2024-06-02 22:55:37,122 - 41 result:
2024-06-02 22:55:37,123 - Name: 44, Distance: 0.9929072856903076
2024-06-02 22:55:37,123 - Name: 45, Distance: 1.0027745962142944
2024-06-02 22:55:37,123 - Name: 45, Distance: 1.0136168003082275
2024-06-02 22:55:37,123 - Name: 8, Distance: 1.0138847827911377
2024-06-02 22:55:37,123 - Name: 45, Distance: 1.0198020935058594
2024-06-02 22:55:38,058 - 42 result:
2024-06-02 22:55:38,058 - Name: 53, Distance: 1.081437110900879
2024-06-02 22:55:38,058 - Name: 53, Distance: 1.0920482873916626
2024-06-02 22:55:38,058 - Name: 44, Distance: 1.0926871299743652
2024-06-02 22:55:38,058 - Name: 55, Distance: 1.1113429069519043
2024-06-02 22:55:38,058 - Name: 44, Distance: 1.1188896894454956
2024-06-02 22:55:38,988 - 44 result:
2024-06-02 22:55:38,988 - Name: 42, Distance: 0.6862716674804688
2024-06-02 22:55:38,988 - Name: 42, Distance: 0.7007299661636353
2024-06-02 22:55:38,988 - Name: 42, Distance: 0.7340793609619141
2024-06-02 22:55:38,988 - Name: 56, Distance: 1.0615016222000122
2024-06-02 22:55:38,988 - Name: 56, Distance: 1.1025182008743286
2024-06-02 22:55:39,901 - 45 result:
2024-06-02 22:55:39,902 - Name: 42, Distance: 0.8661074638366699
2024-06-02 22:55:39,902 - Name: 42, Distance: 0.9536877274513245
2024-06-02 22:55:39,902 - Name: 42, Distance: 0.9737752676010132
2024-06-02 22:55:39,902 - Name: 31, Distance: 1.0496575832366943
2024-06-02 22:55:39,902 - Name: 31, Distance: 1.082611322402954
2024-06-02 22:55:40,825 - 46 result:
2024-06-02 22:55:40,825 - Name: 43, Distance: 0.9323467016220093
2024-06-02 22:55:40,825 - Name: 43, Distance: 0.9436503648757935
2024-06-02 22:55:40,825 - Name: 43, Distance: 0.9446505308151245
2024-06-02 22:55:40,825 - Name: 4, Distance: 1.0158603191375732
2024-06-02 22:55:40,825 - Name: 58, Distance: 1.0161800384521484
2024-06-02 22:55:41,735 - 47 result:
2024-06-02 22:55:41,736 - Name: 45, Distance: 0.9768090844154358
2024-06-02 22:55:41,736 - Name: 45, Distance: 1.0209507942199707
2024-06-02 22:55:41,736 - Name: 45, Distance: 1.0244559049606323
2024-06-02 22:55:41,736 - Name: 59, Distance: 1.0937082767486572
2024-06-02 22:55:41,736 - Name: 42, Distance: 1.095467209815979
2024-06-02 22:55:42,208 - 48 result:
2024-06-02 22:55:42,209 - Name: 9, Distance: 1.1221140623092651
2024-06-02 22:55:42,209 - Name: 36, Distance: 1.1361178159713745
2024-06-02 22:55:42,209 - Name: 36, Distance: 1.136429786682129
2024-06-02 22:55:42,209 - Name: 0, Distance: 1.140248417854309
2024-06-02 22:55:42,209 - Name: 0, Distance: 1.1591134071350098
2024-06-02 22:55:42,980 - 5 result:
2024-06-02 22:55:42,980 - Name: 5, Distance: 0.8857915997505188
2024-06-02 22:55:42,980 - Name: 5, Distance: 0.963283121585846
2024-06-02 22:55:42,981 - Name: 5, Distance: 1.0237945318222046
2024-06-02 22:55:42,981 - Name: 17, Distance: 1.114296793937683
2024-06-02 22:55:42,981 - Name: 50, Distance: 1.131182312965393
2024-06-02 22:55:43,922 - 50 result:
2024-06-02 22:55:43,922 - Name: 9, Distance: 0.9938530921936035
2024-06-02 22:55:43,922 - Name: 50, Distance: 1.0039929151535034
2024-06-02 22:55:43,922 - Name: 23, Distance: 1.0266451835632324
2024-06-02 22:55:43,922 - Name: 55, Distance: 1.0328730344772339
2024-06-02 22:55:43,922 - Name: 9, Distance: 1.0533690452575684
2024-06-02 22:55:44,867 - 51 result:
2024-06-02 22:55:44,867 - Name: 57, Distance: 0.756484866142273
2024-06-02 22:55:44,867 - Name: 57, Distance: 0.8174448609352112
2024-06-02 22:55:44,868 - Name: 57, Distance: 0.8383755087852478
2024-06-02 22:55:44,868 - Name: 38, Distance: 1.084773302078247
2024-06-02 22:55:44,868 - Name: 50, Distance: 1.114536166191101
2024-06-02 22:55:45,798 - 52 result:
2024-06-02 22:55:45,798 - Name: 28, Distance: 1.0374571084976196
2024-06-02 22:55:45,798 - Name: 28, Distance: 1.0412110090255737
2024-06-02 22:55:45,798 - Name: 28, Distance: 1.0471892356872559
2024-06-02 22:55:45,798 - Name: 36, Distance: 1.0592377185821533
2024-06-02 22:55:45,798 - Name: 36, Distance: 1.0641404390335083
2024-06-02 22:55:46,725 - 53 result:
2024-06-02 22:55:46,726 - Name: 54, Distance: 0.8837364315986633
2024-06-02 22:55:46,726 - Name: 54, Distance: 0.9219273328781128
2024-06-02 22:55:46,726 - Name: 54, Distance: 0.9273878931999207
2024-06-02 22:55:46,726 - Name: 35, Distance: 1.0788722038269043
2024-06-02 22:55:46,726 - Name: 10, Distance: 1.1055477857589722
2024-06-02 22:55:47,651 - 54 result:
2024-06-02 22:55:47,651 - Name: 54, Distance: 0.9007306098937988
2024-06-02 22:55:47,651 - Name: 54, Distance: 0.923969566822052
2024-06-02 22:55:47,651 - Name: 54, Distance: 0.9331575036048889
2024-06-02 22:55:47,651 - Name: 36, Distance: 1.0791326761245728
2024-06-02 22:55:47,651 - Name: 36, Distance: 1.097487211227417
2024-06-02 22:55:48,300 - 55 result:
2024-06-02 22:55:48,300 - Name: 55, Distance: 0.820773184299469
2024-06-02 22:55:48,301 - Name: 55, Distance: 0.8853678107261658
2024-06-02 22:55:48,301 - Name: 55, Distance: 0.8939252495765686
2024-06-02 22:55:48,301 - Name: 47, Distance: 1.1236860752105713
2024-06-02 22:55:48,301 - Name: 47, Distance: 1.1485165357589722
2024-06-02 22:55:49,034 - 56 result:
2024-06-02 22:55:49,035 - Name: 45, Distance: 0.8027856349945068
2024-06-02 22:55:49,035 - Name: 45, Distance: 0.8934964537620544
2024-06-02 22:55:49,035 - Name: 45, Distance: 0.9177234768867493
2024-06-02 22:55:49,035 - Name: 17, Distance: 1.0086942911148071
2024-06-02 22:55:49,035 - Name: 46, Distance: 1.0267019271850586
2024-06-02 22:55:49,969 - 57 result:
2024-06-02 22:55:49,969 - Name: 58, Distance: 0.8872493505477905
2024-06-02 22:55:49,969 - Name: 58, Distance: 0.9479748010635376
2024-06-02 22:55:49,969 - Name: 2, Distance: 1.0017682313919067
2024-06-02 22:55:49,969 - Name: 20, Distance: 1.0141184329986572
2024-06-02 22:55:49,969 - Name: 20, Distance: 1.0161137580871582
2024-06-02 22:55:50,746 - 58 result:
2024-06-02 22:55:50,746 - Name: 3, Distance: 0.9302862882614136
2024-06-02 22:55:50,746 - Name: 2, Distance: 0.966869056224823
2024-06-02 22:55:50,746 - Name: 2, Distance: 0.9719858169555664
2024-06-02 22:55:50,746 - Name: 58, Distance: 0.9828827977180481
2024-06-02 22:55:50,746 - Name: 3, Distance: 0.9882909655570984
2024-06-02 22:55:51,680 - 59 result:
2024-06-02 22:55:51,680 - Name: 57, Distance: 0.8972247838973999
2024-06-02 22:55:51,680 - Name: 57, Distance: 0.9337368607521057
2024-06-02 22:55:51,680 - Name: 57, Distance: 1.0185436010360718
2024-06-02 22:55:51,680 - Name: 46, Distance: 1.0907706022262573
2024-06-02 22:55:51,680 - Name: 46, Distance: 1.1131402254104614
2024-06-02 22:55:52,619 - 6 result:
2024-06-02 22:55:52,620 - Name: 25, Distance: 0.9481853246688843
2024-06-02 22:55:52,620 - Name: 25, Distance: 0.9648820161819458
2024-06-02 22:55:52,620 - Name: 25, Distance: 0.9795836210250854
2024-06-02 22:55:52,620 - Name: 42, Distance: 1.1048372983932495
2024-06-02 22:55:52,620 - Name: 28, Distance: 1.1104674339294434
2024-06-02 22:55:53,533 - 7 result:
2024-06-02 22:55:53,534 - Name: 33, Distance: 1.023034691810608
2024-06-02 22:55:53,534 - Name: 33, Distance: 1.0759212970733643
2024-06-02 22:55:53,534 - Name: 33, Distance: 1.0877715349197388
2024-06-02 22:55:53,534 - Name: 37, Distance: 1.0893601179122925
2024-06-02 22:55:53,534 - Name: 19, Distance: 1.098311424255371
2024-06-02 22:55:53,995 - 8 result:
2024-06-02 22:55:53,995 - Name: 11, Distance: 0.9488261938095093
2024-06-02 22:55:53,995 - Name: 20, Distance: 0.9644292593002319
2024-06-02 22:55:53,996 - Name: 20, Distance: 0.971042275428772
2024-06-02 22:55:53,996 - Name: 20, Distance: 0.9810371398925781
2024-06-02 22:55:53,996 - Name: 11, Distance: 1.0030659437179565
2024-06-02 22:55:54,823 - 9 result:
2024-06-02 22:55:54,823 - Name: 12, Distance: 0.9803271889686584
2024-06-02 22:55:54,823 - Name: 31, Distance: 0.9930253028869629
2024-06-02 22:55:54,823 - Name: 12, Distance: 1.0020825862884521
2024-06-02 22:55:54,823 - Name: 31, Distance: 1.0225017070770264
2024-06-02 22:55:54,823 - Name: 31, Distance: 1.0294071435928345
2024-06-02 22:55:54,917 - Total samples: 58
2024-06-02 22:55:54,918 - Correct predictions: 19
2024-06-02 22:55:54,918 - Incorrect predictions: 39
2024-06-02 22:55:54,918 - Accuracy: 32.76%
2024-06-02 22:55:54,918 - Correctly predicted classes:
2024-06-02 22:55:54,918 - 36: 1
2024-06-02 22:55:54,918 - 0: 1
2024-06-02 22:55:54,918 - 58: 1
2024-06-02 22:55:54,918 - 18: 1
2024-06-02 22:55:54,919 - 16: 1
2024-06-02 22:55:54,919 - 12: 1
2024-06-02 22:55:54,919 - 2: 1
2024-06-02 22:55:54,919 - 54: 1
2024-06-02 22:55:54,919 - 17: 1
2024-06-02 22:55:54,919 - 13: 1
2024-06-02 22:55:54,919 - 31: 1
2024-06-02 22:55:54,919 - 50: 1
2024-06-02 22:55:54,919 - 35: 1
2024-06-02 22:55:54,920 - 3: 1
2024-06-02 22:55:54,920 - 24: 1
2024-06-02 22:55:54,920 - 5: 1
2024-06-02 22:55:54,920 - 25: 1
2024-06-02 22:55:54,920 - 20: 1
2024-06-02 22:55:54,920 - 55: 1
2024-06-02 22:55:54,920 - Incorrectly predicted classes:
2024-06-02 22:55:54,920 - 28: 1
2024-06-02 22:55:54,920 - 34: 1
2024-06-02 22:55:54,921 - 22: 1
2024-06-02 22:55:54,921 - 9: 1
2024-06-02 22:55:54,921 - 10: 1
2024-06-02 22:55:54,921 - 51: 1
2024-06-02 22:55:54,921 - 53: 1
2024-06-02 22:55:54,921 - 7: 1
2024-06-02 22:55:54,921 - 15: 1
2024-06-02 22:55:54,921 - 33: 1
2024-06-02 22:55:54,921 - 45: 1
2024-06-02 22:55:54,922 - 52: 1
2024-06-02 22:55:54,922 - 11: 1
2024-06-02 22:55:54,922 - 6: 1
2024-06-02 22:55:54,922 - 21: 1
2024-06-02 22:55:54,922 - 46: 1
2024-06-02 22:55:54,922 - 27: 1
2024-06-02 22:55:54,922 - 39: 1
2024-06-02 22:55:54,922 - 32: 1
2024-06-02 22:55:54,922 - 29: 1
2024-06-02 22:55:54,923 - 40: 1
2024-06-02 22:55:54,923 - 23: 1
2024-06-02 22:55:54,923 - 56: 1
2024-06-02 22:55:54,923 - 57: 1
2024-06-02 22:55:54,923 - 44: 1
2024-06-02 22:55:54,923 - 42: 1
2024-06-02 22:55:54,923 - 48: 1
2024-06-02 22:55:54,923 - 37: 1
2024-06-02 22:55:54,923 - 41: 1
2024-06-02 22:55:54,924 - 26: 1
2024-06-02 22:55:54,924 - 30: 1
2024-06-02 22:55:54,924 - 38: 1
2024-06-02 22:55:54,924 - 14: 1
2024-06-02 22:55:54,924 - 19: 1
2024-06-02 22:55:54,924 - 4: 1
2024-06-02 22:55:54,924 - 8: 1
2024-06-02 22:55:54,924 - 1: 1
2024-06-02 22:55:54,924 - 59: 1
2024-06-02 22:55:54,925 - 47: 1
