2024-06-02 22:54:29,671 - test_dir : ./Face_Dataset/Test
2024-06-02 22:54:29,671 - pretrained : work_dir/FaceNet_finetuning_Random_Batch_FNP_CE_30_32/FaceNet_finetuning_Random_Batch_FNP_CE_30_32_deepfake.pth
2024-06-02 22:54:29,671 - model_name : FaceNet_finetuning_Random_Batch_FNP_CE
2024-06-02 22:55:24,414 - 0 result:
2024-06-02 22:55:24,415 - Name: 2, Distance: 1.047926902770996
2024-06-02 22:55:24,415 - Name: 0, Distance: 1.1152293682098389
2024-06-02 22:55:24,415 - Name: 2, Distance: 1.1169582605361938
2024-06-02 22:55:24,415 - Name: 55, Distance: 1.1239144802093506
2024-06-02 22:55:24,415 - Name: 0, Distance: 1.1242938041687012
2024-06-02 22:55:25,331 - 1 result:
2024-06-02 22:55:25,332 - Name: 0, Distance: 1.0184401273727417
2024-06-02 22:55:25,332 - Name: 0, Distance: 1.018837332725525
2024-06-02 22:55:25,332 - Name: 52, Distance: 1.02742338180542
2024-06-02 22:55:25,332 - Name: 52, Distance: 1.0481879711151123
2024-06-02 22:55:25,332 - Name: 0, Distance: 1.04873526096344
2024-06-02 22:55:26,279 - 10 result:
2024-06-02 22:55:26,280 - Name: 43, Distance: 0.8996990919113159
2024-06-02 22:55:26,280 - Name: 43, Distance: 0.9157119393348694
2024-06-02 22:55:26,280 - Name: 43, Distance: 0.9208492636680603
2024-06-02 22:55:26,280 - Name: 5, Distance: 1.0104269981384277
2024-06-02 22:55:26,280 - Name: 14, Distance: 1.0246376991271973
2024-06-02 22:55:27,222 - 11 result:
2024-06-02 22:55:27,222 - Name: 45, Distance: 0.789780855178833
2024-06-02 22:55:27,222 - Name: 45, Distance: 0.8515192270278931
2024-06-02 22:55:27,222 - Name: 45, Distance: 0.8957844376564026
2024-06-02 22:55:27,222 - Name: 30, Distance: 1.1827285289764404
2024-06-02 22:55:27,222 - Name: 8, Distance: 1.1929776668548584
2024-06-02 22:55:28,138 - 12 result:
2024-06-02 22:55:28,138 - Name: 12, Distance: 0.9313536882400513
2024-06-02 22:55:28,138 - Name: 12, Distance: 1.0076779127120972
2024-06-02 22:55:28,138 - Name: 12, Distance: 1.0228509902954102
2024-06-02 22:55:28,138 - Name: 15, Distance: 1.0585993528366089
2024-06-02 22:55:28,138 - Name: 15, Distance: 1.0812205076217651
2024-06-02 22:55:28,592 - 13 result:
2024-06-02 22:55:28,592 - Name: 13, Distance: 0.0
2024-06-02 22:55:28,592 - Name: 13, Distance: 0.2400457113981247
2024-06-02 22:55:28,592 - Name: 13, Distance: 0.30768734216690063
2024-06-02 22:55:28,592 - Name: 17, Distance: 1.2052819728851318
2024-06-02 22:55:28,592 - Name: 19, Distance: 1.2157033681869507
2024-06-02 22:55:29,516 - 14 result:
2024-06-02 22:55:29,517 - Name: 32, Distance: 1.0549304485321045
2024-06-02 22:55:29,517 - Name: 23, Distance: 1.0742899179458618
2024-06-02 22:55:29,517 - Name: 23, Distance: 1.0794206857681274
2024-06-02 22:55:29,517 - Name: 32, Distance: 1.092628836631775
2024-06-02 22:55:29,517 - Name: 52, Distance: 1.0926865339279175
2024-06-02 22:55:30,292 - 15 result:
2024-06-02 22:55:30,292 - Name: 28, Distance: 0.9113221764564514
2024-06-02 22:55:30,292 - Name: 28, Distance: 0.9197109937667847
2024-06-02 22:55:30,293 - Name: 28, Distance: 0.9212338924407959
2024-06-02 22:55:30,293 - Name: 30, Distance: 0.9255252480506897
2024-06-02 22:55:30,293 - Name: 30, Distance: 0.9942147731781006
2024-06-02 22:55:31,240 - 16 result:
2024-06-02 22:55:31,241 - Name: 16, Distance: 0.7275261282920837
2024-06-02 22:55:31,241 - Name: 16, Distance: 0.7941106557846069
2024-06-02 22:55:31,241 - Name: 16, Distance: 0.8104743957519531
2024-06-02 22:55:31,241 - Name: 26, Distance: 0.983079731464386
2024-06-02 22:55:31,241 - Name: 8, Distance: 0.9993658661842346
2024-06-02 22:55:32,184 - 17 result:
2024-06-02 22:55:32,184 - Name: 17, Distance: 1.07097589969635
2024-06-02 22:55:32,184 - Name: 17, Distance: 1.0745608806610107
2024-06-02 22:55:32,184 - Name: 13, Distance: 1.080422043800354
2024-06-02 22:55:32,184 - Name: 13, Distance: 1.0838993787765503
2024-06-02 22:55:32,184 - Name: 17, Distance: 1.0947133302688599
2024-06-02 22:55:33,111 - 18 result:
2024-06-02 22:55:33,111 - Name: 14, Distance: 0.9802871942520142
2024-06-02 22:55:33,111 - Name: 14, Distance: 0.9803783893585205
2024-06-02 22:55:33,111 - Name: 14, Distance: 1.0080442428588867
2024-06-02 22:55:33,111 - Name: 18, Distance: 1.0742661952972412
2024-06-02 22:55:33,111 - Name: 33, Distance: 1.0779142379760742
2024-06-02 22:55:33,983 - 19 result:
2024-06-02 22:55:33,983 - Name: 1, Distance: 0.9633095264434814
2024-06-02 22:55:33,983 - Name: 1, Distance: 0.9788965582847595
2024-06-02 22:55:33,983 - Name: 1, Distance: 0.9946073293685913
2024-06-02 22:55:33,983 - Name: 30, Distance: 1.1156162023544312
2024-06-02 22:55:33,983 - Name: 28, Distance: 1.1246366500854492
2024-06-02 22:55:34,486 - 2 result:
2024-06-02 22:55:34,487 - Name: 52, Distance: 0.9903031587600708
2024-06-02 22:55:34,487 - Name: 52, Distance: 1.0041979551315308
2024-06-02 22:55:34,487 - Name: 52, Distance: 1.0380264520645142
2024-06-02 22:55:34,487 - Name: 2, Distance: 1.0407233238220215
2024-06-02 22:55:34,487 - Name: 2, Distance: 1.084989070892334
2024-06-02 22:55:35,335 - 20 result:
2024-06-02 22:55:35,335 - Name: 20, Distance: 0.9965216517448425
2024-06-02 22:55:35,335 - Name: 20, Distance: 1.0374912023544312
2024-06-02 22:55:35,335 - Name: 20, Distance: 1.0424729585647583
2024-06-02 22:55:35,335 - Name: 2, Distance: 1.0477149486541748
2024-06-02 22:55:35,335 - Name: 2, Distance: 1.0808391571044922
2024-06-02 22:55:36,183 - 21 result:
2024-06-02 22:55:36,183 - Name: 10, Distance: 0.9822158217430115
2024-06-02 22:55:36,183 - Name: 10, Distance: 0.9965776205062866
2024-06-02 22:55:36,183 - Name: 14, Distance: 0.9973311424255371
2024-06-02 22:55:36,183 - Name: 14, Distance: 1.0038331747055054
2024-06-02 22:55:36,183 - Name: 43, Distance: 1.029005765914917
2024-06-02 22:55:37,122 - 22 result:
2024-06-02 22:55:37,122 - Name: 32, Distance: 0.9168158173561096
2024-06-02 22:55:37,122 - Name: 32, Distance: 0.9617893695831299
2024-06-02 22:55:37,122 - Name: 58, Distance: 0.9623340964317322
2024-06-02 22:55:37,122 - Name: 32, Distance: 0.9678291082382202
2024-06-02 22:55:37,122 - Name: 58, Distance: 0.9727942943572998
2024-06-02 22:55:38,059 - 23 result:
2024-06-02 22:55:38,059 - Name: 29, Distance: 0.9095250964164734
2024-06-02 22:55:38,059 - Name: 29, Distance: 0.966474175453186
2024-06-02 22:55:38,059 - Name: 29, Distance: 0.9831914305686951
2024-06-02 22:55:38,059 - Name: 12, Distance: 0.9972071647644043
2024-06-02 22:55:38,060 - Name: 12, Distance: 1.01054048538208
2024-06-02 22:55:38,987 - 24 result:
2024-06-02 22:55:38,987 - Name: 24, Distance: 0.6374443173408508
2024-06-02 22:55:38,987 - Name: 24, Distance: 0.657496452331543
2024-06-02 22:55:38,987 - Name: 24, Distance: 0.6670453548431396
2024-06-02 22:55:38,987 - Name: 26, Distance: 0.8981760144233704
2024-06-02 22:55:38,987 - Name: 26, Distance: 0.9275672435760498
2024-06-02 22:55:39,906 - 25 result:
2024-06-02 22:55:39,906 - Name: 44, Distance: 1.0403367280960083
2024-06-02 22:55:39,906 - Name: 44, Distance: 1.059194803237915
2024-06-02 22:55:39,906 - Name: 25, Distance: 1.0625474452972412
2024-06-02 22:55:39,906 - Name: 50, Distance: 1.0684038400650024
2024-06-02 22:55:39,906 - Name: 28, Distance: 1.0751430988311768
2024-06-02 22:55:40,836 - 26 result:
2024-06-02 22:55:40,836 - Name: 28, Distance: 0.7613961100578308
2024-06-02 22:55:40,836 - Name: 28, Distance: 0.7624334692955017
2024-06-02 22:55:40,836 - Name: 28, Distance: 0.7904800176620483
2024-06-02 22:55:40,836 - Name: 16, Distance: 0.9997132420539856
2024-06-02 22:55:40,836 - Name: 16, Distance: 1.0036108493804932
2024-06-02 22:55:41,765 - 27 result:
2024-06-02 22:55:41,765 - Name: 28, Distance: 0.8452937006950378
2024-06-02 22:55:41,765 - Name: 28, Distance: 0.8503593802452087
2024-06-02 22:55:41,765 - Name: 28, Distance: 0.8564183115959167
2024-06-02 22:55:41,765 - Name: 26, Distance: 1.127725601196289
2024-06-02 22:55:41,765 - Name: 26, Distance: 1.164354681968689
2024-06-02 22:55:42,211 - 28 result:
2024-06-02 22:55:42,211 - Name: 30, Distance: 0.9421165585517883
2024-06-02 22:55:42,211 - Name: 30, Distance: 0.9808375239372253
2024-06-02 22:55:42,211 - Name: 30, Distance: 0.9849274158477783
2024-06-02 22:55:42,211 - Name: 27, Distance: 1.0215529203414917
2024-06-02 22:55:42,211 - Name: 27, Distance: 1.039828896522522
2024-06-02 22:55:42,980 - 29 result:
2024-06-02 22:55:42,980 - Name: 21, Distance: 0.5576386451721191
2024-06-02 22:55:42,980 - Name: 21, Distance: 0.5736552476882935
2024-06-02 22:55:42,980 - Name: 21, Distance: 0.624354362487793
2024-06-02 22:55:42,980 - Name: 51, Distance: 1.1617844104766846
2024-06-02 22:55:42,980 - Name: 50, Distance: 1.1671477556228638
2024-06-02 22:55:43,923 - 3 result:
2024-06-02 22:55:43,923 - Name: 3, Distance: 0.7390403151512146
2024-06-02 22:55:43,923 - Name: 3, Distance: 0.7762171626091003
2024-06-02 22:55:43,923 - Name: 3, Distance: 0.8376566171646118
2024-06-02 22:55:43,923 - Name: 37, Distance: 1.0054584741592407
2024-06-02 22:55:43,923 - Name: 37, Distance: 1.016663908958435
2024-06-02 22:55:44,867 - 30 result:
2024-06-02 22:55:44,867 - Name: 28, Distance: 0.8222158551216125
2024-06-02 22:55:44,867 - Name: 28, Distance: 0.8277071714401245
2024-06-02 22:55:44,867 - Name: 28, Distance: 0.8406986594200134
2024-06-02 22:55:44,867 - Name: 15, Distance: 0.9723038077354431
2024-06-02 22:55:44,867 - Name: 15, Distance: 1.0098371505737305
2024-06-02 22:55:45,798 - 31 result:
2024-06-02 22:55:45,799 - Name: 14, Distance: 1.0783854722976685
2024-06-02 22:55:45,799 - Name: 14, Distance: 1.0929723978042603
2024-06-02 22:55:45,799 - Name: 53, Distance: 1.1056113243103027
2024-06-02 22:55:45,799 - Name: 14, Distance: 1.109488844871521
2024-06-02 22:55:45,799 - Name: 17, Distance: 1.1399743556976318
2024-06-02 22:55:46,720 - 32 result:
2024-06-02 22:55:46,720 - Name: 22, Distance: 1.0220917463302612
2024-06-02 22:55:46,721 - Name: 32, Distance: 1.0324620008468628
2024-06-02 22:55:46,721 - Name: 1, Distance: 1.0329961776733398
2024-06-02 22:55:46,721 - Name: 1, Distance: 1.0432827472686768
2024-06-02 22:55:46,721 - Name: 1, Distance: 1.0704472064971924
2024-06-02 22:55:47,647 - 33 result:
2024-06-02 22:55:47,647 - Name: 14, Distance: 0.9831697344779968
2024-06-02 22:55:47,647 - Name: 9, Distance: 1.01605224609375
2024-06-02 22:55:47,647 - Name: 10, Distance: 1.030993103981018
2024-06-02 22:55:47,647 - Name: 14, Distance: 1.0365371704101562
2024-06-02 22:55:47,647 - Name: 18, Distance: 1.0455191135406494
2024-06-02 22:55:48,281 - 34 result:
2024-06-02 22:55:48,281 - Name: 29, Distance: 0.6126811504364014
2024-06-02 22:55:48,281 - Name: 29, Distance: 0.6464852690696716
2024-06-02 22:55:48,281 - Name: 29, Distance: 0.686051607131958
2024-06-02 22:55:48,281 - Name: 8, Distance: 0.8911479711532593
2024-06-02 22:55:48,281 - Name: 8, Distance: 0.9473853707313538
2024-06-02 22:55:49,033 - 35 result:
2024-06-02 22:55:49,034 - Name: 35, Distance: 0.8800318241119385
2024-06-02 22:55:49,034 - Name: 35, Distance: 0.895891010761261
2024-06-02 22:55:49,034 - Name: 35, Distance: 0.9118301272392273
2024-06-02 22:55:49,034 - Name: 30, Distance: 0.9838223457336426
2024-06-02 22:55:49,034 - Name: 30, Distance: 1.0091781616210938
2024-06-02 22:55:49,969 - 36 result:
2024-06-02 22:55:49,969 - Name: 8, Distance: 1.0685102939605713
2024-06-02 22:55:49,969 - Name: 20, Distance: 1.0818876028060913
2024-06-02 22:55:49,969 - Name: 8, Distance: 1.0860198736190796
2024-06-02 22:55:49,969 - Name: 8, Distance: 1.1061323881149292
2024-06-02 22:55:49,969 - Name: 20, Distance: 1.124868631362915
2024-06-02 22:55:50,746 - 37 result:
2024-06-02 22:55:50,747 - Name: 28, Distance: 1.0633469820022583
2024-06-02 22:55:50,747 - Name: 30, Distance: 1.0907483100891113
2024-06-02 22:55:50,747 - Name: 28, Distance: 1.101140022277832
2024-06-02 22:55:50,747 - Name: 28, Distance: 1.1012035608291626
2024-06-02 22:55:50,747 - Name: 30, Distance: 1.1489973068237305
2024-06-02 22:55:51,680 - 38 result:
2024-06-02 22:55:51,680 - Name: 21, Distance: 0.8106588125228882
2024-06-02 22:55:51,680 - Name: 21, Distance: 0.816165030002594
2024-06-02 22:55:51,681 - Name: 21, Distance: 0.8434348702430725
2024-06-02 22:55:51,681 - Name: 55, Distance: 1.029988408088684
2024-06-02 22:55:51,681 - Name: 55, Distance: 1.0379929542541504
2024-06-02 22:55:52,619 - 39 result:
2024-06-02 22:55:52,619 - Name: 36, Distance: 1.0459415912628174
2024-06-02 22:55:52,620 - Name: 36, Distance: 1.0526152849197388
2024-06-02 22:55:52,620 - Name: 36, Distance: 1.1098248958587646
2024-06-02 22:55:52,620 - Name: 13, Distance: 1.120851755142212
2024-06-02 22:55:52,620 - Name: 13, Distance: 1.1250779628753662
2024-06-02 22:55:53,535 - 4 result:
2024-06-02 22:55:53,535 - Name: 50, Distance: 1.0296967029571533
2024-06-02 22:55:53,535 - Name: 50, Distance: 1.049137830734253
2024-06-02 22:55:53,535 - Name: 48, Distance: 1.0645867586135864
2024-06-02 22:55:53,536 - Name: 48, Distance: 1.090667963027954
2024-06-02 22:55:53,536 - Name: 48, Distance: 1.1022005081176758
2024-06-02 22:55:53,996 - 40 result:
2024-06-02 22:55:53,996 - Name: 0, Distance: 0.8735248446464539
2024-06-02 22:55:53,996 - Name: 0, Distance: 0.8931776285171509
2024-06-02 22:55:53,996 - Name: 0, Distance: 0.9098090529441833
2024-06-02 22:55:53,996 - Name: 24, Distance: 1.0365291833877563
2024-06-02 22:55:53,996 - Name: 24, Distance: 1.0390913486480713
2024-06-02 22:55:54,844 - 41 result:
2024-06-02 22:55:54,844 - Name: 44, Distance: 0.9808759689331055
2024-06-02 22:55:54,844 - Name: 44, Distance: 0.9866339564323425
2024-06-02 22:55:54,844 - Name: 45, Distance: 1.0112591981887817
2024-06-02 22:55:54,845 - Name: 44, Distance: 1.0147942304611206
2024-06-02 22:55:54,845 - Name: 16, Distance: 1.0304200649261475
2024-06-02 22:55:54,962 - 42 result:
2024-06-02 22:55:54,962 - Name: 53, Distance: 1.0999315977096558
2024-06-02 22:55:54,962 - Name: 55, Distance: 1.1165189743041992
2024-06-02 22:55:54,962 - Name: 53, Distance: 1.1231591701507568
2024-06-02 22:55:54,962 - Name: 25, Distance: 1.1287925243377686
2024-06-02 22:55:54,962 - Name: 55, Distance: 1.1296645402908325
2024-06-02 22:55:55,557 - 44 result:
2024-06-02 22:55:55,557 - Name: 42, Distance: 0.7418394684791565
2024-06-02 22:55:55,557 - Name: 42, Distance: 0.7805660963058472
2024-06-02 22:55:55,557 - Name: 42, Distance: 0.7965527772903442
2024-06-02 22:55:55,557 - Name: 2, Distance: 1.0747640132904053
2024-06-02 22:55:55,557 - Name: 2, Distance: 1.0952950716018677
2024-06-02 22:55:55,607 - 45 result:
2024-06-02 22:55:55,607 - Name: 42, Distance: 0.9396125078201294
2024-06-02 22:55:55,607 - Name: 42, Distance: 1.0415098667144775
2024-06-02 22:55:55,607 - Name: 31, Distance: 1.0447360277175903
2024-06-02 22:55:55,607 - Name: 42, Distance: 1.0533132553100586
2024-06-02 22:55:55,607 - Name: 31, Distance: 1.0644903182983398
2024-06-02 22:55:55,660 - 46 result:
2024-06-02 22:55:55,660 - Name: 4, Distance: 0.9705404043197632
2024-06-02 22:55:55,661 - Name: 43, Distance: 0.9961836934089661
2024-06-02 22:55:55,661 - Name: 43, Distance: 1.0077322721481323
2024-06-02 22:55:55,661 - Name: 43, Distance: 1.0117543935775757
2024-06-02 22:55:55,661 - Name: 4, Distance: 1.0158324241638184
2024-06-02 22:55:55,892 - 47 result:
2024-06-02 22:55:55,892 - Name: 45, Distance: 1.0026099681854248
2024-06-02 22:55:55,892 - Name: 45, Distance: 1.034588098526001
2024-06-02 22:55:55,892 - Name: 45, Distance: 1.048340916633606
2024-06-02 22:55:55,892 - Name: 59, Distance: 1.0595539808273315
2024-06-02 22:55:55,892 - Name: 59, Distance: 1.0626548528671265
2024-06-02 22:55:56,500 - 48 result:
2024-06-02 22:55:56,501 - Name: 9, Distance: 1.053810715675354
2024-06-02 22:55:56,501 - Name: 9, Distance: 1.129753828048706
2024-06-02 22:55:56,501 - Name: 0, Distance: 1.1312153339385986
2024-06-02 22:55:56,501 - Name: 0, Distance: 1.138713002204895
2024-06-02 22:55:56,501 - Name: 29, Distance: 1.1439459323883057
2024-06-02 22:55:56,553 - 5 result:
2024-06-02 22:55:56,553 - Name: 5, Distance: 0.967900276184082
2024-06-02 22:55:56,553 - Name: 5, Distance: 1.0192912817001343
2024-06-02 22:55:56,553 - Name: 21, Distance: 1.0737764835357666
2024-06-02 22:55:56,553 - Name: 21, Distance: 1.077524185180664
2024-06-02 22:55:56,553 - Name: 5, Distance: 1.0791648626327515
2024-06-02 22:55:56,604 - 50 result:
2024-06-02 22:55:56,604 - Name: 9, Distance: 1.0097987651824951
2024-06-02 22:55:56,604 - Name: 9, Distance: 1.017376184463501
2024-06-02 22:55:56,604 - Name: 50, Distance: 1.0272525548934937
2024-06-02 22:55:56,605 - Name: 9, Distance: 1.0319119691848755
2024-06-02 22:55:56,605 - Name: 55, Distance: 1.0457866191864014
2024-06-02 22:55:56,829 - 51 result:
2024-06-02 22:55:56,829 - Name: 57, Distance: 0.8214128613471985
2024-06-02 22:55:56,829 - Name: 57, Distance: 0.8535147309303284
2024-06-02 22:55:56,829 - Name: 57, Distance: 0.8742412328720093
2024-06-02 22:55:56,829 - Name: 14, Distance: 1.0355678796768188
2024-06-02 22:55:56,829 - Name: 14, Distance: 1.0508047342300415
2024-06-02 22:55:57,443 - 52 result:
2024-06-02 22:55:57,443 - Name: 28, Distance: 0.9518713355064392
2024-06-02 22:55:57,443 - Name: 28, Distance: 0.9722276329994202
2024-06-02 22:55:57,443 - Name: 28, Distance: 0.9846194386482239
2024-06-02 22:55:57,443 - Name: 44, Distance: 1.0301928520202637
2024-06-02 22:55:57,443 - Name: 44, Distance: 1.0521804094314575
2024-06-02 22:55:57,496 - 53 result:
2024-06-02 22:55:57,496 - Name: 54, Distance: 0.8822016716003418
2024-06-02 22:55:57,496 - Name: 54, Distance: 0.9466578960418701
2024-06-02 22:55:57,496 - Name: 54, Distance: 0.9484816193580627
2024-06-02 22:55:57,496 - Name: 35, Distance: 0.956672728061676
2024-06-02 22:55:57,496 - Name: 35, Distance: 0.9816609025001526
2024-06-02 22:55:57,742 - 54 result:
2024-06-02 22:55:57,742 - Name: 54, Distance: 0.990609347820282
2024-06-02 22:55:57,742 - Name: 54, Distance: 0.9951317310333252
2024-06-02 22:55:57,742 - Name: 54, Distance: 0.997104287147522
2024-06-02 22:55:57,742 - Name: 36, Distance: 1.0372580289840698
2024-06-02 22:55:57,742 - Name: 0, Distance: 1.092097282409668
2024-06-02 22:55:58,369 - 55 result:
2024-06-02 22:55:58,369 - Name: 55, Distance: 0.8015953898429871
2024-06-02 22:55:58,369 - Name: 55, Distance: 0.8576407432556152
2024-06-02 22:55:58,369 - Name: 55, Distance: 0.8693777322769165
2024-06-02 22:55:58,369 - Name: 47, Distance: 1.071933388710022
2024-06-02 22:55:58,369 - Name: 47, Distance: 1.094687581062317
2024-06-02 22:55:58,428 - 56 result:
2024-06-02 22:55:58,429 - Name: 45, Distance: 0.8384330868721008
2024-06-02 22:55:58,429 - Name: 45, Distance: 0.9035285115242004
2024-06-02 22:55:58,429 - Name: 45, Distance: 0.9159371256828308
2024-06-02 22:55:58,429 - Name: 17, Distance: 1.003670334815979
2024-06-02 22:55:58,429 - Name: 17, Distance: 1.032659888267517
2024-06-02 22:55:58,663 - 57 result:
2024-06-02 22:55:58,663 - Name: 58, Distance: 0.9525803327560425
2024-06-02 22:55:58,663 - Name: 58, Distance: 0.9910667538642883
2024-06-02 22:55:58,663 - Name: 0, Distance: 0.9947070479393005
2024-06-02 22:55:58,663 - Name: 0, Distance: 0.9989166259765625
2024-06-02 22:55:58,664 - Name: 0, Distance: 1.0043456554412842
2024-06-02 22:55:59,221 - 58 result:
2024-06-02 22:55:59,221 - Name: 2, Distance: 1.0099422931671143
2024-06-02 22:55:59,221 - Name: 58, Distance: 1.011306643486023
2024-06-02 22:55:59,221 - Name: 2, Distance: 1.0130643844604492
2024-06-02 22:55:59,221 - Name: 3, Distance: 1.015606164932251
2024-06-02 22:55:59,221 - Name: 58, Distance: 1.0364006757736206
2024-06-02 22:55:59,334 - 59 result:
2024-06-02 22:55:59,334 - Name: 57, Distance: 0.9284871816635132
2024-06-02 22:55:59,335 - Name: 57, Distance: 0.9687027931213379
2024-06-02 22:55:59,335 - Name: 57, Distance: 1.025938630104065
2024-06-02 22:55:59,335 - Name: 12, Distance: 1.1126840114593506
2024-06-02 22:55:59,335 - Name: 37, Distance: 1.1374423503875732
2024-06-02 22:55:59,393 - 6 result:
2024-06-02 22:55:59,393 - Name: 25, Distance: 0.9817211627960205
2024-06-02 22:55:59,393 - Name: 25, Distance: 0.9819608926773071
2024-06-02 22:55:59,393 - Name: 25, Distance: 0.9945042729377747
2024-06-02 22:55:59,393 - Name: 27, Distance: 1.1502104997634888
2024-06-02 22:55:59,393 - Name: 28, Distance: 1.1578383445739746
2024-06-02 22:55:59,626 - 7 result:
2024-06-02 22:55:59,627 - Name: 18, Distance: 1.0961989164352417
2024-06-02 22:55:59,627 - Name: 18, Distance: 1.106018304824829
2024-06-02 22:55:59,627 - Name: 13, Distance: 1.1243071556091309
2024-06-02 22:55:59,627 - Name: 37, Distance: 1.125397801399231
2024-06-02 22:55:59,627 - Name: 13, Distance: 1.1315053701400757
2024-06-02 22:56:00,220 - 8 result:
2024-06-02 22:56:00,220 - Name: 11, Distance: 0.9605880379676819
2024-06-02 22:56:00,220 - Name: 20, Distance: 0.9782088994979858
2024-06-02 22:56:00,221 - Name: 20, Distance: 0.9811580777168274
2024-06-02 22:56:00,221 - Name: 20, Distance: 0.9936942458152771
2024-06-02 22:56:00,221 - Name: 11, Distance: 0.9998942017555237
2024-06-02 22:56:00,305 - 9 result:
2024-06-02 22:56:00,305 - Name: 12, Distance: 1.0014997720718384
2024-06-02 22:56:00,306 - Name: 12, Distance: 1.0131288766860962
2024-06-02 22:56:00,306 - Name: 12, Distance: 1.0320734977722168
2024-06-02 22:56:00,306 - Name: 31, Distance: 1.0648502111434937
2024-06-02 22:56:00,306 - Name: 31, Distance: 1.0665597915649414
2024-06-02 22:56:00,408 - Total samples: 58
2024-06-02 22:56:00,408 - Correct predictions: 18
2024-06-02 22:56:00,409 - Incorrect predictions: 40
2024-06-02 22:56:00,409 - Accuracy: 31.03%
2024-06-02 22:56:00,409 - Correctly predicted classes:
2024-06-02 22:56:00,409 - 50: 1
2024-06-02 22:56:00,409 - 12: 1
2024-06-02 22:56:00,409 - 58: 1
2024-06-02 22:56:00,409 - 18: 1
2024-06-02 22:56:00,409 - 25: 1
2024-06-02 22:56:00,409 - 13: 1
2024-06-02 22:56:00,409 - 3: 1
2024-06-02 22:56:00,410 - 32: 1
2024-06-02 22:56:00,410 - 5: 1
2024-06-02 22:56:00,410 - 24: 1
2024-06-02 22:56:00,410 - 55: 1
2024-06-02 22:56:00,410 - 0: 1
2024-06-02 22:56:00,410 - 16: 1
2024-06-02 22:56:00,410 - 54: 1
2024-06-02 22:56:00,410 - 20: 1
2024-06-02 22:56:00,410 - 35: 1
2024-06-02 22:56:00,410 - 17: 1
2024-06-02 22:56:00,410 - 2: 1
2024-06-02 22:56:00,411 - Incorrectly predicted classes:
2024-06-02 22:56:00,411 - 1: 1
2024-06-02 22:56:00,411 - 48: 1
2024-06-02 22:56:00,411 - 15: 1
2024-06-02 22:56:00,411 - 21: 1
2024-06-02 22:56:00,411 - 29: 1
2024-06-02 22:56:00,411 - 57: 1
2024-06-02 22:56:00,411 - 10: 1
2024-06-02 22:56:00,411 - 47: 1
2024-06-02 22:56:00,411 - 26: 1
2024-06-02 22:56:00,411 - 42: 1
2024-06-02 22:56:00,412 - 46: 1
2024-06-02 22:56:00,412 - 53: 1
2024-06-02 22:56:00,412 - 39: 1
2024-06-02 22:56:00,412 - 33: 1
2024-06-02 22:56:00,412 - 28: 1
2024-06-02 22:56:00,412 - 38: 1
2024-06-02 22:56:00,412 - 56: 1
2024-06-02 22:56:00,412 - 22: 1
2024-06-02 22:56:00,412 - 11: 1
2024-06-02 22:56:00,412 - 8: 1
2024-06-02 22:56:00,412 - 7: 1
2024-06-02 22:56:00,413 - 14: 1
2024-06-02 22:56:00,413 - 45: 1
2024-06-02 22:56:00,413 - 31: 1
2024-06-02 22:56:00,413 - 36: 1
2024-06-02 22:56:00,413 - 27: 1
2024-06-02 22:56:00,413 - 37: 1
2024-06-02 22:56:00,413 - 19: 1
2024-06-02 22:56:00,413 - 30: 1
2024-06-02 22:56:00,413 - 41: 1
2024-06-02 22:56:00,413 - 52: 1
2024-06-02 22:56:00,414 - 59: 1
2024-06-02 22:56:00,414 - 6: 1
2024-06-02 22:56:00,414 - 4: 1
2024-06-02 22:56:00,414 - 51: 1
2024-06-02 22:56:00,414 - 9: 1
2024-06-02 22:56:00,414 - 34: 1
2024-06-02 22:56:00,414 - 40: 1
2024-06-02 22:56:00,414 - 23: 1
2024-06-02 22:56:00,414 - 44: 1
