2024-06-02 10:53:00,977 - test_dir : ./Face_Dataset/Test
2024-06-02 10:53:00,977 - pretrained : work_dir/FaceNet_finetuning_Random_Batch_L2SP_50_32/FaceNet_finetuning_Random_Batch_L2SP_50_32_deepfake.pth
2024-06-02 10:53:00,978 - model_name : FaceNet_finetuning_Random_Batch_L2SP
2024-06-02 10:53:50,887 - 0 result:
2024-06-02 10:53:50,887 - Name: 35, Distance: 0.5014113783836365
2024-06-02 10:53:50,887 - Name: 56, Distance: 0.5436050295829773
2024-06-02 10:53:50,887 - Name: 56, Distance: 0.565460205078125
2024-06-02 10:53:50,887 - Name: 1, Distance: 0.5696329474449158
2024-06-02 10:53:50,887 - Name: 41, Distance: 0.593753457069397
2024-06-02 10:53:50,940 - 1 result:
2024-06-02 10:53:50,941 - Name: 2, Distance: 0.1796354502439499
2024-06-02 10:53:50,941 - Name: 20, Distance: 0.1850283145904541
2024-06-02 10:53:50,941 - Name: 3, Distance: 0.26661211252212524
2024-06-02 10:53:50,941 - Name: 20, Distance: 0.29984331130981445
2024-06-02 10:53:50,941 - Name: 16, Distance: 0.30833011865615845
2024-06-02 10:53:51,594 - 10 result:
2024-06-02 10:53:51,595 - Name: 12, Distance: 0.18980807065963745
2024-06-02 10:53:51,595 - Name: 7, Distance: 0.32271867990493774
2024-06-02 10:53:51,595 - Name: 22, Distance: 0.36168035864830017
2024-06-02 10:53:51,595 - Name: 22, Distance: 0.37604761123657227
2024-06-02 10:53:51,595 - Name: 33, Distance: 0.4107374846935272
2024-06-02 10:53:51,974 - 11 result:
2024-06-02 10:53:51,974 - Name: 12, Distance: 0.1148286983370781
2024-06-02 10:53:51,974 - Name: 12, Distance: 0.2241707742214203
2024-06-02 10:53:51,974 - Name: 7, Distance: 0.25585177540779114
2024-06-02 10:53:51,974 - Name: 7, Distance: 0.2589513659477234
2024-06-02 10:53:51,974 - Name: 12, Distance: 0.3813842236995697
2024-06-02 10:53:52,025 - 12 result:
2024-06-02 10:53:52,026 - Name: 6, Distance: 0.18370208144187927
2024-06-02 10:53:52,026 - Name: 7, Distance: 0.28519541025161743
2024-06-02 10:53:52,026 - Name: 30, Distance: 0.2870475649833679
2024-06-02 10:53:52,026 - Name: 12, Distance: 0.4264713525772095
2024-06-02 10:53:52,026 - Name: 11, Distance: 0.4313468933105469
2024-06-02 10:53:52,076 - 13 result:
2024-06-02 10:53:52,076 - Name: 13, Distance: 0.0
2024-06-02 10:53:52,076 - Name: 6, Distance: 0.1448884755373001
2024-06-02 10:53:52,076 - Name: 6, Distance: 0.19532734155654907
2024-06-02 10:53:52,076 - Name: 13, Distance: 0.25055140256881714
2024-06-02 10:53:52,076 - Name: 30, Distance: 0.30281516909599304
2024-06-02 10:53:52,313 - 14 result:
2024-06-02 10:53:52,313 - Name: 7, Distance: 0.1306784600019455
2024-06-02 10:53:52,313 - Name: 12, Distance: 0.15286296606063843
2024-06-02 10:53:52,313 - Name: 25, Distance: 0.21453191339969635
2024-06-02 10:53:52,313 - Name: 12, Distance: 0.23302814364433289
2024-06-02 10:53:52,313 - Name: 12, Distance: 0.2962856888771057
2024-06-02 10:53:52,905 - 15 result:
2024-06-02 10:53:52,905 - Name: 8, Distance: 0.08830846101045609
2024-06-02 10:53:52,905 - Name: 3, Distance: 0.11719129979610443
2024-06-02 10:53:52,905 - Name: 30, Distance: 0.1326161026954651
2024-06-02 10:53:52,905 - Name: 15, Distance: 0.20149879157543182
2024-06-02 10:53:52,905 - Name: 26, Distance: 0.22018420696258545
2024-06-02 10:53:52,956 - 16 result:
2024-06-02 10:53:52,957 - Name: 12, Distance: 0.06660983711481094
2024-06-02 10:53:52,957 - Name: 7, Distance: 0.15394505858421326
2024-06-02 10:53:52,957 - Name: 12, Distance: 0.18955329060554504
2024-06-02 10:53:52,957 - Name: 25, Distance: 0.23409263789653778
2024-06-02 10:53:52,957 - Name: 25, Distance: 0.3314727246761322
2024-06-02 10:53:53,031 - 17 result:
2024-06-02 10:53:53,031 - Name: 22, Distance: 0.15458139777183533
2024-06-02 10:53:53,031 - Name: 14, Distance: 0.1686069518327713
2024-06-02 10:53:53,031 - Name: 33, Distance: 0.19588829576969147
2024-06-02 10:53:53,031 - Name: 22, Distance: 0.1979176104068756
2024-06-02 10:53:53,031 - Name: 22, Distance: 0.20281094312667847
2024-06-02 10:53:53,225 - 18 result:
2024-06-02 10:53:53,225 - Name: 10, Distance: 0.3309493362903595
2024-06-02 10:53:53,226 - Name: 5, Distance: 0.3476870656013489
2024-06-02 10:53:53,226 - Name: 5, Distance: 0.3552049398422241
2024-06-02 10:53:53,226 - Name: 21, Distance: 0.357919842004776
2024-06-02 10:53:53,226 - Name: 21, Distance: 0.3906158208847046
2024-06-02 10:53:53,833 - 19 result:
2024-06-02 10:53:53,833 - Name: 7, Distance: 0.2202579379081726
2024-06-02 10:53:53,833 - Name: 12, Distance: 0.32091885805130005
2024-06-02 10:53:53,833 - Name: 12, Distance: 0.32455700635910034
2024-06-02 10:53:53,833 - Name: 7, Distance: 0.34073856472969055
2024-06-02 10:53:53,833 - Name: 6, Distance: 0.34325769543647766
2024-06-02 10:53:53,889 - 2 result:
2024-06-02 10:53:53,889 - Name: 2, Distance: 0.36810576915740967
2024-06-02 10:53:53,890 - Name: 2, Distance: 0.42977389693260193
2024-06-02 10:53:53,890 - Name: 56, Distance: 0.5102024078369141
2024-06-02 10:53:53,890 - Name: 1, Distance: 0.5271508693695068
2024-06-02 10:53:53,890 - Name: 56, Distance: 0.543571949005127
2024-06-02 10:53:54,127 - 20 result:
2024-06-02 10:53:54,127 - Name: 21, Distance: 0.08718819916248322
2024-06-02 10:53:54,127 - Name: 21, Distance: 0.08906164020299911
2024-06-02 10:53:54,127 - Name: 21, Distance: 0.1211211159825325
2024-06-02 10:53:54,127 - Name: 43, Distance: 0.25832727551460266
2024-06-02 10:53:54,127 - Name: 5, Distance: 0.284013569355011
2024-06-02 10:53:54,731 - 21 result:
2024-06-02 10:53:54,731 - Name: 10, Distance: 0.24707677960395813
2024-06-02 10:53:54,731 - Name: 50, Distance: 0.2617203891277313
2024-06-02 10:53:54,731 - Name: 5, Distance: 0.2712506055831909
2024-06-02 10:53:54,731 - Name: 10, Distance: 0.275270938873291
2024-06-02 10:53:54,731 - Name: 5, Distance: 0.29605087637901306
2024-06-02 10:53:54,808 - 22 result:
2024-06-02 10:53:54,808 - Name: 6, Distance: 0.20889738202095032
2024-06-02 10:53:54,808 - Name: 6, Distance: 0.22124312818050385
2024-06-02 10:53:54,808 - Name: 13, Distance: 0.24641337990760803
2024-06-02 10:53:54,808 - Name: 13, Distance: 0.2991364002227783
2024-06-02 10:53:54,808 - Name: 14, Distance: 0.319133460521698
2024-06-02 10:53:54,863 - 23 result:
2024-06-02 10:53:54,863 - Name: 22, Distance: 0.15919919312000275
2024-06-02 10:53:54,863 - Name: 22, Distance: 0.16486065089702606
2024-06-02 10:53:54,863 - Name: 33, Distance: 0.23058581352233887
2024-06-02 10:53:54,863 - Name: 22, Distance: 0.24819234013557434
2024-06-02 10:53:54,863 - Name: 14, Distance: 0.2525336742401123
2024-06-02 10:53:55,097 - 24 result:
2024-06-02 10:53:55,098 - Name: 28, Distance: 0.07884951680898666
2024-06-02 10:53:55,098 - Name: 28, Distance: 0.08066160976886749
2024-06-02 10:53:55,098 - Name: 26, Distance: 0.11736658215522766
2024-06-02 10:53:55,098 - Name: 28, Distance: 0.15230044722557068
2024-06-02 10:53:55,098 - Name: 16, Distance: 0.15499144792556763
2024-06-02 10:53:55,723 - 25 result:
2024-06-02 10:53:55,723 - Name: 25, Distance: 0.12427010387182236
2024-06-02 10:53:55,723 - Name: 28, Distance: 0.298077255487442
2024-06-02 10:53:55,723 - Name: 28, Distance: 0.3002019226551056
2024-06-02 10:53:55,723 - Name: 16, Distance: 0.3007095754146576
2024-06-02 10:53:55,723 - Name: 7, Distance: 0.31048616766929626
2024-06-02 10:53:55,773 - 26 result:
2024-06-02 10:53:55,773 - Name: 27, Distance: 0.04544076696038246
2024-06-02 10:53:55,773 - Name: 24, Distance: 0.06817467510700226
2024-06-02 10:53:55,773 - Name: 24, Distance: 0.06973536312580109
2024-06-02 10:53:55,773 - Name: 26, Distance: 0.11100072413682938
2024-06-02 10:53:55,773 - Name: 28, Distance: 0.11774816364049911
2024-06-02 10:53:55,999 - 27 result:
2024-06-02 10:53:56,000 - Name: 26, Distance: 0.04014085233211517
2024-06-02 10:53:56,000 - Name: 16, Distance: 0.0666256919503212
2024-06-02 10:53:56,000 - Name: 28, Distance: 0.10421454161405563
2024-06-02 10:53:56,000 - Name: 26, Distance: 0.11877962946891785
2024-06-02 10:53:56,000 - Name: 28, Distance: 0.12129724025726318
2024-06-02 10:53:56,463 - 28 result:
2024-06-02 10:53:56,463 - Name: 25, Distance: 0.19088004529476166
2024-06-02 10:53:56,463 - Name: 15, Distance: 0.32776913046836853
2024-06-02 10:53:56,463 - Name: 25, Distance: 0.3413548171520233
2024-06-02 10:53:56,463 - Name: 15, Distance: 0.3544573485851288
2024-06-02 10:53:56,463 - Name: 30, Distance: 0.3826899826526642
2024-06-02 10:53:56,688 - 29 result:
2024-06-02 10:53:56,688 - Name: 21, Distance: 0.25928130745887756
2024-06-02 10:53:56,689 - Name: 21, Distance: 0.267648845911026
2024-06-02 10:53:56,689 - Name: 21, Distance: 0.2687006890773773
2024-06-02 10:53:56,689 - Name: 24, Distance: 0.2754000425338745
2024-06-02 10:53:56,689 - Name: 27, Distance: 0.28063663840293884
2024-06-02 10:53:56,933 - 3 result:
2024-06-02 10:53:56,934 - Name: 57, Distance: 0.3905344009399414
2024-06-02 10:53:56,934 - Name: 27, Distance: 0.393337607383728
2024-06-02 10:53:56,934 - Name: 24, Distance: 0.4365822970867157
2024-06-02 10:53:56,934 - Name: 24, Distance: 0.4399906396865845
2024-06-02 10:53:56,934 - Name: 21, Distance: 0.45796290040016174
2024-06-02 10:53:57,530 - 30 result:
2024-06-02 10:53:57,531 - Name: 8, Distance: 0.10628624260425568
2024-06-02 10:53:57,531 - Name: 30, Distance: 0.1931174099445343
2024-06-02 10:53:57,531 - Name: 3, Distance: 0.19521230459213257
2024-06-02 10:53:57,531 - Name: 27, Distance: 0.21990634500980377
2024-06-02 10:53:57,531 - Name: 26, Distance: 0.22117389738559723
2024-06-02 10:53:57,616 - 31 result:
2024-06-02 10:53:57,616 - Name: 50, Distance: 0.06389591097831726
2024-06-02 10:53:57,616 - Name: 10, Distance: 0.08379802852869034
2024-06-02 10:53:57,616 - Name: 10, Distance: 0.09868316352367401
2024-06-02 10:53:57,616 - Name: 5, Distance: 0.1226838082075119
2024-06-02 10:53:57,616 - Name: 5, Distance: 0.14770685136318207
2024-06-02 10:53:57,669 - 32 result:
2024-06-02 10:53:57,670 - Name: 9, Distance: 0.3338078558444977
2024-06-02 10:53:57,670 - Name: 23, Distance: 0.4370681047439575
2024-06-02 10:53:57,670 - Name: 50, Distance: 0.47438162565231323
2024-06-02 10:53:57,670 - Name: 23, Distance: 0.4939679801464081
2024-06-02 10:53:57,670 - Name: 23, Distance: 0.5523024201393127
2024-06-02 10:53:57,924 - 33 result:
2024-06-02 10:53:57,924 - Name: 14, Distance: 0.1813155859708786
2024-06-02 10:53:57,924 - Name: 18, Distance: 0.20730873942375183
2024-06-02 10:53:57,924 - Name: 18, Distance: 0.21088309586048126
2024-06-02 10:53:57,924 - Name: 18, Distance: 0.21861962974071503
2024-06-02 10:53:57,924 - Name: 32, Distance: 0.22012275457382202
2024-06-02 10:53:58,532 - 34 result:
2024-06-02 10:53:58,532 - Name: 30, Distance: 0.21487946808338165
2024-06-02 10:53:58,532 - Name: 6, Distance: 0.36176085472106934
2024-06-02 10:53:58,532 - Name: 25, Distance: 0.4102531969547272
2024-06-02 10:53:58,532 - Name: 19, Distance: 0.4103238880634308
2024-06-02 10:53:58,532 - Name: 19, Distance: 0.42953917384147644
2024-06-02 10:53:58,587 - 35 result:
2024-06-02 10:53:58,588 - Name: 54, Distance: 0.11042039096355438
2024-06-02 10:53:58,588 - Name: 59, Distance: 0.17814770340919495
2024-06-02 10:53:58,588 - Name: 58, Distance: 0.17957216501235962
2024-06-02 10:53:58,588 - Name: 58, Distance: 0.20671340823173523
2024-06-02 10:53:58,588 - Name: 1, Distance: 0.2656289339065552
2024-06-02 10:53:58,637 - 36 result:
2024-06-02 10:53:58,637 - Name: 21, Distance: 0.3385124206542969
2024-06-02 10:53:58,637 - Name: 21, Distance: 0.34688809514045715
2024-06-02 10:53:58,637 - Name: 21, Distance: 0.3777218461036682
2024-06-02 10:53:58,637 - Name: 5, Distance: 0.43627625703811646
2024-06-02 10:53:58,637 - Name: 24, Distance: 0.5171233415603638
2024-06-02 10:53:59,631 - 37 result:
2024-06-02 10:53:59,631 - Name: 25, Distance: 0.16210079193115234
2024-06-02 10:53:59,631 - Name: 15, Distance: 0.20478378236293793
2024-06-02 10:53:59,631 - Name: 25, Distance: 0.22099871933460236
2024-06-02 10:53:59,632 - Name: 15, Distance: 0.23343712091445923
2024-06-02 10:53:59,632 - Name: 3, Distance: 0.30958834290504456
2024-06-02 10:53:59,742 - 38 result:
2024-06-02 10:53:59,742 - Name: 50, Distance: 0.1622108817100525
2024-06-02 10:53:59,742 - Name: 10, Distance: 0.16756193339824677
2024-06-02 10:53:59,742 - Name: 10, Distance: 0.19538168609142303
2024-06-02 10:53:59,742 - Name: 10, Distance: 0.19847038388252258
2024-06-02 10:53:59,742 - Name: 5, Distance: 0.20764726400375366
2024-06-02 10:53:59,795 - 39 result:
2024-06-02 10:53:59,795 - Name: 54, Distance: 0.12299793213605881
2024-06-02 10:53:59,795 - Name: 53, Distance: 0.13330714404582977
2024-06-02 10:53:59,795 - Name: 0, Distance: 0.13486242294311523
2024-06-02 10:53:59,795 - Name: 35, Distance: 0.21766342222690582
2024-06-02 10:53:59,795 - Name: 46, Distance: 0.21801917254924774
2024-06-02 10:54:00,032 - 4 result:
2024-06-02 10:54:00,032 - Name: 12, Distance: 0.15903182327747345
2024-06-02 10:54:00,032 - Name: 7, Distance: 0.1688999980688095
2024-06-02 10:54:00,032 - Name: 12, Distance: 0.18766336143016815
2024-06-02 10:54:00,032 - Name: 25, Distance: 0.28174078464508057
2024-06-02 10:54:00,032 - Name: 12, Distance: 0.38217657804489136
2024-06-02 10:54:00,639 - 40 result:
2024-06-02 10:54:00,640 - Name: 56, Distance: 0.26144713163375854
2024-06-02 10:54:00,640 - Name: 56, Distance: 0.27835583686828613
2024-06-02 10:54:00,640 - Name: 20, Distance: 0.5041182041168213
2024-06-02 10:54:00,640 - Name: 2, Distance: 0.5183303952217102
2024-06-02 10:54:00,640 - Name: 20, Distance: 0.5202604532241821
2024-06-02 10:54:00,737 - 41 result:
2024-06-02 10:54:00,737 - Name: 3, Distance: 0.12109743058681488
2024-06-02 10:54:00,737 - Name: 19, Distance: 0.22513967752456665
2024-06-02 10:54:00,737 - Name: 16, Distance: 0.38527944684028625
2024-06-02 10:54:00,737 - Name: 2, Distance: 0.4187406599521637
2024-06-02 10:54:00,737 - Name: 3, Distance: 0.44330689311027527
2024-06-02 10:54:00,788 - 42 result:
2024-06-02 10:54:00,788 - Name: 57, Distance: 0.31761905550956726
2024-06-02 10:54:00,788 - Name: 57, Distance: 0.43416714668273926
2024-06-02 10:54:00,788 - Name: 21, Distance: 0.46521279215812683
2024-06-02 10:54:00,788 - Name: 21, Distance: 0.47636789083480835
2024-06-02 10:54:00,788 - Name: 27, Distance: 0.48731470108032227
2024-06-02 10:54:01,017 - 44 result:
2024-06-02 10:54:01,018 - Name: 2, Distance: 0.2586894929409027
2024-06-02 10:54:01,018 - Name: 2, Distance: 0.34701433777809143
2024-06-02 10:54:01,018 - Name: 42, Distance: 0.43556898832321167
2024-06-02 10:54:01,018 - Name: 1, Distance: 0.5263060331344604
2024-06-02 10:54:01,018 - Name: 52, Distance: 0.5387994050979614
2024-06-02 10:54:01,596 - 45 result:
2024-06-02 10:54:01,596 - Name: 46, Distance: 0.0755126029253006
2024-06-02 10:54:01,596 - Name: 41, Distance: 0.1405358612537384
2024-06-02 10:54:01,596 - Name: 46, Distance: 0.15807348489761353
2024-06-02 10:54:01,597 - Name: 41, Distance: 0.21071918308734894
2024-06-02 10:54:01,597 - Name: 35, Distance: 0.2278512865304947
2024-06-02 10:54:01,716 - 46 result:
2024-06-02 10:54:01,716 - Name: 35, Distance: 0.07611053436994553
2024-06-02 10:54:01,717 - Name: 41, Distance: 0.1538282334804535
2024-06-02 10:54:01,717 - Name: 0, Distance: 0.1654091328382492
2024-06-02 10:54:01,717 - Name: 0, Distance: 0.22693122923374176
2024-06-02 10:54:01,717 - Name: 54, Distance: 0.24482500553131104
2024-06-02 10:54:01,766 - 47 result:
2024-06-02 10:54:01,767 - Name: 48, Distance: 0.32363414764404297
2024-06-02 10:54:01,767 - Name: 59, Distance: 0.33301734924316406
2024-06-02 10:54:01,767 - Name: 37, Distance: 0.3363995850086212
2024-06-02 10:54:01,767 - Name: 47, Distance: 0.34410712122917175
2024-06-02 10:54:01,767 - Name: 58, Distance: 0.3508394956588745
2024-06-02 10:54:01,817 - 48 result:
2024-06-02 10:54:01,817 - Name: 3, Distance: 0.3011627495288849
2024-06-02 10:54:01,817 - Name: 56, Distance: 0.3170861005783081
2024-06-02 10:54:01,817 - Name: 19, Distance: 0.33582568168640137
2024-06-02 10:54:01,817 - Name: 29, Distance: 0.3566301465034485
2024-06-02 10:54:01,817 - Name: 29, Distance: 0.4513220489025116
2024-06-02 10:54:01,867 - 5 result:
2024-06-02 10:54:01,867 - Name: 21, Distance: 0.22865206003189087
2024-06-02 10:54:01,867 - Name: 21, Distance: 0.2619228959083557
2024-06-02 10:54:01,867 - Name: 21, Distance: 0.2684136629104614
2024-06-02 10:54:01,867 - Name: 5, Distance: 0.4172694683074951
2024-06-02 10:54:01,867 - Name: 24, Distance: 0.43370261788368225
2024-06-02 10:54:02,092 - 50 result:
2024-06-02 10:54:02,092 - Name: 33, Distance: 0.266084223985672
2024-06-02 10:54:02,092 - Name: 22, Distance: 0.3156015872955322
2024-06-02 10:54:02,092 - Name: 22, Distance: 0.34995749592781067
2024-06-02 10:54:02,092 - Name: 22, Distance: 0.3821642994880676
2024-06-02 10:54:02,092 - Name: 14, Distance: 0.4422726333141327
2024-06-02 10:54:02,718 - 51 result:
2024-06-02 10:54:02,719 - Name: 21, Distance: 0.14428332448005676
2024-06-02 10:54:02,719 - Name: 21, Distance: 0.16326875984668732
2024-06-02 10:54:02,719 - Name: 21, Distance: 0.16770556569099426
2024-06-02 10:54:02,719 - Name: 5, Distance: 0.24392421543598175
2024-06-02 10:54:02,719 - Name: 43, Distance: 0.2549953758716583
2024-06-02 10:54:02,813 - 52 result:
2024-06-02 10:54:02,813 - Name: 28, Distance: 0.22997114062309265
2024-06-02 10:54:02,813 - Name: 28, Distance: 0.24257850646972656
2024-06-02 10:54:02,813 - Name: 26, Distance: 0.2612811028957367
2024-06-02 10:54:02,813 - Name: 28, Distance: 0.2636498212814331
2024-06-02 10:54:02,813 - Name: 16, Distance: 0.26885986328125
2024-06-02 10:54:02,865 - 53 result:
2024-06-02 10:54:02,865 - Name: 37, Distance: 0.03576211631298065
2024-06-02 10:54:02,865 - Name: 44, Distance: 0.04034582898020744
2024-06-02 10:54:02,865 - Name: 40, Distance: 0.05322400853037834
2024-06-02 10:54:02,865 - Name: 40, Distance: 0.07829401642084122
2024-06-02 10:54:02,865 - Name: 40, Distance: 0.10087042301893234
2024-06-02 10:54:03,105 - 54 result:
2024-06-02 10:54:03,105 - Name: 0, Distance: 0.12932001054286957
2024-06-02 10:54:03,105 - Name: 54, Distance: 0.13636310398578644
2024-06-02 10:54:03,105 - Name: 58, Distance: 0.19588136672973633
2024-06-02 10:54:03,105 - Name: 59, Distance: 0.2619868516921997
2024-06-02 10:54:03,106 - Name: 58, Distance: 0.26755237579345703
2024-06-02 10:54:03,716 - 55 result:
2024-06-02 10:54:03,717 - Name: 21, Distance: 0.08359301835298538
2024-06-02 10:54:03,717 - Name: 21, Distance: 0.11607386916875839
2024-06-02 10:54:03,717 - Name: 21, Distance: 0.11868937313556671
2024-06-02 10:54:03,717 - Name: 5, Distance: 0.24830347299575806
2024-06-02 10:54:03,717 - Name: 43, Distance: 0.2616632282733917
2024-06-02 10:54:03,813 - 56 result:
2024-06-02 10:54:03,813 - Name: 35, Distance: 0.2829272150993347
2024-06-02 10:54:03,813 - Name: 41, Distance: 0.31824710965156555
2024-06-02 10:54:03,813 - Name: 46, Distance: 0.3603232502937317
2024-06-02 10:54:03,813 - Name: 41, Distance: 0.36442139744758606
2024-06-02 10:54:03,813 - Name: 41, Distance: 0.3680180013179779
2024-06-02 10:54:03,866 - 57 result:
2024-06-02 10:54:03,866 - Name: 48, Distance: 0.22144223749637604
2024-06-02 10:54:03,866 - Name: 47, Distance: 0.36984923481941223
2024-06-02 10:54:03,866 - Name: 59, Distance: 0.43988510966300964
2024-06-02 10:54:03,866 - Name: 36, Distance: 0.4650387763977051
2024-06-02 10:54:03,866 - Name: 48, Distance: 0.4690420627593994
2024-06-02 10:54:04,106 - 58 result:
2024-06-02 10:54:04,106 - Name: 1, Distance: 0.16003026068210602
2024-06-02 10:54:04,106 - Name: 35, Distance: 0.46541687846183777
2024-06-02 10:54:04,106 - Name: 58, Distance: 0.48803746700286865
2024-06-02 10:54:04,106 - Name: 0, Distance: 0.5326495170593262
2024-06-02 10:54:04,106 - Name: 1, Distance: 0.5727202296257019
2024-06-02 10:54:04,739 - 59 result:
2024-06-02 10:54:04,739 - Name: 35, Distance: 0.20659135282039642
2024-06-02 10:54:04,739 - Name: 41, Distance: 0.24004916846752167
2024-06-02 10:54:04,739 - Name: 41, Distance: 0.35293206572532654
2024-06-02 10:54:04,739 - Name: 35, Distance: 0.3682065010070801
2024-06-02 10:54:04,740 - Name: 41, Distance: 0.392041951417923
2024-06-02 10:54:04,831 - 6 result:
2024-06-02 10:54:04,831 - Name: 25, Distance: 0.3837887644767761
2024-06-02 10:54:04,831 - Name: 12, Distance: 0.41664960980415344
2024-06-02 10:54:04,831 - Name: 7, Distance: 0.4358181953430176
2024-06-02 10:54:04,831 - Name: 12, Distance: 0.4452175199985504
2024-06-02 10:54:04,831 - Name: 28, Distance: 0.4627436399459839
2024-06-02 10:54:04,881 - 7 result:
2024-06-02 10:54:04,881 - Name: 25, Distance: 0.1886807233095169
2024-06-02 10:54:04,881 - Name: 7, Distance: 0.3155041038990021
2024-06-02 10:54:04,881 - Name: 12, Distance: 0.3417021632194519
2024-06-02 10:54:04,881 - Name: 28, Distance: 0.34242454171180725
2024-06-02 10:54:04,881 - Name: 28, Distance: 0.3477734923362732
2024-06-02 10:54:05,119 - 8 result:
2024-06-02 10:54:05,119 - Name: 25, Distance: 0.1870253086090088
2024-06-02 10:54:05,119 - Name: 16, Distance: 0.21263672411441803
2024-06-02 10:54:05,119 - Name: 3, Distance: 0.22715380787849426
2024-06-02 10:54:05,119 - Name: 25, Distance: 0.2655557692050934
2024-06-02 10:54:05,119 - Name: 15, Distance: 0.2699902057647705
2024-06-02 10:54:05,735 - 9 result:
2024-06-02 10:54:05,735 - Name: 7, Distance: 0.11402767151594162
2024-06-02 10:54:05,735 - Name: 11, Distance: 0.2508903443813324
2024-06-02 10:54:05,735 - Name: 12, Distance: 0.2745307981967926
2024-06-02 10:54:05,735 - Name: 7, Distance: 0.30638402700424194
2024-06-02 10:54:05,735 - Name: 6, Distance: 0.3342881202697754
2024-06-02 10:54:05,825 - Total samples: 58
2024-06-02 10:54:05,825 - Correct predictions: 12
2024-06-02 10:54:05,825 - Incorrect predictions: 46
2024-06-02 10:54:05,825 - Accuracy: 20.69%
2024-06-02 10:54:05,825 - Correctly predicted classes:
2024-06-02 10:54:05,825 - 15: 1
2024-06-02 10:54:05,825 - 26: 1
2024-06-02 10:54:05,826 - 47: 1
2024-06-02 10:54:05,826 - 12: 1
2024-06-02 10:54:05,826 - 13: 1
2024-06-02 10:54:05,826 - 25: 1
2024-06-02 10:54:05,826 - 2: 1
2024-06-02 10:54:05,826 - 5: 1
2024-06-02 10:54:05,826 - 54: 1
2024-06-02 10:54:05,826 - 58: 1
2024-06-02 10:54:05,826 - 30: 1
2024-06-02 10:54:05,826 - 7: 1
2024-06-02 10:54:05,827 - Incorrectly predicted classes:
2024-06-02 10:54:05,827 - 38: 1
2024-06-02 10:54:05,827 - 9: 1
2024-06-02 10:54:05,827 - 40: 1
2024-06-02 10:54:05,827 - 23: 1
2024-06-02 10:54:05,827 - 34: 1
2024-06-02 10:54:05,827 - 17: 1
2024-06-02 10:54:05,827 - 33: 1
2024-06-02 10:54:05,827 - 53: 1
2024-06-02 10:54:05,828 - 1: 1
2024-06-02 10:54:05,828 - 16: 1
2024-06-02 10:54:05,828 - 32: 1
2024-06-02 10:54:05,828 - 22: 1
2024-06-02 10:54:05,828 - 48: 1
2024-06-02 10:54:05,828 - 55: 1
2024-06-02 10:54:05,828 - 44: 1
2024-06-02 10:54:05,828 - 50: 1
2024-06-02 10:54:05,828 - 4: 1
2024-06-02 10:54:05,829 - 27: 1
2024-06-02 10:54:05,829 - 28: 1
2024-06-02 10:54:05,829 - 11: 1
2024-06-02 10:54:05,829 - 3: 1
2024-06-02 10:54:05,829 - 18: 1
2024-06-02 10:54:05,829 - 8: 1
2024-06-02 10:54:05,829 - 36: 1
2024-06-02 10:54:05,829 - 31: 1
2024-06-02 10:54:05,829 - 19: 1
2024-06-02 10:54:05,830 - 57: 1
2024-06-02 10:54:05,830 - 29: 1
2024-06-02 10:54:05,830 - 10: 1
2024-06-02 10:54:05,830 - 35: 1
2024-06-02 10:54:05,830 - 24: 1
2024-06-02 10:54:05,830 - 39: 1
2024-06-02 10:54:05,830 - 41: 1
2024-06-02 10:54:05,830 - 42: 1
2024-06-02 10:54:05,830 - 0: 1
2024-06-02 10:54:05,831 - 59: 1
2024-06-02 10:54:05,831 - 51: 1
2024-06-02 10:54:05,831 - 52: 1
2024-06-02 10:54:05,831 - 46: 1
2024-06-02 10:54:05,831 - 21: 1
2024-06-02 10:54:05,831 - 6: 1
2024-06-02 10:54:05,831 - 56: 1
2024-06-02 10:54:05,831 - 20: 1
2024-06-02 10:54:05,831 - 14: 1
2024-06-02 10:54:05,832 - 37: 1
2024-06-02 10:54:05,832 - 45: 1
