2024-06-03 02:10:27,619 - test_dir : ./Face_Dataset/Test
2024-06-03 02:10:27,619 - pretrained : work_dir/FaceNet_finetuning_Random_Batch_L2SP_deepfake_70_32/FaceNet_finetuning_Random_Batch_L2SP_deepfake_70_32_deepfake.pth
2024-06-03 02:10:27,620 - model_name : FaceNet_finetuning_Random_Batch_L2SP_deepfake
2024-06-03 02:11:22,851 - 0 result:
2024-06-03 02:11:22,851 - Name: 56, Distance: 0.7070263624191284
2024-06-03 02:11:22,852 - Name: 9, Distance: 0.7641021609306335
2024-06-03 02:11:22,852 - Name: 28, Distance: 0.8419247269630432
2024-06-03 02:11:22,852 - Name: 19, Distance: 0.8421034216880798
2024-06-03 02:11:22,852 - Name: 58, Distance: 0.8633291125297546
2024-06-03 02:11:23,678 - 1 result:
2024-06-03 02:11:23,678 - Name: 25, Distance: 0.8626722693443298
2024-06-03 02:11:23,678 - Name: 0, Distance: 0.8723006248474121
2024-06-03 02:11:23,679 - Name: 8, Distance: 0.886214017868042
2024-06-03 02:11:23,679 - Name: 1, Distance: 0.9000025391578674
2024-06-03 02:11:23,679 - Name: 3, Distance: 0.9221265316009521
2024-06-03 02:11:23,765 - 10 result:
2024-06-03 02:11:23,765 - Name: 50, Distance: 0.7521969676017761
2024-06-03 02:11:23,765 - Name: 43, Distance: 0.7668782472610474
2024-06-03 02:11:23,765 - Name: 38, Distance: 0.7781831622123718
2024-06-03 02:11:23,765 - Name: 58, Distance: 0.8231604695320129
2024-06-03 02:11:23,765 - Name: 50, Distance: 0.8288049101829529
2024-06-03 02:11:23,820 - 11 result:
2024-06-03 02:11:23,820 - Name: 30, Distance: 0.74627286195755
2024-06-03 02:11:23,820 - Name: 30, Distance: 0.7878662943840027
2024-06-03 02:11:23,820 - Name: 57, Distance: 0.8234375715255737
2024-06-03 02:11:23,820 - Name: 3, Distance: 0.9021520614624023
2024-06-03 02:11:23,820 - Name: 4, Distance: 0.935009777545929
2024-06-03 02:11:24,058 - 12 result:
2024-06-03 02:11:24,058 - Name: 29, Distance: 0.8629499673843384
2024-06-03 02:11:24,058 - Name: 27, Distance: 0.8983480930328369
2024-06-03 02:11:24,058 - Name: 24, Distance: 0.902509868144989
2024-06-03 02:11:24,058 - Name: 14, Distance: 0.9282795190811157
2024-06-03 02:11:24,058 - Name: 15, Distance: 0.9494629502296448
2024-06-03 02:11:24,702 - 13 result:
2024-06-03 02:11:24,702 - Name: 13, Distance: 0.0
2024-06-03 02:11:24,702 - Name: 11, Distance: 0.6594457626342773
2024-06-03 02:11:24,702 - Name: 16, Distance: 0.6660087704658508
2024-06-03 02:11:24,702 - Name: 12, Distance: 0.7456058263778687
2024-06-03 02:11:24,702 - Name: 28, Distance: 0.7686187624931335
2024-06-03 02:11:24,802 - 14 result:
2024-06-03 02:11:24,802 - Name: 27, Distance: 0.6289148330688477
2024-06-03 02:11:24,802 - Name: 54, Distance: 0.7449768781661987
2024-06-03 02:11:24,802 - Name: 24, Distance: 0.7822411060333252
2024-06-03 02:11:24,802 - Name: 58, Distance: 0.7864854335784912
2024-06-03 02:11:24,802 - Name: 11, Distance: 0.7990997433662415
2024-06-03 02:11:24,858 - 15 result:
2024-06-03 02:11:24,858 - Name: 24, Distance: 0.6952484250068665
2024-06-03 02:11:24,858 - Name: 28, Distance: 0.7365732789039612
2024-06-03 02:11:24,858 - Name: 4, Distance: 0.7833070755004883
2024-06-03 02:11:24,858 - Name: 26, Distance: 0.7887437343597412
2024-06-03 02:11:24,858 - Name: 30, Distance: 0.8324170708656311
2024-06-03 02:11:25,082 - 16 result:
2024-06-03 02:11:25,083 - Name: 16, Distance: 0.6310064196586609
2024-06-03 02:11:25,083 - Name: 26, Distance: 0.760498583316803
2024-06-03 02:11:25,083 - Name: 8, Distance: 0.79228675365448
2024-06-03 02:11:25,083 - Name: 11, Distance: 0.8641708493232727
2024-06-03 02:11:25,083 - Name: 13, Distance: 0.8743878602981567
2024-06-03 02:11:25,140 - 17 result:
2024-06-03 02:11:25,141 - Name: 7, Distance: 0.9447113871574402
2024-06-03 02:11:25,141 - Name: 26, Distance: 0.9601751565933228
2024-06-03 02:11:25,141 - Name: 10, Distance: 0.9849316477775574
2024-06-03 02:11:25,141 - Name: 39, Distance: 1.0005404949188232
2024-06-03 02:11:25,141 - Name: 11, Distance: 1.0164544582366943
2024-06-03 02:11:25,732 - 18 result:
2024-06-03 02:11:25,732 - Name: 33, Distance: 0.7966783046722412
2024-06-03 02:11:25,732 - Name: 22, Distance: 0.8004083633422852
2024-06-03 02:11:25,732 - Name: 22, Distance: 0.8147650361061096
2024-06-03 02:11:25,732 - Name: 51, Distance: 0.9232503175735474
2024-06-03 02:11:25,732 - Name: 21, Distance: 0.9298354387283325
2024-06-03 02:11:25,823 - 19 result:
2024-06-03 02:11:25,824 - Name: 19, Distance: 0.8200203776359558
2024-06-03 02:11:25,824 - Name: 18, Distance: 0.9461774826049805
2024-06-03 02:11:25,824 - Name: 45, Distance: 0.9677366614341736
2024-06-03 02:11:25,824 - Name: 8, Distance: 0.977845311164856
2024-06-03 02:11:25,824 - Name: 6, Distance: 1.0129985809326172
2024-06-03 02:11:25,876 - 2 result:
2024-06-03 02:11:25,877 - Name: 12, Distance: 0.8805461525917053
2024-06-03 02:11:25,877 - Name: 13, Distance: 0.9369548559188843
2024-06-03 02:11:25,877 - Name: 58, Distance: 0.9907612800598145
2024-06-03 02:11:25,877 - Name: 16, Distance: 1.0041122436523438
2024-06-03 02:11:25,877 - Name: 15, Distance: 1.0315730571746826
2024-06-03 02:11:25,927 - 20 result:
2024-06-03 02:11:25,927 - Name: 20, Distance: 0.7904916405677795
2024-06-03 02:11:25,927 - Name: 57, Distance: 0.9044020771980286
2024-06-03 02:11:25,928 - Name: 38, Distance: 0.9057258367538452
2024-06-03 02:11:25,928 - Name: 55, Distance: 0.9507778286933899
2024-06-03 02:11:25,928 - Name: 19, Distance: 0.9581794142723083
2024-06-03 02:11:26,160 - 21 result:
2024-06-03 02:11:26,160 - Name: 51, Distance: 0.7017836570739746
2024-06-03 02:11:26,160 - Name: 43, Distance: 0.7828230261802673
2024-06-03 02:11:26,161 - Name: 57, Distance: 0.856890857219696
2024-06-03 02:11:26,161 - Name: 14, Distance: 0.8735467195510864
2024-06-03 02:11:26,161 - Name: 9, Distance: 0.8990654349327087
2024-06-03 02:11:26,815 - 22 result:
2024-06-03 02:11:26,816 - Name: 15, Distance: 0.7072656750679016
2024-06-03 02:11:26,816 - Name: 12, Distance: 0.7904436588287354
2024-06-03 02:11:26,816 - Name: 27, Distance: 0.8170489072799683
2024-06-03 02:11:26,816 - Name: 51, Distance: 0.8220526576042175
2024-06-03 02:11:26,816 - Name: 29, Distance: 0.8432509899139404
2024-06-03 02:11:26,872 - 23 result:
2024-06-03 02:11:26,872 - Name: 17, Distance: 0.7626975774765015
2024-06-03 02:11:26,872 - Name: 12, Distance: 0.8218115568161011
2024-06-03 02:11:26,872 - Name: 28, Distance: 0.8958021998405457
2024-06-03 02:11:26,872 - Name: 26, Distance: 0.905900239944458
2024-06-03 02:11:26,872 - Name: 22, Distance: 0.9061697125434875
2024-06-03 02:11:26,925 - 24 result:
2024-06-03 02:11:26,925 - Name: 28, Distance: 0.5512955784797668
2024-06-03 02:11:26,925 - Name: 15, Distance: 0.6872259378433228
2024-06-03 02:11:26,925 - Name: 58, Distance: 0.6940454244613647
2024-06-03 02:11:26,925 - Name: 27, Distance: 0.6975859999656677
2024-06-03 02:11:26,926 - Name: 13, Distance: 0.701443076133728
2024-06-03 02:11:27,157 - 25 result:
2024-06-03 02:11:27,157 - Name: 33, Distance: 0.7077707648277283
2024-06-03 02:11:27,157 - Name: 25, Distance: 0.7416828274726868
2024-06-03 02:11:27,157 - Name: 51, Distance: 0.8110582232475281
2024-06-03 02:11:27,158 - Name: 29, Distance: 0.8182528018951416
2024-06-03 02:11:27,158 - Name: 52, Distance: 0.8415408730506897
2024-06-03 02:11:27,797 - 26 result:
2024-06-03 02:11:27,798 - Name: 28, Distance: 0.6149916648864746
2024-06-03 02:11:27,798 - Name: 24, Distance: 0.6678724884986877
2024-06-03 02:11:27,798 - Name: 30, Distance: 0.7533429861068726
2024-06-03 02:11:27,798 - Name: 16, Distance: 0.7628533840179443
2024-06-03 02:11:27,798 - Name: 26, Distance: 0.8126189112663269
2024-06-03 02:11:27,862 - 27 result:
2024-06-03 02:11:27,862 - Name: 27, Distance: 0.707197904586792
2024-06-03 02:11:27,862 - Name: 28, Distance: 0.7081283330917358
2024-06-03 02:11:27,862 - Name: 11, Distance: 0.807600736618042
2024-06-03 02:11:27,862 - Name: 12, Distance: 0.8081804513931274
2024-06-03 02:11:27,862 - Name: 13, Distance: 0.8192535638809204
2024-06-03 02:11:27,915 - 28 result:
2024-06-03 02:11:27,915 - Name: 28, Distance: 0.5279808044433594
2024-06-03 02:11:27,915 - Name: 15, Distance: 0.6593165397644043
2024-06-03 02:11:27,915 - Name: 58, Distance: 0.6867125034332275
2024-06-03 02:11:27,915 - Name: 27, Distance: 0.7091780304908752
2024-06-03 02:11:27,915 - Name: 12, Distance: 0.7177239060401917
2024-06-03 02:11:28,146 - 29 result:
2024-06-03 02:11:28,146 - Name: 21, Distance: 0.7444329857826233
2024-06-03 02:11:28,147 - Name: 21, Distance: 0.7463823556900024
2024-06-03 02:11:28,147 - Name: 51, Distance: 0.9775529503822327
2024-06-03 02:11:28,147 - Name: 34, Distance: 0.9993926882743835
2024-06-03 02:11:28,147 - Name: 38, Distance: 1.0447196960449219
2024-06-03 02:11:28,794 - 3 result:
2024-06-03 02:11:28,794 - Name: 45, Distance: 1.0118494033813477
2024-06-03 02:11:28,795 - Name: 3, Distance: 1.0262064933776855
2024-06-03 02:11:28,795 - Name: 4, Distance: 1.0354104042053223
2024-06-03 02:11:28,795 - Name: 56, Distance: 1.0585007667541504
2024-06-03 02:11:28,795 - Name: 56, Distance: 1.0802499055862427
2024-06-03 02:11:28,846 - 30 result:
2024-06-03 02:11:28,847 - Name: 15, Distance: 0.5360124111175537
2024-06-03 02:11:28,847 - Name: 16, Distance: 0.6124277710914612
2024-06-03 02:11:28,847 - Name: 28, Distance: 0.7055631279945374
2024-06-03 02:11:28,847 - Name: 12, Distance: 0.7267853021621704
2024-06-03 02:11:28,847 - Name: 20, Distance: 0.7735862135887146
2024-06-03 02:11:28,902 - 31 result:
2024-06-03 02:11:28,902 - Name: 35, Distance: 0.8702383041381836
2024-06-03 02:11:28,903 - Name: 33, Distance: 0.8705026507377625
2024-06-03 02:11:28,903 - Name: 23, Distance: 0.887973427772522
2024-06-03 02:11:28,903 - Name: 38, Distance: 0.9290332198143005
2024-06-03 02:11:28,903 - Name: 55, Distance: 0.9290916919708252
2024-06-03 02:11:29,135 - 32 result:
2024-06-03 02:11:29,135 - Name: 27, Distance: 0.7905720472335815
2024-06-03 02:11:29,135 - Name: 56, Distance: 0.8535736799240112
2024-06-03 02:11:29,135 - Name: 30, Distance: 0.8596829771995544
2024-06-03 02:11:29,135 - Name: 57, Distance: 0.8698404431343079
2024-06-03 02:11:29,135 - Name: 30, Distance: 0.8981273174285889
2024-06-03 02:11:29,758 - 33 result:
2024-06-03 02:11:29,759 - Name: 5, Distance: 0.6849504113197327
2024-06-03 02:11:29,759 - Name: 34, Distance: 0.8577792048454285
2024-06-03 02:11:29,759 - Name: 10, Distance: 0.8853105306625366
2024-06-03 02:11:29,759 - Name: 18, Distance: 0.8916807174682617
2024-06-03 02:11:29,759 - Name: 7, Distance: 0.9245359897613525
2024-06-03 02:11:29,810 - 34 result:
2024-06-03 02:11:29,811 - Name: 29, Distance: 0.7354899644851685
2024-06-03 02:11:29,811 - Name: 34, Distance: 0.8071568012237549
2024-06-03 02:11:29,811 - Name: 13, Distance: 0.8241415619850159
2024-06-03 02:11:29,811 - Name: 58, Distance: 0.8429582118988037
2024-06-03 02:11:29,811 - Name: 29, Distance: 0.8613857626914978
2024-06-03 02:11:29,861 - 35 result:
2024-06-03 02:11:29,861 - Name: 46, Distance: 0.9068295955657959
2024-06-03 02:11:29,861 - Name: 35, Distance: 0.9232565760612488
2024-06-03 02:11:29,861 - Name: 2, Distance: 0.9618309736251831
2024-06-03 02:11:29,861 - Name: 10, Distance: 0.9876883029937744
2024-06-03 02:11:29,861 - Name: 35, Distance: 1.008595585823059
2024-06-03 02:11:30,099 - 36 result:
2024-06-03 02:11:30,099 - Name: 8, Distance: 0.9225294589996338
2024-06-03 02:11:30,099 - Name: 11, Distance: 0.9675098657608032
2024-06-03 02:11:30,099 - Name: 27, Distance: 0.9683967232704163
2024-06-03 02:11:30,099 - Name: 3, Distance: 0.9924194812774658
2024-06-03 02:11:30,099 - Name: 19, Distance: 1.008021593093872
2024-06-03 02:11:30,747 - 37 result:
2024-06-03 02:11:30,747 - Name: 18, Distance: 0.7470480799674988
2024-06-03 02:11:30,747 - Name: 45, Distance: 0.7659900188446045
2024-06-03 02:11:30,747 - Name: 6, Distance: 0.786465048789978
2024-06-03 02:11:30,747 - Name: 19, Distance: 0.8607662320137024
2024-06-03 02:11:30,747 - Name: 15, Distance: 0.862601101398468
2024-06-03 02:11:30,806 - 38 result:
2024-06-03 02:11:30,806 - Name: 55, Distance: 0.7237439751625061
2024-06-03 02:11:30,806 - Name: 23, Distance: 0.8452478051185608
2024-06-03 02:11:30,806 - Name: 36, Distance: 1.0186622142791748
2024-06-03 02:11:30,806 - Name: 32, Distance: 1.0242611169815063
2024-06-03 02:11:30,806 - Name: 55, Distance: 1.0311295986175537
2024-06-03 02:11:31,090 - 39 result:
2024-06-03 02:11:31,090 - Name: 36, Distance: 1.009520411491394
2024-06-03 02:11:31,090 - Name: 1, Distance: 1.0290087461471558
2024-06-03 02:11:31,090 - Name: 52, Distance: 1.0518804788589478
2024-06-03 02:11:31,090 - Name: 1, Distance: 1.070712685585022
2024-06-03 02:11:31,090 - Name: 48, Distance: 1.0719788074493408
2024-06-03 02:11:31,691 - 4 result:
2024-06-03 02:11:31,691 - Name: 19, Distance: 0.818501889705658
2024-06-03 02:11:31,691 - Name: 0, Distance: 0.8297511339187622
2024-06-03 02:11:31,691 - Name: 42, Distance: 0.8327382802963257
2024-06-03 02:11:31,691 - Name: 50, Distance: 0.8966999053955078
2024-06-03 02:11:31,691 - Name: 59, Distance: 0.9151659607887268
2024-06-03 02:11:31,741 - 40 result:
2024-06-03 02:11:31,741 - Name: 23, Distance: 0.9694520831108093
2024-06-03 02:11:31,741 - Name: 24, Distance: 1.006828784942627
2024-06-03 02:11:31,741 - Name: 48, Distance: 1.0083461999893188
2024-06-03 02:11:31,741 - Name: 24, Distance: 1.0234135389328003
2024-06-03 02:11:31,742 - Name: 15, Distance: 1.0369107723236084
2024-06-03 02:11:31,793 - 41 result:
2024-06-03 02:11:31,793 - Name: 15, Distance: 0.748519778251648
2024-06-03 02:11:31,793 - Name: 7, Distance: 0.7913827896118164
2024-06-03 02:11:31,793 - Name: 48, Distance: 0.8242849707603455
2024-06-03 02:11:31,793 - Name: 27, Distance: 0.8368952870368958
2024-06-03 02:11:31,793 - Name: 16, Distance: 0.870371401309967
2024-06-03 02:11:32,028 - 42 result:
2024-06-03 02:11:32,028 - Name: 33, Distance: 0.7972901463508606
2024-06-03 02:11:32,028 - Name: 25, Distance: 0.860386848449707
2024-06-03 02:11:32,028 - Name: 55, Distance: 0.9251185655593872
2024-06-03 02:11:32,028 - Name: 24, Distance: 0.928165853023529
2024-06-03 02:11:32,028 - Name: 55, Distance: 0.9382761120796204
2024-06-03 02:11:32,647 - 44 result:
2024-06-03 02:11:32,647 - Name: 1, Distance: 0.8296182155609131
2024-06-03 02:11:32,647 - Name: 58, Distance: 0.8639265894889832
2024-06-03 02:11:32,647 - Name: 39, Distance: 0.9245366454124451
2024-06-03 02:11:32,647 - Name: 42, Distance: 0.9371232986450195
2024-06-03 02:11:32,647 - Name: 0, Distance: 0.9631949663162231
2024-06-03 02:11:32,729 - 45 result:
2024-06-03 02:11:32,730 - Name: 31, Distance: 0.9221797585487366
2024-06-03 02:11:32,730 - Name: 32, Distance: 0.9321848154067993
2024-06-03 02:11:32,730 - Name: 42, Distance: 0.984501838684082
2024-06-03 02:11:32,730 - Name: 54, Distance: 1.0208584070205688
2024-06-03 02:11:32,730 - Name: 36, Distance: 1.0574346780776978
2024-06-03 02:11:32,784 - 46 result:
2024-06-03 02:11:32,784 - Name: 35, Distance: 0.9815603494644165
2024-06-03 02:11:32,784 - Name: 39, Distance: 1.074574589729309
2024-06-03 02:11:32,785 - Name: 41, Distance: 1.088976502418518
2024-06-03 02:11:32,785 - Name: 46, Distance: 1.1095786094665527
2024-06-03 02:11:32,785 - Name: 56, Distance: 1.1186230182647705
2024-06-03 02:11:33,018 - 47 result:
2024-06-03 02:11:33,018 - Name: 53, Distance: 0.7936760783195496
2024-06-03 02:11:33,018 - Name: 36, Distance: 0.9295313358306885
2024-06-03 02:11:33,018 - Name: 45, Distance: 0.9360425472259521
2024-06-03 02:11:33,018 - Name: 20, Distance: 0.9902657270431519
2024-06-03 02:11:33,018 - Name: 30, Distance: 0.9932191371917725
2024-06-03 02:11:33,695 - 48 result:
2024-06-03 02:11:33,696 - Name: 19, Distance: 0.8516335487365723
2024-06-03 02:11:33,696 - Name: 11, Distance: 0.9039562344551086
2024-06-03 02:11:33,696 - Name: 5, Distance: 0.9212112426757812
2024-06-03 02:11:33,696 - Name: 48, Distance: 0.9442676901817322
2024-06-03 02:11:33,696 - Name: 39, Distance: 0.9501019716262817
2024-06-03 02:11:33,794 - 5 result:
2024-06-03 02:11:33,794 - Name: 50, Distance: 0.8225885629653931
2024-06-03 02:11:33,794 - Name: 51, Distance: 0.8860644698143005
2024-06-03 02:11:33,794 - Name: 17, Distance: 0.9082174897193909
2024-06-03 02:11:33,794 - Name: 57, Distance: 0.9120739102363586
2024-06-03 02:11:33,794 - Name: 43, Distance: 0.945307195186615
2024-06-03 02:11:33,845 - 50 result:
2024-06-03 02:11:33,845 - Name: 59, Distance: 0.6868349313735962
2024-06-03 02:11:33,845 - Name: 5, Distance: 0.770560085773468
2024-06-03 02:11:33,845 - Name: 50, Distance: 0.7840948104858398
2024-06-03 02:11:33,845 - Name: 10, Distance: 0.8196024894714355
2024-06-03 02:11:33,845 - Name: 54, Distance: 0.853297233581543
2024-06-03 02:11:34,676 - 51 result:
2024-06-03 02:11:34,676 - Name: 38, Distance: 0.6897682547569275
2024-06-03 02:11:34,676 - Name: 50, Distance: 0.7698211669921875
2024-06-03 02:11:34,676 - Name: 42, Distance: 0.7817385792732239
2024-06-03 02:11:34,676 - Name: 5, Distance: 0.829933762550354
2024-06-03 02:11:34,676 - Name: 43, Distance: 0.8581044673919678
2024-06-03 02:11:34,781 - 52 result:
2024-06-03 02:11:34,781 - Name: 44, Distance: 0.8829963803291321
2024-06-03 02:11:34,781 - Name: 59, Distance: 0.9216023087501526
2024-06-03 02:11:34,781 - Name: 28, Distance: 0.9307811260223389
2024-06-03 02:11:34,781 - Name: 25, Distance: 0.941977858543396
2024-06-03 02:11:34,781 - Name: 24, Distance: 0.9520329236984253
2024-06-03 02:11:34,833 - 53 result:
2024-06-03 02:11:34,833 - Name: 39, Distance: 0.9199201464653015
2024-06-03 02:11:34,833 - Name: 55, Distance: 1.0233615636825562
2024-06-03 02:11:34,833 - Name: 55, Distance: 1.0290639400482178
2024-06-03 02:11:34,833 - Name: 14, Distance: 1.0506784915924072
2024-06-03 02:11:34,833 - Name: 38, Distance: 1.1000022888183594
2024-06-03 02:11:35,066 - 54 result:
2024-06-03 02:11:35,067 - Name: 44, Distance: 1.005643367767334
2024-06-03 02:11:35,067 - Name: 59, Distance: 1.015612244606018
2024-06-03 02:11:35,067 - Name: 11, Distance: 1.0238844156265259
2024-06-03 02:11:35,067 - Name: 24, Distance: 1.0307912826538086
2024-06-03 02:11:35,067 - Name: 55, Distance: 1.037179946899414
2024-06-03 02:11:35,723 - 55 result:
2024-06-03 02:11:35,723 - Name: 57, Distance: 0.7945361733436584
2024-06-03 02:11:35,723 - Name: 55, Distance: 0.8136297464370728
2024-06-03 02:11:35,724 - Name: 24, Distance: 0.879309356212616
2024-06-03 02:11:35,724 - Name: 51, Distance: 0.915318489074707
2024-06-03 02:11:35,724 - Name: 53, Distance: 0.9173445105552673
2024-06-03 02:11:35,811 - 56 result:
2024-06-03 02:11:35,811 - Name: 56, Distance: 0.7964215278625488
2024-06-03 02:11:35,811 - Name: 4, Distance: 0.858793318271637
2024-06-03 02:11:35,811 - Name: 30, Distance: 0.8922823071479797
2024-06-03 02:11:35,811 - Name: 17, Distance: 0.8930381536483765
2024-06-03 02:11:35,812 - Name: 45, Distance: 0.9081960916519165
2024-06-03 02:11:35,864 - 57 result:
2024-06-03 02:11:35,865 - Name: 50, Distance: 0.840208888053894
2024-06-03 02:11:35,865 - Name: 43, Distance: 0.8556692004203796
2024-06-03 02:11:35,865 - Name: 5, Distance: 0.8900463581085205
2024-06-03 02:11:35,865 - Name: 38, Distance: 0.9433943033218384
2024-06-03 02:11:35,865 - Name: 59, Distance: 0.9436700940132141
2024-06-03 02:11:36,096 - 58 result:
2024-06-03 02:11:36,096 - Name: 45, Distance: 0.8871485590934753
2024-06-03 02:11:36,096 - Name: 58, Distance: 0.9374030828475952
2024-06-03 02:11:36,096 - Name: 3, Distance: 0.9521573781967163
2024-06-03 02:11:36,096 - Name: 31, Distance: 1.0014430284500122
2024-06-03 02:11:36,096 - Name: 14, Distance: 1.0353888273239136
2024-06-03 02:11:36,740 - 59 result:
2024-06-03 02:11:36,740 - Name: 58, Distance: 0.8278939723968506
2024-06-03 02:11:36,740 - Name: 31, Distance: 0.8710301518440247
2024-06-03 02:11:36,740 - Name: 39, Distance: 0.906997561454773
2024-06-03 02:11:36,740 - Name: 42, Distance: 0.9347518086433411
2024-06-03 02:11:36,740 - Name: 38, Distance: 0.9543468952178955
2024-06-03 02:11:36,827 - 6 result:
2024-06-03 02:11:36,827 - Name: 27, Distance: 0.7092452049255371
2024-06-03 02:11:36,828 - Name: 13, Distance: 0.761166512966156
2024-06-03 02:11:36,828 - Name: 28, Distance: 0.7776269316673279
2024-06-03 02:11:36,828 - Name: 33, Distance: 0.7880841493606567
2024-06-03 02:11:36,828 - Name: 11, Distance: 0.7988494038581848
2024-06-03 02:11:36,882 - 7 result:
2024-06-03 02:11:36,882 - Name: 18, Distance: 0.7800494432449341
2024-06-03 02:11:36,882 - Name: 20, Distance: 0.8551464676856995
2024-06-03 02:11:36,882 - Name: 30, Distance: 0.8997364640235901
2024-06-03 02:11:36,882 - Name: 30, Distance: 0.9413845539093018
2024-06-03 02:11:36,882 - Name: 57, Distance: 0.9518880844116211
2024-06-03 02:11:37,121 - 8 result:
2024-06-03 02:11:37,121 - Name: 11, Distance: 0.5615890026092529
2024-06-03 02:11:37,121 - Name: 8, Distance: 0.5619280338287354
2024-06-03 02:11:37,121 - Name: 27, Distance: 0.68742835521698
2024-06-03 02:11:37,121 - Name: 26, Distance: 0.7100194692611694
2024-06-03 02:11:37,121 - Name: 8, Distance: 0.7513395547866821
2024-06-03 02:11:37,745 - 9 result:
2024-06-03 02:11:37,746 - Name: 29, Distance: 0.8803774118423462
2024-06-03 02:11:37,746 - Name: 12, Distance: 0.9276979565620422
2024-06-03 02:11:37,746 - Name: 31, Distance: 0.9365383982658386
2024-06-03 02:11:37,746 - Name: 54, Distance: 0.9373058676719666
2024-06-03 02:11:37,746 - Name: 7, Distance: 0.9517797231674194
2024-06-03 02:11:37,877 - Total samples: 58
2024-06-03 02:11:37,878 - Correct predictions: 19
2024-06-03 02:11:37,878 - Incorrect predictions: 39
2024-06-03 02:11:37,878 - Accuracy: 32.76%
2024-06-03 02:11:37,878 - Correctly predicted classes:
2024-06-03 02:11:37,878 - 25: 1
2024-06-03 02:11:37,878 - 48: 1
2024-06-03 02:11:37,878 - 56: 1
2024-06-03 02:11:37,878 - 28: 1
2024-06-03 02:11:37,879 - 3: 1
2024-06-03 02:11:37,879 - 50: 1
2024-06-03 02:11:37,879 - 19: 1
2024-06-03 02:11:37,879 - 8: 1
2024-06-03 02:11:37,879 - 27: 1
2024-06-03 02:11:37,879 - 46: 1
2024-06-03 02:11:37,879 - 20: 1
2024-06-03 02:11:37,879 - 13: 1
2024-06-03 02:11:37,879 - 16: 1
2024-06-03 02:11:37,879 - 58: 1
2024-06-03 02:11:37,880 - 26: 1
2024-06-03 02:11:37,880 - 55: 1
2024-06-03 02:11:37,880 - 35: 1
2024-06-03 02:11:37,880 - 1: 1
2024-06-03 02:11:37,880 - 34: 1
2024-06-03 02:11:37,880 - Incorrectly predicted classes:
2024-06-03 02:11:37,880 - 0: 1
2024-06-03 02:11:37,880 - 12: 1
2024-06-03 02:11:37,880 - 30: 1
2024-06-03 02:11:37,881 - 10: 1
2024-06-03 02:11:37,881 - 24: 1
2024-06-03 02:11:37,881 - 59: 1
2024-06-03 02:11:37,881 - 42: 1
2024-06-03 02:11:37,881 - 52: 1
2024-06-03 02:11:37,881 - 2: 1
2024-06-03 02:11:37,881 - 4: 1
2024-06-03 02:11:37,881 - 9: 1
2024-06-03 02:11:37,881 - 39: 1
2024-06-03 02:11:37,882 - 57: 1
2024-06-03 02:11:37,882 - 32: 1
2024-06-03 02:11:37,882 - 31: 1
2024-06-03 02:11:37,882 - 18: 1
2024-06-03 02:11:37,882 - 6: 1
2024-06-03 02:11:37,882 - 41: 1
2024-06-03 02:11:37,882 - 5: 1
2024-06-03 02:11:37,882 - 17: 1
2024-06-03 02:11:37,882 - 15: 1
2024-06-03 02:11:37,883 - 21: 1
2024-06-03 02:11:37,883 - 23: 1
2024-06-03 02:11:37,883 - 33: 1
2024-06-03 02:11:37,883 - 14: 1
2024-06-03 02:11:37,883 - 29: 1
2024-06-03 02:11:37,883 - 36: 1
2024-06-03 02:11:37,883 - 47: 1
2024-06-03 02:11:37,883 - 44: 1
2024-06-03 02:11:37,883 - 45: 1
2024-06-03 02:11:37,884 - 53: 1
2024-06-03 02:11:37,884 - 37: 1
2024-06-03 02:11:37,884 - 38: 1
2024-06-03 02:11:37,884 - 7: 1
2024-06-03 02:11:37,884 - 22: 1
2024-06-03 02:11:37,884 - 40: 1
2024-06-03 02:11:37,884 - 11: 1
2024-06-03 02:11:37,884 - 51: 1
2024-06-03 02:11:37,884 - 54: 1
