2024-06-03 07:53:48,891 - test_dir : ./Face_Dataset/Test
2024-06-03 07:53:48,891 - pretrained : work_dir/FaceNet_finetuning_Random_Batch_L2SP_CE_Frozen_deepfake_total_70_32/FaceNet_finetuning_Random_Batch_L2SP_CE_Frozen_deepfake_total_70_32_deepfake.pth
2024-06-03 07:53:48,891 - model_name : FaceNet_finetuning_Random_Batch_L2SP_CE_Frozen_deepfake_total
2024-06-03 07:54:57,309 - 0 result:
2024-06-03 07:54:57,309 - Name: 37, Distance: 0.935413122177124
2024-06-03 07:54:57,310 - Name: 0, Distance: 1.0688509941101074
2024-06-03 07:54:57,310 - Name: 19, Distance: 1.0783990621566772
2024-06-03 07:54:57,310 - Name: 36, Distance: 1.0928151607513428
2024-06-03 07:54:57,310 - Name: 39, Distance: 1.1003812551498413
2024-06-03 07:54:57,555 - 1 result:
2024-06-03 07:54:57,555 - Name: 1, Distance: 0.9357895851135254
2024-06-03 07:54:57,555 - Name: 1, Distance: 0.9484966397285461
2024-06-03 07:54:57,555 - Name: 56, Distance: 1.0450997352600098
2024-06-03 07:54:57,555 - Name: 25, Distance: 1.0558894872665405
2024-06-03 07:54:57,555 - Name: 25, Distance: 1.0622249841690063
2024-06-03 07:54:57,602 - 10 result:
2024-06-03 07:54:57,603 - Name: 3, Distance: 0.9178498387336731
2024-06-03 07:54:57,603 - Name: 5, Distance: 0.9239767789840698
2024-06-03 07:54:57,603 - Name: 18, Distance: 0.9956651926040649
2024-06-03 07:54:57,603 - Name: 11, Distance: 1.0019744634628296
2024-06-03 07:54:57,603 - Name: 10, Distance: 1.0234140157699585
2024-06-03 07:54:58,210 - 11 result:
2024-06-03 07:54:58,210 - Name: 33, Distance: 0.8493418097496033
2024-06-03 07:54:58,210 - Name: 11, Distance: 0.8989705443382263
2024-06-03 07:54:58,210 - Name: 10, Distance: 0.9965441823005676
2024-06-03 07:54:58,210 - Name: 3, Distance: 1.0163689851760864
2024-06-03 07:54:58,210 - Name: 11, Distance: 1.0289514064788818
2024-06-03 07:54:58,295 - 12 result:
2024-06-03 07:54:58,296 - Name: 12, Distance: 0.95236736536026
2024-06-03 07:54:58,296 - Name: 12, Distance: 0.9719492197036743
2024-06-03 07:54:58,296 - Name: 18, Distance: 1.1260035037994385
2024-06-03 07:54:58,296 - Name: 16, Distance: 1.1604987382888794
2024-06-03 07:54:58,296 - Name: 2, Distance: 1.1730235815048218
2024-06-03 07:54:58,351 - 13 result:
2024-06-03 07:54:58,351 - Name: 13, Distance: 0.0
2024-06-03 07:54:58,352 - Name: 26, Distance: 1.0026007890701294
2024-06-03 07:54:58,352 - Name: 36, Distance: 1.0275598764419556
2024-06-03 07:54:58,352 - Name: 26, Distance: 1.0368993282318115
2024-06-03 07:54:58,352 - Name: 46, Distance: 1.044013500213623
2024-06-03 07:54:58,406 - 14 result:
2024-06-03 07:54:58,407 - Name: 29, Distance: 0.9936354160308838
2024-06-03 07:54:58,407 - Name: 11, Distance: 1.024686336517334
2024-06-03 07:54:58,407 - Name: 11, Distance: 1.0526148080825806
2024-06-03 07:54:58,407 - Name: 54, Distance: 1.055511474609375
2024-06-03 07:54:58,407 - Name: 25, Distance: 1.061303973197937
2024-06-03 07:54:58,660 - 15 result:
2024-06-03 07:54:58,660 - Name: 26, Distance: 0.9943559765815735
2024-06-03 07:54:58,660 - Name: 24, Distance: 1.014743447303772
2024-06-03 07:54:58,660 - Name: 27, Distance: 1.0150667428970337
2024-06-03 07:54:58,660 - Name: 24, Distance: 1.0194945335388184
2024-06-03 07:54:58,660 - Name: 26, Distance: 1.0199933052062988
2024-06-03 07:54:58,709 - 16 result:
2024-06-03 07:54:58,709 - Name: 16, Distance: 0.803396999835968
2024-06-03 07:54:58,709 - Name: 16, Distance: 1.0079479217529297
2024-06-03 07:54:58,709 - Name: 16, Distance: 1.0913513898849487
2024-06-03 07:54:58,710 - Name: 15, Distance: 1.1191685199737549
2024-06-03 07:54:58,710 - Name: 26, Distance: 1.1478742361068726
2024-06-03 07:54:58,758 - 17 result:
2024-06-03 07:54:58,759 - Name: 17, Distance: 0.7855616211891174
2024-06-03 07:54:58,759 - Name: 13, Distance: 0.9001891016960144
2024-06-03 07:54:58,759 - Name: 13, Distance: 0.9568988084793091
2024-06-03 07:54:58,759 - Name: 17, Distance: 0.99116450548172
2024-06-03 07:54:58,759 - Name: 7, Distance: 1.0445334911346436
2024-06-03 07:54:59,367 - 18 result:
2024-06-03 07:54:59,368 - Name: 18, Distance: 0.9762109518051147
2024-06-03 07:54:59,368 - Name: 11, Distance: 1.0060664415359497
2024-06-03 07:54:59,368 - Name: 17, Distance: 1.0350358486175537
2024-06-03 07:54:59,368 - Name: 21, Distance: 1.0674604177474976
2024-06-03 07:54:59,368 - Name: 28, Distance: 1.069331407546997
2024-06-03 07:54:59,429 - 19 result:
2024-06-03 07:54:59,429 - Name: 19, Distance: 0.694514274597168
2024-06-03 07:54:59,429 - Name: 19, Distance: 0.7684873938560486
2024-06-03 07:54:59,429 - Name: 11, Distance: 0.9135147929191589
2024-06-03 07:54:59,429 - Name: 6, Distance: 0.915813148021698
2024-06-03 07:54:59,429 - Name: 6, Distance: 0.9709807634353638
2024-06-03 07:54:59,488 - 2 result:
2024-06-03 07:54:59,488 - Name: 2, Distance: 0.8751417994499207
2024-06-03 07:54:59,488 - Name: 2, Distance: 0.9429961442947388
2024-06-03 07:54:59,488 - Name: 2, Distance: 0.9472116231918335
2024-06-03 07:54:59,488 - Name: 43, Distance: 1.0105654001235962
2024-06-03 07:54:59,488 - Name: 22, Distance: 1.090903401374817
2024-06-03 07:54:59,534 - 20 result:
2024-06-03 07:54:59,535 - Name: 34, Distance: 0.9128687977790833
2024-06-03 07:54:59,535 - Name: 20, Distance: 0.9939084053039551
2024-06-03 07:54:59,535 - Name: 59, Distance: 1.0209261178970337
2024-06-03 07:54:59,535 - Name: 19, Distance: 1.0397577285766602
2024-06-03 07:54:59,535 - Name: 37, Distance: 1.0742080211639404
2024-06-03 07:54:59,768 - 21 result:
2024-06-03 07:54:59,768 - Name: 11, Distance: 0.7312130331993103
2024-06-03 07:54:59,768 - Name: 51, Distance: 0.7733940482139587
2024-06-03 07:54:59,768 - Name: 20, Distance: 0.900392472743988
2024-06-03 07:54:59,768 - Name: 11, Distance: 0.9037955403327942
2024-06-03 07:54:59,768 - Name: 51, Distance: 0.9398154020309448
2024-06-03 07:55:00,332 - 22 result:
2024-06-03 07:55:00,332 - Name: 42, Distance: 1.010729432106018
2024-06-03 07:55:00,332 - Name: 2, Distance: 1.0266526937484741
2024-06-03 07:55:00,332 - Name: 55, Distance: 1.0568803548812866
2024-06-03 07:55:00,332 - Name: 36, Distance: 1.0802998542785645
2024-06-03 07:55:00,332 - Name: 22, Distance: 1.1277096271514893
2024-06-03 07:55:00,456 - 23 result:
2024-06-03 07:55:00,456 - Name: 3, Distance: 0.9803954362869263
2024-06-03 07:55:00,456 - Name: 14, Distance: 0.9848549365997314
2024-06-03 07:55:00,456 - Name: 11, Distance: 1.0051045417785645
2024-06-03 07:55:00,456 - Name: 34, Distance: 1.011738657951355
2024-06-03 07:55:00,457 - Name: 13, Distance: 1.0240755081176758
2024-06-03 07:55:00,512 - 24 result:
2024-06-03 07:55:00,512 - Name: 24, Distance: 0.6473419666290283
2024-06-03 07:55:00,512 - Name: 34, Distance: 0.8626407384872437
2024-06-03 07:55:00,512 - Name: 25, Distance: 0.8729607462882996
2024-06-03 07:55:00,512 - Name: 24, Distance: 0.9023474454879761
2024-06-03 07:55:00,512 - Name: 29, Distance: 0.9355208873748779
2024-06-03 07:55:00,565 - 25 result:
2024-06-03 07:55:00,565 - Name: 25, Distance: 0.7440008521080017
2024-06-03 07:55:00,565 - Name: 26, Distance: 0.7910521030426025
2024-06-03 07:55:00,565 - Name: 27, Distance: 0.8007890582084656
2024-06-03 07:55:00,566 - Name: 51, Distance: 0.806785523891449
2024-06-03 07:55:00,566 - Name: 24, Distance: 0.8390562534332275
2024-06-03 07:55:00,808 - 26 result:
2024-06-03 07:55:00,808 - Name: 26, Distance: 0.8622205853462219
2024-06-03 07:55:00,808 - Name: 26, Distance: 0.9581162929534912
2024-06-03 07:55:00,808 - Name: 26, Distance: 0.9853858947753906
2024-06-03 07:55:00,808 - Name: 15, Distance: 0.9976717829704285
2024-06-03 07:55:00,808 - Name: 56, Distance: 1.0264394283294678
2024-06-03 07:55:00,857 - 27 result:
2024-06-03 07:55:00,857 - Name: 36, Distance: 0.8037238717079163
2024-06-03 07:55:00,857 - Name: 24, Distance: 0.8492445945739746
2024-06-03 07:55:00,857 - Name: 27, Distance: 0.9413796663284302
2024-06-03 07:55:00,857 - Name: 27, Distance: 0.9520553946495056
2024-06-03 07:55:00,858 - Name: 24, Distance: 0.9901473522186279
2024-06-03 07:55:00,906 - 28 result:
2024-06-03 07:55:00,906 - Name: 9, Distance: 0.7912220358848572
2024-06-03 07:55:00,907 - Name: 28, Distance: 0.9382485747337341
2024-06-03 07:55:00,907 - Name: 15, Distance: 0.9464664459228516
2024-06-03 07:55:00,907 - Name: 16, Distance: 0.9554935693740845
2024-06-03 07:55:00,907 - Name: 28, Distance: 1.0080287456512451
2024-06-03 07:55:01,536 - 29 result:
2024-06-03 07:55:01,536 - Name: 29, Distance: 0.768406867980957
2024-06-03 07:55:01,537 - Name: 34, Distance: 1.0219863653182983
2024-06-03 07:55:01,537 - Name: 34, Distance: 1.06938898563385
2024-06-03 07:55:01,537 - Name: 17, Distance: 1.0884612798690796
2024-06-03 07:55:01,537 - Name: 30, Distance: 1.1310750246047974
2024-06-03 07:55:01,594 - 3 result:
2024-06-03 07:55:01,594 - Name: 3, Distance: 0.759329080581665
2024-06-03 07:55:01,594 - Name: 3, Distance: 0.8023951053619385
2024-06-03 07:55:01,594 - Name: 11, Distance: 1.000146746635437
2024-06-03 07:55:01,594 - Name: 28, Distance: 1.0104458332061768
2024-06-03 07:55:01,594 - Name: 48, Distance: 1.0329651832580566
2024-06-03 07:55:01,644 - 30 result:
2024-06-03 07:55:01,644 - Name: 30, Distance: 0.9976788759231567
2024-06-03 07:55:01,644 - Name: 15, Distance: 1.0093024969100952
2024-06-03 07:55:01,644 - Name: 21, Distance: 1.0195789337158203
2024-06-03 07:55:01,644 - Name: 9, Distance: 1.044503927230835
2024-06-03 07:55:01,644 - Name: 29, Distance: 1.0470623970031738
2024-06-03 07:55:01,698 - 31 result:
2024-06-03 07:55:01,699 - Name: 31, Distance: 0.8874794244766235
2024-06-03 07:55:01,699 - Name: 10, Distance: 0.9464593529701233
2024-06-03 07:55:01,699 - Name: 31, Distance: 0.9899052381515503
2024-06-03 07:55:01,699 - Name: 6, Distance: 1.0092504024505615
2024-06-03 07:55:01,699 - Name: 31, Distance: 1.0286446809768677
2024-06-03 07:55:01,747 - 32 result:
2024-06-03 07:55:01,747 - Name: 32, Distance: 0.9756029844284058
2024-06-03 07:55:01,748 - Name: 32, Distance: 1.0516924858093262
2024-06-03 07:55:01,748 - Name: 56, Distance: 1.081495761871338
2024-06-03 07:55:01,748 - Name: 56, Distance: 1.0926120281219482
2024-06-03 07:55:01,748 - Name: 44, Distance: 1.099088191986084
2024-06-03 07:55:01,996 - 33 result:
2024-06-03 07:55:01,997 - Name: 6, Distance: 0.8532615303993225
2024-06-03 07:55:01,997 - Name: 6, Distance: 0.864569902420044
2024-06-03 07:55:01,997 - Name: 13, Distance: 0.9011384844779968
2024-06-03 07:55:01,997 - Name: 7, Distance: 0.9244990944862366
2024-06-03 07:55:01,997 - Name: 11, Distance: 0.9443333148956299
2024-06-03 07:55:02,044 - 34 result:
2024-06-03 07:55:02,045 - Name: 34, Distance: 0.9821905493736267
2024-06-03 07:55:02,045 - Name: 27, Distance: 0.9849313497543335
2024-06-03 07:55:02,045 - Name: 24, Distance: 0.9863994121551514
2024-06-03 07:55:02,045 - Name: 34, Distance: 0.9908061623573303
2024-06-03 07:55:02,045 - Name: 19, Distance: 1.0471915006637573
2024-06-03 07:55:02,650 - 35 result:
2024-06-03 07:55:02,651 - Name: 35, Distance: 1.0018515586853027
2024-06-03 07:55:02,651 - Name: 3, Distance: 1.0112463235855103
2024-06-03 07:55:02,651 - Name: 35, Distance: 1.0405219793319702
2024-06-03 07:55:02,651 - Name: 10, Distance: 1.070860505104065
2024-06-03 07:55:02,651 - Name: 11, Distance: 1.0744634866714478
2024-06-03 07:55:02,728 - 36 result:
2024-06-03 07:55:02,728 - Name: 52, Distance: 1.03054940700531
2024-06-03 07:55:02,728 - Name: 53, Distance: 1.0853101015090942
2024-06-03 07:55:02,728 - Name: 36, Distance: 1.1164493560791016
2024-06-03 07:55:02,729 - Name: 13, Distance: 1.1297950744628906
2024-06-03 07:55:02,729 - Name: 58, Distance: 1.1317766904830933
2024-06-03 07:55:02,786 - 37 result:
2024-06-03 07:55:02,787 - Name: 37, Distance: 0.9861201643943787
2024-06-03 07:55:02,787 - Name: 35, Distance: 0.9927652478218079
2024-06-03 07:55:02,787 - Name: 37, Distance: 1.140564203262329
2024-06-03 07:55:02,787 - Name: 35, Distance: 1.1492398977279663
2024-06-03 07:55:02,787 - Name: 45, Distance: 1.1556601524353027
2024-06-03 07:55:02,835 - 38 result:
2024-06-03 07:55:02,835 - Name: 55, Distance: 1.0061614513397217
2024-06-03 07:55:02,835 - Name: 36, Distance: 1.1282355785369873
2024-06-03 07:55:02,836 - Name: 37, Distance: 1.1310070753097534
2024-06-03 07:55:02,836 - Name: 57, Distance: 1.1316083669662476
2024-06-03 07:55:02,836 - Name: 43, Distance: 1.138513207435608
2024-06-03 07:55:03,074 - 39 result:
2024-06-03 07:55:03,074 - Name: 52, Distance: 0.9151122570037842
2024-06-03 07:55:03,074 - Name: 59, Distance: 0.9882783889770508
2024-06-03 07:55:03,074 - Name: 42, Distance: 1.0318940877914429
2024-06-03 07:55:03,075 - Name: 39, Distance: 1.0644128322601318
2024-06-03 07:55:03,075 - Name: 38, Distance: 1.0726773738861084
2024-06-03 07:55:03,690 - 4 result:
2024-06-03 07:55:03,690 - Name: 39, Distance: 0.9551180005073547
2024-06-03 07:55:03,690 - Name: 36, Distance: 1.0118038654327393
2024-06-03 07:55:03,690 - Name: 59, Distance: 1.0747804641723633
2024-06-03 07:55:03,691 - Name: 15, Distance: 1.0753483772277832
2024-06-03 07:55:03,691 - Name: 48, Distance: 1.106810450553894
2024-06-03 07:55:03,742 - 40 result:
2024-06-03 07:55:03,742 - Name: 40, Distance: 0.9266977906227112
2024-06-03 07:55:03,742 - Name: 58, Distance: 0.9821130037307739
2024-06-03 07:55:03,743 - Name: 39, Distance: 0.9896237850189209
2024-06-03 07:55:03,743 - Name: 51, Distance: 1.0007497072219849
2024-06-03 07:55:03,743 - Name: 44, Distance: 1.0063484907150269
2024-06-03 07:55:03,795 - 41 result:
2024-06-03 07:55:03,795 - Name: 57, Distance: 1.023602843284607
2024-06-03 07:55:03,795 - Name: 52, Distance: 1.0351240634918213
2024-06-03 07:55:03,795 - Name: 52, Distance: 1.0510880947113037
2024-06-03 07:55:03,795 - Name: 24, Distance: 1.0960525274276733
2024-06-03 07:55:03,795 - Name: 26, Distance: 1.106501579284668
2024-06-03 07:55:04,033 - 42 result:
2024-06-03 07:55:04,033 - Name: 26, Distance: 1.003708839416504
2024-06-03 07:55:04,033 - Name: 24, Distance: 1.0846060514450073
2024-06-03 07:55:04,033 - Name: 32, Distance: 1.0901246070861816
2024-06-03 07:55:04,033 - Name: 6, Distance: 1.098327398300171
2024-06-03 07:55:04,033 - Name: 11, Distance: 1.1035257577896118
2024-06-03 07:55:04,670 - 44 result:
2024-06-03 07:55:04,671 - Name: 43, Distance: 0.9347184896469116
2024-06-03 07:55:04,671 - Name: 44, Distance: 0.967976987361908
2024-06-03 07:55:04,671 - Name: 47, Distance: 0.991117000579834
2024-06-03 07:55:04,671 - Name: 45, Distance: 1.064979076385498
2024-06-03 07:55:04,671 - Name: 59, Distance: 1.1105456352233887
2024-06-03 07:55:04,737 - 45 result:
2024-06-03 07:55:04,737 - Name: 32, Distance: 0.8990581035614014
2024-06-03 07:55:04,737 - Name: 40, Distance: 1.0130048990249634
2024-06-03 07:55:04,737 - Name: 23, Distance: 1.0148605108261108
2024-06-03 07:55:04,737 - Name: 40, Distance: 1.0422219038009644
2024-06-03 07:55:04,737 - Name: 52, Distance: 1.0623791217803955
2024-06-03 07:55:04,795 - 46 result:
2024-06-03 07:55:04,796 - Name: 46, Distance: 0.9746639132499695
2024-06-03 07:55:04,796 - Name: 46, Distance: 0.9891926050186157
2024-06-03 07:55:04,796 - Name: 48, Distance: 1.01923406124115
2024-06-03 07:55:04,796 - Name: 46, Distance: 1.0641003847122192
2024-06-03 07:55:04,796 - Name: 10, Distance: 1.0875675678253174
2024-06-03 07:55:05,037 - 47 result:
2024-06-03 07:55:05,037 - Name: 47, Distance: 1.031776785850525
2024-06-03 07:55:05,037 - Name: 58, Distance: 1.0359103679656982
2024-06-03 07:55:05,037 - Name: 53, Distance: 1.0639113187789917
2024-06-03 07:55:05,037 - Name: 38, Distance: 1.0646384954452515
2024-06-03 07:55:05,037 - Name: 53, Distance: 1.0956218242645264
2024-06-03 07:55:05,674 - 48 result:
2024-06-03 07:55:05,674 - Name: 46, Distance: 0.9446446895599365
2024-06-03 07:55:05,674 - Name: 6, Distance: 0.9456642270088196
2024-06-03 07:55:05,674 - Name: 48, Distance: 0.9515399932861328
2024-06-03 07:55:05,675 - Name: 51, Distance: 0.9744415283203125
2024-06-03 07:55:05,675 - Name: 6, Distance: 1.0368374586105347
2024-06-03 07:55:05,729 - 5 result:
2024-06-03 07:55:05,730 - Name: 34, Distance: 1.0111770629882812
2024-06-03 07:55:05,730 - Name: 5, Distance: 1.0246349573135376
2024-06-03 07:55:05,730 - Name: 25, Distance: 1.0729215145111084
2024-06-03 07:55:05,730 - Name: 51, Distance: 1.0911561250686646
2024-06-03 07:55:05,730 - Name: 25, Distance: 1.1007897853851318
2024-06-03 07:55:05,783 - 50 result:
2024-06-03 07:55:05,784 - Name: 14, Distance: 1.0582867860794067
2024-06-03 07:55:05,784 - Name: 28, Distance: 1.0656278133392334
2024-06-03 07:55:05,784 - Name: 15, Distance: 1.1142150163650513
2024-06-03 07:55:05,784 - Name: 55, Distance: 1.1170134544372559
2024-06-03 07:55:05,784 - Name: 7, Distance: 1.1255669593811035
2024-06-03 07:55:06,024 - 51 result:
2024-06-03 07:55:06,024 - Name: 59, Distance: 0.9250117540359497
2024-06-03 07:55:06,024 - Name: 34, Distance: 0.9925614595413208
2024-06-03 07:55:06,024 - Name: 57, Distance: 1.0120798349380493
2024-06-03 07:55:06,024 - Name: 51, Distance: 1.0148893594741821
2024-06-03 07:55:06,024 - Name: 43, Distance: 1.039628267288208
2024-06-03 07:55:06,644 - 52 result:
2024-06-03 07:55:06,644 - Name: 52, Distance: 0.9020532965660095
2024-06-03 07:55:06,644 - Name: 36, Distance: 1.019111156463623
2024-06-03 07:55:06,644 - Name: 51, Distance: 1.082473874092102
2024-06-03 07:55:06,644 - Name: 47, Distance: 1.0978648662567139
2024-06-03 07:55:06,644 - Name: 26, Distance: 1.1097121238708496
2024-06-03 07:55:06,730 - 53 result:
2024-06-03 07:55:06,730 - Name: 53, Distance: 1.0296767950057983
2024-06-03 07:55:06,730 - Name: 55, Distance: 1.0609177350997925
2024-06-03 07:55:06,730 - Name: 58, Distance: 1.0759671926498413
2024-06-03 07:55:06,730 - Name: 44, Distance: 1.086355209350586
2024-06-03 07:55:06,730 - Name: 52, Distance: 1.1159400939941406
2024-06-03 07:55:06,786 - 54 result:
2024-06-03 07:55:06,786 - Name: 44, Distance: 1.0266386270523071
2024-06-03 07:55:06,787 - Name: 25, Distance: 1.0614936351776123
2024-06-03 07:55:06,787 - Name: 28, Distance: 1.0744924545288086
2024-06-03 07:55:06,787 - Name: 13, Distance: 1.1138609647750854
2024-06-03 07:55:06,787 - Name: 54, Distance: 1.1271206140518188
2024-06-03 07:55:06,833 - 55 result:
2024-06-03 07:55:06,833 - Name: 36, Distance: 0.7956880331039429
2024-06-03 07:55:06,833 - Name: 25, Distance: 0.8871681094169617
2024-06-03 07:55:06,833 - Name: 26, Distance: 0.9086304903030396
2024-06-03 07:55:06,833 - Name: 24, Distance: 0.9461694359779358
2024-06-03 07:55:06,833 - Name: 25, Distance: 0.9626802206039429
2024-06-03 07:55:07,068 - 56 result:
2024-06-03 07:55:07,068 - Name: 56, Distance: 0.9009367227554321
2024-06-03 07:55:07,068 - Name: 30, Distance: 0.9363094568252563
2024-06-03 07:55:07,068 - Name: 4, Distance: 0.9828812479972839
2024-06-03 07:55:07,068 - Name: 39, Distance: 1.0151008367538452
2024-06-03 07:55:07,068 - Name: 56, Distance: 1.0322012901306152
2024-06-03 07:55:07,127 - 57 result:
2024-06-03 07:55:07,127 - Name: 36, Distance: 1.0071252584457397
2024-06-03 07:55:07,127 - Name: 57, Distance: 1.0078710317611694
2024-06-03 07:55:07,127 - Name: 0, Distance: 1.0119388103485107
2024-06-03 07:55:07,127 - Name: 59, Distance: 1.0198289155960083
2024-06-03 07:55:07,127 - Name: 2, Distance: 1.0941498279571533
2024-06-03 07:55:07,175 - 58 result:
2024-06-03 07:55:07,175 - Name: 41, Distance: 1.0367987155914307
2024-06-03 07:55:07,175 - Name: 41, Distance: 1.0920860767364502
2024-06-03 07:55:07,175 - Name: 39, Distance: 1.1122522354125977
2024-06-03 07:55:07,175 - Name: 44, Distance: 1.1569799184799194
2024-06-03 07:55:07,176 - Name: 30, Distance: 1.171661376953125
2024-06-03 07:55:07,797 - 59 result:
2024-06-03 07:55:07,797 - Name: 2, Distance: 0.9436693787574768
2024-06-03 07:55:07,797 - Name: 55, Distance: 0.9657520055770874
2024-06-03 07:55:07,797 - Name: 2, Distance: 1.0268280506134033
2024-06-03 07:55:07,797 - Name: 36, Distance: 1.0285024642944336
2024-06-03 07:55:07,797 - Name: 59, Distance: 1.0415884256362915
2024-06-03 07:55:07,866 - 6 result:
2024-06-03 07:55:07,866 - Name: 33, Distance: 0.9496525526046753
2024-06-03 07:55:07,866 - Name: 20, Distance: 0.9513116478919983
2024-06-03 07:55:07,867 - Name: 14, Distance: 0.9636611342430115
2024-06-03 07:55:07,867 - Name: 19, Distance: 1.028090476989746
2024-06-03 07:55:07,867 - Name: 36, Distance: 1.043763279914856
2024-06-03 07:55:07,922 - 7 result:
2024-06-03 07:55:07,922 - Name: 11, Distance: 0.9225592017173767
2024-06-03 07:55:07,922 - Name: 33, Distance: 0.9508180618286133
2024-06-03 07:55:07,922 - Name: 7, Distance: 0.9617063403129578
2024-06-03 07:55:07,922 - Name: 6, Distance: 0.9705360531806946
2024-06-03 07:55:07,922 - Name: 14, Distance: 0.98797607421875
2024-06-03 07:55:07,970 - 8 result:
2024-06-03 07:55:07,971 - Name: 8, Distance: 0.7788242697715759
2024-06-03 07:55:07,971 - Name: 8, Distance: 0.8235050439834595
2024-06-03 07:55:07,971 - Name: 27, Distance: 0.8744577765464783
2024-06-03 07:55:07,971 - Name: 27, Distance: 0.9056031703948975
2024-06-03 07:55:07,971 - Name: 8, Distance: 0.9098290801048279
2024-06-03 07:55:08,211 - 9 result:
2024-06-03 07:55:08,211 - Name: 54, Distance: 0.8428857326507568
2024-06-03 07:55:08,211 - Name: 11, Distance: 0.9429972171783447
2024-06-03 07:55:08,211 - Name: 6, Distance: 0.9571920037269592
2024-06-03 07:55:08,211 - Name: 8, Distance: 0.9907291531562805
2024-06-03 07:55:08,211 - Name: 8, Distance: 1.0192468166351318
2024-06-03 07:55:08,329 - Total samples: 58
2024-06-03 07:55:08,329 - Correct predictions: 43
2024-06-03 07:55:08,329 - Incorrect predictions: 15
2024-06-03 07:55:08,329 - Accuracy: 74.14%
2024-06-03 07:55:08,329 - Correctly predicted classes:
2024-06-03 07:55:08,329 - 12: 1
2024-06-03 07:55:08,330 - 20: 1
2024-06-03 07:55:08,330 - 25: 1
2024-06-03 07:55:08,330 - 59: 1
2024-06-03 07:55:08,330 - 36: 1
2024-06-03 07:55:08,330 - 7: 1
2024-06-03 07:55:08,330 - 1: 1
2024-06-03 07:55:08,330 - 39: 1
2024-06-03 07:55:08,330 - 34: 1
2024-06-03 07:55:08,331 - 56: 1
2024-06-03 07:55:08,331 - 24: 1
2024-06-03 07:55:08,331 - 48: 1
2024-06-03 07:55:08,331 - 53: 1
2024-06-03 07:55:08,331 - 40: 1
2024-06-03 07:55:08,331 - 26: 1
2024-06-03 07:55:08,331 - 10: 1
2024-06-03 07:55:08,331 - 46: 1
2024-06-03 07:55:08,331 - 0: 1
2024-06-03 07:55:08,332 - 54: 1
2024-06-03 07:55:08,332 - 29: 1
2024-06-03 07:55:08,332 - 51: 1
2024-06-03 07:55:08,332 - 52: 1
2024-06-03 07:55:08,332 - 28: 1
2024-06-03 07:55:08,332 - 27: 1
2024-06-03 07:55:08,332 - 35: 1
2024-06-03 07:55:08,332 - 13: 1
2024-06-03 07:55:08,332 - 44: 1
2024-06-03 07:55:08,333 - 19: 1
2024-06-03 07:55:08,333 - 32: 1
2024-06-03 07:55:08,333 - 30: 1
2024-06-03 07:55:08,333 - 11: 1
2024-06-03 07:55:08,333 - 5: 1
2024-06-03 07:55:08,333 - 3: 1
2024-06-03 07:55:08,333 - 57: 1
2024-06-03 07:55:08,333 - 47: 1
2024-06-03 07:55:08,333 - 2: 1
2024-06-03 07:55:08,334 - 37: 1
2024-06-03 07:55:08,334 - 16: 1
2024-06-03 07:55:08,334 - 31: 1
2024-06-03 07:55:08,334 - 22: 1
2024-06-03 07:55:08,334 - 17: 1
2024-06-03 07:55:08,334 - 18: 1
2024-06-03 07:55:08,334 - 8: 1
2024-06-03 07:55:08,334 - Incorrectly predicted classes:
2024-06-03 07:55:08,334 - 45: 1
2024-06-03 07:55:08,335 - 55: 1
2024-06-03 07:55:08,335 - 33: 1
2024-06-03 07:55:08,335 - 38: 1
2024-06-03 07:55:08,335 - 6: 1
2024-06-03 07:55:08,335 - 4: 1
2024-06-03 07:55:08,335 - 41: 1
2024-06-03 07:55:08,335 - 15: 1
2024-06-03 07:55:08,335 - 42: 1
2024-06-03 07:55:08,335 - 50: 1
2024-06-03 07:55:08,336 - 9: 1
2024-06-03 07:55:08,336 - 14: 1
2024-06-03 07:55:08,336 - 23: 1
2024-06-03 07:55:08,336 - 21: 1
2024-06-03 07:55:08,336 - 58: 1
