2024-06-02 23:16:07,247 - test_dir : ./Face_Dataset/Test
2024-06-02 23:16:07,247 - pretrained : work_dir/FaceNet_finetuning_Random_Batch_FNP_CE_80_32/FaceNet_finetuning_Random_Batch_FNP_CE_80_32_deepfake.pth
2024-06-02 23:16:07,247 - model_name : FaceNet_finetuning_Random_Batch_FNP_CE
2024-06-02 23:17:00,125 - 0 result:
2024-06-02 23:17:00,126 - Name: 2, Distance: 1.0476728677749634
2024-06-02 23:17:00,126 - Name: 2, Distance: 1.098247766494751
2024-06-02 23:17:00,126 - Name: 2, Distance: 1.1020090579986572
2024-06-02 23:17:00,126 - Name: 0, Distance: 1.1038336753845215
2024-06-02 23:17:00,126 - Name: 0, Distance: 1.1397321224212646
2024-06-02 23:17:00,229 - 1 result:
2024-06-02 23:17:00,230 - Name: 0, Distance: 0.9828807711601257
2024-06-02 23:17:00,230 - Name: 0, Distance: 0.9975972175598145
2024-06-02 23:17:00,230 - Name: 0, Distance: 1.0215339660644531
2024-06-02 23:17:00,230 - Name: 52, Distance: 1.073817253112793
2024-06-02 23:17:00,230 - Name: 52, Distance: 1.0863230228424072
2024-06-02 23:17:00,289 - 10 result:
2024-06-02 23:17:00,289 - Name: 43, Distance: 0.9688916206359863
2024-06-02 23:17:00,289 - Name: 43, Distance: 0.9794672131538391
2024-06-02 23:17:00,289 - Name: 43, Distance: 0.9898085594177246
2024-06-02 23:17:00,289 - Name: 14, Distance: 1.0611613988876343
2024-06-02 23:17:00,289 - Name: 5, Distance: 1.0693657398223877
2024-06-02 23:17:00,362 - 11 result:
2024-06-02 23:17:00,363 - Name: 45, Distance: 0.8261759281158447
2024-06-02 23:17:00,363 - Name: 45, Distance: 0.8828231692314148
2024-06-02 23:17:00,363 - Name: 45, Distance: 0.9139598608016968
2024-06-02 23:17:00,363 - Name: 36, Distance: 1.1824703216552734
2024-06-02 23:17:00,363 - Name: 8, Distance: 1.184531331062317
2024-06-02 23:17:01,453 - 12 result:
2024-06-02 23:17:01,453 - Name: 12, Distance: 0.994213879108429
2024-06-02 23:17:01,453 - Name: 12, Distance: 1.0238869190216064
2024-06-02 23:17:01,453 - Name: 12, Distance: 1.0435339212417603
2024-06-02 23:17:01,453 - Name: 15, Distance: 1.058529257774353
2024-06-02 23:17:01,453 - Name: 15, Distance: 1.0971496105194092
2024-06-02 23:17:01,535 - 13 result:
2024-06-02 23:17:01,535 - Name: 13, Distance: 0.0
2024-06-02 23:17:01,535 - Name: 13, Distance: 0.1984725445508957
2024-06-02 23:17:01,535 - Name: 13, Distance: 0.20465759932994843
2024-06-02 23:17:01,535 - Name: 17, Distance: 1.2479625940322876
2024-06-02 23:17:01,535 - Name: 23, Distance: 1.2725534439086914
2024-06-02 23:17:01,590 - 14 result:
2024-06-02 23:17:01,591 - Name: 50, Distance: 1.0675251483917236
2024-06-02 23:17:01,591 - Name: 52, Distance: 1.0681110620498657
2024-06-02 23:17:01,591 - Name: 50, Distance: 1.079541563987732
2024-06-02 23:17:01,591 - Name: 32, Distance: 1.0801321268081665
2024-06-02 23:17:01,591 - Name: 50, Distance: 1.0840743780136108
2024-06-02 23:17:01,639 - 15 result:
2024-06-02 23:17:01,639 - Name: 28, Distance: 0.9239461421966553
2024-06-02 23:17:01,640 - Name: 28, Distance: 0.9465382695198059
2024-06-02 23:17:01,640 - Name: 28, Distance: 0.9471726417541504
2024-06-02 23:17:01,640 - Name: 30, Distance: 1.0352085828781128
2024-06-02 23:17:01,640 - Name: 30, Distance: 1.0811197757720947
2024-06-02 23:17:01,869 - 16 result:
2024-06-02 23:17:01,870 - Name: 16, Distance: 0.7277440428733826
2024-06-02 23:17:01,870 - Name: 16, Distance: 0.7453874349594116
2024-06-02 23:17:01,870 - Name: 16, Distance: 0.775298535823822
2024-06-02 23:17:01,870 - Name: 26, Distance: 1.0269672870635986
2024-06-02 23:17:01,870 - Name: 8, Distance: 1.0290846824645996
2024-06-02 23:17:02,666 - 17 result:
2024-06-02 23:17:02,666 - Name: 13, Distance: 1.072344183921814
2024-06-02 23:17:02,666 - Name: 17, Distance: 1.104749083518982
2024-06-02 23:17:02,667 - Name: 17, Distance: 1.105155110359192
2024-06-02 23:17:02,667 - Name: 13, Distance: 1.1088510751724243
2024-06-02 23:17:02,667 - Name: 17, Distance: 1.1167794466018677
2024-06-02 23:17:03,644 - 18 result:
2024-06-02 23:17:03,645 - Name: 14, Distance: 1.025816559791565
2024-06-02 23:17:03,645 - Name: 14, Distance: 1.0331090688705444
2024-06-02 23:17:03,645 - Name: 14, Distance: 1.0600981712341309
2024-06-02 23:17:03,645 - Name: 33, Distance: 1.0852599143981934
2024-06-02 23:17:03,645 - Name: 33, Distance: 1.0869442224502563
2024-06-02 23:17:03,736 - 19 result:
2024-06-02 23:17:03,737 - Name: 1, Distance: 0.9428040981292725
2024-06-02 23:17:03,737 - Name: 1, Distance: 0.9461328387260437
2024-06-02 23:17:03,737 - Name: 1, Distance: 0.964715301990509
2024-06-02 23:17:03,737 - Name: 28, Distance: 1.1320672035217285
2024-06-02 23:17:03,737 - Name: 25, Distance: 1.1365185976028442
2024-06-02 23:17:03,797 - 2 result:
2024-06-02 23:17:03,797 - Name: 52, Distance: 1.0112805366516113
2024-06-02 23:17:03,797 - Name: 52, Distance: 1.029868483543396
2024-06-02 23:17:03,797 - Name: 2, Distance: 1.0410184860229492
2024-06-02 23:17:03,797 - Name: 52, Distance: 1.0418699979782104
2024-06-02 23:17:03,797 - Name: 2, Distance: 1.070577621459961
2024-06-02 23:17:03,963 - 20 result:
2024-06-02 23:17:03,963 - Name: 20, Distance: 1.0094486474990845
2024-06-02 23:17:03,964 - Name: 20, Distance: 1.0363284349441528
2024-06-02 23:17:03,964 - Name: 20, Distance: 1.0397828817367554
2024-06-02 23:17:03,964 - Name: 43, Distance: 1.0494320392608643
2024-06-02 23:17:03,964 - Name: 2, Distance: 1.0681464672088623
2024-06-02 23:17:04,764 - 21 result:
2024-06-02 23:17:04,764 - Name: 43, Distance: 1.0486465692520142
2024-06-02 23:17:04,764 - Name: 10, Distance: 1.0609244108200073
2024-06-02 23:17:04,764 - Name: 14, Distance: 1.068739414215088
2024-06-02 23:17:04,764 - Name: 14, Distance: 1.075319528579712
2024-06-02 23:17:04,764 - Name: 43, Distance: 1.079087734222412
2024-06-02 23:17:04,886 - 22 result:
2024-06-02 23:17:04,886 - Name: 58, Distance: 0.9191305041313171
2024-06-02 23:17:04,887 - Name: 58, Distance: 0.9228951334953308
2024-06-02 23:17:04,887 - Name: 32, Distance: 0.9341449737548828
2024-06-02 23:17:04,887 - Name: 58, Distance: 0.9465253353118896
2024-06-02 23:17:04,887 - Name: 32, Distance: 0.9610409140586853
2024-06-02 23:17:04,943 - 23 result:
2024-06-02 23:17:04,944 - Name: 29, Distance: 0.9329494833946228
2024-06-02 23:17:04,944 - Name: 29, Distance: 0.976118266582489
2024-06-02 23:17:04,944 - Name: 29, Distance: 0.9890110492706299
2024-06-02 23:17:04,944 - Name: 12, Distance: 1.0653796195983887
2024-06-02 23:17:04,944 - Name: 12, Distance: 1.0671312808990479
2024-06-02 23:17:06,075 - 24 result:
2024-06-02 23:17:06,076 - Name: 24, Distance: 0.6865288615226746
2024-06-02 23:17:06,076 - Name: 24, Distance: 0.6934309601783752
2024-06-02 23:17:06,076 - Name: 24, Distance: 0.6945918202400208
2024-06-02 23:17:06,076 - Name: 26, Distance: 0.9935203194618225
2024-06-02 23:17:06,076 - Name: 26, Distance: 1.014244794845581
2024-06-02 23:17:06,167 - 25 result:
2024-06-02 23:17:06,167 - Name: 50, Distance: 1.0553698539733887
2024-06-02 23:17:06,167 - Name: 44, Distance: 1.060747504234314
2024-06-02 23:17:06,167 - Name: 50, Distance: 1.068328619003296
2024-06-02 23:17:06,167 - Name: 44, Distance: 1.0718235969543457
2024-06-02 23:17:06,167 - Name: 50, Distance: 1.0739154815673828
2024-06-02 23:17:06,222 - 26 result:
2024-06-02 23:17:06,222 - Name: 28, Distance: 0.835733950138092
2024-06-02 23:17:06,223 - Name: 28, Distance: 0.8558062314987183
2024-06-02 23:17:06,223 - Name: 28, Distance: 0.8621718287467957
2024-06-02 23:17:06,223 - Name: 16, Distance: 0.9986684918403625
2024-06-02 23:17:06,223 - Name: 16, Distance: 1.0216691493988037
2024-06-02 23:17:06,448 - 27 result:
2024-06-02 23:17:06,448 - Name: 28, Distance: 0.8931198716163635
2024-06-02 23:17:06,448 - Name: 28, Distance: 0.9093971848487854
2024-06-02 23:17:06,448 - Name: 28, Distance: 0.9147032499313354
2024-06-02 23:17:06,448 - Name: 55, Distance: 1.1410095691680908
2024-06-02 23:17:06,448 - Name: 25, Distance: 1.1660348176956177
2024-06-02 23:17:07,178 - 28 result:
2024-06-02 23:17:07,178 - Name: 30, Distance: 0.955389678478241
2024-06-02 23:17:07,178 - Name: 30, Distance: 1.010333776473999
2024-06-02 23:17:07,178 - Name: 30, Distance: 1.0299184322357178
2024-06-02 23:17:07,178 - Name: 27, Distance: 1.0543245077133179
2024-06-02 23:17:07,178 - Name: 27, Distance: 1.0686109066009521
2024-06-02 23:17:08,175 - 29 result:
2024-06-02 23:17:08,175 - Name: 21, Distance: 0.6272127032279968
2024-06-02 23:17:08,176 - Name: 21, Distance: 0.6530011892318726
2024-06-02 23:17:08,176 - Name: 21, Distance: 0.6669856309890747
2024-06-02 23:17:08,176 - Name: 50, Distance: 1.1509065628051758
2024-06-02 23:17:08,176 - Name: 50, Distance: 1.1781574487686157
2024-06-02 23:17:08,288 - 3 result:
2024-06-02 23:17:08,289 - Name: 3, Distance: 0.7628687024116516
2024-06-02 23:17:08,289 - Name: 3, Distance: 0.7830410003662109
2024-06-02 23:17:08,289 - Name: 3, Distance: 0.8202314972877502
2024-06-02 23:17:08,289 - Name: 37, Distance: 1.0241267681121826
2024-06-02 23:17:08,289 - Name: 37, Distance: 1.0330028533935547
2024-06-02 23:17:08,345 - 30 result:
2024-06-02 23:17:08,346 - Name: 28, Distance: 0.8555405735969543
2024-06-02 23:17:08,346 - Name: 28, Distance: 0.8704832792282104
2024-06-02 23:17:08,346 - Name: 28, Distance: 0.8773761987686157
2024-06-02 23:17:08,346 - Name: 15, Distance: 1.0638647079467773
2024-06-02 23:17:08,346 - Name: 15, Distance: 1.0813459157943726
2024-06-02 23:17:08,628 - 31 result:
2024-06-02 23:17:08,628 - Name: 14, Distance: 1.0663820505142212
2024-06-02 23:17:08,628 - Name: 14, Distance: 1.0816675424575806
2024-06-02 23:17:08,628 - Name: 14, Distance: 1.0870928764343262
2024-06-02 23:17:08,628 - Name: 57, Distance: 1.1392251253128052
2024-06-02 23:17:08,628 - Name: 53, Distance: 1.1448601484298706
2024-06-02 23:17:09,537 - 32 result:
2024-06-02 23:17:09,538 - Name: 1, Distance: 1.0362566709518433
2024-06-02 23:17:09,538 - Name: 1, Distance: 1.0526384115219116
2024-06-02 23:17:09,538 - Name: 1, Distance: 1.0536147356033325
2024-06-02 23:17:09,538 - Name: 32, Distance: 1.0557903051376343
2024-06-02 23:17:09,538 - Name: 32, Distance: 1.0655571222305298
2024-06-02 23:17:09,593 - 33 result:
2024-06-02 23:17:09,593 - Name: 14, Distance: 1.0278658866882324
2024-06-02 23:17:09,593 - Name: 9, Distance: 1.0387383699417114
2024-06-02 23:17:09,593 - Name: 18, Distance: 1.0657364130020142
2024-06-02 23:17:09,593 - Name: 14, Distance: 1.0759997367858887
2024-06-02 23:17:09,593 - Name: 14, Distance: 1.0850920677185059
2024-06-02 23:17:09,823 - 34 result:
2024-06-02 23:17:09,823 - Name: 29, Distance: 0.6990676522254944
2024-06-02 23:17:09,824 - Name: 29, Distance: 0.7056256532669067
2024-06-02 23:17:09,824 - Name: 29, Distance: 0.7306370139122009
2024-06-02 23:17:09,824 - Name: 8, Distance: 0.9486003518104553
2024-06-02 23:17:09,824 - Name: 8, Distance: 0.9696454405784607
2024-06-02 23:17:10,533 - 35 result:
2024-06-02 23:17:10,533 - Name: 35, Distance: 0.9135897755622864
2024-06-02 23:17:10,533 - Name: 35, Distance: 0.9190222024917603
2024-06-02 23:17:10,533 - Name: 35, Distance: 0.941565752029419
2024-06-02 23:17:10,533 - Name: 30, Distance: 0.995746910572052
2024-06-02 23:17:10,533 - Name: 30, Distance: 1.0162705183029175
2024-06-02 23:17:11,570 - 36 result:
2024-06-02 23:17:11,571 - Name: 20, Distance: 1.0652093887329102
2024-06-02 23:17:11,571 - Name: 8, Distance: 1.0826767683029175
2024-06-02 23:17:11,571 - Name: 8, Distance: 1.0925896167755127
2024-06-02 23:17:11,571 - Name: 20, Distance: 1.0987703800201416
2024-06-02 23:17:11,571 - Name: 20, Distance: 1.1017087697982788
2024-06-02 23:17:11,674 - 37 result:
2024-06-02 23:17:11,674 - Name: 28, Distance: 1.0899131298065186
2024-06-02 23:17:11,675 - Name: 28, Distance: 1.0922383069992065
2024-06-02 23:17:11,675 - Name: 30, Distance: 1.1003309488296509
2024-06-02 23:17:11,675 - Name: 28, Distance: 1.1095229387283325
2024-06-02 23:17:11,675 - Name: 30, Distance: 1.1635011434555054
2024-06-02 23:17:11,737 - 38 result:
2024-06-02 23:17:11,738 - Name: 21, Distance: 0.8629990816116333
2024-06-02 23:17:11,738 - Name: 21, Distance: 0.8793303370475769
2024-06-02 23:17:11,738 - Name: 21, Distance: 0.8864296078681946
2024-06-02 23:17:11,738 - Name: 55, Distance: 1.0435583591461182
2024-06-02 23:17:11,738 - Name: 55, Distance: 1.0682471990585327
2024-06-02 23:17:11,859 - 39 result:
2024-06-02 23:17:11,859 - Name: 36, Distance: 1.065584659576416
2024-06-02 23:17:11,859 - Name: 36, Distance: 1.0782301425933838
2024-06-02 23:17:11,859 - Name: 36, Distance: 1.0916252136230469
2024-06-02 23:17:11,860 - Name: 16, Distance: 1.130239486694336
2024-06-02 23:17:11,860 - Name: 16, Distance: 1.1384810209274292
2024-06-02 23:17:12,928 - 4 result:
2024-06-02 23:17:12,928 - Name: 50, Distance: 1.0224452018737793
2024-06-02 23:17:12,928 - Name: 50, Distance: 1.0359712839126587
2024-06-02 23:17:12,928 - Name: 48, Distance: 1.0510656833648682
2024-06-02 23:17:12,928 - Name: 48, Distance: 1.0690497159957886
2024-06-02 23:17:12,928 - Name: 48, Distance: 1.071705937385559
2024-06-02 23:17:13,160 - 40 result:
2024-06-02 23:17:13,160 - Name: 0, Distance: 0.9370340704917908
2024-06-02 23:17:13,160 - Name: 0, Distance: 0.956232488155365
2024-06-02 23:17:13,160 - Name: 0, Distance: 0.9625526070594788
2024-06-02 23:17:13,160 - Name: 40, Distance: 1.0687669515609741
2024-06-02 23:17:13,160 - Name: 24, Distance: 1.075412631034851
2024-06-02 23:17:13,221 - 41 result:
2024-06-02 23:17:13,221 - Name: 44, Distance: 0.9308211803436279
2024-06-02 23:17:13,221 - Name: 44, Distance: 0.9700745940208435
2024-06-02 23:17:13,221 - Name: 44, Distance: 0.9832327961921692
2024-06-02 23:17:13,221 - Name: 16, Distance: 1.0362522602081299
2024-06-02 23:17:13,221 - Name: 45, Distance: 1.040320873260498
2024-06-02 23:17:13,847 - 42 result:
2024-06-02 23:17:13,847 - Name: 55, Distance: 1.1146162748336792
2024-06-02 23:17:13,847 - Name: 25, Distance: 1.1190838813781738
2024-06-02 23:17:13,848 - Name: 53, Distance: 1.126855492591858
2024-06-02 23:17:13,848 - Name: 55, Distance: 1.1318840980529785
2024-06-02 23:17:13,848 - Name: 25, Distance: 1.1337612867355347
2024-06-02 23:17:13,896 - 44 result:
2024-06-02 23:17:13,897 - Name: 42, Distance: 0.7614590525627136
2024-06-02 23:17:13,897 - Name: 42, Distance: 0.827782392501831
2024-06-02 23:17:13,897 - Name: 42, Distance: 0.8357497453689575
2024-06-02 23:17:13,897 - Name: 2, Distance: 1.081046462059021
2024-06-02 23:17:13,897 - Name: 2, Distance: 1.0833585262298584
2024-06-02 23:17:13,957 - 45 result:
2024-06-02 23:17:13,957 - Name: 42, Distance: 0.9369286894798279
2024-06-02 23:17:13,957 - Name: 42, Distance: 0.992273211479187
2024-06-02 23:17:13,957 - Name: 42, Distance: 1.001153588294983
2024-06-02 23:17:13,957 - Name: 31, Distance: 1.0729138851165771
2024-06-02 23:17:13,957 - Name: 31, Distance: 1.0767145156860352
2024-06-02 23:17:14,857 - 46 result:
2024-06-02 23:17:14,858 - Name: 43, Distance: 1.031598448753357
2024-06-02 23:17:14,858 - Name: 4, Distance: 1.0316493511199951
2024-06-02 23:17:14,858 - Name: 43, Distance: 1.0317692756652832
2024-06-02 23:17:14,858 - Name: 4, Distance: 1.0440089702606201
2024-06-02 23:17:14,858 - Name: 43, Distance: 1.0528488159179688
2024-06-02 23:17:14,948 - 47 result:
2024-06-02 23:17:14,949 - Name: 45, Distance: 1.0097522735595703
2024-06-02 23:17:14,949 - Name: 45, Distance: 1.0401188135147095
2024-06-02 23:17:14,949 - Name: 45, Distance: 1.0583148002624512
2024-06-02 23:17:14,949 - Name: 59, Distance: 1.0671414136886597
2024-06-02 23:17:14,949 - Name: 59, Distance: 1.0851656198501587
2024-06-02 23:17:15,005 - 48 result:
2024-06-02 23:17:15,005 - Name: 9, Distance: 1.087653636932373
2024-06-02 23:17:15,006 - Name: 9, Distance: 1.1402944326400757
2024-06-02 23:17:15,006 - Name: 0, Distance: 1.1475259065628052
2024-06-02 23:17:15,006 - Name: 0, Distance: 1.1491121053695679
2024-06-02 23:17:15,006 - Name: 48, Distance: 1.153710126876831
2024-06-02 23:17:15,233 - 5 result:
2024-06-02 23:17:15,233 - Name: 5, Distance: 1.0410722494125366
2024-06-02 23:17:15,233 - Name: 5, Distance: 1.0750572681427002
2024-06-02 23:17:15,233 - Name: 5, Distance: 1.1147098541259766
2024-06-02 23:17:15,233 - Name: 50, Distance: 1.1155717372894287
2024-06-02 23:17:15,233 - Name: 50, Distance: 1.115923523902893
2024-06-02 23:17:16,047 - 50 result:
2024-06-02 23:17:16,047 - Name: 50, Distance: 1.032454490661621
2024-06-02 23:17:16,047 - Name: 9, Distance: 1.0664236545562744
2024-06-02 23:17:16,047 - Name: 9, Distance: 1.0704174041748047
2024-06-02 23:17:16,047 - Name: 9, Distance: 1.0764180421829224
2024-06-02 23:17:16,047 - Name: 50, Distance: 1.0923527479171753
2024-06-02 23:17:16,973 - 51 result:
2024-06-02 23:17:16,973 - Name: 57, Distance: 0.8410752415657043
2024-06-02 23:17:16,973 - Name: 57, Distance: 0.8747067451477051
2024-06-02 23:17:16,973 - Name: 57, Distance: 0.884242832660675
2024-06-02 23:17:16,973 - Name: 14, Distance: 1.0342836380004883
2024-06-02 23:17:16,973 - Name: 14, Distance: 1.0687947273254395
2024-06-02 23:17:17,062 - 52 result:
2024-06-02 23:17:17,062 - Name: 28, Distance: 1.0341522693634033
2024-06-02 23:17:17,062 - Name: 28, Distance: 1.0516902208328247
2024-06-02 23:17:17,063 - Name: 44, Distance: 1.0532654523849487
2024-06-02 23:17:17,063 - Name: 28, Distance: 1.0664058923721313
2024-06-02 23:17:17,063 - Name: 44, Distance: 1.0679550170898438
2024-06-02 23:17:17,117 - 53 result:
2024-06-02 23:17:17,117 - Name: 54, Distance: 0.8990840911865234
2024-06-02 23:17:17,118 - Name: 54, Distance: 0.9231502413749695
2024-06-02 23:17:17,118 - Name: 54, Distance: 0.9353220462799072
2024-06-02 23:17:17,118 - Name: 35, Distance: 0.9658749103546143
2024-06-02 23:17:17,118 - Name: 35, Distance: 0.9862189292907715
2024-06-02 23:17:17,343 - 54 result:
2024-06-02 23:17:17,344 - Name: 54, Distance: 0.9471532702445984
2024-06-02 23:17:17,344 - Name: 54, Distance: 0.9515371918678284
2024-06-02 23:17:17,344 - Name: 54, Distance: 0.9542933702468872
2024-06-02 23:17:17,344 - Name: 36, Distance: 1.0648225545883179
2024-06-02 23:17:17,344 - Name: 36, Distance: 1.097822666168213
2024-06-02 23:17:17,405 - 55 result:
2024-06-02 23:17:17,405 - Name: 55, Distance: 0.8189128637313843
2024-06-02 23:17:17,405 - Name: 55, Distance: 0.836873471736908
2024-06-02 23:17:17,405 - Name: 55, Distance: 0.8371211886405945
2024-06-02 23:17:17,406 - Name: 47, Distance: 1.114478349685669
2024-06-02 23:17:17,406 - Name: 47, Distance: 1.1439950466156006
2024-06-02 23:17:17,576 - 56 result:
2024-06-02 23:17:17,576 - Name: 45, Distance: 0.8932865858078003
2024-06-02 23:17:17,576 - Name: 45, Distance: 0.9382016062736511
2024-06-02 23:17:17,577 - Name: 45, Distance: 0.9394893050193787
2024-06-02 23:17:17,577 - Name: 17, Distance: 1.0441335439682007
2024-06-02 23:17:17,577 - Name: 17, Distance: 1.0519802570343018
2024-06-02 23:17:18,581 - 57 result:
2024-06-02 23:17:18,581 - Name: 58, Distance: 0.9715003967285156
2024-06-02 23:17:18,581 - Name: 0, Distance: 0.9839125871658325
2024-06-02 23:17:18,581 - Name: 58, Distance: 1.0038962364196777
2024-06-02 23:17:18,581 - Name: 0, Distance: 1.01376473903656
2024-06-02 23:17:18,581 - Name: 0, Distance: 1.0174294710159302
2024-06-02 23:17:18,640 - 58 result:
2024-06-02 23:17:18,640 - Name: 2, Distance: 1.026248812675476
2024-06-02 23:17:18,640 - Name: 2, Distance: 1.0285755395889282
2024-06-02 23:17:18,640 - Name: 3, Distance: 1.0341835021972656
2024-06-02 23:17:18,640 - Name: 58, Distance: 1.0354435443878174
2024-06-02 23:17:18,640 - Name: 58, Distance: 1.045108437538147
2024-06-02 23:17:18,697 - 59 result:
2024-06-02 23:17:18,697 - Name: 57, Distance: 0.9801374673843384
2024-06-02 23:17:18,697 - Name: 57, Distance: 0.9975530505180359
2024-06-02 23:17:18,697 - Name: 57, Distance: 1.0172022581100464
2024-06-02 23:17:18,697 - Name: 12, Distance: 1.104385495185852
2024-06-02 23:17:18,698 - Name: 12, Distance: 1.1276023387908936
2024-06-02 23:17:19,332 - 6 result:
2024-06-02 23:17:19,332 - Name: 25, Distance: 0.9985033869743347
2024-06-02 23:17:19,332 - Name: 25, Distance: 1.0070089101791382
2024-06-02 23:17:19,332 - Name: 25, Distance: 1.011886477470398
2024-06-02 23:17:19,332 - Name: 53, Distance: 1.1485943794250488
2024-06-02 23:17:19,332 - Name: 28, Distance: 1.1763402223587036
2024-06-02 23:17:19,385 - 7 result:
2024-06-02 23:17:19,385 - Name: 13, Distance: 1.0991817712783813
2024-06-02 23:17:19,385 - Name: 13, Distance: 1.1069018840789795
2024-06-02 23:17:19,385 - Name: 13, Distance: 1.1085197925567627
2024-06-02 23:17:19,385 - Name: 18, Distance: 1.1408870220184326
2024-06-02 23:17:19,385 - Name: 18, Distance: 1.1422109603881836
2024-06-02 23:17:19,444 - 8 result:
2024-06-02 23:17:19,444 - Name: 11, Distance: 0.984122633934021
2024-06-02 23:17:19,444 - Name: 20, Distance: 0.9968083500862122
2024-06-02 23:17:19,444 - Name: 11, Distance: 1.003993272781372
2024-06-02 23:17:19,444 - Name: 20, Distance: 1.0055381059646606
2024-06-02 23:17:19,444 - Name: 20, Distance: 1.0145570039749146
2024-06-02 23:17:20,052 - 9 result:
2024-06-02 23:17:20,052 - Name: 12, Distance: 0.9742000699043274
2024-06-02 23:17:20,052 - Name: 12, Distance: 0.9803844094276428
2024-06-02 23:17:20,052 - Name: 12, Distance: 0.9878003597259521
2024-06-02 23:17:20,052 - Name: 7, Distance: 1.0875858068466187
2024-06-02 23:17:20,052 - Name: 7, Distance: 1.1015592813491821
2024-06-02 23:17:20,145 - Total samples: 58
2024-06-02 23:17:20,146 - Correct predictions: 18
2024-06-02 23:17:20,146 - Incorrect predictions: 40
2024-06-02 23:17:20,146 - Accuracy: 31.03%
2024-06-02 23:17:20,146 - Correctly predicted classes:
2024-06-02 23:17:20,146 - 12: 1
2024-06-02 23:17:20,146 - 0: 1
2024-06-02 23:17:20,147 - 20: 1
2024-06-02 23:17:20,147 - 35: 1
2024-06-02 23:17:20,147 - 24: 1
2024-06-02 23:17:20,147 - 54: 1
2024-06-02 23:17:20,147 - 58: 1
2024-06-02 23:17:20,147 - 48: 1
2024-06-02 23:17:20,147 - 5: 1
2024-06-02 23:17:20,147 - 17: 1
2024-06-02 23:17:20,147 - 2: 1
2024-06-02 23:17:20,148 - 50: 1
2024-06-02 23:17:20,148 - 3: 1
2024-06-02 23:17:20,148 - 55: 1
2024-06-02 23:17:20,148 - 40: 1
2024-06-02 23:17:20,148 - 16: 1
2024-06-02 23:17:20,148 - 32: 1
2024-06-02 23:17:20,148 - 13: 1
2024-06-02 23:17:20,148 - Incorrectly predicted classes:
2024-06-02 23:17:20,148 - 15: 1
2024-06-02 23:17:20,149 - 11: 1
2024-06-02 23:17:20,149 - 14: 1
2024-06-02 23:17:20,149 - 7: 1
2024-06-02 23:17:20,149 - 19: 1
2024-06-02 23:17:20,149 - 33: 1
2024-06-02 23:17:20,149 - 30: 1
2024-06-02 23:17:20,149 - 36: 1
2024-06-02 23:17:20,149 - 18: 1
2024-06-02 23:17:20,149 - 39: 1
2024-06-02 23:17:20,150 - 47: 1
2024-06-02 23:17:20,150 - 44: 1
2024-06-02 23:17:20,150 - 57: 1
2024-06-02 23:17:20,150 - 59: 1
2024-06-02 23:17:20,150 - 53: 1
2024-06-02 23:17:20,150 - 8: 1
2024-06-02 23:17:20,150 - 27: 1
2024-06-02 23:17:20,150 - 56: 1
2024-06-02 23:17:20,150 - 42: 1
2024-06-02 23:17:20,151 - 45: 1
2024-06-02 23:17:20,151 - 52: 1
2024-06-02 23:17:20,151 - 38: 1
2024-06-02 23:17:20,151 - 6: 1
2024-06-02 23:17:20,151 - 26: 1
2024-06-02 23:17:20,151 - 21: 1
2024-06-02 23:17:20,151 - 23: 1
2024-06-02 23:17:20,151 - 51: 1
2024-06-02 23:17:20,151 - 31: 1
2024-06-02 23:17:20,152 - 28: 1
2024-06-02 23:17:20,152 - 29: 1
2024-06-02 23:17:20,152 - 46: 1
2024-06-02 23:17:20,152 - 41: 1
2024-06-02 23:17:20,152 - 10: 1
2024-06-02 23:17:20,152 - 4: 1
2024-06-02 23:17:20,152 - 25: 1
2024-06-02 23:17:20,152 - 9: 1
2024-06-02 23:17:20,152 - 34: 1
2024-06-02 23:17:20,153 - 1: 1
2024-06-02 23:17:20,153 - 37: 1
2024-06-02 23:17:20,153 - 22: 1
