2024-06-02 10:37:15,097 - test_dir : ./Face_Dataset/Test
2024-06-02 10:37:15,097 - pretrained : work_dir/FaceNet_finetuning_Random_Batch_RandReg_50_32/FaceNet_finetuning_Random_Batch_RandReg_50_32_deepfake.pth
2024-06-02 10:37:15,097 - model_name : FaceNet_finetuning_Random_Batch_RandReg
2024-06-02 10:38:08,114 - 0 result:
2024-06-02 10:38:08,114 - Name: 24, Distance: 0.3966771066188812
2024-06-02 10:38:08,114 - Name: 24, Distance: 0.3973725736141205
2024-06-02 10:38:08,115 - Name: 25, Distance: 0.40600502490997314
2024-06-02 10:38:08,115 - Name: 24, Distance: 0.41587281227111816
2024-06-02 10:38:08,115 - Name: 19, Distance: 0.416244238615036
2024-06-02 10:38:08,171 - 1 result:
2024-06-02 10:38:08,171 - Name: 16, Distance: 0.21189384162425995
2024-06-02 10:38:08,171 - Name: 16, Distance: 0.22956587374210358
2024-06-02 10:38:08,171 - Name: 19, Distance: 0.25517866015434265
2024-06-02 10:38:08,171 - Name: 7, Distance: 0.2727298438549042
2024-06-02 10:38:08,171 - Name: 3, Distance: 0.28018394112586975
2024-06-02 10:38:08,223 - 10 result:
2024-06-02 10:38:08,223 - Name: 11, Distance: 0.41575509309768677
2024-06-02 10:38:08,223 - Name: 10, Distance: 0.4432166516780853
2024-06-02 10:38:08,223 - Name: 10, Distance: 0.4846687912940979
2024-06-02 10:38:08,223 - Name: 11, Distance: 0.5586084127426147
2024-06-02 10:38:08,223 - Name: 14, Distance: 0.5592839121818542
2024-06-02 10:38:08,475 - 11 result:
2024-06-02 10:38:08,475 - Name: 2, Distance: 0.20773273706436157
2024-06-02 10:38:08,475 - Name: 56, Distance: 0.3023947775363922
2024-06-02 10:38:08,475 - Name: 56, Distance: 0.30350810289382935
2024-06-02 10:38:08,475 - Name: 4, Distance: 0.34409019351005554
2024-06-02 10:38:08,475 - Name: 2, Distance: 0.3691563010215759
2024-06-02 10:38:09,082 - 12 result:
2024-06-02 10:38:09,083 - Name: 12, Distance: 0.1456107348203659
2024-06-02 10:38:09,083 - Name: 29, Distance: 0.20902268588542938
2024-06-02 10:38:09,083 - Name: 12, Distance: 0.21013669669628143
2024-06-02 10:38:09,083 - Name: 29, Distance: 0.26257938146591187
2024-06-02 10:38:09,083 - Name: 12, Distance: 0.26577261090278625
2024-06-02 10:38:09,134 - 13 result:
2024-06-02 10:38:09,134 - Name: 13, Distance: 0.0
2024-06-02 10:38:09,134 - Name: 8, Distance: 0.10738350450992584
2024-06-02 10:38:09,134 - Name: 13, Distance: 0.16758917272090912
2024-06-02 10:38:09,135 - Name: 13, Distance: 0.19398456811904907
2024-06-02 10:38:09,135 - Name: 6, Distance: 0.20955535769462585
2024-06-02 10:38:09,189 - 14 result:
2024-06-02 10:38:09,189 - Name: 11, Distance: 0.2644050419330597
2024-06-02 10:38:09,189 - Name: 11, Distance: 0.3497079312801361
2024-06-02 10:38:09,189 - Name: 13, Distance: 0.4052794873714447
2024-06-02 10:38:09,189 - Name: 18, Distance: 0.4100656807422638
2024-06-02 10:38:09,189 - Name: 10, Distance: 0.45274102687835693
2024-06-02 10:38:10,059 - 15 result:
2024-06-02 10:38:10,059 - Name: 27, Distance: 0.01675494760274887
2024-06-02 10:38:10,059 - Name: 27, Distance: 0.027161112055182457
2024-06-02 10:38:10,059 - Name: 27, Distance: 0.029129793867468834
2024-06-02 10:38:10,059 - Name: 28, Distance: 0.03326834738254547
2024-06-02 10:38:10,059 - Name: 16, Distance: 0.033560335636138916
2024-06-02 10:38:10,145 - 16 result:
2024-06-02 10:38:10,145 - Name: 7, Distance: 0.2424091398715973
2024-06-02 10:38:10,145 - Name: 15, Distance: 0.25325363874435425
2024-06-02 10:38:10,145 - Name: 7, Distance: 0.271741658449173
2024-06-02 10:38:10,145 - Name: 7, Distance: 0.3134484887123108
2024-06-02 10:38:10,145 - Name: 29, Distance: 0.4314861595630646
2024-06-02 10:38:10,201 - 17 result:
2024-06-02 10:38:10,201 - Name: 10, Distance: 0.33665794134140015
2024-06-02 10:38:10,201 - Name: 10, Distance: 0.34154677391052246
2024-06-02 10:38:10,201 - Name: 11, Distance: 0.41272807121276855
2024-06-02 10:38:10,201 - Name: 17, Distance: 0.41559159755706787
2024-06-02 10:38:10,201 - Name: 18, Distance: 0.41988083720207214
2024-06-02 10:38:10,438 - 18 result:
2024-06-02 10:38:10,438 - Name: 11, Distance: 0.12459496408700943
2024-06-02 10:38:10,438 - Name: 18, Distance: 0.14768341183662415
2024-06-02 10:38:10,438 - Name: 18, Distance: 0.14811870455741882
2024-06-02 10:38:10,438 - Name: 33, Distance: 0.20122972130775452
2024-06-02 10:38:10,438 - Name: 32, Distance: 0.21241803467273712
2024-06-02 10:38:11,034 - 19 result:
2024-06-02 10:38:11,034 - Name: 3, Distance: 0.19634191691875458
2024-06-02 10:38:11,034 - Name: 3, Distance: 0.2825322449207306
2024-06-02 10:38:11,034 - Name: 3, Distance: 0.30193060636520386
2024-06-02 10:38:11,034 - Name: 2, Distance: 0.39192578196525574
2024-06-02 10:38:11,034 - Name: 16, Distance: 0.4940357506275177
2024-06-02 10:38:11,091 - 2 result:
2024-06-02 10:38:11,091 - Name: 1, Distance: 0.09049520641565323
2024-06-02 10:38:11,091 - Name: 1, Distance: 0.10554058104753494
2024-06-02 10:38:11,091 - Name: 0, Distance: 0.1148015633225441
2024-06-02 10:38:11,091 - Name: 0, Distance: 0.13417285680770874
2024-06-02 10:38:11,091 - Name: 47, Distance: 0.13458400964736938
2024-06-02 10:38:11,145 - 20 result:
2024-06-02 10:38:11,145 - Name: 48, Distance: 0.09112197905778885
2024-06-02 10:38:11,145 - Name: 20, Distance: 0.24254822731018066
2024-06-02 10:38:11,145 - Name: 57, Distance: 0.2767580449581146
2024-06-02 10:38:11,145 - Name: 55, Distance: 0.28905007243156433
2024-06-02 10:38:11,145 - Name: 48, Distance: 0.3648732304573059
2024-06-02 10:38:11,377 - 21 result:
2024-06-02 10:38:11,377 - Name: 10, Distance: 0.03312826156616211
2024-06-02 10:38:11,377 - Name: 14, Distance: 0.09805504232645035
2024-06-02 10:38:11,377 - Name: 10, Distance: 0.16623970866203308
2024-06-02 10:38:11,377 - Name: 17, Distance: 0.21667727828025818
2024-06-02 10:38:11,377 - Name: 14, Distance: 0.23187462985515594
2024-06-02 10:38:11,976 - 22 result:
2024-06-02 10:38:11,976 - Name: 18, Distance: 0.072293721139431
2024-06-02 10:38:11,976 - Name: 33, Distance: 0.1323893666267395
2024-06-02 10:38:11,976 - Name: 11, Distance: 0.13362263143062592
2024-06-02 10:38:11,977 - Name: 32, Distance: 0.1660199612379074
2024-06-02 10:38:11,977 - Name: 32, Distance: 0.17221865057945251
2024-06-02 10:38:12,076 - 23 result:
2024-06-02 10:38:12,076 - Name: 11, Distance: 0.10909731686115265
2024-06-02 10:38:12,076 - Name: 13, Distance: 0.26972973346710205
2024-06-02 10:38:12,077 - Name: 11, Distance: 0.30787840485572815
2024-06-02 10:38:12,077 - Name: 13, Distance: 0.325504869222641
2024-06-02 10:38:12,077 - Name: 13, Distance: 0.34140896797180176
2024-06-02 10:38:12,133 - 24 result:
2024-06-02 10:38:12,133 - Name: 25, Distance: 0.09378261864185333
2024-06-02 10:38:12,133 - Name: 19, Distance: 0.10821133106946945
2024-06-02 10:38:12,133 - Name: 24, Distance: 0.10940399020910263
2024-06-02 10:38:12,133 - Name: 28, Distance: 0.11541453748941422
2024-06-02 10:38:12,133 - Name: 26, Distance: 0.12057539075613022
2024-06-02 10:38:12,357 - 25 result:
2024-06-02 10:38:12,357 - Name: 6, Distance: 0.0628267377614975
2024-06-02 10:38:12,357 - Name: 6, Distance: 0.08306650817394257
2024-06-02 10:38:12,357 - Name: 8, Distance: 0.1113731637597084
2024-06-02 10:38:12,357 - Name: 13, Distance: 0.19678932428359985
2024-06-02 10:38:12,357 - Name: 13, Distance: 0.21166856586933136
2024-06-02 10:38:12,718 - 26 result:
2024-06-02 10:38:12,719 - Name: 28, Distance: 0.017319610342383385
2024-06-02 10:38:12,719 - Name: 25, Distance: 0.019937269389629364
2024-06-02 10:38:12,719 - Name: 25, Distance: 0.039011526852846146
2024-06-02 10:38:12,719 - Name: 24, Distance: 0.0515013188123703
2024-06-02 10:38:12,719 - Name: 26, Distance: 0.054509229958057404
2024-06-02 10:38:13,038 - 27 result:
2024-06-02 10:38:13,038 - Name: 25, Distance: 0.29971861839294434
2024-06-02 10:38:13,038 - Name: 24, Distance: 0.30017921328544617
2024-06-02 10:38:13,038 - Name: 24, Distance: 0.3023185133934021
2024-06-02 10:38:13,038 - Name: 19, Distance: 0.3144654333591461
2024-06-02 10:38:13,038 - Name: 28, Distance: 0.32145410776138306
2024-06-02 10:38:13,096 - 28 result:
2024-06-02 10:38:13,097 - Name: 7, Distance: 0.1890285760164261
2024-06-02 10:38:13,097 - Name: 15, Distance: 0.1981889307498932
2024-06-02 10:38:13,097 - Name: 7, Distance: 0.282103568315506
2024-06-02 10:38:13,097 - Name: 7, Distance: 0.3496324121952057
2024-06-02 10:38:13,097 - Name: 29, Distance: 0.37292495369911194
2024-06-02 10:38:13,329 - 29 result:
2024-06-02 10:38:13,329 - Name: 9, Distance: 0.20226725935935974
2024-06-02 10:38:13,329 - Name: 9, Distance: 0.20427747070789337
2024-06-02 10:38:13,329 - Name: 9, Distance: 0.3325880765914917
2024-06-02 10:38:13,329 - Name: 57, Distance: 0.36260953545570374
2024-06-02 10:38:13,329 - Name: 57, Distance: 0.388277143239975
2024-06-02 10:38:13,912 - 3 result:
2024-06-02 10:38:13,913 - Name: 40, Distance: 0.5357974171638489
2024-06-02 10:38:13,913 - Name: 1, Distance: 0.5664499402046204
2024-06-02 10:38:13,913 - Name: 1, Distance: 0.5709049701690674
2024-06-02 10:38:13,913 - Name: 0, Distance: 0.5772841572761536
2024-06-02 10:38:13,913 - Name: 40, Distance: 0.5883976817131042
2024-06-02 10:38:14,029 - 30 result:
2024-06-02 10:38:14,029 - Name: 25, Distance: 0.15178164839744568
2024-06-02 10:38:14,029 - Name: 19, Distance: 0.1682654619216919
2024-06-02 10:38:14,029 - Name: 16, Distance: 0.17537832260131836
2024-06-02 10:38:14,029 - Name: 19, Distance: 0.17742523550987244
2024-06-02 10:38:14,029 - Name: 16, Distance: 0.17951923608779907
2024-06-02 10:38:14,084 - 31 result:
2024-06-02 10:38:14,084 - Name: 14, Distance: 0.07057636231184006
2024-06-02 10:38:14,084 - Name: 10, Distance: 0.17783185839653015
2024-06-02 10:38:14,084 - Name: 10, Distance: 0.1861703097820282
2024-06-02 10:38:14,085 - Name: 10, Distance: 0.2228962481021881
2024-06-02 10:38:14,085 - Name: 14, Distance: 0.2271898090839386
2024-06-02 10:38:14,333 - 32 result:
2024-06-02 10:38:14,333 - Name: 20, Distance: 0.687883198261261
2024-06-02 10:38:14,333 - Name: 48, Distance: 0.712304949760437
2024-06-02 10:38:14,333 - Name: 47, Distance: 0.7159260511398315
2024-06-02 10:38:14,333 - Name: 20, Distance: 0.7179187536239624
2024-06-02 10:38:14,333 - Name: 1, Distance: 0.720440149307251
2024-06-02 10:38:14,995 - 33 result:
2024-06-02 10:38:14,996 - Name: 13, Distance: 0.06891083717346191
2024-06-02 10:38:14,996 - Name: 13, Distance: 0.09492656588554382
2024-06-02 10:38:14,996 - Name: 11, Distance: 0.1361696869134903
2024-06-02 10:38:14,996 - Name: 13, Distance: 0.14883826673030853
2024-06-02 10:38:14,996 - Name: 8, Distance: 0.20086580514907837
2024-06-02 10:38:15,083 - 34 result:
2024-06-02 10:38:15,084 - Name: 13, Distance: 0.15084891021251678
2024-06-02 10:38:15,084 - Name: 8, Distance: 0.1903916597366333
2024-06-02 10:38:15,084 - Name: 15, Distance: 0.205403670668602
2024-06-02 10:38:15,084 - Name: 29, Distance: 0.23758235573768616
2024-06-02 10:38:15,084 - Name: 6, Distance: 0.24536189436912537
2024-06-02 10:38:15,140 - 35 result:
2024-06-02 10:38:15,140 - Name: 40, Distance: 0.08434026688337326
2024-06-02 10:38:15,140 - Name: 40, Distance: 0.2053801417350769
2024-06-02 10:38:15,140 - Name: 58, Distance: 0.2542877495288849
2024-06-02 10:38:15,140 - Name: 58, Distance: 0.26949822902679443
2024-06-02 10:38:15,140 - Name: 36, Distance: 0.2729811668395996
2024-06-02 10:38:15,375 - 36 result:
2024-06-02 10:38:15,375 - Name: 34, Distance: 0.07406135648488998
2024-06-02 10:38:15,375 - Name: 30, Distance: 0.22492565214633942
2024-06-02 10:38:15,376 - Name: 34, Distance: 0.3084953725337982
2024-06-02 10:38:15,376 - Name: 30, Distance: 0.31375551223754883
2024-06-02 10:38:15,376 - Name: 30, Distance: 0.3484644293785095
2024-06-02 10:38:15,972 - 37 result:
2024-06-02 10:38:15,972 - Name: 7, Distance: 0.256485253572464
2024-06-02 10:38:15,972 - Name: 16, Distance: 0.31372785568237305
2024-06-02 10:38:15,972 - Name: 16, Distance: 0.3366357982158661
2024-06-02 10:38:15,972 - Name: 3, Distance: 0.33866724371910095
2024-06-02 10:38:15,972 - Name: 7, Distance: 0.34054282307624817
2024-06-02 10:38:16,045 - 38 result:
2024-06-02 10:38:16,046 - Name: 14, Distance: 0.06855268776416779
2024-06-02 10:38:16,046 - Name: 5, Distance: 0.10753186047077179
2024-06-02 10:38:16,046 - Name: 5, Distance: 0.10945266485214233
2024-06-02 10:38:16,046 - Name: 5, Distance: 0.12042779475450516
2024-06-02 10:38:16,046 - Name: 17, Distance: 0.14087826013565063
2024-06-02 10:38:16,278 - 39 result:
2024-06-02 10:38:16,278 - Name: 0, Distance: 0.16565579175949097
2024-06-02 10:38:16,278 - Name: 54, Distance: 0.167466402053833
2024-06-02 10:38:16,278 - Name: 1, Distance: 0.1691308617591858
2024-06-02 10:38:16,278 - Name: 0, Distance: 0.17464609444141388
2024-06-02 10:38:16,278 - Name: 0, Distance: 0.1851593255996704
2024-06-02 10:38:16,336 - 4 result:
2024-06-02 10:38:16,336 - Name: 9, Distance: 0.2104773223400116
2024-06-02 10:38:16,336 - Name: 9, Distance: 0.2525300979614258
2024-06-02 10:38:16,336 - Name: 9, Distance: 0.28655770421028137
2024-06-02 10:38:16,336 - Name: 57, Distance: 0.3370063602924347
2024-06-02 10:38:16,336 - Name: 57, Distance: 0.4162530303001404
2024-06-02 10:38:16,380 - 40 result:
2024-06-02 10:38:16,380 - Name: 20, Distance: 0.4495890736579895
2024-06-02 10:38:16,380 - Name: 48, Distance: 0.46247026324272156
2024-06-02 10:38:16,380 - Name: 47, Distance: 0.4657069742679596
2024-06-02 10:38:16,381 - Name: 20, Distance: 0.48183727264404297
2024-06-02 10:38:16,381 - Name: 20, Distance: 0.48993608355522156
2024-06-02 10:38:17,012 - 41 result:
2024-06-02 10:38:17,012 - Name: 16, Distance: 0.08523166179656982
2024-06-02 10:38:17,012 - Name: 16, Distance: 0.09591592103242874
2024-06-02 10:38:17,012 - Name: 19, Distance: 0.12493175268173218
2024-06-02 10:38:17,012 - Name: 3, Distance: 0.16234061121940613
2024-06-02 10:38:17,012 - Name: 16, Distance: 0.16576328873634338
2024-06-02 10:38:17,086 - 42 result:
2024-06-02 10:38:17,086 - Name: 20, Distance: 0.6704177856445312
2024-06-02 10:38:17,086 - Name: 48, Distance: 0.6896118521690369
2024-06-02 10:38:17,086 - Name: 47, Distance: 0.6907380223274231
2024-06-02 10:38:17,086 - Name: 37, Distance: 0.6913418769836426
2024-06-02 10:38:17,086 - Name: 1, Distance: 0.6965298056602478
2024-06-02 10:38:17,335 - 44 result:
2024-06-02 10:38:17,335 - Name: 40, Distance: 0.182010680437088
2024-06-02 10:38:17,335 - Name: 1, Distance: 0.33611059188842773
2024-06-02 10:38:17,335 - Name: 0, Distance: 0.3362615406513214
2024-06-02 10:38:17,335 - Name: 54, Distance: 0.3531533479690552
2024-06-02 10:38:17,335 - Name: 0, Distance: 0.3551512658596039
2024-06-02 10:38:17,938 - 45 result:
2024-06-02 10:38:17,939 - Name: 55, Distance: 0.06836419552564621
2024-06-02 10:38:17,939 - Name: 54, Distance: 0.07024454325437546
2024-06-02 10:38:17,939 - Name: 35, Distance: 0.08371948450803757
2024-06-02 10:38:17,939 - Name: 0, Distance: 0.10342860966920853
2024-06-02 10:38:17,939 - Name: 54, Distance: 0.10685937106609344
2024-06-02 10:38:17,997 - 46 result:
2024-06-02 10:38:17,997 - Name: 0, Distance: 0.09537552297115326
2024-06-02 10:38:17,997 - Name: 1, Distance: 0.0983528271317482
2024-06-02 10:38:17,997 - Name: 0, Distance: 0.11151796579360962
2024-06-02 10:38:17,997 - Name: 54, Distance: 0.11472138017416
2024-06-02 10:38:17,997 - Name: 0, Distance: 0.11602562665939331
2024-06-02 10:38:18,055 - 47 result:
2024-06-02 10:38:18,056 - Name: 59, Distance: 0.06643867492675781
2024-06-02 10:38:18,056 - Name: 59, Distance: 0.07892032712697983
2024-06-02 10:38:18,056 - Name: 44, Distance: 0.08205527812242508
2024-06-02 10:38:18,056 - Name: 53, Distance: 0.08448994159698486
2024-06-02 10:38:18,056 - Name: 46, Distance: 0.09859313070774078
2024-06-02 10:38:18,316 - 48 result:
2024-06-02 10:38:18,316 - Name: 9, Distance: 0.34831926226615906
2024-06-02 10:38:18,316 - Name: 9, Distance: 0.3656967878341675
2024-06-02 10:38:18,316 - Name: 9, Distance: 0.49657049775123596
2024-06-02 10:38:18,316 - Name: 57, Distance: 0.5197111964225769
2024-06-02 10:38:18,316 - Name: 57, Distance: 0.5197500586509705
2024-06-02 10:38:18,899 - 5 result:
2024-06-02 10:38:18,899 - Name: 31, Distance: 0.19458355009555817
2024-06-02 10:38:18,899 - Name: 23, Distance: 0.2098773717880249
2024-06-02 10:38:18,899 - Name: 50, Distance: 0.21625277400016785
2024-06-02 10:38:18,899 - Name: 31, Distance: 0.23696865141391754
2024-06-02 10:38:18,899 - Name: 50, Distance: 0.2551446855068207
2024-06-02 10:38:18,975 - 50 result:
2024-06-02 10:38:18,976 - Name: 10, Distance: 0.04371374472975731
2024-06-02 10:38:18,976 - Name: 10, Distance: 0.1431330442428589
2024-06-02 10:38:18,976 - Name: 14, Distance: 0.1589612513780594
2024-06-02 10:38:18,976 - Name: 14, Distance: 0.23933207988739014
2024-06-02 10:38:18,976 - Name: 10, Distance: 0.2608295977115631
2024-06-02 10:38:19,030 - 51 result:
2024-06-02 10:38:19,030 - Name: 38, Distance: 0.026952041313052177
2024-06-02 10:38:19,030 - Name: 43, Distance: 0.07268878072500229
2024-06-02 10:38:19,030 - Name: 50, Distance: 0.11051371693611145
2024-06-02 10:38:19,031 - Name: 23, Distance: 0.11886574327945709
2024-06-02 10:38:19,031 - Name: 23, Distance: 0.12685079872608185
2024-06-02 10:38:19,920 - 52 result:
2024-06-02 10:38:19,920 - Name: 39, Distance: 0.21321669220924377
2024-06-02 10:38:19,920 - Name: 41, Distance: 0.25380125641822815
2024-06-02 10:38:19,920 - Name: 52, Distance: 0.2570040225982666
2024-06-02 10:38:19,920 - Name: 39, Distance: 0.265906423330307
2024-06-02 10:38:19,920 - Name: 52, Distance: 0.26612579822540283
2024-06-02 10:38:20,004 - 53 result:
2024-06-02 10:38:20,004 - Name: 40, Distance: 0.07543936371803284
2024-06-02 10:38:20,004 - Name: 40, Distance: 0.33211398124694824
2024-06-02 10:38:20,004 - Name: 58, Distance: 0.3869313895702362
2024-06-02 10:38:20,004 - Name: 54, Distance: 0.3909178674221039
2024-06-02 10:38:20,004 - Name: 0, Distance: 0.3942474126815796
2024-06-02 10:38:20,059 - 54 result:
2024-06-02 10:38:20,059 - Name: 1, Distance: 0.12723994255065918
2024-06-02 10:38:20,059 - Name: 1, Distance: 0.1452578753232956
2024-06-02 10:38:20,059 - Name: 0, Distance: 0.153822124004364
2024-06-02 10:38:20,059 - Name: 47, Distance: 0.16299478709697723
2024-06-02 10:38:20,059 - Name: 0, Distance: 0.16856884956359863
2024-06-02 10:38:20,327 - 55 result:
2024-06-02 10:38:20,327 - Name: 3, Distance: 0.1422715187072754
2024-06-02 10:38:20,328 - Name: 3, Distance: 0.1865476816892624
2024-06-02 10:38:20,328 - Name: 3, Distance: 0.23031365871429443
2024-06-02 10:38:20,328 - Name: 16, Distance: 0.2464616745710373
2024-06-02 10:38:20,328 - Name: 16, Distance: 0.25731560587882996
2024-06-02 10:38:20,903 - 56 result:
2024-06-02 10:38:20,903 - Name: 40, Distance: 0.18152453005313873
2024-06-02 10:38:20,904 - Name: 54, Distance: 0.35545215010643005
2024-06-02 10:38:20,904 - Name: 0, Distance: 0.3777603507041931
2024-06-02 10:38:20,904 - Name: 0, Distance: 0.3790871798992157
2024-06-02 10:38:20,904 - Name: 1, Distance: 0.3834424912929535
2024-06-02 10:38:20,961 - 57 result:
2024-06-02 10:38:20,961 - Name: 35, Distance: 0.21682758629322052
2024-06-02 10:38:20,961 - Name: 51, Distance: 0.245738685131073
2024-06-02 10:38:20,961 - Name: 35, Distance: 0.2483794242143631
2024-06-02 10:38:20,961 - Name: 55, Distance: 0.26526498794555664
2024-06-02 10:38:20,961 - Name: 51, Distance: 0.3211866617202759
2024-06-02 10:38:21,013 - 58 result:
2024-06-02 10:38:21,013 - Name: 40, Distance: 0.14987468719482422
2024-06-02 10:38:21,013 - Name: 40, Distance: 0.20793777704238892
2024-06-02 10:38:21,013 - Name: 58, Distance: 0.2711448073387146
2024-06-02 10:38:21,013 - Name: 58, Distance: 0.27187058329582214
2024-06-02 10:38:21,014 - Name: 36, Distance: 0.2796558141708374
2024-06-02 10:38:21,244 - 59 result:
2024-06-02 10:38:21,244 - Name: 1, Distance: 0.23101501166820526
2024-06-02 10:38:21,244 - Name: 1, Distance: 0.24727369844913483
2024-06-02 10:38:21,244 - Name: 0, Distance: 0.2553008496761322
2024-06-02 10:38:21,244 - Name: 47, Distance: 0.2650860548019409
2024-06-02 10:38:21,244 - Name: 0, Distance: 0.2712283134460449
2024-06-02 10:38:21,873 - 6 result:
2024-06-02 10:38:21,873 - Name: 19, Distance: 0.08258473128080368
2024-06-02 10:38:21,873 - Name: 16, Distance: 0.0834682509303093
2024-06-02 10:38:21,873 - Name: 16, Distance: 0.0966973751783371
2024-06-02 10:38:21,873 - Name: 16, Distance: 0.09695857018232346
2024-06-02 10:38:21,873 - Name: 19, Distance: 0.11697395890951157
2024-06-02 10:38:21,928 - 7 result:
2024-06-02 10:38:21,928 - Name: 16, Distance: 0.0971890389919281
2024-06-02 10:38:21,928 - Name: 16, Distance: 0.10384657233953476
2024-06-02 10:38:21,928 - Name: 19, Distance: 0.11545761674642563
2024-06-02 10:38:21,928 - Name: 16, Distance: 0.16997681558132172
2024-06-02 10:38:21,929 - Name: 27, Distance: 0.17018911242485046
2024-06-02 10:38:21,983 - 8 result:
2024-06-02 10:38:21,984 - Name: 29, Distance: 0.11837229877710342
2024-06-02 10:38:21,984 - Name: 15, Distance: 0.12196449190378189
2024-06-02 10:38:21,984 - Name: 7, Distance: 0.13801485300064087
2024-06-02 10:38:21,984 - Name: 12, Distance: 0.16089268028736115
2024-06-02 10:38:21,984 - Name: 12, Distance: 0.19379468262195587
2024-06-02 10:38:22,226 - 9 result:
2024-06-02 10:38:22,227 - Name: 48, Distance: 0.18114031851291656
2024-06-02 10:38:22,227 - Name: 57, Distance: 0.20237112045288086
2024-06-02 10:38:22,227 - Name: 21, Distance: 0.24703778326511383
2024-06-02 10:38:22,227 - Name: 57, Distance: 0.2571028470993042
2024-06-02 10:38:22,227 - Name: 21, Distance: 0.27893418073654175
2024-06-02 10:38:22,311 - Total samples: 58
2024-06-02 10:38:22,311 - Correct predictions: 10
2024-06-02 10:38:22,311 - Incorrect predictions: 48
2024-06-02 10:38:22,311 - Accuracy: 17.24%
2024-06-02 10:38:22,311 - Correctly predicted classes:
2024-06-02 10:38:22,312 - 20: 1
2024-06-02 10:38:22,312 - 13: 1
2024-06-02 10:38:22,312 - 12: 1
2024-06-02 10:38:22,312 - 24: 1
2024-06-02 10:38:22,312 - 26: 1
2024-06-02 10:38:22,312 - 17: 1
2024-06-02 10:38:22,312 - 58: 1
2024-06-02 10:38:22,312 - 10: 1
2024-06-02 10:38:22,312 - 52: 1
2024-06-02 10:38:22,313 - 18: 1
2024-06-02 10:38:22,313 - Incorrectly predicted classes:
2024-06-02 10:38:22,313 - 16: 1
2024-06-02 10:38:22,313 - 4: 1
2024-06-02 10:38:22,313 - 47: 1
2024-06-02 10:38:22,313 - 25: 1
2024-06-02 10:38:22,313 - 9: 1
2024-06-02 10:38:22,313 - 11: 1
2024-06-02 10:38:22,313 - 44: 1
2024-06-02 10:38:22,314 - 33: 1
2024-06-02 10:38:22,314 - 22: 1
2024-06-02 10:38:22,314 - 56: 1
2024-06-02 10:38:22,314 - 46: 1
2024-06-02 10:38:22,314 - 3: 1
2024-06-02 10:38:22,314 - 50: 1
2024-06-02 10:38:22,314 - 0: 1
2024-06-02 10:38:22,314 - 29: 1
2024-06-02 10:38:22,314 - 6: 1
2024-06-02 10:38:22,315 - 39: 1
2024-06-02 10:38:22,315 - 57: 1
2024-06-02 10:38:22,315 - 7: 1
2024-06-02 10:38:22,315 - 23: 1
2024-06-02 10:38:22,315 - 42: 1
2024-06-02 10:38:22,315 - 1: 1
2024-06-02 10:38:22,315 - 28: 1
2024-06-02 10:38:22,315 - 27: 1
2024-06-02 10:38:22,315 - 19: 1
2024-06-02 10:38:22,316 - 37: 1
2024-06-02 10:38:22,316 - 38: 1
2024-06-02 10:38:22,316 - 36: 1
2024-06-02 10:38:22,316 - 31: 1
2024-06-02 10:38:22,316 - 35: 1
2024-06-02 10:38:22,316 - 30: 1
2024-06-02 10:38:22,316 - 14: 1
2024-06-02 10:38:22,316 - 41: 1
2024-06-02 10:38:22,316 - 8: 1
2024-06-02 10:38:22,317 - 32: 1
2024-06-02 10:38:22,317 - 5: 1
2024-06-02 10:38:22,317 - 2: 1
2024-06-02 10:38:22,317 - 34: 1
2024-06-02 10:38:22,317 - 40: 1
2024-06-02 10:38:22,317 - 54: 1
2024-06-02 10:38:22,317 - 55: 1
2024-06-02 10:38:22,317 - 51: 1
2024-06-02 10:38:22,317 - 45: 1
2024-06-02 10:38:22,318 - 15: 1
2024-06-02 10:38:22,318 - 59: 1
2024-06-02 10:38:22,318 - 21: 1
2024-06-02 10:38:22,318 - 53: 1
2024-06-02 10:38:22,318 - 48: 1
