2024-06-03 00:16:42,114 - test_dir : ./Face_Dataset/Test
2024-06-03 00:16:42,115 - pretrained : work_dir/FaceNet_finetuning_Random_Batch_FNP_CE_Fusion_80_32/FaceNet_finetuning_Random_Batch_FNP_CE_Fusion_80_32_deepfake.pth
2024-06-03 00:16:42,115 - model_name : FaceNet_finetuning_Random_Batch_FNP_CE_Fusion
2024-06-03 00:17:32,078 - 0 result:
2024-06-03 00:17:32,078 - Name: 16, Distance: 0.311972051858902
2024-06-03 00:17:32,079 - Name: 42, Distance: 0.4558470845222473
2024-06-03 00:17:32,079 - Name: 23, Distance: 0.47537878155708313
2024-06-03 00:17:32,079 - Name: 50, Distance: 0.5144031047821045
2024-06-03 00:17:32,079 - Name: 11, Distance: 0.5293705463409424
2024-06-03 00:17:32,134 - 1 result:
2024-06-03 00:17:32,134 - Name: 19, Distance: 0.4178469479084015
2024-06-03 00:17:32,134 - Name: 42, Distance: 0.5505135655403137
2024-06-03 00:17:32,134 - Name: 12, Distance: 0.5702494382858276
2024-06-03 00:17:32,134 - Name: 12, Distance: 0.5987159609794617
2024-06-03 00:17:32,134 - Name: 24, Distance: 0.6410475373268127
2024-06-03 00:17:32,366 - 10 result:
2024-06-03 00:17:32,367 - Name: 15, Distance: 0.14103451371192932
2024-06-03 00:17:32,367 - Name: 40, Distance: 0.1716771274805069
2024-06-03 00:17:32,367 - Name: 43, Distance: 0.1720762699842453
2024-06-03 00:17:32,367 - Name: 50, Distance: 0.17293865978717804
2024-06-03 00:17:32,367 - Name: 5, Distance: 0.1729799211025238
2024-06-03 00:17:32,980 - 11 result:
2024-06-03 00:17:32,981 - Name: 25, Distance: 0.2746991813182831
2024-06-03 00:17:32,981 - Name: 57, Distance: 0.3316141963005066
2024-06-03 00:17:32,981 - Name: 6, Distance: 0.4718638062477112
2024-06-03 00:17:32,981 - Name: 29, Distance: 0.5037821531295776
2024-06-03 00:17:32,981 - Name: 30, Distance: 0.5360941290855408
2024-06-03 00:17:33,034 - 12 result:
2024-06-03 00:17:33,034 - Name: 12, Distance: 0.2639356255531311
2024-06-03 00:17:33,034 - Name: 7, Distance: 0.2745911777019501
2024-06-03 00:17:33,034 - Name: 12, Distance: 0.3236199617385864
2024-06-03 00:17:33,034 - Name: 47, Distance: 0.34408071637153625
2024-06-03 00:17:33,034 - Name: 44, Distance: 0.3771131932735443
2024-06-03 00:17:33,229 - 13 result:
2024-06-03 00:17:33,229 - Name: 13, Distance: 0.0
2024-06-03 00:17:33,229 - Name: 20, Distance: 0.25395703315734863
2024-06-03 00:17:33,229 - Name: 16, Distance: 0.4106188714504242
2024-06-03 00:17:33,229 - Name: 29, Distance: 0.4150739312171936
2024-06-03 00:17:33,229 - Name: 23, Distance: 0.4217548966407776
2024-06-03 00:17:33,312 - 14 result:
2024-06-03 00:17:33,312 - Name: 13, Distance: 0.6650500893592834
2024-06-03 00:17:33,312 - Name: 16, Distance: 0.6706933975219727
2024-06-03 00:17:33,312 - Name: 7, Distance: 0.6848180294036865
2024-06-03 00:17:33,312 - Name: 29, Distance: 0.7312799692153931
2024-06-03 00:17:33,312 - Name: 50, Distance: 0.7707788348197937
2024-06-03 00:17:33,923 - 15 result:
2024-06-03 00:17:33,923 - Name: 25, Distance: 0.3584752678871155
2024-06-03 00:17:33,923 - Name: 57, Distance: 0.4236508905887604
2024-06-03 00:17:33,924 - Name: 11, Distance: 0.4773542284965515
2024-06-03 00:17:33,924 - Name: 6, Distance: 0.47899481654167175
2024-06-03 00:17:33,924 - Name: 29, Distance: 0.5436093807220459
2024-06-03 00:17:33,974 - 16 result:
2024-06-03 00:17:33,974 - Name: 52, Distance: 0.37262675166130066
2024-06-03 00:17:33,974 - Name: 6, Distance: 0.4268360435962677
2024-06-03 00:17:33,974 - Name: 26, Distance: 0.4282407760620117
2024-06-03 00:17:33,974 - Name: 1, Distance: 0.43020474910736084
2024-06-03 00:17:33,974 - Name: 25, Distance: 0.45317208766937256
2024-06-03 00:17:34,029 - 17 result:
2024-06-03 00:17:34,029 - Name: 12, Distance: 0.2441270351409912
2024-06-03 00:17:34,029 - Name: 29, Distance: 0.33922117948532104
2024-06-03 00:17:34,029 - Name: 11, Distance: 0.3545921742916107
2024-06-03 00:17:34,029 - Name: 32, Distance: 0.3601212203502655
2024-06-03 00:17:34,029 - Name: 36, Distance: 0.36993688344955444
2024-06-03 00:17:34,264 - 18 result:
2024-06-03 00:17:34,264 - Name: 53, Distance: 0.26487019658088684
2024-06-03 00:17:34,264 - Name: 53, Distance: 0.3804934620857239
2024-06-03 00:17:34,264 - Name: 47, Distance: 0.385863721370697
2024-06-03 00:17:34,265 - Name: 56, Distance: 0.4650558829307556
2024-06-03 00:17:34,265 - Name: 4, Distance: 0.5050861835479736
2024-06-03 00:17:34,867 - 19 result:
2024-06-03 00:17:34,867 - Name: 19, Distance: 0.2898210287094116
2024-06-03 00:17:34,867 - Name: 30, Distance: 0.29735398292541504
2024-06-03 00:17:34,868 - Name: 30, Distance: 0.30667853355407715
2024-06-03 00:17:34,868 - Name: 6, Distance: 0.33114099502563477
2024-06-03 00:17:34,868 - Name: 10, Distance: 0.5095444321632385
2024-06-03 00:17:34,917 - 2 result:
2024-06-03 00:17:34,917 - Name: 44, Distance: 0.26436665654182434
2024-06-03 00:17:34,917 - Name: 12, Distance: 0.27658358216285706
2024-06-03 00:17:34,917 - Name: 28, Distance: 0.34298837184906006
2024-06-03 00:17:34,917 - Name: 12, Distance: 0.3453595042228699
2024-06-03 00:17:34,917 - Name: 7, Distance: 0.36318448185920715
2024-06-03 00:17:34,967 - 20 result:
2024-06-03 00:17:34,967 - Name: 56, Distance: 0.38610634207725525
2024-06-03 00:17:34,967 - Name: 5, Distance: 0.3999306559562683
2024-06-03 00:17:34,967 - Name: 33, Distance: 0.4155210554599762
2024-06-03 00:17:34,967 - Name: 14, Distance: 0.44598865509033203
2024-06-03 00:17:34,967 - Name: 3, Distance: 0.45718538761138916
2024-06-03 00:17:35,199 - 21 result:
2024-06-03 00:17:35,199 - Name: 17, Distance: 0.09625756740570068
2024-06-03 00:17:35,199 - Name: 14, Distance: 0.09992753714323044
2024-06-03 00:17:35,199 - Name: 5, Distance: 0.10830430686473846
2024-06-03 00:17:35,199 - Name: 43, Distance: 0.13700179755687714
2024-06-03 00:17:35,199 - Name: 18, Distance: 0.14545173943042755
2024-06-03 00:17:35,788 - 22 result:
2024-06-03 00:17:35,788 - Name: 15, Distance: 0.1644156575202942
2024-06-03 00:17:35,788 - Name: 22, Distance: 0.1923394352197647
2024-06-03 00:17:35,788 - Name: 33, Distance: 0.19359226524829865
2024-06-03 00:17:35,789 - Name: 5, Distance: 0.21938829123973846
2024-06-03 00:17:35,789 - Name: 14, Distance: 0.24634483456611633
2024-06-03 00:17:35,872 - 23 result:
2024-06-03 00:17:35,872 - Name: 12, Distance: 0.33327367901802063
2024-06-03 00:17:35,872 - Name: 32, Distance: 0.35880523920059204
2024-06-03 00:17:35,873 - Name: 27, Distance: 0.369638592004776
2024-06-03 00:17:35,873 - Name: 34, Distance: 0.3938315510749817
2024-06-03 00:17:35,873 - Name: 29, Distance: 0.40775349736213684
2024-06-03 00:17:35,929 - 24 result:
2024-06-03 00:17:35,929 - Name: 26, Distance: 0.2725723683834076
2024-06-03 00:17:35,929 - Name: 27, Distance: 0.2846410572528839
2024-06-03 00:17:35,929 - Name: 26, Distance: 0.32887375354766846
2024-06-03 00:17:35,929 - Name: 6, Distance: 0.33240246772766113
2024-06-03 00:17:35,930 - Name: 25, Distance: 0.3515632152557373
2024-06-03 00:17:36,164 - 25 result:
2024-06-03 00:17:36,165 - Name: 56, Distance: 0.2102719098329544
2024-06-03 00:17:36,165 - Name: 4, Distance: 0.2721787691116333
2024-06-03 00:17:36,165 - Name: 3, Distance: 0.30736106634140015
2024-06-03 00:17:36,165 - Name: 22, Distance: 0.307675838470459
2024-06-03 00:17:36,165 - Name: 43, Distance: 0.31172409653663635
2024-06-03 00:17:36,793 - 26 result:
2024-06-03 00:17:36,793 - Name: 51, Distance: 0.33932217955589294
2024-06-03 00:17:36,794 - Name: 7, Distance: 0.34792155027389526
2024-06-03 00:17:36,794 - Name: 47, Distance: 0.38158324360847473
2024-06-03 00:17:36,794 - Name: 16, Distance: 0.39038407802581787
2024-06-03 00:17:36,794 - Name: 3, Distance: 0.4059388339519501
2024-06-03 00:17:36,853 - 27 result:
2024-06-03 00:17:36,853 - Name: 39, Distance: 0.2662416994571686
2024-06-03 00:17:36,854 - Name: 31, Distance: 0.30747705698013306
2024-06-03 00:17:36,854 - Name: 29, Distance: 0.30807843804359436
2024-06-03 00:17:36,854 - Name: 0, Distance: 0.3191298544406891
2024-06-03 00:17:36,854 - Name: 40, Distance: 0.3191894590854645
2024-06-03 00:17:36,908 - 28 result:
2024-06-03 00:17:36,908 - Name: 6, Distance: 0.4110200107097626
2024-06-03 00:17:36,909 - Name: 24, Distance: 0.4130120277404785
2024-06-03 00:17:36,909 - Name: 26, Distance: 0.47091662883758545
2024-06-03 00:17:36,909 - Name: 57, Distance: 0.4741099178791046
2024-06-03 00:17:36,909 - Name: 25, Distance: 0.5072805881500244
2024-06-03 00:17:37,144 - 29 result:
2024-06-03 00:17:37,144 - Name: 19, Distance: 0.49549993872642517
2024-06-03 00:17:37,144 - Name: 4, Distance: 0.5335921049118042
2024-06-03 00:17:37,144 - Name: 45, Distance: 0.5364978313446045
2024-06-03 00:17:37,144 - Name: 58, Distance: 0.5656045079231262
2024-06-03 00:17:37,144 - Name: 6, Distance: 0.5810587406158447
2024-06-03 00:17:37,780 - 3 result:
2024-06-03 00:17:37,781 - Name: 19, Distance: 0.4240362346172333
2024-06-03 00:17:37,781 - Name: 45, Distance: 0.45789089798927307
2024-06-03 00:17:37,781 - Name: 21, Distance: 0.5030996799468994
2024-06-03 00:17:37,781 - Name: 45, Distance: 0.5472989678382874
2024-06-03 00:17:37,781 - Name: 4, Distance: 0.5743387937545776
2024-06-03 00:17:37,836 - 30 result:
2024-06-03 00:17:37,836 - Name: 16, Distance: 0.5081420540809631
2024-06-03 00:17:37,836 - Name: 8, Distance: 0.5137602090835571
2024-06-03 00:17:37,836 - Name: 11, Distance: 0.5381514430046082
2024-06-03 00:17:37,837 - Name: 7, Distance: 0.5425944924354553
2024-06-03 00:17:37,837 - Name: 24, Distance: 0.5489261746406555
2024-06-03 00:17:38,077 - 31 result:
2024-06-03 00:17:38,078 - Name: 43, Distance: 0.11634556204080582
2024-06-03 00:17:38,078 - Name: 17, Distance: 0.12144958972930908
2024-06-03 00:17:38,078 - Name: 10, Distance: 0.12540093064308167
2024-06-03 00:17:38,078 - Name: 23, Distance: 0.14081387221813202
2024-06-03 00:17:38,078 - Name: 5, Distance: 0.15688732266426086
2024-06-03 00:17:38,698 - 32 result:
2024-06-03 00:17:38,699 - Name: 37, Distance: 0.2431882619857788
2024-06-03 00:17:38,699 - Name: 2, Distance: 0.2448744773864746
2024-06-03 00:17:38,699 - Name: 40, Distance: 0.25659266114234924
2024-06-03 00:17:38,699 - Name: 44, Distance: 0.3173977732658386
2024-06-03 00:17:38,699 - Name: 37, Distance: 0.3176566958427429
2024-06-03 00:17:38,752 - 33 result:
2024-06-03 00:17:38,752 - Name: 32, Distance: 0.30369576811790466
2024-06-03 00:17:38,752 - Name: 55, Distance: 0.34793365001678467
2024-06-03 00:17:38,752 - Name: 35, Distance: 0.3749648630619049
2024-06-03 00:17:38,752 - Name: 55, Distance: 0.38297510147094727
2024-06-03 00:17:38,752 - Name: 21, Distance: 0.38940614461898804
2024-06-03 00:17:38,807 - 34 result:
2024-06-03 00:17:38,807 - Name: 16, Distance: 0.5041545629501343
2024-06-03 00:17:38,807 - Name: 24, Distance: 0.5448152422904968
2024-06-03 00:17:38,807 - Name: 34, Distance: 0.5931141972541809
2024-06-03 00:17:38,807 - Name: 15, Distance: 0.5968753695487976
2024-06-03 00:17:38,807 - Name: 26, Distance: 0.646644115447998
2024-06-03 00:17:39,040 - 35 result:
2024-06-03 00:17:39,040 - Name: 55, Distance: 0.25418370962142944
2024-06-03 00:17:39,040 - Name: 21, Distance: 0.26587504148483276
2024-06-03 00:17:39,040 - Name: 55, Distance: 0.2767862379550934
2024-06-03 00:17:39,041 - Name: 43, Distance: 0.2978347837924957
2024-06-03 00:17:39,041 - Name: 2, Distance: 0.31452545523643494
2024-06-03 00:17:39,652 - 36 result:
2024-06-03 00:17:39,652 - Name: 35, Distance: 0.5040128827095032
2024-06-03 00:17:39,652 - Name: 53, Distance: 0.5582852363586426
2024-06-03 00:17:39,652 - Name: 21, Distance: 0.5591334700584412
2024-06-03 00:17:39,652 - Name: 53, Distance: 0.5889462828636169
2024-06-03 00:17:39,652 - Name: 56, Distance: 0.5911322236061096
2024-06-03 00:17:39,717 - 37 result:
2024-06-03 00:17:39,717 - Name: 19, Distance: 0.31784844398498535
2024-06-03 00:17:39,717 - Name: 45, Distance: 0.36800724267959595
2024-06-03 00:17:39,717 - Name: 13, Distance: 0.3728981018066406
2024-06-03 00:17:39,718 - Name: 42, Distance: 0.39315274357795715
2024-06-03 00:17:39,718 - Name: 26, Distance: 0.39949631690979004
2024-06-03 00:17:39,772 - 38 result:
2024-06-03 00:17:39,772 - Name: 10, Distance: 0.08334998786449432
2024-06-03 00:17:39,772 - Name: 43, Distance: 0.11660292744636536
2024-06-03 00:17:39,772 - Name: 17, Distance: 0.12370481342077255
2024-06-03 00:17:39,772 - Name: 23, Distance: 0.13804644346237183
2024-06-03 00:17:39,772 - Name: 14, Distance: 0.15795208513736725
2024-06-03 00:17:40,007 - 39 result:
2024-06-03 00:17:40,007 - Name: 44, Distance: 0.38496360182762146
2024-06-03 00:17:40,007 - Name: 9, Distance: 0.4589788615703583
2024-06-03 00:17:40,007 - Name: 40, Distance: 0.47578272223472595
2024-06-03 00:17:40,007 - Name: 45, Distance: 0.48827922344207764
2024-06-03 00:17:40,007 - Name: 42, Distance: 0.5018987655639648
2024-06-03 00:17:40,627 - 4 result:
2024-06-03 00:17:40,627 - Name: 52, Distance: 0.20295971632003784
2024-06-03 00:17:40,627 - Name: 47, Distance: 0.26916593313217163
2024-06-03 00:17:40,627 - Name: 31, Distance: 0.2831241190433502
2024-06-03 00:17:40,627 - Name: 2, Distance: 0.2961439788341522
2024-06-03 00:17:40,627 - Name: 15, Distance: 0.298191100358963
2024-06-03 00:17:40,680 - 40 result:
2024-06-03 00:17:40,680 - Name: 40, Distance: 0.22656269371509552
2024-06-03 00:17:40,680 - Name: 45, Distance: 0.2628715932369232
2024-06-03 00:17:40,680 - Name: 39, Distance: 0.32389819622039795
2024-06-03 00:17:40,680 - Name: 31, Distance: 0.3335207402706146
2024-06-03 00:17:40,680 - Name: 0, Distance: 0.3346973955631256
2024-06-03 00:17:40,730 - 41 result:
2024-06-03 00:17:40,730 - Name: 13, Distance: 0.27553510665893555
2024-06-03 00:17:40,731 - Name: 20, Distance: 0.39728787541389465
2024-06-03 00:17:40,731 - Name: 7, Distance: 0.46019071340560913
2024-06-03 00:17:40,731 - Name: 15, Distance: 0.49544182419776917
2024-06-03 00:17:40,731 - Name: 16, Distance: 0.49577954411506653
2024-06-03 00:17:40,971 - 42 result:
2024-06-03 00:17:40,972 - Name: 13, Distance: 0.3377855122089386
2024-06-03 00:17:40,972 - Name: 20, Distance: 0.3653939962387085
2024-06-03 00:17:40,972 - Name: 29, Distance: 0.3927547335624695
2024-06-03 00:17:40,972 - Name: 32, Distance: 0.46311622858047485
2024-06-03 00:17:40,972 - Name: 23, Distance: 0.4903212785720825
2024-06-03 00:17:41,576 - 44 result:
2024-06-03 00:17:41,576 - Name: 36, Distance: 0.1709108203649521
2024-06-03 00:17:41,576 - Name: 11, Distance: 0.17757849395275116
2024-06-03 00:17:41,576 - Name: 48, Distance: 0.2157643735408783
2024-06-03 00:17:41,576 - Name: 42, Distance: 0.22671644389629364
2024-06-03 00:17:41,576 - Name: 12, Distance: 0.30713844299316406
2024-06-03 00:17:41,630 - 45 result:
2024-06-03 00:17:41,631 - Name: 51, Distance: 0.2524799704551697
2024-06-03 00:17:41,631 - Name: 7, Distance: 0.27792513370513916
2024-06-03 00:17:41,631 - Name: 52, Distance: 0.3105369210243225
2024-06-03 00:17:41,631 - Name: 3, Distance: 0.33120235800743103
2024-06-03 00:17:41,631 - Name: 3, Distance: 0.35753166675567627
2024-06-03 00:17:41,687 - 46 result:
2024-06-03 00:17:41,687 - Name: 56, Distance: 0.3163526654243469
2024-06-03 00:17:41,687 - Name: 5, Distance: 0.3874155282974243
2024-06-03 00:17:41,687 - Name: 33, Distance: 0.41922563314437866
2024-06-03 00:17:41,687 - Name: 35, Distance: 0.4279537796974182
2024-06-03 00:17:41,687 - Name: 43, Distance: 0.429636150598526
2024-06-03 00:17:41,926 - 47 result:
2024-06-03 00:17:41,926 - Name: 56, Distance: 0.2746771574020386
2024-06-03 00:17:41,926 - Name: 35, Distance: 0.28536027669906616
2024-06-03 00:17:41,926 - Name: 33, Distance: 0.28875723481178284
2024-06-03 00:17:41,926 - Name: 32, Distance: 0.3242831230163574
2024-06-03 00:17:41,926 - Name: 3, Distance: 0.34062787890434265
2024-06-03 00:17:42,520 - 48 result:
2024-06-03 00:17:42,520 - Name: 13, Distance: 0.45294734835624695
2024-06-03 00:17:42,520 - Name: 8, Distance: 0.45300453901290894
2024-06-03 00:17:42,520 - Name: 7, Distance: 0.4823834002017975
2024-06-03 00:17:42,520 - Name: 20, Distance: 0.5101881623268127
2024-06-03 00:17:42,520 - Name: 20, Distance: 0.5584797263145447
2024-06-03 00:17:42,586 - 5 result:
2024-06-03 00:17:42,586 - Name: 25, Distance: 0.23019905388355255
2024-06-03 00:17:42,586 - Name: 34, Distance: 0.31637072563171387
2024-06-03 00:17:42,586 - Name: 41, Distance: 0.4542117416858673
2024-06-03 00:17:42,586 - Name: 6, Distance: 0.4743262827396393
2024-06-03 00:17:42,586 - Name: 26, Distance: 0.4925570487976074
2024-06-03 00:17:42,643 - 50 result:
2024-06-03 00:17:42,644 - Name: 42, Distance: 0.2688632607460022
2024-06-03 00:17:42,644 - Name: 16, Distance: 0.27345943450927734
2024-06-03 00:17:42,644 - Name: 23, Distance: 0.3285057544708252
2024-06-03 00:17:42,644 - Name: 36, Distance: 0.34729963541030884
2024-06-03 00:17:42,644 - Name: 11, Distance: 0.35605672001838684
2024-06-03 00:17:42,878 - 51 result:
2024-06-03 00:17:42,879 - Name: 18, Distance: 0.4293470084667206
2024-06-03 00:17:42,879 - Name: 41, Distance: 0.49900728464126587
2024-06-03 00:17:42,879 - Name: 9, Distance: 0.5073206424713135
2024-06-03 00:17:42,879 - Name: 11, Distance: 0.552623450756073
2024-06-03 00:17:42,879 - Name: 4, Distance: 0.5554558634757996
2024-06-03 00:17:43,495 - 52 result:
2024-06-03 00:17:43,495 - Name: 44, Distance: 0.2434861958026886
2024-06-03 00:17:43,495 - Name: 16, Distance: 0.31482234597206116
2024-06-03 00:17:43,495 - Name: 19, Distance: 0.3178393244743347
2024-06-03 00:17:43,495 - Name: 7, Distance: 0.3251573443412781
2024-06-03 00:17:43,495 - Name: 26, Distance: 0.3336796760559082
2024-06-03 00:17:43,552 - 53 result:
2024-06-03 00:17:43,552 - Name: 37, Distance: 0.1490805745124817
2024-06-03 00:17:43,552 - Name: 51, Distance: 0.1646406501531601
2024-06-03 00:17:43,552 - Name: 22, Distance: 0.1712915003299713
2024-06-03 00:17:43,552 - Name: 57, Distance: 0.17266489565372467
2024-06-03 00:17:43,552 - Name: 23, Distance: 0.17543110251426697
2024-06-03 00:17:43,604 - 54 result:
2024-06-03 00:17:43,605 - Name: 8, Distance: 0.3563162684440613
2024-06-03 00:17:43,605 - Name: 20, Distance: 0.43073025345802307
2024-06-03 00:17:43,605 - Name: 20, Distance: 0.4389953017234802
2024-06-03 00:17:43,605 - Name: 15, Distance: 0.4457170069217682
2024-06-03 00:17:43,605 - Name: 16, Distance: 0.4733971953392029
2024-06-03 00:17:43,850 - 55 result:
2024-06-03 00:17:43,850 - Name: 55, Distance: 0.3062155842781067
2024-06-03 00:17:43,850 - Name: 57, Distance: 0.31553229689598083
2024-06-03 00:17:43,850 - Name: 56, Distance: 0.325797438621521
2024-06-03 00:17:43,850 - Name: 33, Distance: 0.3297577500343323
2024-06-03 00:17:43,850 - Name: 43, Distance: 0.36815640330314636
2024-06-03 00:17:44,462 - 56 result:
2024-06-03 00:17:44,462 - Name: 3, Distance: 0.20056764781475067
2024-06-03 00:17:44,462 - Name: 52, Distance: 0.20685045421123505
2024-06-03 00:17:44,462 - Name: 58, Distance: 0.2713315486907959
2024-06-03 00:17:44,462 - Name: 37, Distance: 0.29333966970443726
2024-06-03 00:17:44,462 - Name: 39, Distance: 0.29754430055618286
2024-06-03 00:17:44,514 - 57 result:
2024-06-03 00:17:44,514 - Name: 40, Distance: 0.17279566824436188
2024-06-03 00:17:44,514 - Name: 50, Distance: 0.19044364988803864
2024-06-03 00:17:44,514 - Name: 14, Distance: 0.1984759122133255
2024-06-03 00:17:44,514 - Name: 39, Distance: 0.19971954822540283
2024-06-03 00:17:44,514 - Name: 38, Distance: 0.20132839679718018
2024-06-03 00:17:44,566 - 58 result:
2024-06-03 00:17:44,567 - Name: 58, Distance: 0.18568815290927887
2024-06-03 00:17:44,567 - Name: 39, Distance: 0.23570850491523743
2024-06-03 00:17:44,567 - Name: 40, Distance: 0.24884146451950073
2024-06-03 00:17:44,567 - Name: 50, Distance: 0.25126752257347107
2024-06-03 00:17:44,567 - Name: 43, Distance: 0.2516678273677826
2024-06-03 00:17:44,792 - 59 result:
2024-06-03 00:17:44,793 - Name: 28, Distance: 0.29110828042030334
2024-06-03 00:17:44,793 - Name: 44, Distance: 0.393462210893631
2024-06-03 00:17:44,793 - Name: 25, Distance: 0.42045992612838745
2024-06-03 00:17:44,793 - Name: 2, Distance: 0.4555906653404236
2024-06-03 00:17:44,793 - Name: 34, Distance: 0.45952242612838745
2024-06-03 00:17:45,374 - 6 result:
2024-06-03 00:17:45,374 - Name: 13, Distance: 0.2711142599582672
2024-06-03 00:17:45,375 - Name: 20, Distance: 0.2902405261993408
2024-06-03 00:17:45,375 - Name: 36, Distance: 0.35513630509376526
2024-06-03 00:17:45,375 - Name: 12, Distance: 0.36668282747268677
2024-06-03 00:17:45,375 - Name: 11, Distance: 0.36883407831192017
2024-06-03 00:17:45,448 - 7 result:
2024-06-03 00:17:45,449 - Name: 30, Distance: 0.33981192111968994
2024-06-03 00:17:45,449 - Name: 19, Distance: 0.364261269569397
2024-06-03 00:17:45,449 - Name: 10, Distance: 0.38760340213775635
2024-06-03 00:17:45,449 - Name: 6, Distance: 0.3916454613208771
2024-06-03 00:17:45,449 - Name: 54, Distance: 0.4589412212371826
2024-06-03 00:17:45,502 - 8 result:
2024-06-03 00:17:45,503 - Name: 28, Distance: 0.4711078405380249
2024-06-03 00:17:45,503 - Name: 19, Distance: 0.5753847360610962
2024-06-03 00:17:45,503 - Name: 24, Distance: 0.5781418085098267
2024-06-03 00:17:45,503 - Name: 7, Distance: 0.5785224437713623
2024-06-03 00:17:45,503 - Name: 12, Distance: 0.581388533115387
2024-06-03 00:17:45,751 - 9 result:
2024-06-03 00:17:45,751 - Name: 13, Distance: 0.23736222088336945
2024-06-03 00:17:45,751 - Name: 20, Distance: 0.3565938174724579
2024-06-03 00:17:45,751 - Name: 7, Distance: 0.4289529323577881
2024-06-03 00:17:45,751 - Name: 29, Distance: 0.4320676326751709
2024-06-03 00:17:45,751 - Name: 8, Distance: 0.46875596046447754
2024-06-03 00:17:45,857 - Total samples: 58
2024-06-03 00:17:45,858 - Correct predictions: 8
2024-06-03 00:17:45,858 - Incorrect predictions: 50
2024-06-03 00:17:45,858 - Accuracy: 13.79%
2024-06-03 00:17:45,858 - Correctly predicted classes:
2024-06-03 00:17:45,858 - 58: 1
2024-06-03 00:17:45,858 - 13: 1
2024-06-03 00:17:45,858 - 12: 1
2024-06-03 00:17:45,858 - 55: 1
2024-06-03 00:17:45,858 - 34: 1
2024-06-03 00:17:45,858 - 40: 1
2024-06-03 00:17:45,859 - 19: 1
2024-06-03 00:17:45,859 - 22: 1
2024-06-03 00:17:45,859 - Incorrectly predicted classes:
2024-06-03 00:17:45,859 - 0: 1
2024-06-03 00:17:45,859 - 45: 1
2024-06-03 00:17:45,859 - 24: 1
2024-06-03 00:17:45,859 - 14: 1
2024-06-03 00:17:45,859 - 33: 1
2024-06-03 00:17:45,859 - 47: 1
2024-06-03 00:17:45,859 - 56: 1
2024-06-03 00:17:45,859 - 18: 1
2024-06-03 00:17:45,860 - 26: 1
2024-06-03 00:17:45,860 - 25: 1
2024-06-03 00:17:45,860 - 29: 1
2024-06-03 00:17:45,860 - 54: 1
2024-06-03 00:17:45,860 - 36: 1
2024-06-03 00:17:45,860 - 42: 1
2024-06-03 00:17:45,860 - 59: 1
2024-06-03 00:17:45,860 - 23: 1
2024-06-03 00:17:45,860 - 38: 1
2024-06-03 00:17:45,860 - 3: 1
2024-06-03 00:17:45,860 - 48: 1
2024-06-03 00:17:45,860 - 28: 1
2024-06-03 00:17:45,861 - 21: 1
2024-06-03 00:17:45,861 - 44: 1
2024-06-03 00:17:45,861 - 8: 1
2024-06-03 00:17:45,861 - 1: 1
2024-06-03 00:17:45,861 - 39: 1
2024-06-03 00:17:45,861 - 2: 1
2024-06-03 00:17:45,861 - 35: 1
2024-06-03 00:17:45,861 - 37: 1
2024-06-03 00:17:45,861 - 11: 1
2024-06-03 00:17:45,861 - 17: 1
2024-06-03 00:17:45,861 - 7: 1
2024-06-03 00:17:45,862 - 32: 1
2024-06-03 00:17:45,862 - 41: 1
2024-06-03 00:17:45,862 - 4: 1
2024-06-03 00:17:45,862 - 52: 1
2024-06-03 00:17:45,862 - 16: 1
2024-06-03 00:17:45,862 - 5: 1
2024-06-03 00:17:45,862 - 27: 1
2024-06-03 00:17:45,862 - 10: 1
2024-06-03 00:17:45,862 - 46: 1
2024-06-03 00:17:45,862 - 53: 1
2024-06-03 00:17:45,862 - 9: 1
2024-06-03 00:17:45,862 - 20: 1
2024-06-03 00:17:45,863 - 57: 1
2024-06-03 00:17:45,863 - 31: 1
2024-06-03 00:17:45,863 - 30: 1
2024-06-03 00:17:45,863 - 51: 1
2024-06-03 00:17:45,863 - 6: 1
2024-06-03 00:17:45,863 - 50: 1
2024-06-03 00:17:45,863 - 15: 1
