2024-06-02 09:17:00,370 - test_dir : ./Face_Dataset/Test
2024-06-02 09:17:00,370 - pretrained : work_dir/FaceNet_finetuning_Random_Batch_L2SP_10_32/FaceNet_finetuning_Random_Batch_L2SP_10_32_deepfake.pth
2024-06-02 09:17:00,370 - model_name : FaceNet_finetuning_Random_Batch_L2SP
2024-06-02 09:17:50,028 - 0 result:
2024-06-02 09:17:50,029 - Name: 8, Distance: 0.37903788685798645
2024-06-02 09:17:50,029 - Name: 16, Distance: 0.3868233859539032
2024-06-02 09:17:50,029 - Name: 19, Distance: 0.4115227460861206
2024-06-02 09:17:50,029 - Name: 16, Distance: 0.4321949779987335
2024-06-02 09:17:50,029 - Name: 20, Distance: 0.4422278106212616
2024-06-02 09:17:50,092 - 1 result:
2024-06-02 09:17:50,092 - Name: 29, Distance: 0.20854376256465912
2024-06-02 09:17:50,092 - Name: 20, Distance: 0.2769286036491394
2024-06-02 09:17:50,092 - Name: 20, Distance: 0.30840930342674255
2024-06-02 09:17:50,092 - Name: 19, Distance: 0.3087483048439026
2024-06-02 09:17:50,092 - Name: 15, Distance: 0.31975144147872925
2024-06-02 09:17:50,134 - 10 result:
2024-06-02 09:17:50,134 - Name: 11, Distance: 0.08449624478816986
2024-06-02 09:17:50,134 - Name: 32, Distance: 0.10321426391601562
2024-06-02 09:17:50,134 - Name: 14, Distance: 0.10706110298633575
2024-06-02 09:17:50,134 - Name: 32, Distance: 0.12051602452993393
2024-06-02 09:17:50,134 - Name: 11, Distance: 0.1337565928697586
2024-06-02 09:17:50,383 - 11 result:
2024-06-02 09:17:50,383 - Name: 30, Distance: 0.13819190859794617
2024-06-02 09:17:50,383 - Name: 3, Distance: 0.14220598340034485
2024-06-02 09:17:50,383 - Name: 4, Distance: 0.15397469699382782
2024-06-02 09:17:50,383 - Name: 20, Distance: 0.1661445051431656
2024-06-02 09:17:50,383 - Name: 30, Distance: 0.21061177551746368
2024-06-02 09:17:50,428 - 12 result:
2024-06-02 09:17:50,428 - Name: 18, Distance: 0.1589491218328476
2024-06-02 09:17:50,428 - Name: 7, Distance: 0.1591508537530899
2024-06-02 09:17:50,429 - Name: 8, Distance: 0.1628202646970749
2024-06-02 09:17:50,429 - Name: 34, Distance: 0.21713313460350037
2024-06-02 09:17:50,429 - Name: 25, Distance: 0.245940163731575
2024-06-02 09:17:51,293 - 13 result:
2024-06-02 09:17:51,293 - Name: 13, Distance: 0.0
2024-06-02 09:17:51,293 - Name: 22, Distance: 0.10885786265134811
2024-06-02 09:17:51,293 - Name: 17, Distance: 0.14919288456439972
2024-06-02 09:17:51,293 - Name: 22, Distance: 0.15648750960826874
2024-06-02 09:17:51,293 - Name: 10, Distance: 0.16679266095161438
2024-06-02 09:17:51,336 - 14 result:
2024-06-02 09:17:51,336 - Name: 22, Distance: 0.12466146051883698
2024-06-02 09:17:51,336 - Name: 13, Distance: 0.12568461894989014
2024-06-02 09:17:51,336 - Name: 22, Distance: 0.15720364451408386
2024-06-02 09:17:51,337 - Name: 32, Distance: 0.1703391671180725
2024-06-02 09:17:51,337 - Name: 17, Distance: 0.21797588467597961
2024-06-02 09:17:51,573 - 15 result:
2024-06-02 09:17:51,574 - Name: 16, Distance: 0.16940835118293762
2024-06-02 09:17:51,574 - Name: 16, Distance: 0.23257873952388763
2024-06-02 09:17:51,574 - Name: 16, Distance: 0.25212520360946655
2024-06-02 09:17:51,574 - Name: 25, Distance: 0.25870180130004883
2024-06-02 09:17:51,574 - Name: 25, Distance: 0.27906203269958496
2024-06-02 09:17:51,617 - 16 result:
2024-06-02 09:17:51,617 - Name: 8, Distance: 0.15206488966941833
2024-06-02 09:17:51,617 - Name: 7, Distance: 0.15622879564762115
2024-06-02 09:17:51,618 - Name: 34, Distance: 0.17070788145065308
2024-06-02 09:17:51,618 - Name: 12, Distance: 0.24233591556549072
2024-06-02 09:17:51,618 - Name: 34, Distance: 0.27177006006240845
2024-06-02 09:17:52,157 - 17 result:
2024-06-02 09:17:52,157 - Name: 11, Distance: 0.06995135545730591
2024-06-02 09:17:52,157 - Name: 14, Distance: 0.0768950954079628
2024-06-02 09:17:52,157 - Name: 32, Distance: 0.08324878662824631
2024-06-02 09:17:52,157 - Name: 5, Distance: 0.12127601355314255
2024-06-02 09:17:52,157 - Name: 11, Distance: 0.12713506817817688
2024-06-02 09:17:52,271 - 18 result:
2024-06-02 09:17:52,271 - Name: 11, Distance: 0.10685288161039352
2024-06-02 09:17:52,271 - Name: 12, Distance: 0.11620239168405533
2024-06-02 09:17:52,271 - Name: 32, Distance: 0.1341710388660431
2024-06-02 09:17:52,271 - Name: 7, Distance: 0.15645304322242737
2024-06-02 09:17:52,272 - Name: 31, Distance: 0.1635432243347168
2024-06-02 09:17:52,325 - 19 result:
2024-06-02 09:17:52,326 - Name: 30, Distance: 0.10393055528402328
2024-06-02 09:17:52,326 - Name: 45, Distance: 0.20424234867095947
2024-06-02 09:17:52,326 - Name: 4, Distance: 0.21567541360855103
2024-06-02 09:17:52,326 - Name: 3, Distance: 0.22083213925361633
2024-06-02 09:17:52,326 - Name: 19, Distance: 0.23132947087287903
2024-06-02 09:17:52,564 - 2 result:
2024-06-02 09:17:52,565 - Name: 2, Distance: 0.19957335293293
2024-06-02 09:17:52,565 - Name: 52, Distance: 0.24872127175331116
2024-06-02 09:17:52,565 - Name: 58, Distance: 0.27430975437164307
2024-06-02 09:17:52,565 - Name: 41, Distance: 0.2834460437297821
2024-06-02 09:17:52,565 - Name: 45, Distance: 0.28919950127601624
2024-06-02 09:17:53,167 - 20 result:
2024-06-02 09:17:53,167 - Name: 21, Distance: 0.3276296854019165
2024-06-02 09:17:53,167 - Name: 50, Distance: 0.34276092052459717
2024-06-02 09:17:53,167 - Name: 5, Distance: 0.34459877014160156
2024-06-02 09:17:53,167 - Name: 10, Distance: 0.35672158002853394
2024-06-02 09:17:53,168 - Name: 23, Distance: 0.3973595201969147
2024-06-02 09:17:53,223 - 21 result:
2024-06-02 09:17:53,223 - Name: 12, Distance: 0.10863825678825378
2024-06-02 09:17:53,223 - Name: 7, Distance: 0.12786562740802765
2024-06-02 09:17:53,223 - Name: 12, Distance: 0.13234566152095795
2024-06-02 09:17:53,223 - Name: 13, Distance: 0.16259750723838806
2024-06-02 09:17:53,223 - Name: 31, Distance: 0.1697038859128952
2024-06-02 09:17:53,275 - 22 result:
2024-06-02 09:17:53,275 - Name: 33, Distance: 0.23884116113185883
2024-06-02 09:17:53,275 - Name: 18, Distance: 0.29106491804122925
2024-06-02 09:17:53,276 - Name: 18, Distance: 0.31263378262519836
2024-06-02 09:17:53,276 - Name: 15, Distance: 0.3283692002296448
2024-06-02 09:17:53,276 - Name: 14, Distance: 0.35945677757263184
2024-06-02 09:17:53,504 - 23 result:
2024-06-02 09:17:53,504 - Name: 22, Distance: 0.1095905527472496
2024-06-02 09:17:53,504 - Name: 12, Distance: 0.15359248220920563
2024-06-02 09:17:53,504 - Name: 13, Distance: 0.16403698921203613
2024-06-02 09:17:53,504 - Name: 11, Distance: 0.16528479754924774
2024-06-02 09:17:53,504 - Name: 7, Distance: 0.173133984208107
2024-06-02 09:17:54,099 - 24 result:
2024-06-02 09:17:54,099 - Name: 34, Distance: 0.1469026356935501
2024-06-02 09:17:54,099 - Name: 26, Distance: 0.1636919528245926
2024-06-02 09:17:54,099 - Name: 26, Distance: 0.20445221662521362
2024-06-02 09:17:54,099 - Name: 27, Distance: 0.21478597819805145
2024-06-02 09:17:54,099 - Name: 24, Distance: 0.22884917259216309
2024-06-02 09:17:54,158 - 25 result:
2024-06-02 09:17:54,158 - Name: 16, Distance: 0.15728269517421722
2024-06-02 09:17:54,158 - Name: 16, Distance: 0.17675012350082397
2024-06-02 09:17:54,159 - Name: 16, Distance: 0.21842248737812042
2024-06-02 09:17:54,159 - Name: 8, Distance: 0.22126471996307373
2024-06-02 09:17:54,159 - Name: 19, Distance: 0.3058658242225647
2024-06-02 09:17:54,211 - 26 result:
2024-06-02 09:17:54,212 - Name: 26, Distance: 0.0894816443324089
2024-06-02 09:17:54,212 - Name: 27, Distance: 0.12454292923212051
2024-06-02 09:17:54,212 - Name: 28, Distance: 0.13923092186450958
2024-06-02 09:17:54,212 - Name: 24, Distance: 0.16230408847332
2024-06-02 09:17:54,212 - Name: 24, Distance: 0.16831323504447937
2024-06-02 09:17:54,719 - 27 result:
2024-06-02 09:17:54,720 - Name: 24, Distance: 0.2112305462360382
2024-06-02 09:17:54,720 - Name: 28, Distance: 0.23483219742774963
2024-06-02 09:17:54,720 - Name: 26, Distance: 0.2685330808162689
2024-06-02 09:17:54,720 - Name: 34, Distance: 0.272405743598938
2024-06-02 09:17:54,720 - Name: 26, Distance: 0.27244141697883606
2024-06-02 09:17:55,072 - 28 result:
2024-06-02 09:17:55,073 - Name: 8, Distance: 0.14155372977256775
2024-06-02 09:17:55,073 - Name: 7, Distance: 0.14162714779376984
2024-06-02 09:17:55,073 - Name: 18, Distance: 0.16608940064907074
2024-06-02 09:17:55,073 - Name: 34, Distance: 0.17419186234474182
2024-06-02 09:17:55,073 - Name: 14, Distance: 0.2326839417219162
2024-06-02 09:17:55,127 - 29 result:
2024-06-02 09:17:55,127 - Name: 22, Distance: 0.20003050565719604
2024-06-02 09:17:55,127 - Name: 11, Distance: 0.2760213315486908
2024-06-02 09:17:55,127 - Name: 7, Distance: 0.28050047159194946
2024-06-02 09:17:55,127 - Name: 11, Distance: 0.29048487544059753
2024-06-02 09:17:55,127 - Name: 13, Distance: 0.29162314534187317
2024-06-02 09:17:55,178 - 3 result:
2024-06-02 09:17:55,178 - Name: 18, Distance: 0.27769556641578674
2024-06-02 09:17:55,179 - Name: 19, Distance: 0.3553065359592438
2024-06-02 09:17:55,179 - Name: 34, Distance: 0.3709908723831177
2024-06-02 09:17:55,179 - Name: 19, Distance: 0.38664889335632324
2024-06-02 09:17:55,179 - Name: 6, Distance: 0.4009974002838135
2024-06-02 09:17:55,877 - 30 result:
2024-06-02 09:17:55,877 - Name: 16, Distance: 0.33452486991882324
2024-06-02 09:17:55,877 - Name: 16, Distance: 0.3789217174053192
2024-06-02 09:17:55,877 - Name: 16, Distance: 0.39535266160964966
2024-06-02 09:17:55,877 - Name: 8, Distance: 0.3983907401561737
2024-06-02 09:17:55,878 - Name: 34, Distance: 0.4081869423389435
2024-06-02 09:17:56,024 - 31 result:
2024-06-02 09:17:56,024 - Name: 5, Distance: 0.07308029383420944
2024-06-02 09:17:56,024 - Name: 10, Distance: 0.09788617491722107
2024-06-02 09:17:56,024 - Name: 21, Distance: 0.10660192370414734
2024-06-02 09:17:56,025 - Name: 23, Distance: 0.14073696732521057
2024-06-02 09:17:56,025 - Name: 10, Distance: 0.2051583081483841
2024-06-02 09:17:56,079 - 32 result:
2024-06-02 09:17:56,080 - Name: 45, Distance: 0.11183927208185196
2024-06-02 09:17:56,080 - Name: 4, Distance: 0.1413803994655609
2024-06-02 09:17:56,080 - Name: 4, Distance: 0.16490168869495392
2024-06-02 09:17:56,080 - Name: 30, Distance: 0.17317461967468262
2024-06-02 09:17:56,080 - Name: 30, Distance: 0.2221200168132782
2024-06-02 09:17:56,310 - 33 result:
2024-06-02 09:17:56,311 - Name: 33, Distance: 0.16039244830608368
2024-06-02 09:17:56,311 - Name: 18, Distance: 0.18491998314857483
2024-06-02 09:17:56,311 - Name: 34, Distance: 0.18903450667858124
2024-06-02 09:17:56,311 - Name: 15, Distance: 0.18996086716651917
2024-06-02 09:17:56,311 - Name: 14, Distance: 0.19391411542892456
2024-06-02 09:17:56,906 - 34 result:
2024-06-02 09:17:56,906 - Name: 34, Distance: 0.2275967001914978
2024-06-02 09:17:56,906 - Name: 8, Distance: 0.2951033115386963
2024-06-02 09:17:56,906 - Name: 7, Distance: 0.2977665662765503
2024-06-02 09:17:56,906 - Name: 12, Distance: 0.33562207221984863
2024-06-02 09:17:56,906 - Name: 7, Distance: 0.3472708463668823
2024-06-02 09:17:57,002 - 35 result:
2024-06-02 09:17:57,002 - Name: 46, Distance: 0.05135417357087135
2024-06-02 09:17:57,002 - Name: 58, Distance: 0.06322035938501358
2024-06-02 09:17:57,002 - Name: 0, Distance: 0.08475344628095627
2024-06-02 09:17:57,002 - Name: 53, Distance: 0.09580280631780624
2024-06-02 09:17:57,003 - Name: 42, Distance: 0.12997651100158691
2024-06-02 09:17:57,058 - 36 result:
2024-06-02 09:17:57,058 - Name: 34, Distance: 0.20043623447418213
2024-06-02 09:17:57,058 - Name: 8, Distance: 0.2518368363380432
2024-06-02 09:17:57,058 - Name: 7, Distance: 0.2546165883541107
2024-06-02 09:17:57,058 - Name: 12, Distance: 0.2776604890823364
2024-06-02 09:17:57,058 - Name: 7, Distance: 0.3041073977947235
2024-06-02 09:17:57,109 - 37 result:
2024-06-02 09:17:57,109 - Name: 3, Distance: 0.12163969874382019
2024-06-02 09:17:57,109 - Name: 30, Distance: 0.14310596883296967
2024-06-02 09:17:57,109 - Name: 4, Distance: 0.15055584907531738
2024-06-02 09:17:57,109 - Name: 45, Distance: 0.15247409045696259
2024-06-02 09:17:57,109 - Name: 4, Distance: 0.18173301219940186
2024-06-02 09:17:57,325 - 38 result:
2024-06-02 09:17:57,326 - Name: 21, Distance: 0.11876420676708221
2024-06-02 09:17:57,326 - Name: 10, Distance: 0.11963490396738052
2024-06-02 09:17:57,326 - Name: 50, Distance: 0.14622762799263
2024-06-02 09:17:57,326 - Name: 21, Distance: 0.14905309677124023
2024-06-02 09:17:57,326 - Name: 5, Distance: 0.17688456177711487
2024-06-02 09:17:57,938 - 39 result:
2024-06-02 09:17:57,938 - Name: 44, Distance: 0.11727824807167053
2024-06-02 09:17:57,938 - Name: 39, Distance: 0.1442694216966629
2024-06-02 09:17:57,938 - Name: 0, Distance: 0.1448604017496109
2024-06-02 09:17:57,938 - Name: 59, Distance: 0.1458127647638321
2024-06-02 09:17:57,938 - Name: 36, Distance: 0.15317749977111816
2024-06-02 09:17:57,988 - 4 result:
2024-06-02 09:17:57,988 - Name: 11, Distance: 0.19930315017700195
2024-06-02 09:17:57,988 - Name: 32, Distance: 0.2003278136253357
2024-06-02 09:17:57,988 - Name: 31, Distance: 0.21096400916576385
2024-06-02 09:17:57,989 - Name: 32, Distance: 0.2491510957479477
2024-06-02 09:17:57,989 - Name: 11, Distance: 0.2781858444213867
2024-06-02 09:17:58,043 - 40 result:
2024-06-02 09:17:58,043 - Name: 20, Distance: 0.21161699295043945
2024-06-02 09:17:58,043 - Name: 15, Distance: 0.2311016321182251
2024-06-02 09:17:58,043 - Name: 29, Distance: 0.24134664237499237
2024-06-02 09:17:58,043 - Name: 19, Distance: 0.2870429754257202
2024-06-02 09:17:58,043 - Name: 15, Distance: 0.3123013973236084
2024-06-02 09:17:58,273 - 41 result:
2024-06-02 09:17:58,273 - Name: 19, Distance: 0.15227565169334412
2024-06-02 09:17:58,273 - Name: 16, Distance: 0.18329696357250214
2024-06-02 09:17:58,273 - Name: 20, Distance: 0.22967475652694702
2024-06-02 09:17:58,274 - Name: 8, Distance: 0.23868434131145477
2024-06-02 09:17:58,274 - Name: 15, Distance: 0.2570625841617584
2024-06-02 09:17:58,901 - 42 result:
2024-06-02 09:17:58,901 - Name: 29, Distance: 0.26518747210502625
2024-06-02 09:17:58,901 - Name: 2, Distance: 0.47793716192245483
2024-06-02 09:17:58,902 - Name: 4, Distance: 0.4923044443130493
2024-06-02 09:17:58,902 - Name: 45, Distance: 0.49351900815963745
2024-06-02 09:17:58,902 - Name: 1, Distance: 0.498526006937027
2024-06-02 09:17:58,955 - 44 result:
2024-06-02 09:17:58,955 - Name: 58, Distance: 0.14027287065982819
2024-06-02 09:17:58,955 - Name: 41, Distance: 0.15769857168197632
2024-06-02 09:17:58,956 - Name: 2, Distance: 0.16608400642871857
2024-06-02 09:17:58,956 - Name: 52, Distance: 0.17804153263568878
2024-06-02 09:17:58,956 - Name: 56, Distance: 0.20486345887184143
2024-06-02 09:17:59,185 - 45 result:
2024-06-02 09:17:59,185 - Name: 54, Distance: 0.10126720368862152
2024-06-02 09:17:59,185 - Name: 51, Distance: 0.11636976897716522
2024-06-02 09:17:59,185 - Name: 37, Distance: 0.12161251902580261
2024-06-02 09:17:59,185 - Name: 37, Distance: 0.1303810477256775
2024-06-02 09:17:59,185 - Name: 35, Distance: 0.1368948370218277
2024-06-02 09:17:59,768 - 46 result:
2024-06-02 09:17:59,769 - Name: 46, Distance: 0.0766981691122055
2024-06-02 09:17:59,769 - Name: 58, Distance: 0.07673761993646622
2024-06-02 09:17:59,769 - Name: 0, Distance: 0.10166025906801224
2024-06-02 09:17:59,769 - Name: 42, Distance: 0.11312206089496613
2024-06-02 09:17:59,769 - Name: 36, Distance: 0.13472969830036163
2024-06-02 09:17:59,863 - 47 result:
2024-06-02 09:17:59,863 - Name: 45, Distance: 0.17948018014431
2024-06-02 09:17:59,863 - Name: 45, Distance: 0.22287729382514954
2024-06-02 09:17:59,863 - Name: 2, Distance: 0.2329666167497635
2024-06-02 09:17:59,863 - Name: 41, Distance: 0.26054346561431885
2024-06-02 09:17:59,863 - Name: 2, Distance: 0.2932734191417694
2024-06-02 09:17:59,916 - 48 result:
2024-06-02 09:17:59,916 - Name: 39, Distance: 0.6402972936630249
2024-06-02 09:17:59,916 - Name: 58, Distance: 0.6507594585418701
2024-06-02 09:17:59,916 - Name: 36, Distance: 0.6559233069419861
2024-06-02 09:17:59,916 - Name: 39, Distance: 0.6780737638473511
2024-06-02 09:17:59,916 - Name: 0, Distance: 0.6803385615348816
2024-06-02 09:18:00,150 - 5 result:
2024-06-02 09:18:00,150 - Name: 10, Distance: 0.147354856133461
2024-06-02 09:18:00,150 - Name: 10, Distance: 0.15112154185771942
2024-06-02 09:18:00,150 - Name: 5, Distance: 0.17139248549938202
2024-06-02 09:18:00,150 - Name: 17, Distance: 0.17859099805355072
2024-06-02 09:18:00,150 - Name: 23, Distance: 0.1801816076040268
2024-06-02 09:18:00,763 - 50 result:
2024-06-02 09:18:00,763 - Name: 50, Distance: 0.21698503196239471
2024-06-02 09:18:00,763 - Name: 13, Distance: 0.2856057584285736
2024-06-02 09:18:00,763 - Name: 23, Distance: 0.2936398684978485
2024-06-02 09:18:00,763 - Name: 10, Distance: 0.31570303440093994
2024-06-02 09:18:00,763 - Name: 21, Distance: 0.3172731101512909
2024-06-02 09:18:01,224 - 51 result:
2024-06-02 09:18:01,224 - Name: 21, Distance: 0.20018869638442993
2024-06-02 09:18:01,224 - Name: 5, Distance: 0.2004706710577011
2024-06-02 09:18:01,224 - Name: 17, Distance: 0.2334258258342743
2024-06-02 09:18:01,224 - Name: 14, Distance: 0.24373842775821686
2024-06-02 09:18:01,224 - Name: 13, Distance: 0.2934139370918274
2024-06-02 09:18:01,811 - 52 result:
2024-06-02 09:18:01,811 - Name: 20, Distance: 0.3254963457584381
2024-06-02 09:18:01,811 - Name: 52, Distance: 0.35398155450820923
2024-06-02 09:18:01,811 - Name: 3, Distance: 0.3881855010986328
2024-06-02 09:18:01,812 - Name: 58, Distance: 0.443855345249176
2024-06-02 09:18:01,812 - Name: 2, Distance: 0.4524690508842468
2024-06-02 09:18:01,893 - 53 result:
2024-06-02 09:18:01,893 - Name: 40, Distance: 0.0920310914516449
2024-06-02 09:18:01,893 - Name: 59, Distance: 0.10098960250616074
2024-06-02 09:18:01,893 - Name: 53, Distance: 0.10221798717975616
2024-06-02 09:18:01,893 - Name: 44, Distance: 0.10783958435058594
2024-06-02 09:18:01,893 - Name: 35, Distance: 0.11366374790668488
2024-06-02 09:18:01,946 - 54 result:
2024-06-02 09:18:01,946 - Name: 36, Distance: 0.2810570001602173
2024-06-02 09:18:01,947 - Name: 59, Distance: 0.3151918351650238
2024-06-02 09:18:01,947 - Name: 0, Distance: 0.339961975812912
2024-06-02 09:18:01,947 - Name: 58, Distance: 0.36552074551582336
2024-06-02 09:18:01,947 - Name: 44, Distance: 0.3681935667991638
2024-06-02 09:18:02,179 - 55 result:
2024-06-02 09:18:02,179 - Name: 34, Distance: 0.303969144821167
2024-06-02 09:18:02,179 - Name: 26, Distance: 0.32611754536628723
2024-06-02 09:18:02,179 - Name: 27, Distance: 0.3476550877094269
2024-06-02 09:18:02,179 - Name: 26, Distance: 0.36944156885147095
2024-06-02 09:18:02,179 - Name: 25, Distance: 0.3939320743083954
2024-06-02 09:18:02,778 - 56 result:
2024-06-02 09:18:02,779 - Name: 45, Distance: 0.2257603108882904
2024-06-02 09:18:02,779 - Name: 4, Distance: 0.23110558092594147
2024-06-02 09:18:02,779 - Name: 4, Distance: 0.23128551244735718
2024-06-02 09:18:02,779 - Name: 30, Distance: 0.23714742064476013
2024-06-02 09:18:02,779 - Name: 2, Distance: 0.2590353488922119
2024-06-02 09:18:02,831 - 57 result:
2024-06-02 09:18:02,832 - Name: 55, Distance: 0.1289597898721695
2024-06-02 09:18:02,832 - Name: 57, Distance: 0.1790124773979187
2024-06-02 09:18:02,832 - Name: 55, Distance: 0.2886064052581787
2024-06-02 09:18:02,832 - Name: 38, Distance: 0.292371928691864
2024-06-02 09:18:02,832 - Name: 54, Distance: 0.328129380941391
2024-06-02 09:18:02,885 - 58 result:
2024-06-02 09:18:02,886 - Name: 42, Distance: 0.08067798614501953
2024-06-02 09:18:02,886 - Name: 41, Distance: 0.19431725144386292
2024-06-02 09:18:02,886 - Name: 45, Distance: 0.27492615580558777
2024-06-02 09:18:02,886 - Name: 35, Distance: 0.2901868224143982
2024-06-02 09:18:02,886 - Name: 2, Distance: 0.3254064619541168
2024-06-02 09:18:03,133 - 59 result:
2024-06-02 09:18:03,133 - Name: 14, Distance: 0.3617870509624481
2024-06-02 09:18:03,133 - Name: 33, Distance: 0.36744076013565063
2024-06-02 09:18:03,133 - Name: 18, Distance: 0.39610400795936584
2024-06-02 09:18:03,133 - Name: 15, Distance: 0.40204423666000366
2024-06-02 09:18:03,133 - Name: 31, Distance: 0.4096096158027649
2024-06-02 09:18:03,732 - 6 result:
2024-06-02 09:18:03,732 - Name: 22, Distance: 0.19057098031044006
2024-06-02 09:18:03,732 - Name: 11, Distance: 0.37461817264556885
2024-06-02 09:18:03,732 - Name: 7, Distance: 0.3875117599964142
2024-06-02 09:18:03,732 - Name: 13, Distance: 0.39636605978012085
2024-06-02 09:18:03,732 - Name: 11, Distance: 0.39787614345550537
2024-06-02 09:18:03,784 - 7 result:
2024-06-02 09:18:03,784 - Name: 25, Distance: 0.12138955295085907
2024-06-02 09:18:03,784 - Name: 6, Distance: 0.25448447465896606
2024-06-02 09:18:03,784 - Name: 8, Distance: 0.2898394465446472
2024-06-02 09:18:03,784 - Name: 7, Distance: 0.297258198261261
2024-06-02 09:18:03,784 - Name: 34, Distance: 0.32958343625068665
2024-06-02 09:18:03,833 - 8 result:
2024-06-02 09:18:03,834 - Name: 34, Distance: 0.08286501467227936
2024-06-02 09:18:03,834 - Name: 7, Distance: 0.1332947015762329
2024-06-02 09:18:03,834 - Name: 8, Distance: 0.14136959612369537
2024-06-02 09:18:03,834 - Name: 12, Distance: 0.18134045600891113
2024-06-02 09:18:03,834 - Name: 14, Distance: 0.18554747104644775
2024-06-02 09:18:04,079 - 9 result:
2024-06-02 09:18:04,079 - Name: 31, Distance: 0.08081492781639099
2024-06-02 09:18:04,079 - Name: 33, Distance: 0.09834802895784378
2024-06-02 09:18:04,079 - Name: 12, Distance: 0.12642842531204224
2024-06-02 09:18:04,079 - Name: 14, Distance: 0.12693184614181519
2024-06-02 09:18:04,079 - Name: 7, Distance: 0.13426101207733154
2024-06-02 09:18:04,157 - Total samples: 58
2024-06-02 09:18:04,157 - Correct predictions: 16
2024-06-02 09:18:04,157 - Incorrect predictions: 42
2024-06-02 09:18:04,157 - Accuracy: 27.59%
2024-06-02 09:18:04,157 - Correctly predicted classes:
2024-06-02 09:18:04,157 - 39: 1
2024-06-02 09:18:04,157 - 13: 1
2024-06-02 09:18:04,158 - 50: 1
2024-06-02 09:18:04,158 - 53: 1
2024-06-02 09:18:04,158 - 57: 1
2024-06-02 09:18:04,158 - 46: 1
2024-06-02 09:18:04,158 - 2: 1
2024-06-02 09:18:04,158 - 24: 1
2024-06-02 09:18:04,158 - 34: 1
2024-06-02 09:18:04,158 - 5: 1
2024-06-02 09:18:04,158 - 8: 1
2024-06-02 09:18:04,159 - 52: 1
2024-06-02 09:18:04,159 - 7: 1
2024-06-02 09:18:04,159 - 26: 1
2024-06-02 09:18:04,159 - 33: 1
2024-06-02 09:18:04,159 - 19: 1
2024-06-02 09:18:04,159 - Incorrectly predicted classes:
2024-06-02 09:18:04,159 - 3: 1
2024-06-02 09:18:04,159 - 31: 1
2024-06-02 09:18:04,159 - 42: 1
2024-06-02 09:18:04,160 - 15: 1
2024-06-02 09:18:04,160 - 27: 1
2024-06-02 09:18:04,160 - 35: 1
2024-06-02 09:18:04,160 - 38: 1
2024-06-02 09:18:04,160 - 54: 1
2024-06-02 09:18:04,160 - 55: 1
2024-06-02 09:18:04,160 - 14: 1
2024-06-02 09:18:04,160 - 18: 1
2024-06-02 09:18:04,160 - 36: 1
2024-06-02 09:18:04,161 - 9: 1
2024-06-02 09:18:04,161 - 17: 1
2024-06-02 09:18:04,161 - 29: 1
2024-06-02 09:18:04,161 - 41: 1
2024-06-02 09:18:04,161 - 44: 1
2024-06-02 09:18:04,161 - 4: 1
2024-06-02 09:18:04,161 - 0: 1
2024-06-02 09:18:04,161 - 23: 1
2024-06-02 09:18:04,161 - 51: 1
2024-06-02 09:18:04,162 - 48: 1
2024-06-02 09:18:04,162 - 1: 1
2024-06-02 09:18:04,162 - 6: 1
2024-06-02 09:18:04,162 - 32: 1
2024-06-02 09:18:04,162 - 21: 1
2024-06-02 09:18:04,162 - 58: 1
2024-06-02 09:18:04,162 - 12: 1
2024-06-02 09:18:04,162 - 56: 1
2024-06-02 09:18:04,163 - 10: 1
2024-06-02 09:18:04,163 - 40: 1
2024-06-02 09:18:04,163 - 45: 1
2024-06-02 09:18:04,163 - 16: 1
2024-06-02 09:18:04,163 - 25: 1
2024-06-02 09:18:04,163 - 22: 1
2024-06-02 09:18:04,163 - 47: 1
2024-06-02 09:18:04,163 - 37: 1
2024-06-02 09:18:04,163 - 28: 1
2024-06-02 09:18:04,164 - 59: 1
2024-06-02 09:18:04,164 - 20: 1
2024-06-02 09:18:04,164 - 30: 1
2024-06-02 09:18:04,164 - 11: 1
