2024-06-02 08:17:47,834 - test_dir : ./Face_Dataset/Test
2024-06-02 08:17:47,834 - pretrained : work_dir/FaceNet_finetuning_Random_Batch_RandReg_10_32/FaceNet_finetuning_Random_Batch_RandReg_10_32_deepfake.pth
2024-06-02 08:17:47,834 - model_name : FaceNet_finetuning_Random_Batch_RandReg
2024-06-02 08:18:39,127 - 0 result:
2024-06-02 08:18:39,128 - Name: 48, Distance: 0.08925294131040573
2024-06-02 08:18:39,128 - Name: 21, Distance: 0.11654768884181976
2024-06-02 08:18:39,128 - Name: 31, Distance: 0.15990985929965973
2024-06-02 08:18:39,128 - Name: 57, Distance: 0.16094066202640533
2024-06-02 08:18:39,128 - Name: 31, Distance: 0.18390804529190063
2024-06-02 08:18:39,723 - 1 result:
2024-06-02 08:18:39,723 - Name: 3, Distance: 0.6544381380081177
2024-06-02 08:18:39,724 - Name: 16, Distance: 0.7483046650886536
2024-06-02 08:18:39,724 - Name: 25, Distance: 0.7554798722267151
2024-06-02 08:18:39,724 - Name: 24, Distance: 0.7751975059509277
2024-06-02 08:18:39,724 - Name: 26, Distance: 0.789950966835022
2024-06-02 08:18:39,796 - 10 result:
2024-06-02 08:18:39,796 - Name: 29, Distance: 0.12689726054668427
2024-06-02 08:18:39,796 - Name: 11, Distance: 0.12791027128696442
2024-06-02 08:18:39,796 - Name: 33, Distance: 0.13151319324970245
2024-06-02 08:18:39,796 - Name: 11, Distance: 0.17528192698955536
2024-06-02 08:18:39,796 - Name: 14, Distance: 0.22603236138820648
2024-06-02 08:18:39,848 - 11 result:
2024-06-02 08:18:39,848 - Name: 19, Distance: 0.11496967077255249
2024-06-02 08:18:39,848 - Name: 19, Distance: 0.12973652780056
2024-06-02 08:18:39,848 - Name: 30, Distance: 0.16305974125862122
2024-06-02 08:18:39,848 - Name: 27, Distance: 0.16684368252754211
2024-06-02 08:18:39,848 - Name: 16, Distance: 0.16694556176662445
2024-06-02 08:18:40,078 - 12 result:
2024-06-02 08:18:40,078 - Name: 12, Distance: 0.05225763097405434
2024-06-02 08:18:40,078 - Name: 15, Distance: 0.06066375598311424
2024-06-02 08:18:40,078 - Name: 6, Distance: 0.06260226666927338
2024-06-02 08:18:40,078 - Name: 15, Distance: 0.07167185097932816
2024-06-02 08:18:40,078 - Name: 12, Distance: 0.07253295928239822
2024-06-02 08:18:40,777 - 13 result:
2024-06-02 08:18:40,777 - Name: 13, Distance: 0.0
2024-06-02 08:18:40,777 - Name: 13, Distance: 0.05591464787721634
2024-06-02 08:18:40,777 - Name: 7, Distance: 0.06759130954742432
2024-06-02 08:18:40,777 - Name: 29, Distance: 0.07107148319482803
2024-06-02 08:18:40,777 - Name: 34, Distance: 0.10390491783618927
2024-06-02 08:18:40,859 - 14 result:
2024-06-02 08:18:40,859 - Name: 22, Distance: 0.17500834167003632
2024-06-02 08:18:40,859 - Name: 33, Distance: 0.22484101355075836
2024-06-02 08:18:40,859 - Name: 10, Distance: 0.24165867269039154
2024-06-02 08:18:40,859 - Name: 50, Distance: 0.2528870105743408
2024-06-02 08:18:40,859 - Name: 32, Distance: 0.2690637707710266
2024-06-02 08:18:40,913 - 15 result:
2024-06-02 08:18:40,914 - Name: 28, Distance: 0.03718103468418121
2024-06-02 08:18:40,914 - Name: 16, Distance: 0.06412076205015182
2024-06-02 08:18:40,914 - Name: 27, Distance: 0.06651758402585983
2024-06-02 08:18:40,914 - Name: 27, Distance: 0.08355742692947388
2024-06-02 08:18:40,914 - Name: 19, Distance: 0.08988488465547562
2024-06-02 08:18:41,150 - 16 result:
2024-06-02 08:18:41,150 - Name: 26, Distance: 0.04869580641388893
2024-06-02 08:18:41,150 - Name: 8, Distance: 0.054263919591903687
2024-06-02 08:18:41,150 - Name: 8, Distance: 0.060496583580970764
2024-06-02 08:18:41,150 - Name: 19, Distance: 0.08214952051639557
2024-06-02 08:18:41,150 - Name: 16, Distance: 0.08905159682035446
2024-06-02 08:18:41,750 - 17 result:
2024-06-02 08:18:41,751 - Name: 17, Distance: 0.23333686590194702
2024-06-02 08:18:41,751 - Name: 14, Distance: 0.31272393465042114
2024-06-02 08:18:41,751 - Name: 5, Distance: 0.32021990418434143
2024-06-02 08:18:41,751 - Name: 32, Distance: 0.32340601086616516
2024-06-02 08:18:41,751 - Name: 17, Distance: 0.35270729660987854
2024-06-02 08:18:41,808 - 18 result:
2024-06-02 08:18:41,808 - Name: 11, Distance: 0.19544288516044617
2024-06-02 08:18:41,808 - Name: 29, Distance: 0.21807673573493958
2024-06-02 08:18:41,808 - Name: 11, Distance: 0.22326447069644928
2024-06-02 08:18:41,808 - Name: 33, Distance: 0.2731626629829407
2024-06-02 08:18:41,808 - Name: 32, Distance: 0.3005738854408264
2024-06-02 08:18:41,859 - 19 result:
2024-06-02 08:18:41,859 - Name: 19, Distance: 0.12181715667247772
2024-06-02 08:18:41,859 - Name: 30, Distance: 0.1229320764541626
2024-06-02 08:18:41,859 - Name: 30, Distance: 0.13891474902629852
2024-06-02 08:18:41,859 - Name: 8, Distance: 0.14268817007541656
2024-06-02 08:18:41,859 - Name: 19, Distance: 0.1829036921262741
2024-06-02 08:18:42,078 - 2 result:
2024-06-02 08:18:42,078 - Name: 39, Distance: 0.31078341603279114
2024-06-02 08:18:42,078 - Name: 47, Distance: 0.34509721398353577
2024-06-02 08:18:42,078 - Name: 1, Distance: 0.3465908169746399
2024-06-02 08:18:42,078 - Name: 46, Distance: 0.361318439245224
2024-06-02 08:18:42,079 - Name: 35, Distance: 0.37109431624412537
2024-06-02 08:18:42,709 - 20 result:
2024-06-02 08:18:42,710 - Name: 48, Distance: 0.12893955409526825
2024-06-02 08:18:42,710 - Name: 54, Distance: 0.13799506425857544
2024-06-02 08:18:42,710 - Name: 37, Distance: 0.14560407400131226
2024-06-02 08:18:42,710 - Name: 48, Distance: 0.14903727173805237
2024-06-02 08:18:42,710 - Name: 47, Distance: 0.15835225582122803
2024-06-02 08:18:42,777 - 21 result:
2024-06-02 08:18:42,777 - Name: 10, Distance: 0.17549628019332886
2024-06-02 08:18:42,777 - Name: 43, Distance: 0.23824958503246307
2024-06-02 08:18:42,777 - Name: 9, Distance: 0.25391697883605957
2024-06-02 08:18:42,777 - Name: 50, Distance: 0.254874050617218
2024-06-02 08:18:42,777 - Name: 21, Distance: 0.2631298005580902
2024-06-02 08:18:42,827 - 22 result:
2024-06-02 08:18:42,827 - Name: 22, Distance: 0.29102998971939087
2024-06-02 08:18:42,827 - Name: 10, Distance: 0.307998925447464
2024-06-02 08:18:42,827 - Name: 5, Distance: 0.30977892875671387
2024-06-02 08:18:42,827 - Name: 33, Distance: 0.31705647706985474
2024-06-02 08:18:42,828 - Name: 32, Distance: 0.35010966658592224
2024-06-02 08:18:43,057 - 23 result:
2024-06-02 08:18:43,058 - Name: 5, Distance: 0.21348503232002258
2024-06-02 08:18:43,058 - Name: 32, Distance: 0.21412095427513123
2024-06-02 08:18:43,058 - Name: 14, Distance: 0.2699377238750458
2024-06-02 08:18:43,058 - Name: 17, Distance: 0.3081124424934387
2024-06-02 08:18:43,058 - Name: 18, Distance: 0.34096142649650574
2024-06-02 08:18:43,665 - 24 result:
2024-06-02 08:18:43,666 - Name: 24, Distance: 0.07646501064300537
2024-06-02 08:18:43,666 - Name: 26, Distance: 0.08411810547113419
2024-06-02 08:18:43,666 - Name: 26, Distance: 0.09733261913061142
2024-06-02 08:18:43,666 - Name: 25, Distance: 0.09751462191343307
2024-06-02 08:18:43,666 - Name: 34, Distance: 0.09853757172822952
2024-06-02 08:18:43,734 - 25 result:
2024-06-02 08:18:43,734 - Name: 34, Distance: 0.058325428515672684
2024-06-02 08:18:43,734 - Name: 25, Distance: 0.06465116888284683
2024-06-02 08:18:43,734 - Name: 28, Distance: 0.07243847846984863
2024-06-02 08:18:43,734 - Name: 26, Distance: 0.07325971871614456
2024-06-02 08:18:43,734 - Name: 19, Distance: 0.07470172643661499
2024-06-02 08:18:43,973 - 26 result:
2024-06-02 08:18:43,973 - Name: 28, Distance: 0.03381504863500595
2024-06-02 08:18:43,973 - Name: 26, Distance: 0.050148844718933105
2024-06-02 08:18:43,973 - Name: 34, Distance: 0.053756698966026306
2024-06-02 08:18:43,973 - Name: 27, Distance: 0.05621689185500145
2024-06-02 08:18:43,973 - Name: 27, Distance: 0.070250004529953
2024-06-02 08:18:44,568 - 27 result:
2024-06-02 08:18:44,568 - Name: 28, Distance: 0.33244889974594116
2024-06-02 08:18:44,568 - Name: 24, Distance: 0.37589582800865173
2024-06-02 08:18:44,568 - Name: 24, Distance: 0.43176329135894775
2024-06-02 08:18:44,568 - Name: 26, Distance: 0.4502221345901489
2024-06-02 08:18:44,569 - Name: 26, Distance: 0.4585866630077362
2024-06-02 08:18:44,648 - 28 result:
2024-06-02 08:18:44,648 - Name: 27, Distance: 0.09588725864887238
2024-06-02 08:18:44,648 - Name: 19, Distance: 0.10165230184793472
2024-06-02 08:18:44,648 - Name: 29, Distance: 0.11695893853902817
2024-06-02 08:18:44,648 - Name: 25, Distance: 0.12196461856365204
2024-06-02 08:18:44,648 - Name: 30, Distance: 0.12815508246421814
2024-06-02 08:18:44,702 - 29 result:
2024-06-02 08:18:44,703 - Name: 23, Distance: 0.22138014435768127
2024-06-02 08:18:44,703 - Name: 9, Distance: 0.22532741725444794
2024-06-02 08:18:44,703 - Name: 50, Distance: 0.23896990716457367
2024-06-02 08:18:44,703 - Name: 21, Distance: 0.2625604569911957
2024-06-02 08:18:44,703 - Name: 57, Distance: 0.27122339606285095
2024-06-02 08:18:45,281 - 3 result:
2024-06-02 08:18:45,281 - Name: 52, Distance: 0.24362877011299133
2024-06-02 08:18:45,281 - Name: 51, Distance: 0.26386064291000366
2024-06-02 08:18:45,281 - Name: 54, Distance: 0.2773403227329254
2024-06-02 08:18:45,281 - Name: 58, Distance: 0.2916050851345062
2024-06-02 08:18:45,281 - Name: 39, Distance: 0.31075024604797363
2024-06-02 08:18:45,575 - 30 result:
2024-06-02 08:18:45,575 - Name: 7, Distance: 0.04527967795729637
2024-06-02 08:18:45,575 - Name: 29, Distance: 0.056894995272159576
2024-06-02 08:18:45,576 - Name: 13, Distance: 0.07343098521232605
2024-06-02 08:18:45,576 - Name: 13, Distance: 0.08154971897602081
2024-06-02 08:18:45,576 - Name: 34, Distance: 0.09096533805131912
2024-06-02 08:18:45,631 - 31 result:
2024-06-02 08:18:45,632 - Name: 10, Distance: 0.06621500849723816
2024-06-02 08:18:45,632 - Name: 22, Distance: 0.10107576847076416
2024-06-02 08:18:45,632 - Name: 33, Distance: 0.1086796373128891
2024-06-02 08:18:45,632 - Name: 17, Distance: 0.12019135802984238
2024-06-02 08:18:45,632 - Name: 50, Distance: 0.14933404326438904
2024-06-02 08:18:45,865 - 32 result:
2024-06-02 08:18:45,865 - Name: 19, Distance: 0.7938376665115356
2024-06-02 08:18:45,865 - Name: 16, Distance: 0.8302213549613953
2024-06-02 08:18:45,865 - Name: 3, Distance: 0.8372466564178467
2024-06-02 08:18:45,866 - Name: 19, Distance: 0.8383908867835999
2024-06-02 08:18:45,866 - Name: 8, Distance: 0.8501349091529846
2024-06-02 08:18:46,557 - 33 result:
2024-06-02 08:18:46,557 - Name: 5, Distance: 0.23956717550754547
2024-06-02 08:18:46,557 - Name: 32, Distance: 0.261536568403244
2024-06-02 08:18:46,557 - Name: 14, Distance: 0.313544362783432
2024-06-02 08:18:46,557 - Name: 17, Distance: 0.3140120804309845
2024-06-02 08:18:46,557 - Name: 10, Distance: 0.3203778862953186
2024-06-02 08:18:46,634 - 34 result:
2024-06-02 08:18:46,634 - Name: 29, Distance: 0.08274555951356888
2024-06-02 08:18:46,634 - Name: 7, Distance: 0.09787032753229141
2024-06-02 08:18:46,634 - Name: 13, Distance: 0.10802669823169708
2024-06-02 08:18:46,634 - Name: 13, Distance: 0.12575452029705048
2024-06-02 08:18:46,634 - Name: 25, Distance: 0.1539965569972992
2024-06-02 08:18:46,689 - 35 result:
2024-06-02 08:18:46,690 - Name: 53, Distance: 0.04996075481176376
2024-06-02 08:18:46,690 - Name: 41, Distance: 0.05869100242853165
2024-06-02 08:18:46,690 - Name: 2, Distance: 0.06733140349388123
2024-06-02 08:18:46,690 - Name: 35, Distance: 0.07291946560144424
2024-06-02 08:18:46,690 - Name: 53, Distance: 0.07702581584453583
2024-06-02 08:18:46,922 - 36 result:
2024-06-02 08:18:46,922 - Name: 34, Distance: 0.16453735530376434
2024-06-02 08:18:46,922 - Name: 25, Distance: 0.17030347883701324
2024-06-02 08:18:46,922 - Name: 28, Distance: 0.18458813428878784
2024-06-02 08:18:46,922 - Name: 19, Distance: 0.1863822638988495
2024-06-02 08:18:46,922 - Name: 24, Distance: 0.19165116548538208
2024-06-02 08:18:47,532 - 37 result:
2024-06-02 08:18:47,532 - Name: 34, Distance: 0.06814552843570709
2024-06-02 08:18:47,532 - Name: 13, Distance: 0.07088413089513779
2024-06-02 08:18:47,532 - Name: 7, Distance: 0.07973217219114304
2024-06-02 08:18:47,532 - Name: 29, Distance: 0.0916624516248703
2024-06-02 08:18:47,532 - Name: 13, Distance: 0.09969214349985123
2024-06-02 08:18:47,584 - 38 result:
2024-06-02 08:18:47,584 - Name: 9, Distance: 0.12126355618238449
2024-06-02 08:18:47,584 - Name: 43, Distance: 0.12486064434051514
2024-06-02 08:18:47,584 - Name: 21, Distance: 0.12638705968856812
2024-06-02 08:18:47,584 - Name: 50, Distance: 0.16507820785045624
2024-06-02 08:18:47,584 - Name: 48, Distance: 0.1693272590637207
2024-06-02 08:18:47,637 - 39 result:
2024-06-02 08:18:47,637 - Name: 46, Distance: 0.10367414355278015
2024-06-02 08:18:47,637 - Name: 1, Distance: 0.10777556151151657
2024-06-02 08:18:47,637 - Name: 39, Distance: 0.1281125545501709
2024-06-02 08:18:47,637 - Name: 0, Distance: 0.1466279923915863
2024-06-02 08:18:47,637 - Name: 58, Distance: 0.15486250817775726
2024-06-02 08:18:47,867 - 4 result:
2024-06-02 08:18:47,867 - Name: 22, Distance: 0.21007183194160461
2024-06-02 08:18:47,867 - Name: 32, Distance: 0.21596577763557434
2024-06-02 08:18:47,867 - Name: 50, Distance: 0.21959789097309113
2024-06-02 08:18:47,867 - Name: 22, Distance: 0.22013644874095917
2024-06-02 08:18:47,867 - Name: 33, Distance: 0.23635722696781158
2024-06-02 08:18:48,491 - 40 result:
2024-06-02 08:18:48,492 - Name: 39, Distance: 0.2676245868206024
2024-06-02 08:18:48,492 - Name: 51, Distance: 0.2679089903831482
2024-06-02 08:18:48,492 - Name: 52, Distance: 0.27606868743896484
2024-06-02 08:18:48,492 - Name: 54, Distance: 0.2821662724018097
2024-06-02 08:18:48,492 - Name: 58, Distance: 0.29039251804351807
2024-06-02 08:18:48,542 - 41 result:
2024-06-02 08:18:48,542 - Name: 11, Distance: 0.044703204184770584
2024-06-02 08:18:48,542 - Name: 25, Distance: 0.05704744532704353
2024-06-02 08:18:48,542 - Name: 29, Distance: 0.07263436168432236
2024-06-02 08:18:48,542 - Name: 30, Distance: 0.08170634508132935
2024-06-02 08:18:48,542 - Name: 30, Distance: 0.08290567994117737
2024-06-02 08:18:48,595 - 42 result:
2024-06-02 08:18:48,596 - Name: 44, Distance: 0.08691676706075668
2024-06-02 08:18:48,596 - Name: 3, Distance: 0.10793596506118774
2024-06-02 08:18:48,596 - Name: 1, Distance: 0.11494272947311401
2024-06-02 08:18:48,596 - Name: 0, Distance: 0.12270442396402359
2024-06-02 08:18:48,596 - Name: 45, Distance: 0.13362380862236023
2024-06-02 08:18:48,831 - 44 result:
2024-06-02 08:18:48,832 - Name: 39, Distance: 0.1708480268716812
2024-06-02 08:18:48,832 - Name: 46, Distance: 0.18214668333530426
2024-06-02 08:18:48,832 - Name: 1, Distance: 0.1920422613620758
2024-06-02 08:18:48,832 - Name: 58, Distance: 0.209525465965271
2024-06-02 08:18:48,832 - Name: 47, Distance: 0.21074002981185913
2024-06-02 08:18:49,456 - 45 result:
2024-06-02 08:18:49,457 - Name: 54, Distance: 0.1733887642621994
2024-06-02 08:18:49,457 - Name: 51, Distance: 0.18030187487602234
2024-06-02 08:18:49,457 - Name: 58, Distance: 0.18401141464710236
2024-06-02 08:18:49,457 - Name: 52, Distance: 0.2159358412027359
2024-06-02 08:18:49,457 - Name: 58, Distance: 0.23453108966350555
2024-06-02 08:18:49,517 - 46 result:
2024-06-02 08:18:49,517 - Name: 59, Distance: 0.11109156906604767
2024-06-02 08:18:49,518 - Name: 41, Distance: 0.11175087839365005
2024-06-02 08:18:49,518 - Name: 39, Distance: 0.11309311538934708
2024-06-02 08:18:49,518 - Name: 39, Distance: 0.13138596713542938
2024-06-02 08:18:49,518 - Name: 36, Distance: 0.13161513209342957
2024-06-02 08:18:49,751 - 47 result:
2024-06-02 08:18:49,751 - Name: 46, Distance: 0.07123195379972458
2024-06-02 08:18:49,751 - Name: 40, Distance: 0.07933571934700012
2024-06-02 08:18:49,751 - Name: 2, Distance: 0.07947274297475815
2024-06-02 08:18:49,751 - Name: 36, Distance: 0.0796453133225441
2024-06-02 08:18:49,751 - Name: 41, Distance: 0.09225963056087494
2024-06-02 08:18:50,353 - 48 result:
2024-06-02 08:18:50,353 - Name: 9, Distance: 0.44117024540901184
2024-06-02 08:18:50,353 - Name: 51, Distance: 0.6377359628677368
2024-06-02 08:18:50,353 - Name: 39, Distance: 0.6564558744430542
2024-06-02 08:18:50,353 - Name: 59, Distance: 0.6622623205184937
2024-06-02 08:18:50,353 - Name: 0, Distance: 0.6750423908233643
2024-06-02 08:18:50,466 - 5 result:
2024-06-02 08:18:50,466 - Name: 11, Distance: 0.4355279505252838
2024-06-02 08:18:50,466 - Name: 7, Distance: 0.43702173233032227
2024-06-02 08:18:50,466 - Name: 29, Distance: 0.4638456702232361
2024-06-02 08:18:50,466 - Name: 11, Distance: 0.47219735383987427
2024-06-02 08:18:50,466 - Name: 32, Distance: 0.5154834985733032
2024-06-02 08:18:50,733 - 50 result:
2024-06-02 08:18:50,733 - Name: 32, Distance: 0.14064045250415802
2024-06-02 08:18:50,733 - Name: 50, Distance: 0.14801377058029175
2024-06-02 08:18:50,733 - Name: 33, Distance: 0.1570892035961151
2024-06-02 08:18:50,733 - Name: 22, Distance: 0.16318701207637787
2024-06-02 08:18:50,733 - Name: 22, Distance: 0.18280017375946045
2024-06-02 08:18:51,412 - 51 result:
2024-06-02 08:18:51,413 - Name: 5, Distance: 0.12495958060026169
2024-06-02 08:18:51,413 - Name: 22, Distance: 0.12769977748394012
2024-06-02 08:18:51,413 - Name: 23, Distance: 0.1310129016637802
2024-06-02 08:18:51,413 - Name: 5, Distance: 0.14713232219219208
2024-06-02 08:18:51,413 - Name: 32, Distance: 0.16710171103477478
2024-06-02 08:18:51,479 - 52 result:
2024-06-02 08:18:51,479 - Name: 16, Distance: 0.2963440716266632
2024-06-02 08:18:51,479 - Name: 3, Distance: 0.3291448950767517
2024-06-02 08:18:51,479 - Name: 25, Distance: 0.3351152837276459
2024-06-02 08:18:51,479 - Name: 26, Distance: 0.3980948030948639
2024-06-02 08:18:51,479 - Name: 24, Distance: 0.41107800602912903
2024-06-02 08:18:51,531 - 53 result:
2024-06-02 08:18:51,531 - Name: 0, Distance: 0.12286772578954697
2024-06-02 08:18:51,531 - Name: 3, Distance: 0.15131892263889313
2024-06-02 08:18:51,531 - Name: 44, Distance: 0.16102838516235352
2024-06-02 08:18:51,531 - Name: 2, Distance: 0.16174909472465515
2024-06-02 08:18:51,531 - Name: 35, Distance: 0.1618562638759613
2024-06-02 08:18:51,761 - 54 result:
2024-06-02 08:18:51,762 - Name: 3, Distance: 0.3515486717224121
2024-06-02 08:18:51,762 - Name: 44, Distance: 0.5591992139816284
2024-06-02 08:18:51,762 - Name: 16, Distance: 0.584189236164093
2024-06-02 08:18:51,762 - Name: 25, Distance: 0.6054209470748901
2024-06-02 08:18:51,762 - Name: 24, Distance: 0.6420085430145264
2024-06-02 08:18:52,352 - 55 result:
2024-06-02 08:18:52,352 - Name: 16, Distance: 0.30365821719169617
2024-06-02 08:18:52,352 - Name: 25, Distance: 0.3433469533920288
2024-06-02 08:18:52,352 - Name: 3, Distance: 0.3524913191795349
2024-06-02 08:18:52,352 - Name: 26, Distance: 0.40836748480796814
2024-06-02 08:18:52,352 - Name: 24, Distance: 0.4179569482803345
2024-06-02 08:18:52,415 - 56 result:
2024-06-02 08:18:52,415 - Name: 53, Distance: 0.19103841483592987
2024-06-02 08:18:52,415 - Name: 52, Distance: 0.19287621974945068
2024-06-02 08:18:52,415 - Name: 39, Distance: 0.2138798087835312
2024-06-02 08:18:52,415 - Name: 40, Distance: 0.21596035361289978
2024-06-02 08:18:52,415 - Name: 58, Distance: 0.2261408418416977
2024-06-02 08:18:52,645 - 57 result:
2024-06-02 08:18:52,646 - Name: 37, Distance: 0.09876180440187454
2024-06-02 08:18:52,646 - Name: 47, Distance: 0.11690309643745422
2024-06-02 08:18:52,646 - Name: 37, Distance: 0.13053052127361298
2024-06-02 08:18:52,646 - Name: 20, Distance: 0.15830343961715698
2024-06-02 08:18:52,646 - Name: 51, Distance: 0.18515551090240479
2024-06-02 08:18:53,251 - 58 result:
2024-06-02 08:18:53,251 - Name: 2, Distance: 0.07323623448610306
2024-06-02 08:18:53,251 - Name: 2, Distance: 0.08372215181589127
2024-06-02 08:18:53,251 - Name: 0, Distance: 0.08646821975708008
2024-06-02 08:18:53,251 - Name: 46, Distance: 0.08972197026014328
2024-06-02 08:18:53,251 - Name: 36, Distance: 0.09048201143741608
2024-06-02 08:18:53,333 - 59 result:
2024-06-02 08:18:53,333 - Name: 37, Distance: 0.1094672828912735
2024-06-02 08:18:53,333 - Name: 47, Distance: 0.11225488036870956
2024-06-02 08:18:53,333 - Name: 37, Distance: 0.11455584317445755
2024-06-02 08:18:53,333 - Name: 20, Distance: 0.14394207298755646
2024-06-02 08:18:53,333 - Name: 51, Distance: 0.17020198702812195
2024-06-02 08:18:53,387 - 6 result:
2024-06-02 08:18:53,388 - Name: 24, Distance: 0.04794841632246971
2024-06-02 08:18:53,388 - Name: 16, Distance: 0.07074189186096191
2024-06-02 08:18:53,388 - Name: 27, Distance: 0.08663785457611084
2024-06-02 08:18:53,388 - Name: 19, Distance: 0.17379726469516754
2024-06-02 08:18:53,388 - Name: 8, Distance: 0.1738300770521164
2024-06-02 08:18:53,627 - 7 result:
2024-06-02 08:18:53,628 - Name: 22, Distance: 1.037124752998352
2024-06-02 08:18:53,628 - Name: 57, Distance: 1.0526047945022583
2024-06-02 08:18:53,628 - Name: 9, Distance: 1.058871865272522
2024-06-02 08:18:53,628 - Name: 23, Distance: 1.0661418437957764
2024-06-02 08:18:53,628 - Name: 22, Distance: 1.0891661643981934
2024-06-02 08:18:54,255 - 8 result:
2024-06-02 08:18:54,255 - Name: 27, Distance: 0.09115451574325562
2024-06-02 08:18:54,255 - Name: 19, Distance: 0.10344360768795013
2024-06-02 08:18:54,255 - Name: 29, Distance: 0.11616871505975723
2024-06-02 08:18:54,255 - Name: 25, Distance: 0.12252116948366165
2024-06-02 08:18:54,255 - Name: 16, Distance: 0.13197560608386993
2024-06-02 08:18:54,308 - 9 result:
2024-06-02 08:18:54,308 - Name: 32, Distance: 0.11369596421718597
2024-06-02 08:18:54,308 - Name: 18, Distance: 0.16176128387451172
2024-06-02 08:18:54,308 - Name: 33, Distance: 0.17051862180233002
2024-06-02 08:18:54,308 - Name: 14, Distance: 0.21605587005615234
2024-06-02 08:18:54,308 - Name: 17, Distance: 0.23091842234134674
2024-06-02 08:18:54,375 - Total samples: 58
2024-06-02 08:18:54,376 - Correct predictions: 13
2024-06-02 08:18:54,376 - Incorrect predictions: 45
2024-06-02 08:18:54,376 - Accuracy: 22.41%
2024-06-02 08:18:54,376 - Correctly predicted classes:
2024-06-02 08:18:54,376 - 26: 1
2024-06-02 08:18:54,376 - 12: 1
2024-06-02 08:18:54,376 - 35: 1
2024-06-02 08:18:54,376 - 16: 1
2024-06-02 08:18:54,376 - 25: 1
2024-06-02 08:18:54,376 - 13: 1
2024-06-02 08:18:54,376 - 24: 1
2024-06-02 08:18:54,376 - 50: 1
2024-06-02 08:18:54,376 - 39: 1
2024-06-02 08:18:54,376 - 21: 1
2024-06-02 08:18:54,376 - 19: 1
2024-06-02 08:18:54,376 - 22: 1
2024-06-02 08:18:54,376 - 17: 1
2024-06-02 08:18:54,376 - Incorrectly predicted classes:
2024-06-02 08:18:54,376 - 32: 1
2024-06-02 08:18:54,376 - 14: 1
2024-06-02 08:18:54,376 - 3: 1
2024-06-02 08:18:54,377 - 40: 1
2024-06-02 08:18:54,377 - 15: 1
2024-06-02 08:18:54,377 - 44: 1
2024-06-02 08:18:54,377 - 1: 1
2024-06-02 08:18:54,377 - 48: 1
2024-06-02 08:18:54,377 - 51: 1
2024-06-02 08:18:54,377 - 36: 1
2024-06-02 08:18:54,377 - 37: 1
2024-06-02 08:18:54,377 - 18: 1
2024-06-02 08:18:54,377 - 8: 1
2024-06-02 08:18:54,377 - 7: 1
2024-06-02 08:18:54,377 - 55: 1
2024-06-02 08:18:54,377 - 6: 1
2024-06-02 08:18:54,377 - 4: 1
2024-06-02 08:18:54,377 - 42: 1
2024-06-02 08:18:54,377 - 28: 1
2024-06-02 08:18:54,377 - 46: 1
2024-06-02 08:18:54,377 - 52: 1
2024-06-02 08:18:54,377 - 20: 1
2024-06-02 08:18:54,377 - 10: 1
2024-06-02 08:18:54,377 - 29: 1
2024-06-02 08:18:54,377 - 23: 1
2024-06-02 08:18:54,377 - 31: 1
2024-06-02 08:18:54,377 - 11: 1
2024-06-02 08:18:54,377 - 2: 1
2024-06-02 08:18:54,377 - 34: 1
2024-06-02 08:18:54,377 - 38: 1
2024-06-02 08:18:54,378 - 9: 1
2024-06-02 08:18:54,378 - 5: 1
2024-06-02 08:18:54,378 - 30: 1
2024-06-02 08:18:54,378 - 45: 1
2024-06-02 08:18:54,378 - 53: 1
2024-06-02 08:18:54,378 - 47: 1
2024-06-02 08:18:54,378 - 33: 1
2024-06-02 08:18:54,378 - 54: 1
2024-06-02 08:18:54,378 - 57: 1
2024-06-02 08:18:54,378 - 0: 1
2024-06-02 08:18:54,378 - 58: 1
2024-06-02 08:18:54,378 - 27: 1
2024-06-02 08:18:54,378 - 59: 1
2024-06-02 08:18:54,378 - 41: 1
2024-06-02 08:18:54,378 - 56: 1
