2024-06-03 07:35:45,711 - test_dir : ./Face_Dataset/Test
2024-06-03 07:35:45,712 - pretrained : work_dir/FaceNet_finetuning_Random_Batch_L2SP_aug_70_32/FaceNet_finetuning_Random_Batch_L2SP_aug_70_32_deepfake.pth
2024-06-03 07:35:45,712 - model_name : FaceNet_finetuning_Random_Batch_L2SP_aug
2024-06-03 07:36:49,530 - 0 result:
2024-06-03 07:36:49,530 - Name: 0, Distance: 0.8851175308227539
2024-06-03 07:36:49,530 - Name: 23, Distance: 0.8896154165267944
2024-06-03 07:36:49,530 - Name: 0, Distance: 0.9309287071228027
2024-06-03 07:36:49,530 - Name: 0, Distance: 0.9333330988883972
2024-06-03 07:36:49,531 - Name: 36, Distance: 1.0279653072357178
2024-06-03 07:36:49,585 - 1 result:
2024-06-03 07:36:49,585 - Name: 1, Distance: 0.7207890748977661
2024-06-03 07:36:49,585 - Name: 1, Distance: 0.816537082195282
2024-06-03 07:36:49,586 - Name: 1, Distance: 0.8188849687576294
2024-06-03 07:36:49,586 - Name: 42, Distance: 1.0639897584915161
2024-06-03 07:36:49,586 - Name: 42, Distance: 1.0907446146011353
2024-06-03 07:36:49,645 - 10 result:
2024-06-03 07:36:49,645 - Name: 7, Distance: 0.8075979351997375
2024-06-03 07:36:49,645 - Name: 10, Distance: 1.0012117624282837
2024-06-03 07:36:49,645 - Name: 7, Distance: 1.0098735094070435
2024-06-03 07:36:49,645 - Name: 7, Distance: 1.0116703510284424
2024-06-03 07:36:49,645 - Name: 3, Distance: 1.0120829343795776
2024-06-03 07:36:49,884 - 11 result:
2024-06-03 07:36:49,884 - Name: 11, Distance: 0.8804457783699036
2024-06-03 07:36:49,884 - Name: 11, Distance: 0.9702913761138916
2024-06-03 07:36:49,884 - Name: 9, Distance: 1.0148903131484985
2024-06-03 07:36:49,884 - Name: 18, Distance: 1.0264614820480347
2024-06-03 07:36:49,885 - Name: 10, Distance: 1.056419014930725
2024-06-03 07:36:50,474 - 12 result:
2024-06-03 07:36:50,474 - Name: 12, Distance: 0.7622995972633362
2024-06-03 07:36:50,474 - Name: 12, Distance: 0.8223819732666016
2024-06-03 07:36:50,474 - Name: 12, Distance: 0.8693005442619324
2024-06-03 07:36:50,475 - Name: 16, Distance: 0.9488303065299988
2024-06-03 07:36:50,475 - Name: 18, Distance: 0.9567317366600037
2024-06-03 07:36:50,582 - 13 result:
2024-06-03 07:36:50,583 - Name: 13, Distance: 0.0
2024-06-03 07:36:50,583 - Name: 13, Distance: 0.7870380878448486
2024-06-03 07:36:50,583 - Name: 13, Distance: 0.8429789543151855
2024-06-03 07:36:50,583 - Name: 28, Distance: 0.9571002125740051
2024-06-03 07:36:50,583 - Name: 12, Distance: 1.0049699544906616
2024-06-03 07:36:50,641 - 14 result:
2024-06-03 07:36:50,641 - Name: 33, Distance: 0.9594716429710388
2024-06-03 07:36:50,641 - Name: 29, Distance: 0.9701153635978699
2024-06-03 07:36:50,641 - Name: 33, Distance: 0.9896299839019775
2024-06-03 07:36:50,641 - Name: 33, Distance: 1.0277483463287354
2024-06-03 07:36:50,641 - Name: 13, Distance: 1.0747424364089966
2024-06-03 07:36:50,696 - 15 result:
2024-06-03 07:36:50,696 - Name: 30, Distance: 0.8427738547325134
2024-06-03 07:36:50,696 - Name: 30, Distance: 0.939740777015686
2024-06-03 07:36:50,696 - Name: 18, Distance: 0.9569677114486694
2024-06-03 07:36:50,696 - Name: 18, Distance: 0.9895849227905273
2024-06-03 07:36:50,697 - Name: 18, Distance: 1.025024652481079
2024-06-03 07:36:50,944 - 16 result:
2024-06-03 07:36:50,944 - Name: 16, Distance: 0.5994192957878113
2024-06-03 07:36:50,944 - Name: 16, Distance: 0.7234160304069519
2024-06-03 07:36:50,944 - Name: 16, Distance: 0.804324746131897
2024-06-03 07:36:50,944 - Name: 12, Distance: 0.9881826043128967
2024-06-03 07:36:50,944 - Name: 12, Distance: 1.0761038064956665
2024-06-03 07:36:51,566 - 17 result:
2024-06-03 07:36:51,566 - Name: 10, Distance: 0.8652995824813843
2024-06-03 07:36:51,566 - Name: 17, Distance: 0.9332907199859619
2024-06-03 07:36:51,566 - Name: 13, Distance: 0.9529826641082764
2024-06-03 07:36:51,566 - Name: 7, Distance: 0.970654308795929
2024-06-03 07:36:51,566 - Name: 7, Distance: 0.9793471693992615
2024-06-03 07:36:51,653 - 18 result:
2024-06-03 07:36:51,653 - Name: 18, Distance: 0.8372469544410706
2024-06-03 07:36:51,653 - Name: 18, Distance: 0.97347491979599
2024-06-03 07:36:51,653 - Name: 18, Distance: 1.0509213209152222
2024-06-03 07:36:51,653 - Name: 5, Distance: 1.0803548097610474
2024-06-03 07:36:51,654 - Name: 27, Distance: 1.0859754085540771
2024-06-03 07:36:51,720 - 19 result:
2024-06-03 07:36:51,720 - Name: 19, Distance: 0.656944990158081
2024-06-03 07:36:51,720 - Name: 19, Distance: 0.8035233020782471
2024-06-03 07:36:51,721 - Name: 19, Distance: 0.8593534231185913
2024-06-03 07:36:51,721 - Name: 6, Distance: 0.9625688791275024
2024-06-03 07:36:51,721 - Name: 10, Distance: 1.0193438529968262
2024-06-03 07:36:51,776 - 2 result:
2024-06-03 07:36:51,776 - Name: 2, Distance: 0.8937071561813354
2024-06-03 07:36:51,776 - Name: 2, Distance: 0.92314213514328
2024-06-03 07:36:51,776 - Name: 2, Distance: 0.960913896560669
2024-06-03 07:36:51,776 - Name: 46, Distance: 1.0191646814346313
2024-06-03 07:36:51,776 - Name: 50, Distance: 1.0468590259552002
2024-06-03 07:36:52,014 - 20 result:
2024-06-03 07:36:52,015 - Name: 11, Distance: 0.9253143072128296
2024-06-03 07:36:52,015 - Name: 11, Distance: 0.9606903791427612
2024-06-03 07:36:52,015 - Name: 10, Distance: 0.9758535027503967
2024-06-03 07:36:52,015 - Name: 20, Distance: 0.991398274898529
2024-06-03 07:36:52,015 - Name: 31, Distance: 0.9969774484634399
2024-06-03 07:36:52,621 - 21 result:
2024-06-03 07:36:52,621 - Name: 11, Distance: 0.8842827081680298
2024-06-03 07:36:52,621 - Name: 11, Distance: 0.8901844024658203
2024-06-03 07:36:52,621 - Name: 21, Distance: 0.9094217419624329
2024-06-03 07:36:52,621 - Name: 42, Distance: 0.9349770545959473
2024-06-03 07:36:52,621 - Name: 19, Distance: 0.9578001499176025
2024-06-03 07:36:52,694 - 22 result:
2024-06-03 07:36:52,695 - Name: 0, Distance: 1.0440685749053955
2024-06-03 07:36:52,695 - Name: 0, Distance: 1.0495305061340332
2024-06-03 07:36:52,695 - Name: 23, Distance: 1.0600723028182983
2024-06-03 07:36:52,695 - Name: 22, Distance: 1.0794367790222168
2024-06-03 07:36:52,695 - Name: 15, Distance: 1.0883711576461792
2024-06-03 07:36:52,752 - 23 result:
2024-06-03 07:36:52,752 - Name: 23, Distance: 0.9098230600357056
2024-06-03 07:36:52,752 - Name: 31, Distance: 0.9200226068496704
2024-06-03 07:36:52,752 - Name: 23, Distance: 1.019358515739441
2024-06-03 07:36:52,752 - Name: 14, Distance: 1.0492315292358398
2024-06-03 07:36:52,752 - Name: 13, Distance: 1.0566374063491821
2024-06-03 07:36:52,985 - 24 result:
2024-06-03 07:36:52,985 - Name: 24, Distance: 0.8288422226905823
2024-06-03 07:36:52,985 - Name: 27, Distance: 0.9131527543067932
2024-06-03 07:36:52,985 - Name: 28, Distance: 0.9383912682533264
2024-06-03 07:36:52,985 - Name: 24, Distance: 0.9653033018112183
2024-06-03 07:36:52,985 - Name: 27, Distance: 1.0213955640792847
2024-06-03 07:36:53,616 - 25 result:
2024-06-03 07:36:53,616 - Name: 25, Distance: 0.807180643081665
2024-06-03 07:36:53,616 - Name: 25, Distance: 0.9361695647239685
2024-06-03 07:36:53,616 - Name: 30, Distance: 0.9378377199172974
2024-06-03 07:36:53,616 - Name: 28, Distance: 0.9839470982551575
2024-06-03 07:36:53,616 - Name: 27, Distance: 1.0351386070251465
2024-06-03 07:36:53,690 - 26 result:
2024-06-03 07:36:53,691 - Name: 26, Distance: 0.8181184530258179
2024-06-03 07:36:53,691 - Name: 30, Distance: 0.9390091300010681
2024-06-03 07:36:53,691 - Name: 25, Distance: 0.9536603689193726
2024-06-03 07:36:53,691 - Name: 25, Distance: 0.9783380627632141
2024-06-03 07:36:53,691 - Name: 13, Distance: 0.9870115518569946
2024-06-03 07:36:53,755 - 27 result:
2024-06-03 07:36:53,755 - Name: 27, Distance: 0.8621600270271301
2024-06-03 07:36:53,755 - Name: 23, Distance: 0.8918444514274597
2024-06-03 07:36:53,755 - Name: 24, Distance: 0.8956020474433899
2024-06-03 07:36:53,755 - Name: 36, Distance: 0.9183246493339539
2024-06-03 07:36:53,755 - Name: 27, Distance: 0.9470912218093872
2024-06-03 07:36:54,001 - 28 result:
2024-06-03 07:36:54,002 - Name: 28, Distance: 0.8548487424850464
2024-06-03 07:36:54,002 - Name: 28, Distance: 0.962441623210907
2024-06-03 07:36:54,002 - Name: 23, Distance: 1.0034865140914917
2024-06-03 07:36:54,002 - Name: 15, Distance: 1.0238616466522217
2024-06-03 07:36:54,002 - Name: 13, Distance: 1.0246915817260742
2024-06-03 07:36:54,615 - 29 result:
2024-06-03 07:36:54,615 - Name: 29, Distance: 0.593764066696167
2024-06-03 07:36:54,615 - Name: 29, Distance: 0.9929453134536743
2024-06-03 07:36:54,615 - Name: 34, Distance: 1.0197691917419434
2024-06-03 07:36:54,615 - Name: 35, Distance: 1.1020231246948242
2024-06-03 07:36:54,615 - Name: 34, Distance: 1.1136415004730225
2024-06-03 07:36:54,687 - 3 result:
2024-06-03 07:36:54,687 - Name: 16, Distance: 0.8464028835296631
2024-06-03 07:36:54,687 - Name: 18, Distance: 0.8948115110397339
2024-06-03 07:36:54,688 - Name: 3, Distance: 0.9179955124855042
2024-06-03 07:36:54,688 - Name: 3, Distance: 0.9492285251617432
2024-06-03 07:36:54,688 - Name: 3, Distance: 0.9546905159950256
2024-06-03 07:36:54,748 - 30 result:
2024-06-03 07:36:54,748 - Name: 18, Distance: 0.919750988483429
2024-06-03 07:36:54,748 - Name: 18, Distance: 0.9212686419487
2024-06-03 07:36:54,748 - Name: 30, Distance: 0.9290145039558411
2024-06-03 07:36:54,748 - Name: 29, Distance: 0.9304830431938171
2024-06-03 07:36:54,748 - Name: 6, Distance: 1.022704005241394
2024-06-03 07:36:54,992 - 31 result:
2024-06-03 07:36:54,992 - Name: 31, Distance: 0.7663478255271912
2024-06-03 07:36:54,992 - Name: 31, Distance: 0.7774778604507446
2024-06-03 07:36:54,992 - Name: 10, Distance: 0.8236419558525085
2024-06-03 07:36:54,992 - Name: 31, Distance: 0.8852776288986206
2024-06-03 07:36:54,992 - Name: 22, Distance: 0.9170033931732178
2024-06-03 07:36:55,605 - 32 result:
2024-06-03 07:36:55,606 - Name: 32, Distance: 0.7205215096473694
2024-06-03 07:36:55,606 - Name: 32, Distance: 0.7731942534446716
2024-06-03 07:36:55,606 - Name: 31, Distance: 0.8410470485687256
2024-06-03 07:36:55,606 - Name: 22, Distance: 0.8925958871841431
2024-06-03 07:36:55,606 - Name: 22, Distance: 0.9160119891166687
2024-06-03 07:36:55,699 - 33 result:
2024-06-03 07:36:55,700 - Name: 7, Distance: 0.8971472978591919
2024-06-03 07:36:55,700 - Name: 10, Distance: 0.932296097278595
2024-06-03 07:36:55,700 - Name: 11, Distance: 0.9791615605354309
2024-06-03 07:36:55,700 - Name: 25, Distance: 0.990100085735321
2024-06-03 07:36:55,700 - Name: 6, Distance: 1.0090359449386597
2024-06-03 07:36:55,754 - 34 result:
2024-06-03 07:36:55,754 - Name: 34, Distance: 0.8886493444442749
2024-06-03 07:36:55,754 - Name: 34, Distance: 0.9048746228218079
2024-06-03 07:36:55,754 - Name: 27, Distance: 0.9939059615135193
2024-06-03 07:36:55,754 - Name: 15, Distance: 1.0205446481704712
2024-06-03 07:36:55,754 - Name: 36, Distance: 1.0371524095535278
2024-06-03 07:36:55,808 - 35 result:
2024-06-03 07:36:55,809 - Name: 35, Distance: 0.8456471562385559
2024-06-03 07:36:55,809 - Name: 35, Distance: 0.9194636344909668
2024-06-03 07:36:55,809 - Name: 51, Distance: 0.9948697686195374
2024-06-03 07:36:55,809 - Name: 21, Distance: 1.0027445554733276
2024-06-03 07:36:55,809 - Name: 35, Distance: 1.0857820510864258
2024-06-03 07:36:56,056 - 36 result:
2024-06-03 07:36:56,056 - Name: 36, Distance: 0.886802613735199
2024-06-03 07:36:56,056 - Name: 36, Distance: 0.9230883717536926
2024-06-03 07:36:56,056 - Name: 53, Distance: 0.950807511806488
2024-06-03 07:36:56,056 - Name: 52, Distance: 0.9714199304580688
2024-06-03 07:36:56,056 - Name: 53, Distance: 0.9837263822555542
2024-06-03 07:36:56,668 - 37 result:
2024-06-03 07:36:56,668 - Name: 35, Distance: 0.8934752345085144
2024-06-03 07:36:56,668 - Name: 37, Distance: 0.9342044591903687
2024-06-03 07:36:56,668 - Name: 47, Distance: 1.0237829685211182
2024-06-03 07:36:56,668 - Name: 41, Distance: 1.0320017337799072
2024-06-03 07:36:56,668 - Name: 43, Distance: 1.044791579246521
2024-06-03 07:36:56,780 - 38 result:
2024-06-03 07:36:56,780 - Name: 36, Distance: 0.7463738322257996
2024-06-03 07:36:56,780 - Name: 36, Distance: 0.9224846363067627
2024-06-03 07:36:56,780 - Name: 36, Distance: 0.9303350448608398
2024-06-03 07:36:56,780 - Name: 52, Distance: 0.9554799199104309
2024-06-03 07:36:56,781 - Name: 53, Distance: 0.9674316048622131
2024-06-03 07:36:56,838 - 39 result:
2024-06-03 07:36:56,838 - Name: 39, Distance: 0.9290334582328796
2024-06-03 07:36:56,838 - Name: 59, Distance: 0.9482200741767883
2024-06-03 07:36:56,838 - Name: 52, Distance: 0.9607810378074646
2024-06-03 07:36:56,838 - Name: 36, Distance: 1.0058432817459106
2024-06-03 07:36:56,838 - Name: 42, Distance: 1.024829387664795
2024-06-03 07:36:56,893 - 4 result:
2024-06-03 07:36:56,893 - Name: 55, Distance: 1.0719680786132812
2024-06-03 07:36:56,893 - Name: 39, Distance: 1.077846646308899
2024-06-03 07:36:56,893 - Name: 4, Distance: 1.0819518566131592
2024-06-03 07:36:56,893 - Name: 53, Distance: 1.0895639657974243
2024-06-03 07:36:56,893 - Name: 22, Distance: 1.0922573804855347
2024-06-03 07:36:57,127 - 40 result:
2024-06-03 07:36:57,128 - Name: 39, Distance: 0.9264586567878723
2024-06-03 07:36:57,128 - Name: 40, Distance: 0.9986639618873596
2024-06-03 07:36:57,128 - Name: 45, Distance: 1.0050649642944336
2024-06-03 07:36:57,128 - Name: 44, Distance: 1.0281035900115967
2024-06-03 07:36:57,128 - Name: 51, Distance: 1.047163486480713
2024-06-03 07:36:57,756 - 41 result:
2024-06-03 07:36:57,756 - Name: 54, Distance: 1.0231612920761108
2024-06-03 07:36:57,756 - Name: 24, Distance: 1.029897928237915
2024-06-03 07:36:57,756 - Name: 24, Distance: 1.1153398752212524
2024-06-03 07:36:57,756 - Name: 1, Distance: 1.117903232574463
2024-06-03 07:36:57,757 - Name: 41, Distance: 1.1254178285598755
2024-06-03 07:36:57,815 - 42 result:
2024-06-03 07:36:57,816 - Name: 35, Distance: 0.9808765649795532
2024-06-03 07:36:57,816 - Name: 20, Distance: 0.9946185946464539
2024-06-03 07:36:57,816 - Name: 20, Distance: 1.0044344663619995
2024-06-03 07:36:57,816 - Name: 51, Distance: 1.039595365524292
2024-06-03 07:36:57,816 - Name: 56, Distance: 1.054340124130249
2024-06-03 07:36:57,873 - 44 result:
2024-06-03 07:36:57,873 - Name: 45, Distance: 0.7906807065010071
2024-06-03 07:36:57,873 - Name: 44, Distance: 0.8404145240783691
2024-06-03 07:36:57,873 - Name: 44, Distance: 0.9205557107925415
2024-06-03 07:36:57,873 - Name: 43, Distance: 0.9502825140953064
2024-06-03 07:36:57,873 - Name: 58, Distance: 0.9706320762634277
2024-06-03 07:36:58,105 - 45 result:
2024-06-03 07:36:58,105 - Name: 47, Distance: 0.9576802253723145
2024-06-03 07:36:58,105 - Name: 40, Distance: 0.9779784679412842
2024-06-03 07:36:58,105 - Name: 40, Distance: 0.9984518885612488
2024-06-03 07:36:58,105 - Name: 52, Distance: 1.0134904384613037
2024-06-03 07:36:58,105 - Name: 41, Distance: 1.042543649673462
2024-06-03 07:36:58,723 - 46 result:
2024-06-03 07:36:58,723 - Name: 46, Distance: 0.7917742133140564
2024-06-03 07:36:58,723 - Name: 46, Distance: 0.8943187594413757
2024-06-03 07:36:58,723 - Name: 46, Distance: 0.9256477355957031
2024-06-03 07:36:58,723 - Name: 43, Distance: 1.00050950050354
2024-06-03 07:36:58,723 - Name: 41, Distance: 1.019797921180725
2024-06-03 07:36:58,819 - 47 result:
2024-06-03 07:36:58,820 - Name: 58, Distance: 0.806505560874939
2024-06-03 07:36:58,820 - Name: 47, Distance: 0.8491776585578918
2024-06-03 07:36:58,820 - Name: 58, Distance: 0.8559191226959229
2024-06-03 07:36:58,820 - Name: 53, Distance: 0.9071836471557617
2024-06-03 07:36:58,820 - Name: 47, Distance: 1.011993408203125
2024-06-03 07:36:58,880 - 48 result:
2024-06-03 07:36:58,881 - Name: 51, Distance: 0.959608256816864
2024-06-03 07:36:58,881 - Name: 42, Distance: 0.9646668434143066
2024-06-03 07:36:58,881 - Name: 48, Distance: 1.0197741985321045
2024-06-03 07:36:58,881 - Name: 20, Distance: 1.0595450401306152
2024-06-03 07:36:58,881 - Name: 6, Distance: 1.0674810409545898
2024-06-03 07:36:59,128 - 5 result:
2024-06-03 07:36:59,128 - Name: 5, Distance: 0.739108681678772
2024-06-03 07:36:59,128 - Name: 5, Distance: 0.840385913848877
2024-06-03 07:36:59,128 - Name: 5, Distance: 0.9640363454818726
2024-06-03 07:36:59,128 - Name: 6, Distance: 1.061402678489685
2024-06-03 07:36:59,128 - Name: 34, Distance: 1.1281354427337646
2024-06-03 07:36:59,754 - 50 result:
2024-06-03 07:36:59,754 - Name: 56, Distance: 0.8752180337905884
2024-06-03 07:36:59,754 - Name: 50, Distance: 0.9115899205207825
2024-06-03 07:36:59,754 - Name: 58, Distance: 1.0059881210327148
2024-06-03 07:36:59,754 - Name: 20, Distance: 1.0282412767410278
2024-06-03 07:36:59,754 - Name: 7, Distance: 1.0301024913787842
2024-06-03 07:36:59,865 - 51 result:
2024-06-03 07:36:59,865 - Name: 57, Distance: 0.9459210634231567
2024-06-03 07:36:59,865 - Name: 50, Distance: 0.9761343598365784
2024-06-03 07:36:59,865 - Name: 57, Distance: 1.0545262098312378
2024-06-03 07:36:59,865 - Name: 47, Distance: 1.0651216506958008
2024-06-03 07:36:59,865 - Name: 52, Distance: 1.0666069984436035
2024-06-03 07:36:59,922 - 52 result:
2024-06-03 07:36:59,922 - Name: 44, Distance: 0.7803812026977539
2024-06-03 07:36:59,922 - Name: 36, Distance: 0.898820698261261
2024-06-03 07:36:59,922 - Name: 52, Distance: 0.9317130446434021
2024-06-03 07:36:59,922 - Name: 36, Distance: 0.9651694297790527
2024-06-03 07:36:59,922 - Name: 52, Distance: 1.0245782136917114
2024-06-03 07:37:00,170 - 53 result:
2024-06-03 07:37:00,170 - Name: 55, Distance: 0.9458330869674683
2024-06-03 07:37:00,170 - Name: 53, Distance: 0.964065432548523
2024-06-03 07:37:00,170 - Name: 53, Distance: 0.972679078578949
2024-06-03 07:37:00,170 - Name: 53, Distance: 0.9898719787597656
2024-06-03 07:37:00,170 - Name: 59, Distance: 1.0034018754959106
2024-06-03 07:37:00,792 - 54 result:
2024-06-03 07:37:00,792 - Name: 54, Distance: 0.9348479509353638
2024-06-03 07:37:00,792 - Name: 54, Distance: 1.011246919631958
2024-06-03 07:37:00,792 - Name: 26, Distance: 1.0631452798843384
2024-06-03 07:37:00,792 - Name: 37, Distance: 1.1156744956970215
2024-06-03 07:37:00,792 - Name: 44, Distance: 1.1214932203292847
2024-06-03 07:37:00,850 - 55 result:
2024-06-03 07:37:00,850 - Name: 36, Distance: 0.889013409614563
2024-06-03 07:37:00,851 - Name: 36, Distance: 0.9784777164459229
2024-06-03 07:37:00,851 - Name: 44, Distance: 0.9864842295646667
2024-06-03 07:37:00,851 - Name: 53, Distance: 1.0248394012451172
2024-06-03 07:37:00,851 - Name: 38, Distance: 1.0456798076629639
2024-06-03 07:37:00,908 - 56 result:
2024-06-03 07:37:00,908 - Name: 56, Distance: 0.8990421295166016
2024-06-03 07:37:00,908 - Name: 45, Distance: 1.002013921737671
2024-06-03 07:37:00,908 - Name: 51, Distance: 1.0568130016326904
2024-06-03 07:37:00,908 - Name: 51, Distance: 1.0819578170776367
2024-06-03 07:37:00,908 - Name: 42, Distance: 1.1120522022247314
2024-06-03 07:37:00,961 - 57 result:
2024-06-03 07:37:00,961 - Name: 44, Distance: 0.8660768866539001
2024-06-03 07:37:00,961 - Name: 3, Distance: 0.9043696522712708
2024-06-03 07:37:00,961 - Name: 57, Distance: 0.9349945783615112
2024-06-03 07:37:00,961 - Name: 57, Distance: 0.9396123886108398
2024-06-03 07:37:00,961 - Name: 37, Distance: 0.9966000318527222
2024-06-03 07:37:01,195 - 58 result:
2024-06-03 07:37:01,195 - Name: 58, Distance: 0.9041563868522644
2024-06-03 07:37:01,195 - Name: 56, Distance: 0.9887009263038635
2024-06-03 07:37:01,195 - Name: 50, Distance: 1.0239143371582031
2024-06-03 07:37:01,195 - Name: 26, Distance: 1.0554723739624023
2024-06-03 07:37:01,195 - Name: 58, Distance: 1.068721890449524
2024-06-03 07:37:01,826 - 59 result:
2024-06-03 07:37:01,826 - Name: 57, Distance: 0.8797359466552734
2024-06-03 07:37:01,826 - Name: 2, Distance: 0.9418312311172485
2024-06-03 07:37:01,827 - Name: 43, Distance: 0.97487473487854
2024-06-03 07:37:01,827 - Name: 59, Distance: 0.975054144859314
2024-06-03 07:37:01,827 - Name: 54, Distance: 0.9933460354804993
2024-06-03 07:37:01,881 - 6 result:
2024-06-03 07:37:01,881 - Name: 33, Distance: 0.9021474719047546
2024-06-03 07:37:01,881 - Name: 33, Distance: 0.9942123889923096
2024-06-03 07:37:01,882 - Name: 33, Distance: 1.0306816101074219
2024-06-03 07:37:01,882 - Name: 14, Distance: 1.0724458694458008
2024-06-03 07:37:01,882 - Name: 34, Distance: 1.0791598558425903
2024-06-03 07:37:02,125 - 7 result:
2024-06-03 07:37:02,125 - Name: 10, Distance: 0.7141312956809998
2024-06-03 07:37:02,125 - Name: 7, Distance: 0.9821983575820923
2024-06-03 07:37:02,125 - Name: 7, Distance: 1.0032238960266113
2024-06-03 07:37:02,125 - Name: 20, Distance: 1.0040321350097656
2024-06-03 07:37:02,125 - Name: 10, Distance: 1.0081707239151
2024-06-03 07:37:02,719 - 8 result:
2024-06-03 07:37:02,719 - Name: 8, Distance: 0.7229509949684143
2024-06-03 07:37:02,719 - Name: 8, Distance: 0.8653017282485962
2024-06-03 07:37:02,719 - Name: 8, Distance: 0.8665674924850464
2024-06-03 07:37:02,719 - Name: 34, Distance: 0.9748464822769165
2024-06-03 07:37:02,719 - Name: 6, Distance: 0.9966115951538086
2024-06-03 07:37:02,803 - 9 result:
2024-06-03 07:37:02,804 - Name: 6, Distance: 0.8655319809913635
2024-06-03 07:37:02,804 - Name: 6, Distance: 0.9878085255622864
2024-06-03 07:37:02,804 - Name: 54, Distance: 1.0110687017440796
2024-06-03 07:37:02,804 - Name: 11, Distance: 1.053024411201477
2024-06-03 07:37:02,804 - Name: 20, Distance: 1.0940337181091309
2024-06-03 07:37:02,945 - Total samples: 58
2024-06-03 07:37:02,945 - Correct predictions: 48
2024-06-03 07:37:02,945 - Incorrect predictions: 10
2024-06-03 07:37:02,945 - Accuracy: 82.76%
2024-06-03 07:37:02,946 - Correctly predicted classes:
2024-06-03 07:37:02,946 - 4: 1
2024-06-03 07:37:02,946 - 56: 1
2024-06-03 07:37:02,946 - 58: 1
2024-06-03 07:37:02,946 - 26: 1
2024-06-03 07:37:02,946 - 1: 1
2024-06-03 07:37:02,946 - 28: 1
2024-06-03 07:37:02,946 - 48: 1
2024-06-03 07:37:02,946 - 27: 1
2024-06-03 07:37:02,947 - 59: 1
2024-06-03 07:37:02,947 - 19: 1
2024-06-03 07:37:02,947 - 31: 1
2024-06-03 07:37:02,947 - 32: 1
2024-06-03 07:37:02,947 - 47: 1
2024-06-03 07:37:02,947 - 21: 1
2024-06-03 07:37:02,947 - 10: 1
2024-06-03 07:37:02,947 - 25: 1
2024-06-03 07:37:02,947 - 39: 1
2024-06-03 07:37:02,948 - 13: 1
2024-06-03 07:37:02,948 - 29: 1
2024-06-03 07:37:02,948 - 23: 1
2024-06-03 07:37:02,948 - 41: 1
2024-06-03 07:37:02,948 - 53: 1
2024-06-03 07:37:02,948 - 22: 1
2024-06-03 07:37:02,948 - 16: 1
2024-06-03 07:37:02,948 - 57: 1
2024-06-03 07:37:02,949 - 24: 1
2024-06-03 07:37:02,949 - 46: 1
2024-06-03 07:37:02,949 - 20: 1
2024-06-03 07:37:02,949 - 2: 1
2024-06-03 07:37:02,949 - 40: 1
2024-06-03 07:37:02,949 - 44: 1
2024-06-03 07:37:02,949 - 5: 1
2024-06-03 07:37:02,949 - 12: 1
2024-06-03 07:37:02,949 - 52: 1
2024-06-03 07:37:02,950 - 11: 1
2024-06-03 07:37:02,950 - 37: 1
2024-06-03 07:37:02,950 - 0: 1
2024-06-03 07:37:02,950 - 3: 1
2024-06-03 07:37:02,950 - 35: 1
2024-06-03 07:37:02,950 - 8: 1
2024-06-03 07:37:02,950 - 7: 1
2024-06-03 07:37:02,950 - 36: 1
2024-06-03 07:37:02,950 - 54: 1
2024-06-03 07:37:02,951 - 18: 1
2024-06-03 07:37:02,951 - 30: 1
2024-06-03 07:37:02,951 - 50: 1
2024-06-03 07:37:02,951 - 17: 1
2024-06-03 07:37:02,951 - 34: 1
2024-06-03 07:37:02,951 - Incorrectly predicted classes:
2024-06-03 07:37:02,951 - 6: 1
2024-06-03 07:37:02,951 - 15: 1
2024-06-03 07:37:02,951 - 55: 1
2024-06-03 07:37:02,952 - 9: 1
2024-06-03 07:37:02,952 - 42: 1
2024-06-03 07:37:02,952 - 45: 1
2024-06-03 07:37:02,952 - 38: 1
2024-06-03 07:37:02,952 - 14: 1
2024-06-03 07:37:02,952 - 51: 1
2024-06-03 07:37:02,952 - 33: 1
