2024-06-02 09:49:44,814 - test_dir : ./Face_Dataset/Test
2024-06-02 09:49:44,814 - pretrained : work_dir/FaceNet_finetuning_Random_Batch_RandReg_40_32/FaceNet_finetuning_Random_Batch_RandReg_40_32_deepfake.pth
2024-06-02 09:49:44,814 - model_name : FaceNet_finetuning_Random_Batch_RandReg
2024-06-02 09:50:36,161 - 0 result:
2024-06-02 09:50:36,162 - Name: 25, Distance: 0.7777326107025146
2024-06-02 09:50:36,162 - Name: 28, Distance: 0.7949358820915222
2024-06-02 09:50:36,162 - Name: 25, Distance: 0.7975524067878723
2024-06-02 09:50:36,162 - Name: 25, Distance: 0.7977794408798218
2024-06-02 09:50:36,162 - Name: 24, Distance: 0.8062087297439575
2024-06-02 09:50:36,399 - 1 result:
2024-06-02 09:50:36,399 - Name: 9, Distance: 0.09923471510410309
2024-06-02 09:50:36,399 - Name: 48, Distance: 0.2947915196418762
2024-06-02 09:50:36,399 - Name: 21, Distance: 0.36189892888069153
2024-06-02 09:50:36,399 - Name: 48, Distance: 0.36641570925712585
2024-06-02 09:50:36,399 - Name: 21, Distance: 0.38107946515083313
2024-06-02 09:50:37,050 - 10 result:
2024-06-02 09:50:37,050 - Name: 32, Distance: 0.018580839037895203
2024-06-02 09:50:37,050 - Name: 22, Distance: 0.03690555319190025
2024-06-02 09:50:37,050 - Name: 22, Distance: 0.042491234838962555
2024-06-02 09:50:37,050 - Name: 17, Distance: 0.0464976504445076
2024-06-02 09:50:37,050 - Name: 32, Distance: 0.049814410507678986
2024-06-02 09:50:37,392 - 11 result:
2024-06-02 09:50:37,392 - Name: 56, Distance: 0.33606040477752686
2024-06-02 09:50:37,393 - Name: 45, Distance: 0.45764288306236267
2024-06-02 09:50:37,393 - Name: 30, Distance: 0.5098947882652283
2024-06-02 09:50:37,393 - Name: 42, Distance: 0.6089136600494385
2024-06-02 09:50:37,393 - Name: 4, Distance: 0.6291658878326416
2024-06-02 09:50:37,982 - 12 result:
2024-06-02 09:50:37,983 - Name: 7, Distance: 0.07365529984235764
2024-06-02 09:50:37,983 - Name: 15, Distance: 0.10423082858324051
2024-06-02 09:50:37,983 - Name: 29, Distance: 0.17061501741409302
2024-06-02 09:50:37,983 - Name: 12, Distance: 0.22438286244869232
2024-06-02 09:50:37,983 - Name: 27, Distance: 0.2592379152774811
2024-06-02 09:50:38,062 - 13 result:
2024-06-02 09:50:38,063 - Name: 13, Distance: 0.0
2024-06-02 09:50:38,063 - Name: 13, Distance: 0.13949057459831238
2024-06-02 09:50:38,063 - Name: 18, Distance: 0.15243834257125854
2024-06-02 09:50:38,063 - Name: 8, Distance: 0.16417382657527924
2024-06-02 09:50:38,063 - Name: 8, Distance: 0.2236378788948059
2024-06-02 09:50:38,113 - 14 result:
2024-06-02 09:50:38,113 - Name: 14, Distance: 0.07516690343618393
2024-06-02 09:50:38,113 - Name: 10, Distance: 0.11353552341461182
2024-06-02 09:50:38,114 - Name: 5, Distance: 0.14364556968212128
2024-06-02 09:50:38,114 - Name: 14, Distance: 0.15013648569583893
2024-06-02 09:50:38,114 - Name: 14, Distance: 0.18387040495872498
2024-06-02 09:50:38,354 - 15 result:
2024-06-02 09:50:38,354 - Name: 28, Distance: 0.02299514412879944
2024-06-02 09:50:38,354 - Name: 25, Distance: 0.03252124413847923
2024-06-02 09:50:38,354 - Name: 19, Distance: 0.033963754773139954
2024-06-02 09:50:38,354 - Name: 28, Distance: 0.04246041178703308
2024-06-02 09:50:38,354 - Name: 24, Distance: 0.0438421331346035
2024-06-02 09:50:38,960 - 16 result:
2024-06-02 09:50:38,960 - Name: 27, Distance: 0.052672188729047775
2024-06-02 09:50:38,960 - Name: 27, Distance: 0.1005185917019844
2024-06-02 09:50:38,960 - Name: 3, Distance: 0.10280709713697433
2024-06-02 09:50:38,960 - Name: 3, Distance: 0.17482595145702362
2024-06-02 09:50:38,960 - Name: 3, Distance: 0.21107159554958344
2024-06-02 09:50:39,019 - 17 result:
2024-06-02 09:50:39,019 - Name: 14, Distance: 0.05185648798942566
2024-06-02 09:50:39,019 - Name: 22, Distance: 0.09200438857078552
2024-06-02 09:50:39,019 - Name: 14, Distance: 0.09589140117168427
2024-06-02 09:50:39,019 - Name: 11, Distance: 0.0999564379453659
2024-06-02 09:50:39,019 - Name: 5, Distance: 0.10093477368354797
2024-06-02 09:50:39,073 - 18 result:
2024-06-02 09:50:39,073 - Name: 33, Distance: 0.05042576044797897
2024-06-02 09:50:39,073 - Name: 11, Distance: 0.06107690557837486
2024-06-02 09:50:39,073 - Name: 33, Distance: 0.08787991851568222
2024-06-02 09:50:39,073 - Name: 17, Distance: 0.10381146520376205
2024-06-02 09:50:39,073 - Name: 32, Distance: 0.1038588136434555
2024-06-02 09:50:39,302 - 19 result:
2024-06-02 09:50:39,303 - Name: 3, Distance: 0.05602513253688812
2024-06-02 09:50:39,303 - Name: 3, Distance: 0.11173694580793381
2024-06-02 09:50:39,303 - Name: 3, Distance: 0.11746875941753387
2024-06-02 09:50:39,303 - Name: 16, Distance: 0.18240976333618164
2024-06-02 09:50:39,303 - Name: 27, Distance: 0.20547373592853546
2024-06-02 09:50:39,922 - 2 result:
2024-06-02 09:50:39,923 - Name: 39, Distance: 0.7842755317687988
2024-06-02 09:50:39,923 - Name: 59, Distance: 0.8507468700408936
2024-06-02 09:50:39,923 - Name: 58, Distance: 0.8576050400733948
2024-06-02 09:50:39,923 - Name: 19, Distance: 0.8872018456459045
2024-06-02 09:50:39,923 - Name: 46, Distance: 0.8896337747573853
2024-06-02 09:50:39,971 - 20 result:
2024-06-02 09:50:39,972 - Name: 21, Distance: 0.017843196168541908
2024-06-02 09:50:39,972 - Name: 23, Distance: 0.0298616886138916
2024-06-02 09:50:39,972 - Name: 57, Distance: 0.042983923107385635
2024-06-02 09:50:39,972 - Name: 57, Distance: 0.062272388488054276
2024-06-02 09:50:39,972 - Name: 57, Distance: 0.06342890858650208
2024-06-02 09:50:40,026 - 21 result:
2024-06-02 09:50:40,026 - Name: 10, Distance: 0.08348801732063293
2024-06-02 09:50:40,026 - Name: 14, Distance: 0.11371426284313202
2024-06-02 09:50:40,026 - Name: 5, Distance: 0.2089136242866516
2024-06-02 09:50:40,026 - Name: 10, Distance: 0.22506456077098846
2024-06-02 09:50:40,026 - Name: 14, Distance: 0.22524376213550568
2024-06-02 09:50:40,262 - 22 result:
2024-06-02 09:50:40,262 - Name: 32, Distance: 0.04653052240610123
2024-06-02 09:50:40,262 - Name: 17, Distance: 0.0754789263010025
2024-06-02 09:50:40,262 - Name: 22, Distance: 0.08680496364831924
2024-06-02 09:50:40,262 - Name: 22, Distance: 0.09179601073265076
2024-06-02 09:50:40,262 - Name: 32, Distance: 0.09616796672344208
2024-06-02 09:50:40,875 - 23 result:
2024-06-02 09:50:40,875 - Name: 7, Distance: 0.029181184247136116
2024-06-02 09:50:40,875 - Name: 7, Distance: 0.05897330120205879
2024-06-02 09:50:40,875 - Name: 29, Distance: 0.06448294222354889
2024-06-02 09:50:40,875 - Name: 12, Distance: 0.08477159589529037
2024-06-02 09:50:40,875 - Name: 13, Distance: 0.121383436024189
2024-06-02 09:50:40,939 - 24 result:
2024-06-02 09:50:40,939 - Name: 27, Distance: 0.19076216220855713
2024-06-02 09:50:40,939 - Name: 27, Distance: 0.20268218219280243
2024-06-02 09:50:40,939 - Name: 7, Distance: 0.24895079433918
2024-06-02 09:50:40,939 - Name: 3, Distance: 0.2824501097202301
2024-06-02 09:50:40,939 - Name: 3, Distance: 0.32752323150634766
2024-06-02 09:50:40,994 - 25 result:
2024-06-02 09:50:40,994 - Name: 34, Distance: 0.11848162114620209
2024-06-02 09:50:40,994 - Name: 6, Distance: 0.12033629417419434
2024-06-02 09:50:40,995 - Name: 6, Distance: 0.1469230353832245
2024-06-02 09:50:40,995 - Name: 6, Distance: 0.1951555609703064
2024-06-02 09:50:40,995 - Name: 11, Distance: 0.21270860731601715
2024-06-02 09:50:41,234 - 26 result:
2024-06-02 09:50:41,234 - Name: 27, Distance: 0.011229746043682098
2024-06-02 09:50:41,234 - Name: 26, Distance: 0.02397172525525093
2024-06-02 09:50:41,234 - Name: 16, Distance: 0.033633239567279816
2024-06-02 09:50:41,234 - Name: 26, Distance: 0.05112598463892937
2024-06-02 09:50:41,234 - Name: 16, Distance: 0.05796833708882332
2024-06-02 09:50:41,858 - 27 result:
2024-06-02 09:50:41,858 - Name: 28, Distance: 0.046121466904878616
2024-06-02 09:50:41,858 - Name: 28, Distance: 0.050778403878211975
2024-06-02 09:50:41,858 - Name: 24, Distance: 0.05316494405269623
2024-06-02 09:50:41,859 - Name: 24, Distance: 0.06665574014186859
2024-06-02 09:50:41,859 - Name: 25, Distance: 0.07228852063417435
2024-06-02 09:50:41,927 - 28 result:
2024-06-02 09:50:41,927 - Name: 15, Distance: 0.04783785715699196
2024-06-02 09:50:41,927 - Name: 29, Distance: 0.07760952413082123
2024-06-02 09:50:41,928 - Name: 12, Distance: 0.13943107426166534
2024-06-02 09:50:41,928 - Name: 7, Distance: 0.16321346163749695
2024-06-02 09:50:41,928 - Name: 12, Distance: 0.1771562248468399
2024-06-02 09:50:42,184 - 29 result:
2024-06-02 09:50:42,185 - Name: 48, Distance: 0.09540256857872009
2024-06-02 09:50:42,185 - Name: 21, Distance: 0.124326691031456
2024-06-02 09:50:42,185 - Name: 21, Distance: 0.1436002105474472
2024-06-02 09:50:42,185 - Name: 9, Distance: 0.15865179896354675
2024-06-02 09:50:42,185 - Name: 9, Distance: 0.16250444948673248
2024-06-02 09:50:42,816 - 3 result:
2024-06-02 09:50:42,817 - Name: 20, Distance: 0.12056652456521988
2024-06-02 09:50:42,817 - Name: 47, Distance: 0.18458180129528046
2024-06-02 09:50:42,817 - Name: 20, Distance: 0.19655495882034302
2024-06-02 09:50:42,817 - Name: 0, Distance: 0.19903448224067688
2024-06-02 09:50:42,817 - Name: 47, Distance: 0.20665305852890015
2024-06-02 09:50:43,193 - 30 result:
2024-06-02 09:50:43,193 - Name: 26, Distance: 0.020105425268411636
2024-06-02 09:50:43,193 - Name: 27, Distance: 0.02531210333108902
2024-06-02 09:50:43,194 - Name: 26, Distance: 0.04173455759882927
2024-06-02 09:50:43,194 - Name: 16, Distance: 0.05336592346429825
2024-06-02 09:50:43,194 - Name: 16, Distance: 0.054694391787052155
2024-06-02 09:50:43,801 - 31 result:
2024-06-02 09:50:43,801 - Name: 10, Distance: 0.08711525052785873
2024-06-02 09:50:43,801 - Name: 10, Distance: 0.11714165657758713
2024-06-02 09:50:43,801 - Name: 14, Distance: 0.17451448738574982
2024-06-02 09:50:43,801 - Name: 5, Distance: 0.2669559121131897
2024-06-02 09:50:43,801 - Name: 14, Distance: 0.30251020193099976
2024-06-02 09:50:43,888 - 32 result:
2024-06-02 09:50:43,888 - Name: 38, Distance: 0.2787719666957855
2024-06-02 09:50:43,888 - Name: 55, Distance: 0.3186647891998291
2024-06-02 09:50:43,889 - Name: 38, Distance: 0.3483218252658844
2024-06-02 09:50:43,889 - Name: 55, Distance: 0.41870152950286865
2024-06-02 09:50:43,889 - Name: 55, Distance: 0.435210645198822
2024-06-02 09:50:43,998 - 33 result:
2024-06-02 09:50:43,998 - Name: 11, Distance: 0.06618884205818176
2024-06-02 09:50:43,998 - Name: 5, Distance: 0.07523469626903534
2024-06-02 09:50:43,998 - Name: 14, Distance: 0.08053469657897949
2024-06-02 09:50:43,998 - Name: 22, Distance: 0.09292315691709518
2024-06-02 09:50:43,999 - Name: 14, Distance: 0.10820527374744415
2024-06-02 09:50:44,183 - 34 result:
2024-06-02 09:50:44,183 - Name: 29, Distance: 0.01893257163465023
2024-06-02 09:50:44,184 - Name: 13, Distance: 0.025558024644851685
2024-06-02 09:50:44,184 - Name: 12, Distance: 0.06377433240413666
2024-06-02 09:50:44,184 - Name: 29, Distance: 0.07497180253267288
2024-06-02 09:50:44,184 - Name: 15, Distance: 0.08593961596488953
2024-06-02 09:50:44,807 - 35 result:
2024-06-02 09:50:44,807 - Name: 58, Distance: 0.04372118040919304
2024-06-02 09:50:44,807 - Name: 53, Distance: 0.060668956488370895
2024-06-02 09:50:44,807 - Name: 36, Distance: 0.0847562700510025
2024-06-02 09:50:44,807 - Name: 40, Distance: 0.08668598532676697
2024-06-02 09:50:44,807 - Name: 46, Distance: 0.09839218109846115
2024-06-02 09:50:44,878 - 36 result:
2024-06-02 09:50:44,878 - Name: 34, Distance: 0.10370635241270065
2024-06-02 09:50:44,878 - Name: 6, Distance: 0.15329642593860626
2024-06-02 09:50:44,878 - Name: 6, Distance: 0.15722601115703583
2024-06-02 09:50:44,878 - Name: 6, Distance: 0.20744170248508453
2024-06-02 09:50:44,878 - Name: 18, Distance: 0.2450544685125351
2024-06-02 09:50:45,149 - 37 result:
2024-06-02 09:50:45,149 - Name: 12, Distance: 0.11113964021205902
2024-06-02 09:50:45,149 - Name: 29, Distance: 0.11588160693645477
2024-06-02 09:50:45,149 - Name: 15, Distance: 0.11648911237716675
2024-06-02 09:50:45,150 - Name: 12, Distance: 0.13960717618465424
2024-06-02 09:50:45,150 - Name: 30, Distance: 0.14785507321357727
2024-06-02 09:50:45,761 - 38 result:
2024-06-02 09:50:45,761 - Name: 50, Distance: 0.029561564326286316
2024-06-02 09:50:45,761 - Name: 10, Distance: 0.09640557318925858
2024-06-02 09:50:45,761 - Name: 31, Distance: 0.1256992667913437
2024-06-02 09:50:45,761 - Name: 31, Distance: 0.18953783810138702
2024-06-02 09:50:45,761 - Name: 31, Distance: 0.2123129963874817
2024-06-02 09:50:45,832 - 39 result:
2024-06-02 09:50:45,832 - Name: 1, Distance: 0.08121143281459808
2024-06-02 09:50:45,832 - Name: 58, Distance: 0.08166123926639557
2024-06-02 09:50:45,832 - Name: 40, Distance: 0.09146139770746231
2024-06-02 09:50:45,832 - Name: 40, Distance: 0.11144901067018509
2024-06-02 09:50:45,832 - Name: 51, Distance: 0.2503163814544678
2024-06-02 09:50:46,091 - 4 result:
2024-06-02 09:50:46,091 - Name: 9, Distance: 0.14489661157131195
2024-06-02 09:50:46,091 - Name: 9, Distance: 0.15639808773994446
2024-06-02 09:50:46,091 - Name: 23, Distance: 0.1781875193119049
2024-06-02 09:50:46,091 - Name: 21, Distance: 0.18433712422847748
2024-06-02 09:50:46,091 - Name: 50, Distance: 0.19218941032886505
2024-06-02 09:50:46,707 - 40 result:
2024-06-02 09:50:46,707 - Name: 25, Distance: 0.45230692625045776
2024-06-02 09:50:46,708 - Name: 24, Distance: 0.45714229345321655
2024-06-02 09:50:46,708 - Name: 25, Distance: 0.4599883556365967
2024-06-02 09:50:46,708 - Name: 25, Distance: 0.5013681054115295
2024-06-02 09:50:46,708 - Name: 19, Distance: 0.5171598196029663
2024-06-02 09:50:46,757 - 41 result:
2024-06-02 09:50:46,757 - Name: 16, Distance: 0.021498342975974083
2024-06-02 09:50:46,757 - Name: 16, Distance: 0.054815974086523056
2024-06-02 09:50:46,757 - Name: 27, Distance: 0.0778157189488411
2024-06-02 09:50:46,757 - Name: 26, Distance: 0.08892042934894562
2024-06-02 09:50:46,757 - Name: 19, Distance: 0.0890197679400444
2024-06-02 09:50:46,815 - 42 result:
2024-06-02 09:50:46,816 - Name: 39, Distance: 0.4163013994693756
2024-06-02 09:50:46,816 - Name: 59, Distance: 0.5022699236869812
2024-06-02 09:50:46,816 - Name: 41, Distance: 0.5301083922386169
2024-06-02 09:50:46,816 - Name: 58, Distance: 0.5409299731254578
2024-06-02 09:50:46,816 - Name: 59, Distance: 0.5485910177230835
2024-06-02 09:50:47,056 - 44 result:
2024-06-02 09:50:47,056 - Name: 36, Distance: 0.10561440885066986
2024-06-02 09:50:47,056 - Name: 58, Distance: 0.12181498855352402
2024-06-02 09:50:47,056 - Name: 40, Distance: 0.14367404580116272
2024-06-02 09:50:47,056 - Name: 36, Distance: 0.1536194086074829
2024-06-02 09:50:47,056 - Name: 46, Distance: 0.16546280682086945
2024-06-02 09:50:47,680 - 45 result:
2024-06-02 09:50:47,680 - Name: 36, Distance: 0.19758029282093048
2024-06-02 09:50:47,680 - Name: 58, Distance: 0.22547367215156555
2024-06-02 09:50:47,680 - Name: 40, Distance: 0.2528843581676483
2024-06-02 09:50:47,680 - Name: 53, Distance: 0.27288818359375
2024-06-02 09:50:47,680 - Name: 46, Distance: 0.2768339514732361
2024-06-02 09:50:47,743 - 46 result:
2024-06-02 09:50:47,743 - Name: 1, Distance: 0.05157053470611572
2024-06-02 09:50:47,743 - Name: 58, Distance: 0.10719615966081619
2024-06-02 09:50:47,743 - Name: 40, Distance: 0.1092165857553482
2024-06-02 09:50:47,743 - Name: 40, Distance: 0.14383457601070404
2024-06-02 09:50:47,743 - Name: 51, Distance: 0.23317521810531616
2024-06-02 09:50:47,796 - 47 result:
2024-06-02 09:50:47,796 - Name: 36, Distance: 0.0704260990023613
2024-06-02 09:50:47,796 - Name: 59, Distance: 0.10707861930131912
2024-06-02 09:50:47,796 - Name: 59, Distance: 0.10756409168243408
2024-06-02 09:50:47,796 - Name: 53, Distance: 0.12305036187171936
2024-06-02 09:50:47,796 - Name: 53, Distance: 0.12862825393676758
2024-06-02 09:50:48,021 - 48 result:
2024-06-02 09:50:48,021 - Name: 25, Distance: 0.1475256234407425
2024-06-02 09:50:48,021 - Name: 24, Distance: 0.15569333732128143
2024-06-02 09:50:48,021 - Name: 25, Distance: 0.1583644151687622
2024-06-02 09:50:48,021 - Name: 25, Distance: 0.2074037343263626
2024-06-02 09:50:48,021 - Name: 28, Distance: 0.22333663702011108
2024-06-02 09:50:48,233 - 5 result:
2024-06-02 09:50:48,233 - Name: 10, Distance: 0.44702351093292236
2024-06-02 09:50:48,233 - Name: 10, Distance: 0.4577583074569702
2024-06-02 09:50:48,233 - Name: 50, Distance: 0.4607984125614166
2024-06-02 09:50:48,233 - Name: 31, Distance: 0.4971824288368225
2024-06-02 09:50:48,233 - Name: 10, Distance: 0.5045038461685181
2024-06-02 09:50:48,683 - 50 result:
2024-06-02 09:50:48,683 - Name: 31, Distance: 0.192221999168396
2024-06-02 09:50:48,683 - Name: 50, Distance: 0.2290171980857849
2024-06-02 09:50:48,683 - Name: 31, Distance: 0.24770808219909668
2024-06-02 09:50:48,683 - Name: 10, Distance: 0.27369850873947144
2024-06-02 09:50:48,683 - Name: 31, Distance: 0.2900318205356598
2024-06-02 09:50:48,739 - 51 result:
2024-06-02 09:50:48,739 - Name: 50, Distance: 0.08215821534395218
2024-06-02 09:50:48,739 - Name: 31, Distance: 0.11870380491018295
2024-06-02 09:50:48,739 - Name: 10, Distance: 0.14236092567443848
2024-06-02 09:50:48,739 - Name: 31, Distance: 0.1641429364681244
2024-06-02 09:50:48,739 - Name: 31, Distance: 0.17866238951683044
2024-06-02 09:50:48,851 - 52 result:
2024-06-02 09:50:48,852 - Name: 42, Distance: 0.5835897326469421
2024-06-02 09:50:48,852 - Name: 52, Distance: 0.6014125943183899
2024-06-02 09:50:48,852 - Name: 56, Distance: 0.6058334112167358
2024-06-02 09:50:48,852 - Name: 3, Distance: 0.6199793815612793
2024-06-02 09:50:48,852 - Name: 16, Distance: 0.6605230569839478
2024-06-02 09:50:49,019 - 53 result:
2024-06-02 09:50:49,019 - Name: 36, Distance: 0.1437518149614334
2024-06-02 09:50:49,019 - Name: 58, Distance: 0.1572849154472351
2024-06-02 09:50:49,019 - Name: 40, Distance: 0.18743334710597992
2024-06-02 09:50:49,019 - Name: 40, Distance: 0.199540913105011
2024-06-02 09:50:49,019 - Name: 53, Distance: 0.22415368258953094
2024-06-02 09:50:49,717 - 54 result:
2024-06-02 09:50:49,717 - Name: 1, Distance: 0.7427272200584412
2024-06-02 09:50:49,717 - Name: 40, Distance: 0.759985625743866
2024-06-02 09:50:49,717 - Name: 0, Distance: 0.8166987895965576
2024-06-02 09:50:49,717 - Name: 51, Distance: 0.8183955550193787
2024-06-02 09:50:49,717 - Name: 36, Distance: 0.82051682472229
2024-06-02 09:50:49,768 - 55 result:
2024-06-02 09:50:49,768 - Name: 24, Distance: 0.3804582357406616
2024-06-02 09:50:49,768 - Name: 25, Distance: 0.39032822847366333
2024-06-02 09:50:49,769 - Name: 28, Distance: 0.3971059024333954
2024-06-02 09:50:49,769 - Name: 25, Distance: 0.40093204379081726
2024-06-02 09:50:49,769 - Name: 26, Distance: 0.4045407474040985
2024-06-02 09:50:49,821 - 56 result:
2024-06-02 09:50:49,821 - Name: 53, Distance: 0.5763242840766907
2024-06-02 09:50:49,821 - Name: 36, Distance: 0.5934725403785706
2024-06-02 09:50:49,821 - Name: 46, Distance: 0.5987614393234253
2024-06-02 09:50:49,821 - Name: 58, Distance: 0.6077925562858582
2024-06-02 09:50:49,821 - Name: 40, Distance: 0.6162663102149963
2024-06-02 09:50:50,059 - 57 result:
2024-06-02 09:50:50,059 - Name: 31, Distance: 0.20406155288219452
2024-06-02 09:50:50,059 - Name: 31, Distance: 0.2279115915298462
2024-06-02 09:50:50,060 - Name: 43, Distance: 0.24281173944473267
2024-06-02 09:50:50,060 - Name: 31, Distance: 0.24594470858573914
2024-06-02 09:50:50,060 - Name: 50, Distance: 0.250487357378006
2024-06-02 09:50:50,655 - 58 result:
2024-06-02 09:50:50,656 - Name: 36, Distance: 0.09689396619796753
2024-06-02 09:50:50,656 - Name: 53, Distance: 0.09935799986124039
2024-06-02 09:50:50,656 - Name: 58, Distance: 0.10162393748760223
2024-06-02 09:50:50,656 - Name: 46, Distance: 0.10665067285299301
2024-06-02 09:50:50,656 - Name: 46, Distance: 0.12275122851133347
2024-06-02 09:50:50,707 - 59 result:
2024-06-02 09:50:50,708 - Name: 20, Distance: 0.09983311593532562
2024-06-02 09:50:50,708 - Name: 0, Distance: 0.10968372225761414
2024-06-02 09:50:50,708 - Name: 47, Distance: 0.14977732300758362
2024-06-02 09:50:50,708 - Name: 20, Distance: 0.17925463616847992
2024-06-02 09:50:50,708 - Name: 55, Distance: 0.2009543925523758
2024-06-02 09:50:50,760 - 6 result:
2024-06-02 09:50:50,760 - Name: 19, Distance: 0.043249670416116714
2024-06-02 09:50:50,760 - Name: 16, Distance: 0.04477488994598389
2024-06-02 09:50:50,760 - Name: 19, Distance: 0.049683768302202225
2024-06-02 09:50:50,760 - Name: 27, Distance: 0.061358775943517685
2024-06-02 09:50:50,760 - Name: 26, Distance: 0.07329176366329193
2024-06-02 09:50:50,991 - 7 result:
2024-06-02 09:50:50,991 - Name: 34, Distance: 0.1214144229888916
2024-06-02 09:50:50,991 - Name: 6, Distance: 0.1428963541984558
2024-06-02 09:50:50,991 - Name: 6, Distance: 0.1656995415687561
2024-06-02 09:50:50,991 - Name: 6, Distance: 0.21756504476070404
2024-06-02 09:50:50,991 - Name: 11, Distance: 0.2463383823633194
2024-06-02 09:50:51,583 - 8 result:
2024-06-02 09:50:51,583 - Name: 29, Distance: 0.026747044175863266
2024-06-02 09:50:51,583 - Name: 15, Distance: 0.047937486320734024
2024-06-02 09:50:51,584 - Name: 12, Distance: 0.08704381436109543
2024-06-02 09:50:51,584 - Name: 12, Distance: 0.12563568353652954
2024-06-02 09:50:51,584 - Name: 15, Distance: 0.1529371440410614
2024-06-02 09:50:51,704 - 9 result:
2024-06-02 09:50:51,704 - Name: 11, Distance: 0.03807679936289787
2024-06-02 09:50:51,704 - Name: 33, Distance: 0.0483940914273262
2024-06-02 09:50:51,705 - Name: 33, Distance: 0.05781141668558121
2024-06-02 09:50:51,705 - Name: 11, Distance: 0.08019740134477615
2024-06-02 09:50:51,705 - Name: 32, Distance: 0.0825456902384758
2024-06-02 09:50:51,802 - Total samples: 58
2024-06-02 09:50:51,802 - Correct predictions: 9
2024-06-02 09:50:51,802 - Incorrect predictions: 49
2024-06-02 09:50:51,802 - Accuracy: 15.52%
2024-06-02 09:50:51,803 - Correctly predicted classes:
2024-06-02 09:50:51,803 - 52: 1
2024-06-02 09:50:51,803 - 58: 1
2024-06-02 09:50:51,803 - 22: 1
2024-06-02 09:50:51,803 - 53: 1
2024-06-02 09:50:51,803 - 26: 1
2024-06-02 09:50:51,803 - 14: 1
2024-06-02 09:50:51,803 - 12: 1
2024-06-02 09:50:51,803 - 50: 1
2024-06-02 09:50:51,803 - 13: 1
2024-06-02 09:50:51,803 - Incorrectly predicted classes:
2024-06-02 09:50:51,803 - 3: 1
2024-06-02 09:50:51,804 - 17: 1
2024-06-02 09:50:51,804 - 24: 1
2024-06-02 09:50:51,804 - 20: 1
2024-06-02 09:50:51,804 - 11: 1
2024-06-02 09:50:51,804 - 2: 1
2024-06-02 09:50:51,804 - 16: 1
2024-06-02 09:50:51,804 - 9: 1
2024-06-02 09:50:51,804 - 10: 1
2024-06-02 09:50:51,804 - 15: 1
2024-06-02 09:50:51,805 - 29: 1
2024-06-02 09:50:51,805 - 23: 1
2024-06-02 09:50:51,805 - 39: 1
2024-06-02 09:50:51,805 - 46: 1
2024-06-02 09:50:51,805 - 36: 1
2024-06-02 09:50:51,805 - 45: 1
2024-06-02 09:50:51,805 - 5: 1
2024-06-02 09:50:51,805 - 37: 1
2024-06-02 09:50:51,805 - 41: 1
2024-06-02 09:50:51,806 - 7: 1
2024-06-02 09:50:51,806 - 32: 1
2024-06-02 09:50:51,806 - 1: 1
2024-06-02 09:50:51,806 - 33: 1
2024-06-02 09:50:51,806 - 18: 1
2024-06-02 09:50:51,806 - 6: 1
2024-06-02 09:50:51,806 - 38: 1
2024-06-02 09:50:51,806 - 48: 1
2024-06-02 09:50:51,806 - 28: 1
2024-06-02 09:50:51,807 - 59: 1
2024-06-02 09:50:51,807 - 56: 1
2024-06-02 09:50:51,807 - 57: 1
2024-06-02 09:50:51,807 - 54: 1
2024-06-02 09:50:51,807 - 34: 1
2024-06-02 09:50:51,807 - 40: 1
2024-06-02 09:50:51,807 - 44: 1
2024-06-02 09:50:51,807 - 8: 1
2024-06-02 09:50:51,807 - 51: 1
2024-06-02 09:50:51,808 - 0: 1
2024-06-02 09:50:51,808 - 25: 1
2024-06-02 09:50:51,808 - 31: 1
2024-06-02 09:50:51,808 - 4: 1
2024-06-02 09:50:51,808 - 47: 1
2024-06-02 09:50:51,808 - 55: 1
2024-06-02 09:50:51,808 - 19: 1
2024-06-02 09:50:51,808 - 42: 1
2024-06-02 09:50:51,808 - 35: 1
2024-06-02 09:50:51,809 - 30: 1
2024-06-02 09:50:51,809 - 27: 1
2024-06-02 09:50:51,809 - 21: 1
