2024-06-03 01:05:07,038 - test_dir : ./Face_Dataset/Test
2024-06-03 01:05:07,038 - pretrained : work_dir/FaceNet_finetuning_Random_Batch_L2SP_20_32/FaceNet_finetuning_Random_Batch_L2SP_20_32_deepfake.pth
2024-06-03 01:05:07,038 - model_name : FaceNet_finetuning_Random_Batch_L2SP
2024-06-03 01:05:57,664 - 0 result:
2024-06-03 01:05:57,665 - Name: 2, Distance: 1.0128843784332275
2024-06-03 01:05:57,665 - Name: 0, Distance: 1.0457849502563477
2024-06-03 01:05:57,665 - Name: 2, Distance: 1.089030146598816
2024-06-03 01:05:57,665 - Name: 2, Distance: 1.0941991806030273
2024-06-03 01:05:57,665 - Name: 0, Distance: 1.095967173576355
2024-06-03 01:05:57,718 - 1 result:
2024-06-03 01:05:57,718 - Name: 0, Distance: 1.0152539014816284
2024-06-03 01:05:57,718 - Name: 0, Distance: 1.034130334854126
2024-06-03 01:05:57,718 - Name: 52, Distance: 1.034830093383789
2024-06-03 01:05:57,718 - Name: 52, Distance: 1.045638918876648
2024-06-03 01:05:57,718 - Name: 0, Distance: 1.06034255027771
2024-06-03 01:05:57,944 - 10 result:
2024-06-03 01:05:57,945 - Name: 43, Distance: 0.915198564529419
2024-06-03 01:05:57,945 - Name: 43, Distance: 0.9243895411491394
2024-06-03 01:05:57,945 - Name: 43, Distance: 0.933983564376831
2024-06-03 01:05:57,945 - Name: 14, Distance: 1.0039947032928467
2024-06-03 01:05:57,945 - Name: 5, Distance: 1.051361083984375
2024-06-03 01:05:58,003 - 11 result:
2024-06-03 01:05:58,003 - Name: 45, Distance: 0.8632734417915344
2024-06-03 01:05:58,003 - Name: 45, Distance: 0.9611343741416931
2024-06-03 01:05:58,003 - Name: 45, Distance: 1.0234400033950806
2024-06-03 01:05:58,003 - Name: 42, Distance: 1.1333800554275513
2024-06-03 01:05:58,004 - Name: 42, Distance: 1.1481257677078247
2024-06-03 01:05:58,048 - 12 result:
2024-06-03 01:05:58,048 - Name: 12, Distance: 0.9142876863479614
2024-06-03 01:05:58,048 - Name: 12, Distance: 1.0010592937469482
2024-06-03 01:05:58,048 - Name: 12, Distance: 1.007619023323059
2024-06-03 01:05:58,048 - Name: 15, Distance: 1.0344114303588867
2024-06-03 01:05:58,048 - Name: 7, Distance: 1.0831764936447144
2024-06-03 01:05:58,638 - 13 result:
2024-06-03 01:05:58,638 - Name: 13, Distance: 0.0
2024-06-03 01:05:58,638 - Name: 13, Distance: 0.2898074984550476
2024-06-03 01:05:58,638 - Name: 13, Distance: 0.4172176420688629
2024-06-03 01:05:58,638 - Name: 19, Distance: 1.145189642906189
2024-06-03 01:05:58,638 - Name: 39, Distance: 1.1760128736495972
2024-06-03 01:05:58,711 - 14 result:
2024-06-03 01:05:58,711 - Name: 52, Distance: 1.0462729930877686
2024-06-03 01:05:58,711 - Name: 23, Distance: 1.0529223680496216
2024-06-03 01:05:58,711 - Name: 32, Distance: 1.0552624464035034
2024-06-03 01:05:58,711 - Name: 23, Distance: 1.0562065839767456
2024-06-03 01:05:58,711 - Name: 8, Distance: 1.0598442554473877
2024-06-03 01:05:58,765 - 15 result:
2024-06-03 01:05:58,765 - Name: 28, Distance: 0.8264002799987793
2024-06-03 01:05:58,765 - Name: 28, Distance: 0.8419113755226135
2024-06-03 01:05:58,765 - Name: 28, Distance: 0.8429415822029114
2024-06-03 01:05:58,765 - Name: 30, Distance: 1.035751223564148
2024-06-03 01:05:58,765 - Name: 30, Distance: 1.070916771888733
2024-06-03 01:05:58,997 - 16 result:
2024-06-03 01:05:58,998 - Name: 16, Distance: 0.7524372339248657
2024-06-03 01:05:58,998 - Name: 16, Distance: 0.8275229334831238
2024-06-03 01:05:58,998 - Name: 16, Distance: 0.8822742700576782
2024-06-03 01:05:58,998 - Name: 26, Distance: 0.8970625996589661
2024-06-03 01:05:58,998 - Name: 26, Distance: 0.9365354180335999
2024-06-03 01:05:59,610 - 17 result:
2024-06-03 01:05:59,611 - Name: 40, Distance: 1.0145151615142822
2024-06-03 01:05:59,611 - Name: 13, Distance: 1.0489320755004883
2024-06-03 01:05:59,611 - Name: 13, Distance: 1.052343726158142
2024-06-03 01:05:59,611 - Name: 3, Distance: 1.0832250118255615
2024-06-03 01:05:59,611 - Name: 52, Distance: 1.0936552286148071
2024-06-03 01:05:59,664 - 18 result:
2024-06-03 01:05:59,665 - Name: 5, Distance: 1.0245403051376343
2024-06-03 01:05:59,665 - Name: 33, Distance: 1.0387097597122192
2024-06-03 01:05:59,665 - Name: 33, Distance: 1.0476768016815186
2024-06-03 01:05:59,665 - Name: 33, Distance: 1.0502794981002808
2024-06-03 01:05:59,665 - Name: 14, Distance: 1.0703966617584229
2024-06-03 01:05:59,873 - 19 result:
2024-06-03 01:05:59,873 - Name: 1, Distance: 0.9256611466407776
2024-06-03 01:05:59,873 - Name: 1, Distance: 0.9602206945419312
2024-06-03 01:05:59,873 - Name: 1, Distance: 1.0139638185501099
2024-06-03 01:05:59,873 - Name: 28, Distance: 1.1263397932052612
2024-06-03 01:05:59,873 - Name: 53, Distance: 1.129086971282959
2024-06-03 01:05:59,940 - 2 result:
2024-06-03 01:05:59,940 - Name: 52, Distance: 0.911207914352417
2024-06-03 01:05:59,940 - Name: 52, Distance: 0.9182021021842957
2024-06-03 01:05:59,940 - Name: 52, Distance: 0.9573643803596497
2024-06-03 01:05:59,940 - Name: 2, Distance: 1.0132702589035034
2024-06-03 01:05:59,940 - Name: 2, Distance: 1.053601622581482
2024-06-03 01:06:00,523 - 20 result:
2024-06-03 01:06:00,524 - Name: 20, Distance: 0.9566983580589294
2024-06-03 01:06:00,524 - Name: 20, Distance: 1.018075942993164
2024-06-03 01:06:00,524 - Name: 2, Distance: 1.0754272937774658
2024-06-03 01:06:00,524 - Name: 20, Distance: 1.0977743864059448
2024-06-03 01:06:00,524 - Name: 55, Distance: 1.1075384616851807
2024-06-03 01:06:00,584 - 21 result:
2024-06-03 01:06:00,584 - Name: 10, Distance: 0.9638126492500305
2024-06-03 01:06:00,584 - Name: 5, Distance: 0.9922744631767273
2024-06-03 01:06:00,584 - Name: 10, Distance: 0.9948394298553467
2024-06-03 01:06:00,584 - Name: 14, Distance: 1.0328664779663086
2024-06-03 01:06:00,584 - Name: 43, Distance: 1.0390124320983887
2024-06-03 01:06:00,632 - 22 result:
2024-06-03 01:06:00,633 - Name: 32, Distance: 0.859481692314148
2024-06-03 01:06:00,633 - Name: 32, Distance: 0.9214004874229431
2024-06-03 01:06:00,633 - Name: 58, Distance: 0.9338250756263733
2024-06-03 01:06:00,633 - Name: 32, Distance: 0.9559684991836548
2024-06-03 01:06:00,633 - Name: 58, Distance: 0.984263002872467
2024-06-03 01:06:00,849 - 23 result:
2024-06-03 01:06:00,850 - Name: 12, Distance: 0.9697641134262085
2024-06-03 01:06:00,850 - Name: 12, Distance: 0.9761960506439209
2024-06-03 01:06:00,850 - Name: 29, Distance: 0.9864335656166077
2024-06-03 01:06:00,850 - Name: 12, Distance: 1.0138105154037476
2024-06-03 01:06:00,850 - Name: 29, Distance: 1.0426881313323975
2024-06-03 01:06:01,458 - 24 result:
2024-06-03 01:06:01,458 - Name: 24, Distance: 0.5854393243789673
2024-06-03 01:06:01,458 - Name: 24, Distance: 0.6239617466926575
2024-06-03 01:06:01,458 - Name: 24, Distance: 0.6412374973297119
2024-06-03 01:06:01,458 - Name: 26, Distance: 0.856067955493927
2024-06-03 01:06:01,458 - Name: 26, Distance: 0.9062069058418274
2024-06-03 01:06:01,506 - 25 result:
2024-06-03 01:06:01,507 - Name: 28, Distance: 1.000594973564148
2024-06-03 01:06:01,507 - Name: 25, Distance: 1.001474380493164
2024-06-03 01:06:01,507 - Name: 26, Distance: 1.0361829996109009
2024-06-03 01:06:01,507 - Name: 44, Distance: 1.048154592514038
2024-06-03 01:06:01,507 - Name: 50, Distance: 1.059453010559082
2024-06-03 01:06:01,645 - 26 result:
2024-06-03 01:06:01,645 - Name: 28, Distance: 0.7961100935935974
2024-06-03 01:06:01,645 - Name: 28, Distance: 0.8178512454032898
2024-06-03 01:06:01,645 - Name: 28, Distance: 0.8495836853981018
2024-06-03 01:06:01,645 - Name: 16, Distance: 0.9759367108345032
2024-06-03 01:06:01,646 - Name: 16, Distance: 0.9977197051048279
2024-06-03 01:06:01,766 - 27 result:
2024-06-03 01:06:01,766 - Name: 28, Distance: 0.8746266961097717
2024-06-03 01:06:01,766 - Name: 28, Distance: 0.8837511539459229
2024-06-03 01:06:01,766 - Name: 28, Distance: 0.9151456356048584
2024-06-03 01:06:01,766 - Name: 26, Distance: 1.0785404443740845
2024-06-03 01:06:01,767 - Name: 26, Distance: 1.0870866775512695
2024-06-03 01:06:02,379 - 28 result:
2024-06-03 01:06:02,379 - Name: 27, Distance: 1.0075814723968506
2024-06-03 01:06:02,379 - Name: 30, Distance: 1.0329265594482422
2024-06-03 01:06:02,379 - Name: 30, Distance: 1.0388283729553223
2024-06-03 01:06:02,379 - Name: 27, Distance: 1.0434799194335938
2024-06-03 01:06:02,379 - Name: 27, Distance: 1.0588971376419067
2024-06-03 01:06:02,428 - 29 result:
2024-06-03 01:06:02,428 - Name: 21, Distance: 0.6921494007110596
2024-06-03 01:06:02,428 - Name: 21, Distance: 0.7215314507484436
2024-06-03 01:06:02,428 - Name: 21, Distance: 0.7794800996780396
2024-06-03 01:06:02,428 - Name: 16, Distance: 1.1972054243087769
2024-06-03 01:06:02,428 - Name: 25, Distance: 1.1982520818710327
2024-06-03 01:06:02,538 - 3 result:
2024-06-03 01:06:02,539 - Name: 3, Distance: 0.7220558524131775
2024-06-03 01:06:02,539 - Name: 3, Distance: 0.755412220954895
2024-06-03 01:06:02,539 - Name: 3, Distance: 0.877997100353241
2024-06-03 01:06:02,539 - Name: 20, Distance: 0.9804951548576355
2024-06-03 01:06:02,539 - Name: 37, Distance: 0.9816184043884277
2024-06-03 01:06:02,690 - 30 result:
2024-06-03 01:06:02,690 - Name: 28, Distance: 0.8017520904541016
2024-06-03 01:06:02,690 - Name: 28, Distance: 0.8146942257881165
2024-06-03 01:06:02,690 - Name: 28, Distance: 0.8544816970825195
2024-06-03 01:06:02,690 - Name: 15, Distance: 0.9674508571624756
2024-06-03 01:06:02,690 - Name: 15, Distance: 0.9680343866348267
2024-06-03 01:06:03,290 - 31 result:
2024-06-03 01:06:03,291 - Name: 53, Distance: 1.0848814249038696
2024-06-03 01:06:03,291 - Name: 5, Distance: 1.109337329864502
2024-06-03 01:06:03,291 - Name: 31, Distance: 1.1325353384017944
2024-06-03 01:06:03,291 - Name: 33, Distance: 1.1325875520706177
2024-06-03 01:06:03,291 - Name: 5, Distance: 1.1333718299865723
2024-06-03 01:06:03,342 - 32 result:
2024-06-03 01:06:03,342 - Name: 22, Distance: 0.9353445172309875
2024-06-03 01:06:03,342 - Name: 22, Distance: 0.9536863565444946
2024-06-03 01:06:03,343 - Name: 1, Distance: 0.9811619520187378
2024-06-03 01:06:03,343 - Name: 22, Distance: 0.9924972057342529
2024-06-03 01:06:03,343 - Name: 1, Distance: 0.9993258118629456
2024-06-03 01:06:03,463 - 33 result:
2024-06-03 01:06:03,463 - Name: 10, Distance: 0.9210361242294312
2024-06-03 01:06:03,463 - Name: 10, Distance: 1.0226538181304932
2024-06-03 01:06:03,463 - Name: 14, Distance: 1.0276483297348022
2024-06-03 01:06:03,463 - Name: 10, Distance: 1.0400702953338623
2024-06-03 01:06:03,463 - Name: 18, Distance: 1.085636019706726
2024-06-03 01:06:03,608 - 34 result:
2024-06-03 01:06:03,609 - Name: 29, Distance: 0.5704184174537659
2024-06-03 01:06:03,609 - Name: 29, Distance: 0.6433829069137573
2024-06-03 01:06:03,609 - Name: 29, Distance: 0.6435697674751282
2024-06-03 01:06:03,609 - Name: 8, Distance: 0.863447904586792
2024-06-03 01:06:03,609 - Name: 8, Distance: 0.9608789682388306
2024-06-03 01:06:04,190 - 35 result:
2024-06-03 01:06:04,190 - Name: 35, Distance: 0.8797503709793091
2024-06-03 01:06:04,190 - Name: 35, Distance: 0.8896929025650024
2024-06-03 01:06:04,190 - Name: 35, Distance: 0.8950479030609131
2024-06-03 01:06:04,190 - Name: 30, Distance: 0.9598178267478943
2024-06-03 01:06:04,190 - Name: 30, Distance: 1.0170457363128662
2024-06-03 01:06:04,270 - 36 result:
2024-06-03 01:06:04,270 - Name: 8, Distance: 1.0407103300094604
2024-06-03 01:06:04,270 - Name: 8, Distance: 1.0667474269866943
2024-06-03 01:06:04,271 - Name: 8, Distance: 1.088047981262207
2024-06-03 01:06:04,271 - Name: 20, Distance: 1.0942939519882202
2024-06-03 01:06:04,271 - Name: 20, Distance: 1.1135659217834473
2024-06-03 01:06:04,323 - 37 result:
2024-06-03 01:06:04,323 - Name: 28, Distance: 1.0807026624679565
2024-06-03 01:06:04,323 - Name: 45, Distance: 1.0975375175476074
2024-06-03 01:06:04,323 - Name: 18, Distance: 1.104050874710083
2024-06-03 01:06:04,323 - Name: 28, Distance: 1.105048418045044
2024-06-03 01:06:04,323 - Name: 28, Distance: 1.1139603853225708
2024-06-03 01:06:04,551 - 38 result:
2024-06-03 01:06:04,552 - Name: 21, Distance: 0.8659906983375549
2024-06-03 01:06:04,552 - Name: 21, Distance: 0.8722856640815735
2024-06-03 01:06:04,552 - Name: 21, Distance: 0.9081955552101135
2024-06-03 01:06:04,552 - Name: 55, Distance: 1.0446131229400635
2024-06-03 01:06:04,552 - Name: 10, Distance: 1.0478488206863403
2024-06-03 01:06:05,171 - 39 result:
2024-06-03 01:06:05,171 - Name: 36, Distance: 1.0146393775939941
2024-06-03 01:06:05,171 - Name: 36, Distance: 1.0530096292495728
2024-06-03 01:06:05,171 - Name: 13, Distance: 1.0959850549697876
2024-06-03 01:06:05,171 - Name: 13, Distance: 1.0967973470687866
2024-06-03 01:06:05,171 - Name: 36, Distance: 1.1179312467575073
2024-06-03 01:06:05,220 - 4 result:
2024-06-03 01:06:05,220 - Name: 52, Distance: 1.0624767541885376
2024-06-03 01:06:05,220 - Name: 52, Distance: 1.0770699977874756
2024-06-03 01:06:05,220 - Name: 52, Distance: 1.0998598337173462
2024-06-03 01:06:05,220 - Name: 50, Distance: 1.1242505311965942
2024-06-03 01:06:05,220 - Name: 50, Distance: 1.1445834636688232
2024-06-03 01:06:05,444 - 40 result:
2024-06-03 01:06:05,444 - Name: 0, Distance: 0.9007145166397095
2024-06-03 01:06:05,444 - Name: 0, Distance: 0.9040124416351318
2024-06-03 01:06:05,444 - Name: 0, Distance: 0.9060489535331726
2024-06-03 01:06:05,444 - Name: 24, Distance: 1.0222516059875488
2024-06-03 01:06:05,444 - Name: 24, Distance: 1.0313140153884888
2024-06-03 01:06:05,494 - 41 result:
2024-06-03 01:06:05,494 - Name: 44, Distance: 1.0166562795639038
2024-06-03 01:06:05,494 - Name: 45, Distance: 1.0292459726333618
2024-06-03 01:06:05,494 - Name: 8, Distance: 1.0488067865371704
2024-06-03 01:06:05,494 - Name: 45, Distance: 1.0541925430297852
2024-06-03 01:06:05,494 - Name: 44, Distance: 1.057677984237671
2024-06-03 01:06:06,077 - 42 result:
2024-06-03 01:06:06,078 - Name: 44, Distance: 1.0653010606765747
2024-06-03 01:06:06,078 - Name: 53, Distance: 1.0836102962493896
2024-06-03 01:06:06,078 - Name: 44, Distance: 1.0984156131744385
2024-06-03 01:06:06,078 - Name: 53, Distance: 1.1024161577224731
2024-06-03 01:06:06,078 - Name: 44, Distance: 1.1113393306732178
2024-06-03 01:06:06,154 - 44 result:
2024-06-03 01:06:06,154 - Name: 42, Distance: 0.7074382305145264
2024-06-03 01:06:06,154 - Name: 42, Distance: 0.7128408551216125
2024-06-03 01:06:06,154 - Name: 42, Distance: 0.7432166934013367
2024-06-03 01:06:06,154 - Name: 56, Distance: 1.0604174137115479
2024-06-03 01:06:06,154 - Name: 2, Distance: 1.0697898864746094
2024-06-03 01:06:06,204 - 45 result:
2024-06-03 01:06:06,204 - Name: 42, Distance: 0.9219179749488831
2024-06-03 01:06:06,204 - Name: 42, Distance: 0.9995171427726746
2024-06-03 01:06:06,204 - Name: 42, Distance: 1.02858567237854
2024-06-03 01:06:06,204 - Name: 31, Distance: 1.0528889894485474
2024-06-03 01:06:06,204 - Name: 31, Distance: 1.0586799383163452
2024-06-03 01:06:06,425 - 46 result:
2024-06-03 01:06:06,426 - Name: 43, Distance: 0.9415600895881653
2024-06-03 01:06:06,426 - Name: 43, Distance: 0.9427484273910522
2024-06-03 01:06:06,426 - Name: 43, Distance: 0.9551979303359985
2024-06-03 01:06:06,426 - Name: 4, Distance: 0.9868826866149902
2024-06-03 01:06:06,426 - Name: 58, Distance: 0.9977430105209351
2024-06-03 01:06:07,030 - 47 result:
2024-06-03 01:06:07,030 - Name: 45, Distance: 0.9990746974945068
2024-06-03 01:06:07,031 - Name: 45, Distance: 1.0353114604949951
2024-06-03 01:06:07,031 - Name: 45, Distance: 1.045153260231018
2024-06-03 01:06:07,031 - Name: 59, Distance: 1.058050513267517
2024-06-03 01:06:07,031 - Name: 59, Distance: 1.0823383331298828
2024-06-03 01:06:07,093 - 48 result:
2024-06-03 01:06:07,093 - Name: 0, Distance: 1.1310203075408936
2024-06-03 01:06:07,093 - Name: 36, Distance: 1.1408751010894775
2024-06-03 01:06:07,093 - Name: 36, Distance: 1.1470980644226074
2024-06-03 01:06:07,093 - Name: 9, Distance: 1.1510378122329712
2024-06-03 01:06:07,093 - Name: 48, Distance: 1.152127981185913
2024-06-03 01:06:07,140 - 5 result:
2024-06-03 01:06:07,140 - Name: 5, Distance: 0.8801363706588745
2024-06-03 01:06:07,140 - Name: 5, Distance: 0.9614240527153015
2024-06-03 01:06:07,140 - Name: 5, Distance: 1.0188981294631958
2024-06-03 01:06:07,140 - Name: 17, Distance: 1.0851818323135376
2024-06-03 01:06:07,140 - Name: 50, Distance: 1.1132644414901733
2024-06-03 01:06:07,357 - 50 result:
2024-06-03 01:06:07,358 - Name: 50, Distance: 0.9869665503501892
2024-06-03 01:06:07,358 - Name: 9, Distance: 1.029147982597351
2024-06-03 01:06:07,358 - Name: 23, Distance: 1.0495271682739258
2024-06-03 01:06:07,358 - Name: 29, Distance: 1.0690652132034302
2024-06-03 01:06:07,358 - Name: 55, Distance: 1.0741220712661743
2024-06-03 01:06:07,961 - 51 result:
2024-06-03 01:06:07,961 - Name: 57, Distance: 0.7757121324539185
2024-06-03 01:06:07,961 - Name: 57, Distance: 0.8438790440559387
2024-06-03 01:06:07,961 - Name: 57, Distance: 0.8650170564651489
2024-06-03 01:06:07,961 - Name: 38, Distance: 1.0868552923202515
2024-06-03 01:06:07,961 - Name: 50, Distance: 1.1327506303787231
2024-06-03 01:06:08,017 - 52 result:
2024-06-03 01:06:08,017 - Name: 28, Distance: 1.0381132364273071
2024-06-03 01:06:08,017 - Name: 28, Distance: 1.038243293762207
2024-06-03 01:06:08,017 - Name: 28, Distance: 1.045563817024231
2024-06-03 01:06:08,018 - Name: 36, Distance: 1.0508872270584106
2024-06-03 01:06:08,018 - Name: 36, Distance: 1.0523344278335571
2024-06-03 01:06:08,066 - 53 result:
2024-06-03 01:06:08,066 - Name: 54, Distance: 0.8223775625228882
2024-06-03 01:06:08,066 - Name: 54, Distance: 0.8616896867752075
2024-06-03 01:06:08,066 - Name: 54, Distance: 0.8661958575248718
2024-06-03 01:06:08,066 - Name: 35, Distance: 1.0051935911178589
2024-06-03 01:06:08,066 - Name: 10, Distance: 1.0811891555786133
2024-06-03 01:06:08,278 - 54 result:
2024-06-03 01:06:08,278 - Name: 54, Distance: 0.9077937602996826
2024-06-03 01:06:08,278 - Name: 54, Distance: 0.919055700302124
2024-06-03 01:06:08,278 - Name: 54, Distance: 0.9397586584091187
2024-06-03 01:06:08,278 - Name: 36, Distance: 1.0425912141799927
2024-06-03 01:06:08,278 - Name: 36, Distance: 1.0646218061447144
2024-06-03 01:06:08,890 - 55 result:
2024-06-03 01:06:08,890 - Name: 55, Distance: 0.814468264579773
2024-06-03 01:06:08,890 - Name: 55, Distance: 0.8732436895370483
2024-06-03 01:06:08,891 - Name: 55, Distance: 0.883008599281311
2024-06-03 01:06:08,891 - Name: 47, Distance: 1.136961579322815
2024-06-03 01:06:08,891 - Name: 50, Distance: 1.1391189098358154
2024-06-03 01:06:08,941 - 56 result:
2024-06-03 01:06:08,941 - Name: 45, Distance: 0.8517256379127502
2024-06-03 01:06:08,941 - Name: 45, Distance: 0.9538782238960266
2024-06-03 01:06:08,941 - Name: 17, Distance: 0.954030454158783
2024-06-03 01:06:08,941 - Name: 45, Distance: 0.9751589298248291
2024-06-03 01:06:08,941 - Name: 46, Distance: 1.0061036348342896
2024-06-03 01:06:09,096 - 57 result:
2024-06-03 01:06:09,096 - Name: 58, Distance: 0.8864778280258179
2024-06-03 01:06:09,096 - Name: 58, Distance: 0.9633058905601501
2024-06-03 01:06:09,096 - Name: 0, Distance: 1.0200594663619995
2024-06-03 01:06:09,096 - Name: 2, Distance: 1.0289517641067505
2024-06-03 01:06:09,096 - Name: 20, Distance: 1.0325208902359009
2024-06-03 01:06:09,220 - 58 result:
2024-06-03 01:06:09,220 - Name: 3, Distance: 0.9421079158782959
2024-06-03 01:06:09,220 - Name: 2, Distance: 0.9677886366844177
2024-06-03 01:06:09,220 - Name: 2, Distance: 0.9806956648826599
2024-06-03 01:06:09,220 - Name: 3, Distance: 0.9951896071434021
2024-06-03 01:06:09,220 - Name: 58, Distance: 0.997345507144928
2024-06-03 01:06:09,808 - 59 result:
2024-06-03 01:06:09,808 - Name: 57, Distance: 0.8748113512992859
2024-06-03 01:06:09,808 - Name: 57, Distance: 0.9198815822601318
2024-06-03 01:06:09,808 - Name: 57, Distance: 0.994572103023529
2024-06-03 01:06:09,808 - Name: 46, Distance: 1.1064515113830566
2024-06-03 01:06:09,808 - Name: 37, Distance: 1.1091687679290771
2024-06-03 01:06:09,873 - 6 result:
2024-06-03 01:06:09,874 - Name: 25, Distance: 0.950541615486145
2024-06-03 01:06:09,874 - Name: 25, Distance: 0.9717549085617065
2024-06-03 01:06:09,874 - Name: 25, Distance: 0.9750088453292847
2024-06-03 01:06:09,874 - Name: 28, Distance: 1.10049569606781
2024-06-03 01:06:09,874 - Name: 26, Distance: 1.1229232549667358
2024-06-03 01:06:09,922 - 7 result:
2024-06-03 01:06:09,922 - Name: 33, Distance: 1.0807113647460938
2024-06-03 01:06:09,922 - Name: 13, Distance: 1.091600775718689
2024-06-03 01:06:09,922 - Name: 33, Distance: 1.103447437286377
2024-06-03 01:06:09,922 - Name: 13, Distance: 1.1068753004074097
2024-06-03 01:06:09,922 - Name: 19, Distance: 1.1070871353149414
2024-06-03 01:06:10,140 - 8 result:
2024-06-03 01:06:10,140 - Name: 11, Distance: 0.8740333914756775
2024-06-03 01:06:10,140 - Name: 11, Distance: 0.9232238531112671
2024-06-03 01:06:10,140 - Name: 11, Distance: 0.934678316116333
2024-06-03 01:06:10,140 - Name: 20, Distance: 0.9952888488769531
2024-06-03 01:06:10,140 - Name: 20, Distance: 0.9962267875671387
2024-06-03 01:06:10,747 - 9 result:
2024-06-03 01:06:10,747 - Name: 12, Distance: 0.9682714939117432
2024-06-03 01:06:10,747 - Name: 12, Distance: 0.9781055450439453
2024-06-03 01:06:10,747 - Name: 31, Distance: 1.0067716836929321
2024-06-03 01:06:10,747 - Name: 12, Distance: 1.0116827487945557
2024-06-03 01:06:10,747 - Name: 31, Distance: 1.0302188396453857
2024-06-03 01:06:10,818 - Total samples: 58
2024-06-03 01:06:10,818 - Correct predictions: 17
2024-06-03 01:06:10,819 - Incorrect predictions: 41
2024-06-03 01:06:10,819 - Accuracy: 29.31%
2024-06-03 01:06:10,819 - Correctly predicted classes:
2024-06-03 01:06:10,819 - 31: 1
2024-06-03 01:06:10,819 - 54: 1
2024-06-03 01:06:10,819 - 0: 1
2024-06-03 01:06:10,819 - 50: 1
2024-06-03 01:06:10,819 - 58: 1
2024-06-03 01:06:10,819 - 13: 1
2024-06-03 01:06:10,819 - 24: 1
2024-06-03 01:06:10,820 - 2: 1
2024-06-03 01:06:10,820 - 16: 1
2024-06-03 01:06:10,820 - 48: 1
2024-06-03 01:06:10,820 - 55: 1
2024-06-03 01:06:10,820 - 3: 1
2024-06-03 01:06:10,820 - 20: 1
2024-06-03 01:06:10,820 - 25: 1
2024-06-03 01:06:10,820 - 35: 1
2024-06-03 01:06:10,820 - 12: 1
2024-06-03 01:06:10,820 - 5: 1
2024-06-03 01:06:10,821 - Incorrectly predicted classes:
2024-06-03 01:06:10,821 - 45: 1
2024-06-03 01:06:10,821 - 21: 1
2024-06-03 01:06:10,821 - 27: 1
2024-06-03 01:06:10,821 - 15: 1
2024-06-03 01:06:10,821 - 44: 1
2024-06-03 01:06:10,821 - 56: 1
2024-06-03 01:06:10,821 - 9: 1
2024-06-03 01:06:10,821 - 53: 1
2024-06-03 01:06:10,821 - 6: 1
2024-06-03 01:06:10,822 - 10: 1
2024-06-03 01:06:10,822 - 40: 1
2024-06-03 01:06:10,822 - 52: 1
2024-06-03 01:06:10,822 - 34: 1
2024-06-03 01:06:10,822 - 51: 1
2024-06-03 01:06:10,822 - 29: 1
2024-06-03 01:06:10,822 - 11: 1
2024-06-03 01:06:10,822 - 4: 1
2024-06-03 01:06:10,822 - 41: 1
2024-06-03 01:06:10,823 - 36: 1
2024-06-03 01:06:10,823 - 39: 1
2024-06-03 01:06:10,823 - 32: 1
2024-06-03 01:06:10,823 - 42: 1
2024-06-03 01:06:10,823 - 23: 1
2024-06-03 01:06:10,823 - 46: 1
2024-06-03 01:06:10,823 - 33: 1
2024-06-03 01:06:10,823 - 28: 1
2024-06-03 01:06:10,823 - 47: 1
2024-06-03 01:06:10,823 - 8: 1
2024-06-03 01:06:10,824 - 38: 1
2024-06-03 01:06:10,824 - 37: 1
2024-06-03 01:06:10,824 - 22: 1
2024-06-03 01:06:10,824 - 7: 1
2024-06-03 01:06:10,824 - 57: 1
2024-06-03 01:06:10,824 - 59: 1
2024-06-03 01:06:10,824 - 19: 1
2024-06-03 01:06:10,824 - 1: 1
2024-06-03 01:06:10,824 - 26: 1
2024-06-03 01:06:10,824 - 18: 1
2024-06-03 01:06:10,825 - 17: 1
2024-06-03 01:06:10,825 - 14: 1
2024-06-03 01:06:10,825 - 30: 1
