2024-06-03 02:39:03,597 - test_dir : ./Face_Dataset/Test
2024-06-03 02:39:03,597 - pretrained : work_dir/FaceNet_finetuning_Random_Batch_L2SP_deepfake_110_32/FaceNet_finetuning_Random_Batch_L2SP_deepfake_110_32_deepfake.pth
2024-06-03 02:39:03,597 - model_name : FaceNet_finetuning_Random_Batch_L2SP_deepfake
2024-06-03 02:39:52,015 - 0 result:
2024-06-03 02:39:52,015 - Name: 23, Distance: 0.9617336988449097
2024-06-03 02:39:52,015 - Name: 37, Distance: 0.9730263352394104
2024-06-03 02:39:52,015 - Name: 0, Distance: 1.0421937704086304
2024-06-03 02:39:52,015 - Name: 0, Distance: 1.0746934413909912
2024-06-03 02:39:52,015 - Name: 0, Distance: 1.1009466648101807
2024-06-03 02:39:52,066 - 1 result:
2024-06-03 02:39:52,066 - Name: 1, Distance: 0.979454755783081
2024-06-03 02:39:52,066 - Name: 1, Distance: 1.0404995679855347
2024-06-03 02:39:52,066 - Name: 30, Distance: 1.1094850301742554
2024-06-03 02:39:52,066 - Name: 27, Distance: 1.145592451095581
2024-06-03 02:39:52,066 - Name: 34, Distance: 1.1511245965957642
2024-06-03 02:39:52,120 - 10 result:
2024-06-03 02:39:52,120 - Name: 18, Distance: 1.0032227039337158
2024-06-03 02:39:52,120 - Name: 3, Distance: 1.0102765560150146
2024-06-03 02:39:52,120 - Name: 3, Distance: 1.054510474205017
2024-06-03 02:39:52,120 - Name: 5, Distance: 1.0747929811477661
2024-06-03 02:39:52,120 - Name: 5, Distance: 1.1036587953567505
2024-06-03 02:39:52,356 - 11 result:
2024-06-03 02:39:52,357 - Name: 11, Distance: 1.0874053239822388
2024-06-03 02:39:52,357 - Name: 33, Distance: 1.0922420024871826
2024-06-03 02:39:52,357 - Name: 4, Distance: 1.1068516969680786
2024-06-03 02:39:52,357 - Name: 42, Distance: 1.1159882545471191
2024-06-03 02:39:52,357 - Name: 9, Distance: 1.1277192831039429
2024-06-03 02:39:52,961 - 12 result:
2024-06-03 02:39:52,961 - Name: 12, Distance: 0.8494741916656494
2024-06-03 02:39:52,961 - Name: 12, Distance: 1.021868348121643
2024-06-03 02:39:52,961 - Name: 16, Distance: 1.1239148378372192
2024-06-03 02:39:52,961 - Name: 16, Distance: 1.138543725013733
2024-06-03 02:39:52,961 - Name: 8, Distance: 1.1506859064102173
2024-06-03 02:39:53,022 - 13 result:
2024-06-03 02:39:53,022 - Name: 13, Distance: 0.0
2024-06-03 02:39:53,022 - Name: 28, Distance: 1.0536668300628662
2024-06-03 02:39:53,022 - Name: 17, Distance: 1.075416088104248
2024-06-03 02:39:53,022 - Name: 23, Distance: 1.086290717124939
2024-06-03 02:39:53,022 - Name: 28, Distance: 1.1067625284194946
2024-06-03 02:39:53,074 - 14 result:
2024-06-03 02:39:53,075 - Name: 29, Distance: 0.9581083059310913
2024-06-03 02:39:53,075 - Name: 13, Distance: 1.0943557024002075
2024-06-03 02:39:53,075 - Name: 23, Distance: 1.1107228994369507
2024-06-03 02:39:53,075 - Name: 18, Distance: 1.1137372255325317
2024-06-03 02:39:53,075 - Name: 28, Distance: 1.1149770021438599
2024-06-03 02:39:53,305 - 15 result:
2024-06-03 02:39:53,306 - Name: 26, Distance: 0.9398971796035767
2024-06-03 02:39:53,306 - Name: 30, Distance: 0.9947835206985474
2024-06-03 02:39:53,306 - Name: 24, Distance: 1.0115554332733154
2024-06-03 02:39:53,306 - Name: 27, Distance: 1.026772379875183
2024-06-03 02:39:53,306 - Name: 28, Distance: 1.04539954662323
2024-06-03 02:39:53,915 - 16 result:
2024-06-03 02:39:53,915 - Name: 16, Distance: 0.6820489764213562
2024-06-03 02:39:53,915 - Name: 16, Distance: 0.9392117857933044
2024-06-03 02:39:53,915 - Name: 16, Distance: 1.0692064762115479
2024-06-03 02:39:53,915 - Name: 15, Distance: 1.0988104343414307
2024-06-03 02:39:53,915 - Name: 2, Distance: 1.1490845680236816
2024-06-03 02:39:54,010 - 17 result:
2024-06-03 02:39:54,010 - Name: 17, Distance: 0.9186097979545593
2024-06-03 02:39:54,010 - Name: 17, Distance: 1.045495867729187
2024-06-03 02:39:54,010 - Name: 3, Distance: 1.0521031618118286
2024-06-03 02:39:54,010 - Name: 13, Distance: 1.0896546840667725
2024-06-03 02:39:54,010 - Name: 13, Distance: 1.1024103164672852
2024-06-03 02:39:54,062 - 18 result:
2024-06-03 02:39:54,062 - Name: 18, Distance: 0.989884078502655
2024-06-03 02:39:54,062 - Name: 17, Distance: 1.057619571685791
2024-06-03 02:39:54,062 - Name: 27, Distance: 1.0782334804534912
2024-06-03 02:39:54,062 - Name: 27, Distance: 1.0949705839157104
2024-06-03 02:39:54,062 - Name: 10, Distance: 1.1223520040512085
2024-06-03 02:39:54,110 - 19 result:
2024-06-03 02:39:54,111 - Name: 19, Distance: 0.7885950207710266
2024-06-03 02:39:54,111 - Name: 19, Distance: 0.8592511415481567
2024-06-03 02:39:54,111 - Name: 19, Distance: 0.9706156253814697
2024-06-03 02:39:54,111 - Name: 28, Distance: 1.0569413900375366
2024-06-03 02:39:54,111 - Name: 28, Distance: 1.0946201086044312
2024-06-03 02:39:54,330 - 2 result:
2024-06-03 02:39:54,330 - Name: 2, Distance: 0.9659411311149597
2024-06-03 02:39:54,330 - Name: 2, Distance: 0.9778892993927002
2024-06-03 02:39:54,330 - Name: 2, Distance: 1.0046632289886475
2024-06-03 02:39:54,330 - Name: 23, Distance: 1.1440024375915527
2024-06-03 02:39:54,330 - Name: 46, Distance: 1.1599067449569702
2024-06-03 02:39:54,922 - 20 result:
2024-06-03 02:39:54,922 - Name: 2, Distance: 1.0570029020309448
2024-06-03 02:39:54,922 - Name: 34, Distance: 1.0850436687469482
2024-06-03 02:39:54,922 - Name: 20, Distance: 1.092890739440918
2024-06-03 02:39:54,922 - Name: 23, Distance: 1.0994384288787842
2024-06-03 02:39:54,922 - Name: 40, Distance: 1.1241451501846313
2024-06-03 02:39:55,003 - 21 result:
2024-06-03 02:39:55,003 - Name: 51, Distance: 1.0157495737075806
2024-06-03 02:39:55,003 - Name: 11, Distance: 1.0370523929595947
2024-06-03 02:39:55,003 - Name: 7, Distance: 1.0606380701065063
2024-06-03 02:39:55,003 - Name: 20, Distance: 1.0650553703308105
2024-06-03 02:39:55,003 - Name: 3, Distance: 1.076369285583496
2024-06-03 02:39:55,055 - 22 result:
2024-06-03 02:39:55,055 - Name: 2, Distance: 1.0469396114349365
2024-06-03 02:39:55,055 - Name: 33, Distance: 1.083720088005066
2024-06-03 02:39:55,056 - Name: 5, Distance: 1.11225426197052
2024-06-03 02:39:55,056 - Name: 33, Distance: 1.1151245832443237
2024-06-03 02:39:55,056 - Name: 55, Distance: 1.1196701526641846
2024-06-03 02:39:55,293 - 23 result:
2024-06-03 02:39:55,293 - Name: 23, Distance: 0.9880475997924805
2024-06-03 02:39:55,293 - Name: 50, Distance: 1.0179896354675293
2024-06-03 02:39:55,293 - Name: 23, Distance: 1.0493152141571045
2024-06-03 02:39:55,293 - Name: 7, Distance: 1.0510156154632568
2024-06-03 02:39:55,293 - Name: 14, Distance: 1.0517256259918213
2024-06-03 02:39:55,910 - 24 result:
2024-06-03 02:39:55,910 - Name: 24, Distance: 0.8332667946815491
2024-06-03 02:39:55,910 - Name: 24, Distance: 0.9770985841751099
2024-06-03 02:39:55,910 - Name: 29, Distance: 0.9847384691238403
2024-06-03 02:39:55,910 - Name: 28, Distance: 1.016066312789917
2024-06-03 02:39:55,910 - Name: 27, Distance: 1.0582900047302246
2024-06-03 02:39:55,964 - 25 result:
2024-06-03 02:39:55,965 - Name: 24, Distance: 0.9463097453117371
2024-06-03 02:39:55,965 - Name: 30, Distance: 0.9520020484924316
2024-06-03 02:39:55,965 - Name: 27, Distance: 0.9680975079536438
2024-06-03 02:39:55,965 - Name: 25, Distance: 0.9846100211143494
2024-06-03 02:39:55,965 - Name: 26, Distance: 0.9970179796218872
2024-06-03 02:39:56,017 - 26 result:
2024-06-03 02:39:56,017 - Name: 26, Distance: 0.8939873576164246
2024-06-03 02:39:56,017 - Name: 30, Distance: 0.9694601893424988
2024-06-03 02:39:56,017 - Name: 26, Distance: 0.9714257121086121
2024-06-03 02:39:56,017 - Name: 26, Distance: 1.0342694520950317
2024-06-03 02:39:56,017 - Name: 25, Distance: 1.1166131496429443
2024-06-03 02:39:56,245 - 27 result:
2024-06-03 02:39:56,245 - Name: 36, Distance: 0.8877075910568237
2024-06-03 02:39:56,245 - Name: 24, Distance: 0.9391451478004456
2024-06-03 02:39:56,245 - Name: 27, Distance: 1.008082628250122
2024-06-03 02:39:56,245 - Name: 52, Distance: 1.0417745113372803
2024-06-03 02:39:56,245 - Name: 52, Distance: 1.076939344406128
2024-06-03 02:39:56,857 - 28 result:
2024-06-03 02:39:56,857 - Name: 28, Distance: 0.7679701447486877
2024-06-03 02:39:56,857 - Name: 27, Distance: 0.8817075490951538
2024-06-03 02:39:56,857 - Name: 28, Distance: 0.9140644073486328
2024-06-03 02:39:56,857 - Name: 9, Distance: 0.972435474395752
2024-06-03 02:39:56,857 - Name: 16, Distance: 0.9824331998825073
2024-06-03 02:39:56,907 - 29 result:
2024-06-03 02:39:56,907 - Name: 29, Distance: 0.8071908950805664
2024-06-03 02:39:56,907 - Name: 29, Distance: 1.0516635179519653
2024-06-03 02:39:56,908 - Name: 34, Distance: 1.0816962718963623
2024-06-03 02:39:56,908 - Name: 35, Distance: 1.1192669868469238
2024-06-03 02:39:56,908 - Name: 47, Distance: 1.143035888671875
2024-06-03 02:39:56,957 - 3 result:
2024-06-03 02:39:56,957 - Name: 3, Distance: 0.8230317831039429
2024-06-03 02:39:56,957 - Name: 3, Distance: 0.9625869393348694
2024-06-03 02:39:56,957 - Name: 3, Distance: 1.0668816566467285
2024-06-03 02:39:56,958 - Name: 4, Distance: 1.081054449081421
2024-06-03 02:39:56,958 - Name: 14, Distance: 1.1336747407913208
2024-06-03 02:39:57,185 - 30 result:
2024-06-03 02:39:57,185 - Name: 9, Distance: 1.0308316946029663
2024-06-03 02:39:57,185 - Name: 24, Distance: 1.0577383041381836
2024-06-03 02:39:57,185 - Name: 19, Distance: 1.0642856359481812
2024-06-03 02:39:57,185 - Name: 46, Distance: 1.084122657775879
2024-06-03 02:39:57,186 - Name: 27, Distance: 1.0900341272354126
2024-06-03 02:39:57,798 - 31 result:
2024-06-03 02:39:57,798 - Name: 31, Distance: 0.986991286277771
2024-06-03 02:39:57,798 - Name: 31, Distance: 1.005813479423523
2024-06-03 02:39:57,798 - Name: 12, Distance: 1.0684614181518555
2024-06-03 02:39:57,798 - Name: 32, Distance: 1.0752822160720825
2024-06-03 02:39:57,798 - Name: 10, Distance: 1.0955723524093628
2024-06-03 02:39:57,855 - 32 result:
2024-06-03 02:39:57,855 - Name: 32, Distance: 0.977203905582428
2024-06-03 02:39:57,856 - Name: 32, Distance: 1.0108858346939087
2024-06-03 02:39:57,856 - Name: 22, Distance: 1.022964596748352
2024-06-03 02:39:57,856 - Name: 22, Distance: 1.044053077697754
2024-06-03 02:39:57,856 - Name: 16, Distance: 1.067560076713562
2024-06-03 02:39:58,100 - 33 result:
2024-06-03 02:39:58,100 - Name: 7, Distance: 0.9761092662811279
2024-06-03 02:39:58,100 - Name: 11, Distance: 1.0697122812271118
2024-06-03 02:39:58,100 - Name: 12, Distance: 1.0757075548171997
2024-06-03 02:39:58,100 - Name: 18, Distance: 1.081673264503479
2024-06-03 02:39:58,100 - Name: 11, Distance: 1.1032612323760986
2024-06-03 02:39:58,689 - 34 result:
2024-06-03 02:39:58,689 - Name: 29, Distance: 1.04702889919281
2024-06-03 02:39:58,689 - Name: 34, Distance: 1.0917187929153442
2024-06-03 02:39:58,690 - Name: 27, Distance: 1.1220979690551758
2024-06-03 02:39:58,690 - Name: 24, Distance: 1.1407381296157837
2024-06-03 02:39:58,690 - Name: 36, Distance: 1.145310878753662
2024-06-03 02:39:58,772 - 35 result:
2024-06-03 02:39:58,772 - Name: 35, Distance: 0.890731692314148
2024-06-03 02:39:58,772 - Name: 35, Distance: 0.9839169979095459
2024-06-03 02:39:58,772 - Name: 35, Distance: 1.075968623161316
2024-06-03 02:39:58,772 - Name: 10, Distance: 1.1002739667892456
2024-06-03 02:39:58,772 - Name: 51, Distance: 1.1313241720199585
2024-06-03 02:39:58,826 - 36 result:
2024-06-03 02:39:58,826 - Name: 36, Distance: 1.0988887548446655
2024-06-03 02:39:58,826 - Name: 52, Distance: 1.1277977228164673
2024-06-03 02:39:58,826 - Name: 41, Distance: 1.1539559364318848
2024-06-03 02:39:58,826 - Name: 53, Distance: 1.1611602306365967
2024-06-03 02:39:58,826 - Name: 23, Distance: 1.163989782333374
2024-06-03 02:39:59,067 - 37 result:
2024-06-03 02:39:59,067 - Name: 35, Distance: 1.0094847679138184
2024-06-03 02:39:59,067 - Name: 35, Distance: 1.0272678136825562
2024-06-03 02:39:59,067 - Name: 37, Distance: 1.0624380111694336
2024-06-03 02:39:59,067 - Name: 44, Distance: 1.117556095123291
2024-06-03 02:39:59,067 - Name: 43, Distance: 1.1518828868865967
2024-06-03 02:39:59,677 - 38 result:
2024-06-03 02:39:59,677 - Name: 36, Distance: 1.0292454957962036
2024-06-03 02:39:59,678 - Name: 33, Distance: 1.10520339012146
2024-06-03 02:39:59,678 - Name: 57, Distance: 1.149853229522705
2024-06-03 02:39:59,678 - Name: 57, Distance: 1.1651742458343506
2024-06-03 02:39:59,678 - Name: 55, Distance: 1.1668728590011597
2024-06-03 02:39:59,729 - 39 result:
2024-06-03 02:39:59,729 - Name: 59, Distance: 1.083899736404419
2024-06-03 02:39:59,729 - Name: 27, Distance: 1.1293022632598877
2024-06-03 02:39:59,729 - Name: 39, Distance: 1.1454558372497559
2024-06-03 02:39:59,729 - Name: 1, Distance: 1.1625850200653076
2024-06-03 02:39:59,729 - Name: 21, Distance: 1.1678574085235596
2024-06-03 02:39:59,780 - 4 result:
2024-06-03 02:39:59,780 - Name: 39, Distance: 1.0288556814193726
2024-06-03 02:39:59,780 - Name: 54, Distance: 1.0389021635055542
2024-06-03 02:39:59,780 - Name: 31, Distance: 1.060266375541687
2024-06-03 02:39:59,780 - Name: 48, Distance: 1.1336016654968262
2024-06-03 02:39:59,780 - Name: 58, Distance: 1.136387586593628
2024-06-03 02:40:00,008 - 40 result:
2024-06-03 02:40:00,008 - Name: 58, Distance: 0.9067770838737488
2024-06-03 02:40:00,008 - Name: 40, Distance: 0.9737846851348877
2024-06-03 02:40:00,008 - Name: 40, Distance: 1.0408093929290771
2024-06-03 02:40:00,008 - Name: 44, Distance: 1.0794950723648071
2024-06-03 02:40:00,008 - Name: 40, Distance: 1.0980932712554932
2024-06-03 02:40:00,607 - 41 result:
2024-06-03 02:40:00,607 - Name: 1, Distance: 1.0864976644515991
2024-06-03 02:40:00,607 - Name: 54, Distance: 1.1093355417251587
2024-06-03 02:40:00,607 - Name: 41, Distance: 1.1385669708251953
2024-06-03 02:40:00,607 - Name: 16, Distance: 1.1421384811401367
2024-06-03 02:40:00,607 - Name: 26, Distance: 1.1511555910110474
2024-06-03 02:40:00,668 - 42 result:
2024-06-03 02:40:00,668 - Name: 21, Distance: 1.1024943590164185
2024-06-03 02:40:00,668 - Name: 35, Distance: 1.1056264638900757
2024-06-03 02:40:00,668 - Name: 51, Distance: 1.1388167142868042
2024-06-03 02:40:00,668 - Name: 56, Distance: 1.1510969400405884
2024-06-03 02:40:00,668 - Name: 35, Distance: 1.1606745719909668
2024-06-03 02:40:00,722 - 44 result:
2024-06-03 02:40:00,722 - Name: 44, Distance: 0.9312652945518494
2024-06-03 02:40:00,723 - Name: 45, Distance: 1.0217738151550293
2024-06-03 02:40:00,723 - Name: 58, Distance: 1.0312414169311523
2024-06-03 02:40:00,723 - Name: 47, Distance: 1.039556860923767
2024-06-03 02:40:00,723 - Name: 40, Distance: 1.0929805040359497
2024-06-03 02:40:00,954 - 45 result:
2024-06-03 02:40:00,954 - Name: 32, Distance: 0.8819296360015869
2024-06-03 02:40:00,954 - Name: 57, Distance: 0.9507811665534973
2024-06-03 02:40:00,954 - Name: 50, Distance: 1.0367053747177124
2024-06-03 02:40:00,954 - Name: 8, Distance: 1.0370783805847168
2024-06-03 02:40:00,955 - Name: 47, Distance: 1.082917332649231
2024-06-03 02:40:01,563 - 46 result:
2024-06-03 02:40:01,563 - Name: 46, Distance: 0.849777102470398
2024-06-03 02:40:01,563 - Name: 46, Distance: 0.9033774733543396
2024-06-03 02:40:01,563 - Name: 46, Distance: 0.9552715420722961
2024-06-03 02:40:01,563 - Name: 48, Distance: 1.12022066116333
2024-06-03 02:40:01,563 - Name: 35, Distance: 1.1469438076019287
2024-06-03 02:40:01,614 - 47 result:
2024-06-03 02:40:01,615 - Name: 47, Distance: 1.0836710929870605
2024-06-03 02:40:01,615 - Name: 58, Distance: 1.0954509973526
2024-06-03 02:40:01,615 - Name: 47, Distance: 1.1033142805099487
2024-06-03 02:40:01,615 - Name: 44, Distance: 1.1155047416687012
2024-06-03 02:40:01,615 - Name: 38, Distance: 1.159515619277954
2024-06-03 02:40:01,667 - 48 result:
2024-06-03 02:40:01,667 - Name: 48, Distance: 0.8877090215682983
2024-06-03 02:40:01,667 - Name: 54, Distance: 1.070683240890503
2024-06-03 02:40:01,667 - Name: 42, Distance: 1.083553671836853
2024-06-03 02:40:01,667 - Name: 46, Distance: 1.0945664644241333
2024-06-03 02:40:01,667 - Name: 4, Distance: 1.1028295755386353
2024-06-03 02:40:01,896 - 5 result:
2024-06-03 02:40:01,896 - Name: 5, Distance: 0.8674769401550293
2024-06-03 02:40:01,896 - Name: 5, Distance: 0.9830135107040405
2024-06-03 02:40:01,896 - Name: 5, Distance: 1.0105558633804321
2024-06-03 02:40:01,896 - Name: 29, Distance: 1.1405847072601318
2024-06-03 02:40:01,896 - Name: 28, Distance: 1.1807459592819214
2024-06-03 02:40:02,498 - 50 result:
2024-06-03 02:40:02,498 - Name: 50, Distance: 0.9494863748550415
2024-06-03 02:40:02,498 - Name: 7, Distance: 1.0111182928085327
2024-06-03 02:40:02,498 - Name: 59, Distance: 1.0353174209594727
2024-06-03 02:40:02,499 - Name: 56, Distance: 1.0369088649749756
2024-06-03 02:40:02,499 - Name: 51, Distance: 1.0470291376113892
2024-06-03 02:40:02,551 - 51 result:
2024-06-03 02:40:02,552 - Name: 59, Distance: 0.9722625017166138
2024-06-03 02:40:02,552 - Name: 51, Distance: 1.0098391771316528
2024-06-03 02:40:02,552 - Name: 50, Distance: 1.0868947505950928
2024-06-03 02:40:02,552 - Name: 55, Distance: 1.0888985395431519
2024-06-03 02:40:02,552 - Name: 57, Distance: 1.0940470695495605
2024-06-03 02:40:02,606 - 52 result:
2024-06-03 02:40:02,606 - Name: 36, Distance: 1.0673999786376953
2024-06-03 02:40:02,606 - Name: 52, Distance: 1.1030080318450928
2024-06-03 02:40:02,606 - Name: 47, Distance: 1.1251962184906006
2024-06-03 02:40:02,606 - Name: 1, Distance: 1.1374448537826538
2024-06-03 02:40:02,606 - Name: 24, Distance: 1.1721245050430298
2024-06-03 02:40:02,839 - 53 result:
2024-06-03 02:40:02,840 - Name: 22, Distance: 1.071723222732544
2024-06-03 02:40:02,840 - Name: 55, Distance: 1.1207209825515747
2024-06-03 02:40:02,840 - Name: 54, Distance: 1.1410431861877441
2024-06-03 02:40:02,840 - Name: 31, Distance: 1.144380807876587
2024-06-03 02:40:02,840 - Name: 8, Distance: 1.1584023237228394
2024-06-03 02:40:03,437 - 54 result:
2024-06-03 02:40:03,437 - Name: 54, Distance: 0.9449074864387512
2024-06-03 02:40:03,437 - Name: 54, Distance: 1.0531666278839111
2024-06-03 02:40:03,437 - Name: 14, Distance: 1.0721241235733032
2024-06-03 02:40:03,437 - Name: 25, Distance: 1.1139029264450073
2024-06-03 02:40:03,437 - Name: 46, Distance: 1.1387951374053955
2024-06-03 02:40:03,489 - 55 result:
2024-06-03 02:40:03,489 - Name: 28, Distance: 1.0087850093841553
2024-06-03 02:40:03,489 - Name: 36, Distance: 1.0165530443191528
2024-06-03 02:40:03,489 - Name: 44, Distance: 1.0391966104507446
2024-06-03 02:40:03,489 - Name: 51, Distance: 1.0802578926086426
2024-06-03 02:40:03,489 - Name: 32, Distance: 1.087791919708252
2024-06-03 02:40:03,541 - 56 result:
2024-06-03 02:40:03,541 - Name: 56, Distance: 0.8359404802322388
2024-06-03 02:40:03,541 - Name: 56, Distance: 0.951991617679596
2024-06-03 02:40:03,541 - Name: 4, Distance: 0.9892957210540771
2024-06-03 02:40:03,541 - Name: 30, Distance: 1.0297653675079346
2024-06-03 02:40:03,542 - Name: 51, Distance: 1.0735782384872437
2024-06-03 02:40:03,768 - 57 result:
2024-06-03 02:40:03,768 - Name: 59, Distance: 1.0067579746246338
2024-06-03 02:40:03,768 - Name: 36, Distance: 1.0503005981445312
2024-06-03 02:40:03,768 - Name: 51, Distance: 1.0628654956817627
2024-06-03 02:40:03,768 - Name: 44, Distance: 1.080145001411438
2024-06-03 02:40:03,768 - Name: 57, Distance: 1.0893254280090332
2024-06-03 02:40:04,377 - 58 result:
2024-06-03 02:40:04,378 - Name: 58, Distance: 1.0523772239685059
2024-06-03 02:40:04,378 - Name: 41, Distance: 1.063920021057129
2024-06-03 02:40:04,378 - Name: 44, Distance: 1.0659655332565308
2024-06-03 02:40:04,378 - Name: 39, Distance: 1.1013823747634888
2024-06-03 02:40:04,378 - Name: 10, Distance: 1.1468976736068726
2024-06-03 02:40:04,435 - 59 result:
2024-06-03 02:40:04,435 - Name: 52, Distance: 1.0774163007736206
2024-06-03 02:40:04,435 - Name: 2, Distance: 1.1078602075576782
2024-06-03 02:40:04,435 - Name: 57, Distance: 1.1351805925369263
2024-06-03 02:40:04,435 - Name: 8, Distance: 1.1387535333633423
2024-06-03 02:40:04,435 - Name: 54, Distance: 1.1410722732543945
2024-06-03 02:40:04,488 - 6 result:
2024-06-03 02:40:04,488 - Name: 14, Distance: 0.9925441145896912
2024-06-03 02:40:04,488 - Name: 33, Distance: 1.0497324466705322
2024-06-03 02:40:04,488 - Name: 6, Distance: 1.0891649723052979
2024-06-03 02:40:04,488 - Name: 17, Distance: 1.124152660369873
2024-06-03 02:40:04,488 - Name: 13, Distance: 1.1304978132247925
2024-06-03 02:40:04,722 - 7 result:
2024-06-03 02:40:04,722 - Name: 4, Distance: 1.0246039628982544
2024-06-03 02:40:04,722 - Name: 50, Distance: 1.025244951248169
2024-06-03 02:40:04,722 - Name: 10, Distance: 1.085290551185608
2024-06-03 02:40:04,722 - Name: 14, Distance: 1.1022144556045532
2024-06-03 02:40:04,722 - Name: 13, Distance: 1.1200281381607056
2024-06-03 02:40:05,325 - 8 result:
2024-06-03 02:40:05,325 - Name: 8, Distance: 0.925589919090271
2024-06-03 02:40:05,325 - Name: 19, Distance: 0.9782089591026306
2024-06-03 02:40:05,325 - Name: 8, Distance: 1.0388866662979126
2024-06-03 02:40:05,325 - Name: 8, Distance: 1.0758919715881348
2024-06-03 02:40:05,326 - Name: 30, Distance: 1.1172497272491455
2024-06-03 02:40:05,377 - 9 result:
2024-06-03 02:40:05,378 - Name: 25, Distance: 1.0895822048187256
2024-06-03 02:40:05,378 - Name: 54, Distance: 1.0962284803390503
2024-06-03 02:40:05,378 - Name: 25, Distance: 1.1051403284072876
2024-06-03 02:40:05,378 - Name: 25, Distance: 1.108746886253357
2024-06-03 02:40:05,378 - Name: 51, Distance: 1.1487177610397339
2024-06-03 02:40:05,483 - Total samples: 58
2024-06-03 02:40:05,483 - Correct predictions: 42
2024-06-03 02:40:05,483 - Incorrect predictions: 16
2024-06-03 02:40:05,483 - Accuracy: 72.41%
2024-06-03 02:40:05,484 - Correctly predicted classes:
2024-06-03 02:40:05,484 - 3: 1
2024-06-03 02:40:05,484 - 37: 1
2024-06-03 02:40:05,484 - 25: 1
2024-06-03 02:40:05,484 - 39: 1
2024-06-03 02:40:05,484 - 19: 1
2024-06-03 02:40:05,484 - 29: 1
2024-06-03 02:40:05,484 - 8: 1
2024-06-03 02:40:05,485 - 11: 1
2024-06-03 02:40:05,485 - 24: 1
2024-06-03 02:40:05,485 - 32: 1
2024-06-03 02:40:05,485 - 0: 1
2024-06-03 02:40:05,485 - 52: 1
2024-06-03 02:40:05,485 - 27: 1
2024-06-03 02:40:05,485 - 26: 1
2024-06-03 02:40:05,485 - 40: 1
2024-06-03 02:40:05,485 - 5: 1
2024-06-03 02:40:05,485 - 41: 1
2024-06-03 02:40:05,486 - 47: 1
2024-06-03 02:40:05,486 - 44: 1
2024-06-03 02:40:05,486 - 12: 1
2024-06-03 02:40:05,486 - 34: 1
2024-06-03 02:40:05,486 - 58: 1
2024-06-03 02:40:05,486 - 6: 1
2024-06-03 02:40:05,486 - 36: 1
2024-06-03 02:40:05,486 - 17: 1
2024-06-03 02:40:05,487 - 46: 1
2024-06-03 02:40:05,487 - 48: 1
2024-06-03 02:40:05,487 - 31: 1
2024-06-03 02:40:05,487 - 28: 1
2024-06-03 02:40:05,487 - 56: 1
2024-06-03 02:40:05,487 - 16: 1
2024-06-03 02:40:05,487 - 13: 1
2024-06-03 02:40:05,487 - 18: 1
2024-06-03 02:40:05,487 - 54: 1
2024-06-03 02:40:05,487 - 2: 1
2024-06-03 02:40:05,488 - 50: 1
2024-06-03 02:40:05,488 - 20: 1
2024-06-03 02:40:05,488 - 51: 1
2024-06-03 02:40:05,488 - 1: 1
2024-06-03 02:40:05,488 - 23: 1
2024-06-03 02:40:05,488 - 57: 1
2024-06-03 02:40:05,488 - 35: 1
2024-06-03 02:40:05,488 - Incorrectly predicted classes:
2024-06-03 02:40:05,488 - 21: 1
2024-06-03 02:40:05,489 - 53: 1
2024-06-03 02:40:05,489 - 9: 1
2024-06-03 02:40:05,489 - 22: 1
2024-06-03 02:40:05,489 - 10: 1
2024-06-03 02:40:05,489 - 30: 1
2024-06-03 02:40:05,489 - 55: 1
2024-06-03 02:40:05,489 - 14: 1
2024-06-03 02:40:05,489 - 33: 1
2024-06-03 02:40:05,489 - 4: 1
2024-06-03 02:40:05,490 - 45: 1
2024-06-03 02:40:05,490 - 7: 1
2024-06-03 02:40:05,490 - 42: 1
2024-06-03 02:40:05,490 - 59: 1
2024-06-03 02:40:05,490 - 38: 1
2024-06-03 02:40:05,490 - 15: 1
