2024-06-02 11:35:22,938 - test_dir : ./Face_Dataset/Test
2024-06-02 11:35:22,938 - pretrained : work_dir/FaceNet_finetuning_Random_Batch_RandReg_60_32/FaceNet_finetuning_Random_Batch_RandReg_60_32_deepfake.pth
2024-06-02 11:35:22,938 - model_name : FaceNet_finetuning_Random_Batch_RandReg
2024-06-02 11:36:17,579 - 0 result:
2024-06-02 11:36:17,580 - Name: 39, Distance: 0.38126665353775024
2024-06-02 11:36:17,580 - Name: 39, Distance: 0.4224034547805786
2024-06-02 11:36:17,580 - Name: 39, Distance: 0.4246763288974762
2024-06-02 11:36:17,580 - Name: 41, Distance: 0.4447537064552307
2024-06-02 11:36:17,580 - Name: 44, Distance: 0.47019287943840027
2024-06-02 11:36:17,637 - 1 result:
2024-06-02 11:36:17,637 - Name: 26, Distance: 0.04601777717471123
2024-06-02 11:36:17,637 - Name: 25, Distance: 0.06772719323635101
2024-06-02 11:36:17,637 - Name: 19, Distance: 0.07527106255292892
2024-06-02 11:36:17,637 - Name: 25, Distance: 0.07626212388277054
2024-06-02 11:36:17,637 - Name: 26, Distance: 0.10179699957370758
2024-06-02 11:36:17,876 - 10 result:
2024-06-02 11:36:17,876 - Name: 17, Distance: 0.06774521619081497
2024-06-02 11:36:17,876 - Name: 5, Distance: 0.10509297996759415
2024-06-02 11:36:17,876 - Name: 22, Distance: 0.13290365040302277
2024-06-02 11:36:17,876 - Name: 22, Distance: 0.1496918946504593
2024-06-02 11:36:17,876 - Name: 14, Distance: 0.15439917147159576
2024-06-02 11:36:18,583 - 11 result:
2024-06-02 11:36:18,583 - Name: 2, Distance: 0.12912975251674652
2024-06-02 11:36:18,583 - Name: 4, Distance: 0.30759763717651367
2024-06-02 11:36:18,583 - Name: 45, Distance: 0.3431260287761688
2024-06-02 11:36:18,583 - Name: 34, Distance: 0.3738698363304138
2024-06-02 11:36:18,583 - Name: 4, Distance: 0.3835587203502655
2024-06-02 11:36:18,817 - 12 result:
2024-06-02 11:36:18,818 - Name: 12, Distance: 0.0942084938287735
2024-06-02 11:36:18,818 - Name: 15, Distance: 0.1278497278690338
2024-06-02 11:36:18,818 - Name: 7, Distance: 0.19937066733837128
2024-06-02 11:36:18,818 - Name: 12, Distance: 0.2590547204017639
2024-06-02 11:36:18,818 - Name: 29, Distance: 0.29835543036460876
2024-06-02 11:36:19,404 - 13 result:
2024-06-02 11:36:19,404 - Name: 13, Distance: 0.0
2024-06-02 11:36:19,404 - Name: 11, Distance: 0.16231682896614075
2024-06-02 11:36:19,404 - Name: 11, Distance: 0.17838551104068756
2024-06-02 11:36:19,404 - Name: 33, Distance: 0.3093129098415375
2024-06-02 11:36:19,404 - Name: 17, Distance: 0.31249523162841797
2024-06-02 11:36:19,483 - 14 result:
2024-06-02 11:36:19,483 - Name: 11, Distance: 0.18752655386924744
2024-06-02 11:36:19,483 - Name: 29, Distance: 0.37902557849884033
2024-06-02 11:36:19,483 - Name: 11, Distance: 0.37949591875076294
2024-06-02 11:36:19,483 - Name: 13, Distance: 0.47373777627944946
2024-06-02 11:36:19,483 - Name: 13, Distance: 0.495773047208786
2024-06-02 11:36:19,532 - 15 result:
2024-06-02 11:36:19,533 - Name: 28, Distance: 0.0276144128292799
2024-06-02 11:36:19,533 - Name: 27, Distance: 0.036811042577028275
2024-06-02 11:36:19,533 - Name: 26, Distance: 0.05552766099572182
2024-06-02 11:36:19,533 - Name: 27, Distance: 0.05772214010357857
2024-06-02 11:36:19,533 - Name: 26, Distance: 0.058269795030355453
2024-06-02 11:36:19,784 - 16 result:
2024-06-02 11:36:19,784 - Name: 15, Distance: 0.08984006196260452
2024-06-02 11:36:19,784 - Name: 7, Distance: 0.14807361364364624
2024-06-02 11:36:19,784 - Name: 12, Distance: 0.15702232718467712
2024-06-02 11:36:19,784 - Name: 27, Distance: 0.19084665179252625
2024-06-02 11:36:19,784 - Name: 29, Distance: 0.2016706019639969
2024-06-02 11:36:20,384 - 17 result:
2024-06-02 11:36:20,385 - Name: 34, Distance: 0.06844080239534378
2024-06-02 11:36:20,385 - Name: 34, Distance: 0.12172018736600876
2024-06-02 11:36:20,385 - Name: 30, Distance: 0.16225241124629974
2024-06-02 11:36:20,385 - Name: 34, Distance: 0.17209790647029877
2024-06-02 11:36:20,385 - Name: 6, Distance: 0.19734598696231842
2024-06-02 11:36:20,440 - 18 result:
2024-06-02 11:36:20,440 - Name: 17, Distance: 0.07312025129795074
2024-06-02 11:36:20,440 - Name: 33, Distance: 0.17611758410930634
2024-06-02 11:36:20,440 - Name: 18, Distance: 0.1968356966972351
2024-06-02 11:36:20,440 - Name: 32, Distance: 0.20376229286193848
2024-06-02 11:36:20,440 - Name: 33, Distance: 0.24901995062828064
2024-06-02 11:36:20,673 - 19 result:
2024-06-02 11:36:20,674 - Name: 2, Distance: 0.19853606820106506
2024-06-02 11:36:20,674 - Name: 30, Distance: 0.393573135137558
2024-06-02 11:36:20,674 - Name: 30, Distance: 0.4685441553592682
2024-06-02 11:36:20,674 - Name: 4, Distance: 0.47502726316452026
2024-06-02 11:36:20,674 - Name: 3, Distance: 0.47592321038246155
2024-06-02 11:36:21,285 - 2 result:
2024-06-02 11:36:21,285 - Name: 59, Distance: 0.40514758229255676
2024-06-02 11:36:21,286 - Name: 59, Distance: 0.4119577407836914
2024-06-02 11:36:21,286 - Name: 40, Distance: 0.42382267117500305
2024-06-02 11:36:21,286 - Name: 59, Distance: 0.4314016103744507
2024-06-02 11:36:21,286 - Name: 44, Distance: 0.4321742355823517
2024-06-02 11:36:21,353 - 20 result:
2024-06-02 11:36:21,353 - Name: 3, Distance: 0.36926570534706116
2024-06-02 11:36:21,353 - Name: 3, Distance: 0.41712823510169983
2024-06-02 11:36:21,353 - Name: 3, Distance: 0.4391838014125824
2024-06-02 11:36:21,353 - Name: 16, Distance: 0.4940291941165924
2024-06-02 11:36:21,353 - Name: 26, Distance: 0.5972083210945129
2024-06-02 11:36:21,568 - 21 result:
2024-06-02 11:36:21,568 - Name: 22, Distance: 0.05141552537679672
2024-06-02 11:36:21,568 - Name: 17, Distance: 0.0533943846821785
2024-06-02 11:36:21,568 - Name: 5, Distance: 0.06224466487765312
2024-06-02 11:36:21,568 - Name: 14, Distance: 0.07530716061592102
2024-06-02 11:36:21,568 - Name: 22, Distance: 0.08168819546699524
2024-06-02 11:36:22,142 - 22 result:
2024-06-02 11:36:22,142 - Name: 17, Distance: 0.04653798043727875
2024-06-02 11:36:22,142 - Name: 32, Distance: 0.23571175336837769
2024-06-02 11:36:22,143 - Name: 33, Distance: 0.23863714933395386
2024-06-02 11:36:22,143 - Name: 18, Distance: 0.24533838033676147
2024-06-02 11:36:22,143 - Name: 33, Distance: 0.2776339054107666
2024-06-02 11:36:22,249 - 23 result:
2024-06-02 11:36:22,249 - Name: 11, Distance: 0.11152800917625427
2024-06-02 11:36:22,249 - Name: 11, Distance: 0.19000662863254547
2024-06-02 11:36:22,249 - Name: 13, Distance: 0.21422842144966125
2024-06-02 11:36:22,249 - Name: 8, Distance: 0.2267097532749176
2024-06-02 11:36:22,250 - Name: 13, Distance: 0.2643705904483795
2024-06-02 11:36:22,303 - 24 result:
2024-06-02 11:36:22,303 - Name: 28, Distance: 0.09549753367900848
2024-06-02 11:36:22,303 - Name: 24, Distance: 0.11345228552818298
2024-06-02 11:36:22,303 - Name: 24, Distance: 0.11360421031713486
2024-06-02 11:36:22,303 - Name: 28, Distance: 0.1416153609752655
2024-06-02 11:36:22,303 - Name: 26, Distance: 0.1455543041229248
2024-06-02 11:36:22,538 - 25 result:
2024-06-02 11:36:22,538 - Name: 8, Distance: 0.2064136266708374
2024-06-02 11:36:22,538 - Name: 11, Distance: 0.24460671842098236
2024-06-02 11:36:22,538 - Name: 13, Distance: 0.24887676537036896
2024-06-02 11:36:22,538 - Name: 6, Distance: 0.2898252308368683
2024-06-02 11:36:22,538 - Name: 6, Distance: 0.29201292991638184
2024-06-02 11:36:23,170 - 26 result:
2024-06-02 11:36:23,170 - Name: 25, Distance: 0.0782097801566124
2024-06-02 11:36:23,170 - Name: 27, Distance: 0.08884791284799576
2024-06-02 11:36:23,170 - Name: 26, Distance: 0.09192096441984177
2024-06-02 11:36:23,170 - Name: 27, Distance: 0.14783698320388794
2024-06-02 11:36:23,170 - Name: 25, Distance: 0.1537075638771057
2024-06-02 11:36:23,225 - 27 result:
2024-06-02 11:36:23,225 - Name: 24, Distance: 0.029191654175519943
2024-06-02 11:36:23,225 - Name: 24, Distance: 0.047906067222356796
2024-06-02 11:36:23,225 - Name: 28, Distance: 0.07899627089500427
2024-06-02 11:36:23,225 - Name: 24, Distance: 0.08435481786727905
2024-06-02 11:36:23,225 - Name: 28, Distance: 0.10414538532495499
2024-06-02 11:36:23,460 - 28 result:
2024-06-02 11:36:23,460 - Name: 15, Distance: 0.04791988059878349
2024-06-02 11:36:23,460 - Name: 7, Distance: 0.10754848271608353
2024-06-02 11:36:23,460 - Name: 12, Distance: 0.14519664645195007
2024-06-02 11:36:23,460 - Name: 12, Distance: 0.17910633981227875
2024-06-02 11:36:23,460 - Name: 29, Distance: 0.22496367990970612
2024-06-02 11:36:24,091 - 29 result:
2024-06-02 11:36:24,092 - Name: 57, Distance: 0.04372255131602287
2024-06-02 11:36:24,092 - Name: 57, Distance: 0.15390050411224365
2024-06-02 11:36:24,092 - Name: 50, Distance: 0.164659321308136
2024-06-02 11:36:24,092 - Name: 21, Distance: 0.16636335849761963
2024-06-02 11:36:24,092 - Name: 21, Distance: 0.19099177420139313
2024-06-02 11:36:24,157 - 3 result:
2024-06-02 11:36:24,157 - Name: 39, Distance: 0.14648869633674622
2024-06-02 11:36:24,157 - Name: 39, Distance: 0.20338240265846252
2024-06-02 11:36:24,157 - Name: 39, Distance: 0.21701766550540924
2024-06-02 11:36:24,157 - Name: 41, Distance: 0.2358938604593277
2024-06-02 11:36:24,157 - Name: 44, Distance: 0.24306879937648773
2024-06-02 11:36:24,387 - 30 result:
2024-06-02 11:36:24,387 - Name: 27, Distance: 0.05184301733970642
2024-06-02 11:36:24,387 - Name: 25, Distance: 0.05847672000527382
2024-06-02 11:36:24,387 - Name: 27, Distance: 0.08277846872806549
2024-06-02 11:36:24,387 - Name: 26, Distance: 0.09749165177345276
2024-06-02 11:36:24,387 - Name: 27, Distance: 0.10548187047243118
2024-06-02 11:36:25,107 - 31 result:
2024-06-02 11:36:25,107 - Name: 10, Distance: 0.056361593306064606
2024-06-02 11:36:25,107 - Name: 10, Distance: 0.05977638065814972
2024-06-02 11:36:25,107 - Name: 10, Distance: 0.18125158548355103
2024-06-02 11:36:25,107 - Name: 31, Distance: 0.25211337208747864
2024-06-02 11:36:25,107 - Name: 43, Distance: 0.2964474856853485
2024-06-02 11:36:25,381 - 32 result:
2024-06-02 11:36:25,381 - Name: 34, Distance: 0.14742422103881836
2024-06-02 11:36:25,381 - Name: 34, Distance: 0.17638351023197174
2024-06-02 11:36:25,381 - Name: 34, Distance: 0.23189951479434967
2024-06-02 11:36:25,381 - Name: 45, Distance: 0.3609594702720642
2024-06-02 11:36:25,381 - Name: 30, Distance: 0.3770289421081543
2024-06-02 11:36:25,984 - 33 result:
2024-06-02 11:36:25,984 - Name: 13, Distance: 0.13910803198814392
2024-06-02 11:36:25,984 - Name: 11, Distance: 0.17736293375492096
2024-06-02 11:36:25,984 - Name: 33, Distance: 0.23423561453819275
2024-06-02 11:36:25,984 - Name: 11, Distance: 0.2612306773662567
2024-06-02 11:36:25,984 - Name: 32, Distance: 0.2909860610961914
2024-06-02 11:36:26,039 - 34 result:
2024-06-02 11:36:26,040 - Name: 13, Distance: 0.20009616017341614
2024-06-02 11:36:26,040 - Name: 8, Distance: 0.231537327170372
2024-06-02 11:36:26,040 - Name: 8, Distance: 0.24442732334136963
2024-06-02 11:36:26,040 - Name: 11, Distance: 0.24744077026844025
2024-06-02 11:36:26,040 - Name: 6, Distance: 0.2750842273235321
2024-06-02 11:36:26,268 - 35 result:
2024-06-02 11:36:26,268 - Name: 36, Distance: 0.03954240307211876
2024-06-02 11:36:26,268 - Name: 46, Distance: 0.06039208546280861
2024-06-02 11:36:26,268 - Name: 40, Distance: 0.0671759694814682
2024-06-02 11:36:26,268 - Name: 53, Distance: 0.06862016767263412
2024-06-02 11:36:26,268 - Name: 59, Distance: 0.0717877745628357
2024-06-02 11:36:26,848 - 36 result:
2024-06-02 11:36:26,849 - Name: 30, Distance: 0.07704472541809082
2024-06-02 11:36:26,849 - Name: 30, Distance: 0.13793276250362396
2024-06-02 11:36:26,849 - Name: 34, Distance: 0.23999318480491638
2024-06-02 11:36:26,849 - Name: 6, Distance: 0.26723429560661316
2024-06-02 11:36:26,849 - Name: 8, Distance: 0.2897799611091614
2024-06-02 11:36:26,950 - 37 result:
2024-06-02 11:36:26,950 - Name: 8, Distance: 0.06286682188510895
2024-06-02 11:36:26,950 - Name: 30, Distance: 0.24130962789058685
2024-06-02 11:36:26,950 - Name: 30, Distance: 0.2567671537399292
2024-06-02 11:36:26,950 - Name: 15, Distance: 0.2581841051578522
2024-06-02 11:36:26,950 - Name: 6, Distance: 0.31154587864875793
2024-06-02 11:36:27,007 - 38 result:
2024-06-02 11:36:27,007 - Name: 14, Distance: 0.042408160865306854
2024-06-02 11:36:27,007 - Name: 14, Distance: 0.0443577840924263
2024-06-02 11:36:27,007 - Name: 22, Distance: 0.10465739667415619
2024-06-02 11:36:27,007 - Name: 5, Distance: 0.11455542594194412
2024-06-02 11:36:27,007 - Name: 5, Distance: 0.11731022596359253
2024-06-02 11:36:27,246 - 39 result:
2024-06-02 11:36:27,246 - Name: 37, Distance: 0.06619703024625778
2024-06-02 11:36:27,247 - Name: 0, Distance: 0.25871482491493225
2024-06-02 11:36:27,247 - Name: 0, Distance: 0.27772414684295654
2024-06-02 11:36:27,247 - Name: 46, Distance: 0.28781747817993164
2024-06-02 11:36:27,247 - Name: 20, Distance: 0.2989804446697235
2024-06-02 11:36:27,853 - 4 result:
2024-06-02 11:36:27,853 - Name: 7, Distance: 0.5324879288673401
2024-06-02 11:36:27,853 - Name: 29, Distance: 0.55032879114151
2024-06-02 11:36:27,853 - Name: 12, Distance: 0.5662659406661987
2024-06-02 11:36:27,853 - Name: 12, Distance: 0.5746508240699768
2024-06-02 11:36:27,853 - Name: 28, Distance: 0.575981080532074
2024-06-02 11:36:27,936 - 40 result:
2024-06-02 11:36:27,936 - Name: 2, Distance: 0.3545098304748535
2024-06-02 11:36:27,936 - Name: 56, Distance: 0.38477495312690735
2024-06-02 11:36:27,936 - Name: 2, Distance: 0.38541653752326965
2024-06-02 11:36:27,936 - Name: 2, Distance: 0.3991547226905823
2024-06-02 11:36:27,936 - Name: 4, Distance: 0.4106154143810272
2024-06-02 11:36:27,991 - 41 result:
2024-06-02 11:36:27,991 - Name: 16, Distance: 0.21139195561408997
2024-06-02 11:36:27,991 - Name: 3, Distance: 0.22011789679527283
2024-06-02 11:36:27,991 - Name: 3, Distance: 0.23587408661842346
2024-06-02 11:36:27,992 - Name: 27, Distance: 0.2682327628135681
2024-06-02 11:36:27,992 - Name: 15, Distance: 0.2991214990615845
2024-06-02 11:36:28,230 - 42 result:
2024-06-02 11:36:28,230 - Name: 39, Distance: 0.22246287763118744
2024-06-02 11:36:28,230 - Name: 39, Distance: 0.24658361077308655
2024-06-02 11:36:28,230 - Name: 39, Distance: 0.24908453226089478
2024-06-02 11:36:28,230 - Name: 41, Distance: 0.268785685300827
2024-06-02 11:36:28,230 - Name: 44, Distance: 0.2894555628299713
2024-06-02 11:36:28,847 - 44 result:
2024-06-02 11:36:28,848 - Name: 58, Distance: 0.05653467774391174
2024-06-02 11:36:28,848 - Name: 53, Distance: 0.06906309723854065
2024-06-02 11:36:28,848 - Name: 58, Distance: 0.0783722773194313
2024-06-02 11:36:28,848 - Name: 40, Distance: 0.08449766039848328
2024-06-02 11:36:28,848 - Name: 40, Distance: 0.08662927895784378
2024-06-02 11:36:28,901 - 45 result:
2024-06-02 11:36:28,902 - Name: 37, Distance: 0.19090905785560608
2024-06-02 11:36:28,902 - Name: 46, Distance: 0.2010931670665741
2024-06-02 11:36:28,902 - Name: 46, Distance: 0.26095494627952576
2024-06-02 11:36:28,902 - Name: 36, Distance: 0.29815801978111267
2024-06-02 11:36:28,902 - Name: 53, Distance: 0.3469547629356384
2024-06-02 11:36:28,953 - 46 result:
2024-06-02 11:36:28,953 - Name: 0, Distance: 0.08142932504415512
2024-06-02 11:36:28,953 - Name: 0, Distance: 0.09456958621740341
2024-06-02 11:36:28,953 - Name: 54, Distance: 0.11681415885686874
2024-06-02 11:36:28,953 - Name: 0, Distance: 0.11789603531360626
2024-06-02 11:36:28,953 - Name: 20, Distance: 0.12300223857164383
2024-06-02 11:36:29,184 - 47 result:
2024-06-02 11:36:29,185 - Name: 41, Distance: 0.040736518800258636
2024-06-02 11:36:29,185 - Name: 44, Distance: 0.041889727115631104
2024-06-02 11:36:29,185 - Name: 39, Distance: 0.06067942455410957
2024-06-02 11:36:29,185 - Name: 41, Distance: 0.061728041619062424
2024-06-02 11:36:29,185 - Name: 39, Distance: 0.07223881036043167
2024-06-02 11:36:29,823 - 48 result:
2024-06-02 11:36:29,823 - Name: 3, Distance: 0.07483730465173721
2024-06-02 11:36:29,824 - Name: 3, Distance: 0.10629165172576904
2024-06-02 11:36:29,824 - Name: 3, Distance: 0.12614627182483673
2024-06-02 11:36:29,824 - Name: 16, Distance: 0.20345519483089447
2024-06-02 11:36:29,824 - Name: 26, Distance: 0.3696695864200592
2024-06-02 11:36:29,879 - 5 result:
2024-06-02 11:36:29,879 - Name: 31, Distance: 0.15769436955451965
2024-06-02 11:36:29,879 - Name: 50, Distance: 0.1660013496875763
2024-06-02 11:36:29,879 - Name: 31, Distance: 0.17029337584972382
2024-06-02 11:36:29,880 - Name: 43, Distance: 0.1816575676202774
2024-06-02 11:36:29,880 - Name: 23, Distance: 0.1865624189376831
2024-06-02 11:36:30,110 - 50 result:
2024-06-02 11:36:30,110 - Name: 11, Distance: 0.26188886165618896
2024-06-02 11:36:30,110 - Name: 11, Distance: 0.3826753795146942
2024-06-02 11:36:30,110 - Name: 29, Distance: 0.45095184445381165
2024-06-02 11:36:30,110 - Name: 13, Distance: 0.4771176874637604
2024-06-02 11:36:30,110 - Name: 11, Distance: 0.5243073105812073
2024-06-02 11:36:30,733 - 51 result:
2024-06-02 11:36:30,733 - Name: 10, Distance: 0.25930631160736084
2024-06-02 11:36:30,733 - Name: 14, Distance: 0.35138794779777527
2024-06-02 11:36:30,733 - Name: 10, Distance: 0.3710232973098755
2024-06-02 11:36:30,733 - Name: 14, Distance: 0.3792836368083954
2024-06-02 11:36:30,733 - Name: 10, Distance: 0.3858012855052948
2024-06-02 11:36:31,119 - 52 result:
2024-06-02 11:36:31,119 - Name: 52, Distance: 0.3072635531425476
2024-06-02 11:36:31,120 - Name: 42, Distance: 0.35939764976501465
2024-06-02 11:36:31,120 - Name: 52, Distance: 0.36401042342185974
2024-06-02 11:36:31,120 - Name: 42, Distance: 0.36417338252067566
2024-06-02 11:36:31,120 - Name: 52, Distance: 0.3733619749546051
2024-06-02 11:36:31,731 - 53 result:
2024-06-02 11:36:31,731 - Name: 58, Distance: 0.03844742104411125
2024-06-02 11:36:31,731 - Name: 40, Distance: 0.044181667268276215
2024-06-02 11:36:31,731 - Name: 40, Distance: 0.04588502272963524
2024-06-02 11:36:31,731 - Name: 58, Distance: 0.053523268550634384
2024-06-02 11:36:31,731 - Name: 53, Distance: 0.059692252427339554
2024-06-02 11:36:31,849 - 54 result:
2024-06-02 11:36:31,850 - Name: 37, Distance: 0.3020372986793518
2024-06-02 11:36:31,850 - Name: 46, Distance: 0.4160163104534149
2024-06-02 11:36:31,850 - Name: 0, Distance: 0.4165412485599518
2024-06-02 11:36:31,850 - Name: 0, Distance: 0.43484699726104736
2024-06-02 11:36:31,850 - Name: 1, Distance: 0.4375625252723694
2024-06-02 11:36:31,906 - 55 result:
2024-06-02 11:36:31,906 - Name: 42, Distance: 0.13361994922161102
2024-06-02 11:36:31,906 - Name: 41, Distance: 0.15655149519443512
2024-06-02 11:36:31,906 - Name: 44, Distance: 0.1612163931131363
2024-06-02 11:36:31,906 - Name: 52, Distance: 0.16413576900959015
2024-06-02 11:36:31,906 - Name: 42, Distance: 0.17665167152881622
2024-06-02 11:36:32,137 - 56 result:
2024-06-02 11:36:32,137 - Name: 53, Distance: 0.24281762540340424
2024-06-02 11:36:32,137 - Name: 36, Distance: 0.25612673163414
2024-06-02 11:36:32,137 - Name: 46, Distance: 0.26244938373565674
2024-06-02 11:36:32,137 - Name: 41, Distance: 0.2642457187175751
2024-06-02 11:36:32,137 - Name: 44, Distance: 0.2682928442955017
2024-06-02 11:36:32,788 - 57 result:
2024-06-02 11:36:32,788 - Name: 10, Distance: 0.3913506865501404
2024-06-02 11:36:32,788 - Name: 10, Distance: 0.39770737290382385
2024-06-02 11:36:32,788 - Name: 10, Distance: 0.4026799499988556
2024-06-02 11:36:32,788 - Name: 31, Distance: 0.5069382190704346
2024-06-02 11:36:32,788 - Name: 14, Distance: 0.5284484624862671
2024-06-02 11:36:32,838 - 58 result:
2024-06-02 11:36:32,838 - Name: 44, Distance: 0.03969256952404976
2024-06-02 11:36:32,838 - Name: 41, Distance: 0.04280003905296326
2024-06-02 11:36:32,838 - Name: 41, Distance: 0.07138095051050186
2024-06-02 11:36:32,838 - Name: 39, Distance: 0.08338183909654617
2024-06-02 11:36:32,838 - Name: 39, Distance: 0.1019100472331047
2024-06-02 11:36:33,070 - 59 result:
2024-06-02 11:36:33,071 - Name: 37, Distance: 0.6279999613761902
2024-06-02 11:36:33,071 - Name: 46, Distance: 0.6599617600440979
2024-06-02 11:36:33,071 - Name: 36, Distance: 0.6792681217193604
2024-06-02 11:36:33,071 - Name: 46, Distance: 0.6959332227706909
2024-06-02 11:36:33,071 - Name: 58, Distance: 0.6961244344711304
2024-06-02 11:36:33,679 - 6 result:
2024-06-02 11:36:33,679 - Name: 3, Distance: 0.22663138806819916
2024-06-02 11:36:33,679 - Name: 3, Distance: 0.2559434473514557
2024-06-02 11:36:33,679 - Name: 16, Distance: 0.27097344398498535
2024-06-02 11:36:33,679 - Name: 30, Distance: 0.2826699912548065
2024-06-02 11:36:33,679 - Name: 3, Distance: 0.29851239919662476
2024-06-02 11:36:33,740 - 7 result:
2024-06-02 11:36:33,740 - Name: 15, Distance: 0.17770349979400635
2024-06-02 11:36:33,741 - Name: 30, Distance: 0.1891191303730011
2024-06-02 11:36:33,741 - Name: 7, Distance: 0.1987563520669937
2024-06-02 11:36:33,741 - Name: 15, Distance: 0.21990393102169037
2024-06-02 11:36:33,741 - Name: 12, Distance: 0.2246847003698349
2024-06-02 11:36:33,999 - 8 result:
2024-06-02 11:36:33,999 - Name: 15, Distance: 0.04710503667593002
2024-06-02 11:36:33,999 - Name: 7, Distance: 0.10432859510183334
2024-06-02 11:36:33,999 - Name: 12, Distance: 0.11520415544509888
2024-06-02 11:36:33,999 - Name: 29, Distance: 0.15595512092113495
2024-06-02 11:36:33,999 - Name: 12, Distance: 0.15696759521961212
2024-06-02 11:36:34,612 - 9 result:
2024-06-02 11:36:34,612 - Name: 8, Distance: 0.16230282187461853
2024-06-02 11:36:34,613 - Name: 15, Distance: 0.2188275307416916
2024-06-02 11:36:34,613 - Name: 29, Distance: 0.2569083869457245
2024-06-02 11:36:34,613 - Name: 15, Distance: 0.27352532744407654
2024-06-02 11:36:34,613 - Name: 13, Distance: 0.3018063008785248
2024-06-02 11:36:34,698 - Total samples: 58
2024-06-02 11:36:34,699 - Correct predictions: 10
2024-06-02 11:36:34,699 - Incorrect predictions: 48
2024-06-02 11:36:34,699 - Accuracy: 17.24%
2024-06-02 11:36:34,699 - Correctly predicted classes:
2024-06-02 11:36:34,699 - 33: 1
2024-06-02 11:36:34,699 - 7: 1
2024-06-02 11:36:34,700 - 31: 1
2024-06-02 11:36:34,700 - 26: 1
2024-06-02 11:36:34,700 - 53: 1
2024-06-02 11:36:34,700 - 52: 1
2024-06-02 11:36:34,700 - 24: 1
2024-06-02 11:36:34,700 - 18: 1
2024-06-02 11:36:34,700 - 13: 1
2024-06-02 11:36:34,700 - 12: 1
2024-06-02 11:36:34,700 - Incorrectly predicted classes:
2024-06-02 11:36:34,701 - 39: 1
2024-06-02 11:36:34,701 - 46: 1
2024-06-02 11:36:34,701 - 42: 1
2024-06-02 11:36:34,701 - 51: 1
2024-06-02 11:36:34,701 - 58: 1
2024-06-02 11:36:34,701 - 36: 1
2024-06-02 11:36:34,701 - 25: 1
2024-06-02 11:36:34,701 - 50: 1
2024-06-02 11:36:34,701 - 54: 1
2024-06-02 11:36:34,702 - 6: 1
2024-06-02 11:36:34,702 - 56: 1
2024-06-02 11:36:34,702 - 21: 1
2024-06-02 11:36:34,702 - 38: 1
2024-06-02 11:36:34,702 - 45: 1
2024-06-02 11:36:34,702 - 10: 1
2024-06-02 11:36:34,702 - 15: 1
2024-06-02 11:36:34,702 - 47: 1
2024-06-02 11:36:34,702 - 22: 1
2024-06-02 11:36:34,703 - 23: 1
2024-06-02 11:36:34,703 - 3: 1
2024-06-02 11:36:34,703 - 11: 1
2024-06-02 11:36:34,703 - 55: 1
2024-06-02 11:36:34,703 - 32: 1
2024-06-02 11:36:34,703 - 57: 1
2024-06-02 11:36:34,703 - 2: 1
2024-06-02 11:36:34,703 - 40: 1
2024-06-02 11:36:34,703 - 27: 1
2024-06-02 11:36:34,704 - 34: 1
2024-06-02 11:36:34,704 - 9: 1
2024-06-02 11:36:34,704 - 19: 1
2024-06-02 11:36:34,704 - 59: 1
2024-06-02 11:36:34,704 - 29: 1
2024-06-02 11:36:34,704 - 44: 1
2024-06-02 11:36:34,704 - 28: 1
2024-06-02 11:36:34,704 - 20: 1
2024-06-02 11:36:34,704 - 16: 1
2024-06-02 11:36:34,705 - 14: 1
2024-06-02 11:36:34,705 - 8: 1
2024-06-02 11:36:34,705 - 41: 1
2024-06-02 11:36:34,705 - 5: 1
2024-06-02 11:36:34,705 - 4: 1
2024-06-02 11:36:34,705 - 0: 1
2024-06-02 11:36:34,705 - 35: 1
2024-06-02 11:36:34,705 - 37: 1
2024-06-02 11:36:34,705 - 17: 1
2024-06-02 11:36:34,706 - 30: 1
2024-06-02 11:36:34,706 - 48: 1
2024-06-02 11:36:34,706 - 1: 1
