2024-06-03 00:37:49,756 - test_dir : ./Face_Dataset/Test
2024-06-03 00:37:49,756 - pretrained : work_dir/FaceNet_finetuning_Random_Batch_FNP_CE_Fusion_90_32/FaceNet_finetuning_Random_Batch_FNP_CE_Fusion_90_32_deepfake.pth
2024-06-03 00:37:49,756 - model_name : FaceNet_finetuning_Random_Batch_FNP_CE_Fusion
2024-06-03 00:38:41,949 - 0 result:
2024-06-03 00:38:41,949 - Name: 50, Distance: 0.10479924827814102
2024-06-03 00:38:41,949 - Name: 42, Distance: 0.17909260094165802
2024-06-03 00:38:41,949 - Name: 48, Distance: 0.25392359495162964
2024-06-03 00:38:41,950 - Name: 11, Distance: 0.27615290880203247
2024-06-03 00:38:41,950 - Name: 23, Distance: 0.33827441930770874
2024-06-03 00:38:42,558 - 1 result:
2024-06-03 00:38:42,559 - Name: 35, Distance: 0.40689411759376526
2024-06-03 00:38:42,559 - Name: 9, Distance: 0.5352842211723328
2024-06-03 00:38:42,559 - Name: 18, Distance: 0.5364641547203064
2024-06-03 00:38:42,559 - Name: 1, Distance: 0.548024594783783
2024-06-03 00:38:42,559 - Name: 55, Distance: 0.6394715905189514
2024-06-03 00:38:42,609 - 10 result:
2024-06-03 00:38:42,609 - Name: 17, Distance: 0.4534180760383606
2024-06-03 00:38:42,609 - Name: 10, Distance: 0.4855084717273712
2024-06-03 00:38:42,609 - Name: 34, Distance: 0.5097206234931946
2024-06-03 00:38:42,609 - Name: 51, Distance: 0.5131828188896179
2024-06-03 00:38:42,609 - Name: 26, Distance: 0.521411657333374
2024-06-03 00:38:42,661 - 11 result:
2024-06-03 00:38:42,662 - Name: 51, Distance: 0.4858400523662567
2024-06-03 00:38:42,662 - Name: 18, Distance: 0.5598910450935364
2024-06-03 00:38:42,662 - Name: 51, Distance: 0.6153561472892761
2024-06-03 00:38:42,662 - Name: 40, Distance: 0.6462174654006958
2024-06-03 00:38:42,662 - Name: 9, Distance: 0.6636922955513
2024-06-03 00:38:42,893 - 12 result:
2024-06-03 00:38:42,893 - Name: 18, Distance: 0.3197486698627472
2024-06-03 00:38:42,893 - Name: 2, Distance: 0.32006075978279114
2024-06-03 00:38:42,893 - Name: 5, Distance: 0.3379128873348236
2024-06-03 00:38:42,893 - Name: 14, Distance: 0.34976038336753845
2024-06-03 00:38:42,893 - Name: 31, Distance: 0.3592424988746643
2024-06-03 00:38:43,502 - 13 result:
2024-06-03 00:38:43,502 - Name: 13, Distance: 0.0
2024-06-03 00:38:43,502 - Name: 47, Distance: 0.27734696865081787
2024-06-03 00:38:43,502 - Name: 21, Distance: 0.30740946531295776
2024-06-03 00:38:43,502 - Name: 21, Distance: 0.33989858627319336
2024-06-03 00:38:43,502 - Name: 32, Distance: 0.3477628827095032
2024-06-03 00:38:43,555 - 14 result:
2024-06-03 00:38:43,555 - Name: 21, Distance: 0.341886967420578
2024-06-03 00:38:43,555 - Name: 0, Distance: 0.39073625206947327
2024-06-03 00:38:43,555 - Name: 29, Distance: 0.3919648826122284
2024-06-03 00:38:43,555 - Name: 48, Distance: 0.39884379506111145
2024-06-03 00:38:43,555 - Name: 36, Distance: 0.40487751364707947
2024-06-03 00:38:43,605 - 15 result:
2024-06-03 00:38:43,605 - Name: 15, Distance: 0.44072815775871277
2024-06-03 00:38:43,605 - Name: 33, Distance: 0.4434821605682373
2024-06-03 00:38:43,606 - Name: 22, Distance: 0.4508366584777832
2024-06-03 00:38:43,606 - Name: 51, Distance: 0.451051265001297
2024-06-03 00:38:43,606 - Name: 31, Distance: 0.5265082716941833
2024-06-03 00:38:43,854 - 16 result:
2024-06-03 00:38:43,854 - Name: 19, Distance: 0.4678255319595337
2024-06-03 00:38:43,854 - Name: 6, Distance: 0.6797560453414917
2024-06-03 00:38:43,854 - Name: 37, Distance: 0.6850606203079224
2024-06-03 00:38:43,854 - Name: 52, Distance: 0.7020936012268066
2024-06-03 00:38:43,854 - Name: 6, Distance: 0.7266738414764404
2024-06-03 00:38:44,433 - 17 result:
2024-06-03 00:38:44,434 - Name: 0, Distance: 0.24378742277622223
2024-06-03 00:38:44,434 - Name: 32, Distance: 0.24411220848560333
2024-06-03 00:38:44,434 - Name: 15, Distance: 0.2578836977481842
2024-06-03 00:38:44,434 - Name: 58, Distance: 0.2712043821811676
2024-06-03 00:38:44,434 - Name: 58, Distance: 0.3675905466079712
2024-06-03 00:38:44,510 - 18 result:
2024-06-03 00:38:44,510 - Name: 26, Distance: 0.3736635148525238
2024-06-03 00:38:44,510 - Name: 27, Distance: 0.3748897612094879
2024-06-03 00:38:44,510 - Name: 50, Distance: 0.5258703827857971
2024-06-03 00:38:44,511 - Name: 24, Distance: 0.5391392707824707
2024-06-03 00:38:44,511 - Name: 6, Distance: 0.6219758987426758
2024-06-03 00:38:44,566 - 19 result:
2024-06-03 00:38:44,566 - Name: 19, Distance: 0.39868447184562683
2024-06-03 00:38:44,566 - Name: 52, Distance: 0.4661954641342163
2024-06-03 00:38:44,566 - Name: 6, Distance: 0.5856853127479553
2024-06-03 00:38:44,567 - Name: 6, Distance: 0.5883318185806274
2024-06-03 00:38:44,567 - Name: 54, Distance: 0.5965405702590942
2024-06-03 00:38:44,800 - 2 result:
2024-06-03 00:38:44,800 - Name: 29, Distance: 0.47555917501449585
2024-06-03 00:38:44,800 - Name: 8, Distance: 0.5033718347549438
2024-06-03 00:38:44,800 - Name: 33, Distance: 0.5062037110328674
2024-06-03 00:38:44,800 - Name: 47, Distance: 0.5173686742782593
2024-06-03 00:38:44,800 - Name: 25, Distance: 0.5177457332611084
2024-06-03 00:38:45,402 - 20 result:
2024-06-03 00:38:45,402 - Name: 22, Distance: 0.3729550242424011
2024-06-03 00:38:45,402 - Name: 0, Distance: 0.45961838960647583
2024-06-03 00:38:45,402 - Name: 1, Distance: 0.5069059133529663
2024-06-03 00:38:45,402 - Name: 56, Distance: 0.5483015775680542
2024-06-03 00:38:45,402 - Name: 18, Distance: 0.6222594976425171
2024-06-03 00:38:45,465 - 21 result:
2024-06-03 00:38:45,465 - Name: 10, Distance: 0.31048116087913513
2024-06-03 00:38:45,465 - Name: 5, Distance: 0.38087576627731323
2024-06-03 00:38:45,465 - Name: 23, Distance: 0.3979167640209198
2024-06-03 00:38:45,465 - Name: 51, Distance: 0.4072723388671875
2024-06-03 00:38:45,465 - Name: 17, Distance: 0.41116130352020264
2024-06-03 00:38:45,519 - 22 result:
2024-06-03 00:38:45,519 - Name: 27, Distance: 0.4425729811191559
2024-06-03 00:38:45,519 - Name: 50, Distance: 0.45720160007476807
2024-06-03 00:38:45,519 - Name: 26, Distance: 0.46394461393356323
2024-06-03 00:38:45,519 - Name: 7, Distance: 0.5029563307762146
2024-06-03 00:38:45,520 - Name: 12, Distance: 0.6477310061454773
2024-06-03 00:38:45,754 - 23 result:
2024-06-03 00:38:45,754 - Name: 20, Distance: 0.48917528986930847
2024-06-03 00:38:45,754 - Name: 11, Distance: 0.628398597240448
2024-06-03 00:38:45,754 - Name: 28, Distance: 0.6425974369049072
2024-06-03 00:38:45,754 - Name: 46, Distance: 0.6652461886405945
2024-06-03 00:38:45,754 - Name: 7, Distance: 0.6772986054420471
2024-06-03 00:38:46,345 - 24 result:
2024-06-03 00:38:46,346 - Name: 28, Distance: 0.2859106957912445
2024-06-03 00:38:46,346 - Name: 3, Distance: 0.3047081232070923
2024-06-03 00:38:46,346 - Name: 26, Distance: 0.31726396083831787
2024-06-03 00:38:46,346 - Name: 25, Distance: 0.32050639390945435
2024-06-03 00:38:46,346 - Name: 25, Distance: 0.3280532956123352
2024-06-03 00:38:46,418 - 25 result:
2024-06-03 00:38:46,418 - Name: 19, Distance: 0.48853451013565063
2024-06-03 00:38:46,418 - Name: 41, Distance: 0.4981730878353119
2024-06-03 00:38:46,418 - Name: 27, Distance: 0.5655695199966431
2024-06-03 00:38:46,418 - Name: 24, Distance: 0.5847839117050171
2024-06-03 00:38:46,418 - Name: 6, Distance: 0.5923658609390259
2024-06-03 00:38:46,475 - 26 result:
2024-06-03 00:38:46,475 - Name: 41, Distance: 0.4963078498840332
2024-06-03 00:38:46,475 - Name: 39, Distance: 0.521495521068573
2024-06-03 00:38:46,475 - Name: 19, Distance: 0.5416525602340698
2024-06-03 00:38:46,475 - Name: 30, Distance: 0.586464524269104
2024-06-03 00:38:46,475 - Name: 24, Distance: 0.5943098664283752
2024-06-03 00:38:46,713 - 27 result:
2024-06-03 00:38:46,713 - Name: 46, Distance: 0.48078879714012146
2024-06-03 00:38:46,713 - Name: 55, Distance: 0.5143580436706543
2024-06-03 00:38:46,713 - Name: 31, Distance: 0.5288090109825134
2024-06-03 00:38:46,713 - Name: 36, Distance: 0.5768386721611023
2024-06-03 00:38:46,714 - Name: 12, Distance: 0.5967291593551636
2024-06-03 00:38:47,295 - 28 result:
2024-06-03 00:38:47,295 - Name: 15, Distance: 0.4829980731010437
2024-06-03 00:38:47,295 - Name: 58, Distance: 0.48929303884506226
2024-06-03 00:38:47,295 - Name: 19, Distance: 0.5203765630722046
2024-06-03 00:38:47,296 - Name: 32, Distance: 0.5210028290748596
2024-06-03 00:38:47,296 - Name: 0, Distance: 0.534210741519928
2024-06-03 00:38:47,391 - 29 result:
2024-06-03 00:38:47,391 - Name: 5, Distance: 0.24168628454208374
2024-06-03 00:38:47,391 - Name: 25, Distance: 0.2720559239387512
2024-06-03 00:38:47,391 - Name: 27, Distance: 0.29242196679115295
2024-06-03 00:38:47,391 - Name: 38, Distance: 0.30006474256515503
2024-06-03 00:38:47,391 - Name: 26, Distance: 0.3079177737236023
2024-06-03 00:38:47,446 - 3 result:
2024-06-03 00:38:47,446 - Name: 42, Distance: 0.3010159432888031
2024-06-03 00:38:47,446 - Name: 5, Distance: 0.3611695170402527
2024-06-03 00:38:47,446 - Name: 18, Distance: 0.3766786754131317
2024-06-03 00:38:47,446 - Name: 14, Distance: 0.40527600049972534
2024-06-03 00:38:47,446 - Name: 23, Distance: 0.41141748428344727
2024-06-03 00:38:47,687 - 30 result:
2024-06-03 00:38:47,687 - Name: 16, Distance: 0.13608719408512115
2024-06-03 00:38:47,687 - Name: 48, Distance: 0.13673709332942963
2024-06-03 00:38:47,687 - Name: 20, Distance: 0.14061442017555237
2024-06-03 00:38:47,687 - Name: 23, Distance: 0.1658068746328354
2024-06-03 00:38:47,688 - Name: 36, Distance: 0.18952038884162903
2024-06-03 00:38:48,301 - 31 result:
2024-06-03 00:38:48,302 - Name: 29, Distance: 0.7953621745109558
2024-06-03 00:38:48,302 - Name: 43, Distance: 0.8596813678741455
2024-06-03 00:38:48,302 - Name: 31, Distance: 0.8700543642044067
2024-06-03 00:38:48,302 - Name: 2, Distance: 0.8734889030456543
2024-06-03 00:38:48,302 - Name: 51, Distance: 0.9205500483512878
2024-06-03 00:38:48,357 - 32 result:
2024-06-03 00:38:48,357 - Name: 42, Distance: 0.30526334047317505
2024-06-03 00:38:48,357 - Name: 14, Distance: 0.32375770807266235
2024-06-03 00:38:48,357 - Name: 46, Distance: 0.3405994772911072
2024-06-03 00:38:48,357 - Name: 2, Distance: 0.3964154124259949
2024-06-03 00:38:48,357 - Name: 56, Distance: 0.4034803807735443
2024-06-03 00:38:48,410 - 33 result:
2024-06-03 00:38:48,410 - Name: 15, Distance: 0.34906435012817383
2024-06-03 00:38:48,410 - Name: 21, Distance: 0.36522728204727173
2024-06-03 00:38:48,410 - Name: 32, Distance: 0.3823520541191101
2024-06-03 00:38:48,411 - Name: 0, Distance: 0.38820523023605347
2024-06-03 00:38:48,411 - Name: 13, Distance: 0.39358803629875183
2024-06-03 00:38:48,638 - 34 result:
2024-06-03 00:38:48,639 - Name: 19, Distance: 0.19595330953598022
2024-06-03 00:38:48,639 - Name: 32, Distance: 0.22818376123905182
2024-06-03 00:38:48,639 - Name: 29, Distance: 0.2336777299642563
2024-06-03 00:38:48,639 - Name: 20, Distance: 0.2389446198940277
2024-06-03 00:38:48,639 - Name: 54, Distance: 0.2400370091199875
2024-06-03 00:38:49,242 - 35 result:
2024-06-03 00:38:49,242 - Name: 1, Distance: 0.4061492681503296
2024-06-03 00:38:49,242 - Name: 0, Distance: 0.41034066677093506
2024-06-03 00:38:49,242 - Name: 56, Distance: 0.48437777161598206
2024-06-03 00:38:49,242 - Name: 22, Distance: 0.5070427060127258
2024-06-03 00:38:49,242 - Name: 35, Distance: 0.5335202217102051
2024-06-03 00:38:49,299 - 36 result:
2024-06-03 00:38:49,299 - Name: 5, Distance: 0.5750566720962524
2024-06-03 00:38:49,299 - Name: 39, Distance: 0.6875348091125488
2024-06-03 00:38:49,299 - Name: 47, Distance: 0.7132081985473633
2024-06-03 00:38:49,299 - Name: 28, Distance: 0.7515985369682312
2024-06-03 00:38:49,299 - Name: 33, Distance: 0.7937334775924683
2024-06-03 00:38:49,530 - 37 result:
2024-06-03 00:38:49,531 - Name: 26, Distance: 0.20389944314956665
2024-06-03 00:38:49,531 - Name: 25, Distance: 0.21637289226055145
2024-06-03 00:38:49,531 - Name: 42, Distance: 0.22239956259727478
2024-06-03 00:38:49,531 - Name: 13, Distance: 0.2655704915523529
2024-06-03 00:38:49,531 - Name: 27, Distance: 0.28476858139038086
2024-06-03 00:38:50,099 - 38 result:
2024-06-03 00:38:50,099 - Name: 55, Distance: 0.4496431350708008
2024-06-03 00:38:50,099 - Name: 32, Distance: 0.6054807901382446
2024-06-03 00:38:50,099 - Name: 35, Distance: 0.6700983047485352
2024-06-03 00:38:50,099 - Name: 58, Distance: 0.7066517472267151
2024-06-03 00:38:50,100 - Name: 36, Distance: 0.7679740786552429
2024-06-03 00:38:50,213 - 39 result:
2024-06-03 00:38:50,213 - Name: 59, Distance: 0.3021226227283478
2024-06-03 00:38:50,213 - Name: 19, Distance: 0.39647501707077026
2024-06-03 00:38:50,213 - Name: 59, Distance: 0.45356476306915283
2024-06-03 00:38:50,213 - Name: 54, Distance: 0.46182116866111755
2024-06-03 00:38:50,213 - Name: 36, Distance: 0.5030061602592468
2024-06-03 00:38:50,270 - 4 result:
2024-06-03 00:38:50,270 - Name: 31, Distance: 0.7582679390907288
2024-06-03 00:38:50,270 - Name: 9, Distance: 0.7780506610870361
2024-06-03 00:38:50,270 - Name: 58, Distance: 0.8056638240814209
2024-06-03 00:38:50,270 - Name: 11, Distance: 0.8362426161766052
2024-06-03 00:38:50,270 - Name: 55, Distance: 0.8364341855049133
2024-06-03 00:38:50,517 - 40 result:
2024-06-03 00:38:50,517 - Name: 1, Distance: 0.5906372666358948
2024-06-03 00:38:50,517 - Name: 55, Distance: 0.6415616273880005
2024-06-03 00:38:50,518 - Name: 46, Distance: 0.6615137457847595
2024-06-03 00:38:50,518 - Name: 31, Distance: 0.6903168559074402
2024-06-03 00:38:50,518 - Name: 8, Distance: 0.7027480006217957
2024-06-03 00:38:51,129 - 41 result:
2024-06-03 00:38:51,129 - Name: 48, Distance: 0.12788215279579163
2024-06-03 00:38:51,129 - Name: 20, Distance: 0.1323951780796051
2024-06-03 00:38:51,129 - Name: 16, Distance: 0.1555677354335785
2024-06-03 00:38:51,130 - Name: 36, Distance: 0.165490061044693
2024-06-03 00:38:51,130 - Name: 23, Distance: 0.16646316647529602
2024-06-03 00:38:51,181 - 42 result:
2024-06-03 00:38:51,181 - Name: 1, Distance: 0.5906185507774353
2024-06-03 00:38:51,181 - Name: 40, Distance: 0.609875500202179
2024-06-03 00:38:51,181 - Name: 35, Distance: 0.6329820156097412
2024-06-03 00:38:51,181 - Name: 55, Distance: 0.6364203095436096
2024-06-03 00:38:51,181 - Name: 2, Distance: 0.6434595584869385
2024-06-03 00:38:51,238 - 44 result:
2024-06-03 00:38:51,238 - Name: 42, Distance: 0.24651210010051727
2024-06-03 00:38:51,239 - Name: 50, Distance: 0.27253052592277527
2024-06-03 00:38:51,239 - Name: 11, Distance: 0.27836111187934875
2024-06-03 00:38:51,239 - Name: 59, Distance: 0.32974350452423096
2024-06-03 00:38:51,239 - Name: 48, Distance: 0.33475813269615173
2024-06-03 00:38:51,482 - 45 result:
2024-06-03 00:38:51,483 - Name: 27, Distance: 0.14856143295764923
2024-06-03 00:38:51,483 - Name: 44, Distance: 0.1572999656200409
2024-06-03 00:38:51,483 - Name: 16, Distance: 0.17041748762130737
2024-06-03 00:38:51,483 - Name: 6, Distance: 0.17236466705799103
2024-06-03 00:38:51,483 - Name: 26, Distance: 0.22512872517108917
2024-06-03 00:38:52,084 - 46 result:
2024-06-03 00:38:52,084 - Name: 56, Distance: 0.09112365543842316
2024-06-03 00:38:52,084 - Name: 23, Distance: 0.2073502540588379
2024-06-03 00:38:52,084 - Name: 14, Distance: 0.2903364300727844
2024-06-03 00:38:52,084 - Name: 5, Distance: 0.2924455404281616
2024-06-03 00:38:52,084 - Name: 42, Distance: 0.3002897799015045
2024-06-03 00:38:52,145 - 47 result:
2024-06-03 00:38:52,145 - Name: 1, Distance: 0.4121793210506439
2024-06-03 00:38:52,145 - Name: 35, Distance: 0.41913747787475586
2024-06-03 00:38:52,146 - Name: 0, Distance: 0.42957931756973267
2024-06-03 00:38:52,146 - Name: 56, Distance: 0.48996514081954956
2024-06-03 00:38:52,146 - Name: 4, Distance: 0.4950498342514038
2024-06-03 00:38:52,199 - 48 result:
2024-06-03 00:38:52,199 - Name: 36, Distance: 0.129940927028656
2024-06-03 00:38:52,200 - Name: 54, Distance: 0.13447056710720062
2024-06-03 00:38:52,200 - Name: 20, Distance: 0.14852702617645264
2024-06-03 00:38:52,200 - Name: 59, Distance: 0.16048632562160492
2024-06-03 00:38:52,200 - Name: 19, Distance: 0.16652481257915497
2024-06-03 00:38:52,437 - 5 result:
2024-06-03 00:38:52,437 - Name: 50, Distance: 0.409383624792099
2024-06-03 00:38:52,437 - Name: 12, Distance: 0.45443880558013916
2024-06-03 00:38:52,437 - Name: 27, Distance: 0.4563259482383728
2024-06-03 00:38:52,438 - Name: 7, Distance: 0.4934132397174835
2024-06-03 00:38:52,438 - Name: 41, Distance: 0.5171113014221191
2024-06-03 00:38:52,977 - 50 result:
2024-06-03 00:38:52,978 - Name: 42, Distance: 0.29924559593200684
2024-06-03 00:38:52,978 - Name: 50, Distance: 0.3358144164085388
2024-06-03 00:38:52,978 - Name: 58, Distance: 0.5047653913497925
2024-06-03 00:38:52,978 - Name: 11, Distance: 0.5096673965454102
2024-06-03 00:38:52,978 - Name: 48, Distance: 0.5238918662071228
2024-06-03 00:38:53,092 - 51 result:
2024-06-03 00:38:53,092 - Name: 43, Distance: 0.32316941022872925
2024-06-03 00:38:53,092 - Name: 13, Distance: 0.450102835893631
2024-06-03 00:38:53,092 - Name: 21, Distance: 0.4688630998134613
2024-06-03 00:38:53,092 - Name: 29, Distance: 0.49006837606430054
2024-06-03 00:38:53,092 - Name: 36, Distance: 0.5100964307785034
2024-06-03 00:38:53,147 - 52 result:
2024-06-03 00:38:53,147 - Name: 15, Distance: 0.32090920209884644
2024-06-03 00:38:53,147 - Name: 32, Distance: 0.37304672598838806
2024-06-03 00:38:53,147 - Name: 58, Distance: 0.38166818022727966
2024-06-03 00:38:53,147 - Name: 21, Distance: 0.41145986318588257
2024-06-03 00:38:53,147 - Name: 19, Distance: 0.43531858921051025
2024-06-03 00:38:53,378 - 53 result:
2024-06-03 00:38:53,379 - Name: 56, Distance: 0.32731860876083374
2024-06-03 00:38:53,379 - Name: 0, Distance: 0.3548644781112671
2024-06-03 00:38:53,379 - Name: 22, Distance: 0.40889763832092285
2024-06-03 00:38:53,379 - Name: 1, Distance: 0.5089253783226013
2024-06-03 00:38:53,379 - Name: 35, Distance: 0.5205405354499817
2024-06-03 00:38:53,972 - 54 result:
2024-06-03 00:38:53,972 - Name: 19, Distance: 0.1919567734003067
2024-06-03 00:38:53,972 - Name: 54, Distance: 0.2024744749069214
2024-06-03 00:38:53,972 - Name: 29, Distance: 0.20415098965168
2024-06-03 00:38:53,972 - Name: 36, Distance: 0.2313317060470581
2024-06-03 00:38:53,972 - Name: 20, Distance: 0.24496932327747345
2024-06-03 00:38:54,063 - 55 result:
2024-06-03 00:38:54,063 - Name: 1, Distance: 0.4026928246021271
2024-06-03 00:38:54,063 - Name: 56, Distance: 0.40463560819625854
2024-06-03 00:38:54,063 - Name: 22, Distance: 0.43879956007003784
2024-06-03 00:38:54,063 - Name: 35, Distance: 0.45643091201782227
2024-06-03 00:38:54,063 - Name: 0, Distance: 0.4566703140735626
2024-06-03 00:38:54,120 - 56 result:
2024-06-03 00:38:54,121 - Name: 59, Distance: 0.19751019775867462
2024-06-03 00:38:54,121 - Name: 25, Distance: 0.2115594744682312
2024-06-03 00:38:54,121 - Name: 35, Distance: 0.2244616001844406
2024-06-03 00:38:54,121 - Name: 17, Distance: 0.25337162613868713
2024-06-03 00:38:54,121 - Name: 6, Distance: 0.263737291097641
2024-06-03 00:38:54,355 - 57 result:
2024-06-03 00:38:54,355 - Name: 18, Distance: 0.3650210201740265
2024-06-03 00:38:54,355 - Name: 32, Distance: 0.3650681972503662
2024-06-03 00:38:54,356 - Name: 22, Distance: 0.4001289904117584
2024-06-03 00:38:54,356 - Name: 31, Distance: 0.40933507680892944
2024-06-03 00:38:54,356 - Name: 37, Distance: 0.4199952781200409
2024-06-03 00:38:54,959 - 58 result:
2024-06-03 00:38:54,959 - Name: 55, Distance: 0.49226686358451843
2024-06-03 00:38:54,959 - Name: 41, Distance: 0.5903007984161377
2024-06-03 00:38:54,959 - Name: 35, Distance: 0.6182995438575745
2024-06-03 00:38:54,960 - Name: 3, Distance: 0.6335623264312744
2024-06-03 00:38:54,960 - Name: 53, Distance: 0.636315643787384
2024-06-03 00:38:55,025 - 59 result:
2024-06-03 00:38:55,025 - Name: 46, Distance: 0.5113082528114319
2024-06-03 00:38:55,025 - Name: 31, Distance: 0.5731470584869385
2024-06-03 00:38:55,025 - Name: 20, Distance: 0.5767902731895447
2024-06-03 00:38:55,025 - Name: 12, Distance: 0.63411545753479
2024-06-03 00:38:55,025 - Name: 52, Distance: 0.6376080513000488
2024-06-03 00:38:55,080 - 6 result:
2024-06-03 00:38:55,080 - Name: 28, Distance: 0.5413888692855835
2024-06-03 00:38:55,080 - Name: 39, Distance: 0.6281086802482605
2024-06-03 00:38:55,081 - Name: 13, Distance: 0.65537428855896
2024-06-03 00:38:55,081 - Name: 46, Distance: 0.6896467208862305
2024-06-03 00:38:55,081 - Name: 47, Distance: 0.701134204864502
2024-06-03 00:38:55,324 - 7 result:
2024-06-03 00:38:55,324 - Name: 18, Distance: 0.4358365833759308
2024-06-03 00:38:55,324 - Name: 9, Distance: 0.5370379686355591
2024-06-03 00:38:55,324 - Name: 51, Distance: 0.5423455834388733
2024-06-03 00:38:55,324 - Name: 40, Distance: 0.6229667067527771
2024-06-03 00:38:55,324 - Name: 51, Distance: 0.6641886830329895
2024-06-03 00:38:55,927 - 8 result:
2024-06-03 00:38:55,928 - Name: 1, Distance: 0.49064162373542786
2024-06-03 00:38:55,928 - Name: 5, Distance: 0.49271920323371887
2024-06-03 00:38:55,928 - Name: 2, Distance: 0.5105587840080261
2024-06-03 00:38:55,928 - Name: 56, Distance: 0.5951092839241028
2024-06-03 00:38:55,928 - Name: 35, Distance: 0.6112984418869019
2024-06-03 00:38:55,984 - 9 result:
2024-06-03 00:38:55,984 - Name: 47, Distance: 0.2099115550518036
2024-06-03 00:38:55,984 - Name: 21, Distance: 0.2721432149410248
2024-06-03 00:38:55,984 - Name: 13, Distance: 0.2727176547050476
2024-06-03 00:38:55,984 - Name: 32, Distance: 0.29796648025512695
2024-06-03 00:38:55,984 - Name: 0, Distance: 0.3692476153373718
2024-06-03 00:38:56,086 - Total samples: 58
2024-06-03 00:38:56,086 - Correct predictions: 9
2024-06-03 00:38:56,086 - Incorrect predictions: 49
2024-06-03 00:38:56,086 - Accuracy: 15.52%
2024-06-03 00:38:56,086 - Correctly predicted classes:
2024-06-03 00:38:56,086 - 35: 1
2024-06-03 00:38:56,086 - 54: 1
2024-06-03 00:38:56,087 - 31: 1
2024-06-03 00:38:56,087 - 13: 1
2024-06-03 00:38:56,087 - 19: 1
2024-06-03 00:38:56,087 - 50: 1
2024-06-03 00:38:56,087 - 15: 1
2024-06-03 00:38:56,087 - 1: 1
2024-06-03 00:38:56,087 - 10: 1
2024-06-03 00:38:56,087 - Incorrectly predicted classes:
2024-06-03 00:38:56,087 - 9: 1
2024-06-03 00:38:56,088 - 39: 1
2024-06-03 00:38:56,088 - 36: 1
2024-06-03 00:38:56,088 - 2: 1
2024-06-03 00:38:56,088 - 45: 1
2024-06-03 00:38:56,088 - 6: 1
2024-06-03 00:38:56,088 - 32: 1
2024-06-03 00:38:56,088 - 46: 1
2024-06-03 00:38:56,088 - 16: 1
2024-06-03 00:38:56,088 - 52: 1
2024-06-03 00:38:56,089 - 3: 1
2024-06-03 00:38:56,089 - 12: 1
2024-06-03 00:38:56,089 - 48: 1
2024-06-03 00:38:56,089 - 59: 1
2024-06-03 00:38:56,089 - 58: 1
2024-06-03 00:38:56,089 - 44: 1
2024-06-03 00:38:56,089 - 47: 1
2024-06-03 00:38:56,089 - 26: 1
2024-06-03 00:38:56,089 - 7: 1
2024-06-03 00:38:56,090 - 30: 1
2024-06-03 00:38:56,090 - 5: 1
2024-06-03 00:38:56,090 - 17: 1
2024-06-03 00:38:56,090 - 38: 1
2024-06-03 00:38:56,090 - 4: 1
2024-06-03 00:38:56,090 - 57: 1
2024-06-03 00:38:56,090 - 14: 1
2024-06-03 00:38:56,090 - 55: 1
2024-06-03 00:38:56,090 - 18: 1
2024-06-03 00:38:56,091 - 33: 1
2024-06-03 00:38:56,091 - 11: 1
2024-06-03 00:38:56,091 - 42: 1
2024-06-03 00:38:56,091 - 21: 1
2024-06-03 00:38:56,091 - 56: 1
2024-06-03 00:38:56,091 - 8: 1
2024-06-03 00:38:56,091 - 53: 1
2024-06-03 00:38:56,091 - 51: 1
2024-06-03 00:38:56,091 - 20: 1
2024-06-03 00:38:56,091 - 27: 1
2024-06-03 00:38:56,092 - 28: 1
2024-06-03 00:38:56,092 - 0: 1
2024-06-03 00:38:56,092 - 40: 1
2024-06-03 00:38:56,092 - 22: 1
2024-06-03 00:38:56,092 - 37: 1
2024-06-03 00:38:56,092 - 29: 1
2024-06-03 00:38:56,092 - 25: 1
2024-06-03 00:38:56,092 - 23: 1
2024-06-03 00:38:56,092 - 41: 1
2024-06-03 00:38:56,093 - 24: 1
2024-06-03 00:38:56,093 - 34: 1
