2024-06-03 08:02:00,809 - test_dir : ./Face_Dataset/Test
2024-06-03 08:02:00,810 - pretrained : work_dir/FaceNet_finetuning_Random_Batch_L2SP_CE_Frozen_deepfake_total_80_32/FaceNet_finetuning_Random_Batch_L2SP_CE_Frozen_deepfake_total_80_32_deepfake.pth
2024-06-03 08:02:00,810 - model_name : FaceNet_finetuning_Random_Batch_L2SP_CE_Frozen_deepfake_total
2024-06-03 08:03:11,955 - 0 result:
2024-06-03 08:03:11,956 - Name: 37, Distance: 0.9311602115631104
2024-06-03 08:03:11,956 - Name: 23, Distance: 1.0331053733825684
2024-06-03 08:03:11,956 - Name: 0, Distance: 1.129835605621338
2024-06-03 08:03:11,956 - Name: 0, Distance: 1.1312423944473267
2024-06-03 08:03:11,956 - Name: 0, Distance: 1.1623954772949219
2024-06-03 08:03:12,011 - 1 result:
2024-06-03 08:03:12,011 - Name: 1, Distance: 1.0441350936889648
2024-06-03 08:03:12,011 - Name: 25, Distance: 1.0540950298309326
2024-06-03 08:03:12,011 - Name: 1, Distance: 1.0563926696777344
2024-06-03 08:03:12,011 - Name: 56, Distance: 1.0944103002548218
2024-06-03 08:03:12,011 - Name: 30, Distance: 1.1229475736618042
2024-06-03 08:03:12,072 - 10 result:
2024-06-03 08:03:12,072 - Name: 3, Distance: 0.9857361316680908
2024-06-03 08:03:12,072 - Name: 5, Distance: 1.0909018516540527
2024-06-03 08:03:12,072 - Name: 9, Distance: 1.0916411876678467
2024-06-03 08:03:12,072 - Name: 10, Distance: 1.0956835746765137
2024-06-03 08:03:12,072 - Name: 3, Distance: 1.1062370538711548
2024-06-03 08:03:12,312 - 11 result:
2024-06-03 08:03:12,313 - Name: 33, Distance: 0.9533623456954956
2024-06-03 08:03:12,313 - Name: 11, Distance: 1.053730845451355
2024-06-03 08:03:12,313 - Name: 11, Distance: 1.0926382541656494
2024-06-03 08:03:12,313 - Name: 10, Distance: 1.1007400751113892
2024-06-03 08:03:12,313 - Name: 52, Distance: 1.1433287858963013
2024-06-03 08:03:12,945 - 12 result:
2024-06-03 08:03:12,946 - Name: 12, Distance: 0.9009925723075867
2024-06-03 08:03:12,946 - Name: 12, Distance: 0.9935886859893799
2024-06-03 08:03:12,946 - Name: 16, Distance: 1.1317020654678345
2024-06-03 08:03:12,946 - Name: 54, Distance: 1.1469824314117432
2024-06-03 08:03:12,946 - Name: 18, Distance: 1.1615663766860962
2024-06-03 08:03:13,008 - 13 result:
2024-06-03 08:03:13,008 - Name: 13, Distance: 0.0
2024-06-03 08:03:13,008 - Name: 26, Distance: 1.0689504146575928
2024-06-03 08:03:13,008 - Name: 26, Distance: 1.0759406089782715
2024-06-03 08:03:13,008 - Name: 46, Distance: 1.0825090408325195
2024-06-03 08:03:13,008 - Name: 33, Distance: 1.092125415802002
2024-06-03 08:03:13,070 - 14 result:
2024-06-03 08:03:13,070 - Name: 29, Distance: 0.9975904822349548
2024-06-03 08:03:13,070 - Name: 54, Distance: 1.1192594766616821
2024-06-03 08:03:13,070 - Name: 0, Distance: 1.1263929605484009
2024-06-03 08:03:13,070 - Name: 36, Distance: 1.1509393453598022
2024-06-03 08:03:13,070 - Name: 27, Distance: 1.1618109941482544
2024-06-03 08:03:13,315 - 15 result:
2024-06-03 08:03:13,315 - Name: 26, Distance: 0.9967961311340332
2024-06-03 08:03:13,315 - Name: 26, Distance: 1.0022469758987427
2024-06-03 08:03:13,315 - Name: 30, Distance: 1.0375242233276367
2024-06-03 08:03:13,315 - Name: 24, Distance: 1.0446122884750366
2024-06-03 08:03:13,316 - Name: 15, Distance: 1.067121148109436
2024-06-03 08:03:13,946 - 16 result:
2024-06-03 08:03:13,946 - Name: 16, Distance: 0.7564099431037903
2024-06-03 08:03:13,946 - Name: 16, Distance: 1.02676260471344
2024-06-03 08:03:13,946 - Name: 16, Distance: 1.0323708057403564
2024-06-03 08:03:13,946 - Name: 12, Distance: 1.0867395401000977
2024-06-03 08:03:13,946 - Name: 15, Distance: 1.1337708234786987
2024-06-03 08:03:14,007 - 17 result:
2024-06-03 08:03:14,007 - Name: 17, Distance: 0.9134865403175354
2024-06-03 08:03:14,007 - Name: 13, Distance: 1.0710326433181763
2024-06-03 08:03:14,007 - Name: 17, Distance: 1.08696711063385
2024-06-03 08:03:14,007 - Name: 13, Distance: 1.0928362607955933
2024-06-03 08:03:14,008 - Name: 7, Distance: 1.1640195846557617
2024-06-03 08:03:14,062 - 18 result:
2024-06-03 08:03:14,062 - Name: 18, Distance: 0.9447463154792786
2024-06-03 08:03:14,062 - Name: 17, Distance: 1.0925976037979126
2024-06-03 08:03:14,062 - Name: 27, Distance: 1.156490683555603
2024-06-03 08:03:14,063 - Name: 17, Distance: 1.1610386371612549
2024-06-03 08:03:14,063 - Name: 27, Distance: 1.1795498132705688
2024-06-03 08:03:14,304 - 19 result:
2024-06-03 08:03:14,305 - Name: 19, Distance: 0.7981516718864441
2024-06-03 08:03:14,305 - Name: 19, Distance: 0.8123324513435364
2024-06-03 08:03:14,305 - Name: 19, Distance: 1.0057181119918823
2024-06-03 08:03:14,305 - Name: 6, Distance: 1.0729575157165527
2024-06-03 08:03:14,305 - Name: 11, Distance: 1.1051030158996582
2024-06-03 08:03:14,917 - 2 result:
2024-06-03 08:03:14,917 - Name: 2, Distance: 0.980419933795929
2024-06-03 08:03:14,917 - Name: 2, Distance: 0.9885488152503967
2024-06-03 08:03:14,918 - Name: 2, Distance: 1.0245301723480225
2024-06-03 08:03:14,918 - Name: 59, Distance: 1.0652625560760498
2024-06-03 08:03:14,918 - Name: 43, Distance: 1.1083095073699951
2024-06-03 08:03:15,006 - 20 result:
2024-06-03 08:03:15,007 - Name: 34, Distance: 1.0485693216323853
2024-06-03 08:03:15,007 - Name: 59, Distance: 1.0642753839492798
2024-06-03 08:03:15,007 - Name: 40, Distance: 1.075951099395752
2024-06-03 08:03:15,007 - Name: 20, Distance: 1.0870883464813232
2024-06-03 08:03:15,007 - Name: 20, Distance: 1.1092720031738281
2024-06-03 08:03:15,058 - 21 result:
2024-06-03 08:03:15,059 - Name: 51, Distance: 0.9737188816070557
2024-06-03 08:03:15,059 - Name: 42, Distance: 1.0321441888809204
2024-06-03 08:03:15,059 - Name: 11, Distance: 1.0337694883346558
2024-06-03 08:03:15,059 - Name: 51, Distance: 1.0592478513717651
2024-06-03 08:03:15,059 - Name: 20, Distance: 1.0699243545532227
2024-06-03 08:03:15,105 - 22 result:
2024-06-03 08:03:15,105 - Name: 2, Distance: 1.0841103792190552
2024-06-03 08:03:15,105 - Name: 42, Distance: 1.0991100072860718
2024-06-03 08:03:15,106 - Name: 55, Distance: 1.1270132064819336
2024-06-03 08:03:15,106 - Name: 5, Distance: 1.1384093761444092
2024-06-03 08:03:15,106 - Name: 15, Distance: 1.1443411111831665
2024-06-03 08:03:15,335 - 23 result:
2024-06-03 08:03:15,336 - Name: 23, Distance: 1.0286450386047363
2024-06-03 08:03:15,336 - Name: 23, Distance: 1.0307191610336304
2024-06-03 08:03:15,336 - Name: 3, Distance: 1.0548259019851685
2024-06-03 08:03:15,336 - Name: 59, Distance: 1.0797923803329468
2024-06-03 08:03:15,336 - Name: 34, Distance: 1.0952134132385254
2024-06-03 08:03:15,964 - 24 result:
2024-06-03 08:03:15,964 - Name: 24, Distance: 0.7536816596984863
2024-06-03 08:03:15,964 - Name: 29, Distance: 0.9628102779388428
2024-06-03 08:03:15,964 - Name: 34, Distance: 0.9855336546897888
2024-06-03 08:03:15,964 - Name: 30, Distance: 0.9903804659843445
2024-06-03 08:03:15,964 - Name: 25, Distance: 0.9957895278930664
2024-06-03 08:03:16,026 - 25 result:
2024-06-03 08:03:16,027 - Name: 24, Distance: 0.8846102356910706
2024-06-03 08:03:16,027 - Name: 27, Distance: 0.9172435998916626
2024-06-03 08:03:16,027 - Name: 26, Distance: 0.9250145554542542
2024-06-03 08:03:16,027 - Name: 59, Distance: 0.953260064125061
2024-06-03 08:03:16,027 - Name: 25, Distance: 0.9896622896194458
2024-06-03 08:03:16,083 - 26 result:
2024-06-03 08:03:16,083 - Name: 26, Distance: 0.8671916127204895
2024-06-03 08:03:16,083 - Name: 26, Distance: 1.017177939414978
2024-06-03 08:03:16,083 - Name: 26, Distance: 1.0236328840255737
2024-06-03 08:03:16,083 - Name: 15, Distance: 1.095017433166504
2024-06-03 08:03:16,083 - Name: 30, Distance: 1.0988495349884033
2024-06-03 08:03:16,319 - 27 result:
2024-06-03 08:03:16,319 - Name: 36, Distance: 0.9212509393692017
2024-06-03 08:03:16,319 - Name: 24, Distance: 1.0042963027954102
2024-06-03 08:03:16,319 - Name: 55, Distance: 1.0427364110946655
2024-06-03 08:03:16,319 - Name: 27, Distance: 1.053447961807251
2024-06-03 08:03:16,319 - Name: 24, Distance: 1.0776318311691284
2024-06-03 08:03:16,934 - 28 result:
2024-06-03 08:03:16,935 - Name: 9, Distance: 0.8127200603485107
2024-06-03 08:03:16,935 - Name: 28, Distance: 0.9582473039627075
2024-06-03 08:03:16,935 - Name: 15, Distance: 0.9765490889549255
2024-06-03 08:03:16,935 - Name: 28, Distance: 0.986980676651001
2024-06-03 08:03:16,935 - Name: 16, Distance: 0.9877732992172241
2024-06-03 08:03:17,029 - 29 result:
2024-06-03 08:03:17,029 - Name: 29, Distance: 0.8815551400184631
2024-06-03 08:03:17,029 - Name: 34, Distance: 1.081606388092041
2024-06-03 08:03:17,029 - Name: 29, Distance: 1.1415926218032837
2024-06-03 08:03:17,029 - Name: 34, Distance: 1.2119803428649902
2024-06-03 08:03:17,029 - Name: 47, Distance: 1.2190971374511719
2024-06-03 08:03:17,081 - 3 result:
2024-06-03 08:03:17,081 - Name: 3, Distance: 0.8521698713302612
2024-06-03 08:03:17,081 - Name: 3, Distance: 0.8826258778572083
2024-06-03 08:03:17,081 - Name: 3, Distance: 1.0618882179260254
2024-06-03 08:03:17,081 - Name: 4, Distance: 1.0776201486587524
2024-06-03 08:03:17,081 - Name: 48, Distance: 1.1331262588500977
2024-06-03 08:03:17,130 - 30 result:
2024-06-03 08:03:17,130 - Name: 15, Distance: 1.0304415225982666
2024-06-03 08:03:17,130 - Name: 29, Distance: 1.035273790359497
2024-06-03 08:03:17,130 - Name: 9, Distance: 1.043269395828247
2024-06-03 08:03:17,130 - Name: 19, Distance: 1.090638279914856
2024-06-03 08:03:17,130 - Name: 30, Distance: 1.0930713415145874
2024-06-03 08:03:17,178 - 31 result:
2024-06-03 08:03:17,179 - Name: 31, Distance: 0.9839551448822021
2024-06-03 08:03:17,179 - Name: 31, Distance: 1.046980619430542
2024-06-03 08:03:17,179 - Name: 31, Distance: 1.0798687934875488
2024-06-03 08:03:17,179 - Name: 10, Distance: 1.0892419815063477
2024-06-03 08:03:17,179 - Name: 6, Distance: 1.1082046031951904
2024-06-03 08:03:17,410 - 32 result:
2024-06-03 08:03:17,411 - Name: 32, Distance: 0.9724130630493164
2024-06-03 08:03:17,411 - Name: 16, Distance: 1.0385782718658447
2024-06-03 08:03:17,411 - Name: 56, Distance: 1.0462560653686523
2024-06-03 08:03:17,411 - Name: 32, Distance: 1.0692874193191528
2024-06-03 08:03:17,411 - Name: 22, Distance: 1.0888181924819946
2024-06-03 08:03:17,456 - 33 result:
2024-06-03 08:03:17,457 - Name: 6, Distance: 1.0647393465042114
2024-06-03 08:03:17,457 - Name: 7, Distance: 1.067913293838501
2024-06-03 08:03:17,457 - Name: 6, Distance: 1.0919196605682373
2024-06-03 08:03:17,457 - Name: 12, Distance: 1.1212708950042725
2024-06-03 08:03:17,457 - Name: 54, Distance: 1.1270973682403564
2024-06-03 08:03:18,045 - 34 result:
2024-06-03 08:03:18,045 - Name: 24, Distance: 1.0505259037017822
2024-06-03 08:03:18,045 - Name: 34, Distance: 1.0721442699432373
2024-06-03 08:03:18,046 - Name: 29, Distance: 1.1218693256378174
2024-06-03 08:03:18,046 - Name: 34, Distance: 1.1497466564178467
2024-06-03 08:03:18,046 - Name: 40, Distance: 1.1507123708724976
2024-06-03 08:03:18,131 - 35 result:
2024-06-03 08:03:18,131 - Name: 35, Distance: 0.884881317615509
2024-06-03 08:03:18,131 - Name: 35, Distance: 0.9766324162483215
2024-06-03 08:03:18,131 - Name: 35, Distance: 1.0272189378738403
2024-06-03 08:03:18,131 - Name: 10, Distance: 1.1000473499298096
2024-06-03 08:03:18,131 - Name: 20, Distance: 1.1550710201263428
2024-06-03 08:03:18,187 - 36 result:
2024-06-03 08:03:18,188 - Name: 53, Distance: 1.1027451753616333
2024-06-03 08:03:18,188 - Name: 13, Distance: 1.1192126274108887
2024-06-03 08:03:18,188 - Name: 33, Distance: 1.1378231048583984
2024-06-03 08:03:18,188 - Name: 36, Distance: 1.163692593574524
2024-06-03 08:03:18,188 - Name: 23, Distance: 1.186282753944397
2024-06-03 08:03:18,235 - 37 result:
2024-06-03 08:03:18,235 - Name: 37, Distance: 0.8749037384986877
2024-06-03 08:03:18,236 - Name: 35, Distance: 0.9803710579872131
2024-06-03 08:03:18,236 - Name: 35, Distance: 1.0938040018081665
2024-06-03 08:03:18,236 - Name: 37, Distance: 1.1085220575332642
2024-06-03 08:03:18,236 - Name: 45, Distance: 1.1326491832733154
2024-06-03 08:03:18,481 - 38 result:
2024-06-03 08:03:18,482 - Name: 55, Distance: 0.9946373105049133
2024-06-03 08:03:18,482 - Name: 36, Distance: 1.0827445983886719
2024-06-03 08:03:18,482 - Name: 21, Distance: 1.0924298763275146
2024-06-03 08:03:18,482 - Name: 47, Distance: 1.0948652029037476
2024-06-03 08:03:18,482 - Name: 33, Distance: 1.1106433868408203
2024-06-03 08:03:19,066 - 39 result:
2024-06-03 08:03:19,066 - Name: 59, Distance: 1.1256612539291382
2024-06-03 08:03:19,066 - Name: 52, Distance: 1.137966275215149
2024-06-03 08:03:19,066 - Name: 39, Distance: 1.1523901224136353
2024-06-03 08:03:19,066 - Name: 27, Distance: 1.1527401208877563
2024-06-03 08:03:19,066 - Name: 38, Distance: 1.1616817712783813
2024-06-03 08:03:19,172 - 4 result:
2024-06-03 08:03:19,172 - Name: 39, Distance: 0.9699525237083435
2024-06-03 08:03:19,172 - Name: 42, Distance: 1.0572254657745361
2024-06-03 08:03:19,172 - Name: 58, Distance: 1.0753066539764404
2024-06-03 08:03:19,172 - Name: 15, Distance: 1.1013957262039185
2024-06-03 08:03:19,173 - Name: 59, Distance: 1.1019119024276733
2024-06-03 08:03:19,229 - 40 result:
2024-06-03 08:03:19,229 - Name: 40, Distance: 0.9461705684661865
2024-06-03 08:03:19,229 - Name: 58, Distance: 0.9546996355056763
2024-06-03 08:03:19,229 - Name: 40, Distance: 0.9943580627441406
2024-06-03 08:03:19,230 - Name: 39, Distance: 1.0495474338531494
2024-06-03 08:03:19,230 - Name: 51, Distance: 1.0998787879943848
2024-06-03 08:03:19,276 - 41 result:
2024-06-03 08:03:19,276 - Name: 57, Distance: 1.0771689414978027
2024-06-03 08:03:19,276 - Name: 52, Distance: 1.0806015729904175
2024-06-03 08:03:19,276 - Name: 26, Distance: 1.0913951396942139
2024-06-03 08:03:19,276 - Name: 41, Distance: 1.09453284740448
2024-06-03 08:03:19,276 - Name: 48, Distance: 1.094674825668335
2024-06-03 08:03:19,512 - 42 result:
2024-06-03 08:03:19,513 - Name: 35, Distance: 1.1066465377807617
2024-06-03 08:03:19,513 - Name: 56, Distance: 1.1489566564559937
2024-06-03 08:03:19,513 - Name: 56, Distance: 1.161361575126648
2024-06-03 08:03:19,513 - Name: 56, Distance: 1.1682599782943726
2024-06-03 08:03:19,513 - Name: 35, Distance: 1.1683257818222046
2024-06-03 08:03:19,560 - 44 result:
2024-06-03 08:03:19,560 - Name: 44, Distance: 0.9994873404502869
2024-06-03 08:03:19,561 - Name: 45, Distance: 1.0053681135177612
2024-06-03 08:03:19,561 - Name: 43, Distance: 1.0375056266784668
2024-06-03 08:03:19,561 - Name: 47, Distance: 1.0847444534301758
2024-06-03 08:03:19,561 - Name: 40, Distance: 1.1235976219177246
2024-06-03 08:03:20,183 - 45 result:
2024-06-03 08:03:20,183 - Name: 32, Distance: 0.9009531140327454
2024-06-03 08:03:20,183 - Name: 23, Distance: 1.0115019083023071
2024-06-03 08:03:20,183 - Name: 40, Distance: 1.033127784729004
2024-06-03 08:03:20,183 - Name: 40, Distance: 1.0875004529953003
2024-06-03 08:03:20,184 - Name: 40, Distance: 1.1155798435211182
2024-06-03 08:03:20,292 - 46 result:
2024-06-03 08:03:20,293 - Name: 46, Distance: 0.873015820980072
2024-06-03 08:03:20,293 - Name: 46, Distance: 0.9545305967330933
2024-06-03 08:03:20,293 - Name: 46, Distance: 0.986734926700592
2024-06-03 08:03:20,293 - Name: 48, Distance: 1.0839447975158691
2024-06-03 08:03:20,293 - Name: 10, Distance: 1.103492021560669
2024-06-03 08:03:20,344 - 47 result:
2024-06-03 08:03:20,345 - Name: 47, Distance: 1.0718110799789429
2024-06-03 08:03:20,345 - Name: 58, Distance: 1.0965710878372192
2024-06-03 08:03:20,345 - Name: 47, Distance: 1.1055002212524414
2024-06-03 08:03:20,345 - Name: 53, Distance: 1.120561122894287
2024-06-03 08:03:20,345 - Name: 38, Distance: 1.1420011520385742
2024-06-03 08:03:20,398 - 48 result:
2024-06-03 08:03:20,399 - Name: 48, Distance: 0.9092854261398315
2024-06-03 08:03:20,399 - Name: 46, Distance: 1.081498384475708
2024-06-03 08:03:20,399 - Name: 3, Distance: 1.0840457677841187
2024-06-03 08:03:20,399 - Name: 39, Distance: 1.100372552871704
2024-06-03 08:03:20,399 - Name: 46, Distance: 1.1003813743591309
2024-06-03 08:03:20,446 - 5 result:
2024-06-03 08:03:20,446 - Name: 5, Distance: 1.0811793804168701
2024-06-03 08:03:20,446 - Name: 5, Distance: 1.08255934715271
2024-06-03 08:03:20,446 - Name: 5, Distance: 1.1608902215957642
2024-06-03 08:03:20,446 - Name: 51, Distance: 1.1612592935562134
2024-06-03 08:03:20,446 - Name: 34, Distance: 1.1658669710159302
2024-06-03 08:03:20,681 - 50 result:
2024-06-03 08:03:20,681 - Name: 56, Distance: 0.9713549613952637
2024-06-03 08:03:20,682 - Name: 59, Distance: 1.0041624307632446
2024-06-03 08:03:20,682 - Name: 7, Distance: 1.0371911525726318
2024-06-03 08:03:20,682 - Name: 43, Distance: 1.0455918312072754
2024-06-03 08:03:20,682 - Name: 55, Distance: 1.1433203220367432
2024-06-03 08:03:20,739 - 51 result:
2024-06-03 08:03:20,739 - Name: 59, Distance: 0.9004533290863037
2024-06-03 08:03:20,739 - Name: 57, Distance: 1.0085867643356323
2024-06-03 08:03:20,739 - Name: 43, Distance: 1.0488200187683105
2024-06-03 08:03:20,739 - Name: 51, Distance: 1.0581450462341309
2024-06-03 08:03:20,740 - Name: 34, Distance: 1.0628803968429565
2024-06-03 08:03:21,333 - 52 result:
2024-06-03 08:03:21,333 - Name: 52, Distance: 0.9249246716499329
2024-06-03 08:03:21,333 - Name: 36, Distance: 1.0545592308044434
2024-06-03 08:03:21,333 - Name: 33, Distance: 1.0900912284851074
2024-06-03 08:03:21,333 - Name: 50, Distance: 1.1191940307617188
2024-06-03 08:03:21,333 - Name: 51, Distance: 1.125182032585144
2024-06-03 08:03:21,397 - 53 result:
2024-06-03 08:03:21,397 - Name: 55, Distance: 1.1105053424835205
2024-06-03 08:03:21,397 - Name: 58, Distance: 1.1216702461242676
2024-06-03 08:03:21,397 - Name: 14, Distance: 1.125031590461731
2024-06-03 08:03:21,397 - Name: 51, Distance: 1.1511863470077515
2024-06-03 08:03:21,398 - Name: 39, Distance: 1.1589739322662354
2024-06-03 08:03:21,449 - 54 result:
2024-06-03 08:03:21,450 - Name: 54, Distance: 1.0473066568374634
2024-06-03 08:03:21,450 - Name: 14, Distance: 1.0606719255447388
2024-06-03 08:03:21,450 - Name: 54, Distance: 1.0713034868240356
2024-06-03 08:03:21,450 - Name: 25, Distance: 1.1000080108642578
2024-06-03 08:03:21,450 - Name: 59, Distance: 1.1056358814239502
2024-06-03 08:03:21,689 - 55 result:
2024-06-03 08:03:21,689 - Name: 36, Distance: 0.8897799253463745
2024-06-03 08:03:21,689 - Name: 28, Distance: 0.9559227824211121
2024-06-03 08:03:21,690 - Name: 25, Distance: 1.0015583038330078
2024-06-03 08:03:21,690 - Name: 51, Distance: 1.055604338645935
2024-06-03 08:03:21,690 - Name: 26, Distance: 1.070260763168335
2024-06-03 08:03:21,746 - 56 result:
2024-06-03 08:03:21,746 - Name: 56, Distance: 0.8831560015678406
2024-06-03 08:03:21,746 - Name: 56, Distance: 0.8868779540061951
2024-06-03 08:03:21,746 - Name: 56, Distance: 0.9245535135269165
2024-06-03 08:03:21,746 - Name: 30, Distance: 0.9756197929382324
2024-06-03 08:03:21,746 - Name: 4, Distance: 0.9878591895103455
2024-06-03 08:03:22,346 - 57 result:
2024-06-03 08:03:22,346 - Name: 59, Distance: 0.9865924119949341
2024-06-03 08:03:22,346 - Name: 57, Distance: 1.0197288990020752
2024-06-03 08:03:22,346 - Name: 44, Distance: 1.0414788722991943
2024-06-03 08:03:22,347 - Name: 57, Distance: 1.0598413944244385
2024-06-03 08:03:22,347 - Name: 0, Distance: 1.061980128288269
2024-06-03 08:03:22,418 - 58 result:
2024-06-03 08:03:22,418 - Name: 41, Distance: 1.0167404413223267
2024-06-03 08:03:22,418 - Name: 39, Distance: 1.050563097000122
2024-06-03 08:03:22,418 - Name: 44, Distance: 1.1247023344039917
2024-06-03 08:03:22,418 - Name: 30, Distance: 1.1324999332427979
2024-06-03 08:03:22,418 - Name: 41, Distance: 1.15488600730896
2024-06-03 08:03:22,476 - 59 result:
2024-06-03 08:03:22,477 - Name: 2, Distance: 1.1102845668792725
2024-06-03 08:03:22,477 - Name: 59, Distance: 1.1231111288070679
2024-06-03 08:03:22,477 - Name: 15, Distance: 1.1545062065124512
2024-06-03 08:03:22,477 - Name: 36, Distance: 1.1673038005828857
2024-06-03 08:03:22,477 - Name: 52, Distance: 1.2033836841583252
2024-06-03 08:03:22,793 - 6 result:
2024-06-03 08:03:22,794 - Name: 14, Distance: 0.9785131812095642
2024-06-03 08:03:22,794 - Name: 33, Distance: 1.0024226903915405
2024-06-03 08:03:22,794 - Name: 19, Distance: 1.0951354503631592
2024-06-03 08:03:22,794 - Name: 36, Distance: 1.0966317653656006
2024-06-03 08:03:22,794 - Name: 6, Distance: 1.101170539855957
2024-06-03 08:03:23,351 - 7 result:
2024-06-03 08:03:23,352 - Name: 14, Distance: 1.065119981765747
2024-06-03 08:03:23,352 - Name: 33, Distance: 1.093042016029358
2024-06-03 08:03:23,352 - Name: 50, Distance: 1.0971142053604126
2024-06-03 08:03:23,352 - Name: 4, Distance: 1.1032769680023193
2024-06-03 08:03:23,352 - Name: 10, Distance: 1.1155908107757568
2024-06-03 08:03:23,419 - 8 result:
2024-06-03 08:03:23,419 - Name: 8, Distance: 0.8502938151359558
2024-06-03 08:03:23,419 - Name: 8, Distance: 0.9178646802902222
2024-06-03 08:03:23,419 - Name: 8, Distance: 0.9910441040992737
2024-06-03 08:03:23,420 - Name: 19, Distance: 1.0675030946731567
2024-06-03 08:03:23,420 - Name: 11, Distance: 1.0730164051055908
2024-06-03 08:03:23,486 - 9 result:
2024-06-03 08:03:23,487 - Name: 54, Distance: 0.9664995670318604
2024-06-03 08:03:23,487 - Name: 46, Distance: 1.1392171382904053
2024-06-03 08:03:23,487 - Name: 8, Distance: 1.147397756576538
2024-06-03 08:03:23,487 - Name: 20, Distance: 1.1659420728683472
2024-06-03 08:03:23,487 - Name: 19, Distance: 1.1772420406341553
2024-06-03 08:03:23,586 - Total samples: 58
2024-06-03 08:03:23,586 - Correct predictions: 44
2024-06-03 08:03:23,586 - Incorrect predictions: 14
2024-06-03 08:03:23,586 - Accuracy: 75.86%
2024-06-03 08:03:23,586 - Correctly predicted classes:
2024-06-03 08:03:23,587 - 34: 1
2024-06-03 08:03:23,587 - 15: 1
2024-06-03 08:03:23,587 - 18: 1
2024-06-03 08:03:23,587 - 31: 1
2024-06-03 08:03:23,587 - 1: 1
2024-06-03 08:03:23,587 - 12: 1
2024-06-03 08:03:23,587 - 19: 1
2024-06-03 08:03:23,587 - 29: 1
2024-06-03 08:03:23,587 - 40: 1
2024-06-03 08:03:23,587 - 52: 1
2024-06-03 08:03:23,588 - 11: 1
2024-06-03 08:03:23,588 - 0: 1
2024-06-03 08:03:23,588 - 24: 1
2024-06-03 08:03:23,588 - 37: 1
2024-06-03 08:03:23,588 - 26: 1
2024-06-03 08:03:23,588 - 23: 1
2024-06-03 08:03:23,588 - 17: 1
2024-06-03 08:03:23,588 - 5: 1
2024-06-03 08:03:23,588 - 8: 1
2024-06-03 08:03:23,589 - 48: 1
2024-06-03 08:03:23,589 - 3: 1
2024-06-03 08:03:23,589 - 47: 1
2024-06-03 08:03:23,589 - 6: 1
2024-06-03 08:03:23,589 - 51: 1
2024-06-03 08:03:23,589 - 46: 1
2024-06-03 08:03:23,589 - 20: 1
2024-06-03 08:03:23,589 - 13: 1
2024-06-03 08:03:23,589 - 39: 1
2024-06-03 08:03:23,590 - 32: 1
2024-06-03 08:03:23,590 - 54: 1
2024-06-03 08:03:23,590 - 56: 1
2024-06-03 08:03:23,590 - 28: 1
2024-06-03 08:03:23,590 - 25: 1
2024-06-03 08:03:23,590 - 36: 1
2024-06-03 08:03:23,590 - 57: 1
2024-06-03 08:03:23,590 - 35: 1
2024-06-03 08:03:23,590 - 16: 1
2024-06-03 08:03:23,590 - 2: 1
2024-06-03 08:03:23,591 - 41: 1
2024-06-03 08:03:23,591 - 44: 1
2024-06-03 08:03:23,591 - 10: 1
2024-06-03 08:03:23,591 - 27: 1
2024-06-03 08:03:23,591 - 30: 1
2024-06-03 08:03:23,591 - 59: 1
2024-06-03 08:03:23,591 - Incorrectly predicted classes:
2024-06-03 08:03:23,591 - 33: 1
2024-06-03 08:03:23,591 - 50: 1
2024-06-03 08:03:23,591 - 9: 1
2024-06-03 08:03:23,592 - 22: 1
2024-06-03 08:03:23,592 - 38: 1
2024-06-03 08:03:23,592 - 14: 1
2024-06-03 08:03:23,592 - 53: 1
2024-06-03 08:03:23,592 - 42: 1
2024-06-03 08:03:23,592 - 58: 1
2024-06-03 08:03:23,592 - 4: 1
2024-06-03 08:03:23,592 - 21: 1
2024-06-03 08:03:23,592 - 45: 1
2024-06-03 08:03:23,592 - 7: 1
2024-06-03 08:03:23,593 - 55: 1
