2024-06-02 12:39:42,984 - test_dir : ./Face_Dataset/Test
2024-06-02 12:39:42,984 - pretrained : work_dir/FaceNet_finetuning_Random_Batch_RandReg_70_32/FaceNet_finetuning_Random_Batch_RandReg_70_32_deepfake.pth
2024-06-02 12:39:42,984 - model_name : FaceNet_finetuning_Random_Batch_RandReg
2024-06-02 12:40:33,231 - 0 result:
2024-06-02 12:40:33,231 - Name: 39, Distance: 0.36971643567085266
2024-06-02 12:40:33,231 - Name: 52, Distance: 0.3744429647922516
2024-06-02 12:40:33,231 - Name: 39, Distance: 0.37800103425979614
2024-06-02 12:40:33,231 - Name: 42, Distance: 0.3912031352519989
2024-06-02 12:40:33,231 - Name: 44, Distance: 0.39913082122802734
2024-06-02 12:40:33,284 - 1 result:
2024-06-02 12:40:33,284 - Name: 28, Distance: 0.39066746830940247
2024-06-02 12:40:33,284 - Name: 24, Distance: 0.4036467373371124
2024-06-02 12:40:33,284 - Name: 24, Distance: 0.4041667580604553
2024-06-02 12:40:33,285 - Name: 24, Distance: 0.43837791681289673
2024-06-02 12:40:33,285 - Name: 28, Distance: 0.47992873191833496
2024-06-02 12:40:33,517 - 10 result:
2024-06-02 12:40:33,517 - Name: 17, Distance: 0.19935272634029388
2024-06-02 12:40:33,517 - Name: 14, Distance: 0.22761647403240204
2024-06-02 12:40:33,517 - Name: 14, Distance: 0.28388795256614685
2024-06-02 12:40:33,517 - Name: 10, Distance: 0.32779914140701294
2024-06-02 12:40:33,517 - Name: 5, Distance: 0.36710870265960693
2024-06-02 12:40:33,563 - 11 result:
2024-06-02 12:40:33,563 - Name: 3, Distance: 0.3302120268344879
2024-06-02 12:40:33,563 - Name: 2, Distance: 0.3897084891796112
2024-06-02 12:40:33,563 - Name: 2, Distance: 0.4886719286441803
2024-06-02 12:40:33,563 - Name: 3, Distance: 0.4893084466457367
2024-06-02 12:40:33,563 - Name: 34, Distance: 0.49236246943473816
2024-06-02 12:40:33,984 - 12 result:
2024-06-02 12:40:33,984 - Name: 15, Distance: 0.014221467077732086
2024-06-02 12:40:33,984 - Name: 7, Distance: 0.019238140434026718
2024-06-02 12:40:33,984 - Name: 29, Distance: 0.07861092686653137
2024-06-02 12:40:33,984 - Name: 15, Distance: 0.08512939512729645
2024-06-02 12:40:33,984 - Name: 7, Distance: 0.10372239351272583
2024-06-02 12:40:34,216 - 13 result:
2024-06-02 12:40:34,216 - Name: 13, Distance: 0.0
2024-06-02 12:40:34,217 - Name: 15, Distance: 0.11932560056447983
2024-06-02 12:40:34,217 - Name: 6, Distance: 0.13749077916145325
2024-06-02 12:40:34,217 - Name: 13, Distance: 0.13993993401527405
2024-06-02 12:40:34,217 - Name: 15, Distance: 0.14755143225193024
2024-06-02 12:40:34,273 - 14 result:
2024-06-02 12:40:34,273 - Name: 31, Distance: 0.38524535298347473
2024-06-02 12:40:34,273 - Name: 31, Distance: 0.3986694812774658
2024-06-02 12:40:34,273 - Name: 38, Distance: 0.43234407901763916
2024-06-02 12:40:34,273 - Name: 50, Distance: 0.445905864238739
2024-06-02 12:40:34,274 - Name: 31, Distance: 0.4599531590938568
2024-06-02 12:40:34,319 - 15 result:
2024-06-02 12:40:34,320 - Name: 24, Distance: 0.01799534261226654
2024-06-02 12:40:34,320 - Name: 28, Distance: 0.0331202857196331
2024-06-02 12:40:34,320 - Name: 28, Distance: 0.03956715762615204
2024-06-02 12:40:34,320 - Name: 24, Distance: 0.04762798920273781
2024-06-02 12:40:34,320 - Name: 24, Distance: 0.04870086908340454
2024-06-02 12:40:34,557 - 16 result:
2024-06-02 12:40:34,557 - Name: 16, Distance: 0.04709818586707115
2024-06-02 12:40:34,557 - Name: 19, Distance: 0.04991278797388077
2024-06-02 12:40:34,557 - Name: 27, Distance: 0.05983402207493782
2024-06-02 12:40:34,557 - Name: 16, Distance: 0.06163160502910614
2024-06-02 12:40:34,557 - Name: 16, Distance: 0.06170160323381424
2024-06-02 12:40:34,611 - 17 result:
2024-06-02 12:40:34,611 - Name: 33, Distance: 0.43050962686538696
2024-06-02 12:40:34,611 - Name: 32, Distance: 0.4570946991443634
2024-06-02 12:40:34,611 - Name: 22, Distance: 0.4665454924106598
2024-06-02 12:40:34,611 - Name: 14, Distance: 0.4783904254436493
2024-06-02 12:40:34,611 - Name: 17, Distance: 0.4863860607147217
2024-06-02 12:40:35,220 - 18 result:
2024-06-02 12:40:35,220 - Name: 33, Distance: 0.3530350923538208
2024-06-02 12:40:35,220 - Name: 22, Distance: 0.35627949237823486
2024-06-02 12:40:35,220 - Name: 14, Distance: 0.36179831624031067
2024-06-02 12:40:35,220 - Name: 17, Distance: 0.36337512731552124
2024-06-02 12:40:35,220 - Name: 33, Distance: 0.3859439790248871
2024-06-02 12:40:35,277 - 19 result:
2024-06-02 12:40:35,277 - Name: 3, Distance: 0.10822362452745438
2024-06-02 12:40:35,277 - Name: 3, Distance: 0.16851121187210083
2024-06-02 12:40:35,277 - Name: 16, Distance: 0.35832446813583374
2024-06-02 12:40:35,277 - Name: 19, Distance: 0.36056023836135864
2024-06-02 12:40:35,277 - Name: 16, Distance: 0.3608749806880951
2024-06-02 12:40:35,330 - 2 result:
2024-06-02 12:40:35,330 - Name: 0, Distance: 0.5447133779525757
2024-06-02 12:40:35,330 - Name: 1, Distance: 0.6034116744995117
2024-06-02 12:40:35,330 - Name: 37, Distance: 0.6267745494842529
2024-06-02 12:40:35,330 - Name: 1, Distance: 0.6467838287353516
2024-06-02 12:40:35,330 - Name: 0, Distance: 0.6608900427818298
2024-06-02 12:40:35,563 - 20 result:
2024-06-02 12:40:35,564 - Name: 57, Distance: 0.09371129423379898
2024-06-02 12:40:35,564 - Name: 48, Distance: 0.11623962968587875
2024-06-02 12:40:35,564 - Name: 57, Distance: 0.13665172457695007
2024-06-02 12:40:35,564 - Name: 48, Distance: 0.1368807703256607
2024-06-02 12:40:35,564 - Name: 48, Distance: 0.1775144338607788
2024-06-02 12:40:36,173 - 21 result:
2024-06-02 12:40:36,173 - Name: 10, Distance: 0.04374019056558609
2024-06-02 12:40:36,173 - Name: 14, Distance: 0.20717351138591766
2024-06-02 12:40:36,174 - Name: 17, Distance: 0.2315199375152588
2024-06-02 12:40:36,174 - Name: 10, Distance: 0.24011000990867615
2024-06-02 12:40:36,174 - Name: 14, Distance: 0.2772601544857025
2024-06-02 12:40:36,241 - 22 result:
2024-06-02 12:40:36,242 - Name: 11, Distance: 0.20628933608531952
2024-06-02 12:40:36,242 - Name: 13, Distance: 0.37838214635849
2024-06-02 12:40:36,242 - Name: 11, Distance: 0.4388115108013153
2024-06-02 12:40:36,242 - Name: 11, Distance: 0.49167904257774353
2024-06-02 12:40:36,242 - Name: 29, Distance: 0.5316637754440308
2024-06-02 12:40:36,302 - 23 result:
2024-06-02 12:40:36,302 - Name: 11, Distance: 0.048682257533073425
2024-06-02 12:40:36,303 - Name: 29, Distance: 0.11145735532045364
2024-06-02 12:40:36,303 - Name: 13, Distance: 0.11651521921157837
2024-06-02 12:40:36,303 - Name: 13, Distance: 0.12506939470767975
2024-06-02 12:40:36,303 - Name: 11, Distance: 0.1427714079618454
2024-06-02 12:40:36,549 - 24 result:
2024-06-02 12:40:36,549 - Name: 24, Distance: 0.020832814276218414
2024-06-02 12:40:36,549 - Name: 24, Distance: 0.03896290063858032
2024-06-02 12:40:36,549 - Name: 24, Distance: 0.03898656740784645
2024-06-02 12:40:36,549 - Name: 28, Distance: 0.045157771557569504
2024-06-02 12:40:36,549 - Name: 28, Distance: 0.05424366891384125
2024-06-02 12:40:37,154 - 25 result:
2024-06-02 12:40:37,155 - Name: 16, Distance: 0.04672708734869957
2024-06-02 12:40:37,155 - Name: 25, Distance: 0.05409028381109238
2024-06-02 12:40:37,155 - Name: 27, Distance: 0.05818808823823929
2024-06-02 12:40:37,155 - Name: 25, Distance: 0.07887110859155655
2024-06-02 12:40:37,155 - Name: 26, Distance: 0.08287779241800308
2024-06-02 12:40:37,211 - 26 result:
2024-06-02 12:40:37,212 - Name: 24, Distance: 0.023726969957351685
2024-06-02 12:40:37,212 - Name: 28, Distance: 0.028009293600916862
2024-06-02 12:40:37,212 - Name: 28, Distance: 0.029815755784511566
2024-06-02 12:40:37,212 - Name: 26, Distance: 0.04136321321129799
2024-06-02 12:40:37,212 - Name: 19, Distance: 0.04847676306962967
2024-06-02 12:40:37,260 - 27 result:
2024-06-02 12:40:37,261 - Name: 24, Distance: 0.12158165872097015
2024-06-02 12:40:37,261 - Name: 28, Distance: 0.12225712090730667
2024-06-02 12:40:37,261 - Name: 24, Distance: 0.12284018844366074
2024-06-02 12:40:37,261 - Name: 24, Distance: 0.15475110709667206
2024-06-02 12:40:37,261 - Name: 28, Distance: 0.19163936376571655
2024-06-02 12:40:37,496 - 28 result:
2024-06-02 12:40:37,496 - Name: 16, Distance: 0.04697800427675247
2024-06-02 12:40:37,496 - Name: 25, Distance: 0.052597638219594955
2024-06-02 12:40:37,496 - Name: 27, Distance: 0.05491228401660919
2024-06-02 12:40:37,496 - Name: 25, Distance: 0.07733975350856781
2024-06-02 12:40:37,496 - Name: 27, Distance: 0.08063176274299622
2024-06-02 12:40:38,112 - 29 result:
2024-06-02 12:40:38,113 - Name: 57, Distance: 0.32364511489868164
2024-06-02 12:40:38,113 - Name: 48, Distance: 0.3797752559185028
2024-06-02 12:40:38,113 - Name: 57, Distance: 0.4735894799232483
2024-06-02 12:40:38,113 - Name: 9, Distance: 0.47453728318214417
2024-06-02 12:40:38,113 - Name: 57, Distance: 0.49384036660194397
2024-06-02 12:40:38,180 - 3 result:
2024-06-02 12:40:38,181 - Name: 59, Distance: 0.34371957182884216
2024-06-02 12:40:38,181 - Name: 39, Distance: 0.3608643114566803
2024-06-02 12:40:38,181 - Name: 59, Distance: 0.37088823318481445
2024-06-02 12:40:38,181 - Name: 58, Distance: 0.38659825921058655
2024-06-02 12:40:38,181 - Name: 36, Distance: 0.3878055810928345
2024-06-02 12:40:38,249 - 30 result:
2024-06-02 12:40:38,250 - Name: 24, Distance: 0.1053902879357338
2024-06-02 12:40:38,250 - Name: 24, Distance: 0.10603893548250198
2024-06-02 12:40:38,250 - Name: 24, Distance: 0.1099214181303978
2024-06-02 12:40:38,250 - Name: 28, Distance: 0.1131753996014595
2024-06-02 12:40:38,250 - Name: 28, Distance: 0.12790080904960632
2024-06-02 12:40:38,482 - 31 result:
2024-06-02 12:40:38,482 - Name: 38, Distance: 0.14837607741355896
2024-06-02 12:40:38,482 - Name: 10, Distance: 0.16593292355537415
2024-06-02 12:40:38,482 - Name: 38, Distance: 0.17057998478412628
2024-06-02 12:40:38,482 - Name: 10, Distance: 0.2326907515525818
2024-06-02 12:40:38,482 - Name: 31, Distance: 0.24533803761005402
2024-06-02 12:40:39,092 - 32 result:
2024-06-02 12:40:39,092 - Name: 57, Distance: 0.2624686360359192
2024-06-02 12:40:39,092 - Name: 48, Distance: 0.28690847754478455
2024-06-02 12:40:39,092 - Name: 57, Distance: 0.3950899839401245
2024-06-02 12:40:39,093 - Name: 57, Distance: 0.4047112762928009
2024-06-02 12:40:39,093 - Name: 23, Distance: 0.42489463090896606
2024-06-02 12:40:39,160 - 33 result:
2024-06-02 12:40:39,161 - Name: 11, Distance: 0.4136546552181244
2024-06-02 12:40:39,161 - Name: 13, Distance: 0.4539051651954651
2024-06-02 12:40:39,161 - Name: 11, Distance: 0.5392207503318787
2024-06-02 12:40:39,161 - Name: 29, Distance: 0.6451000571250916
2024-06-02 12:40:39,161 - Name: 13, Distance: 0.6595502495765686
2024-06-02 12:40:39,409 - 34 result:
2024-06-02 12:40:39,409 - Name: 7, Distance: 0.16380122303962708
2024-06-02 12:40:39,409 - Name: 12, Distance: 0.18432319164276123
2024-06-02 12:40:39,409 - Name: 7, Distance: 0.18930178880691528
2024-06-02 12:40:39,410 - Name: 12, Distance: 0.18956196308135986
2024-06-02 12:40:39,410 - Name: 15, Distance: 0.19583626091480255
2024-06-02 12:40:40,043 - 35 result:
2024-06-02 12:40:40,043 - Name: 36, Distance: 0.11297052353620529
2024-06-02 12:40:40,043 - Name: 40, Distance: 0.13349822163581848
2024-06-02 12:40:40,043 - Name: 36, Distance: 0.1414414495229721
2024-06-02 12:40:40,043 - Name: 36, Distance: 0.15242479741573334
2024-06-02 12:40:40,043 - Name: 46, Distance: 0.1577862799167633
2024-06-02 12:40:40,112 - 36 result:
2024-06-02 12:40:40,112 - Name: 2, Distance: 0.0979110524058342
2024-06-02 12:40:40,112 - Name: 2, Distance: 0.13362355530261993
2024-06-02 12:40:40,112 - Name: 2, Distance: 0.14388424158096313
2024-06-02 12:40:40,112 - Name: 56, Distance: 0.15436263382434845
2024-06-02 12:40:40,112 - Name: 4, Distance: 0.1588643193244934
2024-06-02 12:40:40,368 - 37 result:
2024-06-02 12:40:40,368 - Name: 12, Distance: 0.11007783561944962
2024-06-02 12:40:40,368 - Name: 7, Distance: 0.1516234278678894
2024-06-02 12:40:40,368 - Name: 12, Distance: 0.39290109276771545
2024-06-02 12:40:40,368 - Name: 12, Distance: 0.40364667773246765
2024-06-02 12:40:40,369 - Name: 7, Distance: 0.4670191705226898
2024-06-02 12:40:40,966 - 38 result:
2024-06-02 12:40:40,966 - Name: 14, Distance: 0.05120919644832611
2024-06-02 12:40:40,966 - Name: 17, Distance: 0.05373804643750191
2024-06-02 12:40:40,967 - Name: 14, Distance: 0.06369243562221527
2024-06-02 12:40:40,967 - Name: 5, Distance: 0.19140523672103882
2024-06-02 12:40:40,967 - Name: 17, Distance: 0.2694028317928314
2024-06-02 12:40:41,050 - 39 result:
2024-06-02 12:40:41,050 - Name: 55, Distance: 0.1034228578209877
2024-06-02 12:40:41,050 - Name: 35, Distance: 0.1179812029004097
2024-06-02 12:40:41,050 - Name: 55, Distance: 0.12433083355426788
2024-06-02 12:40:41,050 - Name: 35, Distance: 0.12899918854236603
2024-06-02 12:40:41,050 - Name: 54, Distance: 0.13797971606254578
2024-06-02 12:40:41,220 - 4 result:
2024-06-02 12:40:41,221 - Name: 9, Distance: 0.28609520196914673
2024-06-02 12:40:41,221 - Name: 21, Distance: 0.36661845445632935
2024-06-02 12:40:41,221 - Name: 23, Distance: 0.42654889822006226
2024-06-02 12:40:41,221 - Name: 9, Distance: 0.4281090497970581
2024-06-02 12:40:41,221 - Name: 21, Distance: 0.44691571593284607
2024-06-02 12:40:41,355 - 40 result:
2024-06-02 12:40:41,355 - Name: 47, Distance: 0.1783536821603775
2024-06-02 12:40:41,355 - Name: 48, Distance: 0.20032601058483124
2024-06-02 12:40:41,355 - Name: 48, Distance: 0.2110174298286438
2024-06-02 12:40:41,355 - Name: 57, Distance: 0.22104406356811523
2024-06-02 12:40:41,355 - Name: 47, Distance: 0.23118744790554047
2024-06-02 12:40:41,966 - 41 result:
2024-06-02 12:40:41,966 - Name: 3, Distance: 0.0576707161962986
2024-06-02 12:40:41,966 - Name: 3, Distance: 0.08041613548994064
2024-06-02 12:40:41,966 - Name: 16, Distance: 0.22283650934696198
2024-06-02 12:40:41,966 - Name: 19, Distance: 0.2255071997642517
2024-06-02 12:40:41,966 - Name: 16, Distance: 0.2266993224620819
2024-06-02 12:40:42,033 - 42 result:
2024-06-02 12:40:42,033 - Name: 58, Distance: 0.44182974100112915
2024-06-02 12:40:42,033 - Name: 46, Distance: 0.4463038146495819
2024-06-02 12:40:42,033 - Name: 46, Distance: 0.46573296189308167
2024-06-02 12:40:42,033 - Name: 53, Distance: 0.4912055730819702
2024-06-02 12:40:42,033 - Name: 40, Distance: 0.4967292547225952
2024-06-02 12:40:42,284 - 44 result:
2024-06-02 12:40:42,284 - Name: 44, Distance: 0.06780405342578888
2024-06-02 12:40:42,284 - Name: 41, Distance: 0.09748485684394836
2024-06-02 12:40:42,284 - Name: 39, Distance: 0.12717707455158234
2024-06-02 12:40:42,284 - Name: 39, Distance: 0.1312161087989807
2024-06-02 12:40:42,285 - Name: 44, Distance: 0.13936394453048706
2024-06-02 12:40:42,912 - 45 result:
2024-06-02 12:40:42,912 - Name: 40, Distance: 0.030537687242031097
2024-06-02 12:40:42,912 - Name: 53, Distance: 0.03494298830628395
2024-06-02 12:40:42,913 - Name: 40, Distance: 0.05514393746852875
2024-06-02 12:40:42,913 - Name: 46, Distance: 0.07624722272157669
2024-06-02 12:40:42,913 - Name: 58, Distance: 0.09935369342565536
2024-06-02 12:40:42,973 - 46 result:
2024-06-02 12:40:42,973 - Name: 54, Distance: 0.0965132936835289
2024-06-02 12:40:42,973 - Name: 54, Distance: 0.18347850441932678
2024-06-02 12:40:42,973 - Name: 54, Distance: 0.20552214980125427
2024-06-02 12:40:42,973 - Name: 35, Distance: 0.21998237073421478
2024-06-02 12:40:42,973 - Name: 0, Distance: 0.2903224229812622
2024-06-02 12:40:43,222 - 47 result:
2024-06-02 12:40:43,222 - Name: 41, Distance: 0.02383175492286682
2024-06-02 12:40:43,222 - Name: 36, Distance: 0.04344731569290161
2024-06-02 12:40:43,222 - Name: 59, Distance: 0.050561558455228806
2024-06-02 12:40:43,222 - Name: 36, Distance: 0.08492575585842133
2024-06-02 12:40:43,222 - Name: 41, Distance: 0.0863039419054985
2024-06-02 12:40:43,844 - 48 result:
2024-06-02 12:40:43,845 - Name: 9, Distance: 0.6104933619499207
2024-06-02 12:40:43,845 - Name: 21, Distance: 0.6942924857139587
2024-06-02 12:40:43,845 - Name: 9, Distance: 0.7179760932922363
2024-06-02 12:40:43,845 - Name: 12, Distance: 0.7461799383163452
2024-06-02 12:40:43,845 - Name: 21, Distance: 0.7471367120742798
2024-06-02 12:40:43,947 - 5 result:
2024-06-02 12:40:43,947 - Name: 9, Distance: 0.10592378675937653
2024-06-02 12:40:43,947 - Name: 9, Distance: 0.13090118765830994
2024-06-02 12:40:43,947 - Name: 21, Distance: 0.14461487531661987
2024-06-02 12:40:43,947 - Name: 21, Distance: 0.16942065954208374
2024-06-02 12:40:43,947 - Name: 9, Distance: 0.17108358442783356
2024-06-02 12:40:44,014 - 50 result:
2024-06-02 12:40:44,014 - Name: 31, Distance: 0.12675751745700836
2024-06-02 12:40:44,014 - Name: 31, Distance: 0.13912583887577057
2024-06-02 12:40:44,014 - Name: 50, Distance: 0.15265710651874542
2024-06-02 12:40:44,014 - Name: 31, Distance: 0.1670500487089157
2024-06-02 12:40:44,014 - Name: 23, Distance: 0.17501363158226013
2024-06-02 12:40:44,266 - 51 result:
2024-06-02 12:40:44,266 - Name: 23, Distance: 0.0428374707698822
2024-06-02 12:40:44,266 - Name: 43, Distance: 0.046127066016197205
2024-06-02 12:40:44,267 - Name: 50, Distance: 0.04936019703745842
2024-06-02 12:40:44,267 - Name: 23, Distance: 0.07317972928285599
2024-06-02 12:40:44,267 - Name: 31, Distance: 0.07939756661653519
2024-06-02 12:40:44,871 - 52 result:
2024-06-02 12:40:44,871 - Name: 3, Distance: 0.2655995786190033
2024-06-02 12:40:44,871 - Name: 2, Distance: 0.4059220850467682
2024-06-02 12:40:44,871 - Name: 3, Distance: 0.49559101462364197
2024-06-02 12:40:44,871 - Name: 3, Distance: 0.49813881516456604
2024-06-02 12:40:44,871 - Name: 2, Distance: 0.5250901579856873
2024-06-02 12:40:44,941 - 53 result:
2024-06-02 12:40:44,942 - Name: 40, Distance: 0.01940193399786949
2024-06-02 12:40:44,942 - Name: 58, Distance: 0.05116572231054306
2024-06-02 12:40:44,942 - Name: 46, Distance: 0.06780559569597244
2024-06-02 12:40:44,942 - Name: 40, Distance: 0.0800873264670372
2024-06-02 12:40:44,942 - Name: 58, Distance: 0.0826733410358429
2024-06-02 12:40:45,195 - 54 result:
2024-06-02 12:40:45,195 - Name: 0, Distance: 0.4246370792388916
2024-06-02 12:40:45,195 - Name: 54, Distance: 0.46346572041511536
2024-06-02 12:40:45,195 - Name: 1, Distance: 0.4787505567073822
2024-06-02 12:40:45,195 - Name: 54, Distance: 0.5069720149040222
2024-06-02 12:40:45,195 - Name: 0, Distance: 0.5177562832832336
2024-06-02 12:40:45,810 - 55 result:
2024-06-02 12:40:45,811 - Name: 39, Distance: 0.2849281132221222
2024-06-02 12:40:45,811 - Name: 39, Distance: 0.3157798647880554
2024-06-02 12:40:45,811 - Name: 52, Distance: 0.31930670142173767
2024-06-02 12:40:45,811 - Name: 44, Distance: 0.34493860602378845
2024-06-02 12:40:45,811 - Name: 39, Distance: 0.3467939794063568
2024-06-02 12:40:45,858 - 56 result:
2024-06-02 12:40:45,858 - Name: 53, Distance: 0.5495028495788574
2024-06-02 12:40:45,859 - Name: 53, Distance: 0.6399449706077576
2024-06-02 12:40:45,859 - Name: 5, Distance: 0.6464226245880127
2024-06-02 12:40:45,859 - Name: 58, Distance: 0.658118724822998
2024-06-02 12:40:45,859 - Name: 18, Distance: 0.6613825559616089
2024-06-02 12:40:45,974 - 57 result:
2024-06-02 12:40:45,974 - Name: 35, Distance: 0.5534180402755737
2024-06-02 12:40:45,974 - Name: 14, Distance: 0.6661096215248108
2024-06-02 12:40:45,974 - Name: 55, Distance: 0.672997772693634
2024-06-02 12:40:45,975 - Name: 10, Distance: 0.6841780543327332
2024-06-02 12:40:45,975 - Name: 14, Distance: 0.696385383605957
2024-06-02 12:40:46,125 - 58 result:
2024-06-02 12:40:46,125 - Name: 41, Distance: 0.05237245932221413
2024-06-02 12:40:46,125 - Name: 41, Distance: 0.06441017985343933
2024-06-02 12:40:46,125 - Name: 36, Distance: 0.09409569203853607
2024-06-02 12:40:46,125 - Name: 59, Distance: 0.09925566613674164
2024-06-02 12:40:46,126 - Name: 36, Distance: 0.12855780124664307
2024-06-02 12:40:46,733 - 59 result:
2024-06-02 12:40:46,733 - Name: 54, Distance: 0.3713480830192566
2024-06-02 12:40:46,733 - Name: 0, Distance: 0.42271262407302856
2024-06-02 12:40:46,733 - Name: 54, Distance: 0.45118874311447144
2024-06-02 12:40:46,733 - Name: 1, Distance: 0.4700517952442169
2024-06-02 12:40:46,733 - Name: 58, Distance: 0.4778980016708374
2024-06-02 12:40:46,783 - 6 result:
2024-06-02 12:40:46,783 - Name: 24, Distance: 0.19595451653003693
2024-06-02 12:40:46,783 - Name: 24, Distance: 0.19654573500156403
2024-06-02 12:40:46,783 - Name: 28, Distance: 0.20458556711673737
2024-06-02 12:40:46,783 - Name: 24, Distance: 0.2232973277568817
2024-06-02 12:40:46,783 - Name: 28, Distance: 0.24942804872989655
2024-06-02 12:40:47,008 - 7 result:
2024-06-02 12:40:47,008 - Name: 24, Distance: 0.04702148959040642
2024-06-02 12:40:47,008 - Name: 24, Distance: 0.047235045582056046
2024-06-02 12:40:47,008 - Name: 28, Distance: 0.06349486112594604
2024-06-02 12:40:47,008 - Name: 24, Distance: 0.07329593598842621
2024-06-02 12:40:47,008 - Name: 28, Distance: 0.10672667622566223
2024-06-02 12:40:47,594 - 8 result:
2024-06-02 12:40:47,594 - Name: 16, Distance: 0.2432144433259964
2024-06-02 12:40:47,594 - Name: 27, Distance: 0.2520126402378082
2024-06-02 12:40:47,594 - Name: 25, Distance: 0.25365951657295227
2024-06-02 12:40:47,594 - Name: 25, Distance: 0.27770325541496277
2024-06-02 12:40:47,594 - Name: 27, Distance: 0.2812774181365967
2024-06-02 12:40:47,678 - 9 result:
2024-06-02 12:40:47,679 - Name: 57, Distance: 0.22552090883255005
2024-06-02 12:40:47,679 - Name: 48, Distance: 0.2652533948421478
2024-06-02 12:40:47,679 - Name: 57, Distance: 0.3549010753631592
2024-06-02 12:40:47,679 - Name: 57, Distance: 0.38776683807373047
2024-06-02 12:40:47,679 - Name: 48, Distance: 0.4260954260826111
2024-06-02 12:40:47,759 - Total samples: 58
2024-06-02 12:40:47,759 - Correct predictions: 12
2024-06-02 12:40:47,760 - Incorrect predictions: 46
2024-06-02 12:40:47,760 - Accuracy: 20.69%
2024-06-02 12:40:47,760 - Correctly predicted classes:
2024-06-02 12:40:47,760 - 10: 1
2024-06-02 12:40:47,760 - 17: 1
2024-06-02 12:40:47,760 - 16: 1
2024-06-02 12:40:47,760 - 31: 1
2024-06-02 12:40:47,761 - 24: 1
2024-06-02 12:40:47,761 - 50: 1
2024-06-02 12:40:47,761 - 54: 1
2024-06-02 12:40:47,761 - 13: 1
2024-06-02 12:40:47,761 - 19: 1
2024-06-02 12:40:47,761 - 26: 1
2024-06-02 12:40:47,761 - 25: 1
2024-06-02 12:40:47,761 - 44: 1
2024-06-02 12:40:47,762 - Incorrectly predicted classes:
2024-06-02 12:40:47,762 - 52: 1
2024-06-02 12:40:47,762 - 57: 1
2024-06-02 12:40:47,762 - 1: 1
2024-06-02 12:40:47,762 - 38: 1
2024-06-02 12:40:47,762 - 53: 1
2024-06-02 12:40:47,762 - 56: 1
2024-06-02 12:40:47,762 - 42: 1
2024-06-02 12:40:47,763 - 12: 1
2024-06-02 12:40:47,763 - 58: 1
2024-06-02 12:40:47,763 - 47: 1
2024-06-02 12:40:47,763 - 15: 1
2024-06-02 12:40:47,763 - 18: 1
2024-06-02 12:40:47,763 - 6: 1
2024-06-02 12:40:47,763 - 30: 1
2024-06-02 12:40:47,764 - 21: 1
2024-06-02 12:40:47,764 - 7: 1
2024-06-02 12:40:47,764 - 46: 1
2024-06-02 12:40:47,764 - 55: 1
2024-06-02 12:40:47,764 - 36: 1
2024-06-02 12:40:47,764 - 0: 1
2024-06-02 12:40:47,764 - 2: 1
2024-06-02 12:40:47,764 - 4: 1
2024-06-02 12:40:47,765 - 45: 1
2024-06-02 12:40:47,765 - 59: 1
2024-06-02 12:40:47,765 - 11: 1
2024-06-02 12:40:47,765 - 27: 1
2024-06-02 12:40:47,765 - 9: 1
2024-06-02 12:40:47,765 - 28: 1
2024-06-02 12:40:47,765 - 32: 1
2024-06-02 12:40:47,765 - 35: 1
2024-06-02 12:40:47,766 - 33: 1
2024-06-02 12:40:47,766 - 23: 1
2024-06-02 12:40:47,766 - 40: 1
2024-06-02 12:40:47,766 - 37: 1
2024-06-02 12:40:47,766 - 34: 1
2024-06-02 12:40:47,766 - 51: 1
2024-06-02 12:40:47,766 - 39: 1
2024-06-02 12:40:47,766 - 8: 1
2024-06-02 12:40:47,767 - 22: 1
2024-06-02 12:40:47,767 - 48: 1
2024-06-02 12:40:47,767 - 5: 1
2024-06-02 12:40:47,767 - 14: 1
2024-06-02 12:40:47,767 - 41: 1
2024-06-02 12:40:47,767 - 3: 1
2024-06-02 12:40:47,767 - 29: 1
2024-06-02 12:40:47,767 - 20: 1
