2024-06-02 11:32:23,955 - test_dir : ./Face_Dataset/Test
2024-06-02 11:32:23,955 - pretrained : work_dir/FaceNet_finetuning_Random_Batch_L2SP_60_32/FaceNet_finetuning_Random_Batch_L2SP_60_32_deepfake.pth
2024-06-02 11:32:23,955 - model_name : FaceNet_finetuning_Random_Batch_L2SP
2024-06-02 11:33:15,977 - 0 result:
2024-06-02 11:33:15,977 - Name: 9, Distance: 0.24413537979125977
2024-06-02 11:33:15,977 - Name: 50, Distance: 0.24483706057071686
2024-06-02 11:33:15,977 - Name: 9, Distance: 0.2501799166202545
2024-06-02 11:33:15,977 - Name: 50, Distance: 0.267530620098114
2024-06-02 11:33:15,977 - Name: 9, Distance: 0.26865383982658386
2024-06-02 11:33:16,030 - 1 result:
2024-06-02 11:33:16,030 - Name: 2, Distance: 0.15329796075820923
2024-06-02 11:33:16,030 - Name: 56, Distance: 0.200388565659523
2024-06-02 11:33:16,030 - Name: 56, Distance: 0.26796460151672363
2024-06-02 11:33:16,031 - Name: 4, Distance: 0.27040717005729675
2024-06-02 11:33:16,031 - Name: 2, Distance: 0.2842467725276947
2024-06-02 11:33:16,077 - 10 result:
2024-06-02 11:33:16,077 - Name: 22, Distance: 0.510663628578186
2024-06-02 11:33:16,077 - Name: 31, Distance: 0.5895621180534363
2024-06-02 11:33:16,077 - Name: 14, Distance: 0.5908227562904358
2024-06-02 11:33:16,077 - Name: 34, Distance: 0.5995072722434998
2024-06-02 11:33:16,077 - Name: 13, Distance: 0.6138328909873962
2024-06-02 11:33:16,309 - 11 result:
2024-06-02 11:33:16,309 - Name: 29, Distance: 0.2590210735797882
2024-06-02 11:33:16,309 - Name: 30, Distance: 0.2627404034137726
2024-06-02 11:33:16,309 - Name: 19, Distance: 0.31983742117881775
2024-06-02 11:33:16,309 - Name: 19, Distance: 0.3605174720287323
2024-06-02 11:33:16,310 - Name: 30, Distance: 0.36488088965415955
2024-06-02 11:33:16,917 - 12 result:
2024-06-02 11:33:16,917 - Name: 29, Distance: 0.19200581312179565
2024-06-02 11:33:16,918 - Name: 15, Distance: 0.24206960201263428
2024-06-02 11:33:16,918 - Name: 16, Distance: 0.242281973361969
2024-06-02 11:33:16,918 - Name: 15, Distance: 0.24692320823669434
2024-06-02 11:33:16,918 - Name: 8, Distance: 0.24977806210517883
2024-06-02 11:33:16,972 - 13 result:
2024-06-02 11:33:16,972 - Name: 13, Distance: 0.0
2024-06-02 11:33:16,972 - Name: 13, Distance: 0.07161479443311691
2024-06-02 11:33:16,972 - Name: 22, Distance: 0.09223584830760956
2024-06-02 11:33:16,972 - Name: 34, Distance: 0.12711618840694427
2024-06-02 11:33:16,972 - Name: 14, Distance: 0.15075795352458954
2024-06-02 11:33:17,206 - 14 result:
2024-06-02 11:33:17,206 - Name: 22, Distance: 0.5972545146942139
2024-06-02 11:33:17,206 - Name: 5, Distance: 0.6209698915481567
2024-06-02 11:33:17,206 - Name: 14, Distance: 0.6322853565216064
2024-06-02 11:33:17,206 - Name: 5, Distance: 0.6705918312072754
2024-06-02 11:33:17,206 - Name: 31, Distance: 0.6709370613098145
2024-06-02 11:33:17,811 - 15 result:
2024-06-02 11:33:17,811 - Name: 12, Distance: 0.056257110089063644
2024-06-02 11:33:17,811 - Name: 15, Distance: 0.08863072842359543
2024-06-02 11:33:17,811 - Name: 25, Distance: 0.09705023467540741
2024-06-02 11:33:17,811 - Name: 29, Distance: 0.21058160066604614
2024-06-02 11:33:17,811 - Name: 8, Distance: 0.2154739648103714
2024-06-02 11:33:17,875 - 16 result:
2024-06-02 11:33:17,875 - Name: 7, Distance: 0.18887557089328766
2024-06-02 11:33:17,875 - Name: 6, Distance: 0.22959032654762268
2024-06-02 11:33:17,875 - Name: 7, Distance: 0.2496659904718399
2024-06-02 11:33:17,875 - Name: 6, Distance: 0.2537152171134949
2024-06-02 11:33:17,875 - Name: 7, Distance: 0.3253280222415924
2024-06-02 11:33:17,932 - 17 result:
2024-06-02 11:33:17,933 - Name: 56, Distance: 0.5860927104949951
2024-06-02 11:33:17,933 - Name: 56, Distance: 0.6081864237785339
2024-06-02 11:33:17,933 - Name: 20, Distance: 0.6594805121421814
2024-06-02 11:33:17,933 - Name: 2, Distance: 0.6622046828269958
2024-06-02 11:33:17,933 - Name: 0, Distance: 0.6805049180984497
2024-06-02 11:33:18,359 - 18 result:
2024-06-02 11:33:18,360 - Name: 22, Distance: 0.05634568631649017
2024-06-02 11:33:18,360 - Name: 31, Distance: 0.10585690289735794
2024-06-02 11:33:18,360 - Name: 14, Distance: 0.14620409905910492
2024-06-02 11:33:18,360 - Name: 14, Distance: 0.17327609658241272
2024-06-02 11:33:18,360 - Name: 32, Distance: 0.22473786771297455
2024-06-02 11:33:18,795 - 19 result:
2024-06-02 11:33:18,795 - Name: 29, Distance: 0.10738431662321091
2024-06-02 11:33:18,795 - Name: 19, Distance: 0.12449803203344345
2024-06-02 11:33:18,795 - Name: 19, Distance: 0.14202895760536194
2024-06-02 11:33:18,796 - Name: 19, Distance: 0.18128152191638947
2024-06-02 11:33:18,796 - Name: 42, Distance: 0.24404728412628174
2024-06-02 11:33:18,923 - 2 result:
2024-06-02 11:33:18,923 - Name: 3, Distance: 0.2781846225261688
2024-06-02 11:33:18,923 - Name: 20, Distance: 0.29512888193130493
2024-06-02 11:33:18,924 - Name: 3, Distance: 0.31074339151382446
2024-06-02 11:33:18,924 - Name: 20, Distance: 0.3983059823513031
2024-06-02 11:33:18,924 - Name: 20, Distance: 0.4039900600910187
2024-06-02 11:33:18,980 - 20 result:
2024-06-02 11:33:18,980 - Name: 28, Distance: 0.18465957045555115
2024-06-02 11:33:18,980 - Name: 15, Distance: 0.18616512417793274
2024-06-02 11:33:18,980 - Name: 27, Distance: 0.19575287401676178
2024-06-02 11:33:18,980 - Name: 15, Distance: 0.20046760141849518
2024-06-02 11:33:18,980 - Name: 27, Distance: 0.2035440355539322
2024-06-02 11:33:19,228 - 21 result:
2024-06-02 11:33:19,228 - Name: 43, Distance: 0.08741936832666397
2024-06-02 11:33:19,229 - Name: 21, Distance: 0.12227879464626312
2024-06-02 11:33:19,229 - Name: 21, Distance: 0.13241992890834808
2024-06-02 11:33:19,229 - Name: 10, Distance: 0.13451683521270752
2024-06-02 11:33:19,229 - Name: 23, Distance: 0.13514956831932068
2024-06-02 11:33:19,850 - 22 result:
2024-06-02 11:33:19,850 - Name: 13, Distance: 0.3467550277709961
2024-06-02 11:33:19,850 - Name: 11, Distance: 0.43353164196014404
2024-06-02 11:33:19,851 - Name: 18, Distance: 0.4571026563644409
2024-06-02 11:33:19,851 - Name: 6, Distance: 0.46588370203971863
2024-06-02 11:33:19,851 - Name: 6, Distance: 0.4904109835624695
2024-06-02 11:33:19,904 - 23 result:
2024-06-02 11:33:19,904 - Name: 7, Distance: 0.3078063130378723
2024-06-02 11:33:19,904 - Name: 34, Distance: 0.34800806641578674
2024-06-02 11:33:19,904 - Name: 7, Distance: 0.37627536058425903
2024-06-02 11:33:19,904 - Name: 13, Distance: 0.40646520256996155
2024-06-02 11:33:19,904 - Name: 6, Distance: 0.41017645597457886
2024-06-02 11:33:19,956 - 24 result:
2024-06-02 11:33:19,957 - Name: 28, Distance: 0.08107338845729828
2024-06-02 11:33:19,957 - Name: 26, Distance: 0.12995679676532745
2024-06-02 11:33:19,957 - Name: 26, Distance: 0.13067084550857544
2024-06-02 11:33:19,957 - Name: 26, Distance: 0.17079201340675354
2024-06-02 11:33:19,957 - Name: 12, Distance: 0.1711171567440033
2024-06-02 11:33:20,181 - 25 result:
2024-06-02 11:33:20,181 - Name: 7, Distance: 0.28620070219039917
2024-06-02 11:33:20,181 - Name: 7, Distance: 0.3043907582759857
2024-06-02 11:33:20,181 - Name: 6, Distance: 0.31293460726737976
2024-06-02 11:33:20,181 - Name: 34, Distance: 0.3413369059562683
2024-06-02 11:33:20,181 - Name: 7, Distance: 0.36127325892448425
2024-06-02 11:33:20,808 - 26 result:
2024-06-02 11:33:20,808 - Name: 27, Distance: 0.04686177894473076
2024-06-02 11:33:20,808 - Name: 24, Distance: 0.05942263454198837
2024-06-02 11:33:20,809 - Name: 28, Distance: 0.0621686726808548
2024-06-02 11:33:20,809 - Name: 28, Distance: 0.06227625906467438
2024-06-02 11:33:20,809 - Name: 24, Distance: 0.08833571523427963
2024-06-02 11:33:20,862 - 27 result:
2024-06-02 11:33:20,862 - Name: 28, Distance: 0.13600949943065643
2024-06-02 11:33:20,862 - Name: 26, Distance: 0.15712378919124603
2024-06-02 11:33:20,862 - Name: 26, Distance: 0.18411892652511597
2024-06-02 11:33:20,862 - Name: 12, Distance: 0.20453710854053497
2024-06-02 11:33:20,862 - Name: 26, Distance: 0.2092037796974182
2024-06-02 11:33:20,913 - 28 result:
2024-06-02 11:33:20,914 - Name: 25, Distance: 0.24110029637813568
2024-06-02 11:33:20,914 - Name: 16, Distance: 0.25990432500839233
2024-06-02 11:33:20,914 - Name: 30, Distance: 0.3168361783027649
2024-06-02 11:33:20,914 - Name: 8, Distance: 0.3215729296207428
2024-06-02 11:33:20,914 - Name: 12, Distance: 0.3318357467651367
2024-06-02 11:33:21,137 - 29 result:
2024-06-02 11:33:21,137 - Name: 5, Distance: 0.5088929533958435
2024-06-02 11:33:21,137 - Name: 5, Distance: 0.6256468296051025
2024-06-02 11:33:21,138 - Name: 21, Distance: 0.6294997334480286
2024-06-02 11:33:21,138 - Name: 21, Distance: 0.66303551197052
2024-06-02 11:33:21,138 - Name: 43, Distance: 0.6693930625915527
2024-06-02 11:33:21,751 - 3 result:
2024-06-02 11:33:21,752 - Name: 56, Distance: 0.6499006152153015
2024-06-02 11:33:21,752 - Name: 58, Distance: 0.6838893294334412
2024-06-02 11:33:21,752 - Name: 56, Distance: 0.6983343362808228
2024-06-02 11:33:21,752 - Name: 2, Distance: 0.7661717534065247
2024-06-02 11:33:21,752 - Name: 2, Distance: 0.7723474502563477
2024-06-02 11:33:21,817 - 30 result:
2024-06-02 11:33:21,817 - Name: 15, Distance: 0.12122613936662674
2024-06-02 11:33:21,817 - Name: 15, Distance: 0.12765276432037354
2024-06-02 11:33:21,817 - Name: 27, Distance: 0.1722099930047989
2024-06-02 11:33:21,817 - Name: 28, Distance: 0.18256786465644836
2024-06-02 11:33:21,817 - Name: 26, Distance: 0.1874818056821823
2024-06-02 11:33:21,873 - 31 result:
2024-06-02 11:33:21,873 - Name: 9, Distance: 0.1516961306333542
2024-06-02 11:33:21,873 - Name: 5, Distance: 0.16783952713012695
2024-06-02 11:33:21,873 - Name: 50, Distance: 0.17035506665706635
2024-06-02 11:33:21,873 - Name: 9, Distance: 0.1815285086631775
2024-06-02 11:33:21,873 - Name: 9, Distance: 0.19288192689418793
2024-06-02 11:33:22,104 - 32 result:
2024-06-02 11:33:22,105 - Name: 40, Distance: 0.22830991446971893
2024-06-02 11:33:22,105 - Name: 44, Distance: 0.3458336293697357
2024-06-02 11:33:22,105 - Name: 1, Distance: 0.353634774684906
2024-06-02 11:33:22,105 - Name: 39, Distance: 0.3749426305294037
2024-06-02 11:33:22,105 - Name: 40, Distance: 0.3789801001548767
2024-06-02 11:33:22,731 - 33 result:
2024-06-02 11:33:22,732 - Name: 18, Distance: 0.38234975934028625
2024-06-02 11:33:22,732 - Name: 13, Distance: 0.4060111939907074
2024-06-02 11:33:22,732 - Name: 11, Distance: 0.44615936279296875
2024-06-02 11:33:22,732 - Name: 18, Distance: 0.5279741287231445
2024-06-02 11:33:22,732 - Name: 13, Distance: 0.5645375847816467
2024-06-02 11:33:22,788 - 34 result:
2024-06-02 11:33:22,788 - Name: 25, Distance: 0.10856118053197861
2024-06-02 11:33:22,788 - Name: 12, Distance: 0.2573017179965973
2024-06-02 11:33:22,788 - Name: 25, Distance: 0.2752954065799713
2024-06-02 11:33:22,788 - Name: 16, Distance: 0.3144448697566986
2024-06-02 11:33:22,788 - Name: 8, Distance: 0.3521314561367035
2024-06-02 11:33:23,024 - 35 result:
2024-06-02 11:33:23,024 - Name: 39, Distance: 0.24671795964241028
2024-06-02 11:33:23,024 - Name: 1, Distance: 0.3809055685997009
2024-06-02 11:33:23,024 - Name: 58, Distance: 0.4404042065143585
2024-06-02 11:33:23,024 - Name: 45, Distance: 0.4438856244087219
2024-06-02 11:33:23,024 - Name: 52, Distance: 0.47894346714019775
2024-06-02 11:33:23,709 - 36 result:
2024-06-02 11:33:23,710 - Name: 8, Distance: 0.23527465760707855
2024-06-02 11:33:23,710 - Name: 16, Distance: 0.28877657651901245
2024-06-02 11:33:23,710 - Name: 16, Distance: 0.2917991876602173
2024-06-02 11:33:23,710 - Name: 29, Distance: 0.29696932435035706
2024-06-02 11:33:23,710 - Name: 16, Distance: 0.30272239446640015
2024-06-02 11:33:24,040 - 37 result:
2024-06-02 11:33:24,040 - Name: 15, Distance: 0.05242973193526268
2024-06-02 11:33:24,040 - Name: 12, Distance: 0.1312488168478012
2024-06-02 11:33:24,040 - Name: 8, Distance: 0.1313488483428955
2024-06-02 11:33:24,040 - Name: 8, Distance: 0.13207143545150757
2024-06-02 11:33:24,040 - Name: 25, Distance: 0.1703755408525467
2024-06-02 11:33:24,635 - 38 result:
2024-06-02 11:33:24,635 - Name: 5, Distance: 0.15548963844776154
2024-06-02 11:33:24,635 - Name: 50, Distance: 0.15741916000843048
2024-06-02 11:33:24,635 - Name: 9, Distance: 0.15832054615020752
2024-06-02 11:33:24,635 - Name: 9, Distance: 0.17136956751346588
2024-06-02 11:33:24,635 - Name: 9, Distance: 0.1858910173177719
2024-06-02 11:33:24,701 - 39 result:
2024-06-02 11:33:24,701 - Name: 54, Distance: 0.23351043462753296
2024-06-02 11:33:24,701 - Name: 0, Distance: 0.2629999816417694
2024-06-02 11:33:24,702 - Name: 53, Distance: 0.28366518020629883
2024-06-02 11:33:24,702 - Name: 41, Distance: 0.29014766216278076
2024-06-02 11:33:24,702 - Name: 36, Distance: 0.3229728043079376
2024-06-02 11:33:24,944 - 4 result:
2024-06-02 11:33:24,944 - Name: 5, Distance: 0.4241008460521698
2024-06-02 11:33:24,945 - Name: 9, Distance: 0.44673997163772583
2024-06-02 11:33:24,945 - Name: 5, Distance: 0.45343178510665894
2024-06-02 11:33:24,945 - Name: 5, Distance: 0.4563029110431671
2024-06-02 11:33:24,945 - Name: 9, Distance: 0.4817647635936737
2024-06-02 11:33:25,538 - 40 result:
2024-06-02 11:33:25,538 - Name: 20, Distance: 0.13945704698562622
2024-06-02 11:33:25,538 - Name: 20, Distance: 0.1546642780303955
2024-06-02 11:33:25,538 - Name: 20, Distance: 0.17657865583896637
2024-06-02 11:33:25,538 - Name: 3, Distance: 0.29963693022727966
2024-06-02 11:33:25,539 - Name: 3, Distance: 0.3872443437576294
2024-06-02 11:33:25,621 - 41 result:
2024-06-02 11:33:25,621 - Name: 29, Distance: 0.06630448997020721
2024-06-02 11:33:25,621 - Name: 16, Distance: 0.10012748837471008
2024-06-02 11:33:25,621 - Name: 8, Distance: 0.10977282375097275
2024-06-02 11:33:25,621 - Name: 16, Distance: 0.1382511705160141
2024-06-02 11:33:25,621 - Name: 8, Distance: 0.14896485209465027
2024-06-02 11:33:25,676 - 42 result:
2024-06-02 11:33:25,677 - Name: 48, Distance: 0.6257416605949402
2024-06-02 11:33:25,677 - Name: 36, Distance: 0.6356781721115112
2024-06-02 11:33:25,677 - Name: 37, Distance: 0.7159616351127625
2024-06-02 11:33:25,677 - Name: 36, Distance: 0.7497966885566711
2024-06-02 11:33:25,677 - Name: 36, Distance: 0.755774974822998
2024-06-02 11:33:25,919 - 44 result:
2024-06-02 11:33:25,919 - Name: 2, Distance: 0.2090989649295807
2024-06-02 11:33:25,919 - Name: 56, Distance: 0.22670865058898926
2024-06-02 11:33:25,919 - Name: 2, Distance: 0.2647362947463989
2024-06-02 11:33:25,919 - Name: 4, Distance: 0.27295610308647156
2024-06-02 11:33:25,919 - Name: 52, Distance: 0.2733021378517151
2024-06-02 11:33:25,972 - 45 result:
2024-06-02 11:33:25,973 - Name: 46, Distance: 0.030980894342064857
2024-06-02 11:33:25,973 - Name: 35, Distance: 0.05011638626456261
2024-06-02 11:33:25,973 - Name: 53, Distance: 0.052064187824726105
2024-06-02 11:33:25,973 - Name: 38, Distance: 0.081203393638134
2024-06-02 11:33:25,973 - Name: 53, Distance: 0.08167225122451782
2024-06-02 11:33:26,561 - 46 result:
2024-06-02 11:33:26,561 - Name: 0, Distance: 0.20028512179851532
2024-06-02 11:33:26,561 - Name: 0, Distance: 0.2484000027179718
2024-06-02 11:33:26,561 - Name: 58, Distance: 0.28523245453834534
2024-06-02 11:33:26,561 - Name: 58, Distance: 0.369378000497818
2024-06-02 11:33:26,561 - Name: 36, Distance: 0.41685786843299866
2024-06-02 11:33:26,644 - 47 result:
2024-06-02 11:33:26,645 - Name: 39, Distance: 0.10283008962869644
2024-06-02 11:33:26,645 - Name: 1, Distance: 0.38239577412605286
2024-06-02 11:33:26,645 - Name: 40, Distance: 0.48459988832473755
2024-06-02 11:33:26,645 - Name: 45, Distance: 0.48830270767211914
2024-06-02 11:33:26,645 - Name: 58, Distance: 0.5169431567192078
2024-06-02 11:33:26,701 - 48 result:
2024-06-02 11:33:26,701 - Name: 2, Distance: 0.10567381978034973
2024-06-02 11:33:26,701 - Name: 4, Distance: 0.12795503437519073
2024-06-02 11:33:26,701 - Name: 2, Distance: 0.13817943632602692
2024-06-02 11:33:26,701 - Name: 45, Distance: 0.14123523235321045
2024-06-02 11:33:26,702 - Name: 42, Distance: 0.16729846596717834
2024-06-02 11:33:26,937 - 5 result:
2024-06-02 11:33:26,937 - Name: 14, Distance: 0.2995589077472687
2024-06-02 11:33:26,937 - Name: 5, Distance: 0.30777955055236816
2024-06-02 11:33:26,937 - Name: 5, Distance: 0.32124918699264526
2024-06-02 11:33:26,937 - Name: 50, Distance: 0.33299151062965393
2024-06-02 11:33:26,938 - Name: 9, Distance: 0.3348390758037567
2024-06-02 11:33:27,562 - 50 result:
2024-06-02 11:33:27,562 - Name: 5, Distance: 0.2314215898513794
2024-06-02 11:33:27,563 - Name: 9, Distance: 0.2335832267999649
2024-06-02 11:33:27,563 - Name: 50, Distance: 0.23554569482803345
2024-06-02 11:33:27,563 - Name: 5, Distance: 0.23558731377124786
2024-06-02 11:33:27,563 - Name: 9, Distance: 0.2879873514175415
2024-06-02 11:33:27,620 - 51 result:
2024-06-02 11:33:27,620 - Name: 10, Distance: 0.2908170521259308
2024-06-02 11:33:27,620 - Name: 55, Distance: 0.40607914328575134
2024-06-02 11:33:27,620 - Name: 43, Distance: 0.47533512115478516
2024-06-02 11:33:27,620 - Name: 5, Distance: 0.5108177661895752
2024-06-02 11:33:27,620 - Name: 43, Distance: 0.5381181240081787
2024-06-02 11:33:27,674 - 52 result:
2024-06-02 11:33:27,675 - Name: 45, Distance: 0.2895852327346802
2024-06-02 11:33:27,675 - Name: 4, Distance: 0.3416483700275421
2024-06-02 11:33:27,675 - Name: 4, Distance: 0.4180731177330017
2024-06-02 11:33:27,675 - Name: 45, Distance: 0.43079930543899536
2024-06-02 11:33:27,675 - Name: 52, Distance: 0.4512682855129242
2024-06-02 11:33:27,899 - 53 result:
2024-06-02 11:33:27,899 - Name: 37, Distance: 0.04408024996519089
2024-06-02 11:33:27,899 - Name: 37, Distance: 0.15029454231262207
2024-06-02 11:33:27,899 - Name: 59, Distance: 0.18425717949867249
2024-06-02 11:33:27,899 - Name: 44, Distance: 0.19249005615711212
2024-06-02 11:33:27,899 - Name: 36, Distance: 0.20633913576602936
2024-06-02 11:33:28,521 - 54 result:
2024-06-02 11:33:28,521 - Name: 0, Distance: 0.6276493668556213
2024-06-02 11:33:28,521 - Name: 58, Distance: 0.6487808227539062
2024-06-02 11:33:28,521 - Name: 0, Distance: 0.6500813364982605
2024-06-02 11:33:28,521 - Name: 38, Distance: 0.7223705053329468
2024-06-02 11:33:28,521 - Name: 0, Distance: 0.7251383662223816
2024-06-02 11:33:28,618 - 55 result:
2024-06-02 11:33:28,618 - Name: 5, Distance: 0.4423741400241852
2024-06-02 11:33:28,618 - Name: 10, Distance: 0.48980435729026794
2024-06-02 11:33:28,618 - Name: 43, Distance: 0.5367836952209473
2024-06-02 11:33:28,618 - Name: 43, Distance: 0.5411891341209412
2024-06-02 11:33:28,618 - Name: 21, Distance: 0.5536914467811584
2024-06-02 11:33:28,676 - 56 result:
2024-06-02 11:33:28,676 - Name: 0, Distance: 0.16638344526290894
2024-06-02 11:33:28,676 - Name: 41, Distance: 0.183854877948761
2024-06-02 11:33:28,676 - Name: 35, Distance: 0.21298207342624664
2024-06-02 11:33:28,676 - Name: 35, Distance: 0.2576138973236084
2024-06-02 11:33:28,676 - Name: 41, Distance: 0.25775155425071716
2024-06-02 11:33:28,905 - 57 result:
2024-06-02 11:33:28,905 - Name: 37, Distance: 0.11706016957759857
2024-06-02 11:33:28,905 - Name: 37, Distance: 0.12241379916667938
2024-06-02 11:33:28,906 - Name: 40, Distance: 0.211099773645401
2024-06-02 11:33:28,906 - Name: 58, Distance: 0.21805249154567719
2024-06-02 11:33:28,906 - Name: 37, Distance: 0.22249595820903778
2024-06-02 11:33:29,532 - 58 result:
2024-06-02 11:33:29,532 - Name: 56, Distance: 0.37330755591392517
2024-06-02 11:33:29,533 - Name: 56, Distance: 0.37587279081344604
2024-06-02 11:33:29,533 - Name: 2, Distance: 0.5152642726898193
2024-06-02 11:33:29,533 - Name: 58, Distance: 0.5418955683708191
2024-06-02 11:33:29,533 - Name: 2, Distance: 0.5504164695739746
2024-06-02 11:33:29,588 - 59 result:
2024-06-02 11:33:29,588 - Name: 38, Distance: 0.17565496265888214
2024-06-02 11:33:29,588 - Name: 0, Distance: 0.19907934963703156
2024-06-02 11:33:29,588 - Name: 35, Distance: 0.20856209099292755
2024-06-02 11:33:29,588 - Name: 41, Distance: 0.21472150087356567
2024-06-02 11:33:29,588 - Name: 41, Distance: 0.22778305411338806
2024-06-02 11:33:29,819 - 6 result:
2024-06-02 11:33:29,820 - Name: 7, Distance: 0.4683998227119446
2024-06-02 11:33:29,820 - Name: 25, Distance: 0.5329285860061646
2024-06-02 11:33:29,820 - Name: 34, Distance: 0.5424696207046509
2024-06-02 11:33:29,820 - Name: 7, Distance: 0.5478874444961548
2024-06-02 11:33:29,820 - Name: 13, Distance: 0.5838127732276917
2024-06-02 11:33:30,450 - 7 result:
2024-06-02 11:33:30,450 - Name: 7, Distance: 0.21897360682487488
2024-06-02 11:33:30,450 - Name: 7, Distance: 0.2416287064552307
2024-06-02 11:33:30,451 - Name: 7, Distance: 0.24526119232177734
2024-06-02 11:33:30,451 - Name: 6, Distance: 0.32141485810279846
2024-06-02 11:33:30,451 - Name: 6, Distance: 0.33276423811912537
2024-06-02 11:33:30,507 - 8 result:
2024-06-02 11:33:30,507 - Name: 29, Distance: 0.0692664086818695
2024-06-02 11:33:30,507 - Name: 8, Distance: 0.12312590330839157
2024-06-02 11:33:30,507 - Name: 15, Distance: 0.1284574419260025
2024-06-02 11:33:30,507 - Name: 25, Distance: 0.1444413810968399
2024-06-02 11:33:30,507 - Name: 16, Distance: 0.1499350666999817
2024-06-02 11:33:30,557 - 9 result:
2024-06-02 11:33:30,557 - Name: 30, Distance: 0.13243377208709717
2024-06-02 11:33:30,557 - Name: 30, Distance: 0.14751730859279633
2024-06-02 11:33:30,557 - Name: 30, Distance: 0.25175029039382935
2024-06-02 11:33:30,557 - Name: 19, Distance: 0.4168267846107483
2024-06-02 11:33:30,557 - Name: 12, Distance: 0.4241468906402588
2024-06-02 11:33:30,646 - Total samples: 58
2024-06-02 11:33:30,647 - Correct predictions: 11
2024-06-02 11:33:30,647 - Incorrect predictions: 47
2024-06-02 11:33:30,647 - Accuracy: 18.97%
2024-06-02 11:33:30,647 - Correctly predicted classes:
2024-06-02 11:33:30,647 - 50: 1
2024-06-02 11:33:30,647 - 19: 1
2024-06-02 11:33:30,647 - 14: 1
2024-06-02 11:33:30,647 - 58: 1
2024-06-02 11:33:30,647 - 7: 1
2024-06-02 11:33:30,648 - 21: 1
2024-06-02 11:33:30,648 - 13: 1
2024-06-02 11:33:30,648 - 52: 1
2024-06-02 11:33:30,648 - 15: 1
2024-06-02 11:33:30,648 - 5: 1
2024-06-02 11:33:30,648 - 8: 1
2024-06-02 11:33:30,648 - Incorrectly predicted classes:
2024-06-02 11:33:30,648 - 47: 1
2024-06-02 11:33:30,648 - 20: 1
2024-06-02 11:33:30,649 - 56: 1
2024-06-02 11:33:30,649 - 57: 1
2024-06-02 11:33:30,649 - 55: 1
2024-06-02 11:33:30,649 - 12: 1
2024-06-02 11:33:30,649 - 34: 1
2024-06-02 11:33:30,649 - 40: 1
2024-06-02 11:33:30,649 - 44: 1
2024-06-02 11:33:30,649 - 30: 1
2024-06-02 11:33:30,649 - 54: 1
2024-06-02 11:33:30,650 - 9: 1
2024-06-02 11:33:30,650 - 25: 1
2024-06-02 11:33:30,650 - 42: 1
2024-06-02 11:33:30,650 - 2: 1
2024-06-02 11:33:30,651 - 53: 1
2024-06-02 11:33:30,651 - 28: 1
2024-06-02 11:33:30,651 - 29: 1
2024-06-02 11:33:30,651 - 6: 1
2024-06-02 11:33:30,651 - 3: 1
2024-06-02 11:33:30,651 - 16: 1
2024-06-02 11:33:30,651 - 33: 1
2024-06-02 11:33:30,651 - 38: 1
2024-06-02 11:33:30,651 - 27: 1
2024-06-02 11:33:30,652 - 1: 1
2024-06-02 11:33:30,652 - 22: 1
2024-06-02 11:33:30,652 - 36: 1
2024-06-02 11:33:30,652 - 31: 1
2024-06-02 11:33:30,652 - 51: 1
2024-06-02 11:33:30,652 - 39: 1
2024-06-02 11:33:30,652 - 48: 1
2024-06-02 11:33:30,652 - 35: 1
2024-06-02 11:33:30,652 - 41: 1
2024-06-02 11:33:30,653 - 18: 1
2024-06-02 11:33:30,653 - 11: 1
2024-06-02 11:33:30,653 - 4: 1
2024-06-02 11:33:30,653 - 46: 1
2024-06-02 11:33:30,653 - 32: 1
2024-06-02 11:33:30,653 - 17: 1
2024-06-02 11:33:30,653 - 45: 1
2024-06-02 11:33:30,653 - 10: 1
2024-06-02 11:33:30,653 - 59: 1
2024-06-02 11:33:30,654 - 0: 1
2024-06-02 11:33:30,654 - 23: 1
2024-06-02 11:33:30,654 - 37: 1
2024-06-02 11:33:30,654 - 24: 1
2024-06-02 11:33:30,654 - 26: 1
