2024-06-02 23:58:39,363 - test_dir : ./Face_Dataset/Test
2024-06-02 23:58:39,363 - pretrained : work_dir/FaceNet_finetuning_Random_Batch_FNP_CE_Fusion_70_32/FaceNet_finetuning_Random_Batch_FNP_CE_Fusion_70_32_deepfake.pth
2024-06-02 23:58:39,363 - model_name : FaceNet_finetuning_Random_Batch_FNP_CE_Fusion
2024-06-02 23:59:29,167 - 0 result:
2024-06-02 23:59:29,167 - Name: 11, Distance: 0.311542272567749
2024-06-02 23:59:29,167 - Name: 50, Distance: 0.32023221254348755
2024-06-02 23:59:29,167 - Name: 42, Distance: 0.3263626992702484
2024-06-02 23:59:29,167 - Name: 27, Distance: 0.37572741508483887
2024-06-02 23:59:29,167 - Name: 9, Distance: 0.38251379132270813
2024-06-02 23:59:29,216 - 1 result:
2024-06-02 23:59:29,216 - Name: 8, Distance: 0.1809300035238266
2024-06-02 23:59:29,216 - Name: 2, Distance: 0.18536131083965302
2024-06-02 23:59:29,217 - Name: 7, Distance: 0.192652627825737
2024-06-02 23:59:29,217 - Name: 35, Distance: 0.19662995636463165
2024-06-02 23:59:29,217 - Name: 18, Distance: 0.20181959867477417
2024-06-02 23:59:29,267 - 10 result:
2024-06-02 23:59:29,267 - Name: 43, Distance: 0.2548767328262329
2024-06-02 23:59:29,267 - Name: 58, Distance: 0.3230053782463074
2024-06-02 23:59:29,267 - Name: 5, Distance: 0.34247931838035583
2024-06-02 23:59:29,267 - Name: 27, Distance: 0.3516829311847687
2024-06-02 23:59:29,267 - Name: 45, Distance: 0.3682954013347626
2024-06-02 23:59:29,312 - 11 result:
2024-06-02 23:59:29,312 - Name: 14, Distance: 0.14062413573265076
2024-06-02 23:59:29,312 - Name: 52, Distance: 0.1672881543636322
2024-06-02 23:59:29,312 - Name: 2, Distance: 0.17273332178592682
2024-06-02 23:59:29,312 - Name: 54, Distance: 0.1753607839345932
2024-06-02 23:59:29,313 - Name: 57, Distance: 0.1772250533103943
2024-06-02 23:59:29,539 - 12 result:
2024-06-02 23:59:29,539 - Name: 15, Distance: 0.418251633644104
2024-06-02 23:59:29,539 - Name: 9, Distance: 0.47633621096611023
2024-06-02 23:59:29,540 - Name: 15, Distance: 0.49624431133270264
2024-06-02 23:59:29,540 - Name: 42, Distance: 0.5039507746696472
2024-06-02 23:59:29,540 - Name: 27, Distance: 0.5088776350021362
2024-06-02 23:59:30,147 - 13 result:
2024-06-02 23:59:30,148 - Name: 13, Distance: 0.0
2024-06-02 23:59:30,148 - Name: 8, Distance: 0.5976143479347229
2024-06-02 23:59:30,148 - Name: 20, Distance: 0.6337752938270569
2024-06-02 23:59:30,148 - Name: 32, Distance: 0.6475743651390076
2024-06-02 23:59:30,148 - Name: 23, Distance: 0.6951054334640503
2024-06-02 23:59:30,202 - 14 result:
2024-06-02 23:59:30,202 - Name: 50, Distance: 0.5173803567886353
2024-06-02 23:59:30,202 - Name: 11, Distance: 0.575706958770752
2024-06-02 23:59:30,202 - Name: 12, Distance: 0.6237510442733765
2024-06-02 23:59:30,202 - Name: 42, Distance: 0.6339720487594604
2024-06-02 23:59:30,202 - Name: 23, Distance: 0.6634644865989685
2024-06-02 23:59:30,430 - 15 result:
2024-06-02 23:59:30,430 - Name: 33, Distance: 0.24915561079978943
2024-06-02 23:59:30,431 - Name: 33, Distance: 0.2668994069099426
2024-06-02 23:59:30,431 - Name: 25, Distance: 0.28418731689453125
2024-06-02 23:59:30,431 - Name: 7, Distance: 0.32259562611579895
2024-06-02 23:59:30,431 - Name: 21, Distance: 0.3302965760231018
2024-06-02 23:59:31,007 - 16 result:
2024-06-02 23:59:31,007 - Name: 2, Distance: 0.15666528046131134
2024-06-02 23:59:31,007 - Name: 35, Distance: 0.16095678508281708
2024-06-02 23:59:31,007 - Name: 9, Distance: 0.1624986231327057
2024-06-02 23:59:31,007 - Name: 33, Distance: 0.16614440083503723
2024-06-02 23:59:31,007 - Name: 18, Distance: 0.16664017736911774
2024-06-02 23:59:31,105 - 17 result:
2024-06-02 23:59:31,105 - Name: 7, Distance: 0.23914144933223724
2024-06-02 23:59:31,105 - Name: 31, Distance: 0.26710444688796997
2024-06-02 23:59:31,105 - Name: 13, Distance: 0.28516656160354614
2024-06-02 23:59:31,105 - Name: 32, Distance: 0.300586462020874
2024-06-02 23:59:31,105 - Name: 6, Distance: 0.30588430166244507
2024-06-02 23:59:31,159 - 18 result:
2024-06-02 23:59:31,159 - Name: 33, Distance: 0.10961280763149261
2024-06-02 23:59:31,159 - Name: 21, Distance: 0.1153247058391571
2024-06-02 23:59:31,159 - Name: 21, Distance: 0.14506587386131287
2024-06-02 23:59:31,159 - Name: 50, Distance: 0.15180863440036774
2024-06-02 23:59:31,159 - Name: 21, Distance: 0.1571374237537384
2024-06-02 23:59:31,399 - 19 result:
2024-06-02 23:59:31,399 - Name: 17, Distance: 0.1730802059173584
2024-06-02 23:59:31,399 - Name: 42, Distance: 0.1821376085281372
2024-06-02 23:59:31,399 - Name: 45, Distance: 0.19919493794441223
2024-06-02 23:59:31,399 - Name: 31, Distance: 0.20651647448539734
2024-06-02 23:59:31,399 - Name: 39, Distance: 0.23958025872707367
2024-06-02 23:59:32,009 - 2 result:
2024-06-02 23:59:32,009 - Name: 7, Distance: 0.29354801774024963
2024-06-02 23:59:32,009 - Name: 27, Distance: 0.34490087628364563
2024-06-02 23:59:32,010 - Name: 0, Distance: 0.3633289933204651
2024-06-02 23:59:32,010 - Name: 47, Distance: 0.36362481117248535
2024-06-02 23:59:32,010 - Name: 20, Distance: 0.3675622344017029
2024-06-02 23:59:32,064 - 20 result:
2024-06-02 23:59:32,064 - Name: 10, Distance: 0.14116135239601135
2024-06-02 23:59:32,064 - Name: 21, Distance: 0.14180564880371094
2024-06-02 23:59:32,064 - Name: 37, Distance: 0.14354006946086884
2024-06-02 23:59:32,064 - Name: 35, Distance: 0.14591839909553528
2024-06-02 23:59:32,064 - Name: 50, Distance: 0.1459377110004425
2024-06-02 23:59:32,296 - 21 result:
2024-06-02 23:59:32,296 - Name: 57, Distance: 0.24720914661884308
2024-06-02 23:59:32,296 - Name: 5, Distance: 0.2482374906539917
2024-06-02 23:59:32,296 - Name: 43, Distance: 0.26822629570961
2024-06-02 23:59:32,296 - Name: 12, Distance: 0.33655136823654175
2024-06-02 23:59:32,296 - Name: 31, Distance: 0.3442436754703522
2024-06-02 23:59:32,869 - 22 result:
2024-06-02 23:59:32,869 - Name: 58, Distance: 0.30738621950149536
2024-06-02 23:59:32,869 - Name: 0, Distance: 0.30845874547958374
2024-06-02 23:59:32,870 - Name: 32, Distance: 0.3385476768016815
2024-06-02 23:59:32,870 - Name: 20, Distance: 0.34210729598999023
2024-06-02 23:59:32,870 - Name: 39, Distance: 0.36954885721206665
2024-06-02 23:59:32,965 - 23 result:
2024-06-02 23:59:32,966 - Name: 50, Distance: 0.485693097114563
2024-06-02 23:59:32,966 - Name: 27, Distance: 0.4958246350288391
2024-06-02 23:59:32,966 - Name: 9, Distance: 0.5101531147956848
2024-06-02 23:59:32,966 - Name: 11, Distance: 0.5230623483657837
2024-06-02 23:59:32,966 - Name: 42, Distance: 0.5244976878166199
2024-06-02 23:59:33,022 - 24 result:
2024-06-02 23:59:33,022 - Name: 33, Distance: 0.36166703701019287
2024-06-02 23:59:33,022 - Name: 33, Distance: 0.3667861819267273
2024-06-02 23:59:33,022 - Name: 7, Distance: 0.36869049072265625
2024-06-02 23:59:33,022 - Name: 38, Distance: 0.389281302690506
2024-06-02 23:59:33,022 - Name: 31, Distance: 0.395250529050827
2024-06-02 23:59:33,267 - 25 result:
2024-06-02 23:59:33,268 - Name: 33, Distance: 0.17121544480323792
2024-06-02 23:59:33,268 - Name: 25, Distance: 0.21970871090888977
2024-06-02 23:59:33,268 - Name: 50, Distance: 0.2198057919740677
2024-06-02 23:59:33,268 - Name: 21, Distance: 0.22230930626392365
2024-06-02 23:59:33,268 - Name: 21, Distance: 0.22815804183483124
2024-06-02 23:59:33,876 - 26 result:
2024-06-02 23:59:33,876 - Name: 15, Distance: 0.5869158506393433
2024-06-02 23:59:33,876 - Name: 29, Distance: 0.6451843976974487
2024-06-02 23:59:33,876 - Name: 28, Distance: 0.666739821434021
2024-06-02 23:59:33,876 - Name: 44, Distance: 0.6680829524993896
2024-06-02 23:59:33,876 - Name: 19, Distance: 0.7162215709686279
2024-06-02 23:59:33,925 - 27 result:
2024-06-02 23:59:33,925 - Name: 15, Distance: 0.542106032371521
2024-06-02 23:59:33,925 - Name: 42, Distance: 0.5452277064323425
2024-06-02 23:59:33,925 - Name: 50, Distance: 0.5547072887420654
2024-06-02 23:59:33,925 - Name: 11, Distance: 0.613468587398529
2024-06-02 23:59:33,925 - Name: 27, Distance: 0.6222715377807617
2024-06-02 23:59:33,975 - 28 result:
2024-06-02 23:59:33,975 - Name: 44, Distance: 0.46728360652923584
2024-06-02 23:59:33,975 - Name: 28, Distance: 0.47808265686035156
2024-06-02 23:59:33,975 - Name: 19, Distance: 0.49181678891181946
2024-06-02 23:59:33,975 - Name: 22, Distance: 0.5063033103942871
2024-06-02 23:59:33,975 - Name: 38, Distance: 0.5324767231941223
2024-06-02 23:59:34,265 - 29 result:
2024-06-02 23:59:34,265 - Name: 0, Distance: 0.09034896641969681
2024-06-02 23:59:34,265 - Name: 9, Distance: 0.0988030880689621
2024-06-02 23:59:34,265 - Name: 37, Distance: 0.09968908131122589
2024-06-02 23:59:34,265 - Name: 9, Distance: 0.10195364058017731
2024-06-02 23:59:34,265 - Name: 10, Distance: 0.10331103205680847
2024-06-02 23:59:34,809 - 3 result:
2024-06-02 23:59:34,809 - Name: 37, Distance: 0.06700588017702103
2024-06-02 23:59:34,809 - Name: 0, Distance: 0.0729035809636116
2024-06-02 23:59:34,809 - Name: 37, Distance: 0.08023868501186371
2024-06-02 23:59:34,809 - Name: 10, Distance: 0.08464120328426361
2024-06-02 23:59:34,809 - Name: 56, Distance: 0.08846749365329742
2024-06-02 23:59:34,861 - 30 result:
2024-06-02 23:59:34,861 - Name: 27, Distance: 0.3225342035293579
2024-06-02 23:59:34,861 - Name: 11, Distance: 0.3352058529853821
2024-06-02 23:59:34,861 - Name: 9, Distance: 0.35162514448165894
2024-06-02 23:59:34,861 - Name: 42, Distance: 0.3971501886844635
2024-06-02 23:59:34,861 - Name: 50, Distance: 0.4023064374923706
2024-06-02 23:59:34,911 - 31 result:
2024-06-02 23:59:34,911 - Name: 5, Distance: 0.1780695617198944
2024-06-02 23:59:34,911 - Name: 32, Distance: 0.18400438129901886
2024-06-02 23:59:34,911 - Name: 56, Distance: 0.22531801462173462
2024-06-02 23:59:34,911 - Name: 1, Distance: 0.2278997153043747
2024-06-02 23:59:34,911 - Name: 57, Distance: 0.23137293756008148
2024-06-02 23:59:35,133 - 32 result:
2024-06-02 23:59:35,133 - Name: 1, Distance: 0.16342724859714508
2024-06-02 23:59:35,133 - Name: 31, Distance: 0.18638940155506134
2024-06-02 23:59:35,133 - Name: 35, Distance: 0.21021872758865356
2024-06-02 23:59:35,133 - Name: 45, Distance: 0.2139720469713211
2024-06-02 23:59:35,133 - Name: 42, Distance: 0.2182517796754837
2024-06-02 23:59:35,758 - 33 result:
2024-06-02 23:59:35,758 - Name: 1, Distance: 0.1610560268163681
2024-06-02 23:59:35,758 - Name: 2, Distance: 0.1763688027858734
2024-06-02 23:59:35,758 - Name: 52, Distance: 0.1877516657114029
2024-06-02 23:59:35,758 - Name: 18, Distance: 0.18799994885921478
2024-06-02 23:59:35,758 - Name: 52, Distance: 0.19535809755325317
2024-06-02 23:59:35,812 - 34 result:
2024-06-02 23:59:35,812 - Name: 8, Distance: 0.40032657980918884
2024-06-02 23:59:35,812 - Name: 47, Distance: 0.43831735849380493
2024-06-02 23:59:35,812 - Name: 34, Distance: 0.44300904870033264
2024-06-02 23:59:35,812 - Name: 20, Distance: 0.4491036832332611
2024-06-02 23:59:35,812 - Name: 32, Distance: 0.47936245799064636
2024-06-02 23:59:36,040 - 35 result:
2024-06-02 23:59:36,040 - Name: 14, Distance: 0.11799585819244385
2024-06-02 23:59:36,040 - Name: 9, Distance: 0.11960802227258682
2024-06-02 23:59:36,040 - Name: 54, Distance: 0.12496627122163773
2024-06-02 23:59:36,040 - Name: 53, Distance: 0.12510791420936584
2024-06-02 23:59:36,040 - Name: 10, Distance: 0.12871702015399933
2024-06-02 23:59:36,640 - 36 result:
2024-06-02 23:59:36,640 - Name: 3, Distance: 0.21487192809581757
2024-06-02 23:59:36,640 - Name: 3, Distance: 0.22725200653076172
2024-06-02 23:59:36,640 - Name: 34, Distance: 0.23553580045700073
2024-06-02 23:59:36,640 - Name: 23, Distance: 0.2454404979944229
2024-06-02 23:59:36,640 - Name: 39, Distance: 0.24743714928627014
2024-06-02 23:59:36,726 - 37 result:
2024-06-02 23:59:36,726 - Name: 15, Distance: 0.3995533287525177
2024-06-02 23:59:36,726 - Name: 28, Distance: 0.44937664270401
2024-06-02 23:59:36,726 - Name: 19, Distance: 0.5145542621612549
2024-06-02 23:59:36,726 - Name: 29, Distance: 0.5169432759284973
2024-06-02 23:59:36,726 - Name: 27, Distance: 0.533913254737854
2024-06-02 23:59:36,779 - 38 result:
2024-06-02 23:59:36,779 - Name: 33, Distance: 0.17177242040634155
2024-06-02 23:59:36,779 - Name: 33, Distance: 0.2088550329208374
2024-06-02 23:59:36,779 - Name: 21, Distance: 0.2360743135213852
2024-06-02 23:59:36,779 - Name: 21, Distance: 0.23787233233451843
2024-06-02 23:59:36,780 - Name: 7, Distance: 0.23886510729789734
2024-06-02 23:59:37,012 - 39 result:
2024-06-02 23:59:37,012 - Name: 1, Distance: 0.11940930038690567
2024-06-02 23:59:37,012 - Name: 45, Distance: 0.12618222832679749
2024-06-02 23:59:37,012 - Name: 58, Distance: 0.12735429406166077
2024-06-02 23:59:37,012 - Name: 53, Distance: 0.13963250815868378
2024-06-02 23:59:37,012 - Name: 17, Distance: 0.1438973993062973
2024-06-02 23:59:37,591 - 4 result:
2024-06-02 23:59:37,591 - Name: 48, Distance: 0.28384506702423096
2024-06-02 23:59:37,591 - Name: 12, Distance: 0.3240891396999359
2024-06-02 23:59:37,591 - Name: 7, Distance: 0.430772066116333
2024-06-02 23:59:37,591 - Name: 11, Distance: 0.44744428992271423
2024-06-02 23:59:37,591 - Name: 14, Distance: 0.5132673978805542
2024-06-02 23:59:37,670 - 40 result:
2024-06-02 23:59:37,670 - Name: 58, Distance: 0.2270522117614746
2024-06-02 23:59:37,670 - Name: 0, Distance: 0.26558437943458557
2024-06-02 23:59:37,670 - Name: 4, Distance: 0.31729885935783386
2024-06-02 23:59:37,670 - Name: 43, Distance: 0.3404770493507385
2024-06-02 23:59:37,671 - Name: 27, Distance: 0.3462040424346924
2024-06-02 23:59:37,721 - 41 result:
2024-06-02 23:59:37,721 - Name: 15, Distance: 0.3540012538433075
2024-06-02 23:59:37,721 - Name: 23, Distance: 0.36188241839408875
2024-06-02 23:59:37,721 - Name: 9, Distance: 0.4311763048171997
2024-06-02 23:59:37,721 - Name: 50, Distance: 0.4639815390110016
2024-06-02 23:59:37,722 - Name: 27, Distance: 0.474128782749176
2024-06-02 23:59:37,953 - 42 result:
2024-06-02 23:59:37,953 - Name: 5, Distance: 0.4508923590183258
2024-06-02 23:59:37,953 - Name: 31, Distance: 0.47515609860420227
2024-06-02 23:59:37,953 - Name: 6, Distance: 0.4774644374847412
2024-06-02 23:59:37,953 - Name: 38, Distance: 0.4928893744945526
2024-06-02 23:59:37,953 - Name: 3, Distance: 0.4928901493549347
2024-06-02 23:59:38,572 - 44 result:
2024-06-02 23:59:38,572 - Name: 9, Distance: 0.3884372115135193
2024-06-02 23:59:38,572 - Name: 29, Distance: 0.4079204201698303
2024-06-02 23:59:38,572 - Name: 15, Distance: 0.41797584295272827
2024-06-02 23:59:38,572 - Name: 15, Distance: 0.46397268772125244
2024-06-02 23:59:38,572 - Name: 23, Distance: 0.47886669635772705
2024-06-02 23:59:38,623 - 45 result:
2024-06-02 23:59:38,623 - Name: 34, Distance: 0.2099461555480957
2024-06-02 23:59:38,623 - Name: 0, Distance: 0.22768038511276245
2024-06-02 23:59:38,623 - Name: 39, Distance: 0.22798004746437073
2024-06-02 23:59:38,623 - Name: 36, Distance: 0.23348601162433624
2024-06-02 23:59:38,623 - Name: 3, Distance: 0.26157525181770325
2024-06-02 23:59:38,676 - 46 result:
2024-06-02 23:59:38,676 - Name: 42, Distance: 0.14255696535110474
2024-06-02 23:59:38,676 - Name: 45, Distance: 0.14571815729141235
2024-06-02 23:59:38,676 - Name: 41, Distance: 0.15567734837532043
2024-06-02 23:59:38,676 - Name: 17, Distance: 0.18594393134117126
2024-06-02 23:59:38,676 - Name: 39, Distance: 0.20313510298728943
2024-06-02 23:59:38,902 - 47 result:
2024-06-02 23:59:38,902 - Name: 59, Distance: 0.07683470100164413
2024-06-02 23:59:38,903 - Name: 8, Distance: 0.0819462388753891
2024-06-02 23:59:38,903 - Name: 53, Distance: 0.08679654449224472
2024-06-02 23:59:38,903 - Name: 4, Distance: 0.0891914814710617
2024-06-02 23:59:38,903 - Name: 45, Distance: 0.0945184975862503
2024-06-02 23:59:39,497 - 48 result:
2024-06-02 23:59:39,497 - Name: 47, Distance: 0.3641958236694336
2024-06-02 23:59:39,497 - Name: 39, Distance: 0.41250336170196533
2024-06-02 23:59:39,497 - Name: 31, Distance: 0.4314810633659363
2024-06-02 23:59:39,497 - Name: 23, Distance: 0.44474899768829346
2024-06-02 23:59:39,497 - Name: 27, Distance: 0.4451918601989746
2024-06-02 23:59:39,552 - 5 result:
2024-06-02 23:59:39,552 - Name: 14, Distance: 0.4336860477924347
2024-06-02 23:59:39,552 - Name: 48, Distance: 0.5268480181694031
2024-06-02 23:59:39,552 - Name: 5, Distance: 0.604679524898529
2024-06-02 23:59:39,552 - Name: 17, Distance: 0.6107728481292725
2024-06-02 23:59:39,552 - Name: 12, Distance: 0.6291744112968445
2024-06-02 23:59:39,785 - 50 result:
2024-06-02 23:59:39,785 - Name: 9, Distance: 0.39822500944137573
2024-06-02 23:59:39,785 - Name: 15, Distance: 0.4108283817768097
2024-06-02 23:59:39,785 - Name: 27, Distance: 0.4708084166049957
2024-06-02 23:59:39,785 - Name: 24, Distance: 0.48634156584739685
2024-06-02 23:59:39,785 - Name: 42, Distance: 0.48964375257492065
2024-06-02 23:59:40,375 - 51 result:
2024-06-02 23:59:40,376 - Name: 12, Distance: 0.36891278624534607
2024-06-02 23:59:40,376 - Name: 7, Distance: 0.40189528465270996
2024-06-02 23:59:40,376 - Name: 58, Distance: 0.42466291785240173
2024-06-02 23:59:40,376 - Name: 11, Distance: 0.4295797049999237
2024-06-02 23:59:40,376 - Name: 5, Distance: 0.436434268951416
2024-06-02 23:59:40,458 - 52 result:
2024-06-02 23:59:40,459 - Name: 25, Distance: 0.8051180243492126
2024-06-02 23:59:40,459 - Name: 13, Distance: 0.8362643122673035
2024-06-02 23:59:40,459 - Name: 26, Distance: 0.8598427176475525
2024-06-02 23:59:40,459 - Name: 24, Distance: 0.8952951431274414
2024-06-02 23:59:40,459 - Name: 6, Distance: 0.898461103439331
2024-06-02 23:59:40,512 - 53 result:
2024-06-02 23:59:40,512 - Name: 37, Distance: 0.10092191398143768
2024-06-02 23:59:40,512 - Name: 57, Distance: 0.10242490470409393
2024-06-02 23:59:40,512 - Name: 55, Distance: 0.1108551025390625
2024-06-02 23:59:40,512 - Name: 35, Distance: 0.11342000961303711
2024-06-02 23:59:40,512 - Name: 56, Distance: 0.11561506241559982
2024-06-02 23:59:40,756 - 54 result:
2024-06-02 23:59:40,757 - Name: 58, Distance: 0.341714471578598
2024-06-02 23:59:40,757 - Name: 59, Distance: 0.43198731541633606
2024-06-02 23:59:40,757 - Name: 11, Distance: 0.4370604157447815
2024-06-02 23:59:40,757 - Name: 44, Distance: 0.47941240668296814
2024-06-02 23:59:40,757 - Name: 36, Distance: 0.4810819625854492
2024-06-02 23:59:41,348 - 55 result:
2024-06-02 23:59:41,348 - Name: 50, Distance: 0.10426389425992966
2024-06-02 23:59:41,348 - Name: 21, Distance: 0.12758007645606995
2024-06-02 23:59:41,348 - Name: 33, Distance: 0.1610695719718933
2024-06-02 23:59:41,348 - Name: 21, Distance: 0.18013927340507507
2024-06-02 23:59:41,348 - Name: 33, Distance: 0.1828661859035492
2024-06-02 23:59:41,408 - 56 result:
2024-06-02 23:59:41,408 - Name: 41, Distance: 0.1494755744934082
2024-06-02 23:59:41,408 - Name: 46, Distance: 0.15135030448436737
2024-06-02 23:59:41,408 - Name: 43, Distance: 0.16949787735939026
2024-06-02 23:59:41,408 - Name: 41, Distance: 0.2224203497171402
2024-06-02 23:59:41,408 - Name: 42, Distance: 0.2719576954841614
2024-06-02 23:59:41,461 - 57 result:
2024-06-02 23:59:41,461 - Name: 3, Distance: 0.1857803910970688
2024-06-02 23:59:41,461 - Name: 32, Distance: 0.1886216402053833
2024-06-02 23:59:41,461 - Name: 56, Distance: 0.19333778321743011
2024-06-02 23:59:41,461 - Name: 37, Distance: 0.2125428467988968
2024-06-02 23:59:41,461 - Name: 3, Distance: 0.21349555253982544
2024-06-02 23:59:41,693 - 58 result:
2024-06-02 23:59:41,693 - Name: 56, Distance: 0.1322471648454666
2024-06-02 23:59:41,693 - Name: 37, Distance: 0.15237084031105042
2024-06-02 23:59:41,693 - Name: 3, Distance: 0.15349380671977997
2024-06-02 23:59:41,693 - Name: 1, Distance: 0.1644655168056488
2024-06-02 23:59:41,694 - Name: 8, Distance: 0.18087048828601837
2024-06-02 23:59:42,302 - 59 result:
2024-06-02 23:59:42,303 - Name: 41, Distance: 0.22414755821228027
2024-06-02 23:59:42,303 - Name: 42, Distance: 0.2314443439245224
2024-06-02 23:59:42,303 - Name: 46, Distance: 0.2547104060649872
2024-06-02 23:59:42,303 - Name: 40, Distance: 0.26200658082962036
2024-06-02 23:59:42,303 - Name: 43, Distance: 0.2751295864582062
2024-06-02 23:59:42,355 - 6 result:
2024-06-02 23:59:42,355 - Name: 24, Distance: 0.6074708700180054
2024-06-02 23:59:42,355 - Name: 25, Distance: 0.8349422216415405
2024-06-02 23:59:42,355 - Name: 28, Distance: 0.8779945969581604
2024-06-02 23:59:42,355 - Name: 6, Distance: 0.8954992890357971
2024-06-02 23:59:42,355 - Name: 38, Distance: 0.8992313742637634
2024-06-02 23:59:42,407 - 7 result:
2024-06-02 23:59:42,407 - Name: 2, Distance: 0.15373118221759796
2024-06-02 23:59:42,407 - Name: 33, Distance: 0.17504550516605377
2024-06-02 23:59:42,407 - Name: 9, Distance: 0.18559515476226807
2024-06-02 23:59:42,407 - Name: 7, Distance: 0.1891399770975113
2024-06-02 23:59:42,407 - Name: 13, Distance: 0.19267787039279938
2024-06-02 23:59:42,635 - 8 result:
2024-06-02 23:59:42,635 - Name: 12, Distance: 0.6289010047912598
2024-06-02 23:59:42,635 - Name: 20, Distance: 0.6566083431243896
2024-06-02 23:59:42,635 - Name: 15, Distance: 0.7023160457611084
2024-06-02 23:59:42,635 - Name: 8, Distance: 0.7097240686416626
2024-06-02 23:59:42,635 - Name: 11, Distance: 0.7284162044525146
2024-06-02 23:59:43,244 - 9 result:
2024-06-02 23:59:43,244 - Name: 27, Distance: 0.5579162836074829
2024-06-02 23:59:43,244 - Name: 19, Distance: 0.5586718320846558
2024-06-02 23:59:43,244 - Name: 18, Distance: 0.5768781304359436
2024-06-02 23:59:43,244 - Name: 17, Distance: 0.5822462439537048
2024-06-02 23:59:43,244 - Name: 12, Distance: 0.6272128224372864
2024-06-02 23:59:43,334 - Total samples: 58
2024-06-02 23:59:43,335 - Correct predictions: 9
2024-06-02 23:59:43,335 - Incorrect predictions: 49
2024-06-02 23:59:43,335 - Accuracy: 15.52%
2024-06-02 23:59:43,335 - Correctly predicted classes:
2024-06-02 23:59:43,335 - 34: 1
2024-06-02 23:59:43,335 - 13: 1
2024-06-02 23:59:43,335 - 7: 1
2024-06-02 23:59:43,336 - 25: 1
2024-06-02 23:59:43,336 - 6: 1
2024-06-02 23:59:43,336 - 28: 1
2024-06-02 23:59:43,336 - 27: 1
2024-06-02 23:59:43,336 - 8: 1
2024-06-02 23:59:43,336 - 5: 1
2024-06-02 23:59:43,336 - Incorrectly predicted classes:
2024-06-02 23:59:43,336 - 10: 1
2024-06-02 23:59:43,336 - 35: 1
2024-06-02 23:59:43,337 - 50: 1
2024-06-02 23:59:43,337 - 26: 1
2024-06-02 23:59:43,337 - 58: 1
2024-06-02 23:59:43,337 - 46: 1
2024-06-02 23:59:43,337 - 54: 1
2024-06-02 23:59:43,337 - 0: 1
2024-06-02 23:59:43,337 - 40: 1
2024-06-02 23:59:43,337 - 42: 1
2024-06-02 23:59:43,337 - 17: 1
2024-06-02 23:59:43,338 - 11: 1
2024-06-02 23:59:43,338 - 1: 1
2024-06-02 23:59:43,338 - 31: 1
2024-06-02 23:59:43,338 - 51: 1
2024-06-02 23:59:43,338 - 32: 1
2024-06-02 23:59:43,338 - 36: 1
2024-06-02 23:59:43,338 - 41: 1
2024-06-02 23:59:43,338 - 14: 1
2024-06-02 23:59:43,339 - 29: 1
2024-06-02 23:59:43,339 - 47: 1
2024-06-02 23:59:43,339 - 18: 1
2024-06-02 23:59:43,339 - 55: 1
2024-06-02 23:59:43,339 - 45: 1
2024-06-02 23:59:43,339 - 33: 1
2024-06-02 23:59:43,339 - 48: 1
2024-06-02 23:59:43,339 - 59: 1
2024-06-02 23:59:43,339 - 44: 1
2024-06-02 23:59:43,340 - 53: 1
2024-06-02 23:59:43,340 - 20: 1
2024-06-02 23:59:43,340 - 16: 1
2024-06-02 23:59:43,340 - 30: 1
2024-06-02 23:59:43,340 - 39: 1
2024-06-02 23:59:43,340 - 57: 1
2024-06-02 23:59:43,340 - 23: 1
2024-06-02 23:59:43,340 - 9: 1
2024-06-02 23:59:43,340 - 12: 1
2024-06-02 23:59:43,341 - 15: 1
2024-06-02 23:59:43,341 - 22: 1
2024-06-02 23:59:43,341 - 2: 1
2024-06-02 23:59:43,341 - 24: 1
2024-06-02 23:59:43,341 - 3: 1
2024-06-02 23:59:43,341 - 4: 1
2024-06-02 23:59:43,341 - 37: 1
2024-06-02 23:59:43,341 - 52: 1
2024-06-02 23:59:43,341 - 56: 1
2024-06-02 23:59:43,342 - 21: 1
2024-06-02 23:59:43,342 - 38: 1
2024-06-02 23:59:43,342 - 19: 1
